{
    "rows_returned": 4,
    "latency": 14.389316969,
    "result_set_size": 224,
    "cumulative_rows_scanned": 15796544050,
    "cumulative_cardinality": 580009618,
    "extra_info": {},
    "cpu_time": 448.9105742149999,
    "blocked_thread_time": 0.0,
    "query_name": "SELECT\n    supp_nation,\n    cust_nation,\n    l_year, sum(volume) AS revenue\nFROM (\n    SELECT\n        n1.n_name AS supp_nation,\n        n2.n_name AS cust_nation,\n        extract(year FROM l_shipdate) AS l_year,\n        l_extendedprice * (1 - l_discount) AS volume\n    FROM\n        'pool/supplier/*.parquet',\n        read_parquet([\"s3://tpch10289--apne1-az1--x-s3/-18.parquet\", \"s3://tpch10289--apne1-az1--x-s3/-17.parquet\", \"s3://tpch10289--apne1-az1--x-s3/-16.parquet\", \"s3://tpch10289--apne1-az1--x-s3/-15.parquet\", \"s3://tpch10289--apne1-az1--x-s3/-14.parquet\", \"s3://tpch10289--apne1-az1--x-s3/-13.parquet\", \"s3://tpch10289--apne1-az1--x-s3/-12.parquet\", \"s3://tpch10289--apne1-az1--x-s3/-11.parquet\", \"s3://tpch10289--apne1-az1--x-s3/-10.parquet\", \"s3://tpch10289--apne1-az1--x-s3/-9.parquet\", \"s3://tpch10289--apne1-az1--x-s3/-8.parquet\", \"s3://tpch10289--apne1-az1--x-s3/-7.parquet\", \"s3://tpch10289--apne1-az1--x-s3/-6.parquet\", \"s3://tpch10289--apne1-az1--x-s3/-5.parquet\", \"s3://tpch10289--apne1-az1--x-s3/-4.parquet\", \"s3://tpch10289--apne1-az1--x-s3/-3.parquet\", \"s3://tpch10289--apne1-az1--x-s3/-2.parquet\", \"s3://tpch10289--apne1-az1--x-s3/-1.parquet\", \"s3://tpch10289--apne1-az1--x-s3/213.parquet\", \"s3://tpch10289--apne1-az1--x-s3/214.parquet\", \"s3://tpch10289--apne1-az1--x-s3/215.parquet\", \"s3://tpch10289--apne1-az1--x-s3/216.parquet\", \"s3://tpch10289--apne1-az1--x-s3/217.parquet\", \"s3://tpch10289--apne1-az1--x-s3/218.parquet\", \"s3://tpch10289--apne1-az1--x-s3/219.parquet\", \"s3://tpch10289--apne1-az1--x-s3/220.parquet\", \"s3://tpch10289--apne1-az1--x-s3/221.parquet\", \"s3://tpch10289--apne1-az1--x-s3/222.parquet\", \"s3://tpch10289--apne1-az1--x-s3/223.parquet\", \"s3://tpch10289--apne1-az1--x-s3/224.parquet\", \"s3://tpch10289--apne1-az1--x-s3/225.parquet\", \"s3://tpch10289--apne1-az1--x-s3/226.parquet\", \"s3://tpch10289--apne1-az1--x-s3/227.parquet\", \"s3://tpch10289--apne1-az1--x-s3/228.parquet\", \"s3://tpch10289--apne1-az1--x-s3/229.parquet\", \"s3://tpch10289--apne1-az1--x-s3/230.parquet\", \"s3://tpch10289--apne1-az1--x-s3/231.parquet\", \"s3://tpch10289--apne1-az1--x-s3/232.parquet\", \"s3://tpch10289--apne1-az1--x-s3/233.parquet\", \"s3://tpch10289--apne1-az1--x-s3/234.parquet\", \"s3://tpch10289--apne1-az1--x-s3/235.parquet\", \"s3://tpch10289--apne1-az1--x-s3/236.parquet\", \"s3://tpch10289--apne1-az1--x-s3/237.parquet\", \"s3://tpch10289--apne1-az1--x-s3/238.parquet\", \"s3://tpch10289--apne1-az1--x-s3/239.parquet\", \"s3://tpch10289--apne1-az1--x-s3/240.parquet\", \"s3://tpch10289--apne1-az1--x-s3/241.parquet\", \"s3://tpch10289--apne1-az1--x-s3/242.parquet\", \"s3://tpch10289--apne1-az1--x-s3/243.parquet\", \"s3://tpch10289--apne1-az1--x-s3/244.parquet\", \"s3://tpch10289--apne1-az1--x-s3/245.parquet\", \"s3://tpch10289--apne1-az1--x-s3/246.parquet\", \"s3://tpch10289--apne1-az1--x-s3/247.parquet\", \"s3://tpch10289--apne1-az1--x-s3/248.parquet\", \"s3://tpch10289--apne1-az1--x-s3/249.parquet\", \"s3://tpch10289--apne1-az1--x-s3/250.parquet\", \"s3://tpch10289--apne1-az1--x-s3/251.parquet\", \"s3://tpch10289--apne1-az1--x-s3/252.parquet\", \"s3://tpch10289--apne1-az1--x-s3/253.parquet\", \"s3://tpch10289--apne1-az1--x-s3/254.parquet\", \"s3://tpch10289--apne1-az1--x-s3/255.parquet\", \"s3://tpch10289--apne1-az1--x-s3/256.parquet\", \"s3://tpch10289--apne1-az1--x-s3/257.parquet\", \"s3://tpch10289--apne1-az1--x-s3/258.parquet\", \"s3://tpch10289--apne1-az1--x-s3/259.parquet\", \"s3://tpch10289--apne1-az1--x-s3/260.parquet\", \"s3://tpch10289--apne1-az1--x-s3/261.parquet\", \"s3://tpch10289--apne1-az1--x-s3/262.parquet\", \"s3://tpch10289--apne1-az1--x-s3/263.parquet\", \"s3://tpch10289--apne1-az1--x-s3/264.parquet\", \"s3://tpch10289--apne1-az1--x-s3/265.parquet\", \"s3://tpch10289--apne1-az1--x-s3/266.parquet\", \"s3://tpch10289--apne1-az1--x-s3/267.parquet\", \"s3://tpch10289--apne1-az1--x-s3/268.parquet\", \"s3://tpch10289--apne1-az1--x-s3/269.parquet\", \"s3://tpch10289--apne1-az1--x-s3/270.parquet\", \"s3://tpch10289--apne1-az1--x-s3/271.parquet\", \"s3://tpch10289--apne1-az1--x-s3/272.parquet\", \"s3://tpch10289--apne1-az1--x-s3/273.parquet\", \"s3://tpch10289--apne1-az1--x-s3/274.parquet\", \"s3://tpch10289--apne1-az1--x-s3/275.parquet\", \"s3://tpch10289--apne1-az1--x-s3/276.parquet\", \"s3://tpch10289--apne1-az1--x-s3/277.parquet\", \"s3://tpch10289--apne1-az1--x-s3/278.parquet\", \"s3://tpch10289--apne1-az1--x-s3/279.parquet\", \"s3://tpch10289--apne1-az1--x-s3/280.parquet\", \"s3://tpch10289--apne1-az1--x-s3/281.parquet\", \"s3://tpch10289--apne1-az1--x-s3/282.parquet\", \"s3://tpch10289--apne1-az1--x-s3/283.parquet\", \"s3://tpch10289--apne1-az1--x-s3/284.parquet\", \"s3://tpch10289--apne1-az1--x-s3/285.parquet\", \"s3://tpch10289--apne1-az1--x-s3/286.parquet\", \"s3://tpch10289--apne1-az1--x-s3/287.parquet\", \"s3://tpch10289--apne1-az1--x-s3/288.parquet\", \"s3://tpch10289--apne1-az1--x-s3/289.parquet\", \"s3://tpch10289--apne1-az1--x-s3/290.parquet\", \"s3://tpch10289--apne1-az1--x-s3/291.parquet\", \"s3://tpch10289--apne1-az1--x-s3/292.parquet\", \"s3://tpch10289--apne1-az1--x-s3/293.parquet\", \"s3://tpch10289--apne1-az1--x-s3/294.parquet\", \"s3://tpch10289--apne1-az1--x-s3/295.parquet\", \"s3://tpch10289--apne1-az1--x-s3/296.parquet\", \"s3://tpch10289--apne1-az1--x-s3/297.parquet\", \"s3://tpch10289--apne1-az1--x-s3/298.parquet\", \"s3://tpch10289--apne1-az1--x-s3/299.parquet\", \"s3://tpch10289--apne1-az1--x-s3/300.parquet\", \"s3://tpch10289--apne1-az1--x-s3/301.parquet\", \"s3://tpch10289--apne1-az1--x-s3/302.parquet\", \"s3://tpch10289--apne1-az1--x-s3/303.parquet\", \"s3://tpch10289--apne1-az1--x-s3/304.parquet\", \"s3://tpch10289--apne1-az1--x-s3/305.parquet\", \"s3://tpch10289--apne1-az1--x-s3/306.parquet\", \"s3://tpch10289--apne1-az1--x-s3/307.parquet\", \"s3://tpch10289--apne1-az1--x-s3/308.parquet\", \"s3://tpch10289--apne1-az1--x-s3/309.parquet\", \"s3://tpch10289--apne1-az1--x-s3/310.parquet\", \"s3://tpch10289--apne1-az1--x-s3/311.parquet\", \"s3://tpch10289--apne1-az1--x-s3/312.parquet\", \"s3://tpch10289--apne1-az1--x-s3/313.parquet\", \"s3://tpch10289--apne1-az1--x-s3/314.parquet\", \"s3://tpch10289--apne1-az1--x-s3/315.parquet\", \"s3://tpch10289--apne1-az1--x-s3/316.parquet\", \"s3://tpch10289--apne1-az1--x-s3/317.parquet\", \"s3://tpch10289--apne1-az1--x-s3/318.parquet\", \"s3://tpch10289--apne1-az1--x-s3/319.parquet\", \"s3://tpch10289--apne1-az1--x-s3/320.parquet\", \"s3://tpch10289--apne1-az1--x-s3/321.parquet\", \"s3://tpch10289--apne1-az1--x-s3/322.parquet\", \"s3://tpch10289--apne1-az1--x-s3/323.parquet\", \"s3://tpch10289--apne1-az1--x-s3/324.parquet\", \"s3://tpch10289--apne1-az1--x-s3/325.parquet\", \"s3://tpch10289--apne1-az1--x-s3/326.parquet\", \"s3://tpch10289--apne1-az1--x-s3/327.parquet\", \"s3://tpch10289--apne1-az1--x-s3/328.parquet\", \"s3://tpch10289--apne1-az1--x-s3/329.parquet\", \"s3://tpch10289--apne1-az1--x-s3/330.parquet\", \"s3://tpch10289--apne1-az1--x-s3/331.parquet\", \"s3://tpch10289--apne1-az1--x-s3/332.parquet\", \"s3://tpch10289--apne1-az1--x-s3/333.parquet\", \"s3://tpch10289--apne1-az1--x-s3/334.parquet\", \"s3://tpch10289--apne1-az1--x-s3/335.parquet\", \"s3://tpch10289--apne1-az1--x-s3/336.parquet\", \"s3://tpch10289--apne1-az1--x-s3/337.parquet\", \"s3://tpch10289--apne1-az1--x-s3/338.parquet\", \"s3://tpch10289--apne1-az1--x-s3/339.parquet\", \"s3://tpch10289--apne1-az1--x-s3/340.parquet\", \"s3://tpch10289--apne1-az1--x-s3/341.parquet\", \"s3://tpch10289--apne1-az1--x-s3/342.parquet\", \"s3://tpch10289--apne1-az1--x-s3/343.parquet\", \"s3://tpch10289--apne1-az1--x-s3/344.parquet\", \"s3://tpch10289--apne1-az1--x-s3/345.parquet\", \"s3://tpch10289--apne1-az1--x-s3/346.parquet\", \"s3://tpch10289--apne1-az1--x-s3/347.parquet\", \"s3://tpch10289--apne1-az1--x-s3/348.parquet\", \"s3://tpch10289--apne1-az1--x-s3/349.parquet\", \"s3://tpch10289--apne1-az1--x-s3/350.parquet\", \"s3://tpch10289--apne1-az1--x-s3/351.parquet\", \"s3://tpch10289--apne1-az1--x-s3/352.parquet\", \"s3://tpch10289--apne1-az1--x-s3/353.parquet\", \"s3://tpch10289--apne1-az1--x-s3/354.parquet\", \"s3://tpch10289--apne1-az1--x-s3/425.parquet\", \"s3://tpch10289--apne1-az1--x-s3/496.parquet\", \"s3://tpch10289--apne1-az1--x-s3/567.parquet\", \"s3://tpch10289--apne1-az1--x-s3/611.parquet\", \"s3://tpch10289--apne1-az1--x-s3/612.parquet\", \"s3://tpch10289--apne1-az1--x-s3/614.parquet\", \"s3://tpch10289--apne1-az1--x-s3/615.parquet\", \"s3://tpch10289--apne1-az1--x-s3/617.parquet\", \"s3://tpch10289--apne1-az1--x-s3/618.parquet\", \"s3://tpch10289--apne1-az1--x-s3/619.parquet\", \"s3://tpch10289--apne1-az1--x-s3/620.parquet\", \"s3://tpch10289--apne1-az1--x-s3/621.parquet\", \"s3://tpch10289--apne1-az1--x-s3/622.parquet\", \"s3://tpch10289--apne1-az1--x-s3/623.parquet\", \"s3://tpch10289--apne1-az1--x-s3/624.parquet\", \"s3://tpch10289--apne1-az1--x-s3/625.parquet\", \"s3://tpch10289--apne1-az1--x-s3/626.parquet\", \"s3://tpch10289--apne1-az1--x-s3/628.parquet\", \"s3://tpch10289--apne1-az1--x-s3/629.parquet\", \"s3://tpch10289--apne1-az1--x-s3/630.parquet\", \"s3://tpch10289--apne1-az1--x-s3/631.parquet\", \"s3://tpch10289--apne1-az1--x-s3/632.parquet\", \"s3://tpch10289--apne1-az1--x-s3/634.parquet\", \"s3://tpch10289--apne1-az1--x-s3/635.parquet\", \"s3://tpch10289--apne1-az1--x-s3/636.parquet\", \"s3://tpch10289--apne1-az1--x-s3/637.parquet\", \"s3://tpch10289--apne1-az1--x-s3/638.parquet\", \"s3://tpch10289--apne1-az1--x-s3/709.parquet\", \"s3://tpch10289--apne1-az1--x-s3/711.parquet\", \"s3://tpch10289--apne1-az1--x-s3/716.parquet\", \"s3://tpch10289--apne1-az1--x-s3/719.parquet\", \"s3://tpch10289--apne1-az1--x-s3/720.parquet\", \"s3://tpch10289--apne1-az1--x-s3/727.parquet\", \"s3://tpch10289--apne1-az1--x-s3/730.parquet\", \"s3://tpch10289--apne1-az1--x-s3/732.parquet\", \"s3://tpch10289--apne1-az1--x-s3/735.parquet\", \"s3://tpch10289--apne1-az1--x-s3/738.parquet\", \"s3://tpch10289--apne1-az1--x-s3/741.parquet\", \"s3://tpch10289--apne1-az1--x-s3/742.parquet\", \"s3://tpch10289--apne1-az1--x-s3/743.parquet\", \"s3://tpch10289--apne1-az1--x-s3/744.parquet\", \"s3://tpch10289--apne1-az1--x-s3/745.parquet\", \"s3://tpch10289--apne1-az1--x-s3/746.parquet\", \"s3://tpch10289--apne1-az1--x-s3/747.parquet\", \"s3://tpch10289--apne1-az1--x-s3/748.parquet\", \"s3://tpch10289--apne1-az1--x-s3/749.parquet\", \"s3://tpch10289--apne1-az1--x-s3/750.parquet\", \"s3://tpch10289--apne1-az1--x-s3/751.parquet\", \"s3://tpch10289--apne1-az1--x-s3/752.parquet\", \"s3://tpch10289--apne1-az1--x-s3/753.parquet\", \"s3://tpch10289--apne1-az1--x-s3/754.parquet\", \"s3://tpch10289--apne1-az1--x-s3/755.parquet\", \"s3://tpch10289--apne1-az1--x-s3/756.parquet\", \"s3://tpch10289--apne1-az1--x-s3/757.parquet\", \"s3://tpch10289--apne1-az1--x-s3/758.parquet\", \"s3://tpch10289--apne1-az1--x-s3/759.parquet\", \"s3://tpch10289--apne1-az1--x-s3/760.parquet\", \"s3://tpch10289--apne1-az1--x-s3/761.parquet\", \"s3://tpch10289--apne1-az1--x-s3/762.parquet\", \"s3://tpch10289--apne1-az1--x-s3/763.parquet\", \"s3://tpch10289--apne1-az1--x-s3/764.parquet\", \"s3://tpch10289--apne1-az1--x-s3/765.parquet\", \"s3://tpch10289--apne1-az1--x-s3/766.parquet\", \"s3://tpch10289--apne1-az1--x-s3/767.parquet\", \"s3://tpch10289--apne1-az1--x-s3/768.parquet\", \"s3://tpch10289--apne1-az1--x-s3/769.parquet\", \"s3://tpch10289--apne1-az1--x-s3/770.parquet\", \"s3://tpch10289--apne1-az1--x-s3/771.parquet\", \"s3://tpch10289--apne1-az1--x-s3/772.parquet\", \"s3://tpch10289--apne1-az1--x-s3/773.parquet\", \"s3://tpch10289--apne1-az1--x-s3/774.parquet\", \"s3://tpch10289--apne1-az1--x-s3/775.parquet\", \"s3://tpch10289--apne1-az1--x-s3/776.parquet\", \"s3://tpch10289--apne1-az1--x-s3/777.parquet\", \"s3://tpch10289--apne1-az1--x-s3/778.parquet\", \"s3://tpch10289--apne1-az1--x-s3/779.parquet\", \"s3://tpch10289--apne1-az1--x-s3/780.parquet\", \"s3://tpch10289--apne1-az1--x-s3/781.parquet\", \"s3://tpch10289--apne1-az1--x-s3/782.parquet\", \"s3://tpch10289--apne1-az1--x-s3/783.parquet\", \"s3://tpch10289--apne1-az1--x-s3/784.parquet\", \"s3://tpch10289--apne1-az1--x-s3/785.parquet\", \"s3://tpch10289--apne1-az1--x-s3/786.parquet\", \"s3://tpch10289--apne1-az1--x-s3/787.parquet\", \"s3://tpch10289--apne1-az1--x-s3/788.parquet\", \"s3://tpch10289--apne1-az1--x-s3/789.parquet\", \"s3://tpch10289--apne1-az1--x-s3/790.parquet\", \"s3://tpch10289--apne1-az1--x-s3/791.parquet\", \"s3://tpch10289--apne1-az1--x-s3/792.parquet\", \"s3://tpch10289--apne1-az1--x-s3/793.parquet\", \"s3://tpch10289--apne1-az1--x-s3/794.parquet\", \"s3://tpch10289--apne1-az1--x-s3/795.parquet\", \"s3://tpch10289--apne1-az1--x-s3/796.parquet\", \"s3://tpch10289--apne1-az1--x-s3/797.parquet\", \"s3://tpch10289--apne1-az1--x-s3/798.parquet\", \"s3://tpch10289--apne1-az1--x-s3/799.parquet\", \"s3://tpch10289--apne1-az1--x-s3/800.parquet\", \"s3://tpch10289--apne1-az1--x-s3/801.parquet\", \"s3://tpch10289--apne1-az1--x-s3/802.parquet\", \"s3://tpch10289--apne1-az1--x-s3/803.parquet\", \"s3://tpch10289--apne1-az1--x-s3/804.parquet\", \"s3://tpch10289--apne1-az1--x-s3/805.parquet\", \"s3://tpch10289--apne1-az1--x-s3/806.parquet\", \"s3://tpch10289--apne1-az1--x-s3/807.parquet\", \"s3://tpch10289--apne1-az1--x-s3/808.parquet\", \"s3://tpch10289--apne1-az1--x-s3/809.parquet\", \"s3://tpch10289--apne1-az1--x-s3/810.parquet\", \"s3://tpch10289--apne1-az1--x-s3/811.parquet\", \"s3://tpch10289--apne1-az1--x-s3/812.parquet\", \"s3://tpch10289--apne1-az1--x-s3/813.parquet\", \"s3://tpch10289--apne1-az1--x-s3/814.parquet\", \"s3://tpch10289--apne1-az1--x-s3/815.parquet\", \"s3://tpch10289--apne1-az1--x-s3/816.parquet\", \"s3://tpch10289--apne1-az1--x-s3/817.parquet\", \"s3://tpch10289--apne1-az1--x-s3/818.parquet\", \"s3://tpch10289--apne1-az1--x-s3/819.parquet\", \"s3://tpch10289--apne1-az1--x-s3/820.parquet\", \"s3://tpch10289--apne1-az1--x-s3/821.parquet\", \"s3://tpch10289--apne1-az1--x-s3/822.parquet\", \"s3://tpch10289--apne1-az1--x-s3/823.parquet\", \"s3://tpch10289--apne1-az1--x-s3/824.parquet\", \"s3://tpch10289--apne1-az1--x-s3/825.parquet\", \"s3://tpch10289--apne1-az1--x-s3/826.parquet\", \"s3://tpch10289--apne1-az1--x-s3/827.parquet\", \"s3://tpch10289--apne1-az1--x-s3/828.parquet\", \"s3://tpch10289--apne1-az1--x-s3/829.parquet\", \"s3://tpch10289--apne1-az1--x-s3/830.parquet\", \"s3://tpch10289--apne1-az1--x-s3/831.parquet\", \"s3://tpch10289--apne1-az1--x-s3/832.parquet\", \"s3://tpch10289--apne1-az1--x-s3/833.parquet\", \"s3://tpch10289--apne1-az1--x-s3/834.parquet\", \"s3://tpch10289--apne1-az1--x-s3/835.parquet\", \"s3://tpch10289--apne1-az1--x-s3/836.parquet\", \"s3://tpch10289--apne1-az1--x-s3/837.parquet\", \"s3://tpch10289--apne1-az1--x-s3/838.parquet\", \"s3://tpch10289--apne1-az1--x-s3/839.parquet\", \"s3://tpch10289--apne1-az1--x-s3/840.parquet\", \"s3://tpch10289--apne1-az1--x-s3/841.parquet\", \"s3://tpch10289--apne1-az1--x-s3/842.parquet\", \"s3://tpch10289--apne1-az1--x-s3/843.parquet\", \"s3://tpch10289--apne1-az1--x-s3/844.parquet\", \"s3://tpch10289--apne1-az1--x-s3/845.parquet\", \"s3://tpch10289--apne1-az1--x-s3/846.parquet\", \"s3://tpch10289--apne1-az1--x-s3/847.parquet\", \"s3://tpch10289--apne1-az1--x-s3/848.parquet\", \"s3://tpch10289--apne1-az1--x-s3/849.parquet\", \"s3://tpch10289--apne1-az1--x-s3/850.parquet\", \"s3://tpch10289--apne1-az1--x-s3/851.parquet\", \"s3://tpch10289--apne1-az1--x-s3/852.parquet\", \"s3://tpch10289--apne1-az1--x-s3/853.parquet\", \"s3://tpch10289--apne1-az1--x-s3/854.parquet\", \"s3://tpch10289--apne1-az1--x-s3/855.parquet\", \"s3://tpch10289--apne1-az1--x-s3/856.parquet\", \"s3://tpch10289--apne1-az1--x-s3/857.parquet\", \"s3://tpch10289--apne1-az1--x-s3/858.parquet\", \"s3://tpch10289--apne1-az1--x-s3/859.parquet\", \"s3://tpch10289--apne1-az1--x-s3/860.parquet\", \"s3://tpch10289--apne1-az1--x-s3/861.parquet\", \"s3://tpch10289--apne1-az1--x-s3/862.parquet\", \"s3://tpch10289--apne1-az1--x-s3/863.parquet\", \"s3://tpch10289--apne1-az1--x-s3/864.parquet\", \"s3://tpch10289--apne1-az1--x-s3/865.parquet\", \"s3://tpch10289--apne1-az1--x-s3/866.parquet\", \"s3://tpch10289--apne1-az1--x-s3/867.parquet\", \"s3://tpch10289--apne1-az1--x-s3/868.parquet\", \"s3://tpch10289--apne1-az1--x-s3/869.parquet\", \"s3://tpch10289--apne1-az1--x-s3/870.parquet\", \"s3://tpch10289--apne1-az1--x-s3/871.parquet\", \"s3://tpch10289--apne1-az1--x-s3/872.parquet\", \"s3://tpch10289--apne1-az1--x-s3/873.parquet\", \"s3://tpch10289--apne1-az1--x-s3/874.parquet\", \"s3://tpch10289--apne1-az1--x-s3/875.parquet\", \"s3://tpch10289--apne1-az1--x-s3/876.parquet\", \"s3://tpch10289--apne1-az1--x-s3/877.parquet\", \"s3://tpch10289--apne1-az1--x-s3/878.parquet\", \"s3://tpch10289--apne1-az1--x-s3/879.parquet\", \"s3://tpch10289--apne1-az1--x-s3/880.parquet\", \"s3://tpch10289--apne1-az1--x-s3/881.parquet\", \"s3://tpch10289--apne1-az1--x-s3/882.parquet\", \"s3://tpch10289--apne1-az1--x-s3/883.parquet\", \"s3://tpch10289--apne1-az1--x-s3/884.parquet\", \"s3://tpch10289--apne1-az1--x-s3/885.parquet\", \"s3://tpch10289--apne1-az1--x-s3/886.parquet\", \"s3://tpch10289--apne1-az1--x-s3/887.parquet\", \"s3://tpch10289--apne1-az1--x-s3/888.parquet\", \"s3://tpch10289--apne1-az1--x-s3/889.parquet\", \"s3://tpch10289--apne1-az1--x-s3/890.parquet\", \"s3://tpch10289--apne1-az1--x-s3/891.parquet\", \"s3://tpch10289--apne1-az1--x-s3/892.parquet\", \"s3://tpch10289--apne1-az1--x-s3/893.parquet\", \"s3://tpch10289--apne1-az1--x-s3/894.parquet\", \"s3://tpch10289--apne1-az1--x-s3/895.parquet\", \"s3://tpch10289--apne1-az1--x-s3/896.parquet\", \"s3://tpch10289--apne1-az1--x-s3/897.parquet\", \"s3://tpch10289--apne1-az1--x-s3/898.parquet\", \"s3://tpch10289--apne1-az1--x-s3/899.parquet\", \"s3://tpch10289--apne1-az1--x-s3/900.parquet\", \"s3://tpch10289--apne1-az1--x-s3/901.parquet\", \"s3://tpch10289--apne1-az1--x-s3/902.parquet\", \"s3://tpch10289--apne1-az1--x-s3/903.parquet\", \"s3://tpch10289--apne1-az1--x-s3/904.parquet\", \"s3://tpch10289--apne1-az1--x-s3/905.parquet\", \"s3://tpch10289--apne1-az1--x-s3/906.parquet\", \"s3://tpch10289--apne1-az1--x-s3/907.parquet\", \"s3://tpch10289--apne1-az1--x-s3/908.parquet\", \"s3://tpch10289--apne1-az1--x-s3/909.parquet\", \"s3://tpch10289--apne1-az1--x-s3/910.parquet\", \"s3://tpch10289--apne1-az1--x-s3/911.parquet\", \"s3://tpch10289--apne1-az1--x-s3/912.parquet\", \"s3://tpch10289--apne1-az1--x-s3/913.parquet\", \"s3://tpch10289--apne1-az1--x-s3/914.parquet\", \"s3://tpch10289--apne1-az1--x-s3/915.parquet\", \"s3://tpch10289--apne1-az1--x-s3/916.parquet\", \"s3://tpch10289--apne1-az1--x-s3/917.parquet\", \"s3://tpch10289--apne1-az1--x-s3/918.parquet\", \"s3://tpch10289--apne1-az1--x-s3/919.parquet\", \"s3://tpch10289--apne1-az1--x-s3/920.parquet\", \"s3://tpch10289--apne1-az1--x-s3/921.parquet\", \"s3://tpch10289--apne1-az1--x-s3/922.parquet\", \"s3://tpch10289--apne1-az1--x-s3/923.parquet\", \"s3://tpch10289--apne1-az1--x-s3/924.parquet\", \"s3://tpch10289--apne1-az1--x-s3/925.parquet\", \"s3://tpch10289--apne1-az1--x-s3/926.parquet\", \"s3://tpch10289--apne1-az1--x-s3/927.parquet\", \"s3://tpch10289--apne1-az1--x-s3/928.parquet\", \"s3://tpch10289--apne1-az1--x-s3/929.parquet\", \"s3://tpch10289--apne1-az1--x-s3/930.parquet\", \"s3://tpch10289--apne1-az1--x-s3/931.parquet\", \"s3://tpch10289--apne1-az1--x-s3/932.parquet\", \"s3://tpch10289--apne1-az1--x-s3/933.parquet\", \"s3://tpch10289--apne1-az1--x-s3/934.parquet\", \"s3://tpch10289--apne1-az1--x-s3/935.parquet\", \"s3://tpch10289--apne1-az1--x-s3/936.parquet\", \"s3://tpch10289--apne1-az1--x-s3/937.parquet\", \"s3://tpch10289--apne1-az1--x-s3/938.parquet\", \"s3://tpch10289--apne1-az1--x-s3/939.parquet\", \"s3://tpch10289--apne1-az1--x-s3/940.parquet\", \"s3://tpch10289--apne1-az1--x-s3/941.parquet\", \"s3://tpch10289--apne1-az1--x-s3/942.parquet\", \"s3://tpch10289--apne1-az1--x-s3/943.parquet\", \"s3://tpch10289--apne1-az1--x-s3/944.parquet\", \"s3://tpch10289--apne1-az1--x-s3/945.parquet\", \"s3://tpch10289--apne1-az1--x-s3/946.parquet\", \"s3://tpch10289--apne1-az1--x-s3/947.parquet\", \"s3://tpch10289--apne1-az1--x-s3/948.parquet\", \"s3://tpch10289--apne1-az1--x-s3/949.parquet\", \"s3://tpch10289--apne1-az1--x-s3/950.parquet\", \"s3://tpch10289--apne1-az1--x-s3/951.parquet\", \"s3://tpch10289--apne1-az1--x-s3/952.parquet\", \"s3://tpch10289--apne1-az1--x-s3/953.parquet\", \"s3://tpch10289--apne1-az1--x-s3/954.parquet\", \"s3://tpch10289--apne1-az1--x-s3/955.parquet\", \"s3://tpch10289--apne1-az1--x-s3/956.parquet\", \"s3://tpch10289--apne1-az1--x-s3/957.parquet\", \"s3://tpch10289--apne1-az1--x-s3/958.parquet\", \"s3://tpch10289--apne1-az1--x-s3/959.parquet\", \"s3://tpch10289--apne1-az1--x-s3/960.parquet\", \"s3://tpch10289--apne1-az1--x-s3/961.parquet\", \"s3://tpch10289--apne1-az1--x-s3/962.parquet\", \"s3://tpch10289--apne1-az1--x-s3/963.parquet\", \"s3://tpch10289--apne1-az1--x-s3/964.parquet\", \"s3://tpch10289--apne1-az1--x-s3/965.parquet\", \"s3://tpch10289--apne1-az1--x-s3/966.parquet\", \"s3://tpch10289--apne1-az1--x-s3/967.parquet\", \"s3://tpch10289--apne1-az1--x-s3/968.parquet\", \"s3://tpch10289--apne1-az1--x-s3/969.parquet\", \"s3://tpch10289--apne1-az1--x-s3/970.parquet\", \"s3://tpch10289--apne1-az1--x-s3/971.parquet\", \"s3://tpch10289--apne1-az1--x-s3/972.parquet\", \"s3://tpch10289--apne1-az1--x-s3/973.parquet\", \"s3://tpch10289--apne1-az1--x-s3/974.parquet\", \"s3://tpch10289--apne1-az1--x-s3/975.parquet\", \"s3://tpch10289--apne1-az1--x-s3/976.parquet\", \"s3://tpch10289--apne1-az1--x-s3/977.parquet\", \"s3://tpch10289--apne1-az1--x-s3/978.parquet\", \"s3://tpch10289--apne1-az1--x-s3/979.parquet\", \"s3://tpch10289--apne1-az1--x-s3/980.parquet\", \"s3://tpch10289--apne1-az1--x-s3/981.parquet\", \"s3://tpch10289--apne1-az1--x-s3/982.parquet\", \"s3://tpch10289--apne1-az1--x-s3/983.parquet\", \"s3://tpch10289--apne1-az1--x-s3/984.parquet\", \"s3://tpch10289--apne1-az1--x-s3/985.parquet\", \"s3://tpch10289--apne1-az1--x-s3/986.parquet\", \"s3://tpch10289--apne1-az1--x-s3/987.parquet\", \"s3://tpch10289--apne1-az1--x-s3/988.parquet\", \"s3://tpch10289--apne1-az1--x-s3/989.parquet\", \"s3://tpch10289--apne1-az1--x-s3/990.parquet\", \"s3://tpch10289--apne1-az1--x-s3/991.parquet\", \"s3://tpch10289--apne1-az1--x-s3/992.parquet\", \"s3://tpch10289--apne1-az1--x-s3/993.parquet\", \"s3://tpch10289--apne1-az1--x-s3/994.parquet\", \"s3://tpch10289--apne1-az1--x-s3/995.parquet\", \"s3://tpch10289--apne1-az1--x-s3/996.parquet\", \"s3://tpch10289--apne1-az1--x-s3/997.parquet\", \"s3://tpch10289--apne1-az1--x-s3/998.parquet\", \"s3://tpch10289--apne1-az1--x-s3/999.parquet\", \"s3://tpch10289--apne1-az1--x-s3/1000.parquet\", \"s3://tpch10289--apne1-az1--x-s3/1001.parquet\", \"s3://tpch10289--apne1-az1--x-s3/1002.parquet\", \"s3://tpch10289--apne1-az1--x-s3/1003.parquet\", \"s3://tpch10289--apne1-az1--x-s3/1004.parquet\", \"s3://tpch10289--apne1-az1--x-s3/1005.parquet\", \"s3://tpch10289--apne1-az1--x-s3/1006.parquet\", \"s3://tpch10289--apne1-az1--x-s3/1007.parquet\", \"s3://tpch10289--apne1-az1--x-s3/1008.parquet\", \"s3://tpch10289--apne1-az1--x-s3/1009.parquet\", \"s3://tpch10289--apne1-az1--x-s3/1010.parquet\", \"s3://tpch10289--apne1-az1--x-s3/1011.parquet\", \"s3://tpch10289--apne1-az1--x-s3/1012.parquet\", \"s3://tpch10289--apne1-az1--x-s3/1013.parquet\", \"s3://tpch10289--apne1-az1--x-s3/1014.parquet\", \"s3://tpch10289--apne1-az1--x-s3/1015.parquet\", \"s3://tpch10289--apne1-az1--x-s3/1016.parquet\", \"s3://tpch10289--apne1-az1--x-s3/1017.parquet\", \"s3://tpch10289--apne1-az1--x-s3/1018.parquet\", \"s3://tpch10289--apne1-az1--x-s3/1019.parquet\", \"s3://tpch10289--apne1-az1--x-s3/1020.parquet\", \"s3://tpch10289--apne1-az1--x-s3/1021.parquet\", \"s3://tpch10289--apne1-az1--x-s3/1022.parquet\", \"s3://tpch10289--apne1-az1--x-s3/1023.parquet\", \"s3://tpch10289--apne1-az1--x-s3/1024.parquet\", \"s3://tpch10289--apne1-az1--x-s3/1025.parquet\", \"s3://tpch10289--apne1-az1--x-s3/1026.parquet\", \"s3://tpch10289--apne1-az1--x-s3/1027.parquet\", \"s3://tpch10289--apne1-az1--x-s3/1028.parquet\", \"s3://tpch10289--apne1-az1--x-s3/1029.parquet\", \"s3://tpch10289--apne1-az1--x-s3/1030.parquet\", \"s3://tpch10289--apne1-az1--x-s3/1031.parquet\", \"s3://tpch10289--apne1-az1--x-s3/1032.parquet\", \"s3://tpch10289--apne1-az1--x-s3/1033.parquet\", \"s3://tpch10289--apne1-az1--x-s3/1034.parquet\", \"s3://tpch10289--apne1-az1--x-s3/1035.parquet\", \"s3://tpch10289--apne1-az1--x-s3/1036.parquet\", \"s3://tpch10289--apne1-az1--x-s3/1037.parquet\", \"s3://tpch10289--apne1-az1--x-s3/1038.parquet\", \"s3://tpch10289--apne1-az1--x-s3/1039.parquet\", \"s3://tpch10289--apne1-az1--x-s3/1040.parquet\", \"s3://tpch10289--apne1-az1--x-s3/1041.parquet\", \"s3://tpch10289--apne1-az1--x-s3/1042.parquet\", \"s3://tpch10289--apne1-az1--x-s3/1043.parquet\", \"s3://tpch10289--apne1-az1--x-s3/1044.parquet\", \"s3://tpch10289--apne1-az1--x-s3/1045.parquet\", \"s3://tpch10289--apne1-az1--x-s3/1046.parquet\", \"s3://tpch10289--apne1-az1--x-s3/1047.parquet\", \"s3://tpch10289--apne1-az1--x-s3/1048.parquet\", \"s3://tpch10289--apne1-az1--x-s3/1049.parquet\", \"s3://tpch10289--apne1-az1--x-s3/1050.parquet\", \"s3://tpch10289--apne1-az1--x-s3/1051.parquet\", \"s3://tpch10289--apne1-az1--x-s3/1052.parquet\", \"s3://tpch10289--apne1-az1--x-s3/1053.parquet\", \"s3://tpch10289--apne1-az1--x-s3/1054.parquet\", \"s3://tpch10289--apne1-az1--x-s3/1055.parquet\", \"s3://tpch10289--apne1-az1--x-s3/1056.parquet\", \"s3://tpch10289--apne1-az1--x-s3/1057.parquet\", \"s3://tpch10289--apne1-az1--x-s3/1058.parquet\", \"s3://tpch10289--apne1-az1--x-s3/1059.parquet\", \"s3://tpch10289--apne1-az1--x-s3/1060.parquet\", \"s3://tpch10289--apne1-az1--x-s3/1061.parquet\", \"s3://tpch10289--apne1-az1--x-s3/1062.parquet\", \"s3://tpch10289--apne1-az1--x-s3/1063.parquet\", \"s3://tpch10289--apne1-az1--x-s3/1064.parquet\", \"s3://tpch10289--apne1-az1--x-s3/1135.parquet\", \"s3://tpch10289--apne1-az1--x-s3/1199.parquet\", \"s3://tpch10289--apne1-az1--x-s3/1200.parquet\", \"s3://tpch10289--apne1-az1--x-s3/1201.parquet\", \"s3://tpch10289--apne1-az1--x-s3/1202.parquet\", \"s3://tpch10289--apne1-az1--x-s3/1203.parquet\", \"s3://tpch10289--apne1-az1--x-s3/1204.parquet\", \"s3://tpch10289--apne1-az1--x-s3/1205.parquet\", \"s3://tpch10289--apne1-az1--x-s3/1206.parquet\", \"s3://tpch10289--apne1-az1--x-s3/1207.parquet\", \"s3://tpch10289--apne1-az1--x-s3/1208.parquet\", \"s3://tpch10289--apne1-az1--x-s3/1209.parquet\", \"s3://tpch10289--apne1-az1--x-s3/1210.parquet\", \"s3://tpch10289--apne1-az1--x-s3/1211.parquet\", \"s3://tpch10289--apne1-az1--x-s3/1212.parquet\", \"s3://tpch10289--apne1-az1--x-s3/1213.parquet\", \"s3://tpch10289--apne1-az1--x-s3/1214.parquet\", \"s3://tpch10289--apne1-az1--x-s3/1215.parquet\", \"s3://tpch10289--apne1-az1--x-s3/1216.parquet\", \"s3://tpch10289--apne1-az1--x-s3/1217.parquet\", \"s3://tpch10289--apne1-az1--x-s3/1218.parquet\", \"s3://tpch10289--apne1-az1--x-s3/1219.parquet\", \"s3://tpch10289--apne1-az1--x-s3/1220.parquet\", \"s3://tpch10289--apne1-az1--x-s3/1221.parquet\", \"s3://tpch10289--apne1-az1--x-s3/1222.parquet\", \"s3://tpch10289--apne1-az1--x-s3/1223.parquet\", \"s3://tpch10289--apne1-az1--x-s3/1224.parquet\", \"s3://tpch10289--apne1-az1--x-s3/1225.parquet\", \"s3://tpch10289--apne1-az1--x-s3/1226.parquet\", \"s3://tpch10289--apne1-az1--x-s3/1227.parquet\", \"s3://tpch10289--apne1-az1--x-s3/1228.parquet\", \"s3://tpch10289--apne1-az1--x-s3/1229.parquet\", \"s3://tpch10289--apne1-az1--x-s3/1230.parquet\", \"s3://tpch10289--apne1-az1--x-s3/1231.parquet\", \"s3://tpch10289--apne1-az1--x-s3/1232.parquet\", \"s3://tpch10289--apne1-az1--x-s3/1233.parquet\", \"s3://tpch10289--apne1-az1--x-s3/1234.parquet\", \"s3://tpch10289--apne1-az1--x-s3/1235.parquet\", \"s3://tpch10289--apne1-az1--x-s3/1236.parquet\", \"s3://tpch10289--apne1-az1--x-s3/1237.parquet\", \"s3://tpch10289--apne1-az1--x-s3/1238.parquet\", \"s3://tpch10289--apne1-az1--x-s3/1239.parquet\", \"s3://tpch10289--apne1-az1--x-s3/1240.parquet\", \"s3://tpch10289--apne1-az1--x-s3/1241.parquet\", \"s3://tpch10289--apne1-az1--x-s3/1242.parquet\", \"s3://tpch10289--apne1-az1--x-s3/1243.parquet\", \"s3://tpch10289--apne1-az1--x-s3/1244.parquet\", \"s3://tpch10289--apne1-az1--x-s3/1245.parquet\", \"s3://tpch10289--apne1-az1--x-s3/1246.parquet\", \"s3://tpch10289--apne1-az1--x-s3/1247.parquet\", \"s3://tpch10289--apne1-az1--x-s3/1248.parquet\", \"s3://tpch10289--apne1-az1--x-s3/1249.parquet\", \"s3://tpch10289--apne1-az1--x-s3/1250.parquet\", \"s3://tpch10289--apne1-az1--x-s3/1251.parquet\", \"s3://tpch10289--apne1-az1--x-s3/1252.parquet\", \"s3://tpch10289--apne1-az1--x-s3/1253.parquet\", \"s3://tpch10289--apne1-az1--x-s3/1254.parquet\", \"s3://tpch10289--apne1-az1--x-s3/1255.parquet\", \"s3://tpch10289--apne1-az1--x-s3/1256.parquet\", \"s3://tpch10289--apne1-az1--x-s3/1257.parquet\", \"s3://tpch10289--apne1-az1--x-s3/1258.parquet\", \"s3://tpch10289--apne1-az1--x-s3/1259.parquet\", \"s3://tpch10289--apne1-az1--x-s3/1260.parquet\", \"s3://tpch10289--apne1-az1--x-s3/1261.parquet\", \"s3://tpch10289--apne1-az1--x-s3/1262.parquet\", \"s3://tpch10289--apne1-az1--x-s3/1263.parquet\", \"s3://tpch10289--apne1-az1--x-s3/1264.parquet\", \"s3://tpch10289--apne1-az1--x-s3/1265.parquet\", \"s3://tpch10289--apne1-az1--x-s3/1266.parquet\", \"s3://tpch10289--apne1-az1--x-s3/1267.parquet\", \"s3://tpch10289--apne1-az1--x-s3/1268.parquet\", \"s3://tpch10289--apne1-az1--x-s3/1269.parquet\", \"s3://tpch10289--apne1-az1--x-s3/1270.parquet\", \"s3://tpch10289--apne1-az1--x-s3/1271.parquet\", \"s3://tpch10289--apne1-az1--x-s3/1272.parquet\", \"s3://tpch10289--apne1-az1--x-s3/1273.parquet\", \"s3://tpch10289--apne1-az1--x-s3/1274.parquet\", \"s3://tpch10289--apne1-az1--x-s3/1275.parquet\", \"s3://tpch10289--apne1-az1--x-s3/1276.parquet\", \"s3://tpch10289--apne1-az1--x-s3/1277.parquet\", \"s3://tpch10289--apne1-az1--x-s3/1278.parquet\", \"s3://tpch10289--apne1-az1--x-s3/1279.parquet\", \"s3://tpch10289--apne1-az1--x-s3/1280.parquet\", \"s3://tpch10289--apne1-az1--x-s3/1281.parquet\", \"s3://tpch10289--apne1-az1--x-s3/1282.parquet\", \"s3://tpch10289--apne1-az1--x-s3/1283.parquet\", \"s3://tpch10289--apne1-az1--x-s3/1284.parquet\", \"s3://tpch10289--apne1-az1--x-s3/1285.parquet\", \"s3://tpch10289--apne1-az1--x-s3/1286.parquet\", \"s3://tpch10289--apne1-az1--x-s3/1287.parquet\", \"s3://tpch10289--apne1-az1--x-s3/1288.parquet\", \"s3://tpch10289--apne1-az1--x-s3/1289.parquet\", \"s3://tpch10289--apne1-az1--x-s3/1290.parquet\", \"s3://tpch10289--apne1-az1--x-s3/1291.parquet\", \"s3://tpch10289--apne1-az1--x-s3/1292.parquet\", \"s3://tpch10289--apne1-az1--x-s3/1293.parquet\", \"s3://tpch10289--apne1-az1--x-s3/1294.parquet\", \"s3://tpch10289--apne1-az1--x-s3/1295.parquet\", \"s3://tpch10289--apne1-az1--x-s3/1296.parquet\", \"s3://tpch10289--apne1-az1--x-s3/1297.parquet\", \"s3://tpch10289--apne1-az1--x-s3/1298.parquet\", \"s3://tpch10289--apne1-az1--x-s3/1299.parquet\", \"s3://tpch10289--apne1-az1--x-s3/1300.parquet\", \"s3://tpch10289--apne1-az1--x-s3/1301.parquet\", \"s3://tpch10289--apne1-az1--x-s3/1302.parquet\", \"s3://tpch10289--apne1-az1--x-s3/1303.parquet\", \"s3://tpch10289--apne1-az1--x-s3/1304.parquet\", \"s3://tpch10289--apne1-az1--x-s3/1305.parquet\", \"s3://tpch10289--apne1-az1--x-s3/1306.parquet\", \"s3://tpch10289--apne1-az1--x-s3/1307.parquet\", \"s3://tpch10289--apne1-az1--x-s3/1308.parquet\", \"s3://tpch10289--apne1-az1--x-s3/1309.parquet\", \"s3://tpch10289--apne1-az1--x-s3/1310.parquet\", \"s3://tpch10289--apne1-az1--x-s3/1311.parquet\", \"s3://tpch10289--apne1-az1--x-s3/1312.parquet\", \"s3://tpch10289--apne1-az1--x-s3/1313.parquet\", \"s3://tpch10289--apne1-az1--x-s3/1314.parquet\", \"s3://tpch10289--apne1-az1--x-s3/1315.parquet\", \"s3://tpch10289--apne1-az1--x-s3/1316.parquet\", \"s3://tpch10289--apne1-az1--x-s3/1317.parquet\", \"s3://tpch10289--apne1-az1--x-s3/1318.parquet\", \"s3://tpch10289--apne1-az1--x-s3/1319.parquet\", \"s3://tpch10289--apne1-az1--x-s3/1320.parquet\", \"s3://tpch10289--apne1-az1--x-s3/1321.parquet\", \"s3://tpch10289--apne1-az1--x-s3/1322.parquet\", \"s3://tpch10289--apne1-az1--x-s3/1323.parquet\", \"s3://tpch10289--apne1-az1--x-s3/1324.parquet\", \"s3://tpch10289--apne1-az1--x-s3/1325.parquet\", \"s3://tpch10289--apne1-az1--x-s3/1326.parquet\", \"s3://tpch10289--apne1-az1--x-s3/1327.parquet\", \"s3://tpch10289--apne1-az1--x-s3/1328.parquet\", \"s3://tpch10289--apne1-az1--x-s3/1329.parquet\", \"s3://tpch10289--apne1-az1--x-s3/1330.parquet\", \"s3://tpch10289--apne1-az1--x-s3/1331.parquet\", \"s3://tpch10289--apne1-az1--x-s3/1332.parquet\", \"s3://tpch10289--apne1-az1--x-s3/1333.parquet\", \"s3://tpch10289--apne1-az1--x-s3/1334.parquet\", \"s3://tpch10289--apne1-az1--x-s3/1335.parquet\", \"s3://tpch10289--apne1-az1--x-s3/1336.parquet\", \"s3://tpch10289--apne1-az1--x-s3/1337.parquet\", \"s3://tpch10289--apne1-az1--x-s3/1338.parquet\", \"s3://tpch10289--apne1-az1--x-s3/1339.parquet\", \"s3://tpch10289--apne1-az1--x-s3/1340.parquet\", \"s3://tpch10289--apne1-az1--x-s3/1341.parquet\", \"s3://tpch10289--apne1-az1--x-s3/1342.parquet\", \"s3://tpch10289--apne1-az1--x-s3/1343.parquet\", \"s3://tpch10289--apne1-az1--x-s3/1344.parquet\", \"s3://tpch10289--apne1-az1--x-s3/1345.parquet\", \"s3://tpch10289--apne1-az1--x-s3/1346.parquet\", \"s3://tpch10289--apne1-az1--x-s3/1347.parquet\", \"s3://tpch10289--apne1-az1--x-s3/1348.parquet\", \"s3://tpch10289--apne1-az1--x-s3/1349.parquet\", \"s3://tpch10289--apne1-az1--x-s3/1350.parquet\", \"s3://tpch10289--apne1-az1--x-s3/1351.parquet\", \"s3://tpch10289--apne1-az1--x-s3/1352.parquet\", \"s3://tpch10289--apne1-az1--x-s3/1353.parquet\", \"s3://tpch10289--apne1-az1--x-s3/1354.parquet\", \"s3://tpch10289--apne1-az1--x-s3/1355.parquet\", \"s3://tpch10289--apne1-az1--x-s3/1356.parquet\", \"s3://tpch10289--apne1-az1--x-s3/1357.parquet\", \"s3://tpch10289--apne1-az1--x-s3/1358.parquet\", \"s3://tpch10289--apne1-az1--x-s3/1359.parquet\", \"s3://tpch10289--apne1-az1--x-s3/1360.parquet\", \"s3://tpch10289--apne1-az1--x-s3/1361.parquet\", \"s3://tpch10289--apne1-az1--x-s3/1362.parquet\", \"s3://tpch10289--apne1-az1--x-s3/1363.parquet\", \"s3://tpch10289--apne1-az1--x-s3/1364.parquet\", \"s3://tpch10289--apne1-az1--x-s3/1365.parquet\", \"s3://tpch10289--apne1-az1--x-s3/1366.parquet\", \"s3://tpch10289--apne1-az1--x-s3/1367.parquet\", \"s3://tpch10289--apne1-az1--x-s3/1368.parquet\", \"s3://tpch10289--apne1-az1--x-s3/1369.parquet\", \"s3://tpch10289--apne1-az1--x-s3/1370.parquet\", \"s3://tpch10289--apne1-az1--x-s3/1371.parquet\", \"s3://tpch10289--apne1-az1--x-s3/1372.parquet\", \"s3://tpch10289--apne1-az1--x-s3/1373.parquet\", \"s3://tpch10289--apne1-az1--x-s3/1374.parquet\", \"s3://tpch10289--apne1-az1--x-s3/1375.parquet\", \"s3://tpch10289--apne1-az1--x-s3/1376.parquet\", \"s3://tpch10289--apne1-az1--x-s3/1377.parquet\", \"s3://tpch10289--apne1-az1--x-s3/1378.parquet\", \"s3://tpch10289--apne1-az1--x-s3/1379.parquet\", \"s3://tpch10289--apne1-az1--x-s3/1380.parquet\", \"s3://tpch10289--apne1-az1--x-s3/1381.parquet\", \"s3://tpch10289--apne1-az1--x-s3/1382.parquet\", \"s3://tpch10289--apne1-az1--x-s3/1383.parquet\", \"s3://tpch10289--apne1-az1--x-s3/1384.parquet\", \"s3://tpch10289--apne1-az1--x-s3/1385.parquet\", \"s3://tpch10289--apne1-az1--x-s3/1386.parquet\", \"s3://tpch10289--apne1-az1--x-s3/1387.parquet\", \"s3://tpch10289--apne1-az1--x-s3/1388.parquet\", \"s3://tpch10289--apne1-az1--x-s3/1389.parquet\", \"s3://tpch10289--apne1-az1--x-s3/1390.parquet\", \"s3://tpch10289--apne1-az1--x-s3/1391.parquet\", \"s3://tpch10289--apne1-az1--x-s3/1392.parquet\", \"s3://tpch10289--apne1-az1--x-s3/1393.parquet\", \"s3://tpch10289--apne1-az1--x-s3/1394.parquet\", \"s3://tpch10289--apne1-az1--x-s3/1395.parquet\", \"s3://tpch10289--apne1-az1--x-s3/1396.parquet\", \"s3://tpch10289--apne1-az1--x-s3/1397.parquet\", \"s3://tpch10289--apne1-az1--x-s3/1398.parquet\", \"s3://tpch10289--apne1-az1--x-s3/1399.parquet\", \"s3://tpch10289--apne1-az1--x-s3/1400.parquet\", \"s3://tpch10289--apne1-az1--x-s3/1401.parquet\", \"s3://tpch10289--apne1-az1--x-s3/1402.parquet\", \"s3://tpch10289--apne1-az1--x-s3/1403.parquet\", \"s3://tpch10289--apne1-az1--x-s3/1404.parquet\", \"s3://tpch10289--apne1-az1--x-s3/1405.parquet\", \"s3://tpch10289--apne1-az1--x-s3/1406.parquet\", \"s3://tpch10289--apne1-az1--x-s3/1407.parquet\", \"s3://tpch10289--apne1-az1--x-s3/1408.parquet\", \"s3://tpch10289--apne1-az1--x-s3/1409.parquet\", \"s3://tpch10289--apne1-az1--x-s3/1410.parquet\", \"s3://tpch10289--apne1-az1--x-s3/1411.parquet\", \"s3://tpch10289--apne1-az1--x-s3/1412.parquet\", \"s3://tpch10289--apne1-az1--x-s3/1413.parquet\", \"s3://tpch10289--apne1-az1--x-s3/1414.parquet\", \"s3://tpch10289--apne1-az1--x-s3/1415.parquet\", \"s3://tpch10289--apne1-az1--x-s3/1416.parquet\", \"s3://tpch10289--apne1-az1--x-s3/1417.parquet\", \"s3://tpch10289--apne1-az1--x-s3/1418.parquet\", \"s3://tpch10289--apne1-az1--x-s3/1419.parquet\", \"s3://tpch10289--apne1-az1--x-s3/1420.parquet\", \"s3://tpch10289--apne1-az1--x-s3/1421.parquet\", \"s3://tpch10289--apne1-az1--x-s3/1422.parquet\", \"s3://tpch10289--apne1-az1--x-s3/1423.parquet\", \"s3://tpch10289--apne1-az1--x-s3/1424.parquet\", \"s3://tpch10289--apne1-az1--x-s3/1425.parquet\", \"s3://tpch10289--apne1-az1--x-s3/1426.parquet\", \"s3://tpch10289--apne1-az1--x-s3/1427.parquet\", \"s3://tpch10289--apne1-az1--x-s3/1428.parquet\", \"s3://tpch10289--apne1-az1--x-s3/1429.parquet\", \"s3://tpch10289--apne1-az1--x-s3/1430.parquet\", \"s3://tpch10289--apne1-az1--x-s3/1431.parquet\", \"s3://tpch10289--apne1-az1--x-s3/1432.parquet\", \"s3://tpch10289--apne1-az1--x-s3/1433.parquet\", \"s3://tpch10289--apne1-az1--x-s3/1434.parquet\", \"s3://tpch10289--apne1-az1--x-s3/1435.parquet\", \"s3://tpch10289--apne1-az1--x-s3/1436.parquet\", \"s3://tpch10289--apne1-az1--x-s3/1437.parquet\", \"s3://tpch10289--apne1-az1--x-s3/1438.parquet\", \"s3://tpch10289--apne1-az1--x-s3/1439.parquet\", \"s3://tpch10289--apne1-az1--x-s3/1440.parquet\", \"s3://tpch10289--apne1-az1--x-s3/1441.parquet\", \"s3://tpch10289--apne1-az1--x-s3/1442.parquet\", \"s3://tpch10289--apne1-az1--x-s3/1443.parquet\", \"s3://tpch10289--apne1-az1--x-s3/1444.parquet\", \"s3://tpch10289--apne1-az1--x-s3/1445.parquet\", \"s3://tpch10289--apne1-az1--x-s3/1446.parquet\", \"s3://tpch10289--apne1-az1--x-s3/1447.parquet\", \"s3://tpch10289--apne1-az1--x-s3/1448.parquet\", \"s3://tpch10289--apne1-az1--x-s3/1449.parquet\", \"s3://tpch10289--apne1-az1--x-s3/1450.parquet\", \"s3://tpch10289--apne1-az1--x-s3/1451.parquet\", \"s3://tpch10289--apne1-az1--x-s3/1452.parquet\", \"s3://tpch10289--apne1-az1--x-s3/1453.parquet\", \"s3://tpch10289--apne1-az1--x-s3/1454.parquet\", \"s3://tpch10289--apne1-az1--x-s3/1455.parquet\", \"s3://tpch10289--apne1-az1--x-s3/1456.parquet\", \"s3://tpch10289--apne1-az1--x-s3/1457.parquet\", \"s3://tpch10289--apne1-az1--x-s3/1458.parquet\", \"s3://tpch10289--apne1-az1--x-s3/1459.parquet\", \"s3://tpch10289--apne1-az1--x-s3/1460.parquet\", \"s3://tpch10289--apne1-az1--x-s3/1461.parquet\", \"s3://tpch10289--apne1-az1--x-s3/1462.parquet\", \"s3://tpch10289--apne1-az1--x-s3/1463.parquet\", \"s3://tpch10289--apne1-az1--x-s3/1464.parquet\", \"s3://tpch10289--apne1-az1--x-s3/1465.parquet\", \"s3://tpch10289--apne1-az1--x-s3/1466.parquet\", \"s3://tpch10289--apne1-az1--x-s3/1467.parquet\", \"s3://tpch10289--apne1-az1--x-s3/1468.parquet\", \"s3://tpch10289--apne1-az1--x-s3/1469.parquet\", \"s3://tpch10289--apne1-az1--x-s3/1470.parquet\", \"s3://tpch10289--apne1-az1--x-s3/1471.parquet\", \"s3://tpch10289--apne1-az1--x-s3/1472.parquet\", \"s3://tpch10289--apne1-az1--x-s3/1473.parquet\", \"s3://tpch10289--apne1-az1--x-s3/1474.parquet\", \"s3://tpch10289--apne1-az1--x-s3/1475.parquet\", \"s3://tpch10289--apne1-az1--x-s3/1476.parquet\", \"s3://tpch10289--apne1-az1--x-s3/1477.parquet\", \"s3://tpch10289--apne1-az1--x-s3/1478.parquet\", \"s3://tpch10289--apne1-az1--x-s3/1479.parquet\", \"s3://tpch10289--apne1-az1--x-s3/1480.parquet\", \"s3://tpch10289--apne1-az1--x-s3/1481.parquet\", \"s3://tpch10289--apne1-az1--x-s3/1482.parquet\", \"s3://tpch10289--apne1-az1--x-s3/1483.parquet\", \"s3://tpch10289--apne1-az1--x-s3/1484.parquet\", \"s3://tpch10289--apne1-az1--x-s3/1485.parquet\", \"s3://tpch10289--apne1-az1--x-s3/1486.parquet\", \"s3://tpch10289--apne1-az1--x-s3/1487.parquet\", \"s3://tpch10289--apne1-az1--x-s3/1488.parquet\", \"s3://tpch10289--apne1-az1--x-s3/1489.parquet\", \"s3://tpch10289--apne1-az1--x-s3/1490.parquet\", \"s3://tpch10289--apne1-az1--x-s3/1491.parquet\", \"s3://tpch10289--apne1-az1--x-s3/1492.parquet\", \"s3://tpch10289--apne1-az1--x-s3/1493.parquet\", \"s3://tpch10289--apne1-az1--x-s3/1494.parquet\", \"s3://tpch10289--apne1-az1--x-s3/1495.parquet\", \"s3://tpch10289--apne1-az1--x-s3/1496.parquet\", \"s3://tpch10289--apne1-az1--x-s3/1497.parquet\", \"s3://tpch10289--apne1-az1--x-s3/1498.parquet\", \"s3://tpch10289--apne1-az1--x-s3/1499.parquet\", \"s3://tpch10289--apne1-az1--x-s3/1500.parquet\", \"s3://tpch10289--apne1-az1--x-s3/1501.parquet\", \"s3://tpch10289--apne1-az1--x-s3/1502.parquet\", \"s3://tpch10289--apne1-az1--x-s3/1503.parquet\", \"s3://tpch10289--apne1-az1--x-s3/1504.parquet\", \"s3://tpch10289--apne1-az1--x-s3/1505.parquet\", \"s3://tpch10289--apne1-az1--x-s3/1506.parquet\", \"s3://tpch10289--apne1-az1--x-s3/1507.parquet\", \"s3://tpch10289--apne1-az1--x-s3/1508.parquet\", \"s3://tpch10289--apne1-az1--x-s3/1509.parquet\", \"s3://tpch10289--apne1-az1--x-s3/1510.parquet\", \"s3://tpch10289--apne1-az1--x-s3/1511.parquet\", \"s3://tpch10289--apne1-az1--x-s3/1512.parquet\", \"s3://tpch10289--apne1-az1--x-s3/1513.parquet\", \"s3://tpch10289--apne1-az1--x-s3/1514.parquet\", \"s3://tpch10289--apne1-az1--x-s3/1515.parquet\", \"s3://tpch10289--apne1-az1--x-s3/1516.parquet\", \"s3://tpch10289--apne1-az1--x-s3/1517.parquet\", \"s3://tpch10289--apne1-az1--x-s3/1518.parquet\", \"s3://tpch10289--apne1-az1--x-s3/1519.parquet\", \"s3://tpch10289--apne1-az1--x-s3/1520.parquet\", \"s3://tpch10289--apne1-az1--x-s3/1521.parquet\", \"s3://tpch10289--apne1-az1--x-s3/1522.parquet\", \"s3://tpch10289--apne1-az1--x-s3/1523.parquet\", \"s3://tpch10289--apne1-az1--x-s3/1524.parquet\", \"s3://tpch10289--apne1-az1--x-s3/1525.parquet\", \"s3://tpch10289--apne1-az1--x-s3/1526.parquet\", \"s3://tpch10289--apne1-az1--x-s3/1527.parquet\", \"s3://tpch10289--apne1-az1--x-s3/1528.parquet\", \"s3://tpch10289--apne1-az1--x-s3/1529.parquet\", \"s3://tpch10289--apne1-az1--x-s3/1530.parquet\", \"s3://tpch10289--apne1-az1--x-s3/1531.parquet\", \"s3://tpch10289--apne1-az1--x-s3/1532.parquet\", \"s3://tpch10289--apne1-az1--x-s3/1533.parquet\", \"s3://tpch10289--apne1-az1--x-s3/1534.parquet\", \"s3://tpch10289--apne1-az1--x-s3/1535.parquet\", \"s3://tpch10289--apne1-az1--x-s3/1536.parquet\", \"s3://tpch10289--apne1-az1--x-s3/1537.parquet\", \"s3://tpch10289--apne1-az1--x-s3/1538.parquet\", \"s3://tpch10289--apne1-az1--x-s3/1539.parquet\", \"s3://tpch10289--apne1-az1--x-s3/1540.parquet\", \"s3://tpch10289--apne1-az1--x-s3/1541.parquet\", \"s3://tpch10289--apne1-az1--x-s3/1542.parquet\", \"s3://tpch10289--apne1-az1--x-s3/1543.parquet\", \"s3://tpch10289--apne1-az1--x-s3/1544.parquet\", \"s3://tpch10289--apne1-az1--x-s3/1545.parquet\", \"s3://tpch10289--apne1-az1--x-s3/1546.parquet\", \"s3://tpch10289--apne1-az1--x-s3/1547.parquet\", \"s3://tpch10289--apne1-az1--x-s3/1548.parquet\", \"s3://tpch10289--apne1-az1--x-s3/1549.parquet\", \"s3://tpch10289--apne1-az1--x-s3/1550.parquet\", \"s3://tpch10289--apne1-az1--x-s3/1551.parquet\", \"s3://tpch10289--apne1-az1--x-s3/1552.parquet\", \"s3://tpch10289--apne1-az1--x-s3/1553.parquet\", \"s3://tpch10289--apne1-az1--x-s3/1554.parquet\", \"s3://tpch10289--apne1-az1--x-s3/1555.parquet\", \"s3://tpch10289--apne1-az1--x-s3/1556.parquet\", \"s3://tpch10289--apne1-az1--x-s3/1557.parquet\", \"s3://tpch10289--apne1-az1--x-s3/1558.parquet\", \"s3://tpch10289--apne1-az1--x-s3/1559.parquet\", \"s3://tpch10289--apne1-az1--x-s3/1560.parquet\", \"s3://tpch10289--apne1-az1--x-s3/1561.parquet\", \"s3://tpch10289--apne1-az1--x-s3/1562.parquet\", \"s3://tpch10289--apne1-az1--x-s3/1563.parquet\", \"s3://tpch10289--apne1-az1--x-s3/1564.parquet\", \"s3://tpch10289--apne1-az1--x-s3/1565.parquet\", \"s3://tpch10289--apne1-az1--x-s3/1566.parquet\", \"s3://tpch10289--apne1-az1--x-s3/1567.parquet\", \"s3://tpch10289--apne1-az1--x-s3/1568.parquet\", \"s3://tpch10289--apne1-az1--x-s3/1569.parquet\", \"s3://tpch10289--apne1-az1--x-s3/1570.parquet\", \"s3://tpch10289--apne1-az1--x-s3/1571.parquet\", \"s3://tpch10289--apne1-az1--x-s3/1572.parquet\", \"s3://tpch10289--apne1-az1--x-s3/1573.parquet\", \"s3://tpch10289--apne1-az1--x-s3/1574.parquet\", \"s3://tpch10289--apne1-az1--x-s3/1575.parquet\", \"s3://tpch10289--apne1-az1--x-s3/1576.parquet\", \"s3://tpch10289--apne1-az1--x-s3/1577.parquet\", \"s3://tpch10289--apne1-az1--x-s3/1578.parquet\", \"s3://tpch10289--apne1-az1--x-s3/1579.parquet\", \"s3://tpch10289--apne1-az1--x-s3/1580.parquet\", \"s3://tpch10289--apne1-az1--x-s3/1581.parquet\", \"s3://tpch10289--apne1-az1--x-s3/1582.parquet\", \"s3://tpch10289--apne1-az1--x-s3/1583.parquet\", \"s3://tpch10289--apne1-az1--x-s3/1584.parquet\", \"s3://tpch10289--apne1-az1--x-s3/1585.parquet\", \"s3://tpch10289--apne1-az1--x-s3/1586.parquet\", \"s3://tpch10289--apne1-az1--x-s3/1587.parquet\", \"s3://tpch10289--apne1-az1--x-s3/1588.parquet\", \"s3://tpch10289--apne1-az1--x-s3/1589.parquet\", \"s3://tpch10289--apne1-az1--x-s3/1590.parquet\", \"s3://tpch10289--apne1-az1--x-s3/1591.parquet\", \"s3://tpch10289--apne1-az1--x-s3/1592.parquet\", \"s3://tpch10289--apne1-az1--x-s3/1593.parquet\", \"s3://tpch10289--apne1-az1--x-s3/1594.parquet\", \"s3://tpch10289--apne1-az1--x-s3/1595.parquet\", \"s3://tpch10289--apne1-az1--x-s3/1596.parquet\", \"s3://tpch10289--apne1-az1--x-s3/1597.parquet\", \"s3://tpch10289--apne1-az1--x-s3/1598.parquet\", \"s3://tpch10289--apne1-az1--x-s3/1599.parquet\", \"s3://tpch10289--apne1-az1--x-s3/1600.parquet\", \"s3://tpch10289--apne1-az1--x-s3/1601.parquet\", \"s3://tpch10289--apne1-az1--x-s3/1602.parquet\", \"s3://tpch10289--apne1-az1--x-s3/1603.parquet\", \"s3://tpch10289--apne1-az1--x-s3/1604.parquet\", \"s3://tpch10289--apne1-az1--x-s3/1605.parquet\", \"s3://tpch10289--apne1-az1--x-s3/1606.parquet\", \"s3://tpch10289--apne1-az1--x-s3/1607.parquet\", \"s3://tpch10289--apne1-az1--x-s3/1608.parquet\", \"s3://tpch10289--apne1-az1--x-s3/1609.parquet\", \"s3://tpch10289--apne1-az1--x-s3/1610.parquet\", \"s3://tpch10289--apne1-az1--x-s3/1611.parquet\", \"s3://tpch10289--apne1-az1--x-s3/1612.parquet\", \"s3://tpch10289--apne1-az1--x-s3/1613.parquet\", \"s3://tpch10289--apne1-az1--x-s3/1614.parquet\", \"s3://tpch10289--apne1-az1--x-s3/1615.parquet\", \"s3://tpch10289--apne1-az1--x-s3/1616.parquet\", \"s3://tpch10289--apne1-az1--x-s3/1617.parquet\", \"s3://tpch10289--apne1-az1--x-s3/1618.parquet\", \"s3://tpch10289--apne1-az1--x-s3/1619.parquet\", \"s3://tpch10289--apne1-az1--x-s3/1620.parquet\", \"s3://tpch10289--apne1-az1--x-s3/1621.parquet\", \"s3://tpch10289--apne1-az1--x-s3/1622.parquet\", \"s3://tpch10289--apne1-az1--x-s3/1623.parquet\", \"s3://tpch10289--apne1-az1--x-s3/1624.parquet\", \"s3://tpch10289--apne1-az1--x-s3/1625.parquet\", \"s3://tpch10289--apne1-az1--x-s3/1626.parquet\", \"s3://tpch10289--apne1-az1--x-s3/1627.parquet\", \"s3://tpch10289--apne1-az1--x-s3/1628.parquet\", \"s3://tpch10289--apne1-az1--x-s3/1629.parquet\", \"s3://tpch10289--apne1-az1--x-s3/1630.parquet\", \"s3://tpch10289--apne1-az1--x-s3/1631.parquet\", \"s3://tpch10289--apne1-az1--x-s3/1632.parquet\", \"s3://tpch10289--apne1-az1--x-s3/1633.parquet\", \"s3://tpch10289--apne1-az1--x-s3/1634.parquet\", \"s3://tpch10289--apne1-az1--x-s3/1635.parquet\", \"s3://tpch10289--apne1-az1--x-s3/1636.parquet\", \"s3://tpch10289--apne1-az1--x-s3/1637.parquet\", \"s3://tpch10289--apne1-az1--x-s3/1638.parquet\", \"s3://tpch10289--apne1-az1--x-s3/1639.parquet\", \"s3://tpch10289--apne1-az1--x-s3/1640.parquet\", \"s3://tpch10289--apne1-az1--x-s3/1641.parquet\", \"s3://tpch10289--apne1-az1--x-s3/1642.parquet\", \"s3://tpch10289--apne1-az1--x-s3/1643.parquet\", \"s3://tpch10289--apne1-az1--x-s3/1644.parquet\", \"s3://tpch10289--apne1-az1--x-s3/1645.parquet\", \"s3://tpch10289--apne1-az1--x-s3/1646.parquet\", \"s3://tpch10289--apne1-az1--x-s3/1647.parquet\", \"s3://tpch10289--apne1-az1--x-s3/1648.parquet\", \"s3://tpch10289--apne1-az1--x-s3/1649.parquet\", \"s3://tpch10289--apne1-az1--x-s3/1650.parquet\", \"s3://tpch10289--apne1-az1--x-s3/1651.parquet\", \"s3://tpch10289--apne1-az1--x-s3/1652.parquet\", \"s3://tpch10289--apne1-az1--x-s3/1653.parquet\", \"s3://tpch10289--apne1-az1--x-s3/1654.parquet\", \"s3://tpch10289--apne1-az1--x-s3/1655.parquet\", \"s3://tpch10289--apne1-az1--x-s3/1656.parquet\", \"s3://tpch10289--apne1-az1--x-s3/1657.parquet\", \"s3://tpch10289--apne1-az1--x-s3/1658.parquet\", \"s3://tpch10289--apne1-az1--x-s3/1659.parquet\", \"s3://tpch10289--apne1-az1--x-s3/1660.parquet\", \"s3://tpch10289--apne1-az1--x-s3/1661.parquet\", \"s3://tpch10289--apne1-az1--x-s3/1662.parquet\", \"s3://tpch10289--apne1-az1--x-s3/1663.parquet\", \"s3://tpch10289--apne1-az1--x-s3/1664.parquet\", \"s3://tpch10289--apne1-az1--x-s3/1665.parquet\", \"s3://tpch10289--apne1-az1--x-s3/1666.parquet\", \"s3://tpch10289--apne1-az1--x-s3/1667.parquet\", \"s3://tpch10289--apne1-az1--x-s3/1668.parquet\", \"s3://tpch10289--apne1-az1--x-s3/1669.parquet\", \"s3://tpch10289--apne1-az1--x-s3/1670.parquet\", \"s3://tpch10289--apne1-az1--x-s3/1671.parquet\", \"s3://tpch10289--apne1-az1--x-s3/1672.parquet\", \"s3://tpch10289--apne1-az1--x-s3/1673.parquet\", \"s3://tpch10289--apne1-az1--x-s3/1674.parquet\", \"s3://tpch10289--apne1-az1--x-s3/1675.parquet\", \"s3://tpch10289--apne1-az1--x-s3/1676.parquet\", \"s3://tpch10289--apne1-az1--x-s3/1677.parquet\", \"s3://tpch10289--apne1-az1--x-s3/1678.parquet\", \"s3://tpch10289--apne1-az1--x-s3/1679.parquet\", \"s3://tpch10289--apne1-az1--x-s3/1680.parquet\", \"s3://tpch10289--apne1-az1--x-s3/1681.parquet\", \"s3://tpch10289--apne1-az1--x-s3/1682.parquet\", \"s3://tpch10289--apne1-az1--x-s3/1683.parquet\", \"s3://tpch10289--apne1-az1--x-s3/1684.parquet\", \"s3://tpch10289--apne1-az1--x-s3/1685.parquet\", \"s3://tpch10289--apne1-az1--x-s3/1686.parquet\", \"s3://tpch10289--apne1-az1--x-s3/1687.parquet\", \"s3://tpch10289--apne1-az1--x-s3/1688.parquet\", \"s3://tpch10289--apne1-az1--x-s3/1689.parquet\", \"s3://tpch10289--apne1-az1--x-s3/1690.parquet\", \"s3://tpch10289--apne1-az1--x-s3/1691.parquet\", \"s3://tpch10289--apne1-az1--x-s3/1692.parquet\", \"s3://tpch10289--apne1-az1--x-s3/1693.parquet\", \"s3://tpch10289--apne1-az1--x-s3/1694.parquet\", \"s3://tpch10289--apne1-az1--x-s3/1695.parquet\", \"s3://tpch10289--apne1-az1--x-s3/1696.parquet\", \"s3://tpch10289--apne1-az1--x-s3/1697.parquet\", \"s3://tpch10289--apne1-az1--x-s3/1698.parquet\", \"s3://tpch10289--apne1-az1--x-s3/1699.parquet\", \"s3://tpch10289--apne1-az1--x-s3/1700.parquet\", \"s3://tpch10289--apne1-az1--x-s3/1701.parquet\", \"s3://tpch10289--apne1-az1--x-s3/1702.parquet\", \"s3://tpch10289--apne1-az1--x-s3/1703.parquet\", \"s3://tpch10289--apne1-az1--x-s3/1704.parquet\", \"s3://tpch10289--apne1-az1--x-s3/1705.parquet\", \"s3://tpch10289--apne1-az1--x-s3/1706.parquet\", \"s3://tpch10289--apne1-az1--x-s3/1707.parquet\", \"s3://tpch10289--apne1-az1--x-s3/1708.parquet\", \"s3://tpch10289--apne1-az1--x-s3/1709.parquet\", \"s3://tpch10289--apne1-az1--x-s3/1710.parquet\", \"s3://tpch10289--apne1-az1--x-s3/1711.parquet\", \"s3://tpch10289--apne1-az1--x-s3/1712.parquet\", \"s3://tpch10289--apne1-az1--x-s3/1713.parquet\", \"s3://tpch10289--apne1-az1--x-s3/1714.parquet\", \"s3://tpch10289--apne1-az1--x-s3/1715.parquet\", \"s3://tpch10289--apne1-az1--x-s3/1716.parquet\", \"s3://tpch10289--apne1-az1--x-s3/1717.parquet\", \"s3://tpch10289--apne1-az1--x-s3/1718.parquet\", \"s3://tpch10289--apne1-az1--x-s3/1719.parquet\", \"s3://tpch10289--apne1-az1--x-s3/1720.parquet\", \"s3://tpch10289--apne1-az1--x-s3/1721.parquet\", \"s3://tpch10289--apne1-az1--x-s3/1722.parquet\", \"s3://tpch10289--apne1-az1--x-s3/1723.parquet\", \"s3://tpch10289--apne1-az1--x-s3/1724.parquet\", \"s3://tpch10289--apne1-az1--x-s3/1725.parquet\", \"s3://tpch10289--apne1-az1--x-s3/1726.parquet\", \"s3://tpch10289--apne1-az1--x-s3/1727.parquet\", \"s3://tpch10289--apne1-az1--x-s3/1728.parquet\", \"s3://tpch10289--apne1-az1--x-s3/1729.parquet\", \"s3://tpch10289--apne1-az1--x-s3/1730.parquet\", \"s3://tpch10289--apne1-az1--x-s3/1731.parquet\", \"s3://tpch10289--apne1-az1--x-s3/1732.parquet\", \"s3://tpch10289--apne1-az1--x-s3/1733.parquet\", \"s3://tpch10289--apne1-az1--x-s3/1734.parquet\", \"s3://tpch10289--apne1-az1--x-s3/1735.parquet\", \"s3://tpch10289--apne1-az1--x-s3/1736.parquet\", \"s3://tpch10289--apne1-az1--x-s3/1737.parquet\", \"s3://tpch10289--apne1-az1--x-s3/1738.parquet\", \"s3://tpch10289--apne1-az1--x-s3/1739.parquet\", \"s3://tpch10289--apne1-az1--x-s3/1740.parquet\", \"s3://tpch10289--apne1-az1--x-s3/1741.parquet\", \"s3://tpch10289--apne1-az1--x-s3/1742.parquet\", \"s3://tpch10289--apne1-az1--x-s3/1743.parquet\", \"s3://tpch10289--apne1-az1--x-s3/1744.parquet\", \"s3://tpch10289--apne1-az1--x-s3/1745.parquet\", \"s3://tpch10289--apne1-az1--x-s3/1746.parquet\", \"s3://tpch10289--apne1-az1--x-s3/1747.parquet\", \"s3://tpch10289--apne1-az1--x-s3/1748.parquet\", \"s3://tpch10289--apne1-az1--x-s3/1749.parquet\", \"s3://tpch10289--apne1-az1--x-s3/1750.parquet\", \"s3://tpch10289--apne1-az1--x-s3/1751.parquet\", \"s3://tpch10289--apne1-az1--x-s3/1752.parquet\", \"s3://tpch10289--apne1-az1--x-s3/1753.parquet\", \"s3://tpch10289--apne1-az1--x-s3/1754.parquet\", \"s3://tpch10289--apne1-az1--x-s3/1755.parquet\", \"s3://tpch10289--apne1-az1--x-s3/1756.parquet\", \"s3://tpch10289--apne1-az1--x-s3/1757.parquet\", \"s3://tpch10289--apne1-az1--x-s3/1758.parquet\", \"s3://tpch10289--apne1-az1--x-s3/1759.parquet\", \"s3://tpch10289--apne1-az1--x-s3/1760.parquet\", \"s3://tpch10289--apne1-az1--x-s3/1761.parquet\", \"s3://tpch10289--apne1-az1--x-s3/1762.parquet\", \"s3://tpch10289--apne1-az1--x-s3/1763.parquet\", \"s3://tpch10289--apne1-az1--x-s3/1764.parquet\", \"s3://tpch10289--apne1-az1--x-s3/1765.parquet\", \"s3://tpch10289--apne1-az1--x-s3/1766.parquet\", \"s3://tpch10289--apne1-az1--x-s3/1767.parquet\", \"s3://tpch10289--apne1-az1--x-s3/1768.parquet\", \"s3://tpch10289--apne1-az1--x-s3/1769.parquet\", \"s3://tpch10289--apne1-az1--x-s3/1770.parquet\", \"s3://tpch10289--apne1-az1--x-s3/1771.parquet\", \"s3://tpch10289--apne1-az1--x-s3/1772.parquet\", \"s3://tpch10289--apne1-az1--x-s3/1773.parquet\", \"s3://tpch10289--apne1-az1--x-s3/1774.parquet\", \"s3://tpch10289--apne1-az1--x-s3/1775.parquet\", \"s3://tpch10289--apne1-az1--x-s3/1776.parquet\", \"s3://tpch10289--apne1-az1--x-s3/1777.parquet\", \"s3://tpch10289--apne1-az1--x-s3/1778.parquet\", \"s3://tpch10289--apne1-az1--x-s3/1779.parquet\", \"s3://tpch10289--apne1-az1--x-s3/1780.parquet\", \"s3://tpch10289--apne1-az1--x-s3/1781.parquet\", \"s3://tpch10289--apne1-az1--x-s3/1782.parquet\", \"s3://tpch10289--apne1-az1--x-s3/1783.parquet\", \"s3://tpch10289--apne1-az1--x-s3/1784.parquet\", \"s3://tpch10289--apne1-az1--x-s3/1785.parquet\", \"s3://tpch10289--apne1-az1--x-s3/1786.parquet\", \"s3://tpch10289--apne1-az1--x-s3/1787.parquet\", \"s3://tpch10289--apne1-az1--x-s3/1788.parquet\", \"s3://tpch10289--apne1-az1--x-s3/1789.parquet\", \"s3://tpch10289--apne1-az1--x-s3/1790.parquet\", \"s3://tpch10289--apne1-az1--x-s3/1791.parquet\", \"s3://tpch10289--apne1-az1--x-s3/1792.parquet\", \"s3://tpch10289--apne1-az1--x-s3/1793.parquet\", \"s3://tpch10289--apne1-az1--x-s3/1794.parquet\", \"s3://tpch10289--apne1-az1--x-s3/1795.parquet\", \"s3://tpch10289--apne1-az1--x-s3/1796.parquet\", \"s3://tpch10289--apne1-az1--x-s3/1797.parquet\", \"s3://tpch10289--apne1-az1--x-s3/1798.parquet\", \"s3://tpch10289--apne1-az1--x-s3/1799.parquet\", \"s3://tpch10289--apne1-az1--x-s3/1800.parquet\", \"s3://tpch10289--apne1-az1--x-s3/1801.parquet\", \"s3://tpch10289--apne1-az1--x-s3/1802.parquet\", \"s3://tpch10289--apne1-az1--x-s3/1803.parquet\", \"s3://tpch10289--apne1-az1--x-s3/1804.parquet\", \"s3://tpch10289--apne1-az1--x-s3/1805.parquet\", \"s3://tpch10289--apne1-az1--x-s3/1806.parquet\", \"s3://tpch10289--apne1-az1--x-s3/1807.parquet\", \"s3://tpch10289--apne1-az1--x-s3/1808.parquet\", \"s3://tpch10289--apne1-az1--x-s3/1809.parquet\", \"s3://tpch10289--apne1-az1--x-s3/1810.parquet\", \"s3://tpch10289--apne1-az1--x-s3/1811.parquet\", \"s3://tpch10289--apne1-az1--x-s3/1812.parquet\", \"s3://tpch10289--apne1-az1--x-s3/1813.parquet\", \"s3://tpch10289--apne1-az1--x-s3/1814.parquet\", \"s3://tpch10289--apne1-az1--x-s3/1815.parquet\", \"s3://tpch10289--apne1-az1--x-s3/1816.parquet\", \"s3://tpch10289--apne1-az1--x-s3/1817.parquet\", \"s3://tpch10289--apne1-az1--x-s3/1818.parquet\", \"s3://tpch10289--apne1-az1--x-s3/1819.parquet\", \"s3://tpch10289--apne1-az1--x-s3/1820.parquet\", \"s3://tpch10289--apne1-az1--x-s3/1821.parquet\", \"s3://tpch10289--apne1-az1--x-s3/1822.parquet\", \"s3://tpch10289--apne1-az1--x-s3/1823.parquet\", \"s3://tpch10289--apne1-az1--x-s3/1824.parquet\", \"s3://tpch10289--apne1-az1--x-s3/1825.parquet\", \"s3://tpch10289--apne1-az1--x-s3/1826.parquet\", \"s3://tpch10289--apne1-az1--x-s3/1827.parquet\", \"s3://tpch10289--apne1-az1--x-s3/1828.parquet\", \"s3://tpch10289--apne1-az1--x-s3/1829.parquet\", \"s3://tpch10289--apne1-az1--x-s3/1830.parquet\", \"s3://tpch10289--apne1-az1--x-s3/1831.parquet\", \"s3://tpch10289--apne1-az1--x-s3/1832.parquet\", \"s3://tpch10289--apne1-az1--x-s3/1833.parquet\", \"s3://tpch10289--apne1-az1--x-s3/1834.parquet\", \"s3://tpch10289--apne1-az1--x-s3/1835.parquet\", \"s3://tpch10289--apne1-az1--x-s3/1836.parquet\", \"s3://tpch10289--apne1-az1--x-s3/1837.parquet\", \"s3://tpch10289--apne1-az1--x-s3/1838.parquet\", \"s3://tpch10289--apne1-az1--x-s3/1839.parquet\", \"s3://tpch10289--apne1-az1--x-s3/1840.parquet\", \"s3://tpch10289--apne1-az1--x-s3/1841.parquet\", \"s3://tpch10289--apne1-az1--x-s3/1842.parquet\", \"s3://tpch10289--apne1-az1--x-s3/1843.parquet\", \"s3://tpch10289--apne1-az1--x-s3/1844.parquet\", \"s3://tpch10289--apne1-az1--x-s3/1845.parquet\", \"s3://tpch10289--apne1-az1--x-s3/1846.parquet\", \"s3://tpch10289--apne1-az1--x-s3/1847.parquet\", \"s3://tpch10289--apne1-az1--x-s3/1848.parquet\", \"s3://tpch10289--apne1-az1--x-s3/1849.parquet\", \"s3://tpch10289--apne1-az1--x-s3/1850.parquet\", \"s3://tpch10289--apne1-az1--x-s3/1851.parquet\", \"s3://tpch10289--apne1-az1--x-s3/1852.parquet\", \"s3://tpch10289--apne1-az1--x-s3/1853.parquet\", \"s3://tpch10289--apne1-az1--x-s3/1854.parquet\", \"s3://tpch10289--apne1-az1--x-s3/1855.parquet\", \"s3://tpch10289--apne1-az1--x-s3/1856.parquet\", \"s3://tpch10289--apne1-az1--x-s3/1857.parquet\", \"s3://tpch10289--apne1-az1--x-s3/1858.parquet\", \"s3://tpch10289--apne1-az1--x-s3/1859.parquet\", \"s3://tpch10289--apne1-az1--x-s3/1860.parquet\", \"s3://tpch10289--apne1-az1--x-s3/1861.parquet\", \"s3://tpch10289--apne1-az1--x-s3/1862.parquet\", \"s3://tpch10289--apne1-az1--x-s3/1863.parquet\", \"s3://tpch10289--apne1-az1--x-s3/1864.parquet\", \"s3://tpch10289--apne1-az1--x-s3/1865.parquet\", \"s3://tpch10289--apne1-az1--x-s3/1866.parquet\", \"s3://tpch10289--apne1-az1--x-s3/1867.parquet\", \"s3://tpch10289--apne1-az1--x-s3/1868.parquet\", \"s3://tpch10289--apne1-az1--x-s3/1869.parquet\", \"s3://tpch10289--apne1-az1--x-s3/1870.parquet\", \"s3://tpch10289--apne1-az1--x-s3/1871.parquet\", \"s3://tpch10289--apne1-az1--x-s3/1872.parquet\", \"s3://tpch10289--apne1-az1--x-s3/1873.parquet\", \"s3://tpch10289--apne1-az1--x-s3/1874.parquet\", \"s3://tpch10289--apne1-az1--x-s3/1875.parquet\", \"s3://tpch10289--apne1-az1--x-s3/1876.parquet\", \"s3://tpch10289--apne1-az1--x-s3/1877.parquet\", \"s3://tpch10289--apne1-az1--x-s3/1878.parquet\", \"s3://tpch10289--apne1-az1--x-s3/1879.parquet\", \"s3://tpch10289--apne1-az1--x-s3/1880.parquet\", \"s3://tpch10289--apne1-az1--x-s3/1881.parquet\", \"s3://tpch10289--apne1-az1--x-s3/1882.parquet\", \"s3://tpch10289--apne1-az1--x-s3/1883.parquet\", \"s3://tpch10289--apne1-az1--x-s3/1884.parquet\", \"s3://tpch10289--apne1-az1--x-s3/1885.parquet\", \"s3://tpch10289--apne1-az1--x-s3/1886.parquet\", \"s3://tpch10289--apne1-az1--x-s3/1887.parquet\", \"s3://tpch10289--apne1-az1--x-s3/1888.parquet\", \"s3://tpch10289--apne1-az1--x-s3/1889.parquet\", \"s3://tpch10289--apne1-az1--x-s3/1890.parquet\", \"s3://tpch10289--apne1-az1--x-s3/1891.parquet\", \"s3://tpch10289--apne1-az1--x-s3/1892.parquet\", \"s3://tpch10289--apne1-az1--x-s3/1893.parquet\", \"s3://tpch10289--apne1-az1--x-s3/1894.parquet\", \"s3://tpch10289--apne1-az1--x-s3/1895.parquet\", \"s3://tpch10289--apne1-az1--x-s3/1896.parquet\", \"s3://tpch10289--apne1-az1--x-s3/1897.parquet\", \"s3://tpch10289--apne1-az1--x-s3/1898.parquet\", \"s3://tpch10289--apne1-az1--x-s3/1899.parquet\", \"s3://tpch10289--apne1-az1--x-s3/1900.parquet\", \"s3://tpch10289--apne1-az1--x-s3/1901.parquet\", \"s3://tpch10289--apne1-az1--x-s3/1902.parquet\", \"s3://tpch10289--apne1-az1--x-s3/1903.parquet\", \"s3://tpch10289--apne1-az1--x-s3/1904.parquet\", \"s3://tpch10289--apne1-az1--x-s3/1905.parquet\", \"s3://tpch10289--apne1-az1--x-s3/1906.parquet\", \"s3://tpch10289--apne1-az1--x-s3/1907.parquet\", \"s3://tpch10289--apne1-az1--x-s3/1908.parquet\", \"s3://tpch10289--apne1-az1--x-s3/1909.parquet\", \"s3://tpch10289--apne1-az1--x-s3/1910.parquet\", \"s3://tpch10289--apne1-az1--x-s3/1911.parquet\", \"s3://tpch10289--apne1-az1--x-s3/1912.parquet\", \"s3://tpch10289--apne1-az1--x-s3/1913.parquet\", \"s3://tpch10289--apne1-az1--x-s3/1914.parquet\", \"s3://tpch10289--apne1-az1--x-s3/1915.parquet\", \"s3://tpch10289--apne1-az1--x-s3/1916.parquet\", \"s3://tpch10289--apne1-az1--x-s3/1917.parquet\", \"s3://tpch10289--apne1-az1--x-s3/1918.parquet\", \"s3://tpch10289--apne1-az1--x-s3/1919.parquet\", \"s3://tpch10289--apne1-az1--x-s3/1920.parquet\", \"s3://tpch10289--apne1-az1--x-s3/1921.parquet\", \"s3://tpch10289--apne1-az1--x-s3/1922.parquet\", \"s3://tpch10289--apne1-az1--x-s3/1923.parquet\", \"s3://tpch10289--apne1-az1--x-s3/1924.parquet\", \"s3://tpch10289--apne1-az1--x-s3/1925.parquet\", \"s3://tpch10289--apne1-az1--x-s3/1926.parquet\", \"s3://tpch10289--apne1-az1--x-s3/1927.parquet\", \"s3://tpch10289--apne1-az1--x-s3/1928.parquet\", \"s3://tpch10289--apne1-az1--x-s3/1929.parquet\", \"s3://tpch10289--apne1-az1--x-s3/1930.parquet\", \"s3://tpch10289--apne1-az1--x-s3/1931.parquet\", \"s3://tpch10289--apne1-az1--x-s3/1932.parquet\", \"s3://tpch10289--apne1-az1--x-s3/1933.parquet\", \"s3://tpch10289--apne1-az1--x-s3/1934.parquet\", \"s3://tpch10289--apne1-az1--x-s3/1935.parquet\", \"s3://tpch10289--apne1-az1--x-s3/1936.parquet\", \"s3://tpch10289--apne1-az1--x-s3/1937.parquet\", \"s3://tpch10289--apne1-az1--x-s3/1938.parquet\", \"s3://tpch10289--apne1-az1--x-s3/1939.parquet\", \"s3://tpch10289--apne1-az1--x-s3/1940.parquet\", \"s3://tpch10289--apne1-az1--x-s3/1941.parquet\", \"s3://tpch10289--apne1-az1--x-s3/1942.parquet\", \"s3://tpch10289--apne1-az1--x-s3/1943.parquet\", \"s3://tpch10289--apne1-az1--x-s3/1944.parquet\", \"s3://tpch10289--apne1-az1--x-s3/1945.parquet\", \"s3://tpch10289--apne1-az1--x-s3/1946.parquet\", \"s3://tpch10289--apne1-az1--x-s3/1947.parquet\", \"s3://tpch10289--apne1-az1--x-s3/1948.parquet\", \"s3://tpch10289--apne1-az1--x-s3/1949.parquet\", \"s3://tpch10289--apne1-az1--x-s3/1950.parquet\", \"s3://tpch10289--apne1-az1--x-s3/1951.parquet\", \"s3://tpch10289--apne1-az1--x-s3/1952.parquet\", \"s3://tpch10289--apne1-az1--x-s3/1953.parquet\", \"s3://tpch10289--apne1-az1--x-s3/1954.parquet\", \"s3://tpch10289--apne1-az1--x-s3/1955.parquet\", \"s3://tpch10289--apne1-az1--x-s3/1956.parquet\", \"s3://tpch10289--apne1-az1--x-s3/1957.parquet\", \"s3://tpch10289--apne1-az1--x-s3/1958.parquet\", \"s3://tpch10289--apne1-az1--x-s3/1959.parquet\", \"s3://tpch10289--apne1-az1--x-s3/1960.parquet\", \"s3://tpch10289--apne1-az1--x-s3/1961.parquet\", \"s3://tpch10289--apne1-az1--x-s3/1962.parquet\", \"s3://tpch10289--apne1-az1--x-s3/1963.parquet\", \"s3://tpch10289--apne1-az1--x-s3/1964.parquet\", \"s3://tpch10289--apne1-az1--x-s3/1965.parquet\", \"s3://tpch10289--apne1-az1--x-s3/1966.parquet\", \"s3://tpch10289--apne1-az1--x-s3/1967.parquet\", \"s3://tpch10289--apne1-az1--x-s3/1968.parquet\", \"s3://tpch10289--apne1-az1--x-s3/1969.parquet\", \"s3://tpch10289--apne1-az1--x-s3/1970.parquet\", \"s3://tpch10289--apne1-az1--x-s3/1971.parquet\", \"s3://tpch10289--apne1-az1--x-s3/1972.parquet\", \"s3://tpch10289--apne1-az1--x-s3/1973.parquet\", \"s3://tpch10289--apne1-az1--x-s3/1974.parquet\", \"s3://tpch10289--apne1-az1--x-s3/1975.parquet\", \"s3://tpch10289--apne1-az1--x-s3/1976.parquet\", \"s3://tpch10289--apne1-az1--x-s3/1977.parquet\", \"s3://tpch10289--apne1-az1--x-s3/1978.parquet\", \"s3://tpch10289--apne1-az1--x-s3/1979.parquet\", \"s3://tpch10289--apne1-az1--x-s3/1980.parquet\", \"s3://tpch10289--apne1-az1--x-s3/1981.parquet\", \"s3://tpch10289--apne1-az1--x-s3/1982.parquet\", \"s3://tpch10289--apne1-az1--x-s3/1983.parquet\", \"s3://tpch10289--apne1-az1--x-s3/1984.parquet\", \"s3://tpch10289--apne1-az1--x-s3/1985.parquet\", \"s3://tpch10289--apne1-az1--x-s3/1986.parquet\", \"s3://tpch10289--apne1-az1--x-s3/1987.parquet\"]),\n        'pool/orders/*.parquet',\n        'pool/customer/*.parquet',\n        'pool/nation.parquet' n1,\n        'pool/nation.parquet' n2\n    WHERE\n        s_suppkey = l_suppkey\n        AND o_orderkey = l_orderkey\n        AND c_custkey = o_custkey\n        AND s_nationkey = n1.n_nationkey\n        AND c_nationkey = n2.n_nationkey\n        AND (\n            (n1.n_name = 'JORDAN' AND n2.n_name = 'KENYA')\n            OR (n1.n_name = 'KENYA' AND n2.n_name = 'JORDAN')\n        )\n        AND l_shipdate BETWEEN DATE '1995-01-01' AND DATE '1996-12-31'\n    ) AS shipping\nGROUP BY\n    supp_nation,\n    cust_nation,\n    l_year\nORDER BY\n    supp_nation,\n    cust_nation,\n    l_year;",
    "children": [
        {
            "result_set_size": 224,
            "operator_timing": 0.001176202,
            "operator_rows_scanned": 0,
            "cumulative_rows_scanned": 15796544050,
            "operator_cardinality": 4,
            "operator_type": "ORDER_BY",
            "cumulative_cardinality": 580009618,
            "extra_info": {
                "Order By": [
                    "shipping.supp_nation ASC",
                    "shipping.cust_nation ASC",
                    "shipping.l_year ASC"
                ]
            },
            "cpu_time": 448.9105742149999,
            "children": [
                {
                    "result_set_size": 224,
                    "operator_timing": 0.046375314999999986,
                    "operator_rows_scanned": 0,
                    "cumulative_rows_scanned": 15796544050,
                    "operator_cardinality": 4,
                    "operator_type": "HASH_GROUP_BY",
                    "cumulative_cardinality": 580009614,
                    "extra_info": {
                        "Groups": [
                            "#0",
                            "#1",
                            "#2"
                        ],
                        "Aggregates": "sum(#3)",
                        "Estimated Cardinality": "1679999"
                    },
                    "cpu_time": 448.9093980129999,
                    "children": [
                        {
                            "result_set_size": 27123120,
                            "operator_timing": 0.002125262,
                            "operator_rows_scanned": 0,
                            "cumulative_rows_scanned": 15796544050,
                            "operator_cardinality": 565065,
                            "operator_type": "PROJECTION",
                            "cumulative_cardinality": 580009610,
                            "extra_info": {
                                "Projections": [
                                    "supp_nation",
                                    "cust_nation",
                                    "l_year",
                                    "volume"
                                ],
                                "Estimated Cardinality": "3359999"
                            },
                            "cpu_time": 448.8630226979999,
                            "children": [
                                {
                                    "result_set_size": 27123120,
                                    "operator_timing": 0.021094166999999997,
                                    "operator_rows_scanned": 0,
                                    "cumulative_rows_scanned": 15796544050,
                                    "operator_cardinality": 565065,
                                    "operator_type": "PROJECTION",
                                    "cumulative_cardinality": 579444545,
                                    "extra_info": {
                                        "Projections": [
                                            "supp_nation",
                                            "cust_nation",
                                            "\"year\"(l_shipdate)",
                                            "volume"
                                        ],
                                        "Estimated Cardinality": "3359999"
                                    },
                                    "cpu_time": 448.8608974359999,
                                    "children": [
                                        {
                                            "result_set_size": 29383380,
                                            "operator_timing": 0.002897325,
                                            "operator_rows_scanned": 0,
                                            "cumulative_rows_scanned": 15796544050,
                                            "operator_cardinality": 565065,
                                            "operator_type": "PROJECTION",
                                            "cumulative_cardinality": 578879480,
                                            "extra_info": {
                                                "Projections": [
                                                    "#3",
                                                    "#4",
                                                    "#5",
                                                    "#6",
                                                    "#8"
                                                ],
                                                "Estimated Cardinality": "3359999"
                                            },
                                            "cpu_time": 448.8398032689999,
                                            "children": [
                                                {
                                                    "result_set_size": 47465460,
                                                    "operator_timing": 0.048116729,
                                                    "operator_rows_scanned": 0,
                                                    "cumulative_rows_scanned": 15796544050,
                                                    "operator_cardinality": 565065,
                                                    "operator_type": "FILTER",
                                                    "cumulative_cardinality": 578314415,
                                                    "extra_info": {
                                                        "Expression": "(((n_name = 'JORDAN') AND (n_name = 'KENYA')) OR ((n_name = 'KENYA') AND (n_name = 'JORDAN')))",
                                                        "Estimated Cardinality": "3359999"
                                                    },
                                                    "cpu_time": 448.8369059439999,
                                                    "children": [
                                                        {
                                                            "result_set_size": 94947552,
                                                            "operator_timing": 1.3940750020000006,
                                                            "operator_rows_scanned": 0,
                                                            "cumulative_rows_scanned": 15796544050,
                                                            "operator_cardinality": 1130328,
                                                            "operator_type": "HASH_JOIN",
                                                            "cumulative_cardinality": 577749350,
                                                            "extra_info": {
                                                                "Join Type": "INNER",
                                                                "Conditions": "o_custkey = c_custkey",
                                                                "Estimated Cardinality": "3359999"
                                                            },
                                                            "cpu_time": 448.7887892149999,
                                                            "children": [
                                                                {
                                                                    "result_set_size": 847254420,
                                                                    "operator_timing": 9.346829372999876,
                                                                    "operator_rows_scanned": 0,
                                                                    "cumulative_rows_scanned": 14452544025,
                                                                    "operator_cardinality": 14120907,
                                                                    "operator_type": "HASH_JOIN",
                                                                    "cumulative_cardinality": 566543660,
                                                                    "extra_info": {
                                                                        "Join Type": "INNER",
                                                                        "Conditions": "o_orderkey = l_orderkey",
                                                                        "Estimated Cardinality": "16800000"
                                                                    },
                                                                    "cpu_time": 445.67076370899986,
                                                                    "children": [
                                                                        {
                                                                            "result_set_size": 3359952656,
                                                                            "operator_timing": 16.644453857000002,
                                                                            "operator_rows_scanned": 13440000000,
                                                                            "cumulative_rows_scanned": 13440000000,
                                                                            "operator_cardinality": 209997041,
                                                                            "operator_type": "TABLE_SCAN",
                                                                            "cumulative_cardinality": 209997041,
                                                                            "extra_info": {
                                                                                "Function": "PARQUET_SCAN",
                                                                                "Projections": [
                                                                                    "o_orderkey",
                                                                                    "o_custkey"
                                                                                ],
                                                                                "Estimated Cardinality": "420000000"
                                                                            },
                                                                            "cpu_time": 16.644453857000002,
                                                                            "children": []
                                                                        },
                                                                        {
                                                                            "result_set_size": 1512953640,
                                                                            "operator_timing": 8.245953517999851,
                                                                            "operator_rows_scanned": 0,
                                                                            "cumulative_rows_scanned": 1012544025,
                                                                            "operator_cardinality": 25215894,
                                                                            "operator_type": "HASH_JOIN",
                                                                            "cumulative_cardinality": 342425712,
                                                                            "extra_info": {
                                                                                "Join Type": "INNER",
                                                                                "Conditions": "l_suppkey = s_suppkey",
                                                                                "Estimated Cardinality": "1153680"
                                                                            },
                                                                            "cpu_time": 419.679480479,
                                                                            "children": [
                                                                                {
                                                                                    "result_set_size": 11403504972,
                                                                                    "operator_timing": 411.10621658600013,
                                                                                    "operator_rows_scanned": 922944000,
                                                                                    "cumulative_rows_scanned": 922944000,
                                                                                    "operator_cardinality": 316764027,
                                                                                    "operator_type": "TABLE_SCAN",
                                                                                    "cumulative_cardinality": 316764027,
                                                                                    "extra_info": {
                                                                                        "Function": "READ_PARQUET",
                                                                                        "Projections": [
                                                                                            "l_suppkey",
                                                                                            "l_orderkey",
                                                                                            "l_shipdate",
                                                                                            "l_extendedprice",
                                                                                            "l_discount"
                                                                                        ],
                                                                                        "Filters": "l_shipdate>='1995-01-01'::DATE AND l_shipdate<='1996-12-31'::DATE AND l_shipdate IS NOT NULL",
                                                                                        "Estimated Cardinality": "5768400"
                                                                                    },
                                                                                    "cpu_time": 411.10621658600013,
                                                                                    "children": []
                                                                                },
                                                                                {
                                                                                    "result_set_size": 7132224,
                                                                                    "operator_timing": 0.016621557000000002,
                                                                                    "operator_rows_scanned": 0,
                                                                                    "cumulative_rows_scanned": 89600025,
                                                                                    "operator_cardinality": 222882,
                                                                                    "operator_type": "HASH_JOIN",
                                                                                    "cumulative_cardinality": 445791,
                                                                                    "extra_info": {
                                                                                        "Join Type": "INNER",
                                                                                        "Conditions": "s_nationkey = n_nationkey",
                                                                                        "Estimated Cardinality": "560000"
                                                                                    },
                                                                                    "cpu_time": 0.3273103750000001,
                                                                                    "children": [
                                                                                        {
                                                                                            "result_set_size": 2674584,
                                                                                            "operator_timing": 0.31056234900000007,
                                                                                            "operator_rows_scanned": 89600000,
                                                                                            "cumulative_rows_scanned": 89600000,
                                                                                            "operator_cardinality": 222882,
                                                                                            "operator_type": "TABLE_SCAN",
                                                                                            "cumulative_cardinality": 222882,
                                                                                            "extra_info": {
                                                                                                "Function": "PARQUET_SCAN",
                                                                                                "Projections": [
                                                                                                    "s_suppkey",
                                                                                                    "s_nationkey"
                                                                                                ],
                                                                                                "Estimated Cardinality": "2800000"
                                                                                            },
                                                                                            "cpu_time": 0.31056234900000007,
                                                                                            "children": []
                                                                                        },
                                                                                        {
                                                                                            "result_set_size": 40,
                                                                                            "operator_timing": 0.000042662,
                                                                                            "operator_rows_scanned": 0,
                                                                                            "cumulative_rows_scanned": 25,
                                                                                            "operator_cardinality": 2,
                                                                                            "operator_type": "FILTER",
                                                                                            "cumulative_cardinality": 27,
                                                                                            "extra_info": {
                                                                                                "Expression": "((n_name = 'JORDAN') OR (n_name = 'KENYA'))",
                                                                                                "Estimated Cardinality": "5"
                                                                                            },
                                                                                            "cpu_time": 0.000126469,
                                                                                            "children": [
                                                                                                {
                                                                                                    "result_set_size": 500,
                                                                                                    "operator_timing": 0.000083807,
                                                                                                    "operator_rows_scanned": 25,
                                                                                                    "cumulative_rows_scanned": 25,
                                                                                                    "operator_cardinality": 25,
                                                                                                    "operator_type": "TABLE_SCAN",
                                                                                                    "cumulative_cardinality": 25,
                                                                                                    "extra_info": {
                                                                                                        "Function": "PARQUET_SCAN",
                                                                                                        "Projections": [
                                                                                                            "n_nationkey",
                                                                                                            "n_name"
                                                                                                        ],
                                                                                                        "Estimated Cardinality": "25"
                                                                                                    },
                                                                                                    "cpu_time": 0.000083807,
                                                                                                    "children": []
                                                                                                }
                                                                                            ]
                                                                                        }
                                                                                    ]
                                                                                }
                                                                            ]
                                                                        }
                                                                    ]
                                                                },
                                                                {
                                                                    "result_set_size": 97394905,
                                                                    "operator_timing": 0.010628588999999999,
                                                                    "operator_rows_scanned": 0,
                                                                    "cumulative_rows_scanned": 1344000025,
                                                                    "operator_cardinality": 3358445,
                                                                    "operator_type": "PROJECTION",
                                                                    "cumulative_cardinality": 10075362,
                                                                    "extra_info": {
                                                                        "Projections": [
                                                                            "#0",
                                                                            "#1",
                                                                            "__internal_compress_integral_utinyint(#2, 0)",
                                                                            "#3"
                                                                        ],
                                                                        "Estimated Cardinality": "8400000"
                                                                    },
                                                                    "cpu_time": 1.7239505040000005,
                                                                    "children": [
                                                                        {
                                                                            "result_set_size": 107470240,
                                                                            "operator_timing": 0.069913882,
                                                                            "operator_rows_scanned": 0,
                                                                            "cumulative_rows_scanned": 1344000025,
                                                                            "operator_cardinality": 3358445,
                                                                            "operator_type": "HASH_JOIN",
                                                                            "cumulative_cardinality": 6716917,
                                                                            "extra_info": {
                                                                                "Join Type": "INNER",
                                                                                "Conditions": "c_nationkey = n_nationkey",
                                                                                "Estimated Cardinality": "8400000"
                                                                            },
                                                                            "cpu_time": 1.7133219150000005,
                                                                            "children": [
                                                                                {
                                                                                    "result_set_size": 40301340,
                                                                                    "operator_timing": 1.6432968090000004,
                                                                                    "operator_rows_scanned": 1344000000,
                                                                                    "cumulative_rows_scanned": 1344000000,
                                                                                    "operator_cardinality": 3358445,
                                                                                    "operator_type": "TABLE_SCAN",
                                                                                    "cumulative_cardinality": 3358445,
                                                                                    "extra_info": {
                                                                                        "Function": "PARQUET_SCAN",
                                                                                        "Projections": [
                                                                                            "c_custkey",
                                                                                            "c_nationkey"
                                                                                        ],
                                                                                        "Estimated Cardinality": "42000000"
                                                                                    },
                                                                                    "cpu_time": 1.6432968090000004,
                                                                                    "children": []
                                                                                },
                                                                                {
                                                                                    "result_set_size": 40,
                                                                                    "operator_timing": 0.000034911,
                                                                                    "operator_rows_scanned": 0,
                                                                                    "cumulative_rows_scanned": 25,
                                                                                    "operator_cardinality": 2,
                                                                                    "operator_type": "FILTER",
                                                                                    "cumulative_cardinality": 27,
                                                                                    "extra_info": {
                                                                                        "Expression": "((n_name = 'KENYA') OR (n_name = 'JORDAN'))",
                                                                                        "Estimated Cardinality": "5"
                                                                                    },
                                                                                    "cpu_time": 0.00011122399999999999,
                                                                                    "children": [
                                                                                        {
                                                                                            "result_set_size": 500,
                                                                                            "operator_timing": 0.000076313,
                                                                                            "operator_rows_scanned": 25,
                                                                                            "cumulative_rows_scanned": 25,
                                                                                            "operator_cardinality": 25,
                                                                                            "operator_type": "TABLE_SCAN",
                                                                                            "cumulative_cardinality": 25,
                                                                                            "extra_info": {
                                                                                                "Function": "PARQUET_SCAN",
                                                                                                "Projections": [
                                                                                                    "n_nationkey",
                                                                                                    "n_name"
                                                                                                ],
                                                                                                "Estimated Cardinality": "25"
                                                                                            },
                                                                                            "cpu_time": 0.000076313,
                                                                                            "children": []
                                                                                        }
                                                                                    ]
                                                                                }
                                                                            ]
                                                                        }
                                                                    ]
                                                                }
                                                            ]
                                                        }
                                                    ]
                                                }
                                            ]
                                        }
                                    ]
                                }
                            ]
                        }
                    ]
                }
            ]
        }
    ]
}