{
    "rows_returned": 1,
    "latency": 1.358406662,
    "result_set_size": 8,
    "cumulative_rows_scanned": 4571392000,
    "cumulative_cardinality": 220190035,
    "extra_info": {},
    "cpu_time": 31.10936203199997,
    "blocked_thread_time": 0.0,
    "query_name": "SELECT\n    100.00 * sum(CASE\n            WHEN p_type LIKE 'PROMO%' \n            THEN l_extendedprice * (1 - l_discount)\n            ELSE 0\n    END) / sum(l_extendedprice * (1 - l_discount)) AS promo_revenue\nFROM\n    read_parquet([\"s3://tpch31355--apne1-az1--x-s3/22.parquet\", \"s3://tpch31355--apne1-az1--x-s3/23.parquet\", \"s3://tpch31355--apne1-az1--x-s3/24.parquet\", \"s3://tpch31355--apne1-az1--x-s3/142.parquet\", \"s3://tpch31355--apne1-az1--x-s3/207.parquet\", \"s3://tpch31355--apne1-az1--x-s3/208.parquet\", \"s3://tpch31355--apne1-az1--x-s3/209.parquet\", \"s3://tpch31355--apne1-az1--x-s3/210.parquet\", \"s3://tpch31355--apne1-az1--x-s3/324.parquet\", \"s3://tpch31355--apne1-az1--x-s3/325.parquet\", \"s3://tpch31355--apne1-az1--x-s3/326.parquet\", \"s3://tpch31355--apne1-az1--x-s3/327.parquet\", \"s3://tpch31355--apne1-az1--x-s3/328.parquet\", \"s3://tpch31355--apne1-az1--x-s3/329.parquet\", \"s3://tpch31355--apne1-az1--x-s3/330.parquet\", \"s3://tpch31355--apne1-az1--x-s3/484.parquet\", \"s3://tpch31355--apne1-az1--x-s3/485.parquet\", \"s3://tpch31355--apne1-az1--x-s3/486.parquet\", \"s3://tpch31355--apne1-az1--x-s3/487.parquet\", \"s3://tpch31355--apne1-az1--x-s3/488.parquet\", \"s3://tpch31355--apne1-az1--x-s3/489.parquet\", \"s3://tpch31355--apne1-az1--x-s3/616.parquet\", \"s3://tpch31355--apne1-az1--x-s3/669.parquet\", \"s3://tpch31355--apne1-az1--x-s3/670.parquet\", \"s3://tpch31355--apne1-az1--x-s3/671.parquet\", \"s3://tpch31355--apne1-az1--x-s3/672.parquet\", \"s3://tpch31355--apne1-az1--x-s3/673.parquet\", \"s3://tpch31355--apne1-az1--x-s3/674.parquet\", \"s3://tpch31355--apne1-az1--x-s3/675.parquet\", \"s3://tpch31355--apne1-az1--x-s3/833.parquet\", \"s3://tpch31355--apne1-az1--x-s3/834.parquet\", \"s3://tpch31355--apne1-az1--x-s3/835.parquet\", \"s3://tpch31355--apne1-az1--x-s3/836.parquet\", \"s3://tpch31355--apne1-az1--x-s3/837.parquet\", \"s3://tpch31355--apne1-az1--x-s3/841.parquet\", \"s3://tpch31355--apne1-az1--x-s3/845.parquet\", \"s3://tpch31355--apne1-az1--x-s3/1143.parquet\", \"s3://tpch31355--apne1-az1--x-s3/1144.parquet\", \"s3://tpch31355--apne1-az1--x-s3/1145.parquet\", \"s3://tpch31355--apne1-az1--x-s3/1146.parquet\", \"s3://tpch31355--apne1-az1--x-s3/1147.parquet\", \"s3://tpch31355--apne1-az1--x-s3/1148.parquet\", \"s3://tpch31355--apne1-az1--x-s3/1149.parquet\", \"s3://tpch31355--apne1-az1--x-s3/1256.parquet\", \"s3://tpch31355--apne1-az1--x-s3/1257.parquet\", \"s3://tpch31355--apne1-az1--x-s3/1258.parquet\", \"s3://tpch31355--apne1-az1--x-s3/1259.parquet\", \"s3://tpch31355--apne1-az1--x-s3/1260.parquet\", \"s3://tpch31355--apne1-az1--x-s3/1261.parquet\", \"s3://tpch31355--apne1-az1--x-s3/1262.parquet\", \"s3://tpch31355--apne1-az1--x-s3/1414.parquet\", \"s3://tpch31355--apne1-az1--x-s3/1415.parquet\", \"s3://tpch31355--apne1-az1--x-s3/1416.parquet\", \"s3://tpch31355--apne1-az1--x-s3/1417.parquet\", \"s3://tpch31355--apne1-az1--x-s3/1418.parquet\", \"s3://tpch31355--apne1-az1--x-s3/1420.parquet\", \"s3://tpch31355--apne1-az1--x-s3/1663.parquet\", \"s3://tpch31355--apne1-az1--x-s3/1664.parquet\", \"s3://tpch31355--apne1-az1--x-s3/1665.parquet\", \"s3://tpch31355--apne1-az1--x-s3/1666.parquet\", \"s3://tpch31355--apne1-az1--x-s3/1733.parquet\", \"s3://tpch31355--apne1-az1--x-s3/1734.parquet\", \"s3://tpch31355--apne1-az1--x-s3/1735.parquet\", \"s3://tpch31355--apne1-az1--x-s3/1780.parquet\", \"s3://tpch31355--apne1-az1--x-s3/1781.parquet\", \"s3://tpch31355--apne1-az1--x-s3/1782.parquet\", \"s3://tpch31355--apne1-az1--x-s3/1783.parquet\", \"s3://tpch31355--apne1-az1--x-s3/1784.parquet\", \"s3://tpch31355--apne1-az1--x-s3/1785.parquet\"]),\n    'pool/part/*.parquet'\nWHERE\n    l_partkey = p_partkey\n    AND l_shipdate >= DATE '1992-01-01' + INTERVAL 27 MONTH\n    AND l_shipdate < DATE '1992-02-01' + INTERVAL 27 MONTH;",
    "children": [
        {
            "result_set_size": 8,
            "operator_timing": 0.000017905,
            "operator_rows_scanned": 0,
            "cumulative_rows_scanned": 4571392000,
            "operator_cardinality": 1,
            "operator_type": "PROJECTION",
            "cumulative_cardinality": 220190035,
            "extra_info": {
                "Projections": "promo_revenue",
                "Estimated Cardinality": "1"
            },
            "cpu_time": 31.10936203199997,
            "children": [
                {
                    "result_set_size": 32,
                    "operator_timing": 0.129515114,
                    "operator_rows_scanned": 0,
                    "cumulative_rows_scanned": 4571392000,
                    "operator_cardinality": 1,
                    "operator_type": "UNGROUPED_AGGREGATE",
                    "cumulative_cardinality": 220190034,
                    "extra_info": {
                        "Aggregates": [
                            "sum(#0)",
                            "sum(#1)"
                        ]
                    },
                    "cpu_time": 31.10934412699997,
                    "children": [
                        {
                            "result_set_size": 678849360,
                            "operator_timing": 1.023018307,
                            "operator_rows_scanned": 0,
                            "cumulative_rows_scanned": 4571392000,
                            "operator_cardinality": 42428085,
                            "operator_type": "PROJECTION",
                            "cumulative_cardinality": 220190033,
                            "extra_info": {
                                "Projections": [
                                    "CASE  WHEN (prefix(p_type, 'PROMO')) THEN ((l_extendedprice * (1.00 - l_discount))) ELSE 0.0000 END",
                                    "(l_extendedprice * (1.00 - l_discount))"
                                ],
                                "Estimated Cardinality": "17200000"
                            },
                            "cpu_time": 30.97982901299997,
                            "children": [
                                {
                                    "result_set_size": 2036548080,
                                    "operator_timing": 9.565231487999972,
                                    "operator_rows_scanned": 0,
                                    "cumulative_rows_scanned": 4571392000,
                                    "operator_cardinality": 42428085,
                                    "operator_type": "HASH_JOIN",
                                    "cumulative_cardinality": 177761948,
                                    "extra_info": {
                                        "Join Type": "INNER",
                                        "Conditions": "p_partkey = l_partkey",
                                        "Estimated Cardinality": "17200000"
                                    },
                                    "cpu_time": 29.95681070599997,
                                    "children": [
                                        {
                                            "result_set_size": 2063999880,
                                            "operator_timing": 2.412110619,
                                            "operator_rows_scanned": 2752000000,
                                            "cumulative_rows_scanned": 2752000000,
                                            "operator_cardinality": 85999995,
                                            "operator_type": "TABLE_SCAN",
                                            "cumulative_cardinality": 85999995,
                                            "extra_info": {
                                                "Function": "PARQUET_SCAN",
                                                "Projections": [
                                                    "p_partkey",
                                                    "p_type"
                                                ],
                                                "Estimated Cardinality": "86000000"
                                            },
                                            "cpu_time": 2.412110619,
                                            "children": []
                                        },
                                        {
                                            "result_set_size": 1184012832,
                                            "operator_timing": 17.979468599,
                                            "operator_rows_scanned": 1819392000,
                                            "cumulative_rows_scanned": 1819392000,
                                            "operator_cardinality": 49333868,
                                            "operator_type": "TABLE_SCAN",
                                            "cumulative_cardinality": 49333868,
                                            "extra_info": {
                                                "Function": "READ_PARQUET",
                                                "Projections": [
                                                    "l_partkey",
                                                    "l_extendedprice",
                                                    "l_discount"
                                                ],
                                                "Filters": "l_shipdate>='1994-04-01'::DATE AND l_shipdate<'1994-05-01'::DATE AND l_shipdate IS NOT NULL",
                                                "Estimated Cardinality": "11371200"
                                            },
                                            "cpu_time": 17.979468599,
                                            "children": []
                                        }
                                    ]
                                }
                            ]
                        }
                    ]
                }
            ]
        }
    ]
}