{
    "rows_returned": 1,
    "latency": 3.475806576,
    "result_set_size": 72,
    "cumulative_rows_scanned": 8265600000,
    "cumulative_cardinality": 283365973,
    "extra_info": {},
    "cpu_time": 100.89619640499994,
    "blocked_thread_time": 0.0,
    "query_name": "WITH revenue AS (\n    SELECT\n        l_suppkey AS supplier_no,\n        sum(l_extendedprice * (1 - l_discount)) AS total_revenue\n    FROM\n        read_parquet([\"s3://tpch31087--apne1-az1--x-s3/0.parquet\", \"s3://tpch31087--apne1-az1--x-s3/1.parquet\", \"s3://tpch31087--apne1-az1--x-s3/2.parquet\", \"s3://tpch31087--apne1-az1--x-s3/3.parquet\", \"s3://tpch31087--apne1-az1--x-s3/4.parquet\", \"s3://tpch31087--apne1-az1--x-s3/5.parquet\", \"s3://tpch31087--apne1-az1--x-s3/6.parquet\", \"s3://tpch31087--apne1-az1--x-s3/7.parquet\", \"s3://tpch31087--apne1-az1--x-s3/8.parquet\", \"s3://tpch31087--apne1-az1--x-s3/9.parquet\", \"s3://tpch31087--apne1-az1--x-s3/10.parquet\", \"s3://tpch31087--apne1-az1--x-s3/11.parquet\", \"s3://tpch31087--apne1-az1--x-s3/12.parquet\", \"s3://tpch31087--apne1-az1--x-s3/13.parquet\", \"s3://tpch31087--apne1-az1--x-s3/14.parquet\", \"s3://tpch31087--apne1-az1--x-s3/15.parquet\", \"s3://tpch31087--apne1-az1--x-s3/16.parquet\", \"s3://tpch31087--apne1-az1--x-s3/17.parquet\", \"s3://tpch31087--apne1-az1--x-s3/18.parquet\", \"s3://tpch31087--apne1-az1--x-s3/19.parquet\", \"s3://tpch31087--apne1-az1--x-s3/20.parquet\", \"s3://tpch31087--apne1-az1--x-s3/21.parquet\", \"s3://tpch31087--apne1-az1--x-s3/22.parquet\", \"s3://tpch31087--apne1-az1--x-s3/23.parquet\", \"s3://tpch31087--apne1-az1--x-s3/24.parquet\", \"s3://tpch31087--apne1-az1--x-s3/25.parquet\", \"s3://tpch31087--apne1-az1--x-s3/26.parquet\", \"s3://tpch31087--apne1-az1--x-s3/27.parquet\", \"s3://tpch31087--apne1-az1--x-s3/28.parquet\", \"s3://tpch31087--apne1-az1--x-s3/29.parquet\", \"s3://tpch31087--apne1-az1--x-s3/30.parquet\", \"s3://tpch31087--apne1-az1--x-s3/31.parquet\", \"s3://tpch31087--apne1-az1--x-s3/32.parquet\", \"s3://tpch31087--apne1-az1--x-s3/33.parquet\", \"s3://tpch31087--apne1-az1--x-s3/34.parquet\", \"s3://tpch31087--apne1-az1--x-s3/35.parquet\", \"s3://tpch31087--apne1-az1--x-s3/36.parquet\", \"s3://tpch31087--apne1-az1--x-s3/37.parquet\", \"s3://tpch31087--apne1-az1--x-s3/38.parquet\", \"s3://tpch31087--apne1-az1--x-s3/39.parquet\", \"s3://tpch31087--apne1-az1--x-s3/40.parquet\", \"s3://tpch31087--apne1-az1--x-s3/41.parquet\", \"s3://tpch31087--apne1-az1--x-s3/42.parquet\", \"s3://tpch31087--apne1-az1--x-s3/43.parquet\", \"s3://tpch31087--apne1-az1--x-s3/44.parquet\", \"s3://tpch31087--apne1-az1--x-s3/45.parquet\", \"s3://tpch31087--apne1-az1--x-s3/46.parquet\", \"s3://tpch31087--apne1-az1--x-s3/47.parquet\", \"s3://tpch31087--apne1-az1--x-s3/48.parquet\", \"s3://tpch31087--apne1-az1--x-s3/49.parquet\", \"s3://tpch31087--apne1-az1--x-s3/50.parquet\", \"s3://tpch31087--apne1-az1--x-s3/51.parquet\", \"s3://tpch31087--apne1-az1--x-s3/52.parquet\", \"s3://tpch31087--apne1-az1--x-s3/53.parquet\", \"s3://tpch31087--apne1-az1--x-s3/54.parquet\", \"s3://tpch31087--apne1-az1--x-s3/55.parquet\", \"s3://tpch31087--apne1-az1--x-s3/56.parquet\", \"s3://tpch31087--apne1-az1--x-s3/57.parquet\", \"s3://tpch31087--apne1-az1--x-s3/58.parquet\", \"s3://tpch31087--apne1-az1--x-s3/59.parquet\", \"s3://tpch31087--apne1-az1--x-s3/60.parquet\", \"s3://tpch31087--apne1-az1--x-s3/61.parquet\", \"s3://tpch31087--apne1-az1--x-s3/62.parquet\", \"s3://tpch31087--apne1-az1--x-s3/63.parquet\", \"s3://tpch31087--apne1-az1--x-s3/64.parquet\", \"s3://tpch31087--apne1-az1--x-s3/65.parquet\", \"s3://tpch31087--apne1-az1--x-s3/66.parquet\", \"s3://tpch31087--apne1-az1--x-s3/67.parquet\", \"s3://tpch31087--apne1-az1--x-s3/68.parquet\", \"s3://tpch31087--apne1-az1--x-s3/69.parquet\", \"s3://tpch31087--apne1-az1--x-s3/70.parquet\", \"s3://tpch31087--apne1-az1--x-s3/71.parquet\", \"s3://tpch31087--apne1-az1--x-s3/72.parquet\", \"s3://tpch31087--apne1-az1--x-s3/73.parquet\", \"s3://tpch31087--apne1-az1--x-s3/74.parquet\", \"s3://tpch31087--apne1-az1--x-s3/75.parquet\", \"s3://tpch31087--apne1-az1--x-s3/76.parquet\", \"s3://tpch31087--apne1-az1--x-s3/77.parquet\", \"s3://tpch31087--apne1-az1--x-s3/78.parquet\", \"s3://tpch31087--apne1-az1--x-s3/79.parquet\", \"s3://tpch31087--apne1-az1--x-s3/80.parquet\", \"s3://tpch31087--apne1-az1--x-s3/81.parquet\", \"s3://tpch31087--apne1-az1--x-s3/82.parquet\", \"s3://tpch31087--apne1-az1--x-s3/83.parquet\", \"s3://tpch31087--apne1-az1--x-s3/84.parquet\", \"s3://tpch31087--apne1-az1--x-s3/85.parquet\", \"s3://tpch31087--apne1-az1--x-s3/86.parquet\", \"s3://tpch31087--apne1-az1--x-s3/87.parquet\", \"s3://tpch31087--apne1-az1--x-s3/88.parquet\", \"s3://tpch31087--apne1-az1--x-s3/89.parquet\", \"s3://tpch31087--apne1-az1--x-s3/90.parquet\", \"s3://tpch31087--apne1-az1--x-s3/91.parquet\", \"s3://tpch31087--apne1-az1--x-s3/92.parquet\", \"s3://tpch31087--apne1-az1--x-s3/93.parquet\", \"s3://tpch31087--apne1-az1--x-s3/94.parquet\", \"s3://tpch31087--apne1-az1--x-s3/95.parquet\", \"s3://tpch31087--apne1-az1--x-s3/96.parquet\", \"s3://tpch31087--apne1-az1--x-s3/97.parquet\", \"s3://tpch31087--apne1-az1--x-s3/98.parquet\", \"s3://tpch31087--apne1-az1--x-s3/99.parquet\", \"s3://tpch31087--apne1-az1--x-s3/100.parquet\", \"s3://tpch31087--apne1-az1--x-s3/101.parquet\", \"s3://tpch31087--apne1-az1--x-s3/102.parquet\", \"s3://tpch31087--apne1-az1--x-s3/103.parquet\", \"s3://tpch31087--apne1-az1--x-s3/104.parquet\", \"s3://tpch31087--apne1-az1--x-s3/105.parquet\", \"s3://tpch31087--apne1-az1--x-s3/106.parquet\", \"s3://tpch31087--apne1-az1--x-s3/107.parquet\", \"s3://tpch31087--apne1-az1--x-s3/108.parquet\", \"s3://tpch31087--apne1-az1--x-s3/109.parquet\", \"s3://tpch31087--apne1-az1--x-s3/110.parquet\", \"s3://tpch31087--apne1-az1--x-s3/111.parquet\", \"s3://tpch31087--apne1-az1--x-s3/112.parquet\", \"s3://tpch31087--apne1-az1--x-s3/113.parquet\", \"s3://tpch31087--apne1-az1--x-s3/114.parquet\", \"s3://tpch31087--apne1-az1--x-s3/115.parquet\", \"s3://tpch31087--apne1-az1--x-s3/116.parquet\", \"s3://tpch31087--apne1-az1--x-s3/117.parquet\", \"s3://tpch31087--apne1-az1--x-s3/118.parquet\", \"s3://tpch31087--apne1-az1--x-s3/119.parquet\", \"s3://tpch31087--apne1-az1--x-s3/120.parquet\", \"s3://tpch31087--apne1-az1--x-s3/121.parquet\", \"s3://tpch31087--apne1-az1--x-s3/122.parquet\", \"s3://tpch31087--apne1-az1--x-s3/123.parquet\", \"s3://tpch31087--apne1-az1--x-s3/124.parquet\", \"s3://tpch31087--apne1-az1--x-s3/125.parquet\", \"s3://tpch31087--apne1-az1--x-s3/126.parquet\", \"s3://tpch31087--apne1-az1--x-s3/127.parquet\", \"s3://tpch31087--apne1-az1--x-s3/128.parquet\", \"s3://tpch31087--apne1-az1--x-s3/129.parquet\", \"s3://tpch31087--apne1-az1--x-s3/130.parquet\", \"s3://tpch31087--apne1-az1--x-s3/131.parquet\", \"s3://tpch31087--apne1-az1--x-s3/132.parquet\", \"s3://tpch31087--apne1-az1--x-s3/133.parquet\", \"s3://tpch31087--apne1-az1--x-s3/134.parquet\", \"s3://tpch31087--apne1-az1--x-s3/135.parquet\", \"s3://tpch31087--apne1-az1--x-s3/136.parquet\", \"s3://tpch31087--apne1-az1--x-s3/137.parquet\", \"s3://tpch31087--apne1-az1--x-s3/138.parquet\", \"s3://tpch31087--apne1-az1--x-s3/139.parquet\", \"s3://tpch31087--apne1-az1--x-s3/140.parquet\", \"s3://tpch31087--apne1-az1--x-s3/141.parquet\", \"s3://tpch31087--apne1-az1--x-s3/152.parquet\", \"s3://tpch31087--apne1-az1--x-s3/153.parquet\", \"s3://tpch31087--apne1-az1--x-s3/214.parquet\", \"s3://tpch31087--apne1-az1--x-s3/215.parquet\", \"s3://tpch31087--apne1-az1--x-s3/216.parquet\", \"s3://tpch31087--apne1-az1--x-s3/217.parquet\", \"s3://tpch31087--apne1-az1--x-s3/218.parquet\", \"s3://tpch31087--apne1-az1--x-s3/219.parquet\", \"s3://tpch31087--apne1-az1--x-s3/220.parquet\", \"s3://tpch31087--apne1-az1--x-s3/221.parquet\", \"s3://tpch31087--apne1-az1--x-s3/222.parquet\", \"s3://tpch31087--apne1-az1--x-s3/223.parquet\", \"s3://tpch31087--apne1-az1--x-s3/224.parquet\", \"s3://tpch31087--apne1-az1--x-s3/225.parquet\", \"s3://tpch31087--apne1-az1--x-s3/226.parquet\", \"s3://tpch31087--apne1-az1--x-s3/390.parquet\", \"s3://tpch31087--apne1-az1--x-s3/391.parquet\", \"s3://tpch31087--apne1-az1--x-s3/392.parquet\", \"s3://tpch31087--apne1-az1--x-s3/393.parquet\", \"s3://tpch31087--apne1-az1--x-s3/394.parquet\", \"s3://tpch31087--apne1-az1--x-s3/395.parquet\", \"s3://tpch31087--apne1-az1--x-s3/396.parquet\", \"s3://tpch31087--apne1-az1--x-s3/397.parquet\", \"s3://tpch31087--apne1-az1--x-s3/398.parquet\", \"s3://tpch31087--apne1-az1--x-s3/399.parquet\", \"s3://tpch31087--apne1-az1--x-s3/400.parquet\", \"s3://tpch31087--apne1-az1--x-s3/401.parquet\", \"s3://tpch31087--apne1-az1--x-s3/402.parquet\", \"s3://tpch31087--apne1-az1--x-s3/466.parquet\", \"s3://tpch31087--apne1-az1--x-s3/497.parquet\", \"s3://tpch31087--apne1-az1--x-s3/498.parquet\", \"s3://tpch31087--apne1-az1--x-s3/499.parquet\", \"s3://tpch31087--apne1-az1--x-s3/500.parquet\", \"s3://tpch31087--apne1-az1--x-s3/501.parquet\", \"s3://tpch31087--apne1-az1--x-s3/502.parquet\", \"s3://tpch31087--apne1-az1--x-s3/503.parquet\", \"s3://tpch31087--apne1-az1--x-s3/504.parquet\", \"s3://tpch31087--apne1-az1--x-s3/505.parquet\", \"s3://tpch31087--apne1-az1--x-s3/506.parquet\", \"s3://tpch31087--apne1-az1--x-s3/507.parquet\", \"s3://tpch31087--apne1-az1--x-s3/744.parquet\", \"s3://tpch31087--apne1-az1--x-s3/745.parquet\", \"s3://tpch31087--apne1-az1--x-s3/746.parquet\", \"s3://tpch31087--apne1-az1--x-s3/747.parquet\", \"s3://tpch31087--apne1-az1--x-s3/748.parquet\", \"s3://tpch31087--apne1-az1--x-s3/749.parquet\", \"s3://tpch31087--apne1-az1--x-s3/750.parquet\", \"s3://tpch31087--apne1-az1--x-s3/751.parquet\", \"s3://tpch31087--apne1-az1--x-s3/752.parquet\", \"s3://tpch31087--apne1-az1--x-s3/753.parquet\", \"s3://tpch31087--apne1-az1--x-s3/754.parquet\", \"s3://tpch31087--apne1-az1--x-s3/755.parquet\", \"s3://tpch31087--apne1-az1--x-s3/788.parquet\", \"s3://tpch31087--apne1-az1--x-s3/789.parquet\", \"s3://tpch31087--apne1-az1--x-s3/790.parquet\", \"s3://tpch31087--apne1-az1--x-s3/791.parquet\", \"s3://tpch31087--apne1-az1--x-s3/792.parquet\", \"s3://tpch31087--apne1-az1--x-s3/793.parquet\", \"s3://tpch31087--apne1-az1--x-s3/794.parquet\", \"s3://tpch31087--apne1-az1--x-s3/795.parquet\", \"s3://tpch31087--apne1-az1--x-s3/796.parquet\", \"s3://tpch31087--apne1-az1--x-s3/797.parquet\", \"s3://tpch31087--apne1-az1--x-s3/798.parquet\", \"s3://tpch31087--apne1-az1--x-s3/799.parquet\", \"s3://tpch31087--apne1-az1--x-s3/800.parquet\", \"s3://tpch31087--apne1-az1--x-s3/1031.parquet\", \"s3://tpch31087--apne1-az1--x-s3/1032.parquet\", \"s3://tpch31087--apne1-az1--x-s3/1033.parquet\", \"s3://tpch31087--apne1-az1--x-s3/1034.parquet\", \"s3://tpch31087--apne1-az1--x-s3/1035.parquet\", \"s3://tpch31087--apne1-az1--x-s3/1036.parquet\", \"s3://tpch31087--apne1-az1--x-s3/1037.parquet\", \"s3://tpch31087--apne1-az1--x-s3/1038.parquet\", \"s3://tpch31087--apne1-az1--x-s3/1039.parquet\", \"s3://tpch31087--apne1-az1--x-s3/1040.parquet\", \"s3://tpch31087--apne1-az1--x-s3/1041.parquet\", \"s3://tpch31087--apne1-az1--x-s3/1042.parquet\", \"s3://tpch31087--apne1-az1--x-s3/1182.parquet\", \"s3://tpch31087--apne1-az1--x-s3/1183.parquet\", \"s3://tpch31087--apne1-az1--x-s3/1184.parquet\", \"s3://tpch31087--apne1-az1--x-s3/1185.parquet\", \"s3://tpch31087--apne1-az1--x-s3/1186.parquet\", \"s3://tpch31087--apne1-az1--x-s3/1187.parquet\", \"s3://tpch31087--apne1-az1--x-s3/1188.parquet\", \"s3://tpch31087--apne1-az1--x-s3/1189.parquet\", \"s3://tpch31087--apne1-az1--x-s3/1190.parquet\", \"s3://tpch31087--apne1-az1--x-s3/1191.parquet\", \"s3://tpch31087--apne1-az1--x-s3/1192.parquet\", \"s3://tpch31087--apne1-az1--x-s3/1193.parquet\", \"s3://tpch31087--apne1-az1--x-s3/1194.parquet\", \"s3://tpch31087--apne1-az1--x-s3/1230.parquet\", \"s3://tpch31087--apne1-az1--x-s3/1231.parquet\", \"s3://tpch31087--apne1-az1--x-s3/1232.parquet\", \"s3://tpch31087--apne1-az1--x-s3/1233.parquet\", \"s3://tpch31087--apne1-az1--x-s3/1234.parquet\", \"s3://tpch31087--apne1-az1--x-s3/1235.parquet\", \"s3://tpch31087--apne1-az1--x-s3/1236.parquet\", \"s3://tpch31087--apne1-az1--x-s3/1237.parquet\", \"s3://tpch31087--apne1-az1--x-s3/1238.parquet\", \"s3://tpch31087--apne1-az1--x-s3/1239.parquet\", \"s3://tpch31087--apne1-az1--x-s3/1240.parquet\", \"s3://tpch31087--apne1-az1--x-s3/1241.parquet\", \"s3://tpch31087--apne1-az1--x-s3/1326.parquet\", \"s3://tpch31087--apne1-az1--x-s3/1327.parquet\", \"s3://tpch31087--apne1-az1--x-s3/1328.parquet\", \"s3://tpch31087--apne1-az1--x-s3/1329.parquet\", \"s3://tpch31087--apne1-az1--x-s3/1330.parquet\", \"s3://tpch31087--apne1-az1--x-s3/1331.parquet\", \"s3://tpch31087--apne1-az1--x-s3/1332.parquet\", \"s3://tpch31087--apne1-az1--x-s3/1333.parquet\", \"s3://tpch31087--apne1-az1--x-s3/1334.parquet\", \"s3://tpch31087--apne1-az1--x-s3/1335.parquet\", \"s3://tpch31087--apne1-az1--x-s3/1336.parquet\", \"s3://tpch31087--apne1-az1--x-s3/1337.parquet\", \"s3://tpch31087--apne1-az1--x-s3/1338.parquet\", \"s3://tpch31087--apne1-az1--x-s3/1383.parquet\", \"s3://tpch31087--apne1-az1--x-s3/1384.parquet\", \"s3://tpch31087--apne1-az1--x-s3/1385.parquet\", \"s3://tpch31087--apne1-az1--x-s3/1386.parquet\", \"s3://tpch31087--apne1-az1--x-s3/1387.parquet\", \"s3://tpch31087--apne1-az1--x-s3/1388.parquet\", \"s3://tpch31087--apne1-az1--x-s3/1389.parquet\", \"s3://tpch31087--apne1-az1--x-s3/1390.parquet\", \"s3://tpch31087--apne1-az1--x-s3/1391.parquet\", \"s3://tpch31087--apne1-az1--x-s3/1392.parquet\", \"s3://tpch31087--apne1-az1--x-s3/1393.parquet\", \"s3://tpch31087--apne1-az1--x-s3/1394.parquet\", \"s3://tpch31087--apne1-az1--x-s3/1519.parquet\", \"s3://tpch31087--apne1-az1--x-s3/1520.parquet\", \"s3://tpch31087--apne1-az1--x-s3/1521.parquet\", \"s3://tpch31087--apne1-az1--x-s3/1522.parquet\", \"s3://tpch31087--apne1-az1--x-s3/1523.parquet\", \"s3://tpch31087--apne1-az1--x-s3/1524.parquet\", \"s3://tpch31087--apne1-az1--x-s3/1525.parquet\", \"s3://tpch31087--apne1-az1--x-s3/1526.parquet\", \"s3://tpch31087--apne1-az1--x-s3/1527.parquet\", \"s3://tpch31087--apne1-az1--x-s3/1528.parquet\", \"s3://tpch31087--apne1-az1--x-s3/1529.parquet\", \"s3://tpch31087--apne1-az1--x-s3/1577.parquet\", \"s3://tpch31087--apne1-az1--x-s3/1578.parquet\", \"s3://tpch31087--apne1-az1--x-s3/1579.parquet\", \"s3://tpch31087--apne1-az1--x-s3/1580.parquet\", \"s3://tpch31087--apne1-az1--x-s3/1581.parquet\", \"s3://tpch31087--apne1-az1--x-s3/1582.parquet\", \"s3://tpch31087--apne1-az1--x-s3/1583.parquet\", \"s3://tpch31087--apne1-az1--x-s3/1584.parquet\", \"s3://tpch31087--apne1-az1--x-s3/1585.parquet\", \"s3://tpch31087--apne1-az1--x-s3/1586.parquet\", \"s3://tpch31087--apne1-az1--x-s3/1587.parquet\", \"s3://tpch31087--apne1-az1--x-s3/1588.parquet\", \"s3://tpch31087--apne1-az1--x-s3/1666.parquet\", \"s3://tpch31087--apne1-az1--x-s3/1667.parquet\", \"s3://tpch31087--apne1-az1--x-s3/1668.parquet\", \"s3://tpch31087--apne1-az1--x-s3/1669.parquet\", \"s3://tpch31087--apne1-az1--x-s3/1670.parquet\", \"s3://tpch31087--apne1-az1--x-s3/1671.parquet\", \"s3://tpch31087--apne1-az1--x-s3/1672.parquet\", \"s3://tpch31087--apne1-az1--x-s3/1793.parquet\"])\n    WHERE\n        l_shipdate >= DATE '1992-01-01' + INTERVAL 23 MONTH\n        AND l_shipdate < DATE '1992-01-01' + INTERVAL 23 MONTH + INTERVAL 3 MONTH\n    GROUP BY\n        supplier_no\n)\nSELECT\n    s_suppkey,\n    s_name,\n    s_address,\n    s_phone,\n    total_revenue\nFROM\n    'pool/supplier/*.parquet',\n    revenue\nWHERE\n    s_suppkey = supplier_no\n    AND total_revenue = (\n        SELECT\n            max(total_revenue)\n        FROM\n            revenue\n    )\nORDER BY\n    s_suppkey;",
    "children": [
        {
            "result_set_size": 72,
            "operator_timing": 0.000036776,
            "operator_rows_scanned": 0,
            "cumulative_rows_scanned": 8265600000,
            "operator_cardinality": 1,
            "operator_type": "ORDER_BY",
            "cumulative_cardinality": 283365973,
            "extra_info": {
                "Order By": "\"pool/supplier/*.parquet\".s_suppkey ASC"
            },
            "cpu_time": 100.89619640499994,
            "children": [
                {
                    "result_set_size": 72,
                    "operator_timing": 0.000001413,
                    "operator_rows_scanned": 0,
                    "cumulative_rows_scanned": 8265600000,
                    "operator_cardinality": 1,
                    "operator_type": "PROJECTION",
                    "cumulative_cardinality": 283365972,
                    "extra_info": {
                        "Projections": [
                            "s_suppkey",
                            "s_name",
                            "s_address",
                            "s_phone",
                            "total_revenue"
                        ],
                        "Estimated Cardinality": "25440000"
                    },
                    "cpu_time": 100.89615962899994,
                    "children": [
                        {
                            "result_set_size": 0,
                            "operator_timing": 0.019374366,
                            "operator_rows_scanned": 0,
                            "cumulative_rows_scanned": 8265600000,
                            "operator_cardinality": 0,
                            "operator_type": "CTE",
                            "cumulative_cardinality": 283365971,
                            "extra_info": {
                                "CTE Name": "revenue",
                                "Table Index": "0"
                            },
                            "cpu_time": 100.89615821599993,
                            "children": [
                                {
                                    "result_set_size": 120000000,
                                    "operator_timing": 21.800325263999984,
                                    "operator_rows_scanned": 0,
                                    "cumulative_rows_scanned": 8140800000,
                                    "operator_cardinality": 5000000,
                                    "operator_type": "HASH_GROUP_BY",
                                    "cumulative_cardinality": 268365964,
                                    "extra_info": {
                                        "Groups": "#0",
                                        "Aggregates": "sum(#1)",
                                        "Estimated Cardinality": "25440000"
                                    },
                                    "cpu_time": 100.76187758899994,
                                    "children": [
                                        {
                                            "result_set_size": 2106927712,
                                            "operator_timing": 0.9814351489999997,
                                            "operator_rows_scanned": 0,
                                            "cumulative_rows_scanned": 8140800000,
                                            "operator_cardinality": 131682982,
                                            "operator_type": "PROJECTION",
                                            "cumulative_cardinality": 263365964,
                                            "extra_info": {
                                                "Projections": [
                                                    "supplier_no",
                                                    "(l_extendedprice * (1.00 - l_discount))"
                                                ],
                                                "Estimated Cardinality": "50880000"
                                            },
                                            "cpu_time": 78.96155232499996,
                                            "children": [
                                                {
                                                    "result_set_size": 3160391568,
                                                    "operator_timing": 77.98011717599995,
                                                    "operator_rows_scanned": 8140800000,
                                                    "cumulative_rows_scanned": 8140800000,
                                                    "operator_cardinality": 131682982,
                                                    "operator_type": "TABLE_SCAN",
                                                    "cumulative_cardinality": 131682982,
                                                    "extra_info": {
                                                        "Function": "READ_PARQUET",
                                                        "Projections": [
                                                            "l_suppkey",
                                                            "l_extendedprice",
                                                            "l_discount"
                                                        ],
                                                        "Filters": "l_shipdate>='1993-12-01'::DATE AND l_shipdate<'1994-03-01'::DATE AND l_shipdate IS NOT NULL",
                                                        "Estimated Cardinality": "50880000"
                                                    },
                                                    "cpu_time": 77.98011717599995,
                                                    "children": []
                                                }
                                            ]
                                        }
                                    ]
                                },
                                {
                                    "result_set_size": 96,
                                    "operator_timing": 0.000221696,
                                    "operator_rows_scanned": 0,
                                    "cumulative_rows_scanned": 124800000,
                                    "operator_cardinality": 1,
                                    "operator_type": "HASH_JOIN",
                                    "cumulative_cardinality": 15000007,
                                    "extra_info": {
                                        "Join Type": "INNER",
                                        "Conditions": "s_suppkey = supplier_no",
                                        "Estimated Cardinality": "0"
                                    },
                                    "cpu_time": 0.11490626100000001,
                                    "children": [
                                        {
                                            "result_set_size": 56,
                                            "operator_timing": 0.038338662,
                                            "operator_rows_scanned": 124800000,
                                            "cumulative_rows_scanned": 124800000,
                                            "operator_cardinality": 1,
                                            "operator_type": "TABLE_SCAN",
                                            "cumulative_cardinality": 1,
                                            "extra_info": {
                                                "Function": "PARQUET_SCAN",
                                                "Projections": "",
                                                "Estimated Cardinality": "3900000"
                                            },
                                            "cpu_time": 0.038338662,
                                            "children": []
                                        },
                                        {
                                            "result_set_size": 40,
                                            "operator_timing": 0.031279528,
                                            "operator_rows_scanned": 0,
                                            "cumulative_rows_scanned": 0,
                                            "operator_cardinality": 1,
                                            "operator_type": "HASH_JOIN",
                                            "cumulative_cardinality": 15000005,
                                            "extra_info": {
                                                "Join Type": "INNER",
                                                "Conditions": "total_revenue = SUBQUERY",
                                                "Estimated Cardinality": "0"
                                            },
                                            "cpu_time": 0.076345903,
                                            "children": [
                                                {
                                                    "result_set_size": 120000000,
                                                    "operator_timing": 0.007369723000000001,
                                                    "operator_rows_scanned": 0,
                                                    "cumulative_rows_scanned": 0,
                                                    "operator_cardinality": 5000000,
                                                    "operator_type": "CTE_SCAN",
                                                    "cumulative_cardinality": 5000000,
                                                    "extra_info": {
                                                        "CTE Index": "0",
                                                        "Estimated Cardinality": "25440000"
                                                    },
                                                    "cpu_time": 0.007369723000000001,
                                                    "children": []
                                                },
                                                {
                                                    "result_set_size": 16,
                                                    "operator_timing": 0.000003307,
                                                    "operator_rows_scanned": 0,
                                                    "cumulative_rows_scanned": 0,
                                                    "operator_cardinality": 1,
                                                    "operator_type": "PROJECTION",
                                                    "cumulative_cardinality": 10000004,
                                                    "extra_info": {
                                                        "Projections": [
                                                            "CASE  WHEN ((#1 > 1)) THEN (error('More than one row returned by a subquery used as an expression - scalar subqueries can only return a single row.",
                                                            "Use \"SET scalar_subquery_error_on_multiple_rows=false\" to revert to previous behavior of returning a random row.')) ELSE #0 END"
                                                        ],
                                                        "Estimated Cardinality": "1"
                                                    },
                                                    "cpu_time": 0.037696652000000004,
                                                    "children": [
                                                        {
                                                            "result_set_size": 24,
                                                            "operator_timing": 0.000002096,
                                                            "operator_rows_scanned": 0,
                                                            "cumulative_rows_scanned": 0,
                                                            "operator_cardinality": 1,
                                                            "operator_type": "UNGROUPED_AGGREGATE",
                                                            "cumulative_cardinality": 10000003,
                                                            "extra_info": {
                                                                "Aggregates": [
                                                                    "\"first\"(#0)",
                                                                    "count_star()"
                                                                ]
                                                            },
                                                            "cpu_time": 0.037693345,
                                                            "children": [
                                                                {
                                                                    "result_set_size": 16,
                                                                    "operator_timing": 2.73e-7,
                                                                    "operator_rows_scanned": 0,
                                                                    "cumulative_rows_scanned": 0,
                                                                    "operator_cardinality": 1,
                                                                    "operator_type": "PROJECTION",
                                                                    "cumulative_cardinality": 10000002,
                                                                    "extra_info": {
                                                                        "Projections": "#0",
                                                                        "Estimated Cardinality": "1"
                                                                    },
                                                                    "cpu_time": 0.037691249,
                                                                    "children": [
                                                                        {
                                                                            "result_set_size": 16,
                                                                            "operator_timing": 0.008556075,
                                                                            "operator_rows_scanned": 0,
                                                                            "cumulative_rows_scanned": 0,
                                                                            "operator_cardinality": 1,
                                                                            "operator_type": "UNGROUPED_AGGREGATE",
                                                                            "cumulative_cardinality": 10000001,
                                                                            "extra_info": {
                                                                                "Aggregates": "max(#0)"
                                                                            },
                                                                            "cpu_time": 0.037690976,
                                                                            "children": [
                                                                                {
                                                                                    "result_set_size": 80000000,
                                                                                    "operator_timing": 0.000307457,
                                                                                    "operator_rows_scanned": 0,
                                                                                    "cumulative_rows_scanned": 0,
                                                                                    "operator_cardinality": 5000000,
                                                                                    "operator_type": "PROJECTION",
                                                                                    "cumulative_cardinality": 10000000,
                                                                                    "extra_info": {
                                                                                        "Projections": "total_revenue",
                                                                                        "Estimated Cardinality": "25440000"
                                                                                    },
                                                                                    "cpu_time": 0.029134901,
                                                                                    "children": [
                                                                                        {
                                                                                            "result_set_size": 120000000,
                                                                                            "operator_timing": 0.028827444,
                                                                                            "operator_rows_scanned": 0,
                                                                                            "cumulative_rows_scanned": 0,
                                                                                            "operator_cardinality": 5000000,
                                                                                            "operator_type": "CTE_SCAN",
                                                                                            "cumulative_cardinality": 5000000,
                                                                                            "extra_info": {
                                                                                                "CTE Index": "0",
                                                                                                "Estimated Cardinality": "25440000"
                                                                                            },
                                                                                            "cpu_time": 0.028827444,
                                                                                            "children": []
                                                                                        }
                                                                                    ]
                                                                                }
                                                                            ]
                                                                        }
                                                                    ]
                                                                }
                                                            ]
                                                        }
                                                    ]
                                                }
                                            ]
                                        }
                                    ]
                                }
                            ]
                        }
                    ]
                }
            ]
        }
    ]
}