{
    "rows_returned": 1,
    "latency": 17.295195465,
    "result_set_size": 8,
    "cumulative_rows_scanned": 1924384000,
    "cumulative_cardinality": 120025067,
    "extra_info": {},
    "cpu_time": 155.01984483999993,
    "blocked_thread_time": 0.0,
    "query_name": "COPY (FROM read_parquet(['s3://tpch3981--apne1-az1--x-s3/1775.parquet','s3://tpch3981--apne1-az1--x-s3/1776.parquet','s3://tpch3981--apne1-az1--x-s3/1777.parquet','s3://tpch3981--apne1-az1--x-s3/1778.parquet','s3://tpch3981--apne1-az1--x-s3/1779.parquet','s3://tpch3981--apne1-az1--x-s3/1780.parquet','s3://tpch3981--apne1-az1--x-s3/1781.parquet','s3://tpch3981--apne1-az1--x-s3/1782.parquet','s3://tpch3981--apne1-az1--x-s3/1783.parquet','s3://tpch3981--apne1-az1--x-s3/1784.parquet','s3://tpch3981--apne1-az1--x-s3/1785.parquet','s3://tpch3981--apne1-az1--x-s3/1786.parquet','s3://tpch3981--apne1-az1--x-s3/1787.parquet','s3://tpch3981--apne1-az1--x-s3/1788.parquet','s3://tpch3981--apne1-az1--x-s3/1789.parquet','s3://tpch3981--apne1-az1--x-s3/1790.parquet','s3://tpch3981--apne1-az1--x-s3/1791.parquet','s3://tpch3981--apne1-az1--x-s3/1792.parquet','s3://tpch3981--apne1-az1--x-s3/1793.parquet','s3://tpch3981--apne1-az1--x-s3/1794.parquet','s3://tpch3981--apne1-az1--x-s3/1795.parquet','s3://tpch3981--apne1-az1--x-s3/1796.parquet','s3://tpch3981--apne1-az1--x-s3/1797.parquet','s3://tpch3981--apne1-az1--x-s3/1798.parquet','s3://tpch3981--apne1-az1--x-s3/1799.parquet','s3://tpch3981--apne1-az1--x-s3/1800.parquet','s3://tpch3981--apne1-az1--x-s3/1801.parquet','s3://tpch3981--apne1-az1--x-s3/1802.parquet','s3://tpch3981--apne1-az1--x-s3/1803.parquet','s3://tpch3981--apne1-az1--x-s3/1804.parquet','s3://tpch3981--apne1-az1--x-s3/1805.parquet','s3://tpch3981--apne1-az1--x-s3/1806.parquet','s3://tpch3981--apne1-az1--x-s3/1807.parquet','s3://tpch3981--apne1-az1--x-s3/1808.parquet','s3://tpch3981--apne1-az1--x-s3/1809.parquet','s3://tpch3981--apne1-az1--x-s3/1810.parquet','s3://tpch3981--apne1-az1--x-s3/1811.parquet','s3://tpch3981--apne1-az1--x-s3/1812.parquet','s3://tpch3981--apne1-az1--x-s3/1813.parquet','s3://tpch3981--apne1-az1--x-s3/1814.parquet','s3://tpch3981--apne1-az1--x-s3/1815.parquet','s3://tpch3981--apne1-az1--x-s3/1816.parquet','s3://tpch3981--apne1-az1--x-s3/1817.parquet','s3://tpch3981--apne1-az1--x-s3/1818.parquet','s3://tpch3981--apne1-az1--x-s3/1819.parquet','s3://tpch3981--apne1-az1--x-s3/1820.parquet','s3://tpch3981--apne1-az1--x-s3/1821.parquet','s3://tpch3981--apne1-az1--x-s3/1822.parquet','s3://tpch3981--apne1-az1--x-s3/1823.parquet','s3://tpch3981--apne1-az1--x-s3/1824.parquet','s3://tpch3981--apne1-az1--x-s3/1825.parquet','s3://tpch3981--apne1-az1--x-s3/1826.parquet','s3://tpch3981--apne1-az1--x-s3/1827.parquet','s3://tpch3981--apne1-az1--x-s3/1828.parquet','s3://tpch3981--apne1-az1--x-s3/1829.parquet','s3://tpch3981--apne1-az1--x-s3/1830.parquet','s3://tpch3981--apne1-az1--x-s3/1831.parquet','s3://tpch3981--apne1-az1--x-s3/1832.parquet','s3://tpch3981--apne1-az1--x-s3/1833.parquet','s3://tpch3981--apne1-az1--x-s3/1834.parquet','s3://tpch3981--apne1-az1--x-s3/1835.parquet','s3://tpch3981--apne1-az1--x-s3/1836.parquet','s3://tpch3981--apne1-az1--x-s3/1837.parquet','s3://tpch3981--apne1-az1--x-s3/1838.parquet','s3://tpch3981--apne1-az1--x-s3/1839.parquet','s3://tpch3981--apne1-az1--x-s3/1840.parquet','s3://tpch3981--apne1-az1--x-s3/1841.parquet','s3://tpch3981--apne1-az1--x-s3/1842.parquet','s3://tpch3981--apne1-az1--x-s3/1843.parquet','s3://tpch3981--apne1-az1--x-s3/1844.parquet','s3://tpch3981--apne1-az1--x-s3/1845.parquet']) ORDER BY l_shipdate) TO 's3://tpch3981--apne1-az1--x-s3/tmp' (FORMAT 'parquet');",
    "children": [
        {
            "result_set_size": 8,
            "operator_timing": 20.307767474999995,
            "operator_rows_scanned": 0,
            "cumulative_rows_scanned": 1924384000,
            "operator_cardinality": 1,
            "operator_type": "BATCH_COPY_TO_FILE",
            "cumulative_cardinality": 120025067,
            "extra_info": {},
            "cpu_time": 155.01984483999993,
            "children": [
                {
                    "result_set_size": 9361955148,
                    "operator_timing": 85.17005168199996,
                    "operator_rows_scanned": 0,
                    "cumulative_rows_scanned": 1924384000,
                    "operator_cardinality": 60012533,
                    "operator_type": "ORDER_BY",
                    "cumulative_cardinality": 120025066,
                    "extra_info": {
                        "Order By": "read_parquet.l_shipdate ASC"
                    },
                    "cpu_time": 134.71207736499994,
                    "children": [
                        {
                            "result_set_size": 9361955148,
                            "operator_timing": 49.542025682999984,
                            "operator_rows_scanned": 1924384000,
                            "cumulative_rows_scanned": 1924384000,
                            "operator_cardinality": 60012533,
                            "operator_type": "TABLE_SCAN",
                            "cumulative_cardinality": 60012533,
                            "extra_info": {
                                "Function": "READ_PARQUET",
                                "Projections": [
                                    "l_orderkey",
                                    "l_partkey",
                                    "l_suppkey",
                                    "l_linenumber",
                                    "l_quantity",
                                    "l_extendedprice",
                                    "l_discount",
                                    "l_tax",
                                    "l_returnflag",
                                    "l_linestatus",
                                    "l_shipdate",
                                    "l_commitdate",
                                    "l_receiptdate",
                                    "l_shipinstruct",
                                    "l_shipmode",
                                    "l_comment"
                                ],
                                "Estimated Cardinality": "60137000"
                            },
                            "cpu_time": 49.542025682999984,
                            "children": []
                        }
                    ]
                }
            ]
        }
    ]
}