{
    "rows_returned": 1,
    "latency": 1.107111543,
    "result_set_size": 8,
    "cumulative_rows_scanned": 3650624000,
    "cumulative_cardinality": 172833637,
    "extra_info": {},
    "cpu_time": 22.95384134500001,
    "blocked_thread_time": 0.0,
    "query_name": "SELECT\n    100.00 * sum(CASE\n            WHEN p_type LIKE 'PROMO%' \n            THEN l_extendedprice * (1 - l_discount)\n            ELSE 0\n    END) / sum(l_extendedprice * (1 - l_discount)) AS promo_revenue\nFROM\n    read_parquet([\"s3://tpch3934--apne1-az1--x-s3/487.parquet\", \"s3://tpch3934--apne1-az1--x-s3/488.parquet\", \"s3://tpch3934--apne1-az1--x-s3/489.parquet\", \"s3://tpch3934--apne1-az1--x-s3/490.parquet\", \"s3://tpch3934--apne1-az1--x-s3/491.parquet\", \"s3://tpch3934--apne1-az1--x-s3/492.parquet\", \"s3://tpch3934--apne1-az1--x-s3/493.parquet\", \"s3://tpch3934--apne1-az1--x-s3/494.parquet\", \"s3://tpch3934--apne1-az1--x-s3/495.parquet\", \"s3://tpch3934--apne1-az1--x-s3/496.parquet\", \"s3://tpch3934--apne1-az1--x-s3/497.parquet\", \"s3://tpch3934--apne1-az1--x-s3/498.parquet\", \"s3://tpch3934--apne1-az1--x-s3/499.parquet\", \"s3://tpch3934--apne1-az1--x-s3/500.parquet\", \"s3://tpch3934--apne1-az1--x-s3/501.parquet\", \"s3://tpch3934--apne1-az1--x-s3/502.parquet\", \"s3://tpch3934--apne1-az1--x-s3/503.parquet\", \"s3://tpch3934--apne1-az1--x-s3/504.parquet\", \"s3://tpch3934--apne1-az1--x-s3/505.parquet\", \"s3://tpch3934--apne1-az1--x-s3/506.parquet\", \"s3://tpch3934--apne1-az1--x-s3/507.parquet\", \"s3://tpch3934--apne1-az1--x-s3/508.parquet\", \"s3://tpch3934--apne1-az1--x-s3/509.parquet\", \"s3://tpch3934--apne1-az1--x-s3/510.parquet\", \"s3://tpch3934--apne1-az1--x-s3/511.parquet\", \"s3://tpch3934--apne1-az1--x-s3/512.parquet\", \"s3://tpch3934--apne1-az1--x-s3/513.parquet\", \"s3://tpch3934--apne1-az1--x-s3/514.parquet\", \"s3://tpch3934--apne1-az1--x-s3/515.parquet\", \"s3://tpch3934--apne1-az1--x-s3/516.parquet\", \"s3://tpch3934--apne1-az1--x-s3/517.parquet\", \"s3://tpch3934--apne1-az1--x-s3/518.parquet\", \"s3://tpch3934--apne1-az1--x-s3/519.parquet\", \"s3://tpch3934--apne1-az1--x-s3/520.parquet\", \"s3://tpch3934--apne1-az1--x-s3/521.parquet\", \"s3://tpch3934--apne1-az1--x-s3/522.parquet\", \"s3://tpch3934--apne1-az1--x-s3/523.parquet\", \"s3://tpch3934--apne1-az1--x-s3/524.parquet\", \"s3://tpch3934--apne1-az1--x-s3/525.parquet\", \"s3://tpch3934--apne1-az1--x-s3/526.parquet\", \"s3://tpch3934--apne1-az1--x-s3/527.parquet\", \"s3://tpch3934--apne1-az1--x-s3/528.parquet\", \"s3://tpch3934--apne1-az1--x-s3/529.parquet\", \"s3://tpch3934--apne1-az1--x-s3/530.parquet\", \"s3://tpch3934--apne1-az1--x-s3/531.parquet\", \"s3://tpch3934--apne1-az1--x-s3/532.parquet\", \"s3://tpch3934--apne1-az1--x-s3/533.parquet\", \"s3://tpch3934--apne1-az1--x-s3/534.parquet\", \"s3://tpch3934--apne1-az1--x-s3/535.parquet\"]),\n    'pool/part/*.parquet'\nWHERE\n    l_partkey = p_partkey\n    AND l_shipdate >= DATE '1992-01-01' + INTERVAL 21 MONTH\n    AND l_shipdate < DATE '1992-02-01' + INTERVAL 21 MONTH;",
    "children": [
        {
            "result_set_size": 8,
            "operator_timing": 0.000016869,
            "operator_rows_scanned": 0,
            "cumulative_rows_scanned": 3650624000,
            "operator_cardinality": 1,
            "operator_type": "PROJECTION",
            "cumulative_cardinality": 172833637,
            "extra_info": {
                "Projections": "promo_revenue",
                "Estimated Cardinality": "1"
            },
            "cpu_time": 22.95384134500001,
            "children": [
                {
                    "result_set_size": 32,
                    "operator_timing": 0.094005992,
                    "operator_rows_scanned": 0,
                    "cumulative_rows_scanned": 3650624000,
                    "operator_cardinality": 1,
                    "operator_type": "UNGROUPED_AGGREGATE",
                    "cumulative_cardinality": 172833636,
                    "extra_info": {
                        "Aggregates": [
                            "sum(#0)",
                            "sum(#1)"
                        ]
                    },
                    "cpu_time": 22.953824476000012,
                    "children": [
                        {
                            "result_set_size": 471830896,
                            "operator_timing": 0.7387231810000001,
                            "operator_rows_scanned": 0,
                            "cumulative_rows_scanned": 3650624000,
                            "operator_cardinality": 29489431,
                            "operator_type": "PROJECTION",
                            "cumulative_cardinality": 172833635,
                            "extra_info": {
                                "Projections": [
                                    "CASE  WHEN (prefix(p_type, 'PROMO')) THEN ((l_extendedprice * (1.00 - l_discount))) ELSE 0.0000 END",
                                    "(l_extendedprice * (1.00 - l_discount))"
                                ],
                                "Estimated Cardinality": "14800000"
                            },
                            "cpu_time": 22.859818484000012,
                            "children": [
                                {
                                    "result_set_size": 1415492688,
                                    "operator_timing": 7.742080627000007,
                                    "operator_rows_scanned": 0,
                                    "cumulative_rows_scanned": 3650624000,
                                    "operator_cardinality": 29489431,
                                    "operator_type": "HASH_JOIN",
                                    "cumulative_cardinality": 143344204,
                                    "extra_info": {
                                        "Join Type": "INNER",
                                        "Conditions": "p_partkey = l_partkey",
                                        "Estimated Cardinality": "14800000"
                                    },
                                    "cpu_time": 22.12109530300001,
                                    "children": [
                                        {
                                            "result_set_size": 1775999904,
                                            "operator_timing": 2.124824561,
                                            "operator_rows_scanned": 2368000000,
                                            "cumulative_rows_scanned": 2368000000,
                                            "operator_cardinality": 73999996,
                                            "operator_type": "TABLE_SCAN",
                                            "cumulative_cardinality": 73999996,
                                            "extra_info": {
                                                "Function": "PARQUET_SCAN",
                                                "Projections": [
                                                    "p_partkey",
                                                    "p_type"
                                                ],
                                                "Estimated Cardinality": "74000000"
                                            },
                                            "cpu_time": 2.124824561,
                                            "children": []
                                        },
                                        {
                                            "result_set_size": 956514648,
                                            "operator_timing": 12.254190115000002,
                                            "operator_rows_scanned": 1282624000,
                                            "cumulative_rows_scanned": 1282624000,
                                            "operator_cardinality": 39854777,
                                            "operator_type": "TABLE_SCAN",
                                            "cumulative_cardinality": 39854777,
                                            "extra_info": {
                                                "Function": "READ_PARQUET",
                                                "Projections": [
                                                    "l_partkey",
                                                    "l_extendedprice",
                                                    "l_discount"
                                                ],
                                                "Filters": "l_shipdate>='1993-10-01'::DATE AND l_shipdate<'1993-11-01'::DATE AND l_shipdate IS NOT NULL",
                                                "Estimated Cardinality": "8016400"
                                            },
                                            "cpu_time": 12.254190115000002,
                                            "children": []
                                        }
                                    ]
                                }
                            ]
                        }
                    ]
                }
            ]
        }
    ]
}