{
    "rows_returned": 1,
    "latency": 1.021959162,
    "result_set_size": 8,
    "cumulative_rows_scanned": 3641216000,
    "cumulative_cardinality": 159046219,
    "extra_info": {},
    "cpu_time": 19.533013495000016,
    "blocked_thread_time": 0.0,
    "query_name": "SELECT\n    100.00 * sum(CASE\n            WHEN p_type LIKE 'PROMO%' \n            THEN l_extendedprice * (1 - l_discount)\n            ELSE 0\n    END) / sum(l_extendedprice * (1 - l_discount)) AS promo_revenue\nFROM\n    read_parquet([\"s3://tpch10289--apne1-az1--x-s3/132.parquet\", \"s3://tpch10289--apne1-az1--x-s3/415.parquet\", \"s3://tpch10289--apne1-az1--x-s3/416.parquet\", \"s3://tpch10289--apne1-az1--x-s3/417.parquet\", \"s3://tpch10289--apne1-az1--x-s3/418.parquet\", \"s3://tpch10289--apne1-az1--x-s3/419.parquet\", \"s3://tpch10289--apne1-az1--x-s3/420.parquet\", \"s3://tpch10289--apne1-az1--x-s3/421.parquet\", \"s3://tpch10289--apne1-az1--x-s3/491.parquet\", \"s3://tpch10289--apne1-az1--x-s3/492.parquet\", \"s3://tpch10289--apne1-az1--x-s3/493.parquet\", \"s3://tpch10289--apne1-az1--x-s3/494.parquet\", \"s3://tpch10289--apne1-az1--x-s3/495.parquet\", \"s3://tpch10289--apne1-az1--x-s3/497.parquet\", \"s3://tpch10289--apne1-az1--x-s3/498.parquet\", \"s3://tpch10289--apne1-az1--x-s3/1053.parquet\", \"s3://tpch10289--apne1-az1--x-s3/1054.parquet\", \"s3://tpch10289--apne1-az1--x-s3/1055.parquet\", \"s3://tpch10289--apne1-az1--x-s3/1056.parquet\", \"s3://tpch10289--apne1-az1--x-s3/1057.parquet\", \"s3://tpch10289--apne1-az1--x-s3/1058.parquet\", \"s3://tpch10289--apne1-az1--x-s3/1059.parquet\", \"s3://tpch10289--apne1-az1--x-s3/1086.parquet\", \"s3://tpch10289--apne1-az1--x-s3/1087.parquet\", \"s3://tpch10289--apne1-az1--x-s3/1088.parquet\", \"s3://tpch10289--apne1-az1--x-s3/1089.parquet\", \"s3://tpch10289--apne1-az1--x-s3/1090.parquet\", \"s3://tpch10289--apne1-az1--x-s3/1091.parquet\", \"s3://tpch10289--apne1-az1--x-s3/1092.parquet\", \"s3://tpch10289--apne1-az1--x-s3/1206.parquet\", \"s3://tpch10289--apne1-az1--x-s3/1230.parquet\", \"s3://tpch10289--apne1-az1--x-s3/1231.parquet\", \"s3://tpch10289--apne1-az1--x-s3/1232.parquet\", \"s3://tpch10289--apne1-az1--x-s3/1233.parquet\", \"s3://tpch10289--apne1-az1--x-s3/1234.parquet\", \"s3://tpch10289--apne1-az1--x-s3/1235.parquet\", \"s3://tpch10289--apne1-az1--x-s3/1236.parquet\", \"s3://tpch10289--apne1-az1--x-s3/1320.parquet\", \"s3://tpch10289--apne1-az1--x-s3/1321.parquet\", \"s3://tpch10289--apne1-az1--x-s3/1322.parquet\", \"s3://tpch10289--apne1-az1--x-s3/1323.parquet\", \"s3://tpch10289--apne1-az1--x-s3/1324.parquet\", \"s3://tpch10289--apne1-az1--x-s3/1428.parquet\", \"s3://tpch10289--apne1-az1--x-s3/1429.parquet\", \"s3://tpch10289--apne1-az1--x-s3/1430.parquet\", \"s3://tpch10289--apne1-az1--x-s3/1709.parquet\", \"s3://tpch10289--apne1-az1--x-s3/1710.parquet\", \"s3://tpch10289--apne1-az1--x-s3/1711.parquet\", \"s3://tpch10289--apne1-az1--x-s3/1712.parquet\"]),\n    'pool/part/*.parquet'\nWHERE\n    l_partkey = p_partkey\n    AND l_shipdate >= DATE '1992-01-01' + INTERVAL 18 MONTH\n    AND l_shipdate < DATE '1992-02-01' + INTERVAL 18 MONTH;",
    "children": [
        {
            "result_set_size": 8,
            "operator_timing": 0.000020254,
            "operator_rows_scanned": 0,
            "cumulative_rows_scanned": 3641216000,
            "operator_cardinality": 1,
            "operator_type": "PROJECTION",
            "cumulative_cardinality": 159046219,
            "extra_info": {
                "Projections": "promo_revenue",
                "Estimated Cardinality": "1"
            },
            "cpu_time": 19.533013495000016,
            "children": [
                {
                    "result_set_size": 32,
                    "operator_timing": 0.08493965899999996,
                    "operator_rows_scanned": 0,
                    "cumulative_rows_scanned": 3641216000,
                    "operator_cardinality": 1,
                    "operator_type": "UNGROUPED_AGGREGATE",
                    "cumulative_cardinality": 159046218,
                    "extra_info": {
                        "Aggregates": [
                            "sum(#0)",
                            "sum(#1)"
                        ]
                    },
                    "cpu_time": 19.532993241000018,
                    "children": [
                        {
                            "result_set_size": 406025280,
                            "operator_timing": 0.6592810500000004,
                            "operator_rows_scanned": 0,
                            "cumulative_rows_scanned": 3641216000,
                            "operator_cardinality": 25376580,
                            "operator_type": "PROJECTION",
                            "cumulative_cardinality": 159046217,
                            "extra_info": {
                                "Projections": [
                                    "CASE  WHEN (prefix(p_type, 'PROMO')) THEN ((l_extendedprice * (1.00 - l_discount))) ELSE 0.0000 END",
                                    "(l_extendedprice * (1.00 - l_discount))"
                                ],
                                "Estimated Cardinality": "14800000"
                            },
                            "cpu_time": 19.448053582000018,
                            "children": [
                                {
                                    "result_set_size": 1218075840,
                                    "operator_timing": 6.398960354000013,
                                    "operator_rows_scanned": 0,
                                    "cumulative_rows_scanned": 3641216000,
                                    "operator_cardinality": 25376580,
                                    "operator_type": "HASH_JOIN",
                                    "cumulative_cardinality": 133669637,
                                    "extra_info": {
                                        "Join Type": "INNER",
                                        "Conditions": "p_partkey = l_partkey",
                                        "Estimated Cardinality": "14800000"
                                    },
                                    "cpu_time": 18.788772532000017,
                                    "children": [
                                        {
                                            "result_set_size": 1775999856,
                                            "operator_timing": 2.050432764,
                                            "operator_rows_scanned": 2368000000,
                                            "cumulative_rows_scanned": 2368000000,
                                            "operator_cardinality": 73999994,
                                            "operator_type": "TABLE_SCAN",
                                            "cumulative_cardinality": 73999994,
                                            "extra_info": {
                                                "Function": "PARQUET_SCAN",
                                                "Projections": [
                                                    "p_partkey",
                                                    "p_type"
                                                ],
                                                "Estimated Cardinality": "74000000"
                                            },
                                            "cpu_time": 2.050432764,
                                            "children": []
                                        },
                                        {
                                            "result_set_size": 823033512,
                                            "operator_timing": 10.339379414000001,
                                            "operator_rows_scanned": 1273216000,
                                            "cumulative_rows_scanned": 1273216000,
                                            "operator_cardinality": 34293063,
                                            "operator_type": "TABLE_SCAN",
                                            "cumulative_cardinality": 34293063,
                                            "extra_info": {
                                                "Function": "READ_PARQUET",
                                                "Projections": [
                                                    "l_partkey",
                                                    "l_extendedprice",
                                                    "l_discount"
                                                ],
                                                "Filters": "l_shipdate>='1993-07-01'::DATE AND l_shipdate<'1993-08-01'::DATE AND l_shipdate IS NOT NULL",
                                                "Estimated Cardinality": "7957600"
                                            },
                                            "cpu_time": 10.339379414000001,
                                            "children": []
                                        }
                                    ]
                                }
                            ]
                        }
                    ]
                }
            ]
        }
    ]
}