{
    "rows_returned": 1,
    "latency": 1.786588179,
    "result_set_size": 72,
    "cumulative_rows_scanned": 3392384000,
    "cumulative_cardinality": 212584573,
    "extra_info": {},
    "cpu_time": 48.15269897199999,
    "blocked_thread_time": 0.0,
    "query_name": "WITH revenue AS (\n    SELECT\n        l_suppkey AS supplier_no,\n        sum(l_extendedprice * (1 - l_discount)) AS total_revenue\n    FROM\n        read_parquet([\"s3://tpch10289--apne1-az1--x-s3/132.parquet\", \"s3://tpch10289--apne1-az1--x-s3/170.parquet\", \"s3://tpch10289--apne1-az1--x-s3/402.parquet\", \"s3://tpch10289--apne1-az1--x-s3/403.parquet\", \"s3://tpch10289--apne1-az1--x-s3/404.parquet\", \"s3://tpch10289--apne1-az1--x-s3/405.parquet\", \"s3://tpch10289--apne1-az1--x-s3/406.parquet\", \"s3://tpch10289--apne1-az1--x-s3/407.parquet\", \"s3://tpch10289--apne1-az1--x-s3/408.parquet\", \"s3://tpch10289--apne1-az1--x-s3/409.parquet\", \"s3://tpch10289--apne1-az1--x-s3/410.parquet\", \"s3://tpch10289--apne1-az1--x-s3/411.parquet\", \"s3://tpch10289--apne1-az1--x-s3/412.parquet\", \"s3://tpch10289--apne1-az1--x-s3/413.parquet\", \"s3://tpch10289--apne1-az1--x-s3/414.parquet\", \"s3://tpch10289--apne1-az1--x-s3/415.parquet\", \"s3://tpch10289--apne1-az1--x-s3/416.parquet\", \"s3://tpch10289--apne1-az1--x-s3/417.parquet\", \"s3://tpch10289--apne1-az1--x-s3/418.parquet\", \"s3://tpch10289--apne1-az1--x-s3/419.parquet\", \"s3://tpch10289--apne1-az1--x-s3/420.parquet\", \"s3://tpch10289--apne1-az1--x-s3/421.parquet\", \"s3://tpch10289--apne1-az1--x-s3/479.parquet\", \"s3://tpch10289--apne1-az1--x-s3/480.parquet\", \"s3://tpch10289--apne1-az1--x-s3/481.parquet\", \"s3://tpch10289--apne1-az1--x-s3/482.parquet\", \"s3://tpch10289--apne1-az1--x-s3/483.parquet\", \"s3://tpch10289--apne1-az1--x-s3/484.parquet\", \"s3://tpch10289--apne1-az1--x-s3/485.parquet\", \"s3://tpch10289--apne1-az1--x-s3/486.parquet\", \"s3://tpch10289--apne1-az1--x-s3/487.parquet\", \"s3://tpch10289--apne1-az1--x-s3/488.parquet\", \"s3://tpch10289--apne1-az1--x-s3/489.parquet\", \"s3://tpch10289--apne1-az1--x-s3/490.parquet\", \"s3://tpch10289--apne1-az1--x-s3/491.parquet\", \"s3://tpch10289--apne1-az1--x-s3/492.parquet\", \"s3://tpch10289--apne1-az1--x-s3/493.parquet\", \"s3://tpch10289--apne1-az1--x-s3/494.parquet\", \"s3://tpch10289--apne1-az1--x-s3/495.parquet\", \"s3://tpch10289--apne1-az1--x-s3/497.parquet\", \"s3://tpch10289--apne1-az1--x-s3/498.parquet\", \"s3://tpch10289--apne1-az1--x-s3/1040.parquet\", \"s3://tpch10289--apne1-az1--x-s3/1041.parquet\", \"s3://tpch10289--apne1-az1--x-s3/1042.parquet\", \"s3://tpch10289--apne1-az1--x-s3/1043.parquet\", \"s3://tpch10289--apne1-az1--x-s3/1044.parquet\", \"s3://tpch10289--apne1-az1--x-s3/1045.parquet\", \"s3://tpch10289--apne1-az1--x-s3/1046.parquet\", \"s3://tpch10289--apne1-az1--x-s3/1047.parquet\", \"s3://tpch10289--apne1-az1--x-s3/1048.parquet\", \"s3://tpch10289--apne1-az1--x-s3/1049.parquet\", \"s3://tpch10289--apne1-az1--x-s3/1050.parquet\", \"s3://tpch10289--apne1-az1--x-s3/1051.parquet\", \"s3://tpch10289--apne1-az1--x-s3/1052.parquet\", \"s3://tpch10289--apne1-az1--x-s3/1053.parquet\", \"s3://tpch10289--apne1-az1--x-s3/1054.parquet\", \"s3://tpch10289--apne1-az1--x-s3/1055.parquet\", \"s3://tpch10289--apne1-az1--x-s3/1056.parquet\", \"s3://tpch10289--apne1-az1--x-s3/1057.parquet\", \"s3://tpch10289--apne1-az1--x-s3/1058.parquet\", \"s3://tpch10289--apne1-az1--x-s3/1059.parquet\", \"s3://tpch10289--apne1-az1--x-s3/1075.parquet\", \"s3://tpch10289--apne1-az1--x-s3/1076.parquet\", \"s3://tpch10289--apne1-az1--x-s3/1077.parquet\", \"s3://tpch10289--apne1-az1--x-s3/1078.parquet\", \"s3://tpch10289--apne1-az1--x-s3/1079.parquet\", \"s3://tpch10289--apne1-az1--x-s3/1080.parquet\", \"s3://tpch10289--apne1-az1--x-s3/1081.parquet\", \"s3://tpch10289--apne1-az1--x-s3/1082.parquet\", \"s3://tpch10289--apne1-az1--x-s3/1083.parquet\", \"s3://tpch10289--apne1-az1--x-s3/1084.parquet\", \"s3://tpch10289--apne1-az1--x-s3/1085.parquet\", \"s3://tpch10289--apne1-az1--x-s3/1086.parquet\", \"s3://tpch10289--apne1-az1--x-s3/1087.parquet\", \"s3://tpch10289--apne1-az1--x-s3/1088.parquet\", \"s3://tpch10289--apne1-az1--x-s3/1089.parquet\", \"s3://tpch10289--apne1-az1--x-s3/1090.parquet\", \"s3://tpch10289--apne1-az1--x-s3/1091.parquet\", \"s3://tpch10289--apne1-az1--x-s3/1092.parquet\", \"s3://tpch10289--apne1-az1--x-s3/1206.parquet\", \"s3://tpch10289--apne1-az1--x-s3/1220.parquet\", \"s3://tpch10289--apne1-az1--x-s3/1221.parquet\", \"s3://tpch10289--apne1-az1--x-s3/1222.parquet\", \"s3://tpch10289--apne1-az1--x-s3/1223.parquet\", \"s3://tpch10289--apne1-az1--x-s3/1224.parquet\", \"s3://tpch10289--apne1-az1--x-s3/1225.parquet\", \"s3://tpch10289--apne1-az1--x-s3/1226.parquet\", \"s3://tpch10289--apne1-az1--x-s3/1227.parquet\", \"s3://tpch10289--apne1-az1--x-s3/1228.parquet\", \"s3://tpch10289--apne1-az1--x-s3/1229.parquet\", \"s3://tpch10289--apne1-az1--x-s3/1230.parquet\", \"s3://tpch10289--apne1-az1--x-s3/1231.parquet\", \"s3://tpch10289--apne1-az1--x-s3/1232.parquet\", \"s3://tpch10289--apne1-az1--x-s3/1233.parquet\", \"s3://tpch10289--apne1-az1--x-s3/1234.parquet\", \"s3://tpch10289--apne1-az1--x-s3/1235.parquet\", \"s3://tpch10289--apne1-az1--x-s3/1236.parquet\", \"s3://tpch10289--apne1-az1--x-s3/1312.parquet\", \"s3://tpch10289--apne1-az1--x-s3/1313.parquet\", \"s3://tpch10289--apne1-az1--x-s3/1314.parquet\", \"s3://tpch10289--apne1-az1--x-s3/1315.parquet\", \"s3://tpch10289--apne1-az1--x-s3/1316.parquet\", \"s3://tpch10289--apne1-az1--x-s3/1317.parquet\", \"s3://tpch10289--apne1-az1--x-s3/1318.parquet\", \"s3://tpch10289--apne1-az1--x-s3/1319.parquet\", \"s3://tpch10289--apne1-az1--x-s3/1320.parquet\", \"s3://tpch10289--apne1-az1--x-s3/1321.parquet\", \"s3://tpch10289--apne1-az1--x-s3/1322.parquet\", \"s3://tpch10289--apne1-az1--x-s3/1323.parquet\", \"s3://tpch10289--apne1-az1--x-s3/1324.parquet\", \"s3://tpch10289--apne1-az1--x-s3/1425.parquet\", \"s3://tpch10289--apne1-az1--x-s3/1426.parquet\", \"s3://tpch10289--apne1-az1--x-s3/1427.parquet\", \"s3://tpch10289--apne1-az1--x-s3/1428.parquet\", \"s3://tpch10289--apne1-az1--x-s3/1429.parquet\", \"s3://tpch10289--apne1-az1--x-s3/1430.parquet\", \"s3://tpch10289--apne1-az1--x-s3/1703.parquet\", \"s3://tpch10289--apne1-az1--x-s3/1704.parquet\", \"s3://tpch10289--apne1-az1--x-s3/1705.parquet\", \"s3://tpch10289--apne1-az1--x-s3/1706.parquet\", \"s3://tpch10289--apne1-az1--x-s3/1707.parquet\", \"s3://tpch10289--apne1-az1--x-s3/1708.parquet\", \"s3://tpch10289--apne1-az1--x-s3/1709.parquet\", \"s3://tpch10289--apne1-az1--x-s3/1710.parquet\", \"s3://tpch10289--apne1-az1--x-s3/1711.parquet\", \"s3://tpch10289--apne1-az1--x-s3/1712.parquet\"])\n    WHERE\n        l_shipdate >= DATE '1992-01-01' + INTERVAL 16 MONTH\n        AND l_shipdate < DATE '1992-01-01' + INTERVAL 16 MONTH + INTERVAL 3 MONTH\n    GROUP BY\n        supplier_no\n)\nSELECT\n    s_suppkey,\n    s_name,\n    s_address,\n    s_phone,\n    total_revenue\nFROM\n    'pool/supplier/*.parquet',\n    revenue\nWHERE\n    s_suppkey = supplier_no\n    AND total_revenue = (\n        SELECT\n            max(total_revenue)\n        FROM\n            revenue\n    )\nORDER BY\n    s_suppkey;",
    "children": [
        {
            "result_set_size": 72,
            "operator_timing": 0.000032423,
            "operator_rows_scanned": 0,
            "cumulative_rows_scanned": 3392384000,
            "operator_cardinality": 1,
            "operator_type": "ORDER_BY",
            "cumulative_cardinality": 212584573,
            "extra_info": {
                "Order By": "\"pool/supplier/*.parquet\".s_suppkey ASC"
            },
            "cpu_time": 48.15269897199999,
            "children": [
                {
                    "result_set_size": 72,
                    "operator_timing": 0.000001136,
                    "operator_rows_scanned": 0,
                    "cumulative_rows_scanned": 3392384000,
                    "operator_cardinality": 1,
                    "operator_type": "PROJECTION",
                    "cumulative_cardinality": 212584572,
                    "extra_info": {
                        "Projections": [
                            "s_suppkey",
                            "s_name",
                            "s_address",
                            "s_phone",
                            "total_revenue"
                        ],
                        "Estimated Cardinality": "10231200"
                    },
                    "cpu_time": 48.15266654899999,
                    "children": [
                        {
                            "result_set_size": 0,
                            "operator_timing": 0.01460264,
                            "operator_rows_scanned": 0,
                            "cumulative_rows_scanned": 3392384000,
                            "operator_cardinality": 0,
                            "operator_type": "CTE",
                            "cumulative_cardinality": 212584571,
                            "extra_info": {
                                "CTE Name": "revenue",
                                "Table Index": "0"
                            },
                            "cpu_time": 48.15266541299999,
                            "children": [
                                {
                                    "result_set_size": 120000000,
                                    "operator_timing": 15.289604743999993,
                                    "operator_rows_scanned": 0,
                                    "cumulative_rows_scanned": 3273984000,
                                    "operator_cardinality": 5000000,
                                    "operator_type": "HASH_GROUP_BY",
                                    "cumulative_cardinality": 197584564,
                                    "extra_info": {
                                        "Groups": "#0",
                                        "Aggregates": "sum(#1)",
                                        "Estimated Cardinality": "10231200"
                                    },
                                    "cpu_time": 48.04816001899999,
                                    "children": [
                                        {
                                            "result_set_size": 1540676512,
                                            "operator_timing": 0.6195916040000002,
                                            "operator_rows_scanned": 0,
                                            "cumulative_rows_scanned": 3273984000,
                                            "operator_cardinality": 96292282,
                                            "operator_type": "PROJECTION",
                                            "cumulative_cardinality": 192584564,
                                            "extra_info": {
                                                "Projections": [
                                                    "supplier_no",
                                                    "(l_extendedprice * (1.00 - l_discount))"
                                                ],
                                                "Estimated Cardinality": "20462400"
                                            },
                                            "cpu_time": 32.75855527499999,
                                            "children": [
                                                {
                                                    "result_set_size": 2311014768,
                                                    "operator_timing": 32.13896367099999,
                                                    "operator_rows_scanned": 3273984000,
                                                    "cumulative_rows_scanned": 3273984000,
                                                    "operator_cardinality": 96292282,
                                                    "operator_type": "TABLE_SCAN",
                                                    "cumulative_cardinality": 96292282,
                                                    "extra_info": {
                                                        "Function": "READ_PARQUET",
                                                        "Projections": [
                                                            "l_suppkey",
                                                            "l_extendedprice",
                                                            "l_discount"
                                                        ],
                                                        "Filters": "l_shipdate>='1993-05-01'::DATE AND l_shipdate<'1993-08-01'::DATE AND l_shipdate IS NOT NULL",
                                                        "Estimated Cardinality": "20462400"
                                                    },
                                                    "cpu_time": 32.13896367099999,
                                                    "children": []
                                                }
                                            ]
                                        }
                                    ]
                                },
                                {
                                    "result_set_size": 96,
                                    "operator_timing": 0.00023134999999999999,
                                    "operator_rows_scanned": 0,
                                    "cumulative_rows_scanned": 118400000,
                                    "operator_cardinality": 1,
                                    "operator_type": "HASH_JOIN",
                                    "cumulative_cardinality": 15000007,
                                    "extra_info": {
                                        "Join Type": "INNER",
                                        "Conditions": "s_suppkey = supplier_no",
                                        "Estimated Cardinality": "0"
                                    },
                                    "cpu_time": 0.089902754,
                                    "children": [
                                        {
                                            "result_set_size": 56,
                                            "operator_timing": 0.021002925,
                                            "operator_rows_scanned": 118400000,
                                            "cumulative_rows_scanned": 118400000,
                                            "operator_cardinality": 1,
                                            "operator_type": "TABLE_SCAN",
                                            "cumulative_cardinality": 1,
                                            "extra_info": {
                                                "Function": "PARQUET_SCAN",
                                                "Projections": "",
                                                "Estimated Cardinality": "3700000"
                                            },
                                            "cpu_time": 0.021002925,
                                            "children": []
                                        },
                                        {
                                            "result_set_size": 40,
                                            "operator_timing": 0.027968593,
                                            "operator_rows_scanned": 0,
                                            "cumulative_rows_scanned": 0,
                                            "operator_cardinality": 1,
                                            "operator_type": "HASH_JOIN",
                                            "cumulative_cardinality": 15000005,
                                            "extra_info": {
                                                "Join Type": "INNER",
                                                "Conditions": "total_revenue = SUBQUERY",
                                                "Estimated Cardinality": "0"
                                            },
                                            "cpu_time": 0.068668479,
                                            "children": [
                                                {
                                                    "result_set_size": 120000000,
                                                    "operator_timing": 0.007460463,
                                                    "operator_rows_scanned": 0,
                                                    "cumulative_rows_scanned": 0,
                                                    "operator_cardinality": 5000000,
                                                    "operator_type": "CTE_SCAN",
                                                    "cumulative_cardinality": 5000000,
                                                    "extra_info": {
                                                        "CTE Index": "0",
                                                        "Estimated Cardinality": "10231200"
                                                    },
                                                    "cpu_time": 0.007460463,
                                                    "children": []
                                                },
                                                {
                                                    "result_set_size": 16,
                                                    "operator_timing": 0.000003071,
                                                    "operator_rows_scanned": 0,
                                                    "cumulative_rows_scanned": 0,
                                                    "operator_cardinality": 1,
                                                    "operator_type": "PROJECTION",
                                                    "cumulative_cardinality": 10000004,
                                                    "extra_info": {
                                                        "Projections": [
                                                            "CASE  WHEN ((#1 > 1)) THEN (error('More than one row returned by a subquery used as an expression - scalar subqueries can only return a single row.",
                                                            "Use \"SET scalar_subquery_error_on_multiple_rows=false\" to revert to previous behavior of returning a random row.')) ELSE #0 END"
                                                        ],
                                                        "Estimated Cardinality": "1"
                                                    },
                                                    "cpu_time": 0.033239423000000004,
                                                    "children": [
                                                        {
                                                            "result_set_size": 24,
                                                            "operator_timing": 0.000001862,
                                                            "operator_rows_scanned": 0,
                                                            "cumulative_rows_scanned": 0,
                                                            "operator_cardinality": 1,
                                                            "operator_type": "UNGROUPED_AGGREGATE",
                                                            "cumulative_cardinality": 10000003,
                                                            "extra_info": {
                                                                "Aggregates": [
                                                                    "\"first\"(#0)",
                                                                    "count_star()"
                                                                ]
                                                            },
                                                            "cpu_time": 0.033236352000000004,
                                                            "children": [
                                                                {
                                                                    "result_set_size": 16,
                                                                    "operator_timing": 2.47e-7,
                                                                    "operator_rows_scanned": 0,
                                                                    "cumulative_rows_scanned": 0,
                                                                    "operator_cardinality": 1,
                                                                    "operator_type": "PROJECTION",
                                                                    "cumulative_cardinality": 10000002,
                                                                    "extra_info": {
                                                                        "Projections": "#0",
                                                                        "Estimated Cardinality": "1"
                                                                    },
                                                                    "cpu_time": 0.033234490000000005,
                                                                    "children": [
                                                                        {
                                                                            "result_set_size": 16,
                                                                            "operator_timing": 0.007435687000000002,
                                                                            "operator_rows_scanned": 0,
                                                                            "cumulative_rows_scanned": 0,
                                                                            "operator_cardinality": 1,
                                                                            "operator_type": "UNGROUPED_AGGREGATE",
                                                                            "cumulative_cardinality": 10000001,
                                                                            "extra_info": {
                                                                                "Aggregates": "max(#0)"
                                                                            },
                                                                            "cpu_time": 0.033234243000000004,
                                                                            "children": [
                                                                                {
                                                                                    "result_set_size": 80000000,
                                                                                    "operator_timing": 0.000307308,
                                                                                    "operator_rows_scanned": 0,
                                                                                    "cumulative_rows_scanned": 0,
                                                                                    "operator_cardinality": 5000000,
                                                                                    "operator_type": "PROJECTION",
                                                                                    "cumulative_cardinality": 10000000,
                                                                                    "extra_info": {
                                                                                        "Projections": "total_revenue",
                                                                                        "Estimated Cardinality": "10231200"
                                                                                    },
                                                                                    "cpu_time": 0.025798556000000004,
                                                                                    "children": [
                                                                                        {
                                                                                            "result_set_size": 120000000,
                                                                                            "operator_timing": 0.025491248000000005,
                                                                                            "operator_rows_scanned": 0,
                                                                                            "cumulative_rows_scanned": 0,
                                                                                            "operator_cardinality": 5000000,
                                                                                            "operator_type": "CTE_SCAN",
                                                                                            "cumulative_cardinality": 5000000,
                                                                                            "extra_info": {
                                                                                                "CTE Index": "0",
                                                                                                "Estimated Cardinality": "10231200"
                                                                                            },
                                                                                            "cpu_time": 0.025491248000000005,
                                                                                            "children": []
                                                                                        }
                                                                                    ]
                                                                                }
                                                                            ]
                                                                        }
                                                                    ]
                                                                }
                                                            ]
                                                        }
                                                    ]
                                                }
                                            ]
                                        }
                                    ]
                                }
                            ]
                        }
                    ]
                }
            ]
        }
    ]
}