{
    "rows_returned": 1,
    "latency": 8.019422429,
    "result_set_size": 8,
    "cumulative_rows_scanned": 922880000,
    "cumulative_cardinality": 57382001,
    "extra_info": {},
    "cpu_time": 53.10465146000001,
    "blocked_thread_time": 0.0,
    "query_name": "COPY (FROM read_parquet(['s3://tpch10289--apne1-az1--x-s3/1040.parquet','s3://tpch10289--apne1-az1--x-s3/1059.parquet','s3://tpch10289--apne1-az1--x-s3/1206.parquet','s3://tpch10289--apne1-az1--x-s3/1220.parquet','s3://tpch10289--apne1-az1--x-s3/1236.parquet','s3://tpch10289--apne1-az1--x-s3/1361.parquet','s3://tpch10289--apne1-az1--x-s3/1362.parquet','s3://tpch10289--apne1-az1--x-s3/1363.parquet','s3://tpch10289--apne1-az1--x-s3/1425.parquet','s3://tpch10289--apne1-az1--x-s3/1428.parquet','s3://tpch10289--apne1-az1--x-s3/1430.parquet','s3://tpch10289--apne1-az1--x-s3/1445.parquet','s3://tpch10289--apne1-az1--x-s3/1446.parquet','s3://tpch10289--apne1-az1--x-s3/146.parquet','s3://tpch10289--apne1-az1--x-s3/147.parquet','s3://tpch10289--apne1-az1--x-s3/149.parquet','s3://tpch10289--apne1-az1--x-s3/156.parquet','s3://tpch10289--apne1-az1--x-s3/170.parquet','s3://tpch10289--apne1-az1--x-s3/1712.parquet','s3://tpch10289--apne1-az1--x-s3/1725.parquet','s3://tpch10289--apne1-az1--x-s3/1726.parquet','s3://tpch10289--apne1-az1--x-s3/1727.parquet','s3://tpch10289--apne1-az1--x-s3/1728.parquet','s3://tpch10289--apne1-az1--x-s3/1729.parquet','s3://tpch10289--apne1-az1--x-s3/1774.parquet','s3://tpch10289--apne1-az1--x-s3/1988.parquet','s3://tpch10289--apne1-az1--x-s3/1989.parquet','s3://tpch10289--apne1-az1--x-s3/1990.parquet','s3://tpch10289--apne1-az1--x-s3/1991.parquet','s3://tpch10289--apne1-az1--x-s3/1992.parquet','s3://tpch10289--apne1-az1--x-s3/1993.parquet','s3://tpch10289--apne1-az1--x-s3/1994.parquet','s3://tpch10289--apne1-az1--x-s3/1995.parquet','s3://tpch10289--apne1-az1--x-s3/402.parquet','s3://tpch10289--apne1-az1--x-s3/421.parquet']) ORDER BY l_shipdate) TO 's3://tpch10289--apne1-az1--x-s3/tmp' (FORMAT 'parquet');",
    "children": [
        {
            "result_set_size": 8,
            "operator_timing": 3.954731409,
            "operator_rows_scanned": 0,
            "cumulative_rows_scanned": 922880000,
            "operator_cardinality": 1,
            "operator_type": "BATCH_COPY_TO_FILE",
            "cumulative_cardinality": 57382001,
            "extra_info": {},
            "cpu_time": 53.10465146000001,
            "children": [
                {
                    "result_set_size": 4475796000,
                    "operator_timing": 24.95871418300001,
                    "operator_rows_scanned": 0,
                    "cumulative_rows_scanned": 922880000,
                    "operator_cardinality": 28691000,
                    "operator_type": "ORDER_BY",
                    "cumulative_cardinality": 57382000,
                    "extra_info": {
                        "Order By": "read_parquet.l_shipdate ASC"
                    },
                    "cpu_time": 49.14992005100001,
                    "children": [
                        {
                            "result_set_size": 4475796000,
                            "operator_timing": 24.191205868,
                            "operator_rows_scanned": 922880000,
                            "cumulative_rows_scanned": 922880000,
                            "operator_cardinality": 28691000,
                            "operator_type": "TABLE_SCAN",
                            "cumulative_cardinality": 28691000,
                            "extra_info": {
                                "Function": "READ_PARQUET",
                                "Projections": [
                                    "l_orderkey",
                                    "l_partkey",
                                    "l_suppkey",
                                    "l_linenumber",
                                    "l_quantity",
                                    "l_extendedprice",
                                    "l_discount",
                                    "l_tax",
                                    "l_returnflag",
                                    "l_linestatus",
                                    "l_shipdate",
                                    "l_commitdate",
                                    "l_receiptdate",
                                    "l_shipinstruct",
                                    "l_shipmode",
                                    "l_comment"
                                ],
                                "Estimated Cardinality": "28840000"
                            },
                            "cpu_time": 24.191205868,
                            "children": []
                        }
                    ]
                }
            ]
        }
    ]
}