{
    "rows_returned": 1,
    "latency": 0.969959555,
    "result_set_size": 8,
    "cumulative_rows_scanned": 3396352000,
    "cumulative_cardinality": 142962864,
    "extra_info": {},
    "cpu_time": 19.806919679999986,
    "blocked_thread_time": 0.0,
    "query_name": "SELECT\n    100.00 * sum(CASE\n            WHEN p_type LIKE 'PROMO%' \n            THEN l_extendedprice * (1 - l_discount)\n            ELSE 0\n    END) / sum(l_extendedprice * (1 - l_discount)) AS promo_revenue\nFROM\n    read_parquet([\"s3://tpch28764--apne1-az1--x-s3/251.parquet\", \"s3://tpch28764--apne1-az1--x-s3/252.parquet\", \"s3://tpch28764--apne1-az1--x-s3/253.parquet\", \"s3://tpch28764--apne1-az1--x-s3/254.parquet\", \"s3://tpch28764--apne1-az1--x-s3/255.parquet\", \"s3://tpch28764--apne1-az1--x-s3/408.parquet\", \"s3://tpch28764--apne1-az1--x-s3/409.parquet\", \"s3://tpch28764--apne1-az1--x-s3/410.parquet\", \"s3://tpch28764--apne1-az1--x-s3/411.parquet\", \"s3://tpch28764--apne1-az1--x-s3/412.parquet\", \"s3://tpch28764--apne1-az1--x-s3/413.parquet\", \"s3://tpch28764--apne1-az1--x-s3/593.parquet\", \"s3://tpch28764--apne1-az1--x-s3/594.parquet\", \"s3://tpch28764--apne1-az1--x-s3/595.parquet\", \"s3://tpch28764--apne1-az1--x-s3/596.parquet\", \"s3://tpch28764--apne1-az1--x-s3/597.parquet\", \"s3://tpch28764--apne1-az1--x-s3/598.parquet\", \"s3://tpch28764--apne1-az1--x-s3/599.parquet\", \"s3://tpch28764--apne1-az1--x-s3/1011.parquet\", \"s3://tpch28764--apne1-az1--x-s3/1012.parquet\", \"s3://tpch28764--apne1-az1--x-s3/1013.parquet\", \"s3://tpch28764--apne1-az1--x-s3/1014.parquet\", \"s3://tpch28764--apne1-az1--x-s3/1015.parquet\", \"s3://tpch28764--apne1-az1--x-s3/1016.parquet\", \"s3://tpch28764--apne1-az1--x-s3/1072.parquet\", \"s3://tpch28764--apne1-az1--x-s3/1073.parquet\", \"s3://tpch28764--apne1-az1--x-s3/1074.parquet\", \"s3://tpch28764--apne1-az1--x-s3/1121.parquet\", \"s3://tpch28764--apne1-az1--x-s3/1135.parquet\", \"s3://tpch28764--apne1-az1--x-s3/1207.parquet\", \"s3://tpch28764--apne1-az1--x-s3/1234.parquet\", \"s3://tpch28764--apne1-az1--x-s3/1352.parquet\", \"s3://tpch28764--apne1-az1--x-s3/1357.parquet\", \"s3://tpch28764--apne1-az1--x-s3/1358.parquet\", \"s3://tpch28764--apne1-az1--x-s3/1591.parquet\", \"s3://tpch28764--apne1-az1--x-s3/1593.parquet\", \"s3://tpch28764--apne1-az1--x-s3/1594.parquet\", \"s3://tpch28764--apne1-az1--x-s3/1597.parquet\", \"s3://tpch28764--apne1-az1--x-s3/1598.parquet\"]),\n    'pool/part/*.parquet'\nWHERE\n    l_partkey = p_partkey\n    AND l_shipdate >= DATE '1992-01-01' + INTERVAL 15 MONTH\n    AND l_shipdate < DATE '1992-02-01' + INTERVAL 15 MONTH;",
    "children": [
        {
            "result_set_size": 8,
            "operator_timing": 0.000015941,
            "operator_rows_scanned": 0,
            "cumulative_rows_scanned": 3396352000,
            "operator_cardinality": 1,
            "operator_type": "PROJECTION",
            "cumulative_cardinality": 142962864,
            "extra_info": {
                "Projections": "promo_revenue",
                "Estimated Cardinality": "1"
            },
            "cpu_time": 19.806919679999986,
            "children": [
                {
                    "result_set_size": 32,
                    "operator_timing": 0.06977725199999998,
                    "operator_rows_scanned": 0,
                    "cumulative_rows_scanned": 3396352000,
                    "operator_cardinality": 1,
                    "operator_type": "UNGROUPED_AGGREGATE",
                    "cumulative_cardinality": 142962863,
                    "extra_info": {
                        "Aggregates": [
                            "sum(#0)",
                            "sum(#1)"
                        ]
                    },
                    "cpu_time": 19.806903738999985,
                    "children": [
                        {
                            "result_set_size": 329230432,
                            "operator_timing": 0.5450664040000001,
                            "operator_rows_scanned": 0,
                            "cumulative_rows_scanned": 3396352000,
                            "operator_cardinality": 20576902,
                            "operator_type": "PROJECTION",
                            "cumulative_cardinality": 142962862,
                            "extra_info": {
                                "Projections": [
                                    "CASE  WHEN (prefix(p_type, 'PROMO')) THEN ((l_extendedprice * (1.00 - l_discount))) ELSE 0.0000 END",
                                    "(l_extendedprice * (1.00 - l_discount))"
                                ],
                                "Estimated Cardinality": "14800000"
                            },
                            "cpu_time": 19.737126486999983,
                            "children": [
                                {
                                    "result_set_size": 987691296,
                                    "operator_timing": 6.209505157999985,
                                    "operator_rows_scanned": 0,
                                    "cumulative_rows_scanned": 3396352000,
                                    "operator_cardinality": 20576902,
                                    "operator_type": "HASH_JOIN",
                                    "cumulative_cardinality": 122385960,
                                    "extra_info": {
                                        "Join Type": "INNER",
                                        "Conditions": "p_partkey = l_partkey",
                                        "Estimated Cardinality": "14800000"
                                    },
                                    "cpu_time": 19.192060082999983,
                                    "children": [
                                        {
                                            "result_set_size": 1775999904,
                                            "operator_timing": 2.021586857,
                                            "operator_rows_scanned": 2368000000,
                                            "cumulative_rows_scanned": 2368000000,
                                            "operator_cardinality": 73999996,
                                            "operator_type": "TABLE_SCAN",
                                            "cumulative_cardinality": 73999996,
                                            "extra_info": {
                                                "Function": "PARQUET_SCAN",
                                                "Projections": [
                                                    "p_partkey",
                                                    "p_type"
                                                ],
                                                "Estimated Cardinality": "74000000"
                                            },
                                            "cpu_time": 2.021586857,
                                            "children": []
                                        },
                                        {
                                            "result_set_size": 667417488,
                                            "operator_timing": 10.960968068,
                                            "operator_rows_scanned": 1028352000,
                                            "cumulative_rows_scanned": 1028352000,
                                            "operator_cardinality": 27809062,
                                            "operator_type": "TABLE_SCAN",
                                            "cumulative_cardinality": 27809062,
                                            "extra_info": {
                                                "Function": "READ_PARQUET",
                                                "Projections": [
                                                    "l_partkey",
                                                    "l_extendedprice",
                                                    "l_discount"
                                                ],
                                                "Filters": "l_shipdate>='1993-04-01'::DATE AND l_shipdate<'1993-05-01'::DATE AND l_shipdate IS NOT NULL",
                                                "Estimated Cardinality": "6427200"
                                            },
                                            "cpu_time": 10.960968068,
                                            "children": []
                                        }
                                    ]
                                }
                            ]
                        }
                    ]
                }
            ]
        }
    ]
}