{
    "rows_returned": 1,
    "latency": 6.014513747,
    "result_set_size": 8,
    "cumulative_rows_scanned": 542720000,
    "cumulative_cardinality": 33936001,
    "extra_info": {},
    "cpu_time": 34.673427767999996,
    "blocked_thread_time": 0.0,
    "query_name": "COPY (FROM read_parquet(['s3://tpch9026--apne1-az1--x-s3/356.parquet','s3://tpch9026--apne1-az1--x-s3/359.parquet','s3://tpch9026--apne1-az1--x-s3/360.parquet','s3://tpch9026--apne1-az1--x-s3/361.parquet','s3://tpch9026--apne1-az1--x-s3/362.parquet','s3://tpch9026--apne1-az1--x-s3/371.parquet','s3://tpch9026--apne1-az1--x-s3/374.parquet','s3://tpch9026--apne1-az1--x-s3/376.parquet','s3://tpch9026--apne1-az1--x-s3/379.parquet','s3://tpch9026--apne1-az1--x-s3/382.parquet','s3://tpch9026--apne1-az1--x-s3/388.parquet','s3://tpch9026--apne1-az1--x-s3/395.parquet','s3://tpch9026--apne1-az1--x-s3/396.parquet','s3://tpch9026--apne1-az1--x-s3/398.parquet','s3://tpch9026--apne1-az1--x-s3/403.parquet','s3://tpch9026--apne1-az1--x-s3/406.parquet','s3://tpch9026--apne1-az1--x-s3/411.parquet','s3://tpch9026--apne1-az1--x-s3/413.parquet','s3://tpch9026--apne1-az1--x-s3/417.parquet','s3://tpch9026--apne1-az1--x-s3/421.parquet']) ORDER BY l_shipdate) TO 's3://tpch9026--apne1-az1--x-s3/tmp' (FORMAT 'parquet');",
    "children": [
        {
            "result_set_size": 8,
            "operator_timing": 3.9267780969999997,
            "operator_rows_scanned": 0,
            "cumulative_rows_scanned": 542720000,
            "operator_cardinality": 1,
            "operator_type": "BATCH_COPY_TO_FILE",
            "cumulative_cardinality": 33936001,
            "extra_info": {},
            "cpu_time": 34.673427767999996,
            "children": [
                {
                    "result_set_size": 2647008000,
                    "operator_timing": 20.744494632,
                    "operator_rows_scanned": 0,
                    "cumulative_rows_scanned": 542720000,
                    "operator_cardinality": 16968000,
                    "operator_type": "ORDER_BY",
                    "cumulative_cardinality": 33936000,
                    "extra_info": {
                        "Order By": "read_parquet.l_shipdate ASC"
                    },
                    "cpu_time": 30.746649670999993,
                    "children": [
                        {
                            "result_set_size": 2647008000,
                            "operator_timing": 10.002155038999996,
                            "operator_rows_scanned": 542720000,
                            "cumulative_rows_scanned": 542720000,
                            "operator_cardinality": 16968000,
                            "operator_type": "TABLE_SCAN",
                            "cumulative_cardinality": 16968000,
                            "extra_info": {
                                "Function": "READ_PARQUET",
                                "Projections": [
                                    "l_orderkey",
                                    "l_partkey",
                                    "l_suppkey",
                                    "l_linenumber",
                                    "l_quantity",
                                    "l_extendedprice",
                                    "l_discount",
                                    "l_tax",
                                    "l_returnflag",
                                    "l_linestatus",
                                    "l_shipdate",
                                    "l_commitdate",
                                    "l_receiptdate",
                                    "l_shipinstruct",
                                    "l_shipmode",
                                    "l_comment"
                                ],
                                "Estimated Cardinality": "16960000"
                            },
                            "cpu_time": 10.002155038999996,
                            "children": []
                        }
                    ]
                }
            ]
        }
    ]
}