{
    "rows_returned": 1,
    "latency": 17.122626263,
    "result_set_size": 8,
    "cumulative_rows_scanned": 1924384000,
    "cumulative_cardinality": 120017587,
    "extra_info": {},
    "cpu_time": 153.71662481,
    "blocked_thread_time": 0.0,
    "query_name": "COPY (FROM read_parquet(['s3://tpch3981--apne1-az1--x-s3/2485.parquet','s3://tpch3981--apne1-az1--x-s3/2486.parquet','s3://tpch3981--apne1-az1--x-s3/2487.parquet','s3://tpch3981--apne1-az1--x-s3/2488.parquet','s3://tpch3981--apne1-az1--x-s3/2489.parquet','s3://tpch3981--apne1-az1--x-s3/2490.parquet','s3://tpch3981--apne1-az1--x-s3/2491.parquet','s3://tpch3981--apne1-az1--x-s3/2492.parquet','s3://tpch3981--apne1-az1--x-s3/2493.parquet','s3://tpch3981--apne1-az1--x-s3/2494.parquet','s3://tpch3981--apne1-az1--x-s3/2495.parquet','s3://tpch3981--apne1-az1--x-s3/2496.parquet','s3://tpch3981--apne1-az1--x-s3/2497.parquet','s3://tpch3981--apne1-az1--x-s3/2498.parquet','s3://tpch3981--apne1-az1--x-s3/2499.parquet','s3://tpch3981--apne1-az1--x-s3/2500.parquet','s3://tpch3981--apne1-az1--x-s3/2501.parquet','s3://tpch3981--apne1-az1--x-s3/2502.parquet','s3://tpch3981--apne1-az1--x-s3/2503.parquet','s3://tpch3981--apne1-az1--x-s3/2504.parquet','s3://tpch3981--apne1-az1--x-s3/2505.parquet','s3://tpch3981--apne1-az1--x-s3/2506.parquet','s3://tpch3981--apne1-az1--x-s3/2507.parquet','s3://tpch3981--apne1-az1--x-s3/2508.parquet','s3://tpch3981--apne1-az1--x-s3/2509.parquet','s3://tpch3981--apne1-az1--x-s3/2510.parquet','s3://tpch3981--apne1-az1--x-s3/2511.parquet','s3://tpch3981--apne1-az1--x-s3/2512.parquet','s3://tpch3981--apne1-az1--x-s3/2513.parquet','s3://tpch3981--apne1-az1--x-s3/2514.parquet','s3://tpch3981--apne1-az1--x-s3/2515.parquet','s3://tpch3981--apne1-az1--x-s3/2516.parquet','s3://tpch3981--apne1-az1--x-s3/2517.parquet','s3://tpch3981--apne1-az1--x-s3/2518.parquet','s3://tpch3981--apne1-az1--x-s3/2519.parquet','s3://tpch3981--apne1-az1--x-s3/2520.parquet','s3://tpch3981--apne1-az1--x-s3/2521.parquet','s3://tpch3981--apne1-az1--x-s3/2522.parquet','s3://tpch3981--apne1-az1--x-s3/2523.parquet','s3://tpch3981--apne1-az1--x-s3/2524.parquet','s3://tpch3981--apne1-az1--x-s3/2525.parquet','s3://tpch3981--apne1-az1--x-s3/2526.parquet','s3://tpch3981--apne1-az1--x-s3/2527.parquet','s3://tpch3981--apne1-az1--x-s3/2528.parquet','s3://tpch3981--apne1-az1--x-s3/2529.parquet','s3://tpch3981--apne1-az1--x-s3/2530.parquet','s3://tpch3981--apne1-az1--x-s3/2531.parquet','s3://tpch3981--apne1-az1--x-s3/2532.parquet','s3://tpch3981--apne1-az1--x-s3/2533.parquet','s3://tpch3981--apne1-az1--x-s3/2534.parquet','s3://tpch3981--apne1-az1--x-s3/2535.parquet','s3://tpch3981--apne1-az1--x-s3/2536.parquet','s3://tpch3981--apne1-az1--x-s3/2537.parquet','s3://tpch3981--apne1-az1--x-s3/2538.parquet','s3://tpch3981--apne1-az1--x-s3/2539.parquet','s3://tpch3981--apne1-az1--x-s3/2540.parquet','s3://tpch3981--apne1-az1--x-s3/2541.parquet','s3://tpch3981--apne1-az1--x-s3/2542.parquet','s3://tpch3981--apne1-az1--x-s3/2543.parquet','s3://tpch3981--apne1-az1--x-s3/2544.parquet','s3://tpch3981--apne1-az1--x-s3/2545.parquet','s3://tpch3981--apne1-az1--x-s3/2546.parquet','s3://tpch3981--apne1-az1--x-s3/2547.parquet','s3://tpch3981--apne1-az1--x-s3/2548.parquet','s3://tpch3981--apne1-az1--x-s3/2549.parquet','s3://tpch3981--apne1-az1--x-s3/2550.parquet','s3://tpch3981--apne1-az1--x-s3/2551.parquet','s3://tpch3981--apne1-az1--x-s3/2552.parquet','s3://tpch3981--apne1-az1--x-s3/2553.parquet','s3://tpch3981--apne1-az1--x-s3/2554.parquet','s3://tpch3981--apne1-az1--x-s3/2555.parquet']) ORDER BY l_shipdate) TO 's3://tpch3981--apne1-az1--x-s3/tmp' (FORMAT 'parquet');",
    "children": [
        {
            "result_set_size": 8,
            "operator_timing": 19.449298269000007,
            "operator_rows_scanned": 0,
            "cumulative_rows_scanned": 1924384000,
            "operator_cardinality": 1,
            "operator_type": "BATCH_COPY_TO_FILE",
            "cumulative_cardinality": 120017587,
            "extra_info": {},
            "cpu_time": 153.71662481,
            "children": [
                {
                    "result_set_size": 9361371708,
                    "operator_timing": 84.27824033,
                    "operator_rows_scanned": 0,
                    "cumulative_rows_scanned": 1924384000,
                    "operator_cardinality": 60008793,
                    "operator_type": "ORDER_BY",
                    "cumulative_cardinality": 120017586,
                    "extra_info": {
                        "Order By": "read_parquet.l_shipdate ASC"
                    },
                    "cpu_time": 134.26732654100002,
                    "children": [
                        {
                            "result_set_size": 9361371708,
                            "operator_timing": 49.98908621100001,
                            "operator_rows_scanned": 1924384000,
                            "cumulative_rows_scanned": 1924384000,
                            "operator_cardinality": 60008793,
                            "operator_type": "TABLE_SCAN",
                            "cumulative_cardinality": 60008793,
                            "extra_info": {
                                "Function": "READ_PARQUET",
                                "Projections": [
                                    "l_orderkey",
                                    "l_partkey",
                                    "l_suppkey",
                                    "l_linenumber",
                                    "l_quantity",
                                    "l_extendedprice",
                                    "l_discount",
                                    "l_tax",
                                    "l_returnflag",
                                    "l_linestatus",
                                    "l_shipdate",
                                    "l_commitdate",
                                    "l_receiptdate",
                                    "l_shipinstruct",
                                    "l_shipmode",
                                    "l_comment"
                                ],
                                "Estimated Cardinality": "60137000"
                            },
                            "cpu_time": 49.98908621100001,
                            "children": []
                        }
                    ]
                }
            ]
        }
    ]
}