{
    "rows_returned": 0,
    "latency": 3.375416652,
    "result_set_size": 0,
    "cumulative_rows_scanned": 8538496000,
    "cumulative_cardinality": 199616567,
    "extra_info": {},
    "cpu_time": 97.80270186500002,
    "blocked_thread_time": 0.0,
    "query_name": "WITH revenue AS (\n    SELECT\n        l_suppkey AS supplier_no,\n        sum(l_extendedprice * (1 - l_discount)) AS total_revenue\n    FROM\n        read_parquet([\"s3://tpch28764--apne1-az1--x-s3/0.parquet\", \"s3://tpch28764--apne1-az1--x-s3/1.parquet\", \"s3://tpch28764--apne1-az1--x-s3/2.parquet\", \"s3://tpch28764--apne1-az1--x-s3/3.parquet\", \"s3://tpch28764--apne1-az1--x-s3/4.parquet\", \"s3://tpch28764--apne1-az1--x-s3/5.parquet\", \"s3://tpch28764--apne1-az1--x-s3/6.parquet\", \"s3://tpch28764--apne1-az1--x-s3/7.parquet\", \"s3://tpch28764--apne1-az1--x-s3/8.parquet\", \"s3://tpch28764--apne1-az1--x-s3/9.parquet\", \"s3://tpch28764--apne1-az1--x-s3/10.parquet\", \"s3://tpch28764--apne1-az1--x-s3/11.parquet\", \"s3://tpch28764--apne1-az1--x-s3/12.parquet\", \"s3://tpch28764--apne1-az1--x-s3/13.parquet\", \"s3://tpch28764--apne1-az1--x-s3/14.parquet\", \"s3://tpch28764--apne1-az1--x-s3/15.parquet\", \"s3://tpch28764--apne1-az1--x-s3/16.parquet\", \"s3://tpch28764--apne1-az1--x-s3/17.parquet\", \"s3://tpch28764--apne1-az1--x-s3/18.parquet\", \"s3://tpch28764--apne1-az1--x-s3/19.parquet\", \"s3://tpch28764--apne1-az1--x-s3/20.parquet\", \"s3://tpch28764--apne1-az1--x-s3/21.parquet\", \"s3://tpch28764--apne1-az1--x-s3/22.parquet\", \"s3://tpch28764--apne1-az1--x-s3/23.parquet\", \"s3://tpch28764--apne1-az1--x-s3/24.parquet\", \"s3://tpch28764--apne1-az1--x-s3/25.parquet\", \"s3://tpch28764--apne1-az1--x-s3/26.parquet\", \"s3://tpch28764--apne1-az1--x-s3/27.parquet\", \"s3://tpch28764--apne1-az1--x-s3/28.parquet\", \"s3://tpch28764--apne1-az1--x-s3/29.parquet\", \"s3://tpch28764--apne1-az1--x-s3/30.parquet\", \"s3://tpch28764--apne1-az1--x-s3/31.parquet\", \"s3://tpch28764--apne1-az1--x-s3/32.parquet\", \"s3://tpch28764--apne1-az1--x-s3/33.parquet\", \"s3://tpch28764--apne1-az1--x-s3/34.parquet\", \"s3://tpch28764--apne1-az1--x-s3/35.parquet\", \"s3://tpch28764--apne1-az1--x-s3/36.parquet\", \"s3://tpch28764--apne1-az1--x-s3/37.parquet\", \"s3://tpch28764--apne1-az1--x-s3/38.parquet\", \"s3://tpch28764--apne1-az1--x-s3/39.parquet\", \"s3://tpch28764--apne1-az1--x-s3/40.parquet\", \"s3://tpch28764--apne1-az1--x-s3/41.parquet\", \"s3://tpch28764--apne1-az1--x-s3/42.parquet\", \"s3://tpch28764--apne1-az1--x-s3/43.parquet\", \"s3://tpch28764--apne1-az1--x-s3/44.parquet\", \"s3://tpch28764--apne1-az1--x-s3/45.parquet\", \"s3://tpch28764--apne1-az1--x-s3/46.parquet\", \"s3://tpch28764--apne1-az1--x-s3/47.parquet\", \"s3://tpch28764--apne1-az1--x-s3/48.parquet\", \"s3://tpch28764--apne1-az1--x-s3/49.parquet\", \"s3://tpch28764--apne1-az1--x-s3/50.parquet\", \"s3://tpch28764--apne1-az1--x-s3/51.parquet\", \"s3://tpch28764--apne1-az1--x-s3/52.parquet\", \"s3://tpch28764--apne1-az1--x-s3/53.parquet\", \"s3://tpch28764--apne1-az1--x-s3/54.parquet\", \"s3://tpch28764--apne1-az1--x-s3/55.parquet\", \"s3://tpch28764--apne1-az1--x-s3/56.parquet\", \"s3://tpch28764--apne1-az1--x-s3/57.parquet\", \"s3://tpch28764--apne1-az1--x-s3/58.parquet\", \"s3://tpch28764--apne1-az1--x-s3/59.parquet\", \"s3://tpch28764--apne1-az1--x-s3/60.parquet\", \"s3://tpch28764--apne1-az1--x-s3/61.parquet\", \"s3://tpch28764--apne1-az1--x-s3/62.parquet\", \"s3://tpch28764--apne1-az1--x-s3/63.parquet\", \"s3://tpch28764--apne1-az1--x-s3/64.parquet\", \"s3://tpch28764--apne1-az1--x-s3/65.parquet\", \"s3://tpch28764--apne1-az1--x-s3/66.parquet\", \"s3://tpch28764--apne1-az1--x-s3/67.parquet\", \"s3://tpch28764--apne1-az1--x-s3/68.parquet\", \"s3://tpch28764--apne1-az1--x-s3/69.parquet\", \"s3://tpch28764--apne1-az1--x-s3/70.parquet\", \"s3://tpch28764--apne1-az1--x-s3/71.parquet\", \"s3://tpch28764--apne1-az1--x-s3/72.parquet\", \"s3://tpch28764--apne1-az1--x-s3/73.parquet\", \"s3://tpch28764--apne1-az1--x-s3/74.parquet\", \"s3://tpch28764--apne1-az1--x-s3/75.parquet\", \"s3://tpch28764--apne1-az1--x-s3/76.parquet\", \"s3://tpch28764--apne1-az1--x-s3/77.parquet\", \"s3://tpch28764--apne1-az1--x-s3/78.parquet\", \"s3://tpch28764--apne1-az1--x-s3/79.parquet\", \"s3://tpch28764--apne1-az1--x-s3/80.parquet\", \"s3://tpch28764--apne1-az1--x-s3/81.parquet\", \"s3://tpch28764--apne1-az1--x-s3/82.parquet\", \"s3://tpch28764--apne1-az1--x-s3/83.parquet\", \"s3://tpch28764--apne1-az1--x-s3/84.parquet\", \"s3://tpch28764--apne1-az1--x-s3/85.parquet\", \"s3://tpch28764--apne1-az1--x-s3/86.parquet\", \"s3://tpch28764--apne1-az1--x-s3/87.parquet\", \"s3://tpch28764--apne1-az1--x-s3/88.parquet\", \"s3://tpch28764--apne1-az1--x-s3/89.parquet\", \"s3://tpch28764--apne1-az1--x-s3/90.parquet\", \"s3://tpch28764--apne1-az1--x-s3/91.parquet\", \"s3://tpch28764--apne1-az1--x-s3/92.parquet\", \"s3://tpch28764--apne1-az1--x-s3/93.parquet\", \"s3://tpch28764--apne1-az1--x-s3/94.parquet\", \"s3://tpch28764--apne1-az1--x-s3/95.parquet\", \"s3://tpch28764--apne1-az1--x-s3/96.parquet\", \"s3://tpch28764--apne1-az1--x-s3/97.parquet\", \"s3://tpch28764--apne1-az1--x-s3/98.parquet\", \"s3://tpch28764--apne1-az1--x-s3/99.parquet\", \"s3://tpch28764--apne1-az1--x-s3/100.parquet\", \"s3://tpch28764--apne1-az1--x-s3/101.parquet\", \"s3://tpch28764--apne1-az1--x-s3/102.parquet\", \"s3://tpch28764--apne1-az1--x-s3/103.parquet\", \"s3://tpch28764--apne1-az1--x-s3/104.parquet\", \"s3://tpch28764--apne1-az1--x-s3/105.parquet\", \"s3://tpch28764--apne1-az1--x-s3/106.parquet\", \"s3://tpch28764--apne1-az1--x-s3/107.parquet\", \"s3://tpch28764--apne1-az1--x-s3/108.parquet\", \"s3://tpch28764--apne1-az1--x-s3/109.parquet\", \"s3://tpch28764--apne1-az1--x-s3/110.parquet\", \"s3://tpch28764--apne1-az1--x-s3/111.parquet\", \"s3://tpch28764--apne1-az1--x-s3/112.parquet\", \"s3://tpch28764--apne1-az1--x-s3/113.parquet\", \"s3://tpch28764--apne1-az1--x-s3/114.parquet\", \"s3://tpch28764--apne1-az1--x-s3/115.parquet\", \"s3://tpch28764--apne1-az1--x-s3/116.parquet\", \"s3://tpch28764--apne1-az1--x-s3/117.parquet\", \"s3://tpch28764--apne1-az1--x-s3/118.parquet\", \"s3://tpch28764--apne1-az1--x-s3/119.parquet\", \"s3://tpch28764--apne1-az1--x-s3/120.parquet\", \"s3://tpch28764--apne1-az1--x-s3/121.parquet\", \"s3://tpch28764--apne1-az1--x-s3/122.parquet\", \"s3://tpch28764--apne1-az1--x-s3/123.parquet\", \"s3://tpch28764--apne1-az1--x-s3/124.parquet\", \"s3://tpch28764--apne1-az1--x-s3/125.parquet\", \"s3://tpch28764--apne1-az1--x-s3/126.parquet\", \"s3://tpch28764--apne1-az1--x-s3/127.parquet\", \"s3://tpch28764--apne1-az1--x-s3/128.parquet\", \"s3://tpch28764--apne1-az1--x-s3/129.parquet\", \"s3://tpch28764--apne1-az1--x-s3/130.parquet\", \"s3://tpch28764--apne1-az1--x-s3/131.parquet\", \"s3://tpch28764--apne1-az1--x-s3/132.parquet\", \"s3://tpch28764--apne1-az1--x-s3/133.parquet\", \"s3://tpch28764--apne1-az1--x-s3/134.parquet\", \"s3://tpch28764--apne1-az1--x-s3/135.parquet\", \"s3://tpch28764--apne1-az1--x-s3/136.parquet\", \"s3://tpch28764--apne1-az1--x-s3/137.parquet\", \"s3://tpch28764--apne1-az1--x-s3/138.parquet\", \"s3://tpch28764--apne1-az1--x-s3/139.parquet\", \"s3://tpch28764--apne1-az1--x-s3/140.parquet\", \"s3://tpch28764--apne1-az1--x-s3/141.parquet\", \"s3://tpch28764--apne1-az1--x-s3/142.parquet\", \"s3://tpch28764--apne1-az1--x-s3/143.parquet\", \"s3://tpch28764--apne1-az1--x-s3/144.parquet\", \"s3://tpch28764--apne1-az1--x-s3/145.parquet\", \"s3://tpch28764--apne1-az1--x-s3/146.parquet\", \"s3://tpch28764--apne1-az1--x-s3/147.parquet\", \"s3://tpch28764--apne1-az1--x-s3/148.parquet\", \"s3://tpch28764--apne1-az1--x-s3/149.parquet\", \"s3://tpch28764--apne1-az1--x-s3/150.parquet\", \"s3://tpch28764--apne1-az1--x-s3/151.parquet\", \"s3://tpch28764--apne1-az1--x-s3/152.parquet\", \"s3://tpch28764--apne1-az1--x-s3/153.parquet\", \"s3://tpch28764--apne1-az1--x-s3/154.parquet\", \"s3://tpch28764--apne1-az1--x-s3/155.parquet\", \"s3://tpch28764--apne1-az1--x-s3/156.parquet\", \"s3://tpch28764--apne1-az1--x-s3/157.parquet\", \"s3://tpch28764--apne1-az1--x-s3/158.parquet\", \"s3://tpch28764--apne1-az1--x-s3/159.parquet\", \"s3://tpch28764--apne1-az1--x-s3/160.parquet\", \"s3://tpch28764--apne1-az1--x-s3/161.parquet\", \"s3://tpch28764--apne1-az1--x-s3/162.parquet\", \"s3://tpch28764--apne1-az1--x-s3/163.parquet\", \"s3://tpch28764--apne1-az1--x-s3/164.parquet\", \"s3://tpch28764--apne1-az1--x-s3/165.parquet\", \"s3://tpch28764--apne1-az1--x-s3/166.parquet\", \"s3://tpch28764--apne1-az1--x-s3/167.parquet\", \"s3://tpch28764--apne1-az1--x-s3/168.parquet\", \"s3://tpch28764--apne1-az1--x-s3/169.parquet\", \"s3://tpch28764--apne1-az1--x-s3/170.parquet\", \"s3://tpch28764--apne1-az1--x-s3/171.parquet\", \"s3://tpch28764--apne1-az1--x-s3/172.parquet\", \"s3://tpch28764--apne1-az1--x-s3/173.parquet\", \"s3://tpch28764--apne1-az1--x-s3/174.parquet\", \"s3://tpch28764--apne1-az1--x-s3/175.parquet\", \"s3://tpch28764--apne1-az1--x-s3/176.parquet\", \"s3://tpch28764--apne1-az1--x-s3/177.parquet\", \"s3://tpch28764--apne1-az1--x-s3/178.parquet\", \"s3://tpch28764--apne1-az1--x-s3/179.parquet\", \"s3://tpch28764--apne1-az1--x-s3/180.parquet\", \"s3://tpch28764--apne1-az1--x-s3/181.parquet\", \"s3://tpch28764--apne1-az1--x-s3/182.parquet\", \"s3://tpch28764--apne1-az1--x-s3/183.parquet\", \"s3://tpch28764--apne1-az1--x-s3/184.parquet\", \"s3://tpch28764--apne1-az1--x-s3/185.parquet\", \"s3://tpch28764--apne1-az1--x-s3/186.parquet\", \"s3://tpch28764--apne1-az1--x-s3/187.parquet\", \"s3://tpch28764--apne1-az1--x-s3/188.parquet\", \"s3://tpch28764--apne1-az1--x-s3/189.parquet\", \"s3://tpch28764--apne1-az1--x-s3/190.parquet\", \"s3://tpch28764--apne1-az1--x-s3/191.parquet\", \"s3://tpch28764--apne1-az1--x-s3/192.parquet\", \"s3://tpch28764--apne1-az1--x-s3/193.parquet\", \"s3://tpch28764--apne1-az1--x-s3/194.parquet\", \"s3://tpch28764--apne1-az1--x-s3/195.parquet\", \"s3://tpch28764--apne1-az1--x-s3/196.parquet\", \"s3://tpch28764--apne1-az1--x-s3/197.parquet\", \"s3://tpch28764--apne1-az1--x-s3/198.parquet\", \"s3://tpch28764--apne1-az1--x-s3/199.parquet\", \"s3://tpch28764--apne1-az1--x-s3/200.parquet\", \"s3://tpch28764--apne1-az1--x-s3/201.parquet\", \"s3://tpch28764--apne1-az1--x-s3/202.parquet\", \"s3://tpch28764--apne1-az1--x-s3/203.parquet\", \"s3://tpch28764--apne1-az1--x-s3/204.parquet\", \"s3://tpch28764--apne1-az1--x-s3/205.parquet\", \"s3://tpch28764--apne1-az1--x-s3/206.parquet\", \"s3://tpch28764--apne1-az1--x-s3/207.parquet\", \"s3://tpch28764--apne1-az1--x-s3/208.parquet\", \"s3://tpch28764--apne1-az1--x-s3/209.parquet\", \"s3://tpch28764--apne1-az1--x-s3/210.parquet\", \"s3://tpch28764--apne1-az1--x-s3/211.parquet\", \"s3://tpch28764--apne1-az1--x-s3/212.parquet\", \"s3://tpch28764--apne1-az1--x-s3/250.parquet\", \"s3://tpch28764--apne1-az1--x-s3/251.parquet\", \"s3://tpch28764--apne1-az1--x-s3/252.parquet\", \"s3://tpch28764--apne1-az1--x-s3/253.parquet\", \"s3://tpch28764--apne1-az1--x-s3/254.parquet\", \"s3://tpch28764--apne1-az1--x-s3/255.parquet\", \"s3://tpch28764--apne1-az1--x-s3/256.parquet\", \"s3://tpch28764--apne1-az1--x-s3/257.parquet\", \"s3://tpch28764--apne1-az1--x-s3/258.parquet\", \"s3://tpch28764--apne1-az1--x-s3/259.parquet\", \"s3://tpch28764--apne1-az1--x-s3/260.parquet\", \"s3://tpch28764--apne1-az1--x-s3/261.parquet\", \"s3://tpch28764--apne1-az1--x-s3/262.parquet\", \"s3://tpch28764--apne1-az1--x-s3/263.parquet\", \"s3://tpch28764--apne1-az1--x-s3/264.parquet\", \"s3://tpch28764--apne1-az1--x-s3/265.parquet\", \"s3://tpch28764--apne1-az1--x-s3/266.parquet\", \"s3://tpch28764--apne1-az1--x-s3/267.parquet\", \"s3://tpch28764--apne1-az1--x-s3/268.parquet\", \"s3://tpch28764--apne1-az1--x-s3/283.parquet\", \"s3://tpch28764--apne1-az1--x-s3/354.parquet\", \"s3://tpch28764--apne1-az1--x-s3/408.parquet\", \"s3://tpch28764--apne1-az1--x-s3/409.parquet\", \"s3://tpch28764--apne1-az1--x-s3/410.parquet\", \"s3://tpch28764--apne1-az1--x-s3/411.parquet\", \"s3://tpch28764--apne1-az1--x-s3/412.parquet\", \"s3://tpch28764--apne1-az1--x-s3/413.parquet\", \"s3://tpch28764--apne1-az1--x-s3/414.parquet\", \"s3://tpch28764--apne1-az1--x-s3/415.parquet\", \"s3://tpch28764--apne1-az1--x-s3/416.parquet\", \"s3://tpch28764--apne1-az1--x-s3/417.parquet\", \"s3://tpch28764--apne1-az1--x-s3/418.parquet\", \"s3://tpch28764--apne1-az1--x-s3/419.parquet\", \"s3://tpch28764--apne1-az1--x-s3/420.parquet\", \"s3://tpch28764--apne1-az1--x-s3/421.parquet\", \"s3://tpch28764--apne1-az1--x-s3/422.parquet\", \"s3://tpch28764--apne1-az1--x-s3/423.parquet\", \"s3://tpch28764--apne1-az1--x-s3/424.parquet\", \"s3://tpch28764--apne1-az1--x-s3/425.parquet\", \"s3://tpch28764--apne1-az1--x-s3/426.parquet\", \"s3://tpch28764--apne1-az1--x-s3/427.parquet\", \"s3://tpch28764--apne1-az1--x-s3/496.parquet\", \"s3://tpch28764--apne1-az1--x-s3/593.parquet\", \"s3://tpch28764--apne1-az1--x-s3/594.parquet\", \"s3://tpch28764--apne1-az1--x-s3/595.parquet\", \"s3://tpch28764--apne1-az1--x-s3/596.parquet\", \"s3://tpch28764--apne1-az1--x-s3/597.parquet\", \"s3://tpch28764--apne1-az1--x-s3/598.parquet\", \"s3://tpch28764--apne1-az1--x-s3/599.parquet\", \"s3://tpch28764--apne1-az1--x-s3/600.parquet\", \"s3://tpch28764--apne1-az1--x-s3/601.parquet\", \"s3://tpch28764--apne1-az1--x-s3/602.parquet\", \"s3://tpch28764--apne1-az1--x-s3/603.parquet\", \"s3://tpch28764--apne1-az1--x-s3/604.parquet\", \"s3://tpch28764--apne1-az1--x-s3/605.parquet\", \"s3://tpch28764--apne1-az1--x-s3/606.parquet\", \"s3://tpch28764--apne1-az1--x-s3/607.parquet\", \"s3://tpch28764--apne1-az1--x-s3/608.parquet\", \"s3://tpch28764--apne1-az1--x-s3/609.parquet\", \"s3://tpch28764--apne1-az1--x-s3/610.parquet\", \"s3://tpch28764--apne1-az1--x-s3/611.parquet\", \"s3://tpch28764--apne1-az1--x-s3/612.parquet\", \"s3://tpch28764--apne1-az1--x-s3/1011.parquet\", \"s3://tpch28764--apne1-az1--x-s3/1012.parquet\", \"s3://tpch28764--apne1-az1--x-s3/1013.parquet\", \"s3://tpch28764--apne1-az1--x-s3/1014.parquet\", \"s3://tpch28764--apne1-az1--x-s3/1015.parquet\", \"s3://tpch28764--apne1-az1--x-s3/1016.parquet\", \"s3://tpch28764--apne1-az1--x-s3/1017.parquet\", \"s3://tpch28764--apne1-az1--x-s3/1018.parquet\", \"s3://tpch28764--apne1-az1--x-s3/1019.parquet\", \"s3://tpch28764--apne1-az1--x-s3/1020.parquet\", \"s3://tpch28764--apne1-az1--x-s3/1021.parquet\", \"s3://tpch28764--apne1-az1--x-s3/1022.parquet\", \"s3://tpch28764--apne1-az1--x-s3/1023.parquet\", \"s3://tpch28764--apne1-az1--x-s3/1024.parquet\", \"s3://tpch28764--apne1-az1--x-s3/1025.parquet\", \"s3://tpch28764--apne1-az1--x-s3/1026.parquet\", \"s3://tpch28764--apne1-az1--x-s3/1027.parquet\", \"s3://tpch28764--apne1-az1--x-s3/1028.parquet\", \"s3://tpch28764--apne1-az1--x-s3/1029.parquet\", \"s3://tpch28764--apne1-az1--x-s3/1072.parquet\", \"s3://tpch28764--apne1-az1--x-s3/1073.parquet\", \"s3://tpch28764--apne1-az1--x-s3/1074.parquet\", \"s3://tpch28764--apne1-az1--x-s3/1075.parquet\", \"s3://tpch28764--apne1-az1--x-s3/1076.parquet\", \"s3://tpch28764--apne1-az1--x-s3/1077.parquet\", \"s3://tpch28764--apne1-az1--x-s3/1078.parquet\", \"s3://tpch28764--apne1-az1--x-s3/1079.parquet\", \"s3://tpch28764--apne1-az1--x-s3/1080.parquet\", \"s3://tpch28764--apne1-az1--x-s3/1081.parquet\", \"s3://tpch28764--apne1-az1--x-s3/1082.parquet\", \"s3://tpch28764--apne1-az1--x-s3/1083.parquet\", \"s3://tpch28764--apne1-az1--x-s3/1084.parquet\", \"s3://tpch28764--apne1-az1--x-s3/1085.parquet\", \"s3://tpch28764--apne1-az1--x-s3/1086.parquet\", \"s3://tpch28764--apne1-az1--x-s3/1135.parquet\", \"s3://tpch28764--apne1-az1--x-s3/1207.parquet\"])\n    WHERE\n        l_shipdate >= DATE '1992-01-01' + INTERVAL 15 MONTH\n        AND l_shipdate < DATE '1992-01-01' + INTERVAL 15 MONTH + INTERVAL 3 MONTH\n    GROUP BY\n        supplier_no\n)\nSELECT\n    s_suppkey,\n    s_name,\n    s_address,\n    s_phone,\n    total_revenue\nFROM\n    'pool/supplier/*.parquet',\n    revenue\nWHERE\n    s_suppkey = supplier_no\n    AND total_revenue = (\n        SELECT\n            max(total_revenue)\n        FROM\n            revenue\n    )\nORDER BY\n    s_suppkey;",
    "children": [
        {
            "result_set_size": 0,
            "operator_timing": 3.84e-7,
            "operator_rows_scanned": 0,
            "cumulative_rows_scanned": 8538496000,
            "operator_cardinality": 0,
            "operator_type": "ORDER_BY",
            "cumulative_cardinality": 199616567,
            "extra_info": {
                "Order By": "\"pool/supplier/*.parquet\".s_suppkey ASC"
            },
            "cpu_time": 97.80270186500002,
            "children": [
                {
                    "result_set_size": 0,
                    "operator_timing": 0.0,
                    "operator_rows_scanned": 0,
                    "cumulative_rows_scanned": 8538496000,
                    "operator_cardinality": 0,
                    "operator_type": "PROJECTION",
                    "cumulative_cardinality": 199616567,
                    "extra_info": {
                        "Projections": [
                            "s_suppkey",
                            "s_name",
                            "s_address",
                            "s_phone",
                            "total_revenue"
                        ],
                        "Estimated Cardinality": "26372800"
                    },
                    "cpu_time": 97.80270148100001,
                    "children": [
                        {
                            "result_set_size": 0,
                            "operator_timing": 0.13164006800000003,
                            "operator_rows_scanned": 0,
                            "cumulative_rows_scanned": 8538496000,
                            "operator_cardinality": 0,
                            "operator_type": "CTE",
                            "cumulative_cardinality": 199616567,
                            "extra_info": {
                                "CTE Name": "revenue",
                                "Table Index": "0"
                            },
                            "cpu_time": 97.80270148100001,
                            "children": [
                                {
                                    "result_set_size": 120000000,
                                    "operator_timing": 13.960226557,
                                    "operator_rows_scanned": 0,
                                    "cumulative_rows_scanned": 8439296000,
                                    "operator_cardinality": 5000000,
                                    "operator_type": "HASH_GROUP_BY",
                                    "cumulative_cardinality": 184616562,
                                    "extra_info": {
                                        "Groups": "#0",
                                        "Aggregates": "sum(#1)",
                                        "Estimated Cardinality": "26372800"
                                    },
                                    "cpu_time": 97.55145121700002,
                                    "children": [
                                        {
                                            "result_set_size": 1436932496,
                                            "operator_timing": 0.744810459,
                                            "operator_rows_scanned": 0,
                                            "cumulative_rows_scanned": 8439296000,
                                            "operator_cardinality": 89808281,
                                            "operator_type": "PROJECTION",
                                            "cumulative_cardinality": 179616562,
                                            "extra_info": {
                                                "Projections": [
                                                    "supplier_no",
                                                    "(l_extendedprice * (1.00 - l_discount))"
                                                ],
                                                "Estimated Cardinality": "52745600"
                                            },
                                            "cpu_time": 83.59122466000002,
                                            "children": [
                                                {
                                                    "result_set_size": 2155398744,
                                                    "operator_timing": 82.84641420100002,
                                                    "operator_rows_scanned": 8439296000,
                                                    "cumulative_rows_scanned": 8439296000,
                                                    "operator_cardinality": 89808281,
                                                    "operator_type": "TABLE_SCAN",
                                                    "cumulative_cardinality": 89808281,
                                                    "extra_info": {
                                                        "Function": "READ_PARQUET",
                                                        "Projections": [
                                                            "l_suppkey",
                                                            "l_extendedprice",
                                                            "l_discount"
                                                        ],
                                                        "Filters": "l_shipdate>='1993-04-01'::DATE AND l_shipdate<'1993-07-01'::DATE AND l_shipdate IS NOT NULL",
                                                        "Estimated Cardinality": "52745600"
                                                    },
                                                    "cpu_time": 82.84641420100002,
                                                    "children": []
                                                }
                                            ]
                                        }
                                    ]
                                },
                                {
                                    "result_set_size": 0,
                                    "operator_timing": 0.00018334200000000005,
                                    "operator_rows_scanned": 0,
                                    "cumulative_rows_scanned": 99200000,
                                    "operator_cardinality": 0,
                                    "operator_type": "HASH_JOIN",
                                    "cumulative_cardinality": 15000005,
                                    "extra_info": {
                                        "Join Type": "INNER",
                                        "Conditions": "s_suppkey = supplier_no",
                                        "Estimated Cardinality": "0"
                                    },
                                    "cpu_time": 0.11961019599999999,
                                    "children": [
                                        {
                                            "result_set_size": 0,
                                            "operator_timing": 0.05033350299999999,
                                            "operator_rows_scanned": 99200000,
                                            "cumulative_rows_scanned": 99200000,
                                            "operator_cardinality": 0,
                                            "operator_type": "TABLE_SCAN",
                                            "cumulative_cardinality": 0,
                                            "extra_info": {
                                                "Function": "PARQUET_SCAN",
                                                "Projections": "",
                                                "Estimated Cardinality": "3100000"
                                            },
                                            "cpu_time": 0.05033350299999999,
                                            "children": []
                                        },
                                        {
                                            "result_set_size": 40,
                                            "operator_timing": 0.028488160000000002,
                                            "operator_rows_scanned": 0,
                                            "cumulative_rows_scanned": 0,
                                            "operator_cardinality": 1,
                                            "operator_type": "HASH_JOIN",
                                            "cumulative_cardinality": 15000005,
                                            "extra_info": {
                                                "Join Type": "INNER",
                                                "Conditions": "total_revenue = SUBQUERY",
                                                "Estimated Cardinality": "0"
                                            },
                                            "cpu_time": 0.069093351,
                                            "children": [
                                                {
                                                    "result_set_size": 120000000,
                                                    "operator_timing": 0.007909682000000001,
                                                    "operator_rows_scanned": 0,
                                                    "cumulative_rows_scanned": 0,
                                                    "operator_cardinality": 5000000,
                                                    "operator_type": "CTE_SCAN",
                                                    "cumulative_cardinality": 5000000,
                                                    "extra_info": {
                                                        "CTE Index": "0",
                                                        "Estimated Cardinality": "26372800"
                                                    },
                                                    "cpu_time": 0.007909682000000001,
                                                    "children": []
                                                },
                                                {
                                                    "result_set_size": 16,
                                                    "operator_timing": 0.000002663,
                                                    "operator_rows_scanned": 0,
                                                    "cumulative_rows_scanned": 0,
                                                    "operator_cardinality": 1,
                                                    "operator_type": "PROJECTION",
                                                    "cumulative_cardinality": 10000004,
                                                    "extra_info": {
                                                        "Projections": [
                                                            "CASE  WHEN ((#1 > 1)) THEN (error('More than one row returned by a subquery used as an expression - scalar subqueries can only return a single row.",
                                                            "Use \"SET scalar_subquery_error_on_multiple_rows=false\" to revert to previous behavior of returning a random row.')) ELSE #0 END"
                                                        ],
                                                        "Estimated Cardinality": "1"
                                                    },
                                                    "cpu_time": 0.032695509,
                                                    "children": [
                                                        {
                                                            "result_set_size": 24,
                                                            "operator_timing": 0.000001963,
                                                            "operator_rows_scanned": 0,
                                                            "cumulative_rows_scanned": 0,
                                                            "operator_cardinality": 1,
                                                            "operator_type": "UNGROUPED_AGGREGATE",
                                                            "cumulative_cardinality": 10000003,
                                                            "extra_info": {
                                                                "Aggregates": [
                                                                    "\"first\"(#0)",
                                                                    "count_star()"
                                                                ]
                                                            },
                                                            "cpu_time": 0.032692846,
                                                            "children": [
                                                                {
                                                                    "result_set_size": 16,
                                                                    "operator_timing": 2.48e-7,
                                                                    "operator_rows_scanned": 0,
                                                                    "cumulative_rows_scanned": 0,
                                                                    "operator_cardinality": 1,
                                                                    "operator_type": "PROJECTION",
                                                                    "cumulative_cardinality": 10000002,
                                                                    "extra_info": {
                                                                        "Projections": "#0",
                                                                        "Estimated Cardinality": "1"
                                                                    },
                                                                    "cpu_time": 0.032690883,
                                                                    "children": [
                                                                        {
                                                                            "result_set_size": 16,
                                                                            "operator_timing": 0.007661444,
                                                                            "operator_rows_scanned": 0,
                                                                            "cumulative_rows_scanned": 0,
                                                                            "operator_cardinality": 1,
                                                                            "operator_type": "UNGROUPED_AGGREGATE",
                                                                            "cumulative_cardinality": 10000001,
                                                                            "extra_info": {
                                                                                "Aggregates": "max(#0)"
                                                                            },
                                                                            "cpu_time": 0.032690634999999996,
                                                                            "children": [
                                                                                {
                                                                                    "result_set_size": 80000000,
                                                                                    "operator_timing": 0.00034335199999999995,
                                                                                    "operator_rows_scanned": 0,
                                                                                    "cumulative_rows_scanned": 0,
                                                                                    "operator_cardinality": 5000000,
                                                                                    "operator_type": "PROJECTION",
                                                                                    "cumulative_cardinality": 10000000,
                                                                                    "extra_info": {
                                                                                        "Projections": "total_revenue",
                                                                                        "Estimated Cardinality": "26372800"
                                                                                    },
                                                                                    "cpu_time": 0.025029191,
                                                                                    "children": [
                                                                                        {
                                                                                            "result_set_size": 120000000,
                                                                                            "operator_timing": 0.024685838999999998,
                                                                                            "operator_rows_scanned": 0,
                                                                                            "cumulative_rows_scanned": 0,
                                                                                            "operator_cardinality": 5000000,
                                                                                            "operator_type": "CTE_SCAN",
                                                                                            "cumulative_cardinality": 5000000,
                                                                                            "extra_info": {
                                                                                                "CTE Index": "0",
                                                                                                "Estimated Cardinality": "26372800"
                                                                                            },
                                                                                            "cpu_time": 0.024685838999999998,
                                                                                            "children": []
                                                                                        }
                                                                                    ]
                                                                                }
                                                                            ]
                                                                        }
                                                                    ]
                                                                }
                                                            ]
                                                        }
                                                    ]
                                                }
                                            ]
                                        }
                                    ]
                                }
                            ]
                        }
                    ]
                }
            ]
        }
    ]
}