{
    "rows_returned": 0,
    "latency": 4.633000916,
    "result_set_size": 0,
    "cumulative_rows_scanned": 13185152000,
    "cumulative_cardinality": 199616567,
    "extra_info": {},
    "cpu_time": 137.352122242,
    "blocked_thread_time": 0.0,
    "query_name": "WITH revenue AS (\n    SELECT\n        l_suppkey AS supplier_no,\n        sum(l_extendedprice * (1 - l_discount)) AS total_revenue\n    FROM\n        read_parquet([\"s3://tpch17377--apne1-az1--x-s3/0.parquet\", \"s3://tpch17377--apne1-az1--x-s3/1.parquet\", \"s3://tpch17377--apne1-az1--x-s3/2.parquet\", \"s3://tpch17377--apne1-az1--x-s3/3.parquet\", \"s3://tpch17377--apne1-az1--x-s3/4.parquet\", \"s3://tpch17377--apne1-az1--x-s3/5.parquet\", \"s3://tpch17377--apne1-az1--x-s3/6.parquet\", \"s3://tpch17377--apne1-az1--x-s3/7.parquet\", \"s3://tpch17377--apne1-az1--x-s3/8.parquet\", \"s3://tpch17377--apne1-az1--x-s3/9.parquet\", \"s3://tpch17377--apne1-az1--x-s3/10.parquet\", \"s3://tpch17377--apne1-az1--x-s3/11.parquet\", \"s3://tpch17377--apne1-az1--x-s3/12.parquet\", \"s3://tpch17377--apne1-az1--x-s3/13.parquet\", \"s3://tpch17377--apne1-az1--x-s3/14.parquet\", \"s3://tpch17377--apne1-az1--x-s3/15.parquet\", \"s3://tpch17377--apne1-az1--x-s3/16.parquet\", \"s3://tpch17377--apne1-az1--x-s3/17.parquet\", \"s3://tpch17377--apne1-az1--x-s3/18.parquet\", \"s3://tpch17377--apne1-az1--x-s3/19.parquet\", \"s3://tpch17377--apne1-az1--x-s3/20.parquet\", \"s3://tpch17377--apne1-az1--x-s3/21.parquet\", \"s3://tpch17377--apne1-az1--x-s3/22.parquet\", \"s3://tpch17377--apne1-az1--x-s3/23.parquet\", \"s3://tpch17377--apne1-az1--x-s3/24.parquet\", \"s3://tpch17377--apne1-az1--x-s3/25.parquet\", \"s3://tpch17377--apne1-az1--x-s3/26.parquet\", \"s3://tpch17377--apne1-az1--x-s3/27.parquet\", \"s3://tpch17377--apne1-az1--x-s3/28.parquet\", \"s3://tpch17377--apne1-az1--x-s3/29.parquet\", \"s3://tpch17377--apne1-az1--x-s3/30.parquet\", \"s3://tpch17377--apne1-az1--x-s3/31.parquet\", \"s3://tpch17377--apne1-az1--x-s3/32.parquet\", \"s3://tpch17377--apne1-az1--x-s3/33.parquet\", \"s3://tpch17377--apne1-az1--x-s3/34.parquet\", \"s3://tpch17377--apne1-az1--x-s3/35.parquet\", \"s3://tpch17377--apne1-az1--x-s3/36.parquet\", \"s3://tpch17377--apne1-az1--x-s3/37.parquet\", \"s3://tpch17377--apne1-az1--x-s3/38.parquet\", \"s3://tpch17377--apne1-az1--x-s3/39.parquet\", \"s3://tpch17377--apne1-az1--x-s3/40.parquet\", \"s3://tpch17377--apne1-az1--x-s3/41.parquet\", \"s3://tpch17377--apne1-az1--x-s3/42.parquet\", \"s3://tpch17377--apne1-az1--x-s3/43.parquet\", \"s3://tpch17377--apne1-az1--x-s3/44.parquet\", \"s3://tpch17377--apne1-az1--x-s3/45.parquet\", \"s3://tpch17377--apne1-az1--x-s3/46.parquet\", \"s3://tpch17377--apne1-az1--x-s3/47.parquet\", \"s3://tpch17377--apne1-az1--x-s3/48.parquet\", \"s3://tpch17377--apne1-az1--x-s3/49.parquet\", \"s3://tpch17377--apne1-az1--x-s3/50.parquet\", \"s3://tpch17377--apne1-az1--x-s3/51.parquet\", \"s3://tpch17377--apne1-az1--x-s3/52.parquet\", \"s3://tpch17377--apne1-az1--x-s3/53.parquet\", \"s3://tpch17377--apne1-az1--x-s3/54.parquet\", \"s3://tpch17377--apne1-az1--x-s3/55.parquet\", \"s3://tpch17377--apne1-az1--x-s3/56.parquet\", \"s3://tpch17377--apne1-az1--x-s3/57.parquet\", \"s3://tpch17377--apne1-az1--x-s3/58.parquet\", \"s3://tpch17377--apne1-az1--x-s3/59.parquet\", \"s3://tpch17377--apne1-az1--x-s3/60.parquet\", \"s3://tpch17377--apne1-az1--x-s3/61.parquet\", \"s3://tpch17377--apne1-az1--x-s3/62.parquet\", \"s3://tpch17377--apne1-az1--x-s3/63.parquet\", \"s3://tpch17377--apne1-az1--x-s3/64.parquet\", \"s3://tpch17377--apne1-az1--x-s3/65.parquet\", \"s3://tpch17377--apne1-az1--x-s3/66.parquet\", \"s3://tpch17377--apne1-az1--x-s3/67.parquet\", \"s3://tpch17377--apne1-az1--x-s3/68.parquet\", \"s3://tpch17377--apne1-az1--x-s3/69.parquet\", \"s3://tpch17377--apne1-az1--x-s3/70.parquet\", \"s3://tpch17377--apne1-az1--x-s3/71.parquet\", \"s3://tpch17377--apne1-az1--x-s3/72.parquet\", \"s3://tpch17377--apne1-az1--x-s3/73.parquet\", \"s3://tpch17377--apne1-az1--x-s3/74.parquet\", \"s3://tpch17377--apne1-az1--x-s3/75.parquet\", \"s3://tpch17377--apne1-az1--x-s3/76.parquet\", \"s3://tpch17377--apne1-az1--x-s3/77.parquet\", \"s3://tpch17377--apne1-az1--x-s3/78.parquet\", \"s3://tpch17377--apne1-az1--x-s3/79.parquet\", \"s3://tpch17377--apne1-az1--x-s3/80.parquet\", \"s3://tpch17377--apne1-az1--x-s3/81.parquet\", \"s3://tpch17377--apne1-az1--x-s3/82.parquet\", \"s3://tpch17377--apne1-az1--x-s3/83.parquet\", \"s3://tpch17377--apne1-az1--x-s3/84.parquet\", \"s3://tpch17377--apne1-az1--x-s3/85.parquet\", \"s3://tpch17377--apne1-az1--x-s3/86.parquet\", \"s3://tpch17377--apne1-az1--x-s3/87.parquet\", \"s3://tpch17377--apne1-az1--x-s3/88.parquet\", \"s3://tpch17377--apne1-az1--x-s3/89.parquet\", \"s3://tpch17377--apne1-az1--x-s3/90.parquet\", \"s3://tpch17377--apne1-az1--x-s3/91.parquet\", \"s3://tpch17377--apne1-az1--x-s3/92.parquet\", \"s3://tpch17377--apne1-az1--x-s3/93.parquet\", \"s3://tpch17377--apne1-az1--x-s3/94.parquet\", \"s3://tpch17377--apne1-az1--x-s3/95.parquet\", \"s3://tpch17377--apne1-az1--x-s3/96.parquet\", \"s3://tpch17377--apne1-az1--x-s3/97.parquet\", \"s3://tpch17377--apne1-az1--x-s3/98.parquet\", \"s3://tpch17377--apne1-az1--x-s3/99.parquet\", \"s3://tpch17377--apne1-az1--x-s3/100.parquet\", \"s3://tpch17377--apne1-az1--x-s3/101.parquet\", \"s3://tpch17377--apne1-az1--x-s3/102.parquet\", \"s3://tpch17377--apne1-az1--x-s3/103.parquet\", \"s3://tpch17377--apne1-az1--x-s3/104.parquet\", \"s3://tpch17377--apne1-az1--x-s3/105.parquet\", \"s3://tpch17377--apne1-az1--x-s3/106.parquet\", \"s3://tpch17377--apne1-az1--x-s3/107.parquet\", \"s3://tpch17377--apne1-az1--x-s3/108.parquet\", \"s3://tpch17377--apne1-az1--x-s3/109.parquet\", \"s3://tpch17377--apne1-az1--x-s3/110.parquet\", \"s3://tpch17377--apne1-az1--x-s3/111.parquet\", \"s3://tpch17377--apne1-az1--x-s3/112.parquet\", \"s3://tpch17377--apne1-az1--x-s3/113.parquet\", \"s3://tpch17377--apne1-az1--x-s3/114.parquet\", \"s3://tpch17377--apne1-az1--x-s3/115.parquet\", \"s3://tpch17377--apne1-az1--x-s3/116.parquet\", \"s3://tpch17377--apne1-az1--x-s3/117.parquet\", \"s3://tpch17377--apne1-az1--x-s3/118.parquet\", \"s3://tpch17377--apne1-az1--x-s3/119.parquet\", \"s3://tpch17377--apne1-az1--x-s3/120.parquet\", \"s3://tpch17377--apne1-az1--x-s3/121.parquet\", \"s3://tpch17377--apne1-az1--x-s3/122.parquet\", \"s3://tpch17377--apne1-az1--x-s3/123.parquet\", \"s3://tpch17377--apne1-az1--x-s3/124.parquet\", \"s3://tpch17377--apne1-az1--x-s3/125.parquet\", \"s3://tpch17377--apne1-az1--x-s3/126.parquet\", \"s3://tpch17377--apne1-az1--x-s3/127.parquet\", \"s3://tpch17377--apne1-az1--x-s3/128.parquet\", \"s3://tpch17377--apne1-az1--x-s3/129.parquet\", \"s3://tpch17377--apne1-az1--x-s3/130.parquet\", \"s3://tpch17377--apne1-az1--x-s3/131.parquet\", \"s3://tpch17377--apne1-az1--x-s3/132.parquet\", \"s3://tpch17377--apne1-az1--x-s3/133.parquet\", \"s3://tpch17377--apne1-az1--x-s3/134.parquet\", \"s3://tpch17377--apne1-az1--x-s3/135.parquet\", \"s3://tpch17377--apne1-az1--x-s3/136.parquet\", \"s3://tpch17377--apne1-az1--x-s3/137.parquet\", \"s3://tpch17377--apne1-az1--x-s3/138.parquet\", \"s3://tpch17377--apne1-az1--x-s3/139.parquet\", \"s3://tpch17377--apne1-az1--x-s3/140.parquet\", \"s3://tpch17377--apne1-az1--x-s3/141.parquet\", \"s3://tpch17377--apne1-az1--x-s3/142.parquet\", \"s3://tpch17377--apne1-az1--x-s3/143.parquet\", \"s3://tpch17377--apne1-az1--x-s3/144.parquet\", \"s3://tpch17377--apne1-az1--x-s3/145.parquet\", \"s3://tpch17377--apne1-az1--x-s3/146.parquet\", \"s3://tpch17377--apne1-az1--x-s3/147.parquet\", \"s3://tpch17377--apne1-az1--x-s3/148.parquet\", \"s3://tpch17377--apne1-az1--x-s3/149.parquet\", \"s3://tpch17377--apne1-az1--x-s3/150.parquet\", \"s3://tpch17377--apne1-az1--x-s3/151.parquet\", \"s3://tpch17377--apne1-az1--x-s3/152.parquet\", \"s3://tpch17377--apne1-az1--x-s3/153.parquet\", \"s3://tpch17377--apne1-az1--x-s3/154.parquet\", \"s3://tpch17377--apne1-az1--x-s3/155.parquet\", \"s3://tpch17377--apne1-az1--x-s3/156.parquet\", \"s3://tpch17377--apne1-az1--x-s3/157.parquet\", \"s3://tpch17377--apne1-az1--x-s3/158.parquet\", \"s3://tpch17377--apne1-az1--x-s3/159.parquet\", \"s3://tpch17377--apne1-az1--x-s3/160.parquet\", \"s3://tpch17377--apne1-az1--x-s3/161.parquet\", \"s3://tpch17377--apne1-az1--x-s3/162.parquet\", \"s3://tpch17377--apne1-az1--x-s3/163.parquet\", \"s3://tpch17377--apne1-az1--x-s3/164.parquet\", \"s3://tpch17377--apne1-az1--x-s3/165.parquet\", \"s3://tpch17377--apne1-az1--x-s3/166.parquet\", \"s3://tpch17377--apne1-az1--x-s3/167.parquet\", \"s3://tpch17377--apne1-az1--x-s3/168.parquet\", \"s3://tpch17377--apne1-az1--x-s3/169.parquet\", \"s3://tpch17377--apne1-az1--x-s3/170.parquet\", \"s3://tpch17377--apne1-az1--x-s3/171.parquet\", \"s3://tpch17377--apne1-az1--x-s3/172.parquet\", \"s3://tpch17377--apne1-az1--x-s3/173.parquet\", \"s3://tpch17377--apne1-az1--x-s3/174.parquet\", \"s3://tpch17377--apne1-az1--x-s3/175.parquet\", \"s3://tpch17377--apne1-az1--x-s3/176.parquet\", \"s3://tpch17377--apne1-az1--x-s3/177.parquet\", \"s3://tpch17377--apne1-az1--x-s3/178.parquet\", \"s3://tpch17377--apne1-az1--x-s3/179.parquet\", \"s3://tpch17377--apne1-az1--x-s3/180.parquet\", \"s3://tpch17377--apne1-az1--x-s3/181.parquet\", \"s3://tpch17377--apne1-az1--x-s3/182.parquet\", \"s3://tpch17377--apne1-az1--x-s3/183.parquet\", \"s3://tpch17377--apne1-az1--x-s3/184.parquet\", \"s3://tpch17377--apne1-az1--x-s3/185.parquet\", \"s3://tpch17377--apne1-az1--x-s3/186.parquet\", \"s3://tpch17377--apne1-az1--x-s3/187.parquet\", \"s3://tpch17377--apne1-az1--x-s3/188.parquet\", \"s3://tpch17377--apne1-az1--x-s3/189.parquet\", \"s3://tpch17377--apne1-az1--x-s3/190.parquet\", \"s3://tpch17377--apne1-az1--x-s3/191.parquet\", \"s3://tpch17377--apne1-az1--x-s3/192.parquet\", \"s3://tpch17377--apne1-az1--x-s3/193.parquet\", \"s3://tpch17377--apne1-az1--x-s3/194.parquet\", \"s3://tpch17377--apne1-az1--x-s3/195.parquet\", \"s3://tpch17377--apne1-az1--x-s3/196.parquet\", \"s3://tpch17377--apne1-az1--x-s3/197.parquet\", \"s3://tpch17377--apne1-az1--x-s3/198.parquet\", \"s3://tpch17377--apne1-az1--x-s3/199.parquet\", \"s3://tpch17377--apne1-az1--x-s3/200.parquet\", \"s3://tpch17377--apne1-az1--x-s3/201.parquet\", \"s3://tpch17377--apne1-az1--x-s3/202.parquet\", \"s3://tpch17377--apne1-az1--x-s3/203.parquet\", \"s3://tpch17377--apne1-az1--x-s3/204.parquet\", \"s3://tpch17377--apne1-az1--x-s3/205.parquet\", \"s3://tpch17377--apne1-az1--x-s3/206.parquet\", \"s3://tpch17377--apne1-az1--x-s3/207.parquet\", \"s3://tpch17377--apne1-az1--x-s3/208.parquet\", \"s3://tpch17377--apne1-az1--x-s3/209.parquet\", \"s3://tpch17377--apne1-az1--x-s3/210.parquet\", \"s3://tpch17377--apne1-az1--x-s3/211.parquet\", \"s3://tpch17377--apne1-az1--x-s3/212.parquet\", \"s3://tpch17377--apne1-az1--x-s3/213.parquet\", \"s3://tpch17377--apne1-az1--x-s3/214.parquet\", \"s3://tpch17377--apne1-az1--x-s3/215.parquet\", \"s3://tpch17377--apne1-az1--x-s3/216.parquet\", \"s3://tpch17377--apne1-az1--x-s3/217.parquet\", \"s3://tpch17377--apne1-az1--x-s3/218.parquet\", \"s3://tpch17377--apne1-az1--x-s3/219.parquet\", \"s3://tpch17377--apne1-az1--x-s3/220.parquet\", \"s3://tpch17377--apne1-az1--x-s3/221.parquet\", \"s3://tpch17377--apne1-az1--x-s3/222.parquet\", \"s3://tpch17377--apne1-az1--x-s3/223.parquet\", \"s3://tpch17377--apne1-az1--x-s3/224.parquet\", \"s3://tpch17377--apne1-az1--x-s3/225.parquet\", \"s3://tpch17377--apne1-az1--x-s3/226.parquet\", \"s3://tpch17377--apne1-az1--x-s3/227.parquet\", \"s3://tpch17377--apne1-az1--x-s3/228.parquet\", \"s3://tpch17377--apne1-az1--x-s3/229.parquet\", \"s3://tpch17377--apne1-az1--x-s3/230.parquet\", \"s3://tpch17377--apne1-az1--x-s3/231.parquet\", \"s3://tpch17377--apne1-az1--x-s3/232.parquet\", \"s3://tpch17377--apne1-az1--x-s3/233.parquet\", \"s3://tpch17377--apne1-az1--x-s3/234.parquet\", \"s3://tpch17377--apne1-az1--x-s3/235.parquet\", \"s3://tpch17377--apne1-az1--x-s3/236.parquet\", \"s3://tpch17377--apne1-az1--x-s3/237.parquet\", \"s3://tpch17377--apne1-az1--x-s3/238.parquet\", \"s3://tpch17377--apne1-az1--x-s3/239.parquet\", \"s3://tpch17377--apne1-az1--x-s3/240.parquet\", \"s3://tpch17377--apne1-az1--x-s3/241.parquet\", \"s3://tpch17377--apne1-az1--x-s3/242.parquet\", \"s3://tpch17377--apne1-az1--x-s3/243.parquet\", \"s3://tpch17377--apne1-az1--x-s3/244.parquet\", \"s3://tpch17377--apne1-az1--x-s3/245.parquet\", \"s3://tpch17377--apne1-az1--x-s3/246.parquet\", \"s3://tpch17377--apne1-az1--x-s3/247.parquet\", \"s3://tpch17377--apne1-az1--x-s3/248.parquet\", \"s3://tpch17377--apne1-az1--x-s3/249.parquet\", \"s3://tpch17377--apne1-az1--x-s3/250.parquet\", \"s3://tpch17377--apne1-az1--x-s3/251.parquet\", \"s3://tpch17377--apne1-az1--x-s3/252.parquet\", \"s3://tpch17377--apne1-az1--x-s3/253.parquet\", \"s3://tpch17377--apne1-az1--x-s3/254.parquet\", \"s3://tpch17377--apne1-az1--x-s3/255.parquet\", \"s3://tpch17377--apne1-az1--x-s3/256.parquet\", \"s3://tpch17377--apne1-az1--x-s3/257.parquet\", \"s3://tpch17377--apne1-az1--x-s3/258.parquet\", \"s3://tpch17377--apne1-az1--x-s3/259.parquet\", \"s3://tpch17377--apne1-az1--x-s3/260.parquet\", \"s3://tpch17377--apne1-az1--x-s3/261.parquet\", \"s3://tpch17377--apne1-az1--x-s3/262.parquet\", \"s3://tpch17377--apne1-az1--x-s3/263.parquet\", \"s3://tpch17377--apne1-az1--x-s3/264.parquet\", \"s3://tpch17377--apne1-az1--x-s3/265.parquet\", \"s3://tpch17377--apne1-az1--x-s3/266.parquet\", \"s3://tpch17377--apne1-az1--x-s3/267.parquet\", \"s3://tpch17377--apne1-az1--x-s3/268.parquet\", \"s3://tpch17377--apne1-az1--x-s3/269.parquet\", \"s3://tpch17377--apne1-az1--x-s3/270.parquet\", \"s3://tpch17377--apne1-az1--x-s3/271.parquet\", \"s3://tpch17377--apne1-az1--x-s3/272.parquet\", \"s3://tpch17377--apne1-az1--x-s3/273.parquet\", \"s3://tpch17377--apne1-az1--x-s3/274.parquet\", \"s3://tpch17377--apne1-az1--x-s3/275.parquet\", \"s3://tpch17377--apne1-az1--x-s3/276.parquet\", \"s3://tpch17377--apne1-az1--x-s3/277.parquet\", \"s3://tpch17377--apne1-az1--x-s3/278.parquet\", \"s3://tpch17377--apne1-az1--x-s3/279.parquet\", \"s3://tpch17377--apne1-az1--x-s3/280.parquet\", \"s3://tpch17377--apne1-az1--x-s3/281.parquet\", \"s3://tpch17377--apne1-az1--x-s3/282.parquet\", \"s3://tpch17377--apne1-az1--x-s3/283.parquet\", \"s3://tpch17377--apne1-az1--x-s3/340.parquet\", \"s3://tpch17377--apne1-az1--x-s3/341.parquet\", \"s3://tpch17377--apne1-az1--x-s3/342.parquet\", \"s3://tpch17377--apne1-az1--x-s3/343.parquet\", \"s3://tpch17377--apne1-az1--x-s3/344.parquet\", \"s3://tpch17377--apne1-az1--x-s3/345.parquet\", \"s3://tpch17377--apne1-az1--x-s3/346.parquet\", \"s3://tpch17377--apne1-az1--x-s3/347.parquet\", \"s3://tpch17377--apne1-az1--x-s3/348.parquet\", \"s3://tpch17377--apne1-az1--x-s3/349.parquet\", \"s3://tpch17377--apne1-az1--x-s3/350.parquet\", \"s3://tpch17377--apne1-az1--x-s3/351.parquet\", \"s3://tpch17377--apne1-az1--x-s3/352.parquet\", \"s3://tpch17377--apne1-az1--x-s3/353.parquet\", \"s3://tpch17377--apne1-az1--x-s3/354.parquet\", \"s3://tpch17377--apne1-az1--x-s3/355.parquet\", \"s3://tpch17377--apne1-az1--x-s3/356.parquet\", \"s3://tpch17377--apne1-az1--x-s3/357.parquet\", \"s3://tpch17377--apne1-az1--x-s3/358.parquet\", \"s3://tpch17377--apne1-az1--x-s3/359.parquet\", \"s3://tpch17377--apne1-az1--x-s3/360.parquet\", \"s3://tpch17377--apne1-az1--x-s3/361.parquet\", \"s3://tpch17377--apne1-az1--x-s3/362.parquet\", \"s3://tpch17377--apne1-az1--x-s3/363.parquet\", \"s3://tpch17377--apne1-az1--x-s3/364.parquet\", \"s3://tpch17377--apne1-az1--x-s3/365.parquet\", \"s3://tpch17377--apne1-az1--x-s3/366.parquet\", \"s3://tpch17377--apne1-az1--x-s3/367.parquet\", \"s3://tpch17377--apne1-az1--x-s3/368.parquet\", \"s3://tpch17377--apne1-az1--x-s3/369.parquet\", \"s3://tpch17377--apne1-az1--x-s3/370.parquet\", \"s3://tpch17377--apne1-az1--x-s3/371.parquet\", \"s3://tpch17377--apne1-az1--x-s3/372.parquet\", \"s3://tpch17377--apne1-az1--x-s3/373.parquet\", \"s3://tpch17377--apne1-az1--x-s3/374.parquet\", \"s3://tpch17377--apne1-az1--x-s3/375.parquet\", \"s3://tpch17377--apne1-az1--x-s3/376.parquet\", \"s3://tpch17377--apne1-az1--x-s3/377.parquet\", \"s3://tpch17377--apne1-az1--x-s3/378.parquet\", \"s3://tpch17377--apne1-az1--x-s3/379.parquet\", \"s3://tpch17377--apne1-az1--x-s3/380.parquet\", \"s3://tpch17377--apne1-az1--x-s3/381.parquet\", \"s3://tpch17377--apne1-az1--x-s3/382.parquet\", \"s3://tpch17377--apne1-az1--x-s3/383.parquet\", \"s3://tpch17377--apne1-az1--x-s3/384.parquet\", \"s3://tpch17377--apne1-az1--x-s3/385.parquet\", \"s3://tpch17377--apne1-az1--x-s3/386.parquet\", \"s3://tpch17377--apne1-az1--x-s3/387.parquet\", \"s3://tpch17377--apne1-az1--x-s3/388.parquet\", \"s3://tpch17377--apne1-az1--x-s3/389.parquet\", \"s3://tpch17377--apne1-az1--x-s3/390.parquet\", \"s3://tpch17377--apne1-az1--x-s3/391.parquet\", \"s3://tpch17377--apne1-az1--x-s3/392.parquet\", \"s3://tpch17377--apne1-az1--x-s3/393.parquet\", \"s3://tpch17377--apne1-az1--x-s3/394.parquet\", \"s3://tpch17377--apne1-az1--x-s3/395.parquet\", \"s3://tpch17377--apne1-az1--x-s3/396.parquet\", \"s3://tpch17377--apne1-az1--x-s3/397.parquet\", \"s3://tpch17377--apne1-az1--x-s3/398.parquet\", \"s3://tpch17377--apne1-az1--x-s3/399.parquet\", \"s3://tpch17377--apne1-az1--x-s3/400.parquet\", \"s3://tpch17377--apne1-az1--x-s3/401.parquet\", \"s3://tpch17377--apne1-az1--x-s3/402.parquet\", \"s3://tpch17377--apne1-az1--x-s3/403.parquet\", \"s3://tpch17377--apne1-az1--x-s3/404.parquet\", \"s3://tpch17377--apne1-az1--x-s3/405.parquet\", \"s3://tpch17377--apne1-az1--x-s3/406.parquet\", \"s3://tpch17377--apne1-az1--x-s3/407.parquet\", \"s3://tpch17377--apne1-az1--x-s3/408.parquet\", \"s3://tpch17377--apne1-az1--x-s3/409.parquet\", \"s3://tpch17377--apne1-az1--x-s3/410.parquet\", \"s3://tpch17377--apne1-az1--x-s3/411.parquet\", \"s3://tpch17377--apne1-az1--x-s3/412.parquet\", \"s3://tpch17377--apne1-az1--x-s3/413.parquet\", \"s3://tpch17377--apne1-az1--x-s3/414.parquet\", \"s3://tpch17377--apne1-az1--x-s3/415.parquet\", \"s3://tpch17377--apne1-az1--x-s3/416.parquet\", \"s3://tpch17377--apne1-az1--x-s3/417.parquet\", \"s3://tpch17377--apne1-az1--x-s3/418.parquet\", \"s3://tpch17377--apne1-az1--x-s3/419.parquet\", \"s3://tpch17377--apne1-az1--x-s3/420.parquet\", \"s3://tpch17377--apne1-az1--x-s3/421.parquet\", \"s3://tpch17377--apne1-az1--x-s3/422.parquet\", \"s3://tpch17377--apne1-az1--x-s3/423.parquet\", \"s3://tpch17377--apne1-az1--x-s3/424.parquet\", \"s3://tpch17377--apne1-az1--x-s3/425.parquet\", \"s3://tpch17377--apne1-az1--x-s3/433.parquet\", \"s3://tpch17377--apne1-az1--x-s3/434.parquet\", \"s3://tpch17377--apne1-az1--x-s3/435.parquet\", \"s3://tpch17377--apne1-az1--x-s3/436.parquet\", \"s3://tpch17377--apne1-az1--x-s3/437.parquet\", \"s3://tpch17377--apne1-az1--x-s3/438.parquet\", \"s3://tpch17377--apne1-az1--x-s3/439.parquet\", \"s3://tpch17377--apne1-az1--x-s3/440.parquet\", \"s3://tpch17377--apne1-az1--x-s3/441.parquet\", \"s3://tpch17377--apne1-az1--x-s3/442.parquet\", \"s3://tpch17377--apne1-az1--x-s3/443.parquet\", \"s3://tpch17377--apne1-az1--x-s3/461.parquet\", \"s3://tpch17377--apne1-az1--x-s3/464.parquet\", \"s3://tpch17377--apne1-az1--x-s3/465.parquet\", \"s3://tpch17377--apne1-az1--x-s3/466.parquet\", \"s3://tpch17377--apne1-az1--x-s3/467.parquet\", \"s3://tpch17377--apne1-az1--x-s3/468.parquet\", \"s3://tpch17377--apne1-az1--x-s3/469.parquet\", \"s3://tpch17377--apne1-az1--x-s3/470.parquet\", \"s3://tpch17377--apne1-az1--x-s3/471.parquet\", \"s3://tpch17377--apne1-az1--x-s3/472.parquet\", \"s3://tpch17377--apne1-az1--x-s3/473.parquet\", \"s3://tpch17377--apne1-az1--x-s3/474.parquet\", \"s3://tpch17377--apne1-az1--x-s3/475.parquet\", \"s3://tpch17377--apne1-az1--x-s3/476.parquet\", \"s3://tpch17377--apne1-az1--x-s3/477.parquet\", \"s3://tpch17377--apne1-az1--x-s3/478.parquet\", \"s3://tpch17377--apne1-az1--x-s3/479.parquet\", \"s3://tpch17377--apne1-az1--x-s3/480.parquet\", \"s3://tpch17377--apne1-az1--x-s3/481.parquet\", \"s3://tpch17377--apne1-az1--x-s3/482.parquet\", \"s3://tpch17377--apne1-az1--x-s3/483.parquet\", \"s3://tpch17377--apne1-az1--x-s3/484.parquet\", \"s3://tpch17377--apne1-az1--x-s3/485.parquet\", \"s3://tpch17377--apne1-az1--x-s3/486.parquet\", \"s3://tpch17377--apne1-az1--x-s3/487.parquet\", \"s3://tpch17377--apne1-az1--x-s3/488.parquet\", \"s3://tpch17377--apne1-az1--x-s3/489.parquet\", \"s3://tpch17377--apne1-az1--x-s3/490.parquet\", \"s3://tpch17377--apne1-az1--x-s3/491.parquet\", \"s3://tpch17377--apne1-az1--x-s3/492.parquet\", \"s3://tpch17377--apne1-az1--x-s3/493.parquet\", \"s3://tpch17377--apne1-az1--x-s3/494.parquet\", \"s3://tpch17377--apne1-az1--x-s3/495.parquet\", \"s3://tpch17377--apne1-az1--x-s3/496.parquet\", \"s3://tpch17377--apne1-az1--x-s3/713.parquet\", \"s3://tpch17377--apne1-az1--x-s3/714.parquet\", \"s3://tpch17377--apne1-az1--x-s3/715.parquet\", \"s3://tpch17377--apne1-az1--x-s3/716.parquet\", \"s3://tpch17377--apne1-az1--x-s3/717.parquet\", \"s3://tpch17377--apne1-az1--x-s3/718.parquet\", \"s3://tpch17377--apne1-az1--x-s3/719.parquet\", \"s3://tpch17377--apne1-az1--x-s3/720.parquet\", \"s3://tpch17377--apne1-az1--x-s3/721.parquet\", \"s3://tpch17377--apne1-az1--x-s3/722.parquet\", \"s3://tpch17377--apne1-az1--x-s3/723.parquet\", \"s3://tpch17377--apne1-az1--x-s3/724.parquet\", \"s3://tpch17377--apne1-az1--x-s3/1000.parquet\", \"s3://tpch17377--apne1-az1--x-s3/1001.parquet\", \"s3://tpch17377--apne1-az1--x-s3/1002.parquet\", \"s3://tpch17377--apne1-az1--x-s3/1003.parquet\", \"s3://tpch17377--apne1-az1--x-s3/1004.parquet\", \"s3://tpch17377--apne1-az1--x-s3/1005.parquet\", \"s3://tpch17377--apne1-az1--x-s3/1006.parquet\", \"s3://tpch17377--apne1-az1--x-s3/1007.parquet\", \"s3://tpch17377--apne1-az1--x-s3/1008.parquet\", \"s3://tpch17377--apne1-az1--x-s3/1009.parquet\", \"s3://tpch17377--apne1-az1--x-s3/1010.parquet\", \"s3://tpch17377--apne1-az1--x-s3/1011.parquet\", \"s3://tpch17377--apne1-az1--x-s3/1058.parquet\", \"s3://tpch17377--apne1-az1--x-s3/1059.parquet\", \"s3://tpch17377--apne1-az1--x-s3/1060.parquet\", \"s3://tpch17377--apne1-az1--x-s3/1061.parquet\", \"s3://tpch17377--apne1-az1--x-s3/1062.parquet\", \"s3://tpch17377--apne1-az1--x-s3/1063.parquet\", \"s3://tpch17377--apne1-az1--x-s3/1154.parquet\", \"s3://tpch17377--apne1-az1--x-s3/1155.parquet\", \"s3://tpch17377--apne1-az1--x-s3/1156.parquet\", \"s3://tpch17377--apne1-az1--x-s3/1157.parquet\", \"s3://tpch17377--apne1-az1--x-s3/1158.parquet\", \"s3://tpch17377--apne1-az1--x-s3/1159.parquet\", \"s3://tpch17377--apne1-az1--x-s3/1160.parquet\", \"s3://tpch17377--apne1-az1--x-s3/1161.parquet\", \"s3://tpch17377--apne1-az1--x-s3/1162.parquet\", \"s3://tpch17377--apne1-az1--x-s3/1207.parquet\", \"s3://tpch17377--apne1-az1--x-s3/1208.parquet\", \"s3://tpch17377--apne1-az1--x-s3/1209.parquet\", \"s3://tpch17377--apne1-az1--x-s3/1210.parquet\", \"s3://tpch17377--apne1-az1--x-s3/1256.parquet\", \"s3://tpch17377--apne1-az1--x-s3/1257.parquet\", \"s3://tpch17377--apne1-az1--x-s3/1258.parquet\", \"s3://tpch17377--apne1-az1--x-s3/1259.parquet\", \"s3://tpch17377--apne1-az1--x-s3/1260.parquet\", \"s3://tpch17377--apne1-az1--x-s3/1261.parquet\", \"s3://tpch17377--apne1-az1--x-s3/1262.parquet\", \"s3://tpch17377--apne1-az1--x-s3/1263.parquet\", \"s3://tpch17377--apne1-az1--x-s3/1264.parquet\", \"s3://tpch17377--apne1-az1--x-s3/1265.parquet\", \"s3://tpch17377--apne1-az1--x-s3/1301.parquet\", \"s3://tpch17377--apne1-az1--x-s3/1302.parquet\", \"s3://tpch17377--apne1-az1--x-s3/1303.parquet\", \"s3://tpch17377--apne1-az1--x-s3/1304.parquet\", \"s3://tpch17377--apne1-az1--x-s3/1305.parquet\", \"s3://tpch17377--apne1-az1--x-s3/1306.parquet\", \"s3://tpch17377--apne1-az1--x-s3/1307.parquet\", \"s3://tpch17377--apne1-az1--x-s3/1359.parquet\", \"s3://tpch17377--apne1-az1--x-s3/1360.parquet\", \"s3://tpch17377--apne1-az1--x-s3/1361.parquet\", \"s3://tpch17377--apne1-az1--x-s3/1362.parquet\", \"s3://tpch17377--apne1-az1--x-s3/1363.parquet\", \"s3://tpch17377--apne1-az1--x-s3/1364.parquet\", \"s3://tpch17377--apne1-az1--x-s3/1365.parquet\"])\n    WHERE\n        l_shipdate >= DATE '1992-01-01' + INTERVAL 15 MONTH\n        AND l_shipdate < DATE '1992-01-01' + INTERVAL 15 MONTH + INTERVAL 3 MONTH\n    GROUP BY\n        supplier_no\n)\nSELECT\n    s_suppkey,\n    s_name,\n    s_address,\n    s_phone,\n    total_revenue\nFROM\n    'pool/supplier/*.parquet',\n    revenue\nWHERE\n    s_suppkey = supplier_no\n    AND total_revenue = (\n        SELECT\n            max(total_revenue)\n        FROM\n            revenue\n    )\nORDER BY\n    s_suppkey;",
    "children": [
        {
            "result_set_size": 0,
            "operator_timing": 3.54e-7,
            "operator_rows_scanned": 0,
            "cumulative_rows_scanned": 13185152000,
            "operator_cardinality": 0,
            "operator_type": "ORDER_BY",
            "cumulative_cardinality": 199616567,
            "extra_info": {
                "Order By": "\"pool/supplier/*.parquet\".s_suppkey ASC"
            },
            "cpu_time": 137.352122242,
            "children": [
                {
                    "result_set_size": 0,
                    "operator_timing": 0.0,
                    "operator_rows_scanned": 0,
                    "cumulative_rows_scanned": 13185152000,
                    "operator_cardinality": 0,
                    "operator_type": "PROJECTION",
                    "cumulative_cardinality": 199616567,
                    "extra_info": {
                        "Projections": [
                            "s_suppkey",
                            "s_name",
                            "s_address",
                            "s_phone",
                            "total_revenue"
                        ],
                        "Estimated Cardinality": "40873600"
                    },
                    "cpu_time": 137.352121888,
                    "children": [
                        {
                            "result_set_size": 0,
                            "operator_timing": 0.09461475300000001,
                            "operator_rows_scanned": 0,
                            "cumulative_rows_scanned": 13185152000,
                            "operator_cardinality": 0,
                            "operator_type": "CTE",
                            "cumulative_cardinality": 199616567,
                            "extra_info": {
                                "CTE Name": "revenue",
                                "Table Index": "0"
                            },
                            "cpu_time": 137.352121888,
                            "children": [
                                {
                                    "result_set_size": 120000000,
                                    "operator_timing": 13.661082884999999,
                                    "operator_rows_scanned": 0,
                                    "cumulative_rows_scanned": 13079552000,
                                    "operator_cardinality": 5000000,
                                    "operator_type": "HASH_GROUP_BY",
                                    "cumulative_cardinality": 184616562,
                                    "extra_info": {
                                        "Groups": "#0",
                                        "Aggregates": "sum(#1)",
                                        "Estimated Cardinality": "40873600"
                                    },
                                    "cpu_time": 137.178538656,
                                    "children": [
                                        {
                                            "result_set_size": 1436932496,
                                            "operator_timing": 0.7460839420000003,
                                            "operator_rows_scanned": 0,
                                            "cumulative_rows_scanned": 13079552000,
                                            "operator_cardinality": 89808281,
                                            "operator_type": "PROJECTION",
                                            "cumulative_cardinality": 179616562,
                                            "extra_info": {
                                                "Projections": [
                                                    "supplier_no",
                                                    "(l_extendedprice * (1.00 - l_discount))"
                                                ],
                                                "Estimated Cardinality": "81747200"
                                            },
                                            "cpu_time": 123.51745577099999,
                                            "children": [
                                                {
                                                    "result_set_size": 2155398744,
                                                    "operator_timing": 122.77137182899999,
                                                    "operator_rows_scanned": 13079552000,
                                                    "cumulative_rows_scanned": 13079552000,
                                                    "operator_cardinality": 89808281,
                                                    "operator_type": "TABLE_SCAN",
                                                    "cumulative_cardinality": 89808281,
                                                    "extra_info": {
                                                        "Function": "READ_PARQUET",
                                                        "Projections": [
                                                            "l_suppkey",
                                                            "l_extendedprice",
                                                            "l_discount"
                                                        ],
                                                        "Filters": "l_shipdate>='1993-04-01'::DATE AND l_shipdate<'1993-07-01'::DATE AND l_shipdate IS NOT NULL",
                                                        "Estimated Cardinality": "81747200"
                                                    },
                                                    "cpu_time": 122.77137182899999,
                                                    "children": []
                                                }
                                            ]
                                        }
                                    ]
                                },
                                {
                                    "result_set_size": 0,
                                    "operator_timing": 0.00021217700000000005,
                                    "operator_rows_scanned": 0,
                                    "cumulative_rows_scanned": 105600000,
                                    "operator_cardinality": 0,
                                    "operator_type": "HASH_JOIN",
                                    "cumulative_cardinality": 15000005,
                                    "extra_info": {
                                        "Join Type": "INNER",
                                        "Conditions": "s_suppkey = supplier_no",
                                        "Estimated Cardinality": "0"
                                    },
                                    "cpu_time": 0.07896847900000001,
                                    "children": [
                                        {
                                            "result_set_size": 0,
                                            "operator_timing": 0.010940650000000003,
                                            "operator_rows_scanned": 105600000,
                                            "cumulative_rows_scanned": 105600000,
                                            "operator_cardinality": 0,
                                            "operator_type": "TABLE_SCAN",
                                            "cumulative_cardinality": 0,
                                            "extra_info": {
                                                "Function": "PARQUET_SCAN",
                                                "Projections": "",
                                                "Estimated Cardinality": "3300000"
                                            },
                                            "cpu_time": 0.010940650000000003,
                                            "children": []
                                        },
                                        {
                                            "result_set_size": 40,
                                            "operator_timing": 0.02797305200000001,
                                            "operator_rows_scanned": 0,
                                            "cumulative_rows_scanned": 0,
                                            "operator_cardinality": 1,
                                            "operator_type": "HASH_JOIN",
                                            "cumulative_cardinality": 15000005,
                                            "extra_info": {
                                                "Join Type": "INNER",
                                                "Conditions": "total_revenue = SUBQUERY",
                                                "Estimated Cardinality": "0"
                                            },
                                            "cpu_time": 0.067815652,
                                            "children": [
                                                {
                                                    "result_set_size": 120000000,
                                                    "operator_timing": 0.007647224000000001,
                                                    "operator_rows_scanned": 0,
                                                    "cumulative_rows_scanned": 0,
                                                    "operator_cardinality": 5000000,
                                                    "operator_type": "CTE_SCAN",
                                                    "cumulative_cardinality": 5000000,
                                                    "extra_info": {
                                                        "CTE Index": "0",
                                                        "Estimated Cardinality": "40873600"
                                                    },
                                                    "cpu_time": 0.007647224000000001,
                                                    "children": []
                                                },
                                                {
                                                    "result_set_size": 16,
                                                    "operator_timing": 0.000002989,
                                                    "operator_rows_scanned": 0,
                                                    "cumulative_rows_scanned": 0,
                                                    "operator_cardinality": 1,
                                                    "operator_type": "PROJECTION",
                                                    "cumulative_cardinality": 10000004,
                                                    "extra_info": {
                                                        "Projections": [
                                                            "CASE  WHEN ((#1 > 1)) THEN (error('More than one row returned by a subquery used as an expression - scalar subqueries can only return a single row.",
                                                            "Use \"SET scalar_subquery_error_on_multiple_rows=false\" to revert to previous behavior of returning a random row.')) ELSE #0 END"
                                                        ],
                                                        "Estimated Cardinality": "1"
                                                    },
                                                    "cpu_time": 0.03219537599999999,
                                                    "children": [
                                                        {
                                                            "result_set_size": 24,
                                                            "operator_timing": 0.000002628,
                                                            "operator_rows_scanned": 0,
                                                            "cumulative_rows_scanned": 0,
                                                            "operator_cardinality": 1,
                                                            "operator_type": "UNGROUPED_AGGREGATE",
                                                            "cumulative_cardinality": 10000003,
                                                            "extra_info": {
                                                                "Aggregates": [
                                                                    "\"first\"(#0)",
                                                                    "count_star()"
                                                                ]
                                                            },
                                                            "cpu_time": 0.03219238699999999,
                                                            "children": [
                                                                {
                                                                    "result_set_size": 16,
                                                                    "operator_timing": 2.57e-7,
                                                                    "operator_rows_scanned": 0,
                                                                    "cumulative_rows_scanned": 0,
                                                                    "operator_cardinality": 1,
                                                                    "operator_type": "PROJECTION",
                                                                    "cumulative_cardinality": 10000002,
                                                                    "extra_info": {
                                                                        "Projections": "#0",
                                                                        "Estimated Cardinality": "1"
                                                                    },
                                                                    "cpu_time": 0.03218975899999999,
                                                                    "children": [
                                                                        {
                                                                            "result_set_size": 16,
                                                                            "operator_timing": 0.007297851,
                                                                            "operator_rows_scanned": 0,
                                                                            "cumulative_rows_scanned": 0,
                                                                            "operator_cardinality": 1,
                                                                            "operator_type": "UNGROUPED_AGGREGATE",
                                                                            "cumulative_cardinality": 10000001,
                                                                            "extra_info": {
                                                                                "Aggregates": "max(#0)"
                                                                            },
                                                                            "cpu_time": 0.032189501999999995,
                                                                            "children": [
                                                                                {
                                                                                    "result_set_size": 80000000,
                                                                                    "operator_timing": 0.00030555100000000004,
                                                                                    "operator_rows_scanned": 0,
                                                                                    "cumulative_rows_scanned": 0,
                                                                                    "operator_cardinality": 5000000,
                                                                                    "operator_type": "PROJECTION",
                                                                                    "cumulative_cardinality": 10000000,
                                                                                    "extra_info": {
                                                                                        "Projections": "total_revenue",
                                                                                        "Estimated Cardinality": "40873600"
                                                                                    },
                                                                                    "cpu_time": 0.024891650999999997,
                                                                                    "children": [
                                                                                        {
                                                                                            "result_set_size": 120000000,
                                                                                            "operator_timing": 0.024586099999999996,
                                                                                            "operator_rows_scanned": 0,
                                                                                            "cumulative_rows_scanned": 0,
                                                                                            "operator_cardinality": 5000000,
                                                                                            "operator_type": "CTE_SCAN",
                                                                                            "cumulative_cardinality": 5000000,
                                                                                            "extra_info": {
                                                                                                "CTE Index": "0",
                                                                                                "Estimated Cardinality": "40873600"
                                                                                            },
                                                                                            "cpu_time": 0.024586099999999996,
                                                                                            "children": []
                                                                                        }
                                                                                    ]
                                                                                }
                                                                            ]
                                                                        }
                                                                    ]
                                                                }
                                                            ]
                                                        }
                                                    ]
                                                }
                                            ]
                                        }
                                    ]
                                }
                            ]
                        }
                    ]
                }
            ]
        }
    ]
}