{
    "rows_returned": 1,
    "latency": 31.255290785,
    "result_set_size": 8,
    "cumulative_rows_scanned": 3442208000,
    "cumulative_cardinality": 214497255,
    "extra_info": {},
    "cpu_time": 272.57466349300006,
    "blocked_thread_time": 0.0,
    "query_name": "COPY (FROM read_parquet(['s3://tpch17377--apne1-az1--x-s3/1420.parquet','s3://tpch17377--apne1-az1--x-s3/1421.parquet','s3://tpch17377--apne1-az1--x-s3/1422.parquet','s3://tpch17377--apne1-az1--x-s3/1423.parquet','s3://tpch17377--apne1-az1--x-s3/1424.parquet','s3://tpch17377--apne1-az1--x-s3/1425.parquet','s3://tpch17377--apne1-az1--x-s3/1426.parquet','s3://tpch17377--apne1-az1--x-s3/1427.parquet','s3://tpch17377--apne1-az1--x-s3/1428.parquet','s3://tpch17377--apne1-az1--x-s3/1429.parquet','s3://tpch17377--apne1-az1--x-s3/1430.parquet','s3://tpch17377--apne1-az1--x-s3/1431.parquet','s3://tpch17377--apne1-az1--x-s3/1432.parquet','s3://tpch17377--apne1-az1--x-s3/1433.parquet','s3://tpch17377--apne1-az1--x-s3/1434.parquet','s3://tpch17377--apne1-az1--x-s3/1435.parquet','s3://tpch17377--apne1-az1--x-s3/1436.parquet','s3://tpch17377--apne1-az1--x-s3/1437.parquet','s3://tpch17377--apne1-az1--x-s3/1438.parquet','s3://tpch17377--apne1-az1--x-s3/1439.parquet','s3://tpch17377--apne1-az1--x-s3/1442.parquet','s3://tpch17377--apne1-az1--x-s3/1443.parquet','s3://tpch17377--apne1-az1--x-s3/355.parquet','s3://tpch17377--apne1-az1--x-s3/356.parquet','s3://tpch17377--apne1-az1--x-s3/357.parquet','s3://tpch17377--apne1-az1--x-s3/358.parquet','s3://tpch17377--apne1-az1--x-s3/359.parquet','s3://tpch17377--apne1-az1--x-s3/360.parquet','s3://tpch17377--apne1-az1--x-s3/361.parquet','s3://tpch17377--apne1-az1--x-s3/362.parquet','s3://tpch17377--apne1-az1--x-s3/363.parquet','s3://tpch17377--apne1-az1--x-s3/364.parquet','s3://tpch17377--apne1-az1--x-s3/365.parquet','s3://tpch17377--apne1-az1--x-s3/366.parquet','s3://tpch17377--apne1-az1--x-s3/367.parquet','s3://tpch17377--apne1-az1--x-s3/368.parquet','s3://tpch17377--apne1-az1--x-s3/369.parquet','s3://tpch17377--apne1-az1--x-s3/370.parquet','s3://tpch17377--apne1-az1--x-s3/371.parquet','s3://tpch17377--apne1-az1--x-s3/372.parquet','s3://tpch17377--apne1-az1--x-s3/373.parquet','s3://tpch17377--apne1-az1--x-s3/374.parquet','s3://tpch17377--apne1-az1--x-s3/375.parquet','s3://tpch17377--apne1-az1--x-s3/376.parquet','s3://tpch17377--apne1-az1--x-s3/377.parquet','s3://tpch17377--apne1-az1--x-s3/378.parquet','s3://tpch17377--apne1-az1--x-s3/379.parquet','s3://tpch17377--apne1-az1--x-s3/380.parquet','s3://tpch17377--apne1-az1--x-s3/381.parquet','s3://tpch17377--apne1-az1--x-s3/382.parquet','s3://tpch17377--apne1-az1--x-s3/383.parquet','s3://tpch17377--apne1-az1--x-s3/384.parquet','s3://tpch17377--apne1-az1--x-s3/385.parquet','s3://tpch17377--apne1-az1--x-s3/386.parquet','s3://tpch17377--apne1-az1--x-s3/387.parquet','s3://tpch17377--apne1-az1--x-s3/388.parquet','s3://tpch17377--apne1-az1--x-s3/389.parquet','s3://tpch17377--apne1-az1--x-s3/390.parquet','s3://tpch17377--apne1-az1--x-s3/391.parquet','s3://tpch17377--apne1-az1--x-s3/392.parquet','s3://tpch17377--apne1-az1--x-s3/393.parquet','s3://tpch17377--apne1-az1--x-s3/394.parquet','s3://tpch17377--apne1-az1--x-s3/395.parquet','s3://tpch17377--apne1-az1--x-s3/396.parquet','s3://tpch17377--apne1-az1--x-s3/397.parquet','s3://tpch17377--apne1-az1--x-s3/398.parquet','s3://tpch17377--apne1-az1--x-s3/399.parquet','s3://tpch17377--apne1-az1--x-s3/400.parquet','s3://tpch17377--apne1-az1--x-s3/401.parquet','s3://tpch17377--apne1-az1--x-s3/402.parquet','s3://tpch17377--apne1-az1--x-s3/403.parquet','s3://tpch17377--apne1-az1--x-s3/404.parquet','s3://tpch17377--apne1-az1--x-s3/405.parquet','s3://tpch17377--apne1-az1--x-s3/406.parquet','s3://tpch17377--apne1-az1--x-s3/407.parquet','s3://tpch17377--apne1-az1--x-s3/408.parquet','s3://tpch17377--apne1-az1--x-s3/409.parquet','s3://tpch17377--apne1-az1--x-s3/410.parquet','s3://tpch17377--apne1-az1--x-s3/411.parquet','s3://tpch17377--apne1-az1--x-s3/412.parquet','s3://tpch17377--apne1-az1--x-s3/413.parquet','s3://tpch17377--apne1-az1--x-s3/414.parquet','s3://tpch17377--apne1-az1--x-s3/415.parquet','s3://tpch17377--apne1-az1--x-s3/416.parquet','s3://tpch17377--apne1-az1--x-s3/417.parquet','s3://tpch17377--apne1-az1--x-s3/418.parquet','s3://tpch17377--apne1-az1--x-s3/419.parquet','s3://tpch17377--apne1-az1--x-s3/420.parquet','s3://tpch17377--apne1-az1--x-s3/421.parquet','s3://tpch17377--apne1-az1--x-s3/422.parquet','s3://tpch17377--apne1-az1--x-s3/423.parquet','s3://tpch17377--apne1-az1--x-s3/424.parquet','s3://tpch17377--apne1-az1--x-s3/425.parquet','s3://tpch17377--apne1-az1--x-s3/461.parquet','s3://tpch17377--apne1-az1--x-s3/464.parquet','s3://tpch17377--apne1-az1--x-s3/465.parquet','s3://tpch17377--apne1-az1--x-s3/466.parquet','s3://tpch17377--apne1-az1--x-s3/467.parquet','s3://tpch17377--apne1-az1--x-s3/468.parquet','s3://tpch17377--apne1-az1--x-s3/469.parquet','s3://tpch17377--apne1-az1--x-s3/470.parquet','s3://tpch17377--apne1-az1--x-s3/471.parquet','s3://tpch17377--apne1-az1--x-s3/472.parquet','s3://tpch17377--apne1-az1--x-s3/473.parquet','s3://tpch17377--apne1-az1--x-s3/474.parquet','s3://tpch17377--apne1-az1--x-s3/475.parquet','s3://tpch17377--apne1-az1--x-s3/476.parquet','s3://tpch17377--apne1-az1--x-s3/477.parquet','s3://tpch17377--apne1-az1--x-s3/478.parquet','s3://tpch17377--apne1-az1--x-s3/479.parquet','s3://tpch17377--apne1-az1--x-s3/480.parquet','s3://tpch17377--apne1-az1--x-s3/481.parquet','s3://tpch17377--apne1-az1--x-s3/482.parquet','s3://tpch17377--apne1-az1--x-s3/483.parquet','s3://tpch17377--apne1-az1--x-s3/484.parquet','s3://tpch17377--apne1-az1--x-s3/485.parquet','s3://tpch17377--apne1-az1--x-s3/486.parquet','s3://tpch17377--apne1-az1--x-s3/487.parquet','s3://tpch17377--apne1-az1--x-s3/488.parquet','s3://tpch17377--apne1-az1--x-s3/489.parquet','s3://tpch17377--apne1-az1--x-s3/490.parquet','s3://tpch17377--apne1-az1--x-s3/491.parquet','s3://tpch17377--apne1-az1--x-s3/492.parquet','s3://tpch17377--apne1-az1--x-s3/493.parquet','s3://tpch17377--apne1-az1--x-s3/494.parquet','s3://tpch17377--apne1-az1--x-s3/495.parquet','s3://tpch17377--apne1-az1--x-s3/496.parquet']) ORDER BY l_shipdate) TO 's3://tpch17377--apne1-az1--x-s3/tmp' (FORMAT 'parquet');",
    "children": [
        {
            "result_set_size": 8,
            "operator_timing": 33.356206135000015,
            "operator_rows_scanned": 0,
            "cumulative_rows_scanned": 3442208000,
            "operator_cardinality": 1,
            "operator_type": "BATCH_COPY_TO_FILE",
            "cumulative_cardinality": 214497255,
            "extra_info": {},
            "cpu_time": 272.57466349300006,
            "children": [
                {
                    "result_set_size": 16730785812,
                    "operator_timing": 160.668079071,
                    "operator_rows_scanned": 0,
                    "cumulative_rows_scanned": 3442208000,
                    "operator_cardinality": 107248627,
                    "operator_type": "ORDER_BY",
                    "cumulative_cardinality": 214497254,
                    "extra_info": {
                        "Order By": "read_parquet.l_shipdate ASC"
                    },
                    "cpu_time": 239.21845735800002,
                    "children": [
                        {
                            "result_set_size": 16730785812,
                            "operator_timing": 78.55037828700002,
                            "operator_rows_scanned": 3442208000,
                            "cumulative_rows_scanned": 3442208000,
                            "operator_cardinality": 107248627,
                            "operator_type": "TABLE_SCAN",
                            "cumulative_cardinality": 107248627,
                            "extra_info": {
                                "Function": "READ_PARQUET",
                                "Projections": [
                                    "l_orderkey",
                                    "l_partkey",
                                    "l_suppkey",
                                    "l_linenumber",
                                    "l_quantity",
                                    "l_extendedprice",
                                    "l_discount",
                                    "l_tax",
                                    "l_returnflag",
                                    "l_linestatus",
                                    "l_shipdate",
                                    "l_commitdate",
                                    "l_receiptdate",
                                    "l_shipinstruct",
                                    "l_shipmode",
                                    "l_comment"
                                ],
                                "Estimated Cardinality": "107569000"
                            },
                            "cpu_time": 78.55037828700002,
                            "children": []
                        }
                    ]
                }
            ]
        }
    ]
}