{
    "rows_returned": 1,
    "latency": 3.68697063,
    "result_set_size": 72,
    "cumulative_rows_scanned": 9020672000,
    "cumulative_cardinality": 322535211,
    "extra_info": {},
    "cpu_time": 107.76653071299992,
    "blocked_thread_time": 0.0,
    "query_name": "WITH revenue AS (\n    SELECT\n        l_suppkey AS supplier_no,\n        sum(l_extendedprice * (1 - l_discount)) AS total_revenue\n    FROM\n        read_parquet([\"s3://tpch17377--apne1-az1--x-s3/0.parquet\", \"s3://tpch17377--apne1-az1--x-s3/1.parquet\", \"s3://tpch17377--apne1-az1--x-s3/2.parquet\", \"s3://tpch17377--apne1-az1--x-s3/3.parquet\", \"s3://tpch17377--apne1-az1--x-s3/4.parquet\", \"s3://tpch17377--apne1-az1--x-s3/5.parquet\", \"s3://tpch17377--apne1-az1--x-s3/6.parquet\", \"s3://tpch17377--apne1-az1--x-s3/7.parquet\", \"s3://tpch17377--apne1-az1--x-s3/8.parquet\", \"s3://tpch17377--apne1-az1--x-s3/9.parquet\", \"s3://tpch17377--apne1-az1--x-s3/10.parquet\", \"s3://tpch17377--apne1-az1--x-s3/11.parquet\", \"s3://tpch17377--apne1-az1--x-s3/12.parquet\", \"s3://tpch17377--apne1-az1--x-s3/13.parquet\", \"s3://tpch17377--apne1-az1--x-s3/14.parquet\", \"s3://tpch17377--apne1-az1--x-s3/15.parquet\", \"s3://tpch17377--apne1-az1--x-s3/16.parquet\", \"s3://tpch17377--apne1-az1--x-s3/17.parquet\", \"s3://tpch17377--apne1-az1--x-s3/18.parquet\", \"s3://tpch17377--apne1-az1--x-s3/19.parquet\", \"s3://tpch17377--apne1-az1--x-s3/20.parquet\", \"s3://tpch17377--apne1-az1--x-s3/21.parquet\", \"s3://tpch17377--apne1-az1--x-s3/22.parquet\", \"s3://tpch17377--apne1-az1--x-s3/23.parquet\", \"s3://tpch17377--apne1-az1--x-s3/24.parquet\", \"s3://tpch17377--apne1-az1--x-s3/25.parquet\", \"s3://tpch17377--apne1-az1--x-s3/26.parquet\", \"s3://tpch17377--apne1-az1--x-s3/27.parquet\", \"s3://tpch17377--apne1-az1--x-s3/28.parquet\", \"s3://tpch17377--apne1-az1--x-s3/29.parquet\", \"s3://tpch17377--apne1-az1--x-s3/30.parquet\", \"s3://tpch17377--apne1-az1--x-s3/31.parquet\", \"s3://tpch17377--apne1-az1--x-s3/32.parquet\", \"s3://tpch17377--apne1-az1--x-s3/33.parquet\", \"s3://tpch17377--apne1-az1--x-s3/34.parquet\", \"s3://tpch17377--apne1-az1--x-s3/35.parquet\", \"s3://tpch17377--apne1-az1--x-s3/36.parquet\", \"s3://tpch17377--apne1-az1--x-s3/37.parquet\", \"s3://tpch17377--apne1-az1--x-s3/38.parquet\", \"s3://tpch17377--apne1-az1--x-s3/39.parquet\", \"s3://tpch17377--apne1-az1--x-s3/40.parquet\", \"s3://tpch17377--apne1-az1--x-s3/41.parquet\", \"s3://tpch17377--apne1-az1--x-s3/42.parquet\", \"s3://tpch17377--apne1-az1--x-s3/43.parquet\", \"s3://tpch17377--apne1-az1--x-s3/44.parquet\", \"s3://tpch17377--apne1-az1--x-s3/45.parquet\", \"s3://tpch17377--apne1-az1--x-s3/46.parquet\", \"s3://tpch17377--apne1-az1--x-s3/47.parquet\", \"s3://tpch17377--apne1-az1--x-s3/48.parquet\", \"s3://tpch17377--apne1-az1--x-s3/49.parquet\", \"s3://tpch17377--apne1-az1--x-s3/50.parquet\", \"s3://tpch17377--apne1-az1--x-s3/51.parquet\", \"s3://tpch17377--apne1-az1--x-s3/52.parquet\", \"s3://tpch17377--apne1-az1--x-s3/53.parquet\", \"s3://tpch17377--apne1-az1--x-s3/54.parquet\", \"s3://tpch17377--apne1-az1--x-s3/55.parquet\", \"s3://tpch17377--apne1-az1--x-s3/56.parquet\", \"s3://tpch17377--apne1-az1--x-s3/57.parquet\", \"s3://tpch17377--apne1-az1--x-s3/58.parquet\", \"s3://tpch17377--apne1-az1--x-s3/59.parquet\", \"s3://tpch17377--apne1-az1--x-s3/60.parquet\", \"s3://tpch17377--apne1-az1--x-s3/61.parquet\", \"s3://tpch17377--apne1-az1--x-s3/62.parquet\", \"s3://tpch17377--apne1-az1--x-s3/63.parquet\", \"s3://tpch17377--apne1-az1--x-s3/64.parquet\", \"s3://tpch17377--apne1-az1--x-s3/65.parquet\", \"s3://tpch17377--apne1-az1--x-s3/66.parquet\", \"s3://tpch17377--apne1-az1--x-s3/67.parquet\", \"s3://tpch17377--apne1-az1--x-s3/68.parquet\", \"s3://tpch17377--apne1-az1--x-s3/69.parquet\", \"s3://tpch17377--apne1-az1--x-s3/70.parquet\", \"s3://tpch17377--apne1-az1--x-s3/71.parquet\", \"s3://tpch17377--apne1-az1--x-s3/72.parquet\", \"s3://tpch17377--apne1-az1--x-s3/73.parquet\", \"s3://tpch17377--apne1-az1--x-s3/74.parquet\", \"s3://tpch17377--apne1-az1--x-s3/75.parquet\", \"s3://tpch17377--apne1-az1--x-s3/76.parquet\", \"s3://tpch17377--apne1-az1--x-s3/77.parquet\", \"s3://tpch17377--apne1-az1--x-s3/78.parquet\", \"s3://tpch17377--apne1-az1--x-s3/79.parquet\", \"s3://tpch17377--apne1-az1--x-s3/80.parquet\", \"s3://tpch17377--apne1-az1--x-s3/81.parquet\", \"s3://tpch17377--apne1-az1--x-s3/82.parquet\", \"s3://tpch17377--apne1-az1--x-s3/83.parquet\", \"s3://tpch17377--apne1-az1--x-s3/84.parquet\", \"s3://tpch17377--apne1-az1--x-s3/85.parquet\", \"s3://tpch17377--apne1-az1--x-s3/86.parquet\", \"s3://tpch17377--apne1-az1--x-s3/87.parquet\", \"s3://tpch17377--apne1-az1--x-s3/88.parquet\", \"s3://tpch17377--apne1-az1--x-s3/89.parquet\", \"s3://tpch17377--apne1-az1--x-s3/90.parquet\", \"s3://tpch17377--apne1-az1--x-s3/91.parquet\", \"s3://tpch17377--apne1-az1--x-s3/92.parquet\", \"s3://tpch17377--apne1-az1--x-s3/93.parquet\", \"s3://tpch17377--apne1-az1--x-s3/94.parquet\", \"s3://tpch17377--apne1-az1--x-s3/95.parquet\", \"s3://tpch17377--apne1-az1--x-s3/96.parquet\", \"s3://tpch17377--apne1-az1--x-s3/97.parquet\", \"s3://tpch17377--apne1-az1--x-s3/98.parquet\", \"s3://tpch17377--apne1-az1--x-s3/99.parquet\", \"s3://tpch17377--apne1-az1--x-s3/100.parquet\", \"s3://tpch17377--apne1-az1--x-s3/101.parquet\", \"s3://tpch17377--apne1-az1--x-s3/102.parquet\", \"s3://tpch17377--apne1-az1--x-s3/103.parquet\", \"s3://tpch17377--apne1-az1--x-s3/104.parquet\", \"s3://tpch17377--apne1-az1--x-s3/105.parquet\", \"s3://tpch17377--apne1-az1--x-s3/106.parquet\", \"s3://tpch17377--apne1-az1--x-s3/107.parquet\", \"s3://tpch17377--apne1-az1--x-s3/108.parquet\", \"s3://tpch17377--apne1-az1--x-s3/109.parquet\", \"s3://tpch17377--apne1-az1--x-s3/110.parquet\", \"s3://tpch17377--apne1-az1--x-s3/111.parquet\", \"s3://tpch17377--apne1-az1--x-s3/112.parquet\", \"s3://tpch17377--apne1-az1--x-s3/113.parquet\", \"s3://tpch17377--apne1-az1--x-s3/114.parquet\", \"s3://tpch17377--apne1-az1--x-s3/115.parquet\", \"s3://tpch17377--apne1-az1--x-s3/116.parquet\", \"s3://tpch17377--apne1-az1--x-s3/117.parquet\", \"s3://tpch17377--apne1-az1--x-s3/118.parquet\", \"s3://tpch17377--apne1-az1--x-s3/119.parquet\", \"s3://tpch17377--apne1-az1--x-s3/120.parquet\", \"s3://tpch17377--apne1-az1--x-s3/121.parquet\", \"s3://tpch17377--apne1-az1--x-s3/122.parquet\", \"s3://tpch17377--apne1-az1--x-s3/123.parquet\", \"s3://tpch17377--apne1-az1--x-s3/124.parquet\", \"s3://tpch17377--apne1-az1--x-s3/125.parquet\", \"s3://tpch17377--apne1-az1--x-s3/126.parquet\", \"s3://tpch17377--apne1-az1--x-s3/127.parquet\", \"s3://tpch17377--apne1-az1--x-s3/128.parquet\", \"s3://tpch17377--apne1-az1--x-s3/129.parquet\", \"s3://tpch17377--apne1-az1--x-s3/130.parquet\", \"s3://tpch17377--apne1-az1--x-s3/131.parquet\", \"s3://tpch17377--apne1-az1--x-s3/132.parquet\", \"s3://tpch17377--apne1-az1--x-s3/133.parquet\", \"s3://tpch17377--apne1-az1--x-s3/134.parquet\", \"s3://tpch17377--apne1-az1--x-s3/135.parquet\", \"s3://tpch17377--apne1-az1--x-s3/136.parquet\", \"s3://tpch17377--apne1-az1--x-s3/137.parquet\", \"s3://tpch17377--apne1-az1--x-s3/138.parquet\", \"s3://tpch17377--apne1-az1--x-s3/139.parquet\", \"s3://tpch17377--apne1-az1--x-s3/140.parquet\", \"s3://tpch17377--apne1-az1--x-s3/141.parquet\", \"s3://tpch17377--apne1-az1--x-s3/153.parquet\", \"s3://tpch17377--apne1-az1--x-s3/154.parquet\", \"s3://tpch17377--apne1-az1--x-s3/226.parquet\", \"s3://tpch17377--apne1-az1--x-s3/227.parquet\", \"s3://tpch17377--apne1-az1--x-s3/228.parquet\", \"s3://tpch17377--apne1-az1--x-s3/229.parquet\", \"s3://tpch17377--apne1-az1--x-s3/230.parquet\", \"s3://tpch17377--apne1-az1--x-s3/231.parquet\", \"s3://tpch17377--apne1-az1--x-s3/232.parquet\", \"s3://tpch17377--apne1-az1--x-s3/233.parquet\", \"s3://tpch17377--apne1-az1--x-s3/234.parquet\", \"s3://tpch17377--apne1-az1--x-s3/235.parquet\", \"s3://tpch17377--apne1-az1--x-s3/236.parquet\", \"s3://tpch17377--apne1-az1--x-s3/237.parquet\", \"s3://tpch17377--apne1-az1--x-s3/402.parquet\", \"s3://tpch17377--apne1-az1--x-s3/403.parquet\", \"s3://tpch17377--apne1-az1--x-s3/404.parquet\", \"s3://tpch17377--apne1-az1--x-s3/405.parquet\", \"s3://tpch17377--apne1-az1--x-s3/406.parquet\", \"s3://tpch17377--apne1-az1--x-s3/407.parquet\", \"s3://tpch17377--apne1-az1--x-s3/408.parquet\", \"s3://tpch17377--apne1-az1--x-s3/409.parquet\", \"s3://tpch17377--apne1-az1--x-s3/410.parquet\", \"s3://tpch17377--apne1-az1--x-s3/411.parquet\", \"s3://tpch17377--apne1-az1--x-s3/412.parquet\", \"s3://tpch17377--apne1-az1--x-s3/413.parquet\", \"s3://tpch17377--apne1-az1--x-s3/414.parquet\", \"s3://tpch17377--apne1-az1--x-s3/508.parquet\", \"s3://tpch17377--apne1-az1--x-s3/509.parquet\", \"s3://tpch17377--apne1-az1--x-s3/510.parquet\", \"s3://tpch17377--apne1-az1--x-s3/511.parquet\", \"s3://tpch17377--apne1-az1--x-s3/512.parquet\", \"s3://tpch17377--apne1-az1--x-s3/513.parquet\", \"s3://tpch17377--apne1-az1--x-s3/514.parquet\", \"s3://tpch17377--apne1-az1--x-s3/515.parquet\", \"s3://tpch17377--apne1-az1--x-s3/516.parquet\", \"s3://tpch17377--apne1-az1--x-s3/517.parquet\", \"s3://tpch17377--apne1-az1--x-s3/518.parquet\", \"s3://tpch17377--apne1-az1--x-s3/519.parquet\", \"s3://tpch17377--apne1-az1--x-s3/568.parquet\", \"s3://tpch17377--apne1-az1--x-s3/569.parquet\", \"s3://tpch17377--apne1-az1--x-s3/570.parquet\", \"s3://tpch17377--apne1-az1--x-s3/571.parquet\", \"s3://tpch17377--apne1-az1--x-s3/572.parquet\", \"s3://tpch17377--apne1-az1--x-s3/573.parquet\", \"s3://tpch17377--apne1-az1--x-s3/639.parquet\", \"s3://tpch17377--apne1-az1--x-s3/640.parquet\", \"s3://tpch17377--apne1-az1--x-s3/641.parquet\", \"s3://tpch17377--apne1-az1--x-s3/642.parquet\", \"s3://tpch17377--apne1-az1--x-s3/643.parquet\", \"s3://tpch17377--apne1-az1--x-s3/644.parquet\", \"s3://tpch17377--apne1-az1--x-s3/755.parquet\", \"s3://tpch17377--apne1-az1--x-s3/756.parquet\", \"s3://tpch17377--apne1-az1--x-s3/757.parquet\", \"s3://tpch17377--apne1-az1--x-s3/758.parquet\", \"s3://tpch17377--apne1-az1--x-s3/759.parquet\", \"s3://tpch17377--apne1-az1--x-s3/760.parquet\", \"s3://tpch17377--apne1-az1--x-s3/761.parquet\", \"s3://tpch17377--apne1-az1--x-s3/762.parquet\", \"s3://tpch17377--apne1-az1--x-s3/763.parquet\", \"s3://tpch17377--apne1-az1--x-s3/764.parquet\", \"s3://tpch17377--apne1-az1--x-s3/765.parquet\", \"s3://tpch17377--apne1-az1--x-s3/766.parquet\", \"s3://tpch17377--apne1-az1--x-s3/767.parquet\", \"s3://tpch17377--apne1-az1--x-s3/800.parquet\", \"s3://tpch17377--apne1-az1--x-s3/801.parquet\", \"s3://tpch17377--apne1-az1--x-s3/802.parquet\", \"s3://tpch17377--apne1-az1--x-s3/803.parquet\", \"s3://tpch17377--apne1-az1--x-s3/804.parquet\", \"s3://tpch17377--apne1-az1--x-s3/805.parquet\", \"s3://tpch17377--apne1-az1--x-s3/806.parquet\", \"s3://tpch17377--apne1-az1--x-s3/852.parquet\", \"s3://tpch17377--apne1-az1--x-s3/853.parquet\", \"s3://tpch17377--apne1-az1--x-s3/854.parquet\", \"s3://tpch17377--apne1-az1--x-s3/855.parquet\", \"s3://tpch17377--apne1-az1--x-s3/856.parquet\", \"s3://tpch17377--apne1-az1--x-s3/857.parquet\", \"s3://tpch17377--apne1-az1--x-s3/923.parquet\", \"s3://tpch17377--apne1-az1--x-s3/924.parquet\", \"s3://tpch17377--apne1-az1--x-s3/925.parquet\", \"s3://tpch17377--apne1-az1--x-s3/926.parquet\", \"s3://tpch17377--apne1-az1--x-s3/927.parquet\", \"s3://tpch17377--apne1-az1--x-s3/928.parquet\", \"s3://tpch17377--apne1-az1--x-s3/1042.parquet\", \"s3://tpch17377--apne1-az1--x-s3/1043.parquet\", \"s3://tpch17377--apne1-az1--x-s3/1044.parquet\", \"s3://tpch17377--apne1-az1--x-s3/1045.parquet\", \"s3://tpch17377--apne1-az1--x-s3/1046.parquet\", \"s3://tpch17377--apne1-az1--x-s3/1047.parquet\", \"s3://tpch17377--apne1-az1--x-s3/1048.parquet\", \"s3://tpch17377--apne1-az1--x-s3/1049.parquet\", \"s3://tpch17377--apne1-az1--x-s3/1050.parquet\", \"s3://tpch17377--apne1-az1--x-s3/1051.parquet\", \"s3://tpch17377--apne1-az1--x-s3/1053.parquet\", \"s3://tpch17377--apne1-az1--x-s3/1054.parquet\", \"s3://tpch17377--apne1-az1--x-s3/1056.parquet\", \"s3://tpch17377--apne1-az1--x-s3/1194.parquet\", \"s3://tpch17377--apne1-az1--x-s3/1195.parquet\", \"s3://tpch17377--apne1-az1--x-s3/1196.parquet\", \"s3://tpch17377--apne1-az1--x-s3/1197.parquet\", \"s3://tpch17377--apne1-az1--x-s3/1198.parquet\", \"s3://tpch17377--apne1-az1--x-s3/1199.parquet\", \"s3://tpch17377--apne1-az1--x-s3/1200.parquet\", \"s3://tpch17377--apne1-az1--x-s3/1201.parquet\", \"s3://tpch17377--apne1-az1--x-s3/1202.parquet\", \"s3://tpch17377--apne1-az1--x-s3/1203.parquet\", \"s3://tpch17377--apne1-az1--x-s3/1204.parquet\", \"s3://tpch17377--apne1-az1--x-s3/1205.parquet\", \"s3://tpch17377--apne1-az1--x-s3/1206.parquet\", \"s3://tpch17377--apne1-az1--x-s3/1241.parquet\", \"s3://tpch17377--apne1-az1--x-s3/1242.parquet\", \"s3://tpch17377--apne1-az1--x-s3/1243.parquet\", \"s3://tpch17377--apne1-az1--x-s3/1244.parquet\", \"s3://tpch17377--apne1-az1--x-s3/1245.parquet\", \"s3://tpch17377--apne1-az1--x-s3/1246.parquet\", \"s3://tpch17377--apne1-az1--x-s3/1247.parquet\", \"s3://tpch17377--apne1-az1--x-s3/1338.parquet\", \"s3://tpch17377--apne1-az1--x-s3/1339.parquet\", \"s3://tpch17377--apne1-az1--x-s3/1340.parquet\", \"s3://tpch17377--apne1-az1--x-s3/1341.parquet\", \"s3://tpch17377--apne1-az1--x-s3/1342.parquet\", \"s3://tpch17377--apne1-az1--x-s3/1343.parquet\", \"s3://tpch17377--apne1-az1--x-s3/1344.parquet\", \"s3://tpch17377--apne1-az1--x-s3/1394.parquet\", \"s3://tpch17377--apne1-az1--x-s3/1395.parquet\", \"s3://tpch17377--apne1-az1--x-s3/1396.parquet\", \"s3://tpch17377--apne1-az1--x-s3/1397.parquet\", \"s3://tpch17377--apne1-az1--x-s3/1398.parquet\", \"s3://tpch17377--apne1-az1--x-s3/1399.parquet\", \"s3://tpch17377--apne1-az1--x-s3/1400.parquet\", \"s3://tpch17377--apne1-az1--x-s3/1530.parquet\", \"s3://tpch17377--apne1-az1--x-s3/1531.parquet\", \"s3://tpch17377--apne1-az1--x-s3/1532.parquet\", \"s3://tpch17377--apne1-az1--x-s3/1533.parquet\", \"s3://tpch17377--apne1-az1--x-s3/1534.parquet\", \"s3://tpch17377--apne1-az1--x-s3/1535.parquet\", \"s3://tpch17377--apne1-az1--x-s3/1536.parquet\", \"s3://tpch17377--apne1-az1--x-s3/1537.parquet\", \"s3://tpch17377--apne1-az1--x-s3/1538.parquet\", \"s3://tpch17377--apne1-az1--x-s3/1539.parquet\", \"s3://tpch17377--apne1-az1--x-s3/1540.parquet\", \"s3://tpch17377--apne1-az1--x-s3/1588.parquet\", \"s3://tpch17377--apne1-az1--x-s3/1589.parquet\", \"s3://tpch17377--apne1-az1--x-s3/1590.parquet\", \"s3://tpch17377--apne1-az1--x-s3/1591.parquet\", \"s3://tpch17377--apne1-az1--x-s3/1592.parquet\", \"s3://tpch17377--apne1-az1--x-s3/1593.parquet\", \"s3://tpch17377--apne1-az1--x-s3/1594.parquet\", \"s3://tpch17377--apne1-az1--x-s3/1595.parquet\", \"s3://tpch17377--apne1-az1--x-s3/1596.parquet\", \"s3://tpch17377--apne1-az1--x-s3/1597.parquet\", \"s3://tpch17377--apne1-az1--x-s3/1598.parquet\", \"s3://tpch17377--apne1-az1--x-s3/1599.parquet\", \"s3://tpch17377--apne1-az1--x-s3/1600.parquet\", \"s3://tpch17377--apne1-az1--x-s3/1672.parquet\", \"s3://tpch17377--apne1-az1--x-s3/1673.parquet\", \"s3://tpch17377--apne1-az1--x-s3/1674.parquet\", \"s3://tpch17377--apne1-az1--x-s3/1675.parquet\", \"s3://tpch17377--apne1-az1--x-s3/1676.parquet\", \"s3://tpch17377--apne1-az1--x-s3/1677.parquet\", \"s3://tpch17377--apne1-az1--x-s3/1678.parquet\", \"s3://tpch17377--apne1-az1--x-s3/1679.parquet\", \"s3://tpch17377--apne1-az1--x-s3/1680.parquet\", \"s3://tpch17377--apne1-az1--x-s3/1681.parquet\", \"s3://tpch17377--apne1-az1--x-s3/1682.parquet\", \"s3://tpch17377--apne1-az1--x-s3/1683.parquet\", \"s3://tpch17377--apne1-az1--x-s3/1684.parquet\", \"s3://tpch17377--apne1-az1--x-s3/1793.parquet\", \"s3://tpch17377--apne1-az1--x-s3/1794.parquet\", \"s3://tpch17377--apne1-az1--x-s3/1795.parquet\", \"s3://tpch17377--apne1-az1--x-s3/1796.parquet\", \"s3://tpch17377--apne1-az1--x-s3/1797.parquet\", \"s3://tpch17377--apne1-az1--x-s3/1798.parquet\", \"s3://tpch17377--apne1-az1--x-s3/1799.parquet\", \"s3://tpch17377--apne1-az1--x-s3/1800.parquet\", \"s3://tpch17377--apne1-az1--x-s3/1801.parquet\", \"s3://tpch17377--apne1-az1--x-s3/1802.parquet\", \"s3://tpch17377--apne1-az1--x-s3/1803.parquet\", \"s3://tpch17377--apne1-az1--x-s3/1804.parquet\", \"s3://tpch17377--apne1-az1--x-s3/1920.parquet\", \"s3://tpch17377--apne1-az1--x-s3/1921.parquet\", \"s3://tpch17377--apne1-az1--x-s3/1922.parquet\", \"s3://tpch17377--apne1-az1--x-s3/1923.parquet\", \"s3://tpch17377--apne1-az1--x-s3/1924.parquet\", \"s3://tpch17377--apne1-az1--x-s3/2047.parquet\"])\n    WHERE\n        l_shipdate >= DATE '1992-01-01' + INTERVAL 26 MONTH\n        AND l_shipdate < DATE '1992-01-01' + INTERVAL 26 MONTH + INTERVAL 3 MONTH\n    GROUP BY\n        supplier_no\n)\nSELECT\n    s_suppkey,\n    s_name,\n    s_address,\n    s_phone,\n    total_revenue\nFROM\n    'pool/supplier/*.parquet',\n    revenue\nWHERE\n    s_suppkey = supplier_no\n    AND total_revenue = (\n        SELECT\n            max(total_revenue)\n        FROM\n            revenue\n    )\nORDER BY\n    s_suppkey;",
    "children": [
        {
            "result_set_size": 72,
            "operator_timing": 0.000033261999999999994,
            "operator_rows_scanned": 0,
            "cumulative_rows_scanned": 9020672000,
            "operator_cardinality": 1,
            "operator_type": "ORDER_BY",
            "cumulative_cardinality": 322535211,
            "extra_info": {
                "Order By": "\"pool/supplier/*.parquet\".s_suppkey ASC"
            },
            "cpu_time": 107.76653071299992,
            "children": [
                {
                    "result_set_size": 72,
                    "operator_timing": 0.000001232,
                    "operator_rows_scanned": 0,
                    "cumulative_rows_scanned": 9020672000,
                    "operator_cardinality": 1,
                    "operator_type": "PROJECTION",
                    "cumulative_cardinality": 322535210,
                    "extra_info": {
                        "Projections": [
                            "s_suppkey",
                            "s_name",
                            "s_address",
                            "s_phone",
                            "total_revenue"
                        ],
                        "Estimated Cardinality": "27729600"
                    },
                    "cpu_time": 107.76649745099992,
                    "children": [
                        {
                            "result_set_size": 0,
                            "operator_timing": 0.03821151999999999,
                            "operator_rows_scanned": 0,
                            "cumulative_rows_scanned": 9020672000,
                            "operator_cardinality": 0,
                            "operator_type": "CTE",
                            "cumulative_cardinality": 322535209,
                            "extra_info": {
                                "CTE Name": "revenue",
                                "Table Index": "0"
                            },
                            "cpu_time": 107.76649621899992,
                            "children": [
                                {
                                    "result_set_size": 120000000,
                                    "operator_timing": 22.206168239999997,
                                    "operator_rows_scanned": 0,
                                    "cumulative_rows_scanned": 8873472000,
                                    "operator_cardinality": 5000000,
                                    "operator_type": "HASH_GROUP_BY",
                                    "cumulative_cardinality": 307535202,
                                    "extra_info": {
                                        "Groups": "#0",
                                        "Aggregates": "sum(#1)",
                                        "Estimated Cardinality": "27729600"
                                    },
                                    "cpu_time": 107.62141031399992,
                                    "children": [
                                        {
                                            "result_set_size": 2420281616,
                                            "operator_timing": 0.996968433,
                                            "operator_rows_scanned": 0,
                                            "cumulative_rows_scanned": 8873472000,
                                            "operator_cardinality": 151267601,
                                            "operator_type": "PROJECTION",
                                            "cumulative_cardinality": 302535202,
                                            "extra_info": {
                                                "Projections": [
                                                    "supplier_no",
                                                    "(l_extendedprice * (1.00 - l_discount))"
                                                ],
                                                "Estimated Cardinality": "55459200"
                                            },
                                            "cpu_time": 85.41524207399992,
                                            "children": [
                                                {
                                                    "result_set_size": 3630422424,
                                                    "operator_timing": 84.41827364099991,
                                                    "operator_rows_scanned": 8873472000,
                                                    "cumulative_rows_scanned": 8873472000,
                                                    "operator_cardinality": 151267601,
                                                    "operator_type": "TABLE_SCAN",
                                                    "cumulative_cardinality": 151267601,
                                                    "extra_info": {
                                                        "Function": "READ_PARQUET",
                                                        "Projections": [
                                                            "l_suppkey",
                                                            "l_extendedprice",
                                                            "l_discount"
                                                        ],
                                                        "Filters": "l_shipdate>='1994-03-01'::DATE AND l_shipdate<'1994-06-01'::DATE AND l_shipdate IS NOT NULL",
                                                        "Estimated Cardinality": "55459200"
                                                    },
                                                    "cpu_time": 84.41827364099991,
                                                    "children": []
                                                }
                                            ]
                                        }
                                    ]
                                },
                                {
                                    "result_set_size": 96,
                                    "operator_timing": 0.00020411500000000002,
                                    "operator_rows_scanned": 0,
                                    "cumulative_rows_scanned": 147200000,
                                    "operator_cardinality": 1,
                                    "operator_type": "HASH_JOIN",
                                    "cumulative_cardinality": 15000007,
                                    "extra_info": {
                                        "Join Type": "INNER",
                                        "Conditions": "s_suppkey = supplier_no",
                                        "Estimated Cardinality": "0"
                                    },
                                    "cpu_time": 0.10687438499999999,
                                    "children": [
                                        {
                                            "result_set_size": 56,
                                            "operator_timing": 0.031173993999999993,
                                            "operator_rows_scanned": 147200000,
                                            "cumulative_rows_scanned": 147200000,
                                            "operator_cardinality": 1,
                                            "operator_type": "TABLE_SCAN",
                                            "cumulative_cardinality": 1,
                                            "extra_info": {
                                                "Function": "PARQUET_SCAN",
                                                "Projections": "",
                                                "Estimated Cardinality": "4600000"
                                            },
                                            "cpu_time": 0.031173993999999993,
                                            "children": []
                                        },
                                        {
                                            "result_set_size": 40,
                                            "operator_timing": 0.027884766,
                                            "operator_rows_scanned": 0,
                                            "cumulative_rows_scanned": 0,
                                            "operator_cardinality": 1,
                                            "operator_type": "HASH_JOIN",
                                            "cumulative_cardinality": 15000005,
                                            "extra_info": {
                                                "Join Type": "INNER",
                                                "Conditions": "total_revenue = SUBQUERY",
                                                "Estimated Cardinality": "0"
                                            },
                                            "cpu_time": 0.075496276,
                                            "children": [
                                                {
                                                    "result_set_size": 120000000,
                                                    "operator_timing": 0.007500323999999998,
                                                    "operator_rows_scanned": 0,
                                                    "cumulative_rows_scanned": 0,
                                                    "operator_cardinality": 5000000,
                                                    "operator_type": "CTE_SCAN",
                                                    "cumulative_cardinality": 5000000,
                                                    "extra_info": {
                                                        "CTE Index": "0",
                                                        "Estimated Cardinality": "27729600"
                                                    },
                                                    "cpu_time": 0.007500323999999998,
                                                    "children": []
                                                },
                                                {
                                                    "result_set_size": 16,
                                                    "operator_timing": 0.000003048,
                                                    "operator_rows_scanned": 0,
                                                    "cumulative_rows_scanned": 0,
                                                    "operator_cardinality": 1,
                                                    "operator_type": "PROJECTION",
                                                    "cumulative_cardinality": 10000004,
                                                    "extra_info": {
                                                        "Projections": [
                                                            "CASE  WHEN ((#1 > 1)) THEN (error('More than one row returned by a subquery used as an expression - scalar subqueries can only return a single row.",
                                                            "Use \"SET scalar_subquery_error_on_multiple_rows=false\" to revert to previous behavior of returning a random row.')) ELSE #0 END"
                                                        ],
                                                        "Estimated Cardinality": "1"
                                                    },
                                                    "cpu_time": 0.040111186000000014,
                                                    "children": [
                                                        {
                                                            "result_set_size": 24,
                                                            "operator_timing": 0.000001946,
                                                            "operator_rows_scanned": 0,
                                                            "cumulative_rows_scanned": 0,
                                                            "operator_cardinality": 1,
                                                            "operator_type": "UNGROUPED_AGGREGATE",
                                                            "cumulative_cardinality": 10000003,
                                                            "extra_info": {
                                                                "Aggregates": [
                                                                    "\"first\"(#0)",
                                                                    "count_star()"
                                                                ]
                                                            },
                                                            "cpu_time": 0.040108138000000015,
                                                            "children": [
                                                                {
                                                                    "result_set_size": 16,
                                                                    "operator_timing": 2.99e-7,
                                                                    "operator_rows_scanned": 0,
                                                                    "cumulative_rows_scanned": 0,
                                                                    "operator_cardinality": 1,
                                                                    "operator_type": "PROJECTION",
                                                                    "cumulative_cardinality": 10000002,
                                                                    "extra_info": {
                                                                        "Projections": "#0",
                                                                        "Estimated Cardinality": "1"
                                                                    },
                                                                    "cpu_time": 0.04010619200000001,
                                                                    "children": [
                                                                        {
                                                                            "result_set_size": 16,
                                                                            "operator_timing": 0.0074068940000000015,
                                                                            "operator_rows_scanned": 0,
                                                                            "cumulative_rows_scanned": 0,
                                                                            "operator_cardinality": 1,
                                                                            "operator_type": "UNGROUPED_AGGREGATE",
                                                                            "cumulative_cardinality": 10000001,
                                                                            "extra_info": {
                                                                                "Aggregates": "max(#0)"
                                                                            },
                                                                            "cpu_time": 0.04010589300000001,
                                                                            "children": [
                                                                                {
                                                                                    "result_set_size": 80000000,
                                                                                    "operator_timing": 0.000350396,
                                                                                    "operator_rows_scanned": 0,
                                                                                    "cumulative_rows_scanned": 0,
                                                                                    "operator_cardinality": 5000000,
                                                                                    "operator_type": "PROJECTION",
                                                                                    "cumulative_cardinality": 10000000,
                                                                                    "extra_info": {
                                                                                        "Projections": "total_revenue",
                                                                                        "Estimated Cardinality": "27729600"
                                                                                    },
                                                                                    "cpu_time": 0.032698999000000006,
                                                                                    "children": [
                                                                                        {
                                                                                            "result_set_size": 120000000,
                                                                                            "operator_timing": 0.032348603000000004,
                                                                                            "operator_rows_scanned": 0,
                                                                                            "cumulative_rows_scanned": 0,
                                                                                            "operator_cardinality": 5000000,
                                                                                            "operator_type": "CTE_SCAN",
                                                                                            "cumulative_cardinality": 5000000,
                                                                                            "extra_info": {
                                                                                                "CTE Index": "0",
                                                                                                "Estimated Cardinality": "27729600"
                                                                                            },
                                                                                            "cpu_time": 0.032348603000000004,
                                                                                            "children": []
                                                                                        }
                                                                                    ]
                                                                                }
                                                                            ]
                                                                        }
                                                                    ]
                                                                }
                                                            ]
                                                        }
                                                    ]
                                                }
                                            ]
                                        }
                                    ]
                                }
                            ]
                        }
                    ]
                }
            ]
        }
    ]
}