{
    "rows_returned": 1,
    "latency": 28.990491633,
    "result_set_size": 8,
    "cumulative_rows_scanned": 3442208000,
    "cumulative_cardinality": 214606355,
    "extra_info": {},
    "cpu_time": 238.5040700810001,
    "blocked_thread_time": 0.0,
    "query_name": "COPY (FROM read_parquet(['s3://tpch17377--apne1-az1--x-s3/2805.parquet','s3://tpch17377--apne1-az1--x-s3/2810.parquet','s3://tpch17377--apne1-az1--x-s3/2811.parquet','s3://tpch17377--apne1-az1--x-s3/2812.parquet','s3://tpch17377--apne1-az1--x-s3/2813.parquet','s3://tpch17377--apne1-az1--x-s3/2814.parquet','s3://tpch17377--apne1-az1--x-s3/2815.parquet','s3://tpch17377--apne1-az1--x-s3/2816.parquet','s3://tpch17377--apne1-az1--x-s3/2817.parquet','s3://tpch17377--apne1-az1--x-s3/2818.parquet','s3://tpch17377--apne1-az1--x-s3/2819.parquet','s3://tpch17377--apne1-az1--x-s3/2820.parquet','s3://tpch17377--apne1-az1--x-s3/2821.parquet','s3://tpch17377--apne1-az1--x-s3/2822.parquet','s3://tpch17377--apne1-az1--x-s3/2823.parquet','s3://tpch17377--apne1-az1--x-s3/2824.parquet','s3://tpch17377--apne1-az1--x-s3/2825.parquet','s3://tpch17377--apne1-az1--x-s3/2826.parquet','s3://tpch17377--apne1-az1--x-s3/2827.parquet','s3://tpch17377--apne1-az1--x-s3/2828.parquet','s3://tpch17377--apne1-az1--x-s3/2829.parquet','s3://tpch17377--apne1-az1--x-s3/2830.parquet','s3://tpch17377--apne1-az1--x-s3/2831.parquet','s3://tpch17377--apne1-az1--x-s3/2832.parquet','s3://tpch17377--apne1-az1--x-s3/2833.parquet','s3://tpch17377--apne1-az1--x-s3/2834.parquet','s3://tpch17377--apne1-az1--x-s3/2835.parquet','s3://tpch17377--apne1-az1--x-s3/2836.parquet','s3://tpch17377--apne1-az1--x-s3/2837.parquet','s3://tpch17377--apne1-az1--x-s3/2838.parquet','s3://tpch17377--apne1-az1--x-s3/2839.parquet','s3://tpch17377--apne1-az1--x-s3/2840.parquet','s3://tpch17377--apne1-az1--x-s3/2841.parquet','s3://tpch17377--apne1-az1--x-s3/2842.parquet','s3://tpch17377--apne1-az1--x-s3/2843.parquet','s3://tpch17377--apne1-az1--x-s3/2844.parquet','s3://tpch17377--apne1-az1--x-s3/2845.parquet','s3://tpch17377--apne1-az1--x-s3/2846.parquet','s3://tpch17377--apne1-az1--x-s3/2847.parquet','s3://tpch17377--apne1-az1--x-s3/2848.parquet','s3://tpch17377--apne1-az1--x-s3/2849.parquet','s3://tpch17377--apne1-az1--x-s3/2850.parquet','s3://tpch17377--apne1-az1--x-s3/2851.parquet','s3://tpch17377--apne1-az1--x-s3/2852.parquet','s3://tpch17377--apne1-az1--x-s3/2853.parquet','s3://tpch17377--apne1-az1--x-s3/2854.parquet','s3://tpch17377--apne1-az1--x-s3/2855.parquet','s3://tpch17377--apne1-az1--x-s3/2856.parquet','s3://tpch17377--apne1-az1--x-s3/2857.parquet','s3://tpch17377--apne1-az1--x-s3/2858.parquet','s3://tpch17377--apne1-az1--x-s3/2859.parquet','s3://tpch17377--apne1-az1--x-s3/2860.parquet','s3://tpch17377--apne1-az1--x-s3/2861.parquet','s3://tpch17377--apne1-az1--x-s3/2862.parquet','s3://tpch17377--apne1-az1--x-s3/2863.parquet','s3://tpch17377--apne1-az1--x-s3/2864.parquet','s3://tpch17377--apne1-az1--x-s3/2865.parquet','s3://tpch17377--apne1-az1--x-s3/2866.parquet','s3://tpch17377--apne1-az1--x-s3/2867.parquet','s3://tpch17377--apne1-az1--x-s3/2868.parquet','s3://tpch17377--apne1-az1--x-s3/2869.parquet','s3://tpch17377--apne1-az1--x-s3/2870.parquet','s3://tpch17377--apne1-az1--x-s3/2871.parquet','s3://tpch17377--apne1-az1--x-s3/2872.parquet','s3://tpch17377--apne1-az1--x-s3/2873.parquet','s3://tpch17377--apne1-az1--x-s3/2874.parquet','s3://tpch17377--apne1-az1--x-s3/2875.parquet','s3://tpch17377--apne1-az1--x-s3/2876.parquet','s3://tpch17377--apne1-az1--x-s3/2877.parquet','s3://tpch17377--apne1-az1--x-s3/2878.parquet','s3://tpch17377--apne1-az1--x-s3/2879.parquet','s3://tpch17377--apne1-az1--x-s3/2880.parquet','s3://tpch17377--apne1-az1--x-s3/2881.parquet','s3://tpch17377--apne1-az1--x-s3/2882.parquet','s3://tpch17377--apne1-az1--x-s3/2883.parquet','s3://tpch17377--apne1-az1--x-s3/2884.parquet','s3://tpch17377--apne1-az1--x-s3/2885.parquet','s3://tpch17377--apne1-az1--x-s3/2886.parquet','s3://tpch17377--apne1-az1--x-s3/2887.parquet','s3://tpch17377--apne1-az1--x-s3/2888.parquet','s3://tpch17377--apne1-az1--x-s3/2889.parquet','s3://tpch17377--apne1-az1--x-s3/2890.parquet','s3://tpch17377--apne1-az1--x-s3/2891.parquet','s3://tpch17377--apne1-az1--x-s3/2892.parquet','s3://tpch17377--apne1-az1--x-s3/2893.parquet','s3://tpch17377--apne1-az1--x-s3/2894.parquet','s3://tpch17377--apne1-az1--x-s3/2895.parquet','s3://tpch17377--apne1-az1--x-s3/2896.parquet','s3://tpch17377--apne1-az1--x-s3/2897.parquet','s3://tpch17377--apne1-az1--x-s3/2898.parquet','s3://tpch17377--apne1-az1--x-s3/2899.parquet','s3://tpch17377--apne1-az1--x-s3/2900.parquet','s3://tpch17377--apne1-az1--x-s3/2901.parquet','s3://tpch17377--apne1-az1--x-s3/2902.parquet','s3://tpch17377--apne1-az1--x-s3/2903.parquet','s3://tpch17377--apne1-az1--x-s3/2904.parquet','s3://tpch17377--apne1-az1--x-s3/2905.parquet','s3://tpch17377--apne1-az1--x-s3/2906.parquet','s3://tpch17377--apne1-az1--x-s3/2907.parquet','s3://tpch17377--apne1-az1--x-s3/2908.parquet','s3://tpch17377--apne1-az1--x-s3/2909.parquet','s3://tpch17377--apne1-az1--x-s3/2910.parquet','s3://tpch17377--apne1-az1--x-s3/2911.parquet','s3://tpch17377--apne1-az1--x-s3/2912.parquet','s3://tpch17377--apne1-az1--x-s3/2913.parquet','s3://tpch17377--apne1-az1--x-s3/2914.parquet','s3://tpch17377--apne1-az1--x-s3/2915.parquet','s3://tpch17377--apne1-az1--x-s3/2916.parquet','s3://tpch17377--apne1-az1--x-s3/2917.parquet','s3://tpch17377--apne1-az1--x-s3/2918.parquet','s3://tpch17377--apne1-az1--x-s3/2919.parquet','s3://tpch17377--apne1-az1--x-s3/2920.parquet','s3://tpch17377--apne1-az1--x-s3/2921.parquet','s3://tpch17377--apne1-az1--x-s3/2922.parquet','s3://tpch17377--apne1-az1--x-s3/2923.parquet','s3://tpch17377--apne1-az1--x-s3/2924.parquet','s3://tpch17377--apne1-az1--x-s3/2925.parquet','s3://tpch17377--apne1-az1--x-s3/2926.parquet','s3://tpch17377--apne1-az1--x-s3/2927.parquet','s3://tpch17377--apne1-az1--x-s3/2928.parquet','s3://tpch17377--apne1-az1--x-s3/2929.parquet','s3://tpch17377--apne1-az1--x-s3/2930.parquet','s3://tpch17377--apne1-az1--x-s3/2931.parquet','s3://tpch17377--apne1-az1--x-s3/2932.parquet','s3://tpch17377--apne1-az1--x-s3/2933.parquet','s3://tpch17377--apne1-az1--x-s3/2934.parquet','s3://tpch17377--apne1-az1--x-s3/2935.parquet']) ORDER BY l_shipdate) TO 's3://tpch17377--apne1-az1--x-s3/tmp' (FORMAT 'parquet');",
    "children": [
        {
            "result_set_size": 8,
            "operator_timing": 29.164782427,
            "operator_rows_scanned": 0,
            "cumulative_rows_scanned": 3442208000,
            "operator_cardinality": 1,
            "operator_type": "BATCH_COPY_TO_FILE",
            "cumulative_cardinality": 214606355,
            "extra_info": {},
            "cpu_time": 238.5040700810001,
            "children": [
                {
                    "result_set_size": 16739295612,
                    "operator_timing": 128.4513050590001,
                    "operator_rows_scanned": 0,
                    "cumulative_rows_scanned": 3442208000,
                    "operator_cardinality": 107303177,
                    "operator_type": "ORDER_BY",
                    "cumulative_cardinality": 214606354,
                    "extra_info": {
                        "Order By": "read_parquet.l_shipdate ASC"
                    },
                    "cpu_time": 209.3392876540001,
                    "children": [
                        {
                            "result_set_size": 16739295612,
                            "operator_timing": 80.88798259499997,
                            "operator_rows_scanned": 3442208000,
                            "cumulative_rows_scanned": 3442208000,
                            "operator_cardinality": 107303177,
                            "operator_type": "TABLE_SCAN",
                            "cumulative_cardinality": 107303177,
                            "extra_info": {
                                "Function": "READ_PARQUET",
                                "Projections": [
                                    "l_orderkey",
                                    "l_partkey",
                                    "l_suppkey",
                                    "l_linenumber",
                                    "l_quantity",
                                    "l_extendedprice",
                                    "l_discount",
                                    "l_tax",
                                    "l_returnflag",
                                    "l_linestatus",
                                    "l_shipdate",
                                    "l_commitdate",
                                    "l_receiptdate",
                                    "l_shipinstruct",
                                    "l_shipmode",
                                    "l_comment"
                                ],
                                "Estimated Cardinality": "107569000"
                            },
                            "cpu_time": 80.88798259499997,
                            "children": []
                        }
                    ]
                }
            ]
        }
    ]
}