{
    "rows_returned": 1,
    "latency": 3.164261954,
    "result_set_size": 72,
    "cumulative_rows_scanned": 7150592000,
    "cumulative_cardinality": 322535211,
    "extra_info": {},
    "cpu_time": 92.74808621800003,
    "blocked_thread_time": 0.0,
    "query_name": "WITH revenue AS (\n    SELECT\n        l_suppkey AS supplier_no,\n        sum(l_extendedprice * (1 - l_discount)) AS total_revenue\n    FROM\n        read_parquet([\"s3://tpch28764--apne1-az1--x-s3/2.parquet\", \"s3://tpch28764--apne1-az1--x-s3/3.parquet\", \"s3://tpch28764--apne1-az1--x-s3/20.parquet\", \"s3://tpch28764--apne1-az1--x-s3/22.parquet\", \"s3://tpch28764--apne1-az1--x-s3/23.parquet\", \"s3://tpch28764--apne1-az1--x-s3/24.parquet\", \"s3://tpch28764--apne1-az1--x-s3/25.parquet\", \"s3://tpch28764--apne1-az1--x-s3/26.parquet\", \"s3://tpch28764--apne1-az1--x-s3/28.parquet\", \"s3://tpch28764--apne1-az1--x-s3/29.parquet\", \"s3://tpch28764--apne1-az1--x-s3/142.parquet\", \"s3://tpch28764--apne1-az1--x-s3/200.parquet\", \"s3://tpch28764--apne1-az1--x-s3/202.parquet\", \"s3://tpch28764--apne1-az1--x-s3/203.parquet\", \"s3://tpch28764--apne1-az1--x-s3/205.parquet\", \"s3://tpch28764--apne1-az1--x-s3/206.parquet\", \"s3://tpch28764--apne1-az1--x-s3/207.parquet\", \"s3://tpch28764--apne1-az1--x-s3/208.parquet\", \"s3://tpch28764--apne1-az1--x-s3/209.parquet\", \"s3://tpch28764--apne1-az1--x-s3/210.parquet\", \"s3://tpch28764--apne1-az1--x-s3/283.parquet\", \"s3://tpch28764--apne1-az1--x-s3/317.parquet\", \"s3://tpch28764--apne1-az1--x-s3/318.parquet\", \"s3://tpch28764--apne1-az1--x-s3/319.parquet\", \"s3://tpch28764--apne1-az1--x-s3/320.parquet\", \"s3://tpch28764--apne1-az1--x-s3/321.parquet\", \"s3://tpch28764--apne1-az1--x-s3/322.parquet\", \"s3://tpch28764--apne1-az1--x-s3/323.parquet\", \"s3://tpch28764--apne1-az1--x-s3/324.parquet\", \"s3://tpch28764--apne1-az1--x-s3/325.parquet\", \"s3://tpch28764--apne1-az1--x-s3/326.parquet\", \"s3://tpch28764--apne1-az1--x-s3/327.parquet\", \"s3://tpch28764--apne1-az1--x-s3/328.parquet\", \"s3://tpch28764--apne1-az1--x-s3/329.parquet\", \"s3://tpch28764--apne1-az1--x-s3/330.parquet\", \"s3://tpch28764--apne1-az1--x-s3/331.parquet\", \"s3://tpch28764--apne1-az1--x-s3/332.parquet\", \"s3://tpch28764--apne1-az1--x-s3/333.parquet\", \"s3://tpch28764--apne1-az1--x-s3/334.parquet\", \"s3://tpch28764--apne1-az1--x-s3/335.parquet\", \"s3://tpch28764--apne1-az1--x-s3/336.parquet\", \"s3://tpch28764--apne1-az1--x-s3/477.parquet\", \"s3://tpch28764--apne1-az1--x-s3/478.parquet\", \"s3://tpch28764--apne1-az1--x-s3/479.parquet\", \"s3://tpch28764--apne1-az1--x-s3/480.parquet\", \"s3://tpch28764--apne1-az1--x-s3/481.parquet\", \"s3://tpch28764--apne1-az1--x-s3/482.parquet\", \"s3://tpch28764--apne1-az1--x-s3/483.parquet\", \"s3://tpch28764--apne1-az1--x-s3/484.parquet\", \"s3://tpch28764--apne1-az1--x-s3/485.parquet\", \"s3://tpch28764--apne1-az1--x-s3/486.parquet\", \"s3://tpch28764--apne1-az1--x-s3/487.parquet\", \"s3://tpch28764--apne1-az1--x-s3/488.parquet\", \"s3://tpch28764--apne1-az1--x-s3/489.parquet\", \"s3://tpch28764--apne1-az1--x-s3/490.parquet\", \"s3://tpch28764--apne1-az1--x-s3/491.parquet\", \"s3://tpch28764--apne1-az1--x-s3/492.parquet\", \"s3://tpch28764--apne1-az1--x-s3/493.parquet\", \"s3://tpch28764--apne1-az1--x-s3/494.parquet\", \"s3://tpch28764--apne1-az1--x-s3/495.parquet\", \"s3://tpch28764--apne1-az1--x-s3/497.parquet\", \"s3://tpch28764--apne1-az1--x-s3/662.parquet\", \"s3://tpch28764--apne1-az1--x-s3/663.parquet\", \"s3://tpch28764--apne1-az1--x-s3/664.parquet\", \"s3://tpch28764--apne1-az1--x-s3/665.parquet\", \"s3://tpch28764--apne1-az1--x-s3/666.parquet\", \"s3://tpch28764--apne1-az1--x-s3/667.parquet\", \"s3://tpch28764--apne1-az1--x-s3/668.parquet\", \"s3://tpch28764--apne1-az1--x-s3/669.parquet\", \"s3://tpch28764--apne1-az1--x-s3/670.parquet\", \"s3://tpch28764--apne1-az1--x-s3/671.parquet\", \"s3://tpch28764--apne1-az1--x-s3/672.parquet\", \"s3://tpch28764--apne1-az1--x-s3/673.parquet\", \"s3://tpch28764--apne1-az1--x-s3/674.parquet\", \"s3://tpch28764--apne1-az1--x-s3/675.parquet\", \"s3://tpch28764--apne1-az1--x-s3/676.parquet\", \"s3://tpch28764--apne1-az1--x-s3/677.parquet\", \"s3://tpch28764--apne1-az1--x-s3/678.parquet\", \"s3://tpch28764--apne1-az1--x-s3/679.parquet\", \"s3://tpch28764--apne1-az1--x-s3/680.parquet\", \"s3://tpch28764--apne1-az1--x-s3/681.parquet\", \"s3://tpch28764--apne1-az1--x-s3/823.parquet\", \"s3://tpch28764--apne1-az1--x-s3/826.parquet\", \"s3://tpch28764--apne1-az1--x-s3/827.parquet\", \"s3://tpch28764--apne1-az1--x-s3/829.parquet\", \"s3://tpch28764--apne1-az1--x-s3/831.parquet\", \"s3://tpch28764--apne1-az1--x-s3/832.parquet\", \"s3://tpch28764--apne1-az1--x-s3/833.parquet\", \"s3://tpch28764--apne1-az1--x-s3/834.parquet\", \"s3://tpch28764--apne1-az1--x-s3/835.parquet\", \"s3://tpch28764--apne1-az1--x-s3/836.parquet\", \"s3://tpch28764--apne1-az1--x-s3/837.parquet\", \"s3://tpch28764--apne1-az1--x-s3/841.parquet\", \"s3://tpch28764--apne1-az1--x-s3/845.parquet\", \"s3://tpch28764--apne1-az1--x-s3/846.parquet\", \"s3://tpch28764--apne1-az1--x-s3/849.parquet\", \"s3://tpch28764--apne1-az1--x-s3/852.parquet\", \"s3://tpch28764--apne1-az1--x-s3/853.parquet\", \"s3://tpch28764--apne1-az1--x-s3/854.parquet\", \"s3://tpch28764--apne1-az1--x-s3/856.parquet\", \"s3://tpch28764--apne1-az1--x-s3/857.parquet\", \"s3://tpch28764--apne1-az1--x-s3/1137.parquet\", \"s3://tpch28764--apne1-az1--x-s3/1138.parquet\", \"s3://tpch28764--apne1-az1--x-s3/1139.parquet\", \"s3://tpch28764--apne1-az1--x-s3/1140.parquet\", \"s3://tpch28764--apne1-az1--x-s3/1141.parquet\", \"s3://tpch28764--apne1-az1--x-s3/1142.parquet\", \"s3://tpch28764--apne1-az1--x-s3/1143.parquet\", \"s3://tpch28764--apne1-az1--x-s3/1144.parquet\", \"s3://tpch28764--apne1-az1--x-s3/1145.parquet\", \"s3://tpch28764--apne1-az1--x-s3/1146.parquet\", \"s3://tpch28764--apne1-az1--x-s3/1147.parquet\", \"s3://tpch28764--apne1-az1--x-s3/1148.parquet\", \"s3://tpch28764--apne1-az1--x-s3/1149.parquet\", \"s3://tpch28764--apne1-az1--x-s3/1150.parquet\", \"s3://tpch28764--apne1-az1--x-s3/1151.parquet\", \"s3://tpch28764--apne1-az1--x-s3/1152.parquet\", \"s3://tpch28764--apne1-az1--x-s3/1153.parquet\", \"s3://tpch28764--apne1-az1--x-s3/1154.parquet\", \"s3://tpch28764--apne1-az1--x-s3/1155.parquet\", \"s3://tpch28764--apne1-az1--x-s3/1249.parquet\", \"s3://tpch28764--apne1-az1--x-s3/1250.parquet\", \"s3://tpch28764--apne1-az1--x-s3/1251.parquet\", \"s3://tpch28764--apne1-az1--x-s3/1252.parquet\", \"s3://tpch28764--apne1-az1--x-s3/1253.parquet\", \"s3://tpch28764--apne1-az1--x-s3/1254.parquet\", \"s3://tpch28764--apne1-az1--x-s3/1255.parquet\", \"s3://tpch28764--apne1-az1--x-s3/1256.parquet\", \"s3://tpch28764--apne1-az1--x-s3/1257.parquet\", \"s3://tpch28764--apne1-az1--x-s3/1258.parquet\", \"s3://tpch28764--apne1-az1--x-s3/1259.parquet\", \"s3://tpch28764--apne1-az1--x-s3/1260.parquet\", \"s3://tpch28764--apne1-az1--x-s3/1261.parquet\", \"s3://tpch28764--apne1-az1--x-s3/1262.parquet\", \"s3://tpch28764--apne1-az1--x-s3/1263.parquet\", \"s3://tpch28764--apne1-az1--x-s3/1264.parquet\", \"s3://tpch28764--apne1-az1--x-s3/1265.parquet\", \"s3://tpch28764--apne1-az1--x-s3/1266.parquet\", \"s3://tpch28764--apne1-az1--x-s3/1267.parquet\", \"s3://tpch28764--apne1-az1--x-s3/1406.parquet\", \"s3://tpch28764--apne1-az1--x-s3/1407.parquet\", \"s3://tpch28764--apne1-az1--x-s3/1408.parquet\", \"s3://tpch28764--apne1-az1--x-s3/1409.parquet\", \"s3://tpch28764--apne1-az1--x-s3/1411.parquet\", \"s3://tpch28764--apne1-az1--x-s3/1412.parquet\", \"s3://tpch28764--apne1-az1--x-s3/1413.parquet\", \"s3://tpch28764--apne1-az1--x-s3/1414.parquet\", \"s3://tpch28764--apne1-az1--x-s3/1415.parquet\", \"s3://tpch28764--apne1-az1--x-s3/1416.parquet\", \"s3://tpch28764--apne1-az1--x-s3/1417.parquet\", \"s3://tpch28764--apne1-az1--x-s3/1418.parquet\", \"s3://tpch28764--apne1-az1--x-s3/1420.parquet\", \"s3://tpch28764--apne1-az1--x-s3/1421.parquet\", \"s3://tpch28764--apne1-az1--x-s3/1422.parquet\", \"s3://tpch28764--apne1-az1--x-s3/1423.parquet\", \"s3://tpch28764--apne1-az1--x-s3/1424.parquet\", \"s3://tpch28764--apne1-az1--x-s3/1425.parquet\", \"s3://tpch28764--apne1-az1--x-s3/1426.parquet\", \"s3://tpch28764--apne1-az1--x-s3/1638.parquet\", \"s3://tpch28764--apne1-az1--x-s3/1639.parquet\", \"s3://tpch28764--apne1-az1--x-s3/1640.parquet\", \"s3://tpch28764--apne1-az1--x-s3/1641.parquet\", \"s3://tpch28764--apne1-az1--x-s3/1642.parquet\", \"s3://tpch28764--apne1-az1--x-s3/1643.parquet\", \"s3://tpch28764--apne1-az1--x-s3/1644.parquet\", \"s3://tpch28764--apne1-az1--x-s3/1645.parquet\", \"s3://tpch28764--apne1-az1--x-s3/1646.parquet\", \"s3://tpch28764--apne1-az1--x-s3/1647.parquet\", \"s3://tpch28764--apne1-az1--x-s3/1648.parquet\", \"s3://tpch28764--apne1-az1--x-s3/1708.parquet\", \"s3://tpch28764--apne1-az1--x-s3/1709.parquet\", \"s3://tpch28764--apne1-az1--x-s3/1710.parquet\", \"s3://tpch28764--apne1-az1--x-s3/1711.parquet\", \"s3://tpch28764--apne1-az1--x-s3/1712.parquet\", \"s3://tpch28764--apne1-az1--x-s3/1713.parquet\", \"s3://tpch28764--apne1-az1--x-s3/1714.parquet\", \"s3://tpch28764--apne1-az1--x-s3/1715.parquet\", \"s3://tpch28764--apne1-az1--x-s3/1716.parquet\", \"s3://tpch28764--apne1-az1--x-s3/1717.parquet\", \"s3://tpch28764--apne1-az1--x-s3/1718.parquet\", \"s3://tpch28764--apne1-az1--x-s3/1719.parquet\", \"s3://tpch28764--apne1-az1--x-s3/1720.parquet\", \"s3://tpch28764--apne1-az1--x-s3/1721.parquet\", \"s3://tpch28764--apne1-az1--x-s3/1722.parquet\", \"s3://tpch28764--apne1-az1--x-s3/1723.parquet\", \"s3://tpch28764--apne1-az1--x-s3/1724.parquet\", \"s3://tpch28764--apne1-az1--x-s3/1725.parquet\", \"s3://tpch28764--apne1-az1--x-s3/1726.parquet\", \"s3://tpch28764--apne1-az1--x-s3/1903.parquet\", \"s3://tpch28764--apne1-az1--x-s3/1910.parquet\", \"s3://tpch28764--apne1-az1--x-s3/1916.parquet\", \"s3://tpch28764--apne1-az1--x-s3/1917.parquet\", \"s3://tpch28764--apne1-az1--x-s3/1918.parquet\", \"s3://tpch28764--apne1-az1--x-s3/1988.parquet\", \"s3://tpch28764--apne1-az1--x-s3/1989.parquet\", \"s3://tpch28764--apne1-az1--x-s3/1990.parquet\", \"s3://tpch28764--apne1-az1--x-s3/1991.parquet\", \"s3://tpch28764--apne1-az1--x-s3/1992.parquet\", \"s3://tpch28764--apne1-az1--x-s3/1993.parquet\", \"s3://tpch28764--apne1-az1--x-s3/1994.parquet\", \"s3://tpch28764--apne1-az1--x-s3/1995.parquet\", \"s3://tpch28764--apne1-az1--x-s3/1996.parquet\", \"s3://tpch28764--apne1-az1--x-s3/1997.parquet\", \"s3://tpch28764--apne1-az1--x-s3/1998.parquet\", \"s3://tpch28764--apne1-az1--x-s3/1999.parquet\", \"s3://tpch28764--apne1-az1--x-s3/2000.parquet\", \"s3://tpch28764--apne1-az1--x-s3/2001.parquet\", \"s3://tpch28764--apne1-az1--x-s3/2002.parquet\", \"s3://tpch28764--apne1-az1--x-s3/2003.parquet\", \"s3://tpch28764--apne1-az1--x-s3/2004.parquet\", \"s3://tpch28764--apne1-az1--x-s3/2005.parquet\", \"s3://tpch28764--apne1-az1--x-s3/2006.parquet\", \"s3://tpch28764--apne1-az1--x-s3/2007.parquet\", \"s3://tpch28764--apne1-az1--x-s3/2008.parquet\", \"s3://tpch28764--apne1-az1--x-s3/2009.parquet\", \"s3://tpch28764--apne1-az1--x-s3/2010.parquet\", \"s3://tpch28764--apne1-az1--x-s3/2011.parquet\", \"s3://tpch28764--apne1-az1--x-s3/2012.parquet\", \"s3://tpch28764--apne1-az1--x-s3/2013.parquet\", \"s3://tpch28764--apne1-az1--x-s3/2014.parquet\", \"s3://tpch28764--apne1-az1--x-s3/2015.parquet\", \"s3://tpch28764--apne1-az1--x-s3/2016.parquet\", \"s3://tpch28764--apne1-az1--x-s3/2017.parquet\", \"s3://tpch28764--apne1-az1--x-s3/2018.parquet\", \"s3://tpch28764--apne1-az1--x-s3/2019.parquet\", \"s3://tpch28764--apne1-az1--x-s3/2020.parquet\", \"s3://tpch28764--apne1-az1--x-s3/2021.parquet\", \"s3://tpch28764--apne1-az1--x-s3/2022.parquet\", \"s3://tpch28764--apne1-az1--x-s3/2023.parquet\", \"s3://tpch28764--apne1-az1--x-s3/2024.parquet\", \"s3://tpch28764--apne1-az1--x-s3/2025.parquet\", \"s3://tpch28764--apne1-az1--x-s3/2026.parquet\", \"s3://tpch28764--apne1-az1--x-s3/2027.parquet\", \"s3://tpch28764--apne1-az1--x-s3/2028.parquet\", \"s3://tpch28764--apne1-az1--x-s3/2029.parquet\", \"s3://tpch28764--apne1-az1--x-s3/2030.parquet\", \"s3://tpch28764--apne1-az1--x-s3/2031.parquet\", \"s3://tpch28764--apne1-az1--x-s3/2032.parquet\", \"s3://tpch28764--apne1-az1--x-s3/2033.parquet\", \"s3://tpch28764--apne1-az1--x-s3/2034.parquet\", \"s3://tpch28764--apne1-az1--x-s3/2035.parquet\", \"s3://tpch28764--apne1-az1--x-s3/2036.parquet\", \"s3://tpch28764--apne1-az1--x-s3/2037.parquet\", \"s3://tpch28764--apne1-az1--x-s3/2038.parquet\", \"s3://tpch28764--apne1-az1--x-s3/2039.parquet\", \"s3://tpch28764--apne1-az1--x-s3/2040.parquet\", \"s3://tpch28764--apne1-az1--x-s3/2041.parquet\", \"s3://tpch28764--apne1-az1--x-s3/2042.parquet\", \"s3://tpch28764--apne1-az1--x-s3/2043.parquet\", \"s3://tpch28764--apne1-az1--x-s3/2044.parquet\", \"s3://tpch28764--apne1-az1--x-s3/2045.parquet\", \"s3://tpch28764--apne1-az1--x-s3/2046.parquet\", \"s3://tpch28764--apne1-az1--x-s3/2047.parquet\", \"s3://tpch28764--apne1-az1--x-s3/2048.parquet\", \"s3://tpch28764--apne1-az1--x-s3/2049.parquet\", \"s3://tpch28764--apne1-az1--x-s3/2050.parquet\", \"s3://tpch28764--apne1-az1--x-s3/2051.parquet\", \"s3://tpch28764--apne1-az1--x-s3/2052.parquet\", \"s3://tpch28764--apne1-az1--x-s3/2053.parquet\", \"s3://tpch28764--apne1-az1--x-s3/2054.parquet\", \"s3://tpch28764--apne1-az1--x-s3/2055.parquet\", \"s3://tpch28764--apne1-az1--x-s3/2056.parquet\", \"s3://tpch28764--apne1-az1--x-s3/2057.parquet\", \"s3://tpch28764--apne1-az1--x-s3/2058.parquet\"])\n    WHERE\n        l_shipdate >= DATE '1992-01-01' + INTERVAL 26 MONTH\n        AND l_shipdate < DATE '1992-01-01' + INTERVAL 26 MONTH + INTERVAL 3 MONTH\n    GROUP BY\n        supplier_no\n)\nSELECT\n    s_suppkey,\n    s_name,\n    s_address,\n    s_phone,\n    total_revenue\nFROM\n    'pool/supplier/*.parquet',\n    revenue\nWHERE\n    s_suppkey = supplier_no\n    AND total_revenue = (\n        SELECT\n            max(total_revenue)\n        FROM\n            revenue\n    )\nORDER BY\n    s_suppkey;",
    "children": [
        {
            "result_set_size": 72,
            "operator_timing": 0.000032204,
            "operator_rows_scanned": 0,
            "cumulative_rows_scanned": 7150592000,
            "operator_cardinality": 1,
            "operator_type": "ORDER_BY",
            "cumulative_cardinality": 322535211,
            "extra_info": {
                "Order By": "\"pool/supplier/*.parquet\".s_suppkey ASC"
            },
            "cpu_time": 92.74808621800003,
            "children": [
                {
                    "result_set_size": 72,
                    "operator_timing": 0.000001413,
                    "operator_rows_scanned": 0,
                    "cumulative_rows_scanned": 7150592000,
                    "operator_cardinality": 1,
                    "operator_type": "PROJECTION",
                    "cumulative_cardinality": 322535210,
                    "extra_info": {
                        "Projections": [
                            "s_suppkey",
                            "s_name",
                            "s_address",
                            "s_phone",
                            "total_revenue"
                        ],
                        "Estimated Cardinality": "21885600"
                    },
                    "cpu_time": 92.74805401400003,
                    "children": [
                        {
                            "result_set_size": 0,
                            "operator_timing": 0.016238159999999998,
                            "operator_rows_scanned": 0,
                            "cumulative_rows_scanned": 7150592000,
                            "operator_cardinality": 0,
                            "operator_type": "CTE",
                            "cumulative_cardinality": 322535209,
                            "extra_info": {
                                "CTE Name": "revenue",
                                "Table Index": "0"
                            },
                            "cpu_time": 92.74805260100003,
                            "children": [
                                {
                                    "result_set_size": 120000000,
                                    "operator_timing": 23.881259507000017,
                                    "operator_rows_scanned": 0,
                                    "cumulative_rows_scanned": 7003392000,
                                    "operator_cardinality": 5000000,
                                    "operator_type": "HASH_GROUP_BY",
                                    "cumulative_cardinality": 307535202,
                                    "extra_info": {
                                        "Groups": "#0",
                                        "Aggregates": "sum(#1)",
                                        "Estimated Cardinality": "21885600"
                                    },
                                    "cpu_time": 92.63162423600002,
                                    "children": [
                                        {
                                            "result_set_size": 2420281616,
                                            "operator_timing": 1.0323540490000005,
                                            "operator_rows_scanned": 0,
                                            "cumulative_rows_scanned": 7003392000,
                                            "operator_cardinality": 151267601,
                                            "operator_type": "PROJECTION",
                                            "cumulative_cardinality": 302535202,
                                            "extra_info": {
                                                "Projections": [
                                                    "supplier_no",
                                                    "(l_extendedprice * (1.00 - l_discount))"
                                                ],
                                                "Estimated Cardinality": "43771200"
                                            },
                                            "cpu_time": 68.750364729,
                                            "children": [
                                                {
                                                    "result_set_size": 3630422424,
                                                    "operator_timing": 67.71801067999999,
                                                    "operator_rows_scanned": 7003392000,
                                                    "cumulative_rows_scanned": 7003392000,
                                                    "operator_cardinality": 151267601,
                                                    "operator_type": "TABLE_SCAN",
                                                    "cumulative_cardinality": 151267601,
                                                    "extra_info": {
                                                        "Function": "READ_PARQUET",
                                                        "Projections": [
                                                            "l_suppkey",
                                                            "l_extendedprice",
                                                            "l_discount"
                                                        ],
                                                        "Filters": "l_shipdate>='1994-03-01'::DATE AND l_shipdate<'1994-06-01'::DATE AND l_shipdate IS NOT NULL",
                                                        "Estimated Cardinality": "43771200"
                                                    },
                                                    "cpu_time": 67.71801067999999,
                                                    "children": []
                                                }
                                            ]
                                        }
                                    ]
                                },
                                {
                                    "result_set_size": 96,
                                    "operator_timing": 0.00024908000000000005,
                                    "operator_rows_scanned": 0,
                                    "cumulative_rows_scanned": 147200000,
                                    "operator_cardinality": 1,
                                    "operator_type": "HASH_JOIN",
                                    "cumulative_cardinality": 15000007,
                                    "extra_info": {
                                        "Join Type": "INNER",
                                        "Conditions": "s_suppkey = supplier_no",
                                        "Estimated Cardinality": "0"
                                    },
                                    "cpu_time": 0.100190205,
                                    "children": [
                                        {
                                            "result_set_size": 56,
                                            "operator_timing": 0.028671959,
                                            "operator_rows_scanned": 147200000,
                                            "cumulative_rows_scanned": 147200000,
                                            "operator_cardinality": 1,
                                            "operator_type": "TABLE_SCAN",
                                            "cumulative_cardinality": 1,
                                            "extra_info": {
                                                "Function": "PARQUET_SCAN",
                                                "Projections": "",
                                                "Estimated Cardinality": "4600000"
                                            },
                                            "cpu_time": 0.028671959,
                                            "children": []
                                        },
                                        {
                                            "result_set_size": 40,
                                            "operator_timing": 0.028334762000000006,
                                            "operator_rows_scanned": 0,
                                            "cumulative_rows_scanned": 0,
                                            "operator_cardinality": 1,
                                            "operator_type": "HASH_JOIN",
                                            "cumulative_cardinality": 15000005,
                                            "extra_info": {
                                                "Join Type": "INNER",
                                                "Conditions": "total_revenue = SUBQUERY",
                                                "Estimated Cardinality": "0"
                                            },
                                            "cpu_time": 0.07126916600000001,
                                            "children": [
                                                {
                                                    "result_set_size": 120000000,
                                                    "operator_timing": 0.008875315000000002,
                                                    "operator_rows_scanned": 0,
                                                    "cumulative_rows_scanned": 0,
                                                    "operator_cardinality": 5000000,
                                                    "operator_type": "CTE_SCAN",
                                                    "cumulative_cardinality": 5000000,
                                                    "extra_info": {
                                                        "CTE Index": "0",
                                                        "Estimated Cardinality": "21885600"
                                                    },
                                                    "cpu_time": 0.008875315000000002,
                                                    "children": []
                                                },
                                                {
                                                    "result_set_size": 16,
                                                    "operator_timing": 0.000003264,
                                                    "operator_rows_scanned": 0,
                                                    "cumulative_rows_scanned": 0,
                                                    "operator_cardinality": 1,
                                                    "operator_type": "PROJECTION",
                                                    "cumulative_cardinality": 10000004,
                                                    "extra_info": {
                                                        "Projections": [
                                                            "CASE  WHEN ((#1 > 1)) THEN (error('More than one row returned by a subquery used as an expression - scalar subqueries can only return a single row.",
                                                            "Use \"SET scalar_subquery_error_on_multiple_rows=false\" to revert to previous behavior of returning a random row.')) ELSE #0 END"
                                                        ],
                                                        "Estimated Cardinality": "1"
                                                    },
                                                    "cpu_time": 0.034059089,
                                                    "children": [
                                                        {
                                                            "result_set_size": 24,
                                                            "operator_timing": 0.000001871,
                                                            "operator_rows_scanned": 0,
                                                            "cumulative_rows_scanned": 0,
                                                            "operator_cardinality": 1,
                                                            "operator_type": "UNGROUPED_AGGREGATE",
                                                            "cumulative_cardinality": 10000003,
                                                            "extra_info": {
                                                                "Aggregates": [
                                                                    "\"first\"(#0)",
                                                                    "count_star()"
                                                                ]
                                                            },
                                                            "cpu_time": 0.034055825,
                                                            "children": [
                                                                {
                                                                    "result_set_size": 16,
                                                                    "operator_timing": 2.42e-7,
                                                                    "operator_rows_scanned": 0,
                                                                    "cumulative_rows_scanned": 0,
                                                                    "operator_cardinality": 1,
                                                                    "operator_type": "PROJECTION",
                                                                    "cumulative_cardinality": 10000002,
                                                                    "extra_info": {
                                                                        "Projections": "#0",
                                                                        "Estimated Cardinality": "1"
                                                                    },
                                                                    "cpu_time": 0.034053954,
                                                                    "children": [
                                                                        {
                                                                            "result_set_size": 16,
                                                                            "operator_timing": 0.007494611,
                                                                            "operator_rows_scanned": 0,
                                                                            "cumulative_rows_scanned": 0,
                                                                            "operator_cardinality": 1,
                                                                            "operator_type": "UNGROUPED_AGGREGATE",
                                                                            "cumulative_cardinality": 10000001,
                                                                            "extra_info": {
                                                                                "Aggregates": "max(#0)"
                                                                            },
                                                                            "cpu_time": 0.034053712,
                                                                            "children": [
                                                                                {
                                                                                    "result_set_size": 80000000,
                                                                                    "operator_timing": 0.000320839,
                                                                                    "operator_rows_scanned": 0,
                                                                                    "cumulative_rows_scanned": 0,
                                                                                    "operator_cardinality": 5000000,
                                                                                    "operator_type": "PROJECTION",
                                                                                    "cumulative_cardinality": 10000000,
                                                                                    "extra_info": {
                                                                                        "Projections": "total_revenue",
                                                                                        "Estimated Cardinality": "21885600"
                                                                                    },
                                                                                    "cpu_time": 0.026559101,
                                                                                    "children": [
                                                                                        {
                                                                                            "result_set_size": 120000000,
                                                                                            "operator_timing": 0.026238262000000002,
                                                                                            "operator_rows_scanned": 0,
                                                                                            "cumulative_rows_scanned": 0,
                                                                                            "operator_cardinality": 5000000,
                                                                                            "operator_type": "CTE_SCAN",
                                                                                            "cumulative_cardinality": 5000000,
                                                                                            "extra_info": {
                                                                                                "CTE Index": "0",
                                                                                                "Estimated Cardinality": "21885600"
                                                                                            },
                                                                                            "cpu_time": 0.026238262000000002,
                                                                                            "children": []
                                                                                        }
                                                                                    ]
                                                                                }
                                                                            ]
                                                                        }
                                                                    ]
                                                                }
                                                            ]
                                                        }
                                                    ]
                                                }
                                            ]
                                        }
                                    ]
                                }
                            ]
                        }
                    ]
                }
            ]
        }
    ]
}