{
    "rows_returned": 1,
    "latency": 1.066972431,
    "result_set_size": 8,
    "cumulative_rows_scanned": 3548800000,
    "cumulative_cardinality": 162055011,
    "extra_info": {},
    "cpu_time": 21.925715353999994,
    "blocked_thread_time": 0.0,
    "query_name": "SELECT\n    100.00 * sum(CASE\n            WHEN p_type LIKE 'PROMO%' \n            THEN l_extendedprice * (1 - l_discount)\n            ELSE 0\n    END) / sum(l_extendedprice * (1 - l_discount)) AS promo_revenue\nFROM\n    read_parquet([\"s3://tpch28764--apne1-az1--x-s3/164.parquet\", \"s3://tpch28764--apne1-az1--x-s3/165.parquet\", \"s3://tpch28764--apne1-az1--x-s3/166.parquet\", \"s3://tpch28764--apne1-az1--x-s3/168.parquet\", \"s3://tpch28764--apne1-az1--x-s3/169.parquet\", \"s3://tpch28764--apne1-az1--x-s3/287.parquet\", \"s3://tpch28764--apne1-az1--x-s3/288.parquet\", \"s3://tpch28764--apne1-az1--x-s3/289.parquet\", \"s3://tpch28764--apne1-az1--x-s3/290.parquet\", \"s3://tpch28764--apne1-az1--x-s3/291.parquet\", \"s3://tpch28764--apne1-az1--x-s3/292.parquet\", \"s3://tpch28764--apne1-az1--x-s3/447.parquet\", \"s3://tpch28764--apne1-az1--x-s3/448.parquet\", \"s3://tpch28764--apne1-az1--x-s3/449.parquet\", \"s3://tpch28764--apne1-az1--x-s3/450.parquet\", \"s3://tpch28764--apne1-az1--x-s3/451.parquet\", \"s3://tpch28764--apne1-az1--x-s3/452.parquet\", \"s3://tpch28764--apne1-az1--x-s3/631.parquet\", \"s3://tpch28764--apne1-az1--x-s3/632.parquet\", \"s3://tpch28764--apne1-az1--x-s3/633.parquet\", \"s3://tpch28764--apne1-az1--x-s3/634.parquet\", \"s3://tpch28764--apne1-az1--x-s3/635.parquet\", \"s3://tpch28764--apne1-az1--x-s3/636.parquet\", \"s3://tpch28764--apne1-az1--x-s3/1048.parquet\", \"s3://tpch28764--apne1-az1--x-s3/1049.parquet\", \"s3://tpch28764--apne1-az1--x-s3/1050.parquet\", \"s3://tpch28764--apne1-az1--x-s3/1051.parquet\", \"s3://tpch28764--apne1-az1--x-s3/1052.parquet\", \"s3://tpch28764--apne1-az1--x-s3/1053.parquet\", \"s3://tpch28764--apne1-az1--x-s3/1054.parquet\", \"s3://tpch28764--apne1-az1--x-s3/1105.parquet\", \"s3://tpch28764--apne1-az1--x-s3/1106.parquet\", \"s3://tpch28764--apne1-az1--x-s3/1107.parquet\", \"s3://tpch28764--apne1-az1--x-s3/1108.parquet\", \"s3://tpch28764--apne1-az1--x-s3/1109.parquet\", \"s3://tpch28764--apne1-az1--x-s3/1110.parquet\", \"s3://tpch28764--apne1-az1--x-s3/1111.parquet\", \"s3://tpch28764--apne1-az1--x-s3/1219.parquet\", \"s3://tpch28764--apne1-az1--x-s3/1220.parquet\", \"s3://tpch28764--apne1-az1--x-s3/1221.parquet\", \"s3://tpch28764--apne1-az1--x-s3/1222.parquet\", \"s3://tpch28764--apne1-az1--x-s3/1223.parquet\", \"s3://tpch28764--apne1-az1--x-s3/1224.parquet\", \"s3://tpch28764--apne1-az1--x-s3/1373.parquet\", \"s3://tpch28764--apne1-az1--x-s3/1374.parquet\", \"s3://tpch28764--apne1-az1--x-s3/1375.parquet\", \"s3://tpch28764--apne1-az1--x-s3/1376.parquet\", \"s3://tpch28764--apne1-az1--x-s3/1377.parquet\", \"s3://tpch28764--apne1-az1--x-s3/1378.parquet\", \"s3://tpch28764--apne1-az1--x-s3/1390.parquet\", \"s3://tpch28764--apne1-az1--x-s3/1391.parquet\", \"s3://tpch28764--apne1-az1--x-s3/1392.parquet\"]),\n    'pool/part/*.parquet'\nWHERE\n    l_partkey = p_partkey\n    AND l_shipdate >= DATE '1992-01-01' + INTERVAL 21 MONTH\n    AND l_shipdate < DATE '1992-02-01' + INTERVAL 21 MONTH;",
    "children": [
        {
            "result_set_size": 8,
            "operator_timing": 0.000014476,
            "operator_rows_scanned": 0,
            "cumulative_rows_scanned": 3548800000,
            "operator_cardinality": 1,
            "operator_type": "PROJECTION",
            "cumulative_cardinality": 162055011,
            "extra_info": {
                "Projections": "promo_revenue",
                "Estimated Cardinality": "1"
            },
            "cpu_time": 21.925715353999994,
            "children": [
                {
                    "result_set_size": 32,
                    "operator_timing": 0.08683642899999994,
                    "operator_rows_scanned": 0,
                    "cumulative_rows_scanned": 3548800000,
                    "operator_cardinality": 1,
                    "operator_type": "UNGROUPED_AGGREGATE",
                    "cumulative_cardinality": 162055010,
                    "extra_info": {
                        "Aggregates": [
                            "sum(#0)",
                            "sum(#1)"
                        ]
                    },
                    "cpu_time": 21.925700877999994,
                    "children": [
                        {
                            "result_set_size": 433601888,
                            "operator_timing": 0.6789128939999999,
                            "operator_rows_scanned": 0,
                            "cumulative_rows_scanned": 3548800000,
                            "operator_cardinality": 27100118,
                            "operator_type": "PROJECTION",
                            "cumulative_cardinality": 162055009,
                            "extra_info": {
                                "Projections": [
                                    "CASE  WHEN (prefix(p_type, 'PROMO')) THEN ((l_extendedprice * (1.00 - l_discount))) ELSE 0.0000 END",
                                    "(l_extendedprice * (1.00 - l_discount))"
                                ],
                                "Estimated Cardinality": "13600000"
                            },
                            "cpu_time": 21.838864448999992,
                            "children": [
                                {
                                    "result_set_size": 1300805664,
                                    "operator_timing": 7.244605988999988,
                                    "operator_rows_scanned": 0,
                                    "cumulative_rows_scanned": 3548800000,
                                    "operator_cardinality": 27100118,
                                    "operator_type": "HASH_JOIN",
                                    "cumulative_cardinality": 134954891,
                                    "extra_info": {
                                        "Join Type": "INNER",
                                        "Conditions": "p_partkey = l_partkey",
                                        "Estimated Cardinality": "13600000"
                                    },
                                    "cpu_time": 21.159951554999992,
                                    "children": [
                                        {
                                            "result_set_size": 1631999904,
                                            "operator_timing": 1.9051761200000004,
                                            "operator_rows_scanned": 2176000000,
                                            "cumulative_rows_scanned": 2176000000,
                                            "operator_cardinality": 67999996,
                                            "operator_type": "TABLE_SCAN",
                                            "cumulative_cardinality": 67999996,
                                            "extra_info": {
                                                "Function": "PARQUET_SCAN",
                                                "Projections": [
                                                    "p_partkey",
                                                    "p_type"
                                                ],
                                                "Estimated Cardinality": "68000000"
                                            },
                                            "cpu_time": 1.9051761200000004,
                                            "children": []
                                        },
                                        {
                                            "result_set_size": 956514648,
                                            "operator_timing": 12.010169446000003,
                                            "operator_rows_scanned": 1372800000,
                                            "cumulative_rows_scanned": 1372800000,
                                            "operator_cardinality": 39854777,
                                            "operator_type": "TABLE_SCAN",
                                            "cumulative_cardinality": 39854777,
                                            "extra_info": {
                                                "Function": "READ_PARQUET",
                                                "Projections": [
                                                    "l_partkey",
                                                    "l_extendedprice",
                                                    "l_discount"
                                                ],
                                                "Filters": "l_shipdate>='1993-10-01'::DATE AND l_shipdate<'1993-11-01'::DATE AND l_shipdate IS NOT NULL",
                                                "Estimated Cardinality": "8580000"
                                            },
                                            "cpu_time": 12.010169446000003,
                                            "children": []
                                        }
                                    ]
                                }
                            ]
                        }
                    ]
                }
            ]
        }
    ]
}