{
    "rows_returned": 1,
    "latency": 8.2105564,
    "result_set_size": 8,
    "cumulative_rows_scanned": 950400000,
    "cumulative_cardinality": 58994001,
    "extra_info": {},
    "cpu_time": 56.621839929,
    "blocked_thread_time": 0.0,
    "query_name": "COPY (FROM read_parquet(['s3://tpch28764--apne1-az1--x-s3/1002.parquet','s3://tpch28764--apne1-az1--x-s3/1017.parquet','s3://tpch28764--apne1-az1--x-s3/1075.parquet','s3://tpch28764--apne1-az1--x-s3/1121.parquet','s3://tpch28764--apne1-az1--x-s3/1135.parquet','s3://tpch28764--apne1-az1--x-s3/1207.parquet','s3://tpch28764--apne1-az1--x-s3/1352.parquet','s3://tpch28764--apne1-az1--x-s3/1390.parquet','s3://tpch28764--apne1-az1--x-s3/1392.parquet','s3://tpch28764--apne1-az1--x-s3/1567.parquet','s3://tpch28764--apne1-az1--x-s3/1568.parquet','s3://tpch28764--apne1-az1--x-s3/1569.parquet','s3://tpch28764--apne1-az1--x-s3/1573.parquet','s3://tpch28764--apne1-az1--x-s3/1574.parquet','s3://tpch28764--apne1-az1--x-s3/1575.parquet','s3://tpch28764--apne1-az1--x-s3/1576.parquet','s3://tpch28764--apne1-az1--x-s3/1578.parquet','s3://tpch28764--apne1-az1--x-s3/1580.parquet','s3://tpch28764--apne1-az1--x-s3/1583.parquet','s3://tpch28764--apne1-az1--x-s3/1585.parquet','s3://tpch28764--apne1-az1--x-s3/1586.parquet','s3://tpch28764--apne1-az1--x-s3/1587.parquet','s3://tpch28764--apne1-az1--x-s3/1592.parquet','s3://tpch28764--apne1-az1--x-s3/1595.parquet','s3://tpch28764--apne1-az1--x-s3/1596.parquet','s3://tpch28764--apne1-az1--x-s3/1603.parquet','s3://tpch28764--apne1-az1--x-s3/1605.parquet','s3://tpch28764--apne1-az1--x-s3/1608.parquet','s3://tpch28764--apne1-az1--x-s3/1614.parquet','s3://tpch28764--apne1-az1--x-s3/1615.parquet','s3://tpch28764--apne1-az1--x-s3/1618.parquet','s3://tpch28764--apne1-az1--x-s3/1621.parquet','s3://tpch28764--apne1-az1--x-s3/1624.parquet','s3://tpch28764--apne1-az1--x-s3/239.parquet','s3://tpch28764--apne1-az1--x-s3/256.parquet','s3://tpch28764--apne1-az1--x-s3/414.parquet']) ORDER BY l_shipdate) TO 's3://tpch28764--apne1-az1--x-s3/tmp' (FORMAT 'parquet');",
    "children": [
        {
            "result_set_size": 8,
            "operator_timing": 4.4667322889999985,
            "operator_rows_scanned": 0,
            "cumulative_rows_scanned": 950400000,
            "operator_cardinality": 1,
            "operator_type": "BATCH_COPY_TO_FILE",
            "cumulative_cardinality": 58994001,
            "extra_info": {},
            "cpu_time": 56.621839929,
            "children": [
                {
                    "result_set_size": 4601532000,
                    "operator_timing": 26.462604566,
                    "operator_rows_scanned": 0,
                    "cumulative_rows_scanned": 950400000,
                    "operator_cardinality": 29497000,
                    "operator_type": "ORDER_BY",
                    "cumulative_cardinality": 58994000,
                    "extra_info": {
                        "Order By": "read_parquet.l_shipdate ASC"
                    },
                    "cpu_time": 52.15510764,
                    "children": [
                        {
                            "result_set_size": 4601532000,
                            "operator_timing": 25.692503073999998,
                            "operator_rows_scanned": 950400000,
                            "cumulative_rows_scanned": 950400000,
                            "operator_cardinality": 29497000,
                            "operator_type": "TABLE_SCAN",
                            "cumulative_cardinality": 29497000,
                            "extra_info": {
                                "Function": "READ_PARQUET",
                                "Projections": [
                                    "l_orderkey",
                                    "l_partkey",
                                    "l_suppkey",
                                    "l_linenumber",
                                    "l_quantity",
                                    "l_extendedprice",
                                    "l_discount",
                                    "l_tax",
                                    "l_returnflag",
                                    "l_linestatus",
                                    "l_shipdate",
                                    "l_commitdate",
                                    "l_receiptdate",
                                    "l_shipinstruct",
                                    "l_shipmode",
                                    "l_comment"
                                ],
                                "Estimated Cardinality": "29700000"
                            },
                            "cpu_time": 25.692503073999998,
                            "children": []
                        }
                    ]
                }
            ]
        }
    ]
}