{
    "rows_returned": 1,
    "latency": 16.705815345,
    "result_set_size": 8,
    "cumulative_rows_scanned": 1924384000,
    "cumulative_cardinality": 119965415,
    "extra_info": {},
    "cpu_time": 148.79615448299998,
    "blocked_thread_time": 0.0,
    "query_name": "COPY (FROM read_parquet(['s3://tpch7650--apne1-az1--x-s3/2059.parquet','s3://tpch7650--apne1-az1--x-s3/2060.parquet','s3://tpch7650--apne1-az1--x-s3/2061.parquet','s3://tpch7650--apne1-az1--x-s3/2062.parquet','s3://tpch7650--apne1-az1--x-s3/2063.parquet','s3://tpch7650--apne1-az1--x-s3/2064.parquet','s3://tpch7650--apne1-az1--x-s3/2065.parquet','s3://tpch7650--apne1-az1--x-s3/2066.parquet','s3://tpch7650--apne1-az1--x-s3/2067.parquet','s3://tpch7650--apne1-az1--x-s3/2068.parquet','s3://tpch7650--apne1-az1--x-s3/2069.parquet','s3://tpch7650--apne1-az1--x-s3/2070.parquet','s3://tpch7650--apne1-az1--x-s3/2071.parquet','s3://tpch7650--apne1-az1--x-s3/2072.parquet','s3://tpch7650--apne1-az1--x-s3/2073.parquet','s3://tpch7650--apne1-az1--x-s3/2074.parquet','s3://tpch7650--apne1-az1--x-s3/2075.parquet','s3://tpch7650--apne1-az1--x-s3/2076.parquet','s3://tpch7650--apne1-az1--x-s3/2077.parquet','s3://tpch7650--apne1-az1--x-s3/2078.parquet','s3://tpch7650--apne1-az1--x-s3/2079.parquet','s3://tpch7650--apne1-az1--x-s3/2080.parquet','s3://tpch7650--apne1-az1--x-s3/2081.parquet','s3://tpch7650--apne1-az1--x-s3/2082.parquet','s3://tpch7650--apne1-az1--x-s3/2083.parquet','s3://tpch7650--apne1-az1--x-s3/2084.parquet','s3://tpch7650--apne1-az1--x-s3/2085.parquet','s3://tpch7650--apne1-az1--x-s3/2086.parquet','s3://tpch7650--apne1-az1--x-s3/2087.parquet','s3://tpch7650--apne1-az1--x-s3/2088.parquet','s3://tpch7650--apne1-az1--x-s3/2089.parquet','s3://tpch7650--apne1-az1--x-s3/2090.parquet','s3://tpch7650--apne1-az1--x-s3/2091.parquet','s3://tpch7650--apne1-az1--x-s3/2092.parquet','s3://tpch7650--apne1-az1--x-s3/2093.parquet','s3://tpch7650--apne1-az1--x-s3/2094.parquet','s3://tpch7650--apne1-az1--x-s3/2095.parquet','s3://tpch7650--apne1-az1--x-s3/2096.parquet','s3://tpch7650--apne1-az1--x-s3/2097.parquet','s3://tpch7650--apne1-az1--x-s3/2098.parquet','s3://tpch7650--apne1-az1--x-s3/2099.parquet','s3://tpch7650--apne1-az1--x-s3/2100.parquet','s3://tpch7650--apne1-az1--x-s3/2101.parquet','s3://tpch7650--apne1-az1--x-s3/2102.parquet','s3://tpch7650--apne1-az1--x-s3/2103.parquet','s3://tpch7650--apne1-az1--x-s3/2104.parquet','s3://tpch7650--apne1-az1--x-s3/2105.parquet','s3://tpch7650--apne1-az1--x-s3/2106.parquet','s3://tpch7650--apne1-az1--x-s3/2107.parquet','s3://tpch7650--apne1-az1--x-s3/2108.parquet','s3://tpch7650--apne1-az1--x-s3/2109.parquet','s3://tpch7650--apne1-az1--x-s3/2110.parquet','s3://tpch7650--apne1-az1--x-s3/2111.parquet','s3://tpch7650--apne1-az1--x-s3/2112.parquet','s3://tpch7650--apne1-az1--x-s3/2113.parquet','s3://tpch7650--apne1-az1--x-s3/2114.parquet','s3://tpch7650--apne1-az1--x-s3/2115.parquet','s3://tpch7650--apne1-az1--x-s3/2116.parquet','s3://tpch7650--apne1-az1--x-s3/2117.parquet','s3://tpch7650--apne1-az1--x-s3/2118.parquet','s3://tpch7650--apne1-az1--x-s3/2119.parquet','s3://tpch7650--apne1-az1--x-s3/2120.parquet','s3://tpch7650--apne1-az1--x-s3/2121.parquet','s3://tpch7650--apne1-az1--x-s3/2122.parquet','s3://tpch7650--apne1-az1--x-s3/2123.parquet','s3://tpch7650--apne1-az1--x-s3/2124.parquet','s3://tpch7650--apne1-az1--x-s3/2125.parquet','s3://tpch7650--apne1-az1--x-s3/2126.parquet','s3://tpch7650--apne1-az1--x-s3/2127.parquet','s3://tpch7650--apne1-az1--x-s3/2128.parquet','s3://tpch7650--apne1-az1--x-s3/2129.parquet']) ORDER BY l_shipdate) TO 's3://tpch7650--apne1-az1--x-s3/tmp' (FORMAT 'parquet');",
    "children": [
        {
            "result_set_size": 8,
            "operator_timing": 19.276334967000004,
            "operator_rows_scanned": 0,
            "cumulative_rows_scanned": 1924384000,
            "operator_cardinality": 1,
            "operator_type": "BATCH_COPY_TO_FILE",
            "cumulative_cardinality": 119965415,
            "extra_info": {},
            "cpu_time": 148.79615448299998,
            "children": [
                {
                    "result_set_size": 9357302292,
                    "operator_timing": 82.668584149,
                    "operator_rows_scanned": 0,
                    "cumulative_rows_scanned": 1924384000,
                    "operator_cardinality": 59982707,
                    "operator_type": "ORDER_BY",
                    "cumulative_cardinality": 119965414,
                    "extra_info": {
                        "Order By": "read_parquet.l_shipdate ASC"
                    },
                    "cpu_time": 129.51981951599998,
                    "children": [
                        {
                            "result_set_size": 9357302292,
                            "operator_timing": 46.851235366999994,
                            "operator_rows_scanned": 1924384000,
                            "cumulative_rows_scanned": 1924384000,
                            "operator_cardinality": 59982707,
                            "operator_type": "TABLE_SCAN",
                            "cumulative_cardinality": 59982707,
                            "extra_info": {
                                "Function": "READ_PARQUET",
                                "Projections": [
                                    "l_orderkey",
                                    "l_partkey",
                                    "l_suppkey",
                                    "l_linenumber",
                                    "l_quantity",
                                    "l_extendedprice",
                                    "l_discount",
                                    "l_tax",
                                    "l_returnflag",
                                    "l_linestatus",
                                    "l_shipdate",
                                    "l_commitdate",
                                    "l_receiptdate",
                                    "l_shipinstruct",
                                    "l_shipmode",
                                    "l_comment"
                                ],
                                "Estimated Cardinality": "60137000"
                            },
                            "cpu_time": 46.851235366999994,
                            "children": []
                        }
                    ]
                }
            ]
        }
    ]
}