{
    "rows_returned": 1,
    "latency": 2.583331158,
    "result_set_size": 8,
    "cumulative_rows_scanned": 8246784000,
    "cumulative_cardinality": 169242443,
    "extra_info": {},
    "cpu_time": 68.94516356800001,
    "blocked_thread_time": 0.0,
    "query_name": "SELECT\n    100.00 * sum(CASE\n            WHEN p_type LIKE 'PROMO%' \n            THEN l_extendedprice * (1 - l_discount)\n            ELSE 0\n    END) / sum(l_extendedprice * (1 - l_discount)) AS promo_revenue\nFROM\n    read_parquet([\"s3://tpch17377--apne1-az1--x-s3/0.parquet\", \"s3://tpch17377--apne1-az1--x-s3/1.parquet\", \"s3://tpch17377--apne1-az1--x-s3/2.parquet\", \"s3://tpch17377--apne1-az1--x-s3/3.parquet\", \"s3://tpch17377--apne1-az1--x-s3/4.parquet\", \"s3://tpch17377--apne1-az1--x-s3/5.parquet\", \"s3://tpch17377--apne1-az1--x-s3/6.parquet\", \"s3://tpch17377--apne1-az1--x-s3/7.parquet\", \"s3://tpch17377--apne1-az1--x-s3/8.parquet\", \"s3://tpch17377--apne1-az1--x-s3/9.parquet\", \"s3://tpch17377--apne1-az1--x-s3/10.parquet\", \"s3://tpch17377--apne1-az1--x-s3/11.parquet\", \"s3://tpch17377--apne1-az1--x-s3/12.parquet\", \"s3://tpch17377--apne1-az1--x-s3/13.parquet\", \"s3://tpch17377--apne1-az1--x-s3/14.parquet\", \"s3://tpch17377--apne1-az1--x-s3/15.parquet\", \"s3://tpch17377--apne1-az1--x-s3/16.parquet\", \"s3://tpch17377--apne1-az1--x-s3/17.parquet\", \"s3://tpch17377--apne1-az1--x-s3/18.parquet\", \"s3://tpch17377--apne1-az1--x-s3/19.parquet\", \"s3://tpch17377--apne1-az1--x-s3/20.parquet\", \"s3://tpch17377--apne1-az1--x-s3/21.parquet\", \"s3://tpch17377--apne1-az1--x-s3/22.parquet\", \"s3://tpch17377--apne1-az1--x-s3/23.parquet\", \"s3://tpch17377--apne1-az1--x-s3/24.parquet\", \"s3://tpch17377--apne1-az1--x-s3/25.parquet\", \"s3://tpch17377--apne1-az1--x-s3/26.parquet\", \"s3://tpch17377--apne1-az1--x-s3/27.parquet\", \"s3://tpch17377--apne1-az1--x-s3/28.parquet\", \"s3://tpch17377--apne1-az1--x-s3/29.parquet\", \"s3://tpch17377--apne1-az1--x-s3/30.parquet\", \"s3://tpch17377--apne1-az1--x-s3/31.parquet\", \"s3://tpch17377--apne1-az1--x-s3/32.parquet\", \"s3://tpch17377--apne1-az1--x-s3/33.parquet\", \"s3://tpch17377--apne1-az1--x-s3/34.parquet\", \"s3://tpch17377--apne1-az1--x-s3/35.parquet\", \"s3://tpch17377--apne1-az1--x-s3/36.parquet\", \"s3://tpch17377--apne1-az1--x-s3/37.parquet\", \"s3://tpch17377--apne1-az1--x-s3/38.parquet\", \"s3://tpch17377--apne1-az1--x-s3/39.parquet\", \"s3://tpch17377--apne1-az1--x-s3/40.parquet\", \"s3://tpch17377--apne1-az1--x-s3/41.parquet\", \"s3://tpch17377--apne1-az1--x-s3/42.parquet\", \"s3://tpch17377--apne1-az1--x-s3/43.parquet\", \"s3://tpch17377--apne1-az1--x-s3/44.parquet\", \"s3://tpch17377--apne1-az1--x-s3/45.parquet\", \"s3://tpch17377--apne1-az1--x-s3/46.parquet\", \"s3://tpch17377--apne1-az1--x-s3/47.parquet\", \"s3://tpch17377--apne1-az1--x-s3/48.parquet\", \"s3://tpch17377--apne1-az1--x-s3/49.parquet\", \"s3://tpch17377--apne1-az1--x-s3/50.parquet\", \"s3://tpch17377--apne1-az1--x-s3/51.parquet\", \"s3://tpch17377--apne1-az1--x-s3/52.parquet\", \"s3://tpch17377--apne1-az1--x-s3/53.parquet\", \"s3://tpch17377--apne1-az1--x-s3/54.parquet\", \"s3://tpch17377--apne1-az1--x-s3/55.parquet\", \"s3://tpch17377--apne1-az1--x-s3/56.parquet\", \"s3://tpch17377--apne1-az1--x-s3/57.parquet\", \"s3://tpch17377--apne1-az1--x-s3/58.parquet\", \"s3://tpch17377--apne1-az1--x-s3/59.parquet\", \"s3://tpch17377--apne1-az1--x-s3/60.parquet\", \"s3://tpch17377--apne1-az1--x-s3/61.parquet\", \"s3://tpch17377--apne1-az1--x-s3/62.parquet\", \"s3://tpch17377--apne1-az1--x-s3/63.parquet\", \"s3://tpch17377--apne1-az1--x-s3/64.parquet\", \"s3://tpch17377--apne1-az1--x-s3/65.parquet\", \"s3://tpch17377--apne1-az1--x-s3/66.parquet\", \"s3://tpch17377--apne1-az1--x-s3/67.parquet\", \"s3://tpch17377--apne1-az1--x-s3/68.parquet\", \"s3://tpch17377--apne1-az1--x-s3/69.parquet\", \"s3://tpch17377--apne1-az1--x-s3/70.parquet\", \"s3://tpch17377--apne1-az1--x-s3/71.parquet\", \"s3://tpch17377--apne1-az1--x-s3/72.parquet\", \"s3://tpch17377--apne1-az1--x-s3/73.parquet\", \"s3://tpch17377--apne1-az1--x-s3/74.parquet\", \"s3://tpch17377--apne1-az1--x-s3/75.parquet\", \"s3://tpch17377--apne1-az1--x-s3/76.parquet\", \"s3://tpch17377--apne1-az1--x-s3/77.parquet\", \"s3://tpch17377--apne1-az1--x-s3/78.parquet\", \"s3://tpch17377--apne1-az1--x-s3/79.parquet\", \"s3://tpch17377--apne1-az1--x-s3/80.parquet\", \"s3://tpch17377--apne1-az1--x-s3/81.parquet\", \"s3://tpch17377--apne1-az1--x-s3/82.parquet\", \"s3://tpch17377--apne1-az1--x-s3/83.parquet\", \"s3://tpch17377--apne1-az1--x-s3/84.parquet\", \"s3://tpch17377--apne1-az1--x-s3/85.parquet\", \"s3://tpch17377--apne1-az1--x-s3/86.parquet\", \"s3://tpch17377--apne1-az1--x-s3/87.parquet\", \"s3://tpch17377--apne1-az1--x-s3/88.parquet\", \"s3://tpch17377--apne1-az1--x-s3/89.parquet\", \"s3://tpch17377--apne1-az1--x-s3/90.parquet\", \"s3://tpch17377--apne1-az1--x-s3/91.parquet\", \"s3://tpch17377--apne1-az1--x-s3/92.parquet\", \"s3://tpch17377--apne1-az1--x-s3/93.parquet\", \"s3://tpch17377--apne1-az1--x-s3/94.parquet\", \"s3://tpch17377--apne1-az1--x-s3/95.parquet\", \"s3://tpch17377--apne1-az1--x-s3/96.parquet\", \"s3://tpch17377--apne1-az1--x-s3/97.parquet\", \"s3://tpch17377--apne1-az1--x-s3/98.parquet\", \"s3://tpch17377--apne1-az1--x-s3/99.parquet\", \"s3://tpch17377--apne1-az1--x-s3/100.parquet\", \"s3://tpch17377--apne1-az1--x-s3/101.parquet\", \"s3://tpch17377--apne1-az1--x-s3/102.parquet\", \"s3://tpch17377--apne1-az1--x-s3/103.parquet\", \"s3://tpch17377--apne1-az1--x-s3/104.parquet\", \"s3://tpch17377--apne1-az1--x-s3/105.parquet\", \"s3://tpch17377--apne1-az1--x-s3/106.parquet\", \"s3://tpch17377--apne1-az1--x-s3/107.parquet\", \"s3://tpch17377--apne1-az1--x-s3/108.parquet\", \"s3://tpch17377--apne1-az1--x-s3/109.parquet\", \"s3://tpch17377--apne1-az1--x-s3/110.parquet\", \"s3://tpch17377--apne1-az1--x-s3/111.parquet\", \"s3://tpch17377--apne1-az1--x-s3/112.parquet\", \"s3://tpch17377--apne1-az1--x-s3/113.parquet\", \"s3://tpch17377--apne1-az1--x-s3/114.parquet\", \"s3://tpch17377--apne1-az1--x-s3/115.parquet\", \"s3://tpch17377--apne1-az1--x-s3/116.parquet\", \"s3://tpch17377--apne1-az1--x-s3/117.parquet\", \"s3://tpch17377--apne1-az1--x-s3/118.parquet\", \"s3://tpch17377--apne1-az1--x-s3/119.parquet\", \"s3://tpch17377--apne1-az1--x-s3/120.parquet\", \"s3://tpch17377--apne1-az1--x-s3/121.parquet\", \"s3://tpch17377--apne1-az1--x-s3/122.parquet\", \"s3://tpch17377--apne1-az1--x-s3/123.parquet\", \"s3://tpch17377--apne1-az1--x-s3/124.parquet\", \"s3://tpch17377--apne1-az1--x-s3/125.parquet\", \"s3://tpch17377--apne1-az1--x-s3/126.parquet\", \"s3://tpch17377--apne1-az1--x-s3/127.parquet\", \"s3://tpch17377--apne1-az1--x-s3/128.parquet\", \"s3://tpch17377--apne1-az1--x-s3/129.parquet\", \"s3://tpch17377--apne1-az1--x-s3/130.parquet\", \"s3://tpch17377--apne1-az1--x-s3/131.parquet\", \"s3://tpch17377--apne1-az1--x-s3/132.parquet\", \"s3://tpch17377--apne1-az1--x-s3/133.parquet\", \"s3://tpch17377--apne1-az1--x-s3/134.parquet\", \"s3://tpch17377--apne1-az1--x-s3/135.parquet\", \"s3://tpch17377--apne1-az1--x-s3/136.parquet\", \"s3://tpch17377--apne1-az1--x-s3/137.parquet\", \"s3://tpch17377--apne1-az1--x-s3/138.parquet\", \"s3://tpch17377--apne1-az1--x-s3/139.parquet\", \"s3://tpch17377--apne1-az1--x-s3/140.parquet\", \"s3://tpch17377--apne1-az1--x-s3/141.parquet\", \"s3://tpch17377--apne1-az1--x-s3/190.parquet\", \"s3://tpch17377--apne1-az1--x-s3/191.parquet\", \"s3://tpch17377--apne1-az1--x-s3/192.parquet\", \"s3://tpch17377--apne1-az1--x-s3/193.parquet\", \"s3://tpch17377--apne1-az1--x-s3/194.parquet\", \"s3://tpch17377--apne1-az1--x-s3/195.parquet\", \"s3://tpch17377--apne1-az1--x-s3/196.parquet\", \"s3://tpch17377--apne1-az1--x-s3/197.parquet\", \"s3://tpch17377--apne1-az1--x-s3/198.parquet\", \"s3://tpch17377--apne1-az1--x-s3/199.parquet\", \"s3://tpch17377--apne1-az1--x-s3/200.parquet\", \"s3://tpch17377--apne1-az1--x-s3/201.parquet\", \"s3://tpch17377--apne1-az1--x-s3/202.parquet\", \"s3://tpch17377--apne1-az1--x-s3/203.parquet\", \"s3://tpch17377--apne1-az1--x-s3/204.parquet\", \"s3://tpch17377--apne1-az1--x-s3/205.parquet\", \"s3://tpch17377--apne1-az1--x-s3/206.parquet\", \"s3://tpch17377--apne1-az1--x-s3/207.parquet\", \"s3://tpch17377--apne1-az1--x-s3/208.parquet\", \"s3://tpch17377--apne1-az1--x-s3/209.parquet\", \"s3://tpch17377--apne1-az1--x-s3/210.parquet\", \"s3://tpch17377--apne1-az1--x-s3/211.parquet\", \"s3://tpch17377--apne1-az1--x-s3/212.parquet\", \"s3://tpch17377--apne1-az1--x-s3/382.parquet\", \"s3://tpch17377--apne1-az1--x-s3/383.parquet\", \"s3://tpch17377--apne1-az1--x-s3/384.parquet\", \"s3://tpch17377--apne1-az1--x-s3/385.parquet\", \"s3://tpch17377--apne1-az1--x-s3/386.parquet\", \"s3://tpch17377--apne1-az1--x-s3/454.parquet\", \"s3://tpch17377--apne1-az1--x-s3/455.parquet\", \"s3://tpch17377--apne1-az1--x-s3/456.parquet\", \"s3://tpch17377--apne1-az1--x-s3/457.parquet\", \"s3://tpch17377--apne1-az1--x-s3/458.parquet\", \"s3://tpch17377--apne1-az1--x-s3/736.parquet\", \"s3://tpch17377--apne1-az1--x-s3/737.parquet\", \"s3://tpch17377--apne1-az1--x-s3/738.parquet\", \"s3://tpch17377--apne1-az1--x-s3/739.parquet\", \"s3://tpch17377--apne1-az1--x-s3/740.parquet\", \"s3://tpch17377--apne1-az1--x-s3/781.parquet\", \"s3://tpch17377--apne1-az1--x-s3/782.parquet\", \"s3://tpch17377--apne1-az1--x-s3/783.parquet\", \"s3://tpch17377--apne1-az1--x-s3/784.parquet\", \"s3://tpch17377--apne1-az1--x-s3/1023.parquet\", \"s3://tpch17377--apne1-az1--x-s3/1024.parquet\", \"s3://tpch17377--apne1-az1--x-s3/1025.parquet\", \"s3://tpch17377--apne1-az1--x-s3/1026.parquet\", \"s3://tpch17377--apne1-az1--x-s3/1027.parquet\", \"s3://tpch17377--apne1-az1--x-s3/1174.parquet\", \"s3://tpch17377--apne1-az1--x-s3/1175.parquet\", \"s3://tpch17377--apne1-az1--x-s3/1176.parquet\", \"s3://tpch17377--apne1-az1--x-s3/1177.parquet\", \"s3://tpch17377--apne1-az1--x-s3/1178.parquet\", \"s3://tpch17377--apne1-az1--x-s3/1222.parquet\", \"s3://tpch17377--apne1-az1--x-s3/1223.parquet\", \"s3://tpch17377--apne1-az1--x-s3/1224.parquet\", \"s3://tpch17377--apne1-az1--x-s3/1225.parquet\", \"s3://tpch17377--apne1-az1--x-s3/1226.parquet\", \"s3://tpch17377--apne1-az1--x-s3/1277.parquet\", \"s3://tpch17377--apne1-az1--x-s3/1318.parquet\", \"s3://tpch17377--apne1-az1--x-s3/1319.parquet\", \"s3://tpch17377--apne1-az1--x-s3/1320.parquet\", \"s3://tpch17377--apne1-az1--x-s3/1321.parquet\", \"s3://tpch17377--apne1-az1--x-s3/1322.parquet\", \"s3://tpch17377--apne1-az1--x-s3/1375.parquet\", \"s3://tpch17377--apne1-az1--x-s3/1376.parquet\", \"s3://tpch17377--apne1-az1--x-s3/1377.parquet\", \"s3://tpch17377--apne1-az1--x-s3/1378.parquet\", \"s3://tpch17377--apne1-az1--x-s3/1379.parquet\", \"s3://tpch17377--apne1-az1--x-s3/1484.parquet\", \"s3://tpch17377--apne1-az1--x-s3/1485.parquet\", \"s3://tpch17377--apne1-az1--x-s3/1486.parquet\", \"s3://tpch17377--apne1-az1--x-s3/1487.parquet\", \"s3://tpch17377--apne1-az1--x-s3/1488.parquet\", \"s3://tpch17377--apne1-az1--x-s3/1513.parquet\", \"s3://tpch17377--apne1-az1--x-s3/1514.parquet\", \"s3://tpch17377--apne1-az1--x-s3/1515.parquet\", \"s3://tpch17377--apne1-az1--x-s3/1516.parquet\"]),\n    'pool/part/*.parquet'\nWHERE\n    l_partkey = p_partkey\n    AND l_shipdate >= DATE '1992-01-01' + INTERVAL 21 MONTH\n    AND l_shipdate < DATE '1992-02-01' + INTERVAL 21 MONTH;",
    "children": [
        {
            "result_set_size": 8,
            "operator_timing": 0.000019283,
            "operator_rows_scanned": 0,
            "cumulative_rows_scanned": 8246784000,
            "operator_cardinality": 1,
            "operator_type": "PROJECTION",
            "cumulative_cardinality": 169242443,
            "extra_info": {
                "Projections": "promo_revenue",
                "Estimated Cardinality": "1"
            },
            "cpu_time": 68.94516356800001,
            "children": [
                {
                    "result_set_size": 32,
                    "operator_timing": 0.09219564599999996,
                    "operator_rows_scanned": 0,
                    "cumulative_rows_scanned": 8246784000,
                    "operator_cardinality": 1,
                    "operator_type": "UNGROUPED_AGGREGATE",
                    "cumulative_cardinality": 169242442,
                    "extra_info": {
                        "Aggregates": [
                            "sum(#0)",
                            "sum(#1)"
                        ]
                    },
                    "cpu_time": 68.94514428500001,
                    "children": [
                        {
                            "result_set_size": 459101344,
                            "operator_timing": 0.7192822029999999,
                            "operator_rows_scanned": 0,
                            "cumulative_rows_scanned": 8246784000,
                            "operator_cardinality": 28693834,
                            "operator_type": "PROJECTION",
                            "cumulative_cardinality": 169242441,
                            "extra_info": {
                                "Projections": [
                                    "CASE  WHEN (prefix(p_type, 'PROMO')) THEN ((l_extendedprice * (1.00 - l_discount))) ELSE 0.0000 END",
                                    "(l_extendedprice * (1.00 - l_discount))"
                                ],
                                "Estimated Cardinality": "37142400"
                            },
                            "cpu_time": 68.85294863900002,
                            "children": [
                                {
                                    "result_set_size": 1377304032,
                                    "operator_timing": 7.347873972000012,
                                    "operator_rows_scanned": 0,
                                    "cumulative_rows_scanned": 8246784000,
                                    "operator_cardinality": 28693834,
                                    "operator_type": "HASH_JOIN",
                                    "cumulative_cardinality": 140548607,
                                    "extra_info": {
                                        "Join Type": "INNER",
                                        "Conditions": "p_partkey = l_partkey",
                                        "Estimated Cardinality": "37142400"
                                    },
                                    "cpu_time": 68.13366643600001,
                                    "children": [
                                        {
                                            "result_set_size": 1727999904,
                                            "operator_timing": 2.021680735000001,
                                            "operator_rows_scanned": 2304000000,
                                            "cumulative_rows_scanned": 2304000000,
                                            "operator_cardinality": 71999996,
                                            "operator_type": "TABLE_SCAN",
                                            "cumulative_cardinality": 71999996,
                                            "extra_info": {
                                                "Function": "PARQUET_SCAN",
                                                "Projections": [
                                                    "p_partkey",
                                                    "p_type"
                                                ],
                                                "Estimated Cardinality": "72000000"
                                            },
                                            "cpu_time": 2.021680735000001,
                                            "children": []
                                        },
                                        {
                                            "result_set_size": 956514648,
                                            "operator_timing": 58.764111729,
                                            "operator_rows_scanned": 5942784000,
                                            "cumulative_rows_scanned": 5942784000,
                                            "operator_cardinality": 39854777,
                                            "operator_type": "TABLE_SCAN",
                                            "cumulative_cardinality": 39854777,
                                            "extra_info": {
                                                "Function": "READ_PARQUET",
                                                "Projections": [
                                                    "l_partkey",
                                                    "l_extendedprice",
                                                    "l_discount"
                                                ],
                                                "Filters": "l_shipdate>='1993-10-01'::DATE AND l_shipdate<'1993-11-01'::DATE AND l_shipdate IS NOT NULL",
                                                "Estimated Cardinality": "37142400"
                                            },
                                            "cpu_time": 58.764111729,
                                            "children": []
                                        }
                                    ]
                                }
                            ]
                        }
                    ]
                }
            ]
        }
    ]
}