{
    "rows_returned": 1,
    "latency": 2.846804802,
    "result_set_size": 72,
    "cumulative_rows_scanned": 7062016000,
    "cumulative_cardinality": 174676627,
    "extra_info": {},
    "cpu_time": 80.38688445000001,
    "blocked_thread_time": 0.0,
    "query_name": "WITH revenue AS (\n    SELECT\n        l_suppkey AS supplier_no,\n        sum(l_extendedprice * (1 - l_discount)) AS total_revenue\n    FROM\n        read_parquet([\"s3://tpch17377--apne1-az1--x-s3/0.parquet\", \"s3://tpch17377--apne1-az1--x-s3/1.parquet\", \"s3://tpch17377--apne1-az1--x-s3/2.parquet\", \"s3://tpch17377--apne1-az1--x-s3/3.parquet\", \"s3://tpch17377--apne1-az1--x-s3/4.parquet\", \"s3://tpch17377--apne1-az1--x-s3/5.parquet\", \"s3://tpch17377--apne1-az1--x-s3/6.parquet\", \"s3://tpch17377--apne1-az1--x-s3/7.parquet\", \"s3://tpch17377--apne1-az1--x-s3/8.parquet\", \"s3://tpch17377--apne1-az1--x-s3/9.parquet\", \"s3://tpch17377--apne1-az1--x-s3/10.parquet\", \"s3://tpch17377--apne1-az1--x-s3/11.parquet\", \"s3://tpch17377--apne1-az1--x-s3/12.parquet\", \"s3://tpch17377--apne1-az1--x-s3/13.parquet\", \"s3://tpch17377--apne1-az1--x-s3/14.parquet\", \"s3://tpch17377--apne1-az1--x-s3/15.parquet\", \"s3://tpch17377--apne1-az1--x-s3/16.parquet\", \"s3://tpch17377--apne1-az1--x-s3/17.parquet\", \"s3://tpch17377--apne1-az1--x-s3/18.parquet\", \"s3://tpch17377--apne1-az1--x-s3/19.parquet\", \"s3://tpch17377--apne1-az1--x-s3/20.parquet\", \"s3://tpch17377--apne1-az1--x-s3/21.parquet\", \"s3://tpch17377--apne1-az1--x-s3/22.parquet\", \"s3://tpch17377--apne1-az1--x-s3/23.parquet\", \"s3://tpch17377--apne1-az1--x-s3/24.parquet\", \"s3://tpch17377--apne1-az1--x-s3/25.parquet\", \"s3://tpch17377--apne1-az1--x-s3/26.parquet\", \"s3://tpch17377--apne1-az1--x-s3/27.parquet\", \"s3://tpch17377--apne1-az1--x-s3/28.parquet\", \"s3://tpch17377--apne1-az1--x-s3/29.parquet\", \"s3://tpch17377--apne1-az1--x-s3/30.parquet\", \"s3://tpch17377--apne1-az1--x-s3/31.parquet\", \"s3://tpch17377--apne1-az1--x-s3/32.parquet\", \"s3://tpch17377--apne1-az1--x-s3/33.parquet\", \"s3://tpch17377--apne1-az1--x-s3/34.parquet\", \"s3://tpch17377--apne1-az1--x-s3/35.parquet\", \"s3://tpch17377--apne1-az1--x-s3/36.parquet\", \"s3://tpch17377--apne1-az1--x-s3/37.parquet\", \"s3://tpch17377--apne1-az1--x-s3/38.parquet\", \"s3://tpch17377--apne1-az1--x-s3/39.parquet\", \"s3://tpch17377--apne1-az1--x-s3/40.parquet\", \"s3://tpch17377--apne1-az1--x-s3/41.parquet\", \"s3://tpch17377--apne1-az1--x-s3/42.parquet\", \"s3://tpch17377--apne1-az1--x-s3/43.parquet\", \"s3://tpch17377--apne1-az1--x-s3/44.parquet\", \"s3://tpch17377--apne1-az1--x-s3/45.parquet\", \"s3://tpch17377--apne1-az1--x-s3/46.parquet\", \"s3://tpch17377--apne1-az1--x-s3/47.parquet\", \"s3://tpch17377--apne1-az1--x-s3/48.parquet\", \"s3://tpch17377--apne1-az1--x-s3/49.parquet\", \"s3://tpch17377--apne1-az1--x-s3/50.parquet\", \"s3://tpch17377--apne1-az1--x-s3/51.parquet\", \"s3://tpch17377--apne1-az1--x-s3/52.parquet\", \"s3://tpch17377--apne1-az1--x-s3/53.parquet\", \"s3://tpch17377--apne1-az1--x-s3/54.parquet\", \"s3://tpch17377--apne1-az1--x-s3/55.parquet\", \"s3://tpch17377--apne1-az1--x-s3/56.parquet\", \"s3://tpch17377--apne1-az1--x-s3/57.parquet\", \"s3://tpch17377--apne1-az1--x-s3/58.parquet\", \"s3://tpch17377--apne1-az1--x-s3/59.parquet\", \"s3://tpch17377--apne1-az1--x-s3/60.parquet\", \"s3://tpch17377--apne1-az1--x-s3/61.parquet\", \"s3://tpch17377--apne1-az1--x-s3/62.parquet\", \"s3://tpch17377--apne1-az1--x-s3/63.parquet\", \"s3://tpch17377--apne1-az1--x-s3/64.parquet\", \"s3://tpch17377--apne1-az1--x-s3/65.parquet\", \"s3://tpch17377--apne1-az1--x-s3/66.parquet\", \"s3://tpch17377--apne1-az1--x-s3/67.parquet\", \"s3://tpch17377--apne1-az1--x-s3/68.parquet\", \"s3://tpch17377--apne1-az1--x-s3/69.parquet\", \"s3://tpch17377--apne1-az1--x-s3/70.parquet\", \"s3://tpch17377--apne1-az1--x-s3/71.parquet\", \"s3://tpch17377--apne1-az1--x-s3/72.parquet\", \"s3://tpch17377--apne1-az1--x-s3/73.parquet\", \"s3://tpch17377--apne1-az1--x-s3/74.parquet\", \"s3://tpch17377--apne1-az1--x-s3/75.parquet\", \"s3://tpch17377--apne1-az1--x-s3/76.parquet\", \"s3://tpch17377--apne1-az1--x-s3/77.parquet\", \"s3://tpch17377--apne1-az1--x-s3/78.parquet\", \"s3://tpch17377--apne1-az1--x-s3/79.parquet\", \"s3://tpch17377--apne1-az1--x-s3/80.parquet\", \"s3://tpch17377--apne1-az1--x-s3/81.parquet\", \"s3://tpch17377--apne1-az1--x-s3/82.parquet\", \"s3://tpch17377--apne1-az1--x-s3/83.parquet\", \"s3://tpch17377--apne1-az1--x-s3/84.parquet\", \"s3://tpch17377--apne1-az1--x-s3/85.parquet\", \"s3://tpch17377--apne1-az1--x-s3/86.parquet\", \"s3://tpch17377--apne1-az1--x-s3/87.parquet\", \"s3://tpch17377--apne1-az1--x-s3/88.parquet\", \"s3://tpch17377--apne1-az1--x-s3/89.parquet\", \"s3://tpch17377--apne1-az1--x-s3/90.parquet\", \"s3://tpch17377--apne1-az1--x-s3/91.parquet\", \"s3://tpch17377--apne1-az1--x-s3/92.parquet\", \"s3://tpch17377--apne1-az1--x-s3/93.parquet\", \"s3://tpch17377--apne1-az1--x-s3/94.parquet\", \"s3://tpch17377--apne1-az1--x-s3/95.parquet\", \"s3://tpch17377--apne1-az1--x-s3/96.parquet\", \"s3://tpch17377--apne1-az1--x-s3/97.parquet\", \"s3://tpch17377--apne1-az1--x-s3/98.parquet\", \"s3://tpch17377--apne1-az1--x-s3/99.parquet\", \"s3://tpch17377--apne1-az1--x-s3/100.parquet\", \"s3://tpch17377--apne1-az1--x-s3/101.parquet\", \"s3://tpch17377--apne1-az1--x-s3/102.parquet\", \"s3://tpch17377--apne1-az1--x-s3/103.parquet\", \"s3://tpch17377--apne1-az1--x-s3/104.parquet\", \"s3://tpch17377--apne1-az1--x-s3/105.parquet\", \"s3://tpch17377--apne1-az1--x-s3/106.parquet\", \"s3://tpch17377--apne1-az1--x-s3/107.parquet\", \"s3://tpch17377--apne1-az1--x-s3/108.parquet\", \"s3://tpch17377--apne1-az1--x-s3/109.parquet\", \"s3://tpch17377--apne1-az1--x-s3/110.parquet\", \"s3://tpch17377--apne1-az1--x-s3/111.parquet\", \"s3://tpch17377--apne1-az1--x-s3/112.parquet\", \"s3://tpch17377--apne1-az1--x-s3/113.parquet\", \"s3://tpch17377--apne1-az1--x-s3/114.parquet\", \"s3://tpch17377--apne1-az1--x-s3/115.parquet\", \"s3://tpch17377--apne1-az1--x-s3/116.parquet\", \"s3://tpch17377--apne1-az1--x-s3/117.parquet\", \"s3://tpch17377--apne1-az1--x-s3/118.parquet\", \"s3://tpch17377--apne1-az1--x-s3/119.parquet\", \"s3://tpch17377--apne1-az1--x-s3/120.parquet\", \"s3://tpch17377--apne1-az1--x-s3/121.parquet\", \"s3://tpch17377--apne1-az1--x-s3/122.parquet\", \"s3://tpch17377--apne1-az1--x-s3/123.parquet\", \"s3://tpch17377--apne1-az1--x-s3/124.parquet\", \"s3://tpch17377--apne1-az1--x-s3/125.parquet\", \"s3://tpch17377--apne1-az1--x-s3/126.parquet\", \"s3://tpch17377--apne1-az1--x-s3/127.parquet\", \"s3://tpch17377--apne1-az1--x-s3/128.parquet\", \"s3://tpch17377--apne1-az1--x-s3/129.parquet\", \"s3://tpch17377--apne1-az1--x-s3/130.parquet\", \"s3://tpch17377--apne1-az1--x-s3/131.parquet\", \"s3://tpch17377--apne1-az1--x-s3/132.parquet\", \"s3://tpch17377--apne1-az1--x-s3/133.parquet\", \"s3://tpch17377--apne1-az1--x-s3/134.parquet\", \"s3://tpch17377--apne1-az1--x-s3/135.parquet\", \"s3://tpch17377--apne1-az1--x-s3/136.parquet\", \"s3://tpch17377--apne1-az1--x-s3/137.parquet\", \"s3://tpch17377--apne1-az1--x-s3/138.parquet\", \"s3://tpch17377--apne1-az1--x-s3/139.parquet\", \"s3://tpch17377--apne1-az1--x-s3/140.parquet\", \"s3://tpch17377--apne1-az1--x-s3/141.parquet\", \"s3://tpch17377--apne1-az1--x-s3/190.parquet\", \"s3://tpch17377--apne1-az1--x-s3/191.parquet\", \"s3://tpch17377--apne1-az1--x-s3/192.parquet\", \"s3://tpch17377--apne1-az1--x-s3/193.parquet\", \"s3://tpch17377--apne1-az1--x-s3/194.parquet\", \"s3://tpch17377--apne1-az1--x-s3/195.parquet\", \"s3://tpch17377--apne1-az1--x-s3/196.parquet\", \"s3://tpch17377--apne1-az1--x-s3/197.parquet\", \"s3://tpch17377--apne1-az1--x-s3/198.parquet\", \"s3://tpch17377--apne1-az1--x-s3/199.parquet\", \"s3://tpch17377--apne1-az1--x-s3/200.parquet\", \"s3://tpch17377--apne1-az1--x-s3/201.parquet\", \"s3://tpch17377--apne1-az1--x-s3/202.parquet\", \"s3://tpch17377--apne1-az1--x-s3/203.parquet\", \"s3://tpch17377--apne1-az1--x-s3/204.parquet\", \"s3://tpch17377--apne1-az1--x-s3/205.parquet\", \"s3://tpch17377--apne1-az1--x-s3/206.parquet\", \"s3://tpch17377--apne1-az1--x-s3/207.parquet\", \"s3://tpch17377--apne1-az1--x-s3/208.parquet\", \"s3://tpch17377--apne1-az1--x-s3/209.parquet\", \"s3://tpch17377--apne1-az1--x-s3/210.parquet\", \"s3://tpch17377--apne1-az1--x-s3/211.parquet\", \"s3://tpch17377--apne1-az1--x-s3/212.parquet\", \"s3://tpch17377--apne1-az1--x-s3/356.parquet\", \"s3://tpch17377--apne1-az1--x-s3/357.parquet\", \"s3://tpch17377--apne1-az1--x-s3/358.parquet\", \"s3://tpch17377--apne1-az1--x-s3/359.parquet\", \"s3://tpch17377--apne1-az1--x-s3/360.parquet\", \"s3://tpch17377--apne1-az1--x-s3/361.parquet\", \"s3://tpch17377--apne1-az1--x-s3/362.parquet\", \"s3://tpch17377--apne1-az1--x-s3/363.parquet\", \"s3://tpch17377--apne1-az1--x-s3/364.parquet\", \"s3://tpch17377--apne1-az1--x-s3/365.parquet\", \"s3://tpch17377--apne1-az1--x-s3/366.parquet\", \"s3://tpch17377--apne1-az1--x-s3/426.parquet\", \"s3://tpch17377--apne1-az1--x-s3/427.parquet\", \"s3://tpch17377--apne1-az1--x-s3/428.parquet\", \"s3://tpch17377--apne1-az1--x-s3/429.parquet\", \"s3://tpch17377--apne1-az1--x-s3/430.parquet\", \"s3://tpch17377--apne1-az1--x-s3/431.parquet\", \"s3://tpch17377--apne1-az1--x-s3/432.parquet\", \"s3://tpch17377--apne1-az1--x-s3/433.parquet\", \"s3://tpch17377--apne1-az1--x-s3/434.parquet\", \"s3://tpch17377--apne1-az1--x-s3/435.parquet\", \"s3://tpch17377--apne1-az1--x-s3/436.parquet\", \"s3://tpch17377--apne1-az1--x-s3/710.parquet\", \"s3://tpch17377--apne1-az1--x-s3/711.parquet\", \"s3://tpch17377--apne1-az1--x-s3/712.parquet\", \"s3://tpch17377--apne1-az1--x-s3/713.parquet\", \"s3://tpch17377--apne1-az1--x-s3/714.parquet\", \"s3://tpch17377--apne1-az1--x-s3/715.parquet\", \"s3://tpch17377--apne1-az1--x-s3/716.parquet\", \"s3://tpch17377--apne1-az1--x-s3/717.parquet\", \"s3://tpch17377--apne1-az1--x-s3/1000.parquet\", \"s3://tpch17377--apne1-az1--x-s3/1001.parquet\", \"s3://tpch17377--apne1-az1--x-s3/1002.parquet\", \"s3://tpch17377--apne1-az1--x-s3/1003.parquet\", \"s3://tpch17377--apne1-az1--x-s3/1052.parquet\", \"s3://tpch17377--apne1-az1--x-s3/1055.parquet\", \"s3://tpch17377--apne1-az1--x-s3/1057.parquet\", \"s3://tpch17377--apne1-az1--x-s3/1058.parquet\", \"s3://tpch17377--apne1-az1--x-s3/1059.parquet\", \"s3://tpch17377--apne1-az1--x-s3/1060.parquet\", \"s3://tpch17377--apne1-az1--x-s3/1061.parquet\", \"s3://tpch17377--apne1-az1--x-s3/1150.parquet\", \"s3://tpch17377--apne1-az1--x-s3/1151.parquet\", \"s3://tpch17377--apne1-az1--x-s3/1152.parquet\", \"s3://tpch17377--apne1-az1--x-s3/1153.parquet\", \"s3://tpch17377--apne1-az1--x-s3/1154.parquet\", \"s3://tpch17377--apne1-az1--x-s3/1155.parquet\", \"s3://tpch17377--apne1-az1--x-s3/1156.parquet\", \"s3://tpch17377--apne1-az1--x-s3/1250.parquet\", \"s3://tpch17377--apne1-az1--x-s3/1251.parquet\", \"s3://tpch17377--apne1-az1--x-s3/1252.parquet\", \"s3://tpch17377--apne1-az1--x-s3/1253.parquet\", \"s3://tpch17377--apne1-az1--x-s3/1254.parquet\", \"s3://tpch17377--apne1-az1--x-s3/1255.parquet\", \"s3://tpch17377--apne1-az1--x-s3/1256.parquet\", \"s3://tpch17377--apne1-az1--x-s3/1257.parquet\", \"s3://tpch17377--apne1-az1--x-s3/1258.parquet\", \"s3://tpch17377--apne1-az1--x-s3/1259.parquet\", \"s3://tpch17377--apne1-az1--x-s3/1285.parquet\", \"s3://tpch17377--apne1-az1--x-s3/1286.parquet\", \"s3://tpch17377--apne1-az1--x-s3/1288.parquet\", \"s3://tpch17377--apne1-az1--x-s3/1289.parquet\", \"s3://tpch17377--apne1-az1--x-s3/1296.parquet\", \"s3://tpch17377--apne1-az1--x-s3/1297.parquet\", \"s3://tpch17377--apne1-az1--x-s3/1298.parquet\", \"s3://tpch17377--apne1-az1--x-s3/1299.parquet\", \"s3://tpch17377--apne1-az1--x-s3/1300.parquet\", \"s3://tpch17377--apne1-az1--x-s3/1301.parquet\", \"s3://tpch17377--apne1-az1--x-s3/1302.parquet\", \"s3://tpch17377--apne1-az1--x-s3/1303.parquet\", \"s3://tpch17377--apne1-az1--x-s3/1355.parquet\", \"s3://tpch17377--apne1-az1--x-s3/1356.parquet\", \"s3://tpch17377--apne1-az1--x-s3/1357.parquet\", \"s3://tpch17377--apne1-az1--x-s3/1358.parquet\", \"s3://tpch17377--apne1-az1--x-s3/1359.parquet\", \"s3://tpch17377--apne1-az1--x-s3/1360.parquet\", \"s3://tpch17377--apne1-az1--x-s3/1361.parquet\", \"s3://tpch17377--apne1-az1--x-s3/1464.parquet\", \"s3://tpch17377--apne1-az1--x-s3/1465.parquet\", \"s3://tpch17377--apne1-az1--x-s3/1466.parquet\", \"s3://tpch17377--apne1-az1--x-s3/1467.parquet\", \"s3://tpch17377--apne1-az1--x-s3/1468.parquet\", \"s3://tpch17377--apne1-az1--x-s3/1469.parquet\", \"s3://tpch17377--apne1-az1--x-s3/1470.parquet\", \"s3://tpch17377--apne1-az1--x-s3/1471.parquet\", \"s3://tpch17377--apne1-az1--x-s3/1500.parquet\", \"s3://tpch17377--apne1-az1--x-s3/1501.parquet\", \"s3://tpch17377--apne1-az1--x-s3/1502.parquet\", \"s3://tpch17377--apne1-az1--x-s3/1503.parquet\", \"s3://tpch17377--apne1-az1--x-s3/1504.parquet\", \"s3://tpch17377--apne1-az1--x-s3/1505.parquet\"])\n    WHERE\n        l_shipdate >= DATE '1992-01-01' + INTERVAL 13 MONTH\n        AND l_shipdate < DATE '1992-01-01' + INTERVAL 13 MONTH + INTERVAL 3 MONTH\n    GROUP BY\n        supplier_no\n)\nSELECT\n    s_suppkey,\n    s_name,\n    s_address,\n    s_phone,\n    total_revenue\nFROM\n    'pool/supplier/*.parquet',\n    revenue\nWHERE\n    s_suppkey = supplier_no\n    AND total_revenue = (\n        SELECT\n            max(total_revenue)\n        FROM\n            revenue\n    )\nORDER BY\n    s_suppkey;",
    "children": [
        {
            "result_set_size": 72,
            "operator_timing": 0.000032201,
            "operator_rows_scanned": 0,
            "cumulative_rows_scanned": 7062016000,
            "operator_cardinality": 1,
            "operator_type": "ORDER_BY",
            "cumulative_cardinality": 174676627,
            "extra_info": {
                "Order By": "\"pool/supplier/*.parquet\".s_suppkey ASC"
            },
            "cpu_time": 80.38688445000001,
            "children": [
                {
                    "result_set_size": 72,
                    "operator_timing": 0.000001075,
                    "operator_rows_scanned": 0,
                    "cumulative_rows_scanned": 7062016000,
                    "operator_cardinality": 1,
                    "operator_type": "PROJECTION",
                    "cumulative_cardinality": 174676626,
                    "extra_info": {
                        "Projections": [
                            "s_suppkey",
                            "s_name",
                            "s_address",
                            "s_phone",
                            "total_revenue"
                        ],
                        "Estimated Cardinality": "21708800"
                    },
                    "cpu_time": 80.38685224900001,
                    "children": [
                        {
                            "result_set_size": 0,
                            "operator_timing": 0.035626693999999993,
                            "operator_rows_scanned": 0,
                            "cumulative_rows_scanned": 7062016000,
                            "operator_cardinality": 0,
                            "operator_type": "CTE",
                            "cumulative_cardinality": 174676625,
                            "extra_info": {
                                "CTE Name": "revenue",
                                "Table Index": "0"
                            },
                            "cpu_time": 80.38685117400001,
                            "children": [
                                {
                                    "result_set_size": 119999976,
                                    "operator_timing": 12.235159463,
                                    "operator_rows_scanned": 0,
                                    "cumulative_rows_scanned": 6946816000,
                                    "operator_cardinality": 4999999,
                                    "operator_type": "HASH_GROUP_BY",
                                    "cumulative_cardinality": 159676621,
                                    "extra_info": {
                                        "Groups": "#0",
                                        "Aggregates": "sum(#1)",
                                        "Estimated Cardinality": "21708800"
                                    },
                                    "cpu_time": 80.25511527100001,
                                    "children": [
                                        {
                                            "result_set_size": 1237412976,
                                            "operator_timing": 0.5976417300000002,
                                            "operator_rows_scanned": 0,
                                            "cumulative_rows_scanned": 6946816000,
                                            "operator_cardinality": 77338311,
                                            "operator_type": "PROJECTION",
                                            "cumulative_cardinality": 154676622,
                                            "extra_info": {
                                                "Projections": [
                                                    "supplier_no",
                                                    "(l_extendedprice * (1.00 - l_discount))"
                                                ],
                                                "Estimated Cardinality": "43417600"
                                            },
                                            "cpu_time": 68.019955808,
                                            "children": [
                                                {
                                                    "result_set_size": 1856119464,
                                                    "operator_timing": 67.422314078,
                                                    "operator_rows_scanned": 6946816000,
                                                    "cumulative_rows_scanned": 6946816000,
                                                    "operator_cardinality": 77338311,
                                                    "operator_type": "TABLE_SCAN",
                                                    "cumulative_cardinality": 77338311,
                                                    "extra_info": {
                                                        "Function": "READ_PARQUET",
                                                        "Projections": [
                                                            "l_suppkey",
                                                            "l_extendedprice",
                                                            "l_discount"
                                                        ],
                                                        "Filters": "l_shipdate>='1993-02-01'::DATE AND l_shipdate<'1993-05-01'::DATE AND l_shipdate IS NOT NULL",
                                                        "Estimated Cardinality": "43417600"
                                                    },
                                                    "cpu_time": 67.422314078,
                                                    "children": []
                                                }
                                            ]
                                        }
                                    ]
                                },
                                {
                                    "result_set_size": 96,
                                    "operator_timing": 0.00019056599999999998,
                                    "operator_rows_scanned": 0,
                                    "cumulative_rows_scanned": 115200000,
                                    "operator_cardinality": 1,
                                    "operator_type": "HASH_JOIN",
                                    "cumulative_cardinality": 15000004,
                                    "extra_info": {
                                        "Join Type": "INNER",
                                        "Conditions": "s_suppkey = supplier_no",
                                        "Estimated Cardinality": "0"
                                    },
                                    "cpu_time": 0.096109209,
                                    "children": [
                                        {
                                            "result_set_size": 56,
                                            "operator_timing": 0.023203935999999994,
                                            "operator_rows_scanned": 115200000,
                                            "cumulative_rows_scanned": 115200000,
                                            "operator_cardinality": 1,
                                            "operator_type": "TABLE_SCAN",
                                            "cumulative_cardinality": 1,
                                            "extra_info": {
                                                "Function": "PARQUET_SCAN",
                                                "Projections": "",
                                                "Estimated Cardinality": "3600000"
                                            },
                                            "cpu_time": 0.023203935999999994,
                                            "children": []
                                        },
                                        {
                                            "result_set_size": 40,
                                            "operator_timing": 0.029470955,
                                            "operator_rows_scanned": 0,
                                            "cumulative_rows_scanned": 0,
                                            "operator_cardinality": 1,
                                            "operator_type": "HASH_JOIN",
                                            "cumulative_cardinality": 15000002,
                                            "extra_info": {
                                                "Join Type": "INNER",
                                                "Conditions": "total_revenue = SUBQUERY",
                                                "Estimated Cardinality": "0"
                                            },
                                            "cpu_time": 0.072714707,
                                            "children": [
                                                {
                                                    "result_set_size": 119999976,
                                                    "operator_timing": 0.009214841,
                                                    "operator_rows_scanned": 0,
                                                    "cumulative_rows_scanned": 0,
                                                    "operator_cardinality": 4999999,
                                                    "operator_type": "CTE_SCAN",
                                                    "cumulative_cardinality": 4999999,
                                                    "extra_info": {
                                                        "CTE Index": "0",
                                                        "Estimated Cardinality": "21708800"
                                                    },
                                                    "cpu_time": 0.009214841,
                                                    "children": []
                                                },
                                                {
                                                    "result_set_size": 16,
                                                    "operator_timing": 0.000003085,
                                                    "operator_rows_scanned": 0,
                                                    "cumulative_rows_scanned": 0,
                                                    "operator_cardinality": 1,
                                                    "operator_type": "PROJECTION",
                                                    "cumulative_cardinality": 10000002,
                                                    "extra_info": {
                                                        "Projections": [
                                                            "CASE  WHEN ((#1 > 1)) THEN (error('More than one row returned by a subquery used as an expression - scalar subqueries can only return a single row.",
                                                            "Use \"SET scalar_subquery_error_on_multiple_rows=false\" to revert to previous behavior of returning a random row.')) ELSE #0 END"
                                                        ],
                                                        "Estimated Cardinality": "1"
                                                    },
                                                    "cpu_time": 0.034028911,
                                                    "children": [
                                                        {
                                                            "result_set_size": 24,
                                                            "operator_timing": 0.000001888,
                                                            "operator_rows_scanned": 0,
                                                            "cumulative_rows_scanned": 0,
                                                            "operator_cardinality": 1,
                                                            "operator_type": "UNGROUPED_AGGREGATE",
                                                            "cumulative_cardinality": 10000001,
                                                            "extra_info": {
                                                                "Aggregates": [
                                                                    "\"first\"(#0)",
                                                                    "count_star()"
                                                                ]
                                                            },
                                                            "cpu_time": 0.034025826,
                                                            "children": [
                                                                {
                                                                    "result_set_size": 16,
                                                                    "operator_timing": 2.86e-7,
                                                                    "operator_rows_scanned": 0,
                                                                    "cumulative_rows_scanned": 0,
                                                                    "operator_cardinality": 1,
                                                                    "operator_type": "PROJECTION",
                                                                    "cumulative_cardinality": 10000000,
                                                                    "extra_info": {
                                                                        "Projections": "#0",
                                                                        "Estimated Cardinality": "1"
                                                                    },
                                                                    "cpu_time": 0.034023938000000004,
                                                                    "children": [
                                                                        {
                                                                            "result_set_size": 16,
                                                                            "operator_timing": 0.007389679,
                                                                            "operator_rows_scanned": 0,
                                                                            "cumulative_rows_scanned": 0,
                                                                            "operator_cardinality": 1,
                                                                            "operator_type": "UNGROUPED_AGGREGATE",
                                                                            "cumulative_cardinality": 9999999,
                                                                            "extra_info": {
                                                                                "Aggregates": "max(#0)"
                                                                            },
                                                                            "cpu_time": 0.034023652,
                                                                            "children": [
                                                                                {
                                                                                    "result_set_size": 79999984,
                                                                                    "operator_timing": 0.000305102,
                                                                                    "operator_rows_scanned": 0,
                                                                                    "cumulative_rows_scanned": 0,
                                                                                    "operator_cardinality": 4999999,
                                                                                    "operator_type": "PROJECTION",
                                                                                    "cumulative_cardinality": 9999998,
                                                                                    "extra_info": {
                                                                                        "Projections": "total_revenue",
                                                                                        "Estimated Cardinality": "21708800"
                                                                                    },
                                                                                    "cpu_time": 0.026633973000000005,
                                                                                    "children": [
                                                                                        {
                                                                                            "result_set_size": 119999976,
                                                                                            "operator_timing": 0.026328871000000004,
                                                                                            "operator_rows_scanned": 0,
                                                                                            "cumulative_rows_scanned": 0,
                                                                                            "operator_cardinality": 4999999,
                                                                                            "operator_type": "CTE_SCAN",
                                                                                            "cumulative_cardinality": 4999999,
                                                                                            "extra_info": {
                                                                                                "CTE Index": "0",
                                                                                                "Estimated Cardinality": "21708800"
                                                                                            },
                                                                                            "cpu_time": 0.026328871000000004,
                                                                                            "children": []
                                                                                        }
                                                                                    ]
                                                                                }
                                                                            ]
                                                                        }
                                                                    ]
                                                                }
                                                            ]
                                                        }
                                                    ]
                                                }
                                            ]
                                        }
                                    ]
                                }
                            ]
                        }
                    ]
                }
            ]
        }
    ]
}