{
    "rows_returned": 1,
    "latency": 2.7408068,
    "result_set_size": 8,
    "cumulative_rows_scanned": 8995328000,
    "cumulative_cardinality": 252527030,
    "extra_info": {},
    "cpu_time": 72.58169961899996,
    "blocked_thread_time": 0.0,
    "query_name": "SELECT\n    100.00 * sum(CASE\n            WHEN p_type LIKE 'PROMO%' \n            THEN l_extendedprice * (1 - l_discount)\n            ELSE 0\n    END) / sum(l_extendedprice * (1 - l_discount)) AS promo_revenue\nFROM\n    read_parquet([\"s3://tpch31087--apne1-az1--x-s3/0.parquet\", \"s3://tpch31087--apne1-az1--x-s3/1.parquet\", \"s3://tpch31087--apne1-az1--x-s3/2.parquet\", \"s3://tpch31087--apne1-az1--x-s3/3.parquet\", \"s3://tpch31087--apne1-az1--x-s3/4.parquet\", \"s3://tpch31087--apne1-az1--x-s3/5.parquet\", \"s3://tpch31087--apne1-az1--x-s3/6.parquet\", \"s3://tpch31087--apne1-az1--x-s3/7.parquet\", \"s3://tpch31087--apne1-az1--x-s3/8.parquet\", \"s3://tpch31087--apne1-az1--x-s3/9.parquet\", \"s3://tpch31087--apne1-az1--x-s3/10.parquet\", \"s3://tpch31087--apne1-az1--x-s3/11.parquet\", \"s3://tpch31087--apne1-az1--x-s3/12.parquet\", \"s3://tpch31087--apne1-az1--x-s3/13.parquet\", \"s3://tpch31087--apne1-az1--x-s3/14.parquet\", \"s3://tpch31087--apne1-az1--x-s3/15.parquet\", \"s3://tpch31087--apne1-az1--x-s3/16.parquet\", \"s3://tpch31087--apne1-az1--x-s3/17.parquet\", \"s3://tpch31087--apne1-az1--x-s3/18.parquet\", \"s3://tpch31087--apne1-az1--x-s3/19.parquet\", \"s3://tpch31087--apne1-az1--x-s3/20.parquet\", \"s3://tpch31087--apne1-az1--x-s3/21.parquet\", \"s3://tpch31087--apne1-az1--x-s3/22.parquet\", \"s3://tpch31087--apne1-az1--x-s3/23.parquet\", \"s3://tpch31087--apne1-az1--x-s3/24.parquet\", \"s3://tpch31087--apne1-az1--x-s3/25.parquet\", \"s3://tpch31087--apne1-az1--x-s3/26.parquet\", \"s3://tpch31087--apne1-az1--x-s3/27.parquet\", \"s3://tpch31087--apne1-az1--x-s3/28.parquet\", \"s3://tpch31087--apne1-az1--x-s3/29.parquet\", \"s3://tpch31087--apne1-az1--x-s3/30.parquet\", \"s3://tpch31087--apne1-az1--x-s3/31.parquet\", \"s3://tpch31087--apne1-az1--x-s3/32.parquet\", \"s3://tpch31087--apne1-az1--x-s3/33.parquet\", \"s3://tpch31087--apne1-az1--x-s3/34.parquet\", \"s3://tpch31087--apne1-az1--x-s3/35.parquet\", \"s3://tpch31087--apne1-az1--x-s3/36.parquet\", \"s3://tpch31087--apne1-az1--x-s3/37.parquet\", \"s3://tpch31087--apne1-az1--x-s3/38.parquet\", \"s3://tpch31087--apne1-az1--x-s3/39.parquet\", \"s3://tpch31087--apne1-az1--x-s3/40.parquet\", \"s3://tpch31087--apne1-az1--x-s3/41.parquet\", \"s3://tpch31087--apne1-az1--x-s3/42.parquet\", \"s3://tpch31087--apne1-az1--x-s3/43.parquet\", \"s3://tpch31087--apne1-az1--x-s3/44.parquet\", \"s3://tpch31087--apne1-az1--x-s3/45.parquet\", \"s3://tpch31087--apne1-az1--x-s3/46.parquet\", \"s3://tpch31087--apne1-az1--x-s3/47.parquet\", \"s3://tpch31087--apne1-az1--x-s3/48.parquet\", \"s3://tpch31087--apne1-az1--x-s3/49.parquet\", \"s3://tpch31087--apne1-az1--x-s3/50.parquet\", \"s3://tpch31087--apne1-az1--x-s3/51.parquet\", \"s3://tpch31087--apne1-az1--x-s3/52.parquet\", \"s3://tpch31087--apne1-az1--x-s3/53.parquet\", \"s3://tpch31087--apne1-az1--x-s3/54.parquet\", \"s3://tpch31087--apne1-az1--x-s3/55.parquet\", \"s3://tpch31087--apne1-az1--x-s3/56.parquet\", \"s3://tpch31087--apne1-az1--x-s3/57.parquet\", \"s3://tpch31087--apne1-az1--x-s3/58.parquet\", \"s3://tpch31087--apne1-az1--x-s3/59.parquet\", \"s3://tpch31087--apne1-az1--x-s3/60.parquet\", \"s3://tpch31087--apne1-az1--x-s3/61.parquet\", \"s3://tpch31087--apne1-az1--x-s3/62.parquet\", \"s3://tpch31087--apne1-az1--x-s3/63.parquet\", \"s3://tpch31087--apne1-az1--x-s3/64.parquet\", \"s3://tpch31087--apne1-az1--x-s3/65.parquet\", \"s3://tpch31087--apne1-az1--x-s3/66.parquet\", \"s3://tpch31087--apne1-az1--x-s3/67.parquet\", \"s3://tpch31087--apne1-az1--x-s3/68.parquet\", \"s3://tpch31087--apne1-az1--x-s3/69.parquet\", \"s3://tpch31087--apne1-az1--x-s3/70.parquet\", \"s3://tpch31087--apne1-az1--x-s3/71.parquet\", \"s3://tpch31087--apne1-az1--x-s3/72.parquet\", \"s3://tpch31087--apne1-az1--x-s3/73.parquet\", \"s3://tpch31087--apne1-az1--x-s3/74.parquet\", \"s3://tpch31087--apne1-az1--x-s3/75.parquet\", \"s3://tpch31087--apne1-az1--x-s3/76.parquet\", \"s3://tpch31087--apne1-az1--x-s3/77.parquet\", \"s3://tpch31087--apne1-az1--x-s3/78.parquet\", \"s3://tpch31087--apne1-az1--x-s3/79.parquet\", \"s3://tpch31087--apne1-az1--x-s3/80.parquet\", \"s3://tpch31087--apne1-az1--x-s3/81.parquet\", \"s3://tpch31087--apne1-az1--x-s3/82.parquet\", \"s3://tpch31087--apne1-az1--x-s3/83.parquet\", \"s3://tpch31087--apne1-az1--x-s3/84.parquet\", \"s3://tpch31087--apne1-az1--x-s3/85.parquet\", \"s3://tpch31087--apne1-az1--x-s3/86.parquet\", \"s3://tpch31087--apne1-az1--x-s3/87.parquet\", \"s3://tpch31087--apne1-az1--x-s3/88.parquet\", \"s3://tpch31087--apne1-az1--x-s3/89.parquet\", \"s3://tpch31087--apne1-az1--x-s3/90.parquet\", \"s3://tpch31087--apne1-az1--x-s3/91.parquet\", \"s3://tpch31087--apne1-az1--x-s3/92.parquet\", \"s3://tpch31087--apne1-az1--x-s3/93.parquet\", \"s3://tpch31087--apne1-az1--x-s3/94.parquet\", \"s3://tpch31087--apne1-az1--x-s3/95.parquet\", \"s3://tpch31087--apne1-az1--x-s3/96.parquet\", \"s3://tpch31087--apne1-az1--x-s3/97.parquet\", \"s3://tpch31087--apne1-az1--x-s3/98.parquet\", \"s3://tpch31087--apne1-az1--x-s3/99.parquet\", \"s3://tpch31087--apne1-az1--x-s3/100.parquet\", \"s3://tpch31087--apne1-az1--x-s3/101.parquet\", \"s3://tpch31087--apne1-az1--x-s3/102.parquet\", \"s3://tpch31087--apne1-az1--x-s3/103.parquet\", \"s3://tpch31087--apne1-az1--x-s3/104.parquet\", \"s3://tpch31087--apne1-az1--x-s3/105.parquet\", \"s3://tpch31087--apne1-az1--x-s3/106.parquet\", \"s3://tpch31087--apne1-az1--x-s3/107.parquet\", \"s3://tpch31087--apne1-az1--x-s3/108.parquet\", \"s3://tpch31087--apne1-az1--x-s3/109.parquet\", \"s3://tpch31087--apne1-az1--x-s3/110.parquet\", \"s3://tpch31087--apne1-az1--x-s3/111.parquet\", \"s3://tpch31087--apne1-az1--x-s3/112.parquet\", \"s3://tpch31087--apne1-az1--x-s3/113.parquet\", \"s3://tpch31087--apne1-az1--x-s3/114.parquet\", \"s3://tpch31087--apne1-az1--x-s3/115.parquet\", \"s3://tpch31087--apne1-az1--x-s3/116.parquet\", \"s3://tpch31087--apne1-az1--x-s3/117.parquet\", \"s3://tpch31087--apne1-az1--x-s3/118.parquet\", \"s3://tpch31087--apne1-az1--x-s3/119.parquet\", \"s3://tpch31087--apne1-az1--x-s3/120.parquet\", \"s3://tpch31087--apne1-az1--x-s3/121.parquet\", \"s3://tpch31087--apne1-az1--x-s3/122.parquet\", \"s3://tpch31087--apne1-az1--x-s3/123.parquet\", \"s3://tpch31087--apne1-az1--x-s3/124.parquet\", \"s3://tpch31087--apne1-az1--x-s3/125.parquet\", \"s3://tpch31087--apne1-az1--x-s3/126.parquet\", \"s3://tpch31087--apne1-az1--x-s3/127.parquet\", \"s3://tpch31087--apne1-az1--x-s3/128.parquet\", \"s3://tpch31087--apne1-az1--x-s3/129.parquet\", \"s3://tpch31087--apne1-az1--x-s3/130.parquet\", \"s3://tpch31087--apne1-az1--x-s3/131.parquet\", \"s3://tpch31087--apne1-az1--x-s3/132.parquet\", \"s3://tpch31087--apne1-az1--x-s3/133.parquet\", \"s3://tpch31087--apne1-az1--x-s3/134.parquet\", \"s3://tpch31087--apne1-az1--x-s3/135.parquet\", \"s3://tpch31087--apne1-az1--x-s3/136.parquet\", \"s3://tpch31087--apne1-az1--x-s3/137.parquet\", \"s3://tpch31087--apne1-az1--x-s3/138.parquet\", \"s3://tpch31087--apne1-az1--x-s3/139.parquet\", \"s3://tpch31087--apne1-az1--x-s3/140.parquet\", \"s3://tpch31087--apne1-az1--x-s3/141.parquet\", \"s3://tpch31087--apne1-az1--x-s3/241.parquet\", \"s3://tpch31087--apne1-az1--x-s3/242.parquet\", \"s3://tpch31087--apne1-az1--x-s3/243.parquet\", \"s3://tpch31087--apne1-az1--x-s3/244.parquet\", \"s3://tpch31087--apne1-az1--x-s3/245.parquet\", \"s3://tpch31087--apne1-az1--x-s3/287.parquet\", \"s3://tpch31087--apne1-az1--x-s3/288.parquet\", \"s3://tpch31087--apne1-az1--x-s3/289.parquet\", \"s3://tpch31087--apne1-az1--x-s3/290.parquet\", \"s3://tpch31087--apne1-az1--x-s3/291.parquet\", \"s3://tpch31087--apne1-az1--x-s3/418.parquet\", \"s3://tpch31087--apne1-az1--x-s3/419.parquet\", \"s3://tpch31087--apne1-az1--x-s3/420.parquet\", \"s3://tpch31087--apne1-az1--x-s3/421.parquet\", \"s3://tpch31087--apne1-az1--x-s3/422.parquet\", \"s3://tpch31087--apne1-az1--x-s3/523.parquet\", \"s3://tpch31087--apne1-az1--x-s3/524.parquet\", \"s3://tpch31087--apne1-az1--x-s3/525.parquet\", \"s3://tpch31087--apne1-az1--x-s3/526.parquet\", \"s3://tpch31087--apne1-az1--x-s3/527.parquet\", \"s3://tpch31087--apne1-az1--x-s3/577.parquet\", \"s3://tpch31087--apne1-az1--x-s3/578.parquet\", \"s3://tpch31087--apne1-az1--x-s3/579.parquet\", \"s3://tpch31087--apne1-az1--x-s3/580.parquet\", \"s3://tpch31087--apne1-az1--x-s3/581.parquet\", \"s3://tpch31087--apne1-az1--x-s3/648.parquet\", \"s3://tpch31087--apne1-az1--x-s3/649.parquet\", \"s3://tpch31087--apne1-az1--x-s3/650.parquet\", \"s3://tpch31087--apne1-az1--x-s3/651.parquet\", \"s3://tpch31087--apne1-az1--x-s3/652.parquet\", \"s3://tpch31087--apne1-az1--x-s3/771.parquet\", \"s3://tpch31087--apne1-az1--x-s3/772.parquet\", \"s3://tpch31087--apne1-az1--x-s3/773.parquet\", \"s3://tpch31087--apne1-az1--x-s3/774.parquet\", \"s3://tpch31087--apne1-az1--x-s3/775.parquet\", \"s3://tpch31087--apne1-az1--x-s3/861.parquet\", \"s3://tpch31087--apne1-az1--x-s3/862.parquet\", \"s3://tpch31087--apne1-az1--x-s3/863.parquet\", \"s3://tpch31087--apne1-az1--x-s3/864.parquet\", \"s3://tpch31087--apne1-az1--x-s3/865.parquet\", \"s3://tpch31087--apne1-az1--x-s3/932.parquet\", \"s3://tpch31087--apne1-az1--x-s3/933.parquet\", \"s3://tpch31087--apne1-az1--x-s3/934.parquet\", \"s3://tpch31087--apne1-az1--x-s3/935.parquet\", \"s3://tpch31087--apne1-az1--x-s3/936.parquet\", \"s3://tpch31087--apne1-az1--x-s3/1067.parquet\", \"s3://tpch31087--apne1-az1--x-s3/1068.parquet\", \"s3://tpch31087--apne1-az1--x-s3/1069.parquet\", \"s3://tpch31087--apne1-az1--x-s3/1070.parquet\", \"s3://tpch31087--apne1-az1--x-s3/1071.parquet\", \"s3://tpch31087--apne1-az1--x-s3/1544.parquet\", \"s3://tpch31087--apne1-az1--x-s3/1545.parquet\", \"s3://tpch31087--apne1-az1--x-s3/1546.parquet\", \"s3://tpch31087--apne1-az1--x-s3/1547.parquet\", \"s3://tpch31087--apne1-az1--x-s3/1548.parquet\", \"s3://tpch31087--apne1-az1--x-s3/1604.parquet\", \"s3://tpch31087--apne1-az1--x-s3/1605.parquet\", \"s3://tpch31087--apne1-az1--x-s3/1606.parquet\", \"s3://tpch31087--apne1-az1--x-s3/1607.parquet\", \"s3://tpch31087--apne1-az1--x-s3/1608.parquet\", \"s3://tpch31087--apne1-az1--x-s3/1688.parquet\", \"s3://tpch31087--apne1-az1--x-s3/1689.parquet\", \"s3://tpch31087--apne1-az1--x-s3/1690.parquet\", \"s3://tpch31087--apne1-az1--x-s3/1691.parquet\", \"s3://tpch31087--apne1-az1--x-s3/1692.parquet\", \"s3://tpch31087--apne1-az1--x-s3/1808.parquet\", \"s3://tpch31087--apne1-az1--x-s3/1809.parquet\", \"s3://tpch31087--apne1-az1--x-s3/1810.parquet\", \"s3://tpch31087--apne1-az1--x-s3/1811.parquet\", \"s3://tpch31087--apne1-az1--x-s3/1812.parquet\", \"s3://tpch31087--apne1-az1--x-s3/1928.parquet\", \"s3://tpch31087--apne1-az1--x-s3/1929.parquet\", \"s3://tpch31087--apne1-az1--x-s3/1930.parquet\", \"s3://tpch31087--apne1-az1--x-s3/1931.parquet\", \"s3://tpch31087--apne1-az1--x-s3/1932.parquet\", \"s3://tpch31087--apne1-az1--x-s3/2048.parquet\", \"s3://tpch31087--apne1-az1--x-s3/2049.parquet\", \"s3://tpch31087--apne1-az1--x-s3/2050.parquet\", \"s3://tpch31087--apne1-az1--x-s3/2051.parquet\", \"s3://tpch31087--apne1-az1--x-s3/2052.parquet\", \"s3://tpch31087--apne1-az1--x-s3/2174.parquet\"]),\n    'pool/part/*.parquet'\nWHERE\n    l_partkey = p_partkey\n    AND l_shipdate >= DATE '1992-01-01' + INTERVAL 30 MONTH\n    AND l_shipdate < DATE '1992-02-01' + INTERVAL 30 MONTH;",
    "children": [
        {
            "result_set_size": 8,
            "operator_timing": 0.000018154,
            "operator_rows_scanned": 0,
            "cumulative_rows_scanned": 8995328000,
            "operator_cardinality": 1,
            "operator_type": "PROJECTION",
            "cumulative_cardinality": 252527030,
            "extra_info": {
                "Projections": "promo_revenue",
                "Estimated Cardinality": "1"
            },
            "cpu_time": 72.58169961899996,
            "children": [
                {
                    "result_set_size": 32,
                    "operator_timing": 0.15648153300000003,
                    "operator_rows_scanned": 0,
                    "cumulative_rows_scanned": 8995328000,
                    "operator_cardinality": 1,
                    "operator_type": "UNGROUPED_AGGREGATE",
                    "cumulative_cardinality": 252527029,
                    "extra_info": {
                        "Aggregates": [
                            "sum(#0)",
                            "sum(#1)"
                        ]
                    },
                    "cpu_time": 72.58168146499996,
                    "children": [
                        {
                            "result_set_size": 832038128,
                            "operator_timing": 1.2472040159999997,
                            "operator_rows_scanned": 0,
                            "cumulative_rows_scanned": 8995328000,
                            "operator_cardinality": 52002383,
                            "operator_type": "PROJECTION",
                            "cumulative_cardinality": 252527028,
                            "extra_info": {
                                "Projections": [
                                    "CASE  WHEN (prefix(p_type, 'PROMO')) THEN ((l_extendedprice * (1.00 - l_discount))) ELSE 0.0000 END",
                                    "(l_extendedprice * (1.00 - l_discount))"
                                ],
                                "Estimated Cardinality": "37820800"
                            },
                            "cpu_time": 72.42519993199996,
                            "children": [
                                {
                                    "result_set_size": 2496114384,
                                    "operator_timing": 11.147325101999957,
                                    "operator_rows_scanned": 0,
                                    "cumulative_rows_scanned": 8995328000,
                                    "operator_cardinality": 52002383,
                                    "operator_type": "HASH_JOIN",
                                    "cumulative_cardinality": 200524645,
                                    "extra_info": {
                                        "Join Type": "INNER",
                                        "Conditions": "p_partkey = l_partkey",
                                        "Estimated Cardinality": "37820800"
                                    },
                                    "cpu_time": 71.17799591599996,
                                    "children": [
                                        {
                                            "result_set_size": 2207999976,
                                            "operator_timing": 2.6533640110000016,
                                            "operator_rows_scanned": 2944000000,
                                            "cumulative_rows_scanned": 2944000000,
                                            "operator_cardinality": 91999999,
                                            "operator_type": "TABLE_SCAN",
                                            "cumulative_cardinality": 91999999,
                                            "extra_info": {
                                                "Function": "PARQUET_SCAN",
                                                "Projections": [
                                                    "p_partkey",
                                                    "p_type"
                                                ],
                                                "Estimated Cardinality": "92000000"
                                            },
                                            "cpu_time": 2.6533640110000016,
                                            "children": []
                                        },
                                        {
                                            "result_set_size": 1356534312,
                                            "operator_timing": 57.377306803,
                                            "operator_rows_scanned": 6051328000,
                                            "cumulative_rows_scanned": 6051328000,
                                            "operator_cardinality": 56522263,
                                            "operator_type": "TABLE_SCAN",
                                            "cumulative_cardinality": 56522263,
                                            "extra_info": {
                                                "Function": "READ_PARQUET",
                                                "Projections": [
                                                    "l_partkey",
                                                    "l_extendedprice",
                                                    "l_discount"
                                                ],
                                                "Filters": "l_shipdate>='1994-07-01'::DATE AND l_shipdate<'1994-08-01'::DATE AND l_shipdate IS NOT NULL",
                                                "Estimated Cardinality": "37820800"
                                            },
                                            "cpu_time": 57.377306803,
                                            "children": []
                                        }
                                    ]
                                }
                            ]
                        }
                    ]
                }
            ]
        }
    ]
}