{
    "rows_returned": 1,
    "latency": 1.424820064,
    "result_set_size": 72,
    "cumulative_rows_scanned": 2513600000,
    "cumulative_cardinality": 165425085,
    "extra_info": {},
    "cpu_time": 36.37136893499999,
    "blocked_thread_time": 0.0,
    "query_name": "WITH revenue AS (\n    SELECT\n        l_suppkey AS supplier_no,\n        sum(l_extendedprice * (1 - l_discount)) AS total_revenue\n    FROM\n        read_parquet([\"s3://tpch28764--apne1-az1--x-s3/157.parquet\", \"s3://tpch28764--apne1-az1--x-s3/158.parquet\", \"s3://tpch28764--apne1-az1--x-s3/236.parquet\", \"s3://tpch28764--apne1-az1--x-s3/237.parquet\", \"s3://tpch28764--apne1-az1--x-s3/238.parquet\", \"s3://tpch28764--apne1-az1--x-s3/240.parquet\", \"s3://tpch28764--apne1-az1--x-s3/241.parquet\", \"s3://tpch28764--apne1-az1--x-s3/242.parquet\", \"s3://tpch28764--apne1-az1--x-s3/243.parquet\", \"s3://tpch28764--apne1-az1--x-s3/244.parquet\", \"s3://tpch28764--apne1-az1--x-s3/245.parquet\", \"s3://tpch28764--apne1-az1--x-s3/246.parquet\", \"s3://tpch28764--apne1-az1--x-s3/247.parquet\", \"s3://tpch28764--apne1-az1--x-s3/248.parquet\", \"s3://tpch28764--apne1-az1--x-s3/249.parquet\", \"s3://tpch28764--apne1-az1--x-s3/390.parquet\", \"s3://tpch28764--apne1-az1--x-s3/391.parquet\", \"s3://tpch28764--apne1-az1--x-s3/392.parquet\", \"s3://tpch28764--apne1-az1--x-s3/393.parquet\", \"s3://tpch28764--apne1-az1--x-s3/394.parquet\", \"s3://tpch28764--apne1-az1--x-s3/395.parquet\", \"s3://tpch28764--apne1-az1--x-s3/396.parquet\", \"s3://tpch28764--apne1-az1--x-s3/397.parquet\", \"s3://tpch28764--apne1-az1--x-s3/398.parquet\", \"s3://tpch28764--apne1-az1--x-s3/399.parquet\", \"s3://tpch28764--apne1-az1--x-s3/400.parquet\", \"s3://tpch28764--apne1-az1--x-s3/401.parquet\", \"s3://tpch28764--apne1-az1--x-s3/402.parquet\", \"s3://tpch28764--apne1-az1--x-s3/403.parquet\", \"s3://tpch28764--apne1-az1--x-s3/404.parquet\", \"s3://tpch28764--apne1-az1--x-s3/405.parquet\", \"s3://tpch28764--apne1-az1--x-s3/406.parquet\", \"s3://tpch28764--apne1-az1--x-s3/407.parquet\", \"s3://tpch28764--apne1-az1--x-s3/575.parquet\", \"s3://tpch28764--apne1-az1--x-s3/576.parquet\", \"s3://tpch28764--apne1-az1--x-s3/577.parquet\", \"s3://tpch28764--apne1-az1--x-s3/578.parquet\", \"s3://tpch28764--apne1-az1--x-s3/579.parquet\", \"s3://tpch28764--apne1-az1--x-s3/580.parquet\", \"s3://tpch28764--apne1-az1--x-s3/581.parquet\", \"s3://tpch28764--apne1-az1--x-s3/582.parquet\", \"s3://tpch28764--apne1-az1--x-s3/583.parquet\", \"s3://tpch28764--apne1-az1--x-s3/584.parquet\", \"s3://tpch28764--apne1-az1--x-s3/585.parquet\", \"s3://tpch28764--apne1-az1--x-s3/586.parquet\", \"s3://tpch28764--apne1-az1--x-s3/587.parquet\", \"s3://tpch28764--apne1-az1--x-s3/588.parquet\", \"s3://tpch28764--apne1-az1--x-s3/589.parquet\", \"s3://tpch28764--apne1-az1--x-s3/590.parquet\", \"s3://tpch28764--apne1-az1--x-s3/591.parquet\", \"s3://tpch28764--apne1-az1--x-s3/592.parquet\", \"s3://tpch28764--apne1-az1--x-s3/1001.parquet\", \"s3://tpch28764--apne1-az1--x-s3/1002.parquet\", \"s3://tpch28764--apne1-az1--x-s3/1003.parquet\", \"s3://tpch28764--apne1-az1--x-s3/1004.parquet\", \"s3://tpch28764--apne1-az1--x-s3/1005.parquet\", \"s3://tpch28764--apne1-az1--x-s3/1006.parquet\", \"s3://tpch28764--apne1-az1--x-s3/1007.parquet\", \"s3://tpch28764--apne1-az1--x-s3/1008.parquet\", \"s3://tpch28764--apne1-az1--x-s3/1009.parquet\", \"s3://tpch28764--apne1-az1--x-s3/1010.parquet\", \"s3://tpch28764--apne1-az1--x-s3/1011.parquet\", \"s3://tpch28764--apne1-az1--x-s3/1017.parquet\", \"s3://tpch28764--apne1-az1--x-s3/1067.parquet\", \"s3://tpch28764--apne1-az1--x-s3/1068.parquet\", \"s3://tpch28764--apne1-az1--x-s3/1069.parquet\", \"s3://tpch28764--apne1-az1--x-s3/1070.parquet\", \"s3://tpch28764--apne1-az1--x-s3/1071.parquet\", \"s3://tpch28764--apne1-az1--x-s3/1072.parquet\", \"s3://tpch28764--apne1-az1--x-s3/1075.parquet\", \"s3://tpch28764--apne1-az1--x-s3/1121.parquet\", \"s3://tpch28764--apne1-az1--x-s3/1124.parquet\", \"s3://tpch28764--apne1-az1--x-s3/1135.parquet\", \"s3://tpch28764--apne1-az1--x-s3/1210.parquet\", \"s3://tpch28764--apne1-az1--x-s3/1351.parquet\", \"s3://tpch28764--apne1-az1--x-s3/1353.parquet\", \"s3://tpch28764--apne1-az1--x-s3/1355.parquet\", \"s3://tpch28764--apne1-az1--x-s3/1356.parquet\", \"s3://tpch28764--apne1-az1--x-s3/1357.parquet\", \"s3://tpch28764--apne1-az1--x-s3/1570.parquet\", \"s3://tpch28764--apne1-az1--x-s3/1571.parquet\", \"s3://tpch28764--apne1-az1--x-s3/1572.parquet\", \"s3://tpch28764--apne1-az1--x-s3/1577.parquet\", \"s3://tpch28764--apne1-az1--x-s3/1579.parquet\", \"s3://tpch28764--apne1-az1--x-s3/1581.parquet\", \"s3://tpch28764--apne1-az1--x-s3/1582.parquet\", \"s3://tpch28764--apne1-az1--x-s3/1584.parquet\", \"s3://tpch28764--apne1-az1--x-s3/1588.parquet\", \"s3://tpch28764--apne1-az1--x-s3/1589.parquet\", \"s3://tpch28764--apne1-az1--x-s3/1590.parquet\"])\n    WHERE\n        l_shipdate >= DATE '1992-01-01' + INTERVAL 12 MONTH\n        AND l_shipdate < DATE '1992-01-01' + INTERVAL 12 MONTH + INTERVAL 3 MONTH\n    GROUP BY\n        supplier_no\n)\nSELECT\n    s_suppkey,\n    s_name,\n    s_address,\n    s_phone,\n    total_revenue\nFROM\n    'pool/supplier/*.parquet',\n    revenue\nWHERE\n    s_suppkey = supplier_no\n    AND total_revenue = (\n        SELECT\n            max(total_revenue)\n        FROM\n            revenue\n    )\nORDER BY\n    s_suppkey;",
    "children": [
        {
            "result_set_size": 72,
            "operator_timing": 0.000037252,
            "operator_rows_scanned": 0,
            "cumulative_rows_scanned": 2513600000,
            "operator_cardinality": 1,
            "operator_type": "ORDER_BY",
            "cumulative_cardinality": 165425085,
            "extra_info": {
                "Order By": "\"pool/supplier/*.parquet\".s_suppkey ASC"
            },
            "cpu_time": 36.37136893499999,
            "children": [
                {
                    "result_set_size": 72,
                    "operator_timing": 0.000001448,
                    "operator_rows_scanned": 0,
                    "cumulative_rows_scanned": 2513600000,
                    "operator_cardinality": 1,
                    "operator_type": "PROJECTION",
                    "cumulative_cardinality": 165425084,
                    "extra_info": {
                        "Projections": [
                            "s_suppkey",
                            "s_name",
                            "s_address",
                            "s_phone",
                            "total_revenue"
                        ],
                        "Estimated Cardinality": "7425000"
                    },
                    "cpu_time": 36.371331682999994,
                    "children": [
                        {
                            "result_set_size": 0,
                            "operator_timing": 0.06716854,
                            "operator_rows_scanned": 0,
                            "cumulative_rows_scanned": 2513600000,
                            "operator_cardinality": 0,
                            "operator_type": "CTE",
                            "cumulative_cardinality": 165425083,
                            "extra_info": {
                                "CTE Name": "revenue",
                                "Table Index": "0"
                            },
                            "cpu_time": 36.371330234999995,
                            "children": [
                                {
                                    "result_set_size": 119999952,
                                    "operator_timing": 13.224987465000003,
                                    "operator_rows_scanned": 0,
                                    "cumulative_rows_scanned": 2376000000,
                                    "operator_cardinality": 4999998,
                                    "operator_type": "HASH_GROUP_BY",
                                    "cumulative_cardinality": 150425082,
                                    "extra_info": {
                                        "Groups": "#0",
                                        "Aggregates": "sum(#1)",
                                        "Estimated Cardinality": "7425000"
                                    },
                                    "cpu_time": 36.208508947,
                                    "children": [
                                        {
                                            "result_set_size": 1163400672,
                                            "operator_timing": 0.4421890969999999,
                                            "operator_rows_scanned": 0,
                                            "cumulative_rows_scanned": 2376000000,
                                            "operator_cardinality": 72712542,
                                            "operator_type": "PROJECTION",
                                            "cumulative_cardinality": 145425084,
                                            "extra_info": {
                                                "Projections": [
                                                    "supplier_no",
                                                    "(l_extendedprice * (1.00 - l_discount))"
                                                ],
                                                "Estimated Cardinality": "14850000"
                                            },
                                            "cpu_time": 22.983521481999997,
                                            "children": [
                                                {
                                                    "result_set_size": 1745101008,
                                                    "operator_timing": 22.541332384999997,
                                                    "operator_rows_scanned": 2376000000,
                                                    "cumulative_rows_scanned": 2376000000,
                                                    "operator_cardinality": 72712542,
                                                    "operator_type": "TABLE_SCAN",
                                                    "cumulative_cardinality": 72712542,
                                                    "extra_info": {
                                                        "Function": "READ_PARQUET",
                                                        "Projections": [
                                                            "l_suppkey",
                                                            "l_extendedprice",
                                                            "l_discount"
                                                        ],
                                                        "Filters": "l_shipdate>='1993-01-01'::DATE AND l_shipdate<'1993-04-01'::DATE AND l_shipdate IS NOT NULL",
                                                        "Estimated Cardinality": "14850000"
                                                    },
                                                    "cpu_time": 22.541332384999997,
                                                    "children": []
                                                }
                                            ]
                                        }
                                    ]
                                },
                                {
                                    "result_set_size": 96,
                                    "operator_timing": 0.000229492,
                                    "operator_rows_scanned": 0,
                                    "cumulative_rows_scanned": 137600000,
                                    "operator_cardinality": 1,
                                    "operator_type": "HASH_JOIN",
                                    "cumulative_cardinality": 15000001,
                                    "extra_info": {
                                        "Join Type": "INNER",
                                        "Conditions": "s_suppkey = supplier_no",
                                        "Estimated Cardinality": "0"
                                    },
                                    "cpu_time": 0.09565274799999998,
                                    "children": [
                                        {
                                            "result_set_size": 56,
                                            "operator_timing": 0.028233481999999997,
                                            "operator_rows_scanned": 137600000,
                                            "cumulative_rows_scanned": 137600000,
                                            "operator_cardinality": 1,
                                            "operator_type": "TABLE_SCAN",
                                            "cumulative_cardinality": 1,
                                            "extra_info": {
                                                "Function": "PARQUET_SCAN",
                                                "Projections": "",
                                                "Estimated Cardinality": "4300000"
                                            },
                                            "cpu_time": 0.028233481999999997,
                                            "children": []
                                        },
                                        {
                                            "result_set_size": 40,
                                            "operator_timing": 0.028542032,
                                            "operator_rows_scanned": 0,
                                            "cumulative_rows_scanned": 0,
                                            "operator_cardinality": 1,
                                            "operator_type": "HASH_JOIN",
                                            "cumulative_cardinality": 14999999,
                                            "extra_info": {
                                                "Join Type": "INNER",
                                                "Conditions": "total_revenue = SUBQUERY",
                                                "Estimated Cardinality": "0"
                                            },
                                            "cpu_time": 0.06718977399999998,
                                            "children": [
                                                {
                                                    "result_set_size": 119999952,
                                                    "operator_timing": 0.007879509,
                                                    "operator_rows_scanned": 0,
                                                    "cumulative_rows_scanned": 0,
                                                    "operator_cardinality": 4999998,
                                                    "operator_type": "CTE_SCAN",
                                                    "cumulative_cardinality": 4999998,
                                                    "extra_info": {
                                                        "CTE Index": "0",
                                                        "Estimated Cardinality": "7425000"
                                                    },
                                                    "cpu_time": 0.007879509,
                                                    "children": []
                                                },
                                                {
                                                    "result_set_size": 16,
                                                    "operator_timing": 0.000003523,
                                                    "operator_rows_scanned": 0,
                                                    "cumulative_rows_scanned": 0,
                                                    "operator_cardinality": 1,
                                                    "operator_type": "PROJECTION",
                                                    "cumulative_cardinality": 10000000,
                                                    "extra_info": {
                                                        "Projections": [
                                                            "CASE  WHEN ((#1 > 1)) THEN (error('More than one row returned by a subquery used as an expression - scalar subqueries can only return a single row.",
                                                            "Use \"SET scalar_subquery_error_on_multiple_rows=false\" to revert to previous behavior of returning a random row.')) ELSE #0 END"
                                                        ],
                                                        "Estimated Cardinality": "1"
                                                    },
                                                    "cpu_time": 0.030768232999999985,
                                                    "children": [
                                                        {
                                                            "result_set_size": 24,
                                                            "operator_timing": 0.0000018869999999999999,
                                                            "operator_rows_scanned": 0,
                                                            "cumulative_rows_scanned": 0,
                                                            "operator_cardinality": 1,
                                                            "operator_type": "UNGROUPED_AGGREGATE",
                                                            "cumulative_cardinality": 9999999,
                                                            "extra_info": {
                                                                "Aggregates": [
                                                                    "\"first\"(#0)",
                                                                    "count_star()"
                                                                ]
                                                            },
                                                            "cpu_time": 0.030764709999999987,
                                                            "children": [
                                                                {
                                                                    "result_set_size": 16,
                                                                    "operator_timing": 2.65e-7,
                                                                    "operator_rows_scanned": 0,
                                                                    "cumulative_rows_scanned": 0,
                                                                    "operator_cardinality": 1,
                                                                    "operator_type": "PROJECTION",
                                                                    "cumulative_cardinality": 9999998,
                                                                    "extra_info": {
                                                                        "Projections": "#0",
                                                                        "Estimated Cardinality": "1"
                                                                    },
                                                                    "cpu_time": 0.030762822999999988,
                                                                    "children": [
                                                                        {
                                                                            "result_set_size": 16,
                                                                            "operator_timing": 0.007379073999999999,
                                                                            "operator_rows_scanned": 0,
                                                                            "cumulative_rows_scanned": 0,
                                                                            "operator_cardinality": 1,
                                                                            "operator_type": "UNGROUPED_AGGREGATE",
                                                                            "cumulative_cardinality": 9999997,
                                                                            "extra_info": {
                                                                                "Aggregates": "max(#0)"
                                                                            },
                                                                            "cpu_time": 0.03076255799999999,
                                                                            "children": [
                                                                                {
                                                                                    "result_set_size": 79999968,
                                                                                    "operator_timing": 0.00030916799999999996,
                                                                                    "operator_rows_scanned": 0,
                                                                                    "cumulative_rows_scanned": 0,
                                                                                    "operator_cardinality": 4999998,
                                                                                    "operator_type": "PROJECTION",
                                                                                    "cumulative_cardinality": 9999996,
                                                                                    "extra_info": {
                                                                                        "Projections": "total_revenue",
                                                                                        "Estimated Cardinality": "7425000"
                                                                                    },
                                                                                    "cpu_time": 0.02338348399999999,
                                                                                    "children": [
                                                                                        {
                                                                                            "result_set_size": 119999952,
                                                                                            "operator_timing": 0.02307431599999999,
                                                                                            "operator_rows_scanned": 0,
                                                                                            "cumulative_rows_scanned": 0,
                                                                                            "operator_cardinality": 4999998,
                                                                                            "operator_type": "CTE_SCAN",
                                                                                            "cumulative_cardinality": 4999998,
                                                                                            "extra_info": {
                                                                                                "CTE Index": "0",
                                                                                                "Estimated Cardinality": "7425000"
                                                                                            },
                                                                                            "cpu_time": 0.02307431599999999,
                                                                                            "children": []
                                                                                        }
                                                                                    ]
                                                                                }
                                                                            ]
                                                                        }
                                                                    ]
                                                                }
                                                            ]
                                                        }
                                                    ]
                                                }
                                            ]
                                        }
                                    ]
                                }
                            ]
                        }
                    ]
                }
            ]
        }
    ]
}