{
    "rows_returned": 1,
    "latency": 1.755924062,
    "result_set_size": 72,
    "cumulative_rows_scanned": 3448000000,
    "cumulative_cardinality": 212584573,
    "extra_info": {},
    "cpu_time": 46.209246456,
    "blocked_thread_time": 0.0,
    "query_name": "WITH revenue AS (\n    SELECT\n        l_suppkey AS supplier_no,\n        sum(l_extendedprice * (1 - l_discount)) AS total_revenue\n    FROM\n        read_parquet([\"s3://tpch28764--apne1-az1--x-s3/16.parquet\", \"s3://tpch28764--apne1-az1--x-s3/160.parquet\", \"s3://tpch28764--apne1-az1--x-s3/257.parquet\", \"s3://tpch28764--apne1-az1--x-s3/258.parquet\", \"s3://tpch28764--apne1-az1--x-s3/259.parquet\", \"s3://tpch28764--apne1-az1--x-s3/260.parquet\", \"s3://tpch28764--apne1-az1--x-s3/261.parquet\", \"s3://tpch28764--apne1-az1--x-s3/262.parquet\", \"s3://tpch28764--apne1-az1--x-s3/263.parquet\", \"s3://tpch28764--apne1-az1--x-s3/264.parquet\", \"s3://tpch28764--apne1-az1--x-s3/265.parquet\", \"s3://tpch28764--apne1-az1--x-s3/266.parquet\", \"s3://tpch28764--apne1-az1--x-s3/267.parquet\", \"s3://tpch28764--apne1-az1--x-s3/269.parquet\", \"s3://tpch28764--apne1-az1--x-s3/270.parquet\", \"s3://tpch28764--apne1-az1--x-s3/271.parquet\", \"s3://tpch28764--apne1-az1--x-s3/272.parquet\", \"s3://tpch28764--apne1-az1--x-s3/273.parquet\", \"s3://tpch28764--apne1-az1--x-s3/274.parquet\", \"s3://tpch28764--apne1-az1--x-s3/415.parquet\", \"s3://tpch28764--apne1-az1--x-s3/416.parquet\", \"s3://tpch28764--apne1-az1--x-s3/417.parquet\", \"s3://tpch28764--apne1-az1--x-s3/418.parquet\", \"s3://tpch28764--apne1-az1--x-s3/419.parquet\", \"s3://tpch28764--apne1-az1--x-s3/420.parquet\", \"s3://tpch28764--apne1-az1--x-s3/421.parquet\", \"s3://tpch28764--apne1-az1--x-s3/422.parquet\", \"s3://tpch28764--apne1-az1--x-s3/423.parquet\", \"s3://tpch28764--apne1-az1--x-s3/424.parquet\", \"s3://tpch28764--apne1-az1--x-s3/426.parquet\", \"s3://tpch28764--apne1-az1--x-s3/427.parquet\", \"s3://tpch28764--apne1-az1--x-s3/428.parquet\", \"s3://tpch28764--apne1-az1--x-s3/429.parquet\", \"s3://tpch28764--apne1-az1--x-s3/430.parquet\", \"s3://tpch28764--apne1-az1--x-s3/431.parquet\", \"s3://tpch28764--apne1-az1--x-s3/432.parquet\", \"s3://tpch28764--apne1-az1--x-s3/433.parquet\", \"s3://tpch28764--apne1-az1--x-s3/434.parquet\", \"s3://tpch28764--apne1-az1--x-s3/600.parquet\", \"s3://tpch28764--apne1-az1--x-s3/601.parquet\", \"s3://tpch28764--apne1-az1--x-s3/602.parquet\", \"s3://tpch28764--apne1-az1--x-s3/603.parquet\", \"s3://tpch28764--apne1-az1--x-s3/604.parquet\", \"s3://tpch28764--apne1-az1--x-s3/605.parquet\", \"s3://tpch28764--apne1-az1--x-s3/606.parquet\", \"s3://tpch28764--apne1-az1--x-s3/607.parquet\", \"s3://tpch28764--apne1-az1--x-s3/608.parquet\", \"s3://tpch28764--apne1-az1--x-s3/609.parquet\", \"s3://tpch28764--apne1-az1--x-s3/610.parquet\", \"s3://tpch28764--apne1-az1--x-s3/611.parquet\", \"s3://tpch28764--apne1-az1--x-s3/613.parquet\", \"s3://tpch28764--apne1-az1--x-s3/614.parquet\", \"s3://tpch28764--apne1-az1--x-s3/615.parquet\", \"s3://tpch28764--apne1-az1--x-s3/616.parquet\", \"s3://tpch28764--apne1-az1--x-s3/617.parquet\", \"s3://tpch28764--apne1-az1--x-s3/618.parquet\", \"s3://tpch28764--apne1-az1--x-s3/1018.parquet\", \"s3://tpch28764--apne1-az1--x-s3/1019.parquet\", \"s3://tpch28764--apne1-az1--x-s3/1020.parquet\", \"s3://tpch28764--apne1-az1--x-s3/1021.parquet\", \"s3://tpch28764--apne1-az1--x-s3/1022.parquet\", \"s3://tpch28764--apne1-az1--x-s3/1023.parquet\", \"s3://tpch28764--apne1-az1--x-s3/1024.parquet\", \"s3://tpch28764--apne1-az1--x-s3/1025.parquet\", \"s3://tpch28764--apne1-az1--x-s3/1026.parquet\", \"s3://tpch28764--apne1-az1--x-s3/1027.parquet\", \"s3://tpch28764--apne1-az1--x-s3/1028.parquet\", \"s3://tpch28764--apne1-az1--x-s3/1029.parquet\", \"s3://tpch28764--apne1-az1--x-s3/1030.parquet\", \"s3://tpch28764--apne1-az1--x-s3/1031.parquet\", \"s3://tpch28764--apne1-az1--x-s3/1032.parquet\", \"s3://tpch28764--apne1-az1--x-s3/1033.parquet\", \"s3://tpch28764--apne1-az1--x-s3/1034.parquet\", \"s3://tpch28764--apne1-az1--x-s3/1035.parquet\", \"s3://tpch28764--apne1-az1--x-s3/1036.parquet\", \"s3://tpch28764--apne1-az1--x-s3/1076.parquet\", \"s3://tpch28764--apne1-az1--x-s3/1077.parquet\", \"s3://tpch28764--apne1-az1--x-s3/1078.parquet\", \"s3://tpch28764--apne1-az1--x-s3/1079.parquet\", \"s3://tpch28764--apne1-az1--x-s3/1080.parquet\", \"s3://tpch28764--apne1-az1--x-s3/1081.parquet\", \"s3://tpch28764--apne1-az1--x-s3/1082.parquet\", \"s3://tpch28764--apne1-az1--x-s3/1083.parquet\", \"s3://tpch28764--apne1-az1--x-s3/1084.parquet\", \"s3://tpch28764--apne1-az1--x-s3/1085.parquet\", \"s3://tpch28764--apne1-az1--x-s3/1086.parquet\", \"s3://tpch28764--apne1-az1--x-s3/1087.parquet\", \"s3://tpch28764--apne1-az1--x-s3/1088.parquet\", \"s3://tpch28764--apne1-az1--x-s3/1089.parquet\", \"s3://tpch28764--apne1-az1--x-s3/1090.parquet\", \"s3://tpch28764--apne1-az1--x-s3/1091.parquet\", \"s3://tpch28764--apne1-az1--x-s3/1092.parquet\", \"s3://tpch28764--apne1-az1--x-s3/1208.parquet\", \"s3://tpch28764--apne1-az1--x-s3/1209.parquet\", \"s3://tpch28764--apne1-az1--x-s3/1210.parquet\", \"s3://tpch28764--apne1-az1--x-s3/1235.parquet\", \"s3://tpch28764--apne1-az1--x-s3/1236.parquet\", \"s3://tpch28764--apne1-az1--x-s3/1237.parquet\", \"s3://tpch28764--apne1-az1--x-s3/1350.parquet\", \"s3://tpch28764--apne1-az1--x-s3/1352.parquet\", \"s3://tpch28764--apne1-az1--x-s3/1358.parquet\", \"s3://tpch28764--apne1-az1--x-s3/1359.parquet\", \"s3://tpch28764--apne1-az1--x-s3/1360.parquet\", \"s3://tpch28764--apne1-az1--x-s3/1361.parquet\", \"s3://tpch28764--apne1-az1--x-s3/1362.parquet\", \"s3://tpch28764--apne1-az1--x-s3/1363.parquet\", \"s3://tpch28764--apne1-az1--x-s3/1364.parquet\", \"s3://tpch28764--apne1-az1--x-s3/1390.parquet\", \"s3://tpch28764--apne1-az1--x-s3/1392.parquet\", \"s3://tpch28764--apne1-az1--x-s3/1567.parquet\", \"s3://tpch28764--apne1-az1--x-s3/1573.parquet\", \"s3://tpch28764--apne1-az1--x-s3/1574.parquet\", \"s3://tpch28764--apne1-az1--x-s3/1598.parquet\", \"s3://tpch28764--apne1-az1--x-s3/1599.parquet\", \"s3://tpch28764--apne1-az1--x-s3/1600.parquet\", \"s3://tpch28764--apne1-az1--x-s3/1601.parquet\", \"s3://tpch28764--apne1-az1--x-s3/1602.parquet\", \"s3://tpch28764--apne1-az1--x-s3/1604.parquet\", \"s3://tpch28764--apne1-az1--x-s3/1606.parquet\", \"s3://tpch28764--apne1-az1--x-s3/1607.parquet\", \"s3://tpch28764--apne1-az1--x-s3/1609.parquet\", \"s3://tpch28764--apne1-az1--x-s3/1610.parquet\", \"s3://tpch28764--apne1-az1--x-s3/1611.parquet\", \"s3://tpch28764--apne1-az1--x-s3/1612.parquet\", \"s3://tpch28764--apne1-az1--x-s3/1613.parquet\", \"s3://tpch28764--apne1-az1--x-s3/1616.parquet\"])\n    WHERE\n        l_shipdate >= DATE '1992-01-01' + INTERVAL 16 MONTH\n        AND l_shipdate < DATE '1992-01-01' + INTERVAL 16 MONTH + INTERVAL 3 MONTH\n    GROUP BY\n        supplier_no\n)\nSELECT\n    s_suppkey,\n    s_name,\n    s_address,\n    s_phone,\n    total_revenue\nFROM\n    'pool/supplier/*.parquet',\n    revenue\nWHERE\n    s_suppkey = supplier_no\n    AND total_revenue = (\n        SELECT\n            max(total_revenue)\n        FROM\n            revenue\n    )\nORDER BY\n    s_suppkey;",
    "children": [
        {
            "result_set_size": 72,
            "operator_timing": 0.00003176,
            "operator_rows_scanned": 0,
            "cumulative_rows_scanned": 3448000000,
            "operator_cardinality": 1,
            "operator_type": "ORDER_BY",
            "cumulative_cardinality": 212584573,
            "extra_info": {
                "Order By": "\"pool/supplier/*.parquet\".s_suppkey ASC"
            },
            "cpu_time": 46.209246456,
            "children": [
                {
                    "result_set_size": 72,
                    "operator_timing": 0.000001051,
                    "operator_rows_scanned": 0,
                    "cumulative_rows_scanned": 3448000000,
                    "operator_cardinality": 1,
                    "operator_type": "PROJECTION",
                    "cumulative_cardinality": 212584572,
                    "extra_info": {
                        "Projections": [
                            "s_suppkey",
                            "s_name",
                            "s_address",
                            "s_phone",
                            "total_revenue"
                        ],
                        "Estimated Cardinality": "10395000"
                    },
                    "cpu_time": 46.209214696000004,
                    "children": [
                        {
                            "result_set_size": 0,
                            "operator_timing": 0.011625515,
                            "operator_rows_scanned": 0,
                            "cumulative_rows_scanned": 3448000000,
                            "operator_cardinality": 0,
                            "operator_type": "CTE",
                            "cumulative_cardinality": 212584571,
                            "extra_info": {
                                "CTE Name": "revenue",
                                "Table Index": "0"
                            },
                            "cpu_time": 46.209213645000005,
                            "children": [
                                {
                                    "result_set_size": 120000000,
                                    "operator_timing": 15.252585208000005,
                                    "operator_rows_scanned": 0,
                                    "cumulative_rows_scanned": 3326400000,
                                    "operator_cardinality": 5000000,
                                    "operator_type": "HASH_GROUP_BY",
                                    "cumulative_cardinality": 197584564,
                                    "extra_info": {
                                        "Groups": "#0",
                                        "Aggregates": "sum(#1)",
                                        "Estimated Cardinality": "10395000"
                                    },
                                    "cpu_time": 46.106501198000004,
                                    "children": [
                                        {
                                            "result_set_size": 1540676512,
                                            "operator_timing": 0.6316399380000001,
                                            "operator_rows_scanned": 0,
                                            "cumulative_rows_scanned": 3326400000,
                                            "operator_cardinality": 96292282,
                                            "operator_type": "PROJECTION",
                                            "cumulative_cardinality": 192584564,
                                            "extra_info": {
                                                "Projections": [
                                                    "supplier_no",
                                                    "(l_extendedprice * (1.00 - l_discount))"
                                                ],
                                                "Estimated Cardinality": "20790000"
                                            },
                                            "cpu_time": 30.85391599,
                                            "children": [
                                                {
                                                    "result_set_size": 2311014768,
                                                    "operator_timing": 30.222276052,
                                                    "operator_rows_scanned": 3326400000,
                                                    "cumulative_rows_scanned": 3326400000,
                                                    "operator_cardinality": 96292282,
                                                    "operator_type": "TABLE_SCAN",
                                                    "cumulative_cardinality": 96292282,
                                                    "extra_info": {
                                                        "Function": "READ_PARQUET",
                                                        "Projections": [
                                                            "l_suppkey",
                                                            "l_extendedprice",
                                                            "l_discount"
                                                        ],
                                                        "Filters": "l_shipdate>='1993-05-01'::DATE AND l_shipdate<'1993-08-01'::DATE AND l_shipdate IS NOT NULL",
                                                        "Estimated Cardinality": "20790000"
                                                    },
                                                    "cpu_time": 30.222276052,
                                                    "children": []
                                                }
                                            ]
                                        }
                                    ]
                                },
                                {
                                    "result_set_size": 96,
                                    "operator_timing": 0.00023429699999999993,
                                    "operator_rows_scanned": 0,
                                    "cumulative_rows_scanned": 121600000,
                                    "operator_cardinality": 1,
                                    "operator_type": "HASH_JOIN",
                                    "cumulative_cardinality": 15000007,
                                    "extra_info": {
                                        "Join Type": "INNER",
                                        "Conditions": "s_suppkey = supplier_no",
                                        "Estimated Cardinality": "0"
                                    },
                                    "cpu_time": 0.09108693200000001,
                                    "children": [
                                        {
                                            "result_set_size": 56,
                                            "operator_timing": 0.02290881,
                                            "operator_rows_scanned": 121600000,
                                            "cumulative_rows_scanned": 121600000,
                                            "operator_cardinality": 1,
                                            "operator_type": "TABLE_SCAN",
                                            "cumulative_cardinality": 1,
                                            "extra_info": {
                                                "Function": "PARQUET_SCAN",
                                                "Projections": "",
                                                "Estimated Cardinality": "3800000"
                                            },
                                            "cpu_time": 0.02290881,
                                            "children": []
                                        },
                                        {
                                            "result_set_size": 40,
                                            "operator_timing": 0.028053513999999998,
                                            "operator_rows_scanned": 0,
                                            "cumulative_rows_scanned": 0,
                                            "operator_cardinality": 1,
                                            "operator_type": "HASH_JOIN",
                                            "cumulative_cardinality": 15000005,
                                            "extra_info": {
                                                "Join Type": "INNER",
                                                "Conditions": "total_revenue = SUBQUERY",
                                                "Estimated Cardinality": "0"
                                            },
                                            "cpu_time": 0.06794382500000001,
                                            "children": [
                                                {
                                                    "result_set_size": 120000000,
                                                    "operator_timing": 0.007424175,
                                                    "operator_rows_scanned": 0,
                                                    "cumulative_rows_scanned": 0,
                                                    "operator_cardinality": 5000000,
                                                    "operator_type": "CTE_SCAN",
                                                    "cumulative_cardinality": 5000000,
                                                    "extra_info": {
                                                        "CTE Index": "0",
                                                        "Estimated Cardinality": "10395000"
                                                    },
                                                    "cpu_time": 0.007424175,
                                                    "children": []
                                                },
                                                {
                                                    "result_set_size": 16,
                                                    "operator_timing": 0.000003195,
                                                    "operator_rows_scanned": 0,
                                                    "cumulative_rows_scanned": 0,
                                                    "operator_cardinality": 1,
                                                    "operator_type": "PROJECTION",
                                                    "cumulative_cardinality": 10000004,
                                                    "extra_info": {
                                                        "Projections": [
                                                            "CASE  WHEN ((#1 > 1)) THEN (error('More than one row returned by a subquery used as an expression - scalar subqueries can only return a single row.",
                                                            "Use \"SET scalar_subquery_error_on_multiple_rows=false\" to revert to previous behavior of returning a random row.')) ELSE #0 END"
                                                        ],
                                                        "Estimated Cardinality": "1"
                                                    },
                                                    "cpu_time": 0.03246613600000001,
                                                    "children": [
                                                        {
                                                            "result_set_size": 24,
                                                            "operator_timing": 0.000002131,
                                                            "operator_rows_scanned": 0,
                                                            "cumulative_rows_scanned": 0,
                                                            "operator_cardinality": 1,
                                                            "operator_type": "UNGROUPED_AGGREGATE",
                                                            "cumulative_cardinality": 10000003,
                                                            "extra_info": {
                                                                "Aggregates": [
                                                                    "\"first\"(#0)",
                                                                    "count_star()"
                                                                ]
                                                            },
                                                            "cpu_time": 0.03246294100000001,
                                                            "children": [
                                                                {
                                                                    "result_set_size": 16,
                                                                    "operator_timing": 2.63e-7,
                                                                    "operator_rows_scanned": 0,
                                                                    "cumulative_rows_scanned": 0,
                                                                    "operator_cardinality": 1,
                                                                    "operator_type": "PROJECTION",
                                                                    "cumulative_cardinality": 10000002,
                                                                    "extra_info": {
                                                                        "Projections": "#0",
                                                                        "Estimated Cardinality": "1"
                                                                    },
                                                                    "cpu_time": 0.03246081000000001,
                                                                    "children": [
                                                                        {
                                                                            "result_set_size": 16,
                                                                            "operator_timing": 0.007565538,
                                                                            "operator_rows_scanned": 0,
                                                                            "cumulative_rows_scanned": 0,
                                                                            "operator_cardinality": 1,
                                                                            "operator_type": "UNGROUPED_AGGREGATE",
                                                                            "cumulative_cardinality": 10000001,
                                                                            "extra_info": {
                                                                                "Aggregates": "max(#0)"
                                                                            },
                                                                            "cpu_time": 0.032460547000000006,
                                                                            "children": [
                                                                                {
                                                                                    "result_set_size": 80000000,
                                                                                    "operator_timing": 0.00031347600000000003,
                                                                                    "operator_rows_scanned": 0,
                                                                                    "cumulative_rows_scanned": 0,
                                                                                    "operator_cardinality": 5000000,
                                                                                    "operator_type": "PROJECTION",
                                                                                    "cumulative_cardinality": 10000000,
                                                                                    "extra_info": {
                                                                                        "Projections": "total_revenue",
                                                                                        "Estimated Cardinality": "10395000"
                                                                                    },
                                                                                    "cpu_time": 0.024895009000000003,
                                                                                    "children": [
                                                                                        {
                                                                                            "result_set_size": 120000000,
                                                                                            "operator_timing": 0.024581533000000003,
                                                                                            "operator_rows_scanned": 0,
                                                                                            "cumulative_rows_scanned": 0,
                                                                                            "operator_cardinality": 5000000,
                                                                                            "operator_type": "CTE_SCAN",
                                                                                            "cumulative_cardinality": 5000000,
                                                                                            "extra_info": {
                                                                                                "CTE Index": "0",
                                                                                                "Estimated Cardinality": "10395000"
                                                                                            },
                                                                                            "cpu_time": 0.024581533000000003,
                                                                                            "children": []
                                                                                        }
                                                                                    ]
                                                                                }
                                                                            ]
                                                                        }
                                                                    ]
                                                                }
                                                            ]
                                                        }
                                                    ]
                                                }
                                            ]
                                        }
                                    ]
                                }
                            ]
                        }
                    ]
                }
            ]
        }
    ]
}