{
    "rows_returned": 1,
    "latency": 2.961793185,
    "result_set_size": 8,
    "cumulative_rows_scanned": 9452672000,
    "cumulative_cardinality": 256596838,
    "extra_info": {},
    "cpu_time": 79.99133435699996,
    "blocked_thread_time": 0.0,
    "query_name": "SELECT\n    100.00 * sum(CASE\n            WHEN p_type LIKE 'PROMO%' \n            THEN l_extendedprice * (1 - l_discount)\n            ELSE 0\n    END) / sum(l_extendedprice * (1 - l_discount)) AS promo_revenue\nFROM\n    read_parquet([\"s3://tpch10289--apne1-az1--x-s3/183.parquet\", \"s3://tpch10289--apne1-az1--x-s3/184.parquet\", \"s3://tpch10289--apne1-az1--x-s3/346.parquet\", \"s3://tpch10289--apne1-az1--x-s3/348.parquet\", \"s3://tpch10289--apne1-az1--x-s3/349.parquet\", \"s3://tpch10289--apne1-az1--x-s3/350.parquet\", \"s3://tpch10289--apne1-az1--x-s3/351.parquet\", \"s3://tpch10289--apne1-az1--x-s3/612.parquet\", \"s3://tpch10289--apne1-az1--x-s3/614.parquet\", \"s3://tpch10289--apne1-az1--x-s3/615.parquet\", \"s3://tpch10289--apne1-az1--x-s3/617.parquet\", \"s3://tpch10289--apne1-az1--x-s3/618.parquet\", \"s3://tpch10289--apne1-az1--x-s3/619.parquet\", \"s3://tpch10289--apne1-az1--x-s3/620.parquet\", \"s3://tpch10289--apne1-az1--x-s3/741.parquet\", \"s3://tpch10289--apne1-az1--x-s3/742.parquet\", \"s3://tpch10289--apne1-az1--x-s3/743.parquet\", \"s3://tpch10289--apne1-az1--x-s3/744.parquet\", \"s3://tpch10289--apne1-az1--x-s3/745.parquet\", \"s3://tpch10289--apne1-az1--x-s3/746.parquet\", \"s3://tpch10289--apne1-az1--x-s3/747.parquet\", \"s3://tpch10289--apne1-az1--x-s3/889.parquet\", \"s3://tpch10289--apne1-az1--x-s3/890.parquet\", \"s3://tpch10289--apne1-az1--x-s3/891.parquet\", \"s3://tpch10289--apne1-az1--x-s3/892.parquet\", \"s3://tpch10289--apne1-az1--x-s3/893.parquet\", \"s3://tpch10289--apne1-az1--x-s3/894.parquet\", \"s3://tpch10289--apne1-az1--x-s3/895.parquet\", \"s3://tpch10289--apne1-az1--x-s3/941.parquet\", \"s3://tpch10289--apne1-az1--x-s3/943.parquet\", \"s3://tpch10289--apne1-az1--x-s3/945.parquet\", \"s3://tpch10289--apne1-az1--x-s3/948.parquet\", \"s3://tpch10289--apne1-az1--x-s3/951.parquet\", \"s3://tpch10289--apne1-az1--x-s3/1199.parquet\", \"s3://tpch10289--apne1-az1--x-s3/1200.parquet\", \"s3://tpch10289--apne1-az1--x-s3/1201.parquet\", \"s3://tpch10289--apne1-az1--x-s3/1202.parquet\", \"s3://tpch10289--apne1-az1--x-s3/1203.parquet\", \"s3://tpch10289--apne1-az1--x-s3/1204.parquet\", \"s3://tpch10289--apne1-az1--x-s3/1205.parquet\", \"s3://tpch10289--apne1-az1--x-s3/1518.parquet\", \"s3://tpch10289--apne1-az1--x-s3/1519.parquet\", \"s3://tpch10289--apne1-az1--x-s3/1520.parquet\", \"s3://tpch10289--apne1-az1--x-s3/1521.parquet\", \"s3://tpch10289--apne1-az1--x-s3/1522.parquet\", \"s3://tpch10289--apne1-az1--x-s3/1523.parquet\", \"s3://tpch10289--apne1-az1--x-s3/1524.parquet\", \"s3://tpch10289--apne1-az1--x-s3/1654.parquet\", \"s3://tpch10289--apne1-az1--x-s3/1655.parquet\", \"s3://tpch10289--apne1-az1--x-s3/1656.parquet\", \"s3://tpch10289--apne1-az1--x-s3/1657.parquet\", \"s3://tpch10289--apne1-az1--x-s3/1658.parquet\", \"s3://tpch10289--apne1-az1--x-s3/1835.parquet\", \"s3://tpch10289--apne1-az1--x-s3/1844.parquet\", \"s3://tpch10289--apne1-az1--x-s3/1852.parquet\", \"s3://tpch10289--apne1-az1--x-s3/1853.parquet\", \"s3://tpch10289--apne1-az1--x-s3/1854.parquet\", \"s3://tpch10289--apne1-az1--x-s3/1855.parquet\", \"s3://tpch10289--apne1-az1--x-s3/1856.parquet\", \"s3://tpch10289--apne1-az1--x-s3/1857.parquet\", \"s3://tpch10289--apne1-az1--x-s3/1858.parquet\", \"s3://tpch10289--apne1-az1--x-s3/2013.parquet\", \"s3://tpch10289--apne1-az1--x-s3/2014.parquet\", \"s3://tpch10289--apne1-az1--x-s3/2016.parquet\", \"s3://tpch10289--apne1-az1--x-s3/2098.parquet\", \"s3://tpch10289--apne1-az1--x-s3/2099.parquet\", \"s3://tpch10289--apne1-az1--x-s3/2100.parquet\", \"s3://tpch10289--apne1-az1--x-s3/2101.parquet\", \"s3://tpch10289--apne1-az1--x-s3/2102.parquet\", \"s3://tpch10289--apne1-az1--x-s3/2103.parquet\", \"s3://tpch10289--apne1-az1--x-s3/2105.parquet\", \"s3://tpch10289--apne1-az1--x-s3/2276.parquet\", \"s3://tpch10289--apne1-az1--x-s3/2277.parquet\", \"s3://tpch10289--apne1-az1--x-s3/2278.parquet\", \"s3://tpch10289--apne1-az1--x-s3/2279.parquet\", \"s3://tpch10289--apne1-az1--x-s3/2280.parquet\", \"s3://tpch10289--apne1-az1--x-s3/2281.parquet\", \"s3://tpch10289--apne1-az1--x-s3/2282.parquet\", \"s3://tpch10289--apne1-az1--x-s3/2283.parquet\", \"s3://tpch10289--apne1-az1--x-s3/2284.parquet\", \"s3://tpch10289--apne1-az1--x-s3/2285.parquet\", \"s3://tpch10289--apne1-az1--x-s3/2286.parquet\", \"s3://tpch10289--apne1-az1--x-s3/2287.parquet\", \"s3://tpch10289--apne1-az1--x-s3/2290.parquet\", \"s3://tpch10289--apne1-az1--x-s3/2300.parquet\", \"s3://tpch10289--apne1-az1--x-s3/2303.parquet\", \"s3://tpch10289--apne1-az1--x-s3/2307.parquet\", \"s3://tpch10289--apne1-az1--x-s3/2310.parquet\", \"s3://tpch10289--apne1-az1--x-s3/2311.parquet\", \"s3://tpch10289--apne1-az1--x-s3/2312.parquet\", \"s3://tpch10289--apne1-az1--x-s3/2313.parquet\", \"s3://tpch10289--apne1-az1--x-s3/2315.parquet\", \"s3://tpch10289--apne1-az1--x-s3/2316.parquet\", \"s3://tpch10289--apne1-az1--x-s3/2318.parquet\", \"s3://tpch10289--apne1-az1--x-s3/2324.parquet\", \"s3://tpch10289--apne1-az1--x-s3/2325.parquet\", \"s3://tpch10289--apne1-az1--x-s3/2326.parquet\", \"s3://tpch10289--apne1-az1--x-s3/2327.parquet\", \"s3://tpch10289--apne1-az1--x-s3/2329.parquet\", \"s3://tpch10289--apne1-az1--x-s3/2333.parquet\", \"s3://tpch10289--apne1-az1--x-s3/2334.parquet\", \"s3://tpch10289--apne1-az1--x-s3/2335.parquet\", \"s3://tpch10289--apne1-az1--x-s3/2336.parquet\", \"s3://tpch10289--apne1-az1--x-s3/2337.parquet\", \"s3://tpch10289--apne1-az1--x-s3/2338.parquet\", \"s3://tpch10289--apne1-az1--x-s3/2339.parquet\", \"s3://tpch10289--apne1-az1--x-s3/2341.parquet\", \"s3://tpch10289--apne1-az1--x-s3/2342.parquet\", \"s3://tpch10289--apne1-az1--x-s3/2413.parquet\", \"s3://tpch10289--apne1-az1--x-s3/2484.parquet\", \"s3://tpch10289--apne1-az1--x-s3/2485.parquet\", \"s3://tpch10289--apne1-az1--x-s3/2486.parquet\", \"s3://tpch10289--apne1-az1--x-s3/2487.parquet\", \"s3://tpch10289--apne1-az1--x-s3/2488.parquet\", \"s3://tpch10289--apne1-az1--x-s3/2489.parquet\", \"s3://tpch10289--apne1-az1--x-s3/2490.parquet\", \"s3://tpch10289--apne1-az1--x-s3/2491.parquet\", \"s3://tpch10289--apne1-az1--x-s3/2492.parquet\", \"s3://tpch10289--apne1-az1--x-s3/2493.parquet\", \"s3://tpch10289--apne1-az1--x-s3/2494.parquet\", \"s3://tpch10289--apne1-az1--x-s3/2495.parquet\", \"s3://tpch10289--apne1-az1--x-s3/2496.parquet\", \"s3://tpch10289--apne1-az1--x-s3/2497.parquet\", \"s3://tpch10289--apne1-az1--x-s3/2498.parquet\", \"s3://tpch10289--apne1-az1--x-s3/2499.parquet\", \"s3://tpch10289--apne1-az1--x-s3/2500.parquet\", \"s3://tpch10289--apne1-az1--x-s3/2501.parquet\", \"s3://tpch10289--apne1-az1--x-s3/2502.parquet\", \"s3://tpch10289--apne1-az1--x-s3/2503.parquet\", \"s3://tpch10289--apne1-az1--x-s3/2504.parquet\", \"s3://tpch10289--apne1-az1--x-s3/2505.parquet\", \"s3://tpch10289--apne1-az1--x-s3/2506.parquet\", \"s3://tpch10289--apne1-az1--x-s3/2507.parquet\", \"s3://tpch10289--apne1-az1--x-s3/2508.parquet\", \"s3://tpch10289--apne1-az1--x-s3/2509.parquet\", \"s3://tpch10289--apne1-az1--x-s3/2510.parquet\", \"s3://tpch10289--apne1-az1--x-s3/2511.parquet\", \"s3://tpch10289--apne1-az1--x-s3/2512.parquet\", \"s3://tpch10289--apne1-az1--x-s3/2513.parquet\", \"s3://tpch10289--apne1-az1--x-s3/2514.parquet\", \"s3://tpch10289--apne1-az1--x-s3/2515.parquet\", \"s3://tpch10289--apne1-az1--x-s3/2516.parquet\", \"s3://tpch10289--apne1-az1--x-s3/2517.parquet\", \"s3://tpch10289--apne1-az1--x-s3/2518.parquet\", \"s3://tpch10289--apne1-az1--x-s3/2519.parquet\", \"s3://tpch10289--apne1-az1--x-s3/2520.parquet\", \"s3://tpch10289--apne1-az1--x-s3/2521.parquet\", \"s3://tpch10289--apne1-az1--x-s3/2522.parquet\", \"s3://tpch10289--apne1-az1--x-s3/2523.parquet\", \"s3://tpch10289--apne1-az1--x-s3/2524.parquet\", \"s3://tpch10289--apne1-az1--x-s3/2525.parquet\", \"s3://tpch10289--apne1-az1--x-s3/2526.parquet\", \"s3://tpch10289--apne1-az1--x-s3/2527.parquet\", \"s3://tpch10289--apne1-az1--x-s3/2528.parquet\", \"s3://tpch10289--apne1-az1--x-s3/2529.parquet\", \"s3://tpch10289--apne1-az1--x-s3/2530.parquet\", \"s3://tpch10289--apne1-az1--x-s3/2531.parquet\", \"s3://tpch10289--apne1-az1--x-s3/2532.parquet\", \"s3://tpch10289--apne1-az1--x-s3/2533.parquet\", \"s3://tpch10289--apne1-az1--x-s3/2534.parquet\", \"s3://tpch10289--apne1-az1--x-s3/2535.parquet\", \"s3://tpch10289--apne1-az1--x-s3/2536.parquet\", \"s3://tpch10289--apne1-az1--x-s3/2537.parquet\", \"s3://tpch10289--apne1-az1--x-s3/2538.parquet\", \"s3://tpch10289--apne1-az1--x-s3/2539.parquet\", \"s3://tpch10289--apne1-az1--x-s3/2540.parquet\", \"s3://tpch10289--apne1-az1--x-s3/2541.parquet\", \"s3://tpch10289--apne1-az1--x-s3/2542.parquet\", \"s3://tpch10289--apne1-az1--x-s3/2543.parquet\", \"s3://tpch10289--apne1-az1--x-s3/2544.parquet\", \"s3://tpch10289--apne1-az1--x-s3/2545.parquet\", \"s3://tpch10289--apne1-az1--x-s3/2546.parquet\", \"s3://tpch10289--apne1-az1--x-s3/2547.parquet\", \"s3://tpch10289--apne1-az1--x-s3/2548.parquet\", \"s3://tpch10289--apne1-az1--x-s3/2549.parquet\", \"s3://tpch10289--apne1-az1--x-s3/2550.parquet\", \"s3://tpch10289--apne1-az1--x-s3/2551.parquet\", \"s3://tpch10289--apne1-az1--x-s3/2552.parquet\", \"s3://tpch10289--apne1-az1--x-s3/2553.parquet\", \"s3://tpch10289--apne1-az1--x-s3/2554.parquet\", \"s3://tpch10289--apne1-az1--x-s3/2555.parquet\", \"s3://tpch10289--apne1-az1--x-s3/2556.parquet\", \"s3://tpch10289--apne1-az1--x-s3/2557.parquet\", \"s3://tpch10289--apne1-az1--x-s3/2558.parquet\", \"s3://tpch10289--apne1-az1--x-s3/2559.parquet\", \"s3://tpch10289--apne1-az1--x-s3/2560.parquet\", \"s3://tpch10289--apne1-az1--x-s3/2561.parquet\", \"s3://tpch10289--apne1-az1--x-s3/2562.parquet\", \"s3://tpch10289--apne1-az1--x-s3/2563.parquet\", \"s3://tpch10289--apne1-az1--x-s3/2564.parquet\", \"s3://tpch10289--apne1-az1--x-s3/2565.parquet\", \"s3://tpch10289--apne1-az1--x-s3/2566.parquet\", \"s3://tpch10289--apne1-az1--x-s3/2567.parquet\", \"s3://tpch10289--apne1-az1--x-s3/2568.parquet\", \"s3://tpch10289--apne1-az1--x-s3/2569.parquet\", \"s3://tpch10289--apne1-az1--x-s3/2570.parquet\", \"s3://tpch10289--apne1-az1--x-s3/2571.parquet\", \"s3://tpch10289--apne1-az1--x-s3/2572.parquet\", \"s3://tpch10289--apne1-az1--x-s3/2573.parquet\", \"s3://tpch10289--apne1-az1--x-s3/2574.parquet\", \"s3://tpch10289--apne1-az1--x-s3/2575.parquet\", \"s3://tpch10289--apne1-az1--x-s3/2576.parquet\", \"s3://tpch10289--apne1-az1--x-s3/2577.parquet\", \"s3://tpch10289--apne1-az1--x-s3/2578.parquet\", \"s3://tpch10289--apne1-az1--x-s3/2579.parquet\", \"s3://tpch10289--apne1-az1--x-s3/2580.parquet\", \"s3://tpch10289--apne1-az1--x-s3/2581.parquet\", \"s3://tpch10289--apne1-az1--x-s3/2582.parquet\", \"s3://tpch10289--apne1-az1--x-s3/2583.parquet\", \"s3://tpch10289--apne1-az1--x-s3/2584.parquet\", \"s3://tpch10289--apne1-az1--x-s3/2585.parquet\", \"s3://tpch10289--apne1-az1--x-s3/2586.parquet\", \"s3://tpch10289--apne1-az1--x-s3/2587.parquet\", \"s3://tpch10289--apne1-az1--x-s3/2588.parquet\", \"s3://tpch10289--apne1-az1--x-s3/2589.parquet\", \"s3://tpch10289--apne1-az1--x-s3/2590.parquet\", \"s3://tpch10289--apne1-az1--x-s3/2591.parquet\", \"s3://tpch10289--apne1-az1--x-s3/2592.parquet\", \"s3://tpch10289--apne1-az1--x-s3/2593.parquet\", \"s3://tpch10289--apne1-az1--x-s3/2594.parquet\", \"s3://tpch10289--apne1-az1--x-s3/2595.parquet\", \"s3://tpch10289--apne1-az1--x-s3/2596.parquet\", \"s3://tpch10289--apne1-az1--x-s3/2597.parquet\", \"s3://tpch10289--apne1-az1--x-s3/2598.parquet\", \"s3://tpch10289--apne1-az1--x-s3/2599.parquet\", \"s3://tpch10289--apne1-az1--x-s3/2600.parquet\", \"s3://tpch10289--apne1-az1--x-s3/2601.parquet\", \"s3://tpch10289--apne1-az1--x-s3/2602.parquet\", \"s3://tpch10289--apne1-az1--x-s3/2603.parquet\", \"s3://tpch10289--apne1-az1--x-s3/2604.parquet\", \"s3://tpch10289--apne1-az1--x-s3/2605.parquet\", \"s3://tpch10289--apne1-az1--x-s3/2606.parquet\", \"s3://tpch10289--apne1-az1--x-s3/2607.parquet\", \"s3://tpch10289--apne1-az1--x-s3/2608.parquet\", \"s3://tpch10289--apne1-az1--x-s3/2609.parquet\", \"s3://tpch10289--apne1-az1--x-s3/2610.parquet\", \"s3://tpch10289--apne1-az1--x-s3/2611.parquet\", \"s3://tpch10289--apne1-az1--x-s3/2612.parquet\", \"s3://tpch10289--apne1-az1--x-s3/2613.parquet\", \"s3://tpch10289--apne1-az1--x-s3/2614.parquet\", \"s3://tpch10289--apne1-az1--x-s3/2615.parquet\", \"s3://tpch10289--apne1-az1--x-s3/2616.parquet\", \"s3://tpch10289--apne1-az1--x-s3/2617.parquet\", \"s3://tpch10289--apne1-az1--x-s3/2618.parquet\", \"s3://tpch10289--apne1-az1--x-s3/2619.parquet\", \"s3://tpch10289--apne1-az1--x-s3/2620.parquet\", \"s3://tpch10289--apne1-az1--x-s3/2621.parquet\", \"s3://tpch10289--apne1-az1--x-s3/2622.parquet\", \"s3://tpch10289--apne1-az1--x-s3/2623.parquet\", \"s3://tpch10289--apne1-az1--x-s3/2624.parquet\", \"s3://tpch10289--apne1-az1--x-s3/2625.parquet\", \"s3://tpch10289--apne1-az1--x-s3/2626.parquet\"]),\n    'pool/part/*.parquet'\nWHERE\n    l_partkey = p_partkey\n    AND l_shipdate >= DATE '1992-01-01' + INTERVAL 36 MONTH\n    AND l_shipdate < DATE '1992-02-01' + INTERVAL 36 MONTH;",
    "children": [
        {
            "result_set_size": 8,
            "operator_timing": 0.000020564,
            "operator_rows_scanned": 0,
            "cumulative_rows_scanned": 9452672000,
            "operator_cardinality": 1,
            "operator_type": "PROJECTION",
            "cumulative_cardinality": 256596838,
            "extra_info": {
                "Projections": "promo_revenue",
                "Estimated Cardinality": "1"
            },
            "cpu_time": 79.99133435699996,
            "children": [
                {
                    "result_set_size": 32,
                    "operator_timing": 0.16233915300000004,
                    "operator_rows_scanned": 0,
                    "cumulative_rows_scanned": 9452672000,
                    "operator_cardinality": 1,
                    "operator_type": "UNGROUPED_AGGREGATE",
                    "cumulative_cardinality": 256596837,
                    "extra_info": {
                        "Aggregates": [
                            "sum(#0)",
                            "sum(#1)"
                        ]
                    },
                    "cpu_time": 79.99131379299996,
                    "children": [
                        {
                            "result_set_size": 860090704,
                            "operator_timing": 1.2582762629999993,
                            "operator_rows_scanned": 0,
                            "cumulative_rows_scanned": 9452672000,
                            "operator_cardinality": 53755669,
                            "operator_type": "PROJECTION",
                            "cumulative_cardinality": 256596836,
                            "extra_info": {
                                "Projections": [
                                    "CASE  WHEN (prefix(p_type, 'PROMO')) THEN ((l_extendedprice * (1.00 - l_discount))) ELSE 0.0000 END",
                                    "(l_extendedprice * (1.00 - l_discount))"
                                ],
                                "Estimated Cardinality": "41479200"
                            },
                            "cpu_time": 79.82897463999996,
                            "children": [
                                {
                                    "result_set_size": 2580272112,
                                    "operator_timing": 11.840201506999968,
                                    "operator_rows_scanned": 0,
                                    "cumulative_rows_scanned": 9452672000,
                                    "operator_cardinality": 53755669,
                                    "operator_type": "HASH_JOIN",
                                    "cumulative_cardinality": 202841167,
                                    "extra_info": {
                                        "Join Type": "INNER",
                                        "Conditions": "p_partkey = l_partkey",
                                        "Estimated Cardinality": "41479200"
                                    },
                                    "cpu_time": 78.57069837699996,
                                    "children": [
                                        {
                                            "result_set_size": 2112000000,
                                            "operator_timing": 2.5249531260000007,
                                            "operator_rows_scanned": 2816000000,
                                            "cumulative_rows_scanned": 2816000000,
                                            "operator_cardinality": 88000000,
                                            "operator_type": "TABLE_SCAN",
                                            "cumulative_cardinality": 88000000,
                                            "extra_info": {
                                                "Function": "PARQUET_SCAN",
                                                "Projections": [
                                                    "p_partkey",
                                                    "p_type"
                                                ],
                                                "Estimated Cardinality": "88000000"
                                            },
                                            "cpu_time": 2.5249531260000007,
                                            "children": []
                                        },
                                        {
                                            "result_set_size": 1466051952,
                                            "operator_timing": 64.205543744,
                                            "operator_rows_scanned": 6636672000,
                                            "cumulative_rows_scanned": 6636672000,
                                            "operator_cardinality": 61085498,
                                            "operator_type": "TABLE_SCAN",
                                            "cumulative_cardinality": 61085498,
                                            "extra_info": {
                                                "Function": "READ_PARQUET",
                                                "Projections": [
                                                    "l_partkey",
                                                    "l_extendedprice",
                                                    "l_discount"
                                                ],
                                                "Filters": "l_shipdate>='1995-01-01'::DATE AND l_shipdate<'1995-02-01'::DATE AND l_shipdate IS NOT NULL",
                                                "Estimated Cardinality": "41479200"
                                            },
                                            "cpu_time": 64.205543744,
                                            "children": []
                                        }
                                    ]
                                }
                            ]
                        }
                    ]
                }
            ]
        }
    ]
}