{
    "rows_returned": 63270,
    "latency": 11.60324402,
    "result_set_size": 2024640,
    "cumulative_rows_scanned": 15445440025,
    "cumulative_cardinality": 1037119018,
    "extra_info": {},
    "cpu_time": 325.6966892310001,
    "blocked_thread_time": 0.02,
    "query_name": "SELECT\n    s_name,\n    s_address\nFROM\n    'pool/supplier/*.parquet',\n    'pool/nation.parquet'\nWHERE\n    s_suppkey IN (\n        SELECT\n            ps_suppkey\n        FROM\n            'pool/partsupp/*.parquet'\n        WHERE\n            ps_partkey IN (\n                SELECT\n                    p_partkey\n                FROM\n                    'pool/part/*.parquet'\n                WHERE\n                    p_name LIKE 'cream%')\n                AND ps_availqty > (\n                    SELECT\n                        0.5 * sum(l_quantity)\n                    FROM\n                        read_parquet([\"s3://tpch10289--apne1-az1--x-s3/-61.parquet\", \"s3://tpch10289--apne1-az1--x-s3/-57.parquet\", \"s3://tpch10289--apne1-az1--x-s3/15.parquet\", \"s3://tpch10289--apne1-az1--x-s3/18.parquet\", \"s3://tpch10289--apne1-az1--x-s3/21.parquet\", \"s3://tpch10289--apne1-az1--x-s3/27.parquet\", \"s3://tpch10289--apne1-az1--x-s3/28.parquet\", \"s3://tpch10289--apne1-az1--x-s3/148.parquet\", \"s3://tpch10289--apne1-az1--x-s3/150.parquet\", \"s3://tpch10289--apne1-az1--x-s3/151.parquet\", \"s3://tpch10289--apne1-az1--x-s3/152.parquet\", \"s3://tpch10289--apne1-az1--x-s3/154.parquet\", \"s3://tpch10289--apne1-az1--x-s3/159.parquet\", \"s3://tpch10289--apne1-az1--x-s3/161.parquet\", \"s3://tpch10289--apne1-az1--x-s3/162.parquet\", \"s3://tpch10289--apne1-az1--x-s3/165.parquet\", \"s3://tpch10289--apne1-az1--x-s3/167.parquet\", \"s3://tpch10289--apne1-az1--x-s3/168.parquet\", \"s3://tpch10289--apne1-az1--x-s3/171.parquet\", \"s3://tpch10289--apne1-az1--x-s3/173.parquet\", \"s3://tpch10289--apne1-az1--x-s3/174.parquet\", \"s3://tpch10289--apne1-az1--x-s3/175.parquet\", \"s3://tpch10289--apne1-az1--x-s3/176.parquet\", \"s3://tpch10289--apne1-az1--x-s3/179.parquet\", \"s3://tpch10289--apne1-az1--x-s3/181.parquet\", \"s3://tpch10289--apne1-az1--x-s3/182.parquet\", \"s3://tpch10289--apne1-az1--x-s3/188.parquet\", \"s3://tpch10289--apne1-az1--x-s3/190.parquet\", \"s3://tpch10289--apne1-az1--x-s3/191.parquet\", \"s3://tpch10289--apne1-az1--x-s3/192.parquet\", \"s3://tpch10289--apne1-az1--x-s3/193.parquet\", \"s3://tpch10289--apne1-az1--x-s3/195.parquet\", \"s3://tpch10289--apne1-az1--x-s3/198.parquet\", \"s3://tpch10289--apne1-az1--x-s3/201.parquet\", \"s3://tpch10289--apne1-az1--x-s3/204.parquet\", \"s3://tpch10289--apne1-az1--x-s3/205.parquet\", \"s3://tpch10289--apne1-az1--x-s3/211.parquet\", \"s3://tpch10289--apne1-az1--x-s3/241.parquet\", \"s3://tpch10289--apne1-az1--x-s3/242.parquet\", \"s3://tpch10289--apne1-az1--x-s3/243.parquet\", \"s3://tpch10289--apne1-az1--x-s3/244.parquet\", \"s3://tpch10289--apne1-az1--x-s3/245.parquet\", \"s3://tpch10289--apne1-az1--x-s3/246.parquet\", \"s3://tpch10289--apne1-az1--x-s3/247.parquet\", \"s3://tpch10289--apne1-az1--x-s3/248.parquet\", \"s3://tpch10289--apne1-az1--x-s3/249.parquet\", \"s3://tpch10289--apne1-az1--x-s3/250.parquet\", \"s3://tpch10289--apne1-az1--x-s3/251.parquet\", \"s3://tpch10289--apne1-az1--x-s3/252.parquet\", \"s3://tpch10289--apne1-az1--x-s3/253.parquet\", \"s3://tpch10289--apne1-az1--x-s3/254.parquet\", \"s3://tpch10289--apne1-az1--x-s3/255.parquet\", \"s3://tpch10289--apne1-az1--x-s3/256.parquet\", \"s3://tpch10289--apne1-az1--x-s3/257.parquet\", \"s3://tpch10289--apne1-az1--x-s3/258.parquet\", \"s3://tpch10289--apne1-az1--x-s3/259.parquet\", \"s3://tpch10289--apne1-az1--x-s3/260.parquet\", \"s3://tpch10289--apne1-az1--x-s3/261.parquet\", \"s3://tpch10289--apne1-az1--x-s3/262.parquet\", \"s3://tpch10289--apne1-az1--x-s3/263.parquet\", \"s3://tpch10289--apne1-az1--x-s3/264.parquet\", \"s3://tpch10289--apne1-az1--x-s3/265.parquet\", \"s3://tpch10289--apne1-az1--x-s3/266.parquet\", \"s3://tpch10289--apne1-az1--x-s3/267.parquet\", \"s3://tpch10289--apne1-az1--x-s3/268.parquet\", \"s3://tpch10289--apne1-az1--x-s3/269.parquet\", \"s3://tpch10289--apne1-az1--x-s3/270.parquet\", \"s3://tpch10289--apne1-az1--x-s3/271.parquet\", \"s3://tpch10289--apne1-az1--x-s3/272.parquet\", \"s3://tpch10289--apne1-az1--x-s3/273.parquet\", \"s3://tpch10289--apne1-az1--x-s3/274.parquet\", \"s3://tpch10289--apne1-az1--x-s3/275.parquet\", \"s3://tpch10289--apne1-az1--x-s3/276.parquet\", \"s3://tpch10289--apne1-az1--x-s3/277.parquet\", \"s3://tpch10289--apne1-az1--x-s3/278.parquet\", \"s3://tpch10289--apne1-az1--x-s3/279.parquet\", \"s3://tpch10289--apne1-az1--x-s3/280.parquet\", \"s3://tpch10289--apne1-az1--x-s3/281.parquet\", \"s3://tpch10289--apne1-az1--x-s3/282.parquet\", \"s3://tpch10289--apne1-az1--x-s3/284.parquet\", \"s3://tpch10289--apne1-az1--x-s3/285.parquet\", \"s3://tpch10289--apne1-az1--x-s3/286.parquet\", \"s3://tpch10289--apne1-az1--x-s3/287.parquet\", \"s3://tpch10289--apne1-az1--x-s3/288.parquet\", \"s3://tpch10289--apne1-az1--x-s3/289.parquet\", \"s3://tpch10289--apne1-az1--x-s3/290.parquet\", \"s3://tpch10289--apne1-az1--x-s3/291.parquet\", \"s3://tpch10289--apne1-az1--x-s3/292.parquet\", \"s3://tpch10289--apne1-az1--x-s3/293.parquet\", \"s3://tpch10289--apne1-az1--x-s3/294.parquet\", \"s3://tpch10289--apne1-az1--x-s3/295.parquet\", \"s3://tpch10289--apne1-az1--x-s3/296.parquet\", \"s3://tpch10289--apne1-az1--x-s3/297.parquet\", \"s3://tpch10289--apne1-az1--x-s3/298.parquet\", \"s3://tpch10289--apne1-az1--x-s3/299.parquet\", \"s3://tpch10289--apne1-az1--x-s3/300.parquet\", \"s3://tpch10289--apne1-az1--x-s3/301.parquet\", \"s3://tpch10289--apne1-az1--x-s3/302.parquet\", \"s3://tpch10289--apne1-az1--x-s3/303.parquet\", \"s3://tpch10289--apne1-az1--x-s3/304.parquet\", \"s3://tpch10289--apne1-az1--x-s3/305.parquet\", \"s3://tpch10289--apne1-az1--x-s3/306.parquet\", \"s3://tpch10289--apne1-az1--x-s3/307.parquet\", \"s3://tpch10289--apne1-az1--x-s3/308.parquet\", \"s3://tpch10289--apne1-az1--x-s3/309.parquet\", \"s3://tpch10289--apne1-az1--x-s3/310.parquet\", \"s3://tpch10289--apne1-az1--x-s3/311.parquet\", \"s3://tpch10289--apne1-az1--x-s3/312.parquet\", \"s3://tpch10289--apne1-az1--x-s3/313.parquet\", \"s3://tpch10289--apne1-az1--x-s3/314.parquet\", \"s3://tpch10289--apne1-az1--x-s3/315.parquet\", \"s3://tpch10289--apne1-az1--x-s3/316.parquet\", \"s3://tpch10289--apne1-az1--x-s3/317.parquet\", \"s3://tpch10289--apne1-az1--x-s3/318.parquet\", \"s3://tpch10289--apne1-az1--x-s3/319.parquet\", \"s3://tpch10289--apne1-az1--x-s3/320.parquet\", \"s3://tpch10289--apne1-az1--x-s3/321.parquet\", \"s3://tpch10289--apne1-az1--x-s3/322.parquet\", \"s3://tpch10289--apne1-az1--x-s3/323.parquet\", \"s3://tpch10289--apne1-az1--x-s3/324.parquet\", \"s3://tpch10289--apne1-az1--x-s3/325.parquet\", \"s3://tpch10289--apne1-az1--x-s3/326.parquet\", \"s3://tpch10289--apne1-az1--x-s3/327.parquet\", \"s3://tpch10289--apne1-az1--x-s3/328.parquet\", \"s3://tpch10289--apne1-az1--x-s3/329.parquet\", \"s3://tpch10289--apne1-az1--x-s3/330.parquet\", \"s3://tpch10289--apne1-az1--x-s3/331.parquet\", \"s3://tpch10289--apne1-az1--x-s3/332.parquet\", \"s3://tpch10289--apne1-az1--x-s3/333.parquet\", \"s3://tpch10289--apne1-az1--x-s3/334.parquet\", \"s3://tpch10289--apne1-az1--x-s3/335.parquet\", \"s3://tpch10289--apne1-az1--x-s3/336.parquet\", \"s3://tpch10289--apne1-az1--x-s3/337.parquet\", \"s3://tpch10289--apne1-az1--x-s3/338.parquet\", \"s3://tpch10289--apne1-az1--x-s3/339.parquet\", \"s3://tpch10289--apne1-az1--x-s3/340.parquet\", \"s3://tpch10289--apne1-az1--x-s3/341.parquet\", \"s3://tpch10289--apne1-az1--x-s3/342.parquet\", \"s3://tpch10289--apne1-az1--x-s3/343.parquet\", \"s3://tpch10289--apne1-az1--x-s3/344.parquet\", \"s3://tpch10289--apne1-az1--x-s3/345.parquet\", \"s3://tpch10289--apne1-az1--x-s3/346.parquet\", \"s3://tpch10289--apne1-az1--x-s3/347.parquet\", \"s3://tpch10289--apne1-az1--x-s3/353.parquet\", \"s3://tpch10289--apne1-az1--x-s3/531.parquet\", \"s3://tpch10289--apne1-az1--x-s3/532.parquet\", \"s3://tpch10289--apne1-az1--x-s3/533.parquet\", \"s3://tpch10289--apne1-az1--x-s3/534.parquet\", \"s3://tpch10289--apne1-az1--x-s3/535.parquet\", \"s3://tpch10289--apne1-az1--x-s3/536.parquet\", \"s3://tpch10289--apne1-az1--x-s3/537.parquet\", \"s3://tpch10289--apne1-az1--x-s3/538.parquet\", \"s3://tpch10289--apne1-az1--x-s3/539.parquet\", \"s3://tpch10289--apne1-az1--x-s3/540.parquet\", \"s3://tpch10289--apne1-az1--x-s3/541.parquet\", \"s3://tpch10289--apne1-az1--x-s3/542.parquet\", \"s3://tpch10289--apne1-az1--x-s3/543.parquet\", \"s3://tpch10289--apne1-az1--x-s3/544.parquet\", \"s3://tpch10289--apne1-az1--x-s3/545.parquet\", \"s3://tpch10289--apne1-az1--x-s3/546.parquet\", \"s3://tpch10289--apne1-az1--x-s3/547.parquet\", \"s3://tpch10289--apne1-az1--x-s3/548.parquet\", \"s3://tpch10289--apne1-az1--x-s3/549.parquet\", \"s3://tpch10289--apne1-az1--x-s3/550.parquet\", \"s3://tpch10289--apne1-az1--x-s3/551.parquet\", \"s3://tpch10289--apne1-az1--x-s3/552.parquet\", \"s3://tpch10289--apne1-az1--x-s3/553.parquet\", \"s3://tpch10289--apne1-az1--x-s3/554.parquet\", \"s3://tpch10289--apne1-az1--x-s3/555.parquet\", \"s3://tpch10289--apne1-az1--x-s3/556.parquet\", \"s3://tpch10289--apne1-az1--x-s3/557.parquet\", \"s3://tpch10289--apne1-az1--x-s3/558.parquet\", \"s3://tpch10289--apne1-az1--x-s3/559.parquet\", \"s3://tpch10289--apne1-az1--x-s3/560.parquet\", \"s3://tpch10289--apne1-az1--x-s3/561.parquet\", \"s3://tpch10289--apne1-az1--x-s3/562.parquet\", \"s3://tpch10289--apne1-az1--x-s3/563.parquet\", \"s3://tpch10289--apne1-az1--x-s3/564.parquet\", \"s3://tpch10289--apne1-az1--x-s3/565.parquet\", \"s3://tpch10289--apne1-az1--x-s3/566.parquet\", \"s3://tpch10289--apne1-az1--x-s3/568.parquet\", \"s3://tpch10289--apne1-az1--x-s3/570.parquet\", \"s3://tpch10289--apne1-az1--x-s3/571.parquet\", \"s3://tpch10289--apne1-az1--x-s3/572.parquet\", \"s3://tpch10289--apne1-az1--x-s3/573.parquet\", \"s3://tpch10289--apne1-az1--x-s3/574.parquet\", \"s3://tpch10289--apne1-az1--x-s3/575.parquet\", \"s3://tpch10289--apne1-az1--x-s3/576.parquet\", \"s3://tpch10289--apne1-az1--x-s3/577.parquet\", \"s3://tpch10289--apne1-az1--x-s3/578.parquet\", \"s3://tpch10289--apne1-az1--x-s3/579.parquet\", \"s3://tpch10289--apne1-az1--x-s3/580.parquet\", \"s3://tpch10289--apne1-az1--x-s3/581.parquet\", \"s3://tpch10289--apne1-az1--x-s3/583.parquet\", \"s3://tpch10289--apne1-az1--x-s3/584.parquet\", \"s3://tpch10289--apne1-az1--x-s3/585.parquet\", \"s3://tpch10289--apne1-az1--x-s3/586.parquet\", \"s3://tpch10289--apne1-az1--x-s3/587.parquet\", \"s3://tpch10289--apne1-az1--x-s3/588.parquet\", \"s3://tpch10289--apne1-az1--x-s3/589.parquet\", \"s3://tpch10289--apne1-az1--x-s3/590.parquet\", \"s3://tpch10289--apne1-az1--x-s3/592.parquet\", \"s3://tpch10289--apne1-az1--x-s3/593.parquet\", \"s3://tpch10289--apne1-az1--x-s3/594.parquet\", \"s3://tpch10289--apne1-az1--x-s3/595.parquet\", \"s3://tpch10289--apne1-az1--x-s3/597.parquet\", \"s3://tpch10289--apne1-az1--x-s3/598.parquet\", \"s3://tpch10289--apne1-az1--x-s3/599.parquet\", \"s3://tpch10289--apne1-az1--x-s3/600.parquet\", \"s3://tpch10289--apne1-az1--x-s3/601.parquet\", \"s3://tpch10289--apne1-az1--x-s3/603.parquet\", \"s3://tpch10289--apne1-az1--x-s3/604.parquet\", \"s3://tpch10289--apne1-az1--x-s3/605.parquet\", \"s3://tpch10289--apne1-az1--x-s3/606.parquet\", \"s3://tpch10289--apne1-az1--x-s3/607.parquet\", \"s3://tpch10289--apne1-az1--x-s3/608.parquet\", \"s3://tpch10289--apne1-az1--x-s3/609.parquet\", \"s3://tpch10289--apne1-az1--x-s3/654.parquet\", \"s3://tpch10289--apne1-az1--x-s3/655.parquet\", \"s3://tpch10289--apne1-az1--x-s3/656.parquet\", \"s3://tpch10289--apne1-az1--x-s3/657.parquet\", \"s3://tpch10289--apne1-az1--x-s3/658.parquet\", \"s3://tpch10289--apne1-az1--x-s3/659.parquet\", \"s3://tpch10289--apne1-az1--x-s3/660.parquet\", \"s3://tpch10289--apne1-az1--x-s3/661.parquet\", \"s3://tpch10289--apne1-az1--x-s3/662.parquet\", \"s3://tpch10289--apne1-az1--x-s3/663.parquet\", \"s3://tpch10289--apne1-az1--x-s3/664.parquet\", \"s3://tpch10289--apne1-az1--x-s3/665.parquet\", \"s3://tpch10289--apne1-az1--x-s3/666.parquet\", \"s3://tpch10289--apne1-az1--x-s3/667.parquet\", \"s3://tpch10289--apne1-az1--x-s3/668.parquet\", \"s3://tpch10289--apne1-az1--x-s3/669.parquet\", \"s3://tpch10289--apne1-az1--x-s3/670.parquet\", \"s3://tpch10289--apne1-az1--x-s3/671.parquet\", \"s3://tpch10289--apne1-az1--x-s3/672.parquet\", \"s3://tpch10289--apne1-az1--x-s3/673.parquet\", \"s3://tpch10289--apne1-az1--x-s3/674.parquet\", \"s3://tpch10289--apne1-az1--x-s3/675.parquet\", \"s3://tpch10289--apne1-az1--x-s3/676.parquet\", \"s3://tpch10289--apne1-az1--x-s3/677.parquet\", \"s3://tpch10289--apne1-az1--x-s3/678.parquet\", \"s3://tpch10289--apne1-az1--x-s3/679.parquet\", \"s3://tpch10289--apne1-az1--x-s3/680.parquet\", \"s3://tpch10289--apne1-az1--x-s3/681.parquet\", \"s3://tpch10289--apne1-az1--x-s3/682.parquet\", \"s3://tpch10289--apne1-az1--x-s3/683.parquet\", \"s3://tpch10289--apne1-az1--x-s3/684.parquet\", \"s3://tpch10289--apne1-az1--x-s3/685.parquet\", \"s3://tpch10289--apne1-az1--x-s3/686.parquet\", \"s3://tpch10289--apne1-az1--x-s3/687.parquet\", \"s3://tpch10289--apne1-az1--x-s3/688.parquet\", \"s3://tpch10289--apne1-az1--x-s3/689.parquet\", \"s3://tpch10289--apne1-az1--x-s3/690.parquet\", \"s3://tpch10289--apne1-az1--x-s3/691.parquet\", \"s3://tpch10289--apne1-az1--x-s3/692.parquet\", \"s3://tpch10289--apne1-az1--x-s3/693.parquet\", \"s3://tpch10289--apne1-az1--x-s3/694.parquet\", \"s3://tpch10289--apne1-az1--x-s3/695.parquet\", \"s3://tpch10289--apne1-az1--x-s3/696.parquet\", \"s3://tpch10289--apne1-az1--x-s3/697.parquet\", \"s3://tpch10289--apne1-az1--x-s3/698.parquet\", \"s3://tpch10289--apne1-az1--x-s3/699.parquet\", \"s3://tpch10289--apne1-az1--x-s3/700.parquet\", \"s3://tpch10289--apne1-az1--x-s3/701.parquet\", \"s3://tpch10289--apne1-az1--x-s3/702.parquet\", \"s3://tpch10289--apne1-az1--x-s3/703.parquet\", \"s3://tpch10289--apne1-az1--x-s3/704.parquet\", \"s3://tpch10289--apne1-az1--x-s3/705.parquet\", \"s3://tpch10289--apne1-az1--x-s3/706.parquet\", \"s3://tpch10289--apne1-az1--x-s3/707.parquet\", \"s3://tpch10289--apne1-az1--x-s3/708.parquet\", \"s3://tpch10289--apne1-az1--x-s3/710.parquet\", \"s3://tpch10289--apne1-az1--x-s3/712.parquet\", \"s3://tpch10289--apne1-az1--x-s3/713.parquet\", \"s3://tpch10289--apne1-az1--x-s3/714.parquet\", \"s3://tpch10289--apne1-az1--x-s3/715.parquet\", \"s3://tpch10289--apne1-az1--x-s3/717.parquet\", \"s3://tpch10289--apne1-az1--x-s3/718.parquet\", \"s3://tpch10289--apne1-az1--x-s3/721.parquet\", \"s3://tpch10289--apne1-az1--x-s3/722.parquet\", \"s3://tpch10289--apne1-az1--x-s3/723.parquet\", \"s3://tpch10289--apne1-az1--x-s3/724.parquet\", \"s3://tpch10289--apne1-az1--x-s3/725.parquet\", \"s3://tpch10289--apne1-az1--x-s3/726.parquet\", \"s3://tpch10289--apne1-az1--x-s3/728.parquet\", \"s3://tpch10289--apne1-az1--x-s3/729.parquet\", \"s3://tpch10289--apne1-az1--x-s3/731.parquet\", \"s3://tpch10289--apne1-az1--x-s3/733.parquet\", \"s3://tpch10289--apne1-az1--x-s3/734.parquet\", \"s3://tpch10289--apne1-az1--x-s3/736.parquet\", \"s3://tpch10289--apne1-az1--x-s3/737.parquet\", \"s3://tpch10289--apne1-az1--x-s3/739.parquet\", \"s3://tpch10289--apne1-az1--x-s3/740.parquet\", \"s3://tpch10289--apne1-az1--x-s3/741.parquet\", \"s3://tpch10289--apne1-az1--x-s3/781.parquet\", \"s3://tpch10289--apne1-az1--x-s3/785.parquet\", \"s3://tpch10289--apne1-az1--x-s3/788.parquet\", \"s3://tpch10289--apne1-az1--x-s3/790.parquet\", \"s3://tpch10289--apne1-az1--x-s3/792.parquet\", \"s3://tpch10289--apne1-az1--x-s3/794.parquet\", \"s3://tpch10289--apne1-az1--x-s3/799.parquet\", \"s3://tpch10289--apne1-az1--x-s3/803.parquet\", \"s3://tpch10289--apne1-az1--x-s3/805.parquet\", \"s3://tpch10289--apne1-az1--x-s3/809.parquet\", \"s3://tpch10289--apne1-az1--x-s3/811.parquet\", \"s3://tpch10289--apne1-az1--x-s3/813.parquet\", \"s3://tpch10289--apne1-az1--x-s3/814.parquet\", \"s3://tpch10289--apne1-az1--x-s3/817.parquet\", \"s3://tpch10289--apne1-az1--x-s3/818.parquet\", \"s3://tpch10289--apne1-az1--x-s3/822.parquet\", \"s3://tpch10289--apne1-az1--x-s3/823.parquet\", \"s3://tpch10289--apne1-az1--x-s3/826.parquet\", \"s3://tpch10289--apne1-az1--x-s3/827.parquet\", \"s3://tpch10289--apne1-az1--x-s3/828.parquet\", \"s3://tpch10289--apne1-az1--x-s3/829.parquet\", \"s3://tpch10289--apne1-az1--x-s3/831.parquet\", \"s3://tpch10289--apne1-az1--x-s3/832.parquet\", \"s3://tpch10289--apne1-az1--x-s3/833.parquet\", \"s3://tpch10289--apne1-az1--x-s3/835.parquet\", \"s3://tpch10289--apne1-az1--x-s3/836.parquet\", \"s3://tpch10289--apne1-az1--x-s3/837.parquet\", \"s3://tpch10289--apne1-az1--x-s3/845.parquet\", \"s3://tpch10289--apne1-az1--x-s3/846.parquet\", \"s3://tpch10289--apne1-az1--x-s3/849.parquet\", \"s3://tpch10289--apne1-az1--x-s3/852.parquet\", \"s3://tpch10289--apne1-az1--x-s3/853.parquet\", \"s3://tpch10289--apne1-az1--x-s3/854.parquet\", \"s3://tpch10289--apne1-az1--x-s3/855.parquet\", \"s3://tpch10289--apne1-az1--x-s3/856.parquet\", \"s3://tpch10289--apne1-az1--x-s3/857.parquet\", \"s3://tpch10289--apne1-az1--x-s3/858.parquet\", \"s3://tpch10289--apne1-az1--x-s3/859.parquet\", \"s3://tpch10289--apne1-az1--x-s3/860.parquet\", \"s3://tpch10289--apne1-az1--x-s3/861.parquet\", \"s3://tpch10289--apne1-az1--x-s3/862.parquet\", \"s3://tpch10289--apne1-az1--x-s3/863.parquet\", \"s3://tpch10289--apne1-az1--x-s3/864.parquet\", \"s3://tpch10289--apne1-az1--x-s3/865.parquet\", \"s3://tpch10289--apne1-az1--x-s3/866.parquet\", \"s3://tpch10289--apne1-az1--x-s3/867.parquet\", \"s3://tpch10289--apne1-az1--x-s3/868.parquet\", \"s3://tpch10289--apne1-az1--x-s3/869.parquet\", \"s3://tpch10289--apne1-az1--x-s3/870.parquet\", \"s3://tpch10289--apne1-az1--x-s3/871.parquet\", \"s3://tpch10289--apne1-az1--x-s3/872.parquet\", \"s3://tpch10289--apne1-az1--x-s3/873.parquet\", \"s3://tpch10289--apne1-az1--x-s3/874.parquet\", \"s3://tpch10289--apne1-az1--x-s3/875.parquet\", \"s3://tpch10289--apne1-az1--x-s3/876.parquet\", \"s3://tpch10289--apne1-az1--x-s3/877.parquet\", \"s3://tpch10289--apne1-az1--x-s3/878.parquet\", \"s3://tpch10289--apne1-az1--x-s3/879.parquet\", \"s3://tpch10289--apne1-az1--x-s3/880.parquet\", \"s3://tpch10289--apne1-az1--x-s3/881.parquet\", \"s3://tpch10289--apne1-az1--x-s3/882.parquet\", \"s3://tpch10289--apne1-az1--x-s3/883.parquet\", \"s3://tpch10289--apne1-az1--x-s3/884.parquet\", \"s3://tpch10289--apne1-az1--x-s3/885.parquet\", \"s3://tpch10289--apne1-az1--x-s3/886.parquet\", \"s3://tpch10289--apne1-az1--x-s3/887.parquet\", \"s3://tpch10289--apne1-az1--x-s3/888.parquet\", \"s3://tpch10289--apne1-az1--x-s3/889.parquet\", \"s3://tpch10289--apne1-az1--x-s3/923.parquet\", \"s3://tpch10289--apne1-az1--x-s3/924.parquet\", \"s3://tpch10289--apne1-az1--x-s3/926.parquet\", \"s3://tpch10289--apne1-az1--x-s3/927.parquet\", \"s3://tpch10289--apne1-az1--x-s3/929.parquet\", \"s3://tpch10289--apne1-az1--x-s3/930.parquet\", \"s3://tpch10289--apne1-az1--x-s3/931.parquet\", \"s3://tpch10289--apne1-az1--x-s3/935.parquet\", \"s3://tpch10289--apne1-az1--x-s3/936.parquet\", \"s3://tpch10289--apne1-az1--x-s3/1125.parquet\", \"s3://tpch10289--apne1-az1--x-s3/1126.parquet\", \"s3://tpch10289--apne1-az1--x-s3/1127.parquet\", \"s3://tpch10289--apne1-az1--x-s3/1128.parquet\", \"s3://tpch10289--apne1-az1--x-s3/1129.parquet\", \"s3://tpch10289--apne1-az1--x-s3/1130.parquet\", \"s3://tpch10289--apne1-az1--x-s3/1131.parquet\", \"s3://tpch10289--apne1-az1--x-s3/1132.parquet\", \"s3://tpch10289--apne1-az1--x-s3/1133.parquet\", \"s3://tpch10289--apne1-az1--x-s3/1134.parquet\", \"s3://tpch10289--apne1-az1--x-s3/1136.parquet\", \"s3://tpch10289--apne1-az1--x-s3/1137.parquet\", \"s3://tpch10289--apne1-az1--x-s3/1138.parquet\", \"s3://tpch10289--apne1-az1--x-s3/1139.parquet\", \"s3://tpch10289--apne1-az1--x-s3/1140.parquet\", \"s3://tpch10289--apne1-az1--x-s3/1141.parquet\", \"s3://tpch10289--apne1-az1--x-s3/1142.parquet\", \"s3://tpch10289--apne1-az1--x-s3/1143.parquet\", \"s3://tpch10289--apne1-az1--x-s3/1144.parquet\", \"s3://tpch10289--apne1-az1--x-s3/1145.parquet\", \"s3://tpch10289--apne1-az1--x-s3/1146.parquet\", \"s3://tpch10289--apne1-az1--x-s3/1147.parquet\", \"s3://tpch10289--apne1-az1--x-s3/1148.parquet\", \"s3://tpch10289--apne1-az1--x-s3/1149.parquet\", \"s3://tpch10289--apne1-az1--x-s3/1150.parquet\", \"s3://tpch10289--apne1-az1--x-s3/1151.parquet\", \"s3://tpch10289--apne1-az1--x-s3/1152.parquet\", \"s3://tpch10289--apne1-az1--x-s3/1153.parquet\", \"s3://tpch10289--apne1-az1--x-s3/1154.parquet\", \"s3://tpch10289--apne1-az1--x-s3/1155.parquet\", \"s3://tpch10289--apne1-az1--x-s3/1156.parquet\", \"s3://tpch10289--apne1-az1--x-s3/1157.parquet\", \"s3://tpch10289--apne1-az1--x-s3/1158.parquet\", \"s3://tpch10289--apne1-az1--x-s3/1159.parquet\", \"s3://tpch10289--apne1-az1--x-s3/1160.parquet\", \"s3://tpch10289--apne1-az1--x-s3/1161.parquet\", \"s3://tpch10289--apne1-az1--x-s3/1162.parquet\", \"s3://tpch10289--apne1-az1--x-s3/1163.parquet\", \"s3://tpch10289--apne1-az1--x-s3/1164.parquet\", \"s3://tpch10289--apne1-az1--x-s3/1165.parquet\", \"s3://tpch10289--apne1-az1--x-s3/1166.parquet\", \"s3://tpch10289--apne1-az1--x-s3/1167.parquet\", \"s3://tpch10289--apne1-az1--x-s3/1168.parquet\", \"s3://tpch10289--apne1-az1--x-s3/1169.parquet\", \"s3://tpch10289--apne1-az1--x-s3/1170.parquet\", \"s3://tpch10289--apne1-az1--x-s3/1171.parquet\", \"s3://tpch10289--apne1-az1--x-s3/1172.parquet\", \"s3://tpch10289--apne1-az1--x-s3/1173.parquet\", \"s3://tpch10289--apne1-az1--x-s3/1174.parquet\", \"s3://tpch10289--apne1-az1--x-s3/1175.parquet\", \"s3://tpch10289--apne1-az1--x-s3/1176.parquet\", \"s3://tpch10289--apne1-az1--x-s3/1177.parquet\", \"s3://tpch10289--apne1-az1--x-s3/1178.parquet\", \"s3://tpch10289--apne1-az1--x-s3/1179.parquet\", \"s3://tpch10289--apne1-az1--x-s3/1180.parquet\", \"s3://tpch10289--apne1-az1--x-s3/1181.parquet\", \"s3://tpch10289--apne1-az1--x-s3/1182.parquet\", \"s3://tpch10289--apne1-az1--x-s3/1183.parquet\", \"s3://tpch10289--apne1-az1--x-s3/1184.parquet\", \"s3://tpch10289--apne1-az1--x-s3/1185.parquet\", \"s3://tpch10289--apne1-az1--x-s3/1186.parquet\", \"s3://tpch10289--apne1-az1--x-s3/1187.parquet\", \"s3://tpch10289--apne1-az1--x-s3/1188.parquet\", \"s3://tpch10289--apne1-az1--x-s3/1189.parquet\", \"s3://tpch10289--apne1-az1--x-s3/1190.parquet\", \"s3://tpch10289--apne1-az1--x-s3/1191.parquet\", \"s3://tpch10289--apne1-az1--x-s3/1192.parquet\", \"s3://tpch10289--apne1-az1--x-s3/1193.parquet\", \"s3://tpch10289--apne1-az1--x-s3/1194.parquet\", \"s3://tpch10289--apne1-az1--x-s3/1195.parquet\", \"s3://tpch10289--apne1-az1--x-s3/1196.parquet\", \"s3://tpch10289--apne1-az1--x-s3/1197.parquet\", \"s3://tpch10289--apne1-az1--x-s3/1198.parquet\", \"s3://tpch10289--apne1-az1--x-s3/1199.parquet\", \"s3://tpch10289--apne1-az1--x-s3/1268.parquet\", \"s3://tpch10289--apne1-az1--x-s3/1269.parquet\", \"s3://tpch10289--apne1-az1--x-s3/1270.parquet\", \"s3://tpch10289--apne1-az1--x-s3/1271.parquet\", \"s3://tpch10289--apne1-az1--x-s3/1272.parquet\", \"s3://tpch10289--apne1-az1--x-s3/1273.parquet\", \"s3://tpch10289--apne1-az1--x-s3/1274.parquet\", \"s3://tpch10289--apne1-az1--x-s3/1275.parquet\", \"s3://tpch10289--apne1-az1--x-s3/1276.parquet\", \"s3://tpch10289--apne1-az1--x-s3/1365.parquet\", \"s3://tpch10289--apne1-az1--x-s3/1367.parquet\", \"s3://tpch10289--apne1-az1--x-s3/1368.parquet\", \"s3://tpch10289--apne1-az1--x-s3/1369.parquet\", \"s3://tpch10289--apne1-az1--x-s3/1371.parquet\", \"s3://tpch10289--apne1-az1--x-s3/1372.parquet\", \"s3://tpch10289--apne1-az1--x-s3/1373.parquet\", \"s3://tpch10289--apne1-az1--x-s3/1374.parquet\", \"s3://tpch10289--apne1-az1--x-s3/1376.parquet\", \"s3://tpch10289--apne1-az1--x-s3/1377.parquet\", \"s3://tpch10289--apne1-az1--x-s3/1378.parquet\", \"s3://tpch10289--apne1-az1--x-s3/1379.parquet\", \"s3://tpch10289--apne1-az1--x-s3/1380.parquet\", \"s3://tpch10289--apne1-az1--x-s3/1381.parquet\", \"s3://tpch10289--apne1-az1--x-s3/1382.parquet\", \"s3://tpch10289--apne1-az1--x-s3/1383.parquet\", \"s3://tpch10289--apne1-az1--x-s3/1384.parquet\", \"s3://tpch10289--apne1-az1--x-s3/1385.parquet\", \"s3://tpch10289--apne1-az1--x-s3/1387.parquet\", \"s3://tpch10289--apne1-az1--x-s3/1388.parquet\", \"s3://tpch10289--apne1-az1--x-s3/1389.parquet\", \"s3://tpch10289--apne1-az1--x-s3/1390.parquet\", \"s3://tpch10289--apne1-az1--x-s3/1391.parquet\", \"s3://tpch10289--apne1-az1--x-s3/1392.parquet\", \"s3://tpch10289--apne1-az1--x-s3/1393.parquet\", \"s3://tpch10289--apne1-az1--x-s3/1394.parquet\", \"s3://tpch10289--apne1-az1--x-s3/1395.parquet\", \"s3://tpch10289--apne1-az1--x-s3/1396.parquet\", \"s3://tpch10289--apne1-az1--x-s3/1397.parquet\", \"s3://tpch10289--apne1-az1--x-s3/1398.parquet\", \"s3://tpch10289--apne1-az1--x-s3/1399.parquet\", \"s3://tpch10289--apne1-az1--x-s3/1400.parquet\", \"s3://tpch10289--apne1-az1--x-s3/1401.parquet\", \"s3://tpch10289--apne1-az1--x-s3/1402.parquet\", \"s3://tpch10289--apne1-az1--x-s3/1403.parquet\", \"s3://tpch10289--apne1-az1--x-s3/1404.parquet\", \"s3://tpch10289--apne1-az1--x-s3/1405.parquet\", \"s3://tpch10289--apne1-az1--x-s3/1406.parquet\", \"s3://tpch10289--apne1-az1--x-s3/1407.parquet\", \"s3://tpch10289--apne1-az1--x-s3/1409.parquet\", \"s3://tpch10289--apne1-az1--x-s3/1410.parquet\", \"s3://tpch10289--apne1-az1--x-s3/1411.parquet\", \"s3://tpch10289--apne1-az1--x-s3/1412.parquet\", \"s3://tpch10289--apne1-az1--x-s3/1413.parquet\", \"s3://tpch10289--apne1-az1--x-s3/1414.parquet\", \"s3://tpch10289--apne1-az1--x-s3/1415.parquet\", \"s3://tpch10289--apne1-az1--x-s3/1416.parquet\", \"s3://tpch10289--apne1-az1--x-s3/1417.parquet\", \"s3://tpch10289--apne1-az1--x-s3/1448.parquet\", \"s3://tpch10289--apne1-az1--x-s3/1449.parquet\", \"s3://tpch10289--apne1-az1--x-s3/1450.parquet\", \"s3://tpch10289--apne1-az1--x-s3/1451.parquet\", \"s3://tpch10289--apne1-az1--x-s3/1452.parquet\", \"s3://tpch10289--apne1-az1--x-s3/1453.parquet\", \"s3://tpch10289--apne1-az1--x-s3/1454.parquet\", \"s3://tpch10289--apne1-az1--x-s3/1455.parquet\", \"s3://tpch10289--apne1-az1--x-s3/1456.parquet\", \"s3://tpch10289--apne1-az1--x-s3/1457.parquet\", \"s3://tpch10289--apne1-az1--x-s3/1458.parquet\", \"s3://tpch10289--apne1-az1--x-s3/1459.parquet\", \"s3://tpch10289--apne1-az1--x-s3/1460.parquet\", \"s3://tpch10289--apne1-az1--x-s3/1461.parquet\", \"s3://tpch10289--apne1-az1--x-s3/1462.parquet\", \"s3://tpch10289--apne1-az1--x-s3/1463.parquet\", \"s3://tpch10289--apne1-az1--x-s3/1464.parquet\", \"s3://tpch10289--apne1-az1--x-s3/1465.parquet\", \"s3://tpch10289--apne1-az1--x-s3/1466.parquet\", \"s3://tpch10289--apne1-az1--x-s3/1467.parquet\", \"s3://tpch10289--apne1-az1--x-s3/1468.parquet\", \"s3://tpch10289--apne1-az1--x-s3/1469.parquet\", \"s3://tpch10289--apne1-az1--x-s3/1470.parquet\", \"s3://tpch10289--apne1-az1--x-s3/1471.parquet\", \"s3://tpch10289--apne1-az1--x-s3/1472.parquet\", \"s3://tpch10289--apne1-az1--x-s3/1473.parquet\", \"s3://tpch10289--apne1-az1--x-s3/1474.parquet\", \"s3://tpch10289--apne1-az1--x-s3/1475.parquet\", \"s3://tpch10289--apne1-az1--x-s3/1476.parquet\", \"s3://tpch10289--apne1-az1--x-s3/1477.parquet\", \"s3://tpch10289--apne1-az1--x-s3/1478.parquet\", \"s3://tpch10289--apne1-az1--x-s3/1479.parquet\", \"s3://tpch10289--apne1-az1--x-s3/1480.parquet\", \"s3://tpch10289--apne1-az1--x-s3/1481.parquet\", \"s3://tpch10289--apne1-az1--x-s3/1482.parquet\", \"s3://tpch10289--apne1-az1--x-s3/1483.parquet\", \"s3://tpch10289--apne1-az1--x-s3/1484.parquet\", \"s3://tpch10289--apne1-az1--x-s3/1485.parquet\", \"s3://tpch10289--apne1-az1--x-s3/1486.parquet\", \"s3://tpch10289--apne1-az1--x-s3/1487.parquet\", \"s3://tpch10289--apne1-az1--x-s3/1488.parquet\", \"s3://tpch10289--apne1-az1--x-s3/1489.parquet\", \"s3://tpch10289--apne1-az1--x-s3/1491.parquet\", \"s3://tpch10289--apne1-az1--x-s3/1492.parquet\", \"s3://tpch10289--apne1-az1--x-s3/1493.parquet\", \"s3://tpch10289--apne1-az1--x-s3/1494.parquet\", \"s3://tpch10289--apne1-az1--x-s3/1495.parquet\", \"s3://tpch10289--apne1-az1--x-s3/1496.parquet\", \"s3://tpch10289--apne1-az1--x-s3/1497.parquet\", \"s3://tpch10289--apne1-az1--x-s3/1498.parquet\", \"s3://tpch10289--apne1-az1--x-s3/1499.parquet\", \"s3://tpch10289--apne1-az1--x-s3/1500.parquet\", \"s3://tpch10289--apne1-az1--x-s3/1501.parquet\", \"s3://tpch10289--apne1-az1--x-s3/1502.parquet\", \"s3://tpch10289--apne1-az1--x-s3/1503.parquet\", \"s3://tpch10289--apne1-az1--x-s3/1504.parquet\", \"s3://tpch10289--apne1-az1--x-s3/1505.parquet\", \"s3://tpch10289--apne1-az1--x-s3/1506.parquet\", \"s3://tpch10289--apne1-az1--x-s3/1507.parquet\", \"s3://tpch10289--apne1-az1--x-s3/1508.parquet\", \"s3://tpch10289--apne1-az1--x-s3/1509.parquet\", \"s3://tpch10289--apne1-az1--x-s3/1510.parquet\", \"s3://tpch10289--apne1-az1--x-s3/1511.parquet\", \"s3://tpch10289--apne1-az1--x-s3/1512.parquet\", \"s3://tpch10289--apne1-az1--x-s3/1513.parquet\", \"s3://tpch10289--apne1-az1--x-s3/1514.parquet\", \"s3://tpch10289--apne1-az1--x-s3/1515.parquet\", \"s3://tpch10289--apne1-az1--x-s3/1516.parquet\", \"s3://tpch10289--apne1-az1--x-s3/1517.parquet\", \"s3://tpch10289--apne1-az1--x-s3/1518.parquet\", \"s3://tpch10289--apne1-az1--x-s3/1529.parquet\", \"s3://tpch10289--apne1-az1--x-s3/1530.parquet\", \"s3://tpch10289--apne1-az1--x-s3/1532.parquet\", \"s3://tpch10289--apne1-az1--x-s3/1539.parquet\", \"s3://tpch10289--apne1-az1--x-s3/1540.parquet\", \"s3://tpch10289--apne1-az1--x-s3/1633.parquet\", \"s3://tpch10289--apne1-az1--x-s3/1634.parquet\", \"s3://tpch10289--apne1-az1--x-s3/1635.parquet\", \"s3://tpch10289--apne1-az1--x-s3/1636.parquet\", \"s3://tpch10289--apne1-az1--x-s3/1637.parquet\", \"s3://tpch10289--apne1-az1--x-s3/1638.parquet\", \"s3://tpch10289--apne1-az1--x-s3/1639.parquet\", \"s3://tpch10289--apne1-az1--x-s3/1640.parquet\", \"s3://tpch10289--apne1-az1--x-s3/1641.parquet\", \"s3://tpch10289--apne1-az1--x-s3/1642.parquet\", \"s3://tpch10289--apne1-az1--x-s3/1643.parquet\", \"s3://tpch10289--apne1-az1--x-s3/1644.parquet\", \"s3://tpch10289--apne1-az1--x-s3/1645.parquet\", \"s3://tpch10289--apne1-az1--x-s3/1646.parquet\", \"s3://tpch10289--apne1-az1--x-s3/1647.parquet\", \"s3://tpch10289--apne1-az1--x-s3/1648.parquet\", \"s3://tpch10289--apne1-az1--x-s3/1649.parquet\", \"s3://tpch10289--apne1-az1--x-s3/1650.parquet\", \"s3://tpch10289--apne1-az1--x-s3/1651.parquet\", \"s3://tpch10289--apne1-az1--x-s3/1652.parquet\", \"s3://tpch10289--apne1-az1--x-s3/1653.parquet\", \"s3://tpch10289--apne1-az1--x-s3/1730.parquet\", \"s3://tpch10289--apne1-az1--x-s3/1731.parquet\", \"s3://tpch10289--apne1-az1--x-s3/1732.parquet\", \"s3://tpch10289--apne1-az1--x-s3/1733.parquet\", \"s3://tpch10289--apne1-az1--x-s3/1734.parquet\", \"s3://tpch10289--apne1-az1--x-s3/1735.parquet\", \"s3://tpch10289--apne1-az1--x-s3/1736.parquet\", \"s3://tpch10289--apne1-az1--x-s3/1737.parquet\", \"s3://tpch10289--apne1-az1--x-s3/1738.parquet\", \"s3://tpch10289--apne1-az1--x-s3/1739.parquet\", \"s3://tpch10289--apne1-az1--x-s3/1740.parquet\", \"s3://tpch10289--apne1-az1--x-s3/1741.parquet\", \"s3://tpch10289--apne1-az1--x-s3/1742.parquet\", \"s3://tpch10289--apne1-az1--x-s3/1743.parquet\", \"s3://tpch10289--apne1-az1--x-s3/1744.parquet\", \"s3://tpch10289--apne1-az1--x-s3/1745.parquet\", \"s3://tpch10289--apne1-az1--x-s3/1746.parquet\", \"s3://tpch10289--apne1-az1--x-s3/1747.parquet\", \"s3://tpch10289--apne1-az1--x-s3/1748.parquet\", \"s3://tpch10289--apne1-az1--x-s3/1749.parquet\", \"s3://tpch10289--apne1-az1--x-s3/1750.parquet\", \"s3://tpch10289--apne1-az1--x-s3/1751.parquet\", \"s3://tpch10289--apne1-az1--x-s3/1752.parquet\", \"s3://tpch10289--apne1-az1--x-s3/1753.parquet\", \"s3://tpch10289--apne1-az1--x-s3/1754.parquet\", \"s3://tpch10289--apne1-az1--x-s3/1755.parquet\", \"s3://tpch10289--apne1-az1--x-s3/1756.parquet\", \"s3://tpch10289--apne1-az1--x-s3/1757.parquet\", \"s3://tpch10289--apne1-az1--x-s3/1758.parquet\", \"s3://tpch10289--apne1-az1--x-s3/1759.parquet\", \"s3://tpch10289--apne1-az1--x-s3/1760.parquet\", \"s3://tpch10289--apne1-az1--x-s3/1761.parquet\", \"s3://tpch10289--apne1-az1--x-s3/1762.parquet\", \"s3://tpch10289--apne1-az1--x-s3/1763.parquet\", \"s3://tpch10289--apne1-az1--x-s3/1764.parquet\", \"s3://tpch10289--apne1-az1--x-s3/1765.parquet\", \"s3://tpch10289--apne1-az1--x-s3/1766.parquet\", \"s3://tpch10289--apne1-az1--x-s3/1767.parquet\", \"s3://tpch10289--apne1-az1--x-s3/1768.parquet\", \"s3://tpch10289--apne1-az1--x-s3/1769.parquet\", \"s3://tpch10289--apne1-az1--x-s3/1770.parquet\", \"s3://tpch10289--apne1-az1--x-s3/1771.parquet\", \"s3://tpch10289--apne1-az1--x-s3/1772.parquet\", \"s3://tpch10289--apne1-az1--x-s3/1773.parquet\", \"s3://tpch10289--apne1-az1--x-s3/1775.parquet\", \"s3://tpch10289--apne1-az1--x-s3/1776.parquet\", \"s3://tpch10289--apne1-az1--x-s3/1777.parquet\", \"s3://tpch10289--apne1-az1--x-s3/1778.parquet\", \"s3://tpch10289--apne1-az1--x-s3/1779.parquet\", \"s3://tpch10289--apne1-az1--x-s3/1780.parquet\", \"s3://tpch10289--apne1-az1--x-s3/1781.parquet\", \"s3://tpch10289--apne1-az1--x-s3/1782.parquet\", \"s3://tpch10289--apne1-az1--x-s3/1783.parquet\", \"s3://tpch10289--apne1-az1--x-s3/1784.parquet\", \"s3://tpch10289--apne1-az1--x-s3/1785.parquet\", \"s3://tpch10289--apne1-az1--x-s3/1786.parquet\", \"s3://tpch10289--apne1-az1--x-s3/1787.parquet\", \"s3://tpch10289--apne1-az1--x-s3/1788.parquet\", \"s3://tpch10289--apne1-az1--x-s3/1789.parquet\", \"s3://tpch10289--apne1-az1--x-s3/1790.parquet\", \"s3://tpch10289--apne1-az1--x-s3/1791.parquet\", \"s3://tpch10289--apne1-az1--x-s3/1792.parquet\", \"s3://tpch10289--apne1-az1--x-s3/1793.parquet\", \"s3://tpch10289--apne1-az1--x-s3/1794.parquet\", \"s3://tpch10289--apne1-az1--x-s3/1795.parquet\", \"s3://tpch10289--apne1-az1--x-s3/1796.parquet\", \"s3://tpch10289--apne1-az1--x-s3/1797.parquet\", \"s3://tpch10289--apne1-az1--x-s3/1798.parquet\", \"s3://tpch10289--apne1-az1--x-s3/1799.parquet\", \"s3://tpch10289--apne1-az1--x-s3/1800.parquet\", \"s3://tpch10289--apne1-az1--x-s3/1801.parquet\", \"s3://tpch10289--apne1-az1--x-s3/1802.parquet\", \"s3://tpch10289--apne1-az1--x-s3/1803.parquet\", \"s3://tpch10289--apne1-az1--x-s3/1804.parquet\", \"s3://tpch10289--apne1-az1--x-s3/1805.parquet\", \"s3://tpch10289--apne1-az1--x-s3/1806.parquet\", \"s3://tpch10289--apne1-az1--x-s3/1807.parquet\", \"s3://tpch10289--apne1-az1--x-s3/1808.parquet\", \"s3://tpch10289--apne1-az1--x-s3/1809.parquet\", \"s3://tpch10289--apne1-az1--x-s3/1810.parquet\", \"s3://tpch10289--apne1-az1--x-s3/1811.parquet\", \"s3://tpch10289--apne1-az1--x-s3/1812.parquet\", \"s3://tpch10289--apne1-az1--x-s3/1813.parquet\", \"s3://tpch10289--apne1-az1--x-s3/1814.parquet\", \"s3://tpch10289--apne1-az1--x-s3/1815.parquet\", \"s3://tpch10289--apne1-az1--x-s3/1816.parquet\", \"s3://tpch10289--apne1-az1--x-s3/1817.parquet\", \"s3://tpch10289--apne1-az1--x-s3/1818.parquet\", \"s3://tpch10289--apne1-az1--x-s3/1819.parquet\", \"s3://tpch10289--apne1-az1--x-s3/1820.parquet\", \"s3://tpch10289--apne1-az1--x-s3/1821.parquet\", \"s3://tpch10289--apne1-az1--x-s3/1822.parquet\", \"s3://tpch10289--apne1-az1--x-s3/1823.parquet\", \"s3://tpch10289--apne1-az1--x-s3/1824.parquet\", \"s3://tpch10289--apne1-az1--x-s3/1825.parquet\", \"s3://tpch10289--apne1-az1--x-s3/1826.parquet\", \"s3://tpch10289--apne1-az1--x-s3/1827.parquet\", \"s3://tpch10289--apne1-az1--x-s3/1828.parquet\", \"s3://tpch10289--apne1-az1--x-s3/1829.parquet\", \"s3://tpch10289--apne1-az1--x-s3/1830.parquet\", \"s3://tpch10289--apne1-az1--x-s3/1831.parquet\", \"s3://tpch10289--apne1-az1--x-s3/1832.parquet\", \"s3://tpch10289--apne1-az1--x-s3/1833.parquet\", \"s3://tpch10289--apne1-az1--x-s3/1834.parquet\", \"s3://tpch10289--apne1-az1--x-s3/1836.parquet\", \"s3://tpch10289--apne1-az1--x-s3/1837.parquet\", \"s3://tpch10289--apne1-az1--x-s3/1838.parquet\", \"s3://tpch10289--apne1-az1--x-s3/1839.parquet\", \"s3://tpch10289--apne1-az1--x-s3/1840.parquet\", \"s3://tpch10289--apne1-az1--x-s3/1841.parquet\", \"s3://tpch10289--apne1-az1--x-s3/1842.parquet\", \"s3://tpch10289--apne1-az1--x-s3/1843.parquet\", \"s3://tpch10289--apne1-az1--x-s3/1845.parquet\", \"s3://tpch10289--apne1-az1--x-s3/1846.parquet\", \"s3://tpch10289--apne1-az1--x-s3/1847.parquet\", \"s3://tpch10289--apne1-az1--x-s3/1848.parquet\", \"s3://tpch10289--apne1-az1--x-s3/1849.parquet\", \"s3://tpch10289--apne1-az1--x-s3/1850.parquet\", \"s3://tpch10289--apne1-az1--x-s3/1851.parquet\", \"s3://tpch10289--apne1-az1--x-s3/1852.parquet\", \"s3://tpch10289--apne1-az1--x-s3/1997.parquet\", \"s3://tpch10289--apne1-az1--x-s3/1998.parquet\", \"s3://tpch10289--apne1-az1--x-s3/1999.parquet\", \"s3://tpch10289--apne1-az1--x-s3/2000.parquet\", \"s3://tpch10289--apne1-az1--x-s3/2001.parquet\", \"s3://tpch10289--apne1-az1--x-s3/2002.parquet\", \"s3://tpch10289--apne1-az1--x-s3/2003.parquet\", \"s3://tpch10289--apne1-az1--x-s3/2004.parquet\", \"s3://tpch10289--apne1-az1--x-s3/2005.parquet\", \"s3://tpch10289--apne1-az1--x-s3/2006.parquet\", \"s3://tpch10289--apne1-az1--x-s3/2007.parquet\", \"s3://tpch10289--apne1-az1--x-s3/2008.parquet\", \"s3://tpch10289--apne1-az1--x-s3/2009.parquet\", \"s3://tpch10289--apne1-az1--x-s3/2010.parquet\", \"s3://tpch10289--apne1-az1--x-s3/2011.parquet\", \"s3://tpch10289--apne1-az1--x-s3/2012.parquet\", \"s3://tpch10289--apne1-az1--x-s3/2059.parquet\", \"s3://tpch10289--apne1-az1--x-s3/2060.parquet\", \"s3://tpch10289--apne1-az1--x-s3/2061.parquet\", \"s3://tpch10289--apne1-az1--x-s3/2062.parquet\", \"s3://tpch10289--apne1-az1--x-s3/2063.parquet\", \"s3://tpch10289--apne1-az1--x-s3/2064.parquet\", \"s3://tpch10289--apne1-az1--x-s3/2065.parquet\", \"s3://tpch10289--apne1-az1--x-s3/2066.parquet\", \"s3://tpch10289--apne1-az1--x-s3/2067.parquet\", \"s3://tpch10289--apne1-az1--x-s3/2068.parquet\", \"s3://tpch10289--apne1-az1--x-s3/2069.parquet\", \"s3://tpch10289--apne1-az1--x-s3/2070.parquet\", \"s3://tpch10289--apne1-az1--x-s3/2071.parquet\", \"s3://tpch10289--apne1-az1--x-s3/2072.parquet\", \"s3://tpch10289--apne1-az1--x-s3/2073.parquet\", \"s3://tpch10289--apne1-az1--x-s3/2074.parquet\", \"s3://tpch10289--apne1-az1--x-s3/2075.parquet\", \"s3://tpch10289--apne1-az1--x-s3/2076.parquet\", \"s3://tpch10289--apne1-az1--x-s3/2077.parquet\", \"s3://tpch10289--apne1-az1--x-s3/2078.parquet\", \"s3://tpch10289--apne1-az1--x-s3/2079.parquet\", \"s3://tpch10289--apne1-az1--x-s3/2080.parquet\", \"s3://tpch10289--apne1-az1--x-s3/2081.parquet\", \"s3://tpch10289--apne1-az1--x-s3/2082.parquet\", \"s3://tpch10289--apne1-az1--x-s3/2083.parquet\", \"s3://tpch10289--apne1-az1--x-s3/2084.parquet\", \"s3://tpch10289--apne1-az1--x-s3/2085.parquet\", \"s3://tpch10289--apne1-az1--x-s3/2086.parquet\", \"s3://tpch10289--apne1-az1--x-s3/2087.parquet\", \"s3://tpch10289--apne1-az1--x-s3/2088.parquet\", \"s3://tpch10289--apne1-az1--x-s3/2089.parquet\", \"s3://tpch10289--apne1-az1--x-s3/2090.parquet\", \"s3://tpch10289--apne1-az1--x-s3/2091.parquet\", \"s3://tpch10289--apne1-az1--x-s3/2092.parquet\", \"s3://tpch10289--apne1-az1--x-s3/2093.parquet\", \"s3://tpch10289--apne1-az1--x-s3/2094.parquet\", \"s3://tpch10289--apne1-az1--x-s3/2095.parquet\", \"s3://tpch10289--apne1-az1--x-s3/2096.parquet\", \"s3://tpch10289--apne1-az1--x-s3/2097.parquet\", \"s3://tpch10289--apne1-az1--x-s3/2098.parquet\", \"s3://tpch10289--apne1-az1--x-s3/2104.parquet\", \"s3://tpch10289--apne1-az1--x-s3/2107.parquet\", \"s3://tpch10289--apne1-az1--x-s3/2112.parquet\", \"s3://tpch10289--apne1-az1--x-s3/2120.parquet\", \"s3://tpch10289--apne1-az1--x-s3/2125.parquet\", \"s3://tpch10289--apne1-az1--x-s3/2129.parquet\", \"s3://tpch10289--apne1-az1--x-s3/2200.parquet\", \"s3://tpch10289--apne1-az1--x-s3/2271.parquet\", \"s3://tpch10289--apne1-az1--x-s3/2272.parquet\", \"s3://tpch10289--apne1-az1--x-s3/2273.parquet\", \"s3://tpch10289--apne1-az1--x-s3/2274.parquet\", \"s3://tpch10289--apne1-az1--x-s3/2275.parquet\", \"s3://tpch10289--apne1-az1--x-s3/2276.parquet\", \"s3://tpch10289--apne1-az1--x-s3/2278.parquet\", \"s3://tpch10289--apne1-az1--x-s3/2283.parquet\", \"s3://tpch10289--apne1-az1--x-s3/2285.parquet\", \"s3://tpch10289--apne1-az1--x-s3/2286.parquet\", \"s3://tpch10289--apne1-az1--x-s3/2290.parquet\", \"s3://tpch10289--apne1-az1--x-s3/2300.parquet\", \"s3://tpch10289--apne1-az1--x-s3/2303.parquet\", \"s3://tpch10289--apne1-az1--x-s3/2307.parquet\", \"s3://tpch10289--apne1-az1--x-s3/2310.parquet\", \"s3://tpch10289--apne1-az1--x-s3/2311.parquet\", \"s3://tpch10289--apne1-az1--x-s3/2312.parquet\", \"s3://tpch10289--apne1-az1--x-s3/2313.parquet\", \"s3://tpch10289--apne1-az1--x-s3/2315.parquet\", \"s3://tpch10289--apne1-az1--x-s3/2316.parquet\", \"s3://tpch10289--apne1-az1--x-s3/2318.parquet\", \"s3://tpch10289--apne1-az1--x-s3/2324.parquet\", \"s3://tpch10289--apne1-az1--x-s3/2325.parquet\", \"s3://tpch10289--apne1-az1--x-s3/2326.parquet\", \"s3://tpch10289--apne1-az1--x-s3/2327.parquet\", \"s3://tpch10289--apne1-az1--x-s3/2329.parquet\", \"s3://tpch10289--apne1-az1--x-s3/2333.parquet\", \"s3://tpch10289--apne1-az1--x-s3/2334.parquet\", \"s3://tpch10289--apne1-az1--x-s3/2335.parquet\", \"s3://tpch10289--apne1-az1--x-s3/2336.parquet\", \"s3://tpch10289--apne1-az1--x-s3/2337.parquet\", \"s3://tpch10289--apne1-az1--x-s3/2338.parquet\", \"s3://tpch10289--apne1-az1--x-s3/2339.parquet\", \"s3://tpch10289--apne1-az1--x-s3/2341.parquet\", \"s3://tpch10289--apne1-az1--x-s3/2342.parquet\", \"s3://tpch10289--apne1-az1--x-s3/2413.parquet\", \"s3://tpch10289--apne1-az1--x-s3/2484.parquet\", \"s3://tpch10289--apne1-az1--x-s3/2485.parquet\", \"s3://tpch10289--apne1-az1--x-s3/2486.parquet\", \"s3://tpch10289--apne1-az1--x-s3/2487.parquet\", \"s3://tpch10289--apne1-az1--x-s3/2488.parquet\", \"s3://tpch10289--apne1-az1--x-s3/2489.parquet\", \"s3://tpch10289--apne1-az1--x-s3/2490.parquet\", \"s3://tpch10289--apne1-az1--x-s3/2491.parquet\", \"s3://tpch10289--apne1-az1--x-s3/2492.parquet\", \"s3://tpch10289--apne1-az1--x-s3/2493.parquet\", \"s3://tpch10289--apne1-az1--x-s3/2494.parquet\", \"s3://tpch10289--apne1-az1--x-s3/2495.parquet\", \"s3://tpch10289--apne1-az1--x-s3/2496.parquet\", \"s3://tpch10289--apne1-az1--x-s3/2497.parquet\", \"s3://tpch10289--apne1-az1--x-s3/2498.parquet\", \"s3://tpch10289--apne1-az1--x-s3/2499.parquet\", \"s3://tpch10289--apne1-az1--x-s3/2500.parquet\", \"s3://tpch10289--apne1-az1--x-s3/2501.parquet\", \"s3://tpch10289--apne1-az1--x-s3/2502.parquet\", \"s3://tpch10289--apne1-az1--x-s3/2503.parquet\", \"s3://tpch10289--apne1-az1--x-s3/2504.parquet\", \"s3://tpch10289--apne1-az1--x-s3/2505.parquet\", \"s3://tpch10289--apne1-az1--x-s3/2506.parquet\", \"s3://tpch10289--apne1-az1--x-s3/2507.parquet\", \"s3://tpch10289--apne1-az1--x-s3/2508.parquet\", \"s3://tpch10289--apne1-az1--x-s3/2509.parquet\", \"s3://tpch10289--apne1-az1--x-s3/2510.parquet\", \"s3://tpch10289--apne1-az1--x-s3/2511.parquet\", \"s3://tpch10289--apne1-az1--x-s3/2512.parquet\", \"s3://tpch10289--apne1-az1--x-s3/2513.parquet\", \"s3://tpch10289--apne1-az1--x-s3/2514.parquet\", \"s3://tpch10289--apne1-az1--x-s3/2515.parquet\", \"s3://tpch10289--apne1-az1--x-s3/2516.parquet\", \"s3://tpch10289--apne1-az1--x-s3/2517.parquet\", \"s3://tpch10289--apne1-az1--x-s3/2518.parquet\", \"s3://tpch10289--apne1-az1--x-s3/2519.parquet\", \"s3://tpch10289--apne1-az1--x-s3/2520.parquet\", \"s3://tpch10289--apne1-az1--x-s3/2521.parquet\", \"s3://tpch10289--apne1-az1--x-s3/2522.parquet\", \"s3://tpch10289--apne1-az1--x-s3/2523.parquet\", \"s3://tpch10289--apne1-az1--x-s3/2524.parquet\", \"s3://tpch10289--apne1-az1--x-s3/2525.parquet\", \"s3://tpch10289--apne1-az1--x-s3/2526.parquet\", \"s3://tpch10289--apne1-az1--x-s3/2527.parquet\", \"s3://tpch10289--apne1-az1--x-s3/2528.parquet\", \"s3://tpch10289--apne1-az1--x-s3/2529.parquet\", \"s3://tpch10289--apne1-az1--x-s3/2530.parquet\", \"s3://tpch10289--apne1-az1--x-s3/2531.parquet\", \"s3://tpch10289--apne1-az1--x-s3/2532.parquet\", \"s3://tpch10289--apne1-az1--x-s3/2533.parquet\", \"s3://tpch10289--apne1-az1--x-s3/2534.parquet\", \"s3://tpch10289--apne1-az1--x-s3/2535.parquet\", \"s3://tpch10289--apne1-az1--x-s3/2536.parquet\", \"s3://tpch10289--apne1-az1--x-s3/2537.parquet\", \"s3://tpch10289--apne1-az1--x-s3/2538.parquet\", \"s3://tpch10289--apne1-az1--x-s3/2539.parquet\", \"s3://tpch10289--apne1-az1--x-s3/2540.parquet\", \"s3://tpch10289--apne1-az1--x-s3/2541.parquet\", \"s3://tpch10289--apne1-az1--x-s3/2542.parquet\", \"s3://tpch10289--apne1-az1--x-s3/2543.parquet\", \"s3://tpch10289--apne1-az1--x-s3/2544.parquet\", \"s3://tpch10289--apne1-az1--x-s3/2545.parquet\", \"s3://tpch10289--apne1-az1--x-s3/2546.parquet\", \"s3://tpch10289--apne1-az1--x-s3/2547.parquet\", \"s3://tpch10289--apne1-az1--x-s3/2548.parquet\", \"s3://tpch10289--apne1-az1--x-s3/2549.parquet\", \"s3://tpch10289--apne1-az1--x-s3/2550.parquet\", \"s3://tpch10289--apne1-az1--x-s3/2551.parquet\", \"s3://tpch10289--apne1-az1--x-s3/2552.parquet\", \"s3://tpch10289--apne1-az1--x-s3/2553.parquet\", \"s3://tpch10289--apne1-az1--x-s3/2554.parquet\", \"s3://tpch10289--apne1-az1--x-s3/2555.parquet\"])\n                    WHERE\n                        l_partkey = ps_partkey\n                        AND l_suppkey = ps_suppkey\n                        AND l_shipdate >= DATE '1992-01-01' + INTERVAL 24 MONTH\n                        AND l_shipdate < DATE '1993-01-01' + INTERVAL 24 MONTH\n                )\n            )\n            AND s_nationkey = n_nationkey\n            AND n_name = 'MOZAMBIQUE'\n        ORDER BY\n            s_name;",
    "children": [
        {
            "result_set_size": 2024640,
            "operator_timing": 0.005031567,
            "operator_rows_scanned": 0,
            "cumulative_rows_scanned": 15445440025,
            "operator_cardinality": 63270,
            "operator_type": "ORDER_BY",
            "cumulative_cardinality": 1037119018,
            "extra_info": {
                "Order By": "\"pool/supplier/*.parquet\".s_name ASC"
            },
            "cpu_time": 325.6966892310001,
            "children": [
                {
                    "result_set_size": 2024640,
                    "operator_timing": 0.000016100000000000002,
                    "operator_rows_scanned": 0,
                    "cumulative_rows_scanned": 15445440025,
                    "operator_cardinality": 63270,
                    "operator_type": "PROJECTION",
                    "cumulative_cardinality": 1037055748,
                    "extra_info": {
                        "Projections": [
                            "s_name",
                            "s_address"
                        ],
                        "Estimated Cardinality": "176000"
                    },
                    "cpu_time": 325.6916576640001,
                    "children": [
                        {
                            "result_set_size": 2530800,
                            "operator_timing": 0.06850168400000001,
                            "operator_rows_scanned": 0,
                            "cumulative_rows_scanned": 15445440025,
                            "operator_cardinality": 63270,
                            "operator_type": "HASH_JOIN",
                            "cumulative_cardinality": 1036992478,
                            "extra_info": {
                                "Join Type": "RIGHT_SEMI",
                                "Conditions": "#0 = s_suppkey",
                                "Estimated Cardinality": "176000"
                            },
                            "cpu_time": 325.6916415640001,
                            "children": [
                                {
                                    "result_set_size": 17706096,
                                    "operator_timing": 0.00036939899999999996,
                                    "operator_rows_scanned": 0,
                                    "cumulative_rows_scanned": 15304640000,
                                    "operator_cardinality": 2213262,
                                    "operator_type": "PROJECTION",
                                    "cumulative_cardinality": 1036577369,
                                    "extra_info": {
                                        "Projections": "ps_suppkey",
                                        "Estimated Cardinality": "70400000"
                                    },
                                    "cpu_time": 325.3188824140001,
                                    "children": [
                                        {
                                            "result_set_size": 70824384,
                                            "operator_timing": 0.0008361999999999999,
                                            "operator_rows_scanned": 0,
                                            "cumulative_rows_scanned": 15304640000,
                                            "operator_cardinality": 2213262,
                                            "operator_type": "PROJECTION",
                                            "cumulative_cardinality": 1034364107,
                                            "extra_info": {
                                                "Projections": [
                                                    "#0",
                                                    "#4",
                                                    "#5"
                                                ],
                                                "Estimated Cardinality": "70400000"
                                            },
                                            "cpu_time": 325.31851301500006,
                                            "children": [
                                                {
                                                    "result_set_size": 123942672,
                                                    "operator_timing": 0.08803655899999999,
                                                    "operator_rows_scanned": 0,
                                                    "cumulative_rows_scanned": 15304640000,
                                                    "operator_cardinality": 2213262,
                                                    "operator_type": "FILTER",
                                                    "cumulative_cardinality": 1032150845,
                                                    "extra_info": {
                                                        "Expression": "(CAST(ps_availqty AS DECIMAL(38,3)) > SUBQUERY)",
                                                        "Estimated Cardinality": "70400000"
                                                    },
                                                    "cpu_time": 325.3176768150001,
                                                    "children": [
                                                        {
                                                            "result_set_size": 0,
                                                            "operator_timing": 0.38239849400000003,
                                                            "operator_rows_scanned": 0,
                                                            "cumulative_rows_scanned": 15304640000,
                                                            "operator_cardinality": 0,
                                                            "operator_type": "RIGHT_DELIM_JOIN",
                                                            "cumulative_cardinality": 1029937583,
                                                            "extra_info": {
                                                                "Join Type": "RIGHT",
                                                                "Conditions": [
                                                                    "ps_partkey IS NOT DISTINCT FROM ps_partkey",
                                                                    "ps_suppkey IS NOT DISTINCT FROM ps_suppkey"
                                                                ],
                                                                "Estimated Cardinality": "70400000",
                                                                "Delim Index": "1"
                                                            },
                                                            "cpu_time": 325.2296402560001,
                                                            "children": [
                                                                {
                                                                    "result_set_size": 91814592,
                                                                    "operator_timing": 4.819426082000119,
                                                                    "operator_rows_scanned": 0,
                                                                    "cumulative_rows_scanned": 14080000000,
                                                                    "operator_cardinality": 3825608,
                                                                    "operator_type": "HASH_JOIN",
                                                                    "cumulative_cardinality": 358693566,
                                                                    "extra_info": {
                                                                        "Join Type": "SEMI",
                                                                        "Conditions": "ps_partkey = #0",
                                                                        "Estimated Cardinality": "70400000"
                                                                    },
                                                                    "cpu_time": 26.9319884500001,
                                                                    "children": [
                                                                        {
                                                                            "result_set_size": 8447970048,
                                                                            "operator_timing": 13.118195783999997,
                                                                            "operator_rows_scanned": 11264000000,
                                                                            "cumulative_rows_scanned": 11264000000,
                                                                            "operator_cardinality": 351998752,
                                                                            "operator_type": "TABLE_SCAN",
                                                                            "cumulative_cardinality": 351998752,
                                                                            "extra_info": {
                                                                                "Function": "PARQUET_SCAN",
                                                                                "Projections": [
                                                                                    "ps_partkey",
                                                                                    "ps_availqty",
                                                                                    "ps_suppkey"
                                                                                ],
                                                                                "Estimated Cardinality": "352000000"
                                                                            },
                                                                            "cpu_time": 13.118195783999997,
                                                                            "children": []
                                                                        },
                                                                        {
                                                                            "result_set_size": 7651216,
                                                                            "operator_timing": 0.000350685,
                                                                            "operator_rows_scanned": 0,
                                                                            "cumulative_rows_scanned": 2816000000,
                                                                            "operator_cardinality": 956402,
                                                                            "operator_type": "PROJECTION",
                                                                            "cumulative_cardinality": 2869206,
                                                                            "extra_info": {
                                                                                "Projections": "p_partkey",
                                                                                "Estimated Cardinality": "3520000"
                                                                            },
                                                                            "cpu_time": 8.994366583999987,
                                                                            "children": [
                                                                                {
                                                                                    "result_set_size": 22953648,
                                                                                    "operator_timing": 0.1014842250000001,
                                                                                    "operator_rows_scanned": 0,
                                                                                    "cumulative_rows_scanned": 2816000000,
                                                                                    "operator_cardinality": 956402,
                                                                                    "operator_type": "FILTER",
                                                                                    "cumulative_cardinality": 1912804,
                                                                                    "extra_info": {
                                                                                        "Expression": "prefix(p_name, 'cream')",
                                                                                        "Estimated Cardinality": "3520000"
                                                                                    },
                                                                                    "cpu_time": 8.994015898999987,
                                                                                    "children": [
                                                                                        {
                                                                                            "result_set_size": 22953648,
                                                                                            "operator_timing": 8.892531673999986,
                                                                                            "operator_rows_scanned": 2816000000,
                                                                                            "cumulative_rows_scanned": 2816000000,
                                                                                            "operator_cardinality": 956402,
                                                                                            "operator_type": "TABLE_SCAN",
                                                                                            "cumulative_cardinality": 956402,
                                                                                            "extra_info": {
                                                                                                "Function": "PARQUET_SCAN",
                                                                                                "Projections": [
                                                                                                    "p_name",
                                                                                                    "p_partkey"
                                                                                                ],
                                                                                                "Filters": "p_name>='cream' AND p_name<'crean' AND p_name IS NOT NULL",
                                                                                                "Estimated Cardinality": "17600000"
                                                                                            },
                                                                                            "cpu_time": 8.892531673999986,
                                                                                            "children": []
                                                                                        }
                                                                                    ]
                                                                                }
                                                                            ]
                                                                        }
                                                                    ]
                                                                },
                                                                {
                                                                    "result_set_size": 214234048,
                                                                    "operator_timing": 0.41229516800000016,
                                                                    "operator_rows_scanned": 0,
                                                                    "cumulative_rows_scanned": 1224640000,
                                                                    "operator_cardinality": 3825608,
                                                                    "operator_type": "HASH_JOIN",
                                                                    "cumulative_cardinality": 667418409,
                                                                    "extra_info": {
                                                                        "Join Type": "RIGHT",
                                                                        "Conditions": [
                                                                            "ps_partkey IS NOT DISTINCT FROM ps_partkey",
                                                                            "ps_suppkey IS NOT DISTINCT FROM ps_suppkey"
                                                                        ],
                                                                        "Estimated Cardinality": "70400000"
                                                                    },
                                                                    "cpu_time": 297.711356321,
                                                                    "children": [
                                                                        {
                                                                            "result_set_size": 71073504,
                                                                            "operator_timing": 0.031573969,
                                                                            "operator_rows_scanned": 0,
                                                                            "cumulative_rows_scanned": 1224640000,
                                                                            "operator_cardinality": 2221047,
                                                                            "operator_type": "PROJECTION",
                                                                            "cumulative_cardinality": 663592801,
                                                                            "extra_info": {
                                                                                "Projections": [
                                                                                    "(0.5 * sum(l_quantity))",
                                                                                    "ps_partkey",
                                                                                    "ps_suppkey"
                                                                                ],
                                                                                "Estimated Cardinality": "3520000"
                                                                            },
                                                                            "cpu_time": 297.29906115299997,
                                                                            "children": [
                                                                                {
                                                                                    "result_set_size": 71073504,
                                                                                    "operator_timing": 0.40928505600000015,
                                                                                    "operator_rows_scanned": 0,
                                                                                    "cumulative_rows_scanned": 1224640000,
                                                                                    "operator_cardinality": 2221047,
                                                                                    "operator_type": "HASH_GROUP_BY",
                                                                                    "cumulative_cardinality": 661371754,
                                                                                    "extra_info": {
                                                                                        "Groups": [
                                                                                            "#0",
                                                                                            "#1"
                                                                                        ],
                                                                                        "Aggregates": "sum(#2)",
                                                                                        "Estimated Cardinality": "3520000"
                                                                                    },
                                                                                    "cpu_time": 297.26748718399995,
                                                                                    "children": [
                                                                                        {
                                                                                            "result_set_size": 148498512,
                                                                                            "operator_timing": 0.004322964,
                                                                                            "operator_rows_scanned": 0,
                                                                                            "cumulative_rows_scanned": 1224640000,
                                                                                            "operator_cardinality": 6187438,
                                                                                            "operator_type": "PROJECTION",
                                                                                            "cumulative_cardinality": 659150707,
                                                                                            "extra_info": {
                                                                                                "Projections": [
                                                                                                    "ps_partkey",
                                                                                                    "ps_suppkey",
                                                                                                    "l_quantity"
                                                                                                ],
                                                                                                "Estimated Cardinality": "7040000"
                                                                                            },
                                                                                            "cpu_time": 296.85820212799996,
                                                                                            "children": [
                                                                                                {
                                                                                                    "result_set_size": 247497520,
                                                                                                    "operator_timing": 74.11592524699999,
                                                                                                    "operator_rows_scanned": 0,
                                                                                                    "cumulative_rows_scanned": 1224640000,
                                                                                                    "operator_cardinality": 6187438,
                                                                                                    "operator_type": "HASH_JOIN",
                                                                                                    "cumulative_cardinality": 652963269,
                                                                                                    "extra_info": {
                                                                                                        "Join Type": "INNER",
                                                                                                        "Conditions": [
                                                                                                            "ps_partkey = l_partkey",
                                                                                                            "ps_suppkey = l_suppkey"
                                                                                                        ],
                                                                                                        "Estimated Cardinality": "7040000"
                                                                                                    },
                                                                                                    "cpu_time": 296.853879164,
                                                                                                    "children": [
                                                                                                        {
                                                                                                            "result_set_size": 0,
                                                                                                            "operator_timing": 0.0,
                                                                                                            "operator_rows_scanned": 0,
                                                                                                            "cumulative_rows_scanned": 0,
                                                                                                            "operator_cardinality": 0,
                                                                                                            "operator_type": "DELIM_SCAN",
                                                                                                            "cumulative_cardinality": 0,
                                                                                                            "extra_info": {
                                                                                                                "Delim Index": "1",
                                                                                                                "Estimated Cardinality": "35200000"
                                                                                                            },
                                                                                                            "cpu_time": 0.0,
                                                                                                            "children": []
                                                                                                        },
                                                                                                        {
                                                                                                            "result_set_size": 15522619944,
                                                                                                            "operator_timing": 222.73795391699997,
                                                                                                            "operator_rows_scanned": 1224640000,
                                                                                                            "cumulative_rows_scanned": 1224640000,
                                                                                                            "operator_cardinality": 646775831,
                                                                                                            "operator_type": "TABLE_SCAN",
                                                                                                            "cumulative_cardinality": 646775831,
                                                                                                            "extra_info": {
                                                                                                                "Function": "READ_PARQUET",
                                                                                                                "Projections": [
                                                                                                                    "l_partkey",
                                                                                                                    "l_suppkey",
                                                                                                                    "l_quantity"
                                                                                                                ],
                                                                                                                "Filters": "l_shipdate>='1994-01-01'::DATE AND l_shipdate<'1995-01-01'::DATE AND l_shipdate IS NOT NULL",
                                                                                                                "Estimated Cardinality": "7654000"
                                                                                                            },
                                                                                                            "cpu_time": 222.73795391699997,
                                                                                                            "children": []
                                                                                                        }
                                                                                                    ]
                                                                                                }
                                                                                            ]
                                                                                        }
                                                                                    ]
                                                                                }
                                                                            ]
                                                                        },
                                                                        {
                                                                            "result_set_size": 0,
                                                                            "operator_timing": 0.0,
                                                                            "operator_rows_scanned": 0,
                                                                            "cumulative_rows_scanned": 0,
                                                                            "operator_cardinality": 0,
                                                                            "operator_type": "DUMMY_SCAN",
                                                                            "cumulative_cardinality": 0,
                                                                            "extra_info": {},
                                                                            "cpu_time": 0.0,
                                                                            "children": []
                                                                        }
                                                                    ]
                                                                },
                                                                {
                                                                    "result_set_size": 61209728,
                                                                    "operator_timing": 0.20389699099999997,
                                                                    "operator_rows_scanned": 0,
                                                                    "cumulative_rows_scanned": 0,
                                                                    "operator_cardinality": 3825608,
                                                                    "operator_type": "HASH_GROUP_BY",
                                                                    "cumulative_cardinality": 3825608,
                                                                    "extra_info": {
                                                                        "Groups": [
                                                                            "#0",
                                                                            "#2"
                                                                        ],
                                                                        "Aggregates": "",
                                                                        "Estimated Cardinality": "70400000"
                                                                    },
                                                                    "cpu_time": 0.20389699099999997,
                                                                    "children": []
                                                                }
                                                            ]
                                                        }
                                                    ]
                                                }
                                            ]
                                        }
                                    ]
                                },
                                {
                                    "result_set_size": 8444112,
                                    "operator_timing": 0.008243595,
                                    "operator_rows_scanned": 0,
                                    "cumulative_rows_scanned": 140800025,
                                    "operator_cardinality": 175919,
                                    "operator_type": "HASH_JOIN",
                                    "cumulative_cardinality": 351839,
                                    "extra_info": {
                                        "Join Type": "INNER",
                                        "Conditions": "s_nationkey = n_nationkey",
                                        "Estimated Cardinality": "880000"
                                    },
                                    "cpu_time": 0.3042574659999999,
                                    "children": [
                                        {
                                            "result_set_size": 7740436,
                                            "operator_timing": 0.2957293649999999,
                                            "operator_rows_scanned": 140800000,
                                            "cumulative_rows_scanned": 140800000,
                                            "operator_cardinality": 175919,
                                            "operator_type": "TABLE_SCAN",
                                            "cumulative_cardinality": 175919,
                                            "extra_info": {
                                                "Function": "PARQUET_SCAN",
                                                "Projections": [
                                                    "s_suppkey",
                                                    "s_nationkey",
                                                    "s_name",
                                                    "s_address"
                                                ],
                                                "Estimated Cardinality": "4400000"
                                            },
                                            "cpu_time": 0.2957293649999999,
                                            "children": []
                                        },
                                        {
                                            "result_set_size": 4,
                                            "operator_timing": 0.000284506,
                                            "operator_rows_scanned": 25,
                                            "cumulative_rows_scanned": 25,
                                            "operator_cardinality": 1,
                                            "operator_type": "TABLE_SCAN",
                                            "cumulative_cardinality": 1,
                                            "extra_info": {
                                                "Function": "PARQUET_SCAN",
                                                "Projections": "n_nationkey",
                                                "Filters": "n_name='MOZAMBIQUE' AND n_name IS NOT NULL",
                                                "Estimated Cardinality": "5"
                                            },
                                            "cpu_time": 0.000284506,
                                            "children": []
                                        }
                                    ]
                                }
                            ]
                        }
                    ]
                }
            ]
        }
    ]
}