{
    "rows_returned": 1,
    "latency": 16.193290836,
    "result_set_size": 8,
    "cumulative_rows_scanned": 1924384000,
    "cumulative_cardinality": 120006855,
    "extra_info": {},
    "cpu_time": 141.47878151300003,
    "blocked_thread_time": 0.0,
    "query_name": "COPY (FROM read_parquet(['s3://tpch3981--apne1-az1--x-s3/2343.parquet','s3://tpch3981--apne1-az1--x-s3/2344.parquet','s3://tpch3981--apne1-az1--x-s3/2345.parquet','s3://tpch3981--apne1-az1--x-s3/2346.parquet','s3://tpch3981--apne1-az1--x-s3/2347.parquet','s3://tpch3981--apne1-az1--x-s3/2348.parquet','s3://tpch3981--apne1-az1--x-s3/2349.parquet','s3://tpch3981--apne1-az1--x-s3/2350.parquet','s3://tpch3981--apne1-az1--x-s3/2351.parquet','s3://tpch3981--apne1-az1--x-s3/2352.parquet','s3://tpch3981--apne1-az1--x-s3/2353.parquet','s3://tpch3981--apne1-az1--x-s3/2354.parquet','s3://tpch3981--apne1-az1--x-s3/2355.parquet','s3://tpch3981--apne1-az1--x-s3/2356.parquet','s3://tpch3981--apne1-az1--x-s3/2357.parquet','s3://tpch3981--apne1-az1--x-s3/2358.parquet','s3://tpch3981--apne1-az1--x-s3/2359.parquet','s3://tpch3981--apne1-az1--x-s3/2360.parquet','s3://tpch3981--apne1-az1--x-s3/2361.parquet','s3://tpch3981--apne1-az1--x-s3/2362.parquet','s3://tpch3981--apne1-az1--x-s3/2363.parquet','s3://tpch3981--apne1-az1--x-s3/2364.parquet','s3://tpch3981--apne1-az1--x-s3/2365.parquet','s3://tpch3981--apne1-az1--x-s3/2366.parquet','s3://tpch3981--apne1-az1--x-s3/2367.parquet','s3://tpch3981--apne1-az1--x-s3/2368.parquet','s3://tpch3981--apne1-az1--x-s3/2369.parquet','s3://tpch3981--apne1-az1--x-s3/2370.parquet','s3://tpch3981--apne1-az1--x-s3/2371.parquet','s3://tpch3981--apne1-az1--x-s3/2372.parquet','s3://tpch3981--apne1-az1--x-s3/2373.parquet','s3://tpch3981--apne1-az1--x-s3/2374.parquet','s3://tpch3981--apne1-az1--x-s3/2375.parquet','s3://tpch3981--apne1-az1--x-s3/2376.parquet','s3://tpch3981--apne1-az1--x-s3/2377.parquet','s3://tpch3981--apne1-az1--x-s3/2378.parquet','s3://tpch3981--apne1-az1--x-s3/2379.parquet','s3://tpch3981--apne1-az1--x-s3/2380.parquet','s3://tpch3981--apne1-az1--x-s3/2381.parquet','s3://tpch3981--apne1-az1--x-s3/2382.parquet','s3://tpch3981--apne1-az1--x-s3/2383.parquet','s3://tpch3981--apne1-az1--x-s3/2384.parquet','s3://tpch3981--apne1-az1--x-s3/2385.parquet','s3://tpch3981--apne1-az1--x-s3/2386.parquet','s3://tpch3981--apne1-az1--x-s3/2387.parquet','s3://tpch3981--apne1-az1--x-s3/2388.parquet','s3://tpch3981--apne1-az1--x-s3/2389.parquet','s3://tpch3981--apne1-az1--x-s3/2390.parquet','s3://tpch3981--apne1-az1--x-s3/2391.parquet','s3://tpch3981--apne1-az1--x-s3/2392.parquet','s3://tpch3981--apne1-az1--x-s3/2393.parquet','s3://tpch3981--apne1-az1--x-s3/2394.parquet','s3://tpch3981--apne1-az1--x-s3/2395.parquet','s3://tpch3981--apne1-az1--x-s3/2396.parquet','s3://tpch3981--apne1-az1--x-s3/2397.parquet','s3://tpch3981--apne1-az1--x-s3/2398.parquet','s3://tpch3981--apne1-az1--x-s3/2399.parquet','s3://tpch3981--apne1-az1--x-s3/2400.parquet','s3://tpch3981--apne1-az1--x-s3/2401.parquet','s3://tpch3981--apne1-az1--x-s3/2402.parquet','s3://tpch3981--apne1-az1--x-s3/2403.parquet','s3://tpch3981--apne1-az1--x-s3/2404.parquet','s3://tpch3981--apne1-az1--x-s3/2405.parquet','s3://tpch3981--apne1-az1--x-s3/2406.parquet','s3://tpch3981--apne1-az1--x-s3/2407.parquet','s3://tpch3981--apne1-az1--x-s3/2408.parquet','s3://tpch3981--apne1-az1--x-s3/2409.parquet','s3://tpch3981--apne1-az1--x-s3/2410.parquet','s3://tpch3981--apne1-az1--x-s3/2411.parquet','s3://tpch3981--apne1-az1--x-s3/2412.parquet','s3://tpch3981--apne1-az1--x-s3/2413.parquet']) ORDER BY l_shipdate) TO 's3://tpch3981--apne1-az1--x-s3/tmp' (FORMAT 'parquet');",
    "children": [
        {
            "result_set_size": 8,
            "operator_timing": 18.551822220000005,
            "operator_rows_scanned": 0,
            "cumulative_rows_scanned": 1924384000,
            "operator_cardinality": 1,
            "operator_type": "BATCH_COPY_TO_FILE",
            "cumulative_cardinality": 120006855,
            "extra_info": {},
            "cpu_time": 141.47878151300003,
            "children": [
                {
                    "result_set_size": 9360534612,
                    "operator_timing": 74.15160180600003,
                    "operator_rows_scanned": 0,
                    "cumulative_rows_scanned": 1924384000,
                    "operator_cardinality": 60003427,
                    "operator_type": "ORDER_BY",
                    "cumulative_cardinality": 120006854,
                    "extra_info": {
                        "Order By": "read_parquet.l_shipdate ASC"
                    },
                    "cpu_time": 122.92695929300002,
                    "children": [
                        {
                            "result_set_size": 9360534612,
                            "operator_timing": 48.775357486999994,
                            "operator_rows_scanned": 1924384000,
                            "cumulative_rows_scanned": 1924384000,
                            "operator_cardinality": 60003427,
                            "operator_type": "TABLE_SCAN",
                            "cumulative_cardinality": 60003427,
                            "extra_info": {
                                "Function": "READ_PARQUET",
                                "Projections": [
                                    "l_orderkey",
                                    "l_partkey",
                                    "l_suppkey",
                                    "l_linenumber",
                                    "l_quantity",
                                    "l_extendedprice",
                                    "l_discount",
                                    "l_tax",
                                    "l_returnflag",
                                    "l_linestatus",
                                    "l_shipdate",
                                    "l_commitdate",
                                    "l_receiptdate",
                                    "l_shipinstruct",
                                    "l_shipmode",
                                    "l_comment"
                                ],
                                "Estimated Cardinality": "60137000"
                            },
                            "cpu_time": 48.775357486999994,
                            "children": []
                        }
                    ]
                }
            ]
        }
    ]
}