{
    "rows_returned": 1,
    "latency": 3.316468791,
    "result_set_size": 8,
    "cumulative_rows_scanned": 10266880000,
    "cumulative_cardinality": 252153534,
    "extra_info": {},
    "cpu_time": 92.10922893399997,
    "blocked_thread_time": 0.0,
    "query_name": "SELECT\n    100.00 * sum(CASE\n            WHEN p_type LIKE 'PROMO%' \n            THEN l_extendedprice * (1 - l_discount)\n            ELSE 0\n    END) / sum(l_extendedprice * (1 - l_discount)) AS promo_revenue\nFROM\n    read_parquet([\"s3://tpch31087--apne1-az1--x-s3/160.parquet\", \"s3://tpch31087--apne1-az1--x-s3/161.parquet\", \"s3://tpch31087--apne1-az1--x-s3/162.parquet\", \"s3://tpch31087--apne1-az1--x-s3/265.parquet\", \"s3://tpch31087--apne1-az1--x-s3/266.parquet\", \"s3://tpch31087--apne1-az1--x-s3/267.parquet\", \"s3://tpch31087--apne1-az1--x-s3/268.parquet\", \"s3://tpch31087--apne1-az1--x-s3/311.parquet\", \"s3://tpch31087--apne1-az1--x-s3/312.parquet\", \"s3://tpch31087--apne1-az1--x-s3/313.parquet\", \"s3://tpch31087--apne1-az1--x-s3/314.parquet\", \"s3://tpch31087--apne1-az1--x-s3/315.parquet\", \"s3://tpch31087--apne1-az1--x-s3/479.parquet\", \"s3://tpch31087--apne1-az1--x-s3/480.parquet\", \"s3://tpch31087--apne1-az1--x-s3/481.parquet\", \"s3://tpch31087--apne1-az1--x-s3/482.parquet\", \"s3://tpch31087--apne1-az1--x-s3/483.parquet\", \"s3://tpch31087--apne1-az1--x-s3/547.parquet\", \"s3://tpch31087--apne1-az1--x-s3/548.parquet\", \"s3://tpch31087--apne1-az1--x-s3/549.parquet\", \"s3://tpch31087--apne1-az1--x-s3/550.parquet\", \"s3://tpch31087--apne1-az1--x-s3/551.parquet\", \"s3://tpch31087--apne1-az1--x-s3/601.parquet\", \"s3://tpch31087--apne1-az1--x-s3/602.parquet\", \"s3://tpch31087--apne1-az1--x-s3/603.parquet\", \"s3://tpch31087--apne1-az1--x-s3/604.parquet\", \"s3://tpch31087--apne1-az1--x-s3/605.parquet\", \"s3://tpch31087--apne1-az1--x-s3/672.parquet\", \"s3://tpch31087--apne1-az1--x-s3/673.parquet\", \"s3://tpch31087--apne1-az1--x-s3/674.parquet\", \"s3://tpch31087--apne1-az1--x-s3/675.parquet\", \"s3://tpch31087--apne1-az1--x-s3/676.parquet\", \"s3://tpch31087--apne1-az1--x-s3/821.parquet\", \"s3://tpch31087--apne1-az1--x-s3/822.parquet\", \"s3://tpch31087--apne1-az1--x-s3/823.parquet\", \"s3://tpch31087--apne1-az1--x-s3/824.parquet\", \"s3://tpch31087--apne1-az1--x-s3/825.parquet\", \"s3://tpch31087--apne1-az1--x-s3/884.parquet\", \"s3://tpch31087--apne1-az1--x-s3/885.parquet\", \"s3://tpch31087--apne1-az1--x-s3/886.parquet\", \"s3://tpch31087--apne1-az1--x-s3/887.parquet\", \"s3://tpch31087--apne1-az1--x-s3/888.parquet\", \"s3://tpch31087--apne1-az1--x-s3/956.parquet\", \"s3://tpch31087--apne1-az1--x-s3/957.parquet\", \"s3://tpch31087--apne1-az1--x-s3/958.parquet\", \"s3://tpch31087--apne1-az1--x-s3/959.parquet\", \"s3://tpch31087--apne1-az1--x-s3/960.parquet\", \"s3://tpch31087--apne1-az1--x-s3/1091.parquet\", \"s3://tpch31087--apne1-az1--x-s3/1092.parquet\", \"s3://tpch31087--apne1-az1--x-s3/1093.parquet\", \"s3://tpch31087--apne1-az1--x-s3/1094.parquet\", \"s3://tpch31087--apne1-az1--x-s3/1095.parquet\", \"s3://tpch31087--apne1-az1--x-s3/1628.parquet\", \"s3://tpch31087--apne1-az1--x-s3/1629.parquet\", \"s3://tpch31087--apne1-az1--x-s3/1630.parquet\", \"s3://tpch31087--apne1-az1--x-s3/1631.parquet\", \"s3://tpch31087--apne1-az1--x-s3/1711.parquet\", \"s3://tpch31087--apne1-az1--x-s3/1712.parquet\", \"s3://tpch31087--apne1-az1--x-s3/1713.parquet\", \"s3://tpch31087--apne1-az1--x-s3/1714.parquet\", \"s3://tpch31087--apne1-az1--x-s3/1715.parquet\", \"s3://tpch31087--apne1-az1--x-s3/1832.parquet\", \"s3://tpch31087--apne1-az1--x-s3/1833.parquet\", \"s3://tpch31087--apne1-az1--x-s3/1834.parquet\", \"s3://tpch31087--apne1-az1--x-s3/1835.parquet\", \"s3://tpch31087--apne1-az1--x-s3/1836.parquet\", \"s3://tpch31087--apne1-az1--x-s3/1951.parquet\", \"s3://tpch31087--apne1-az1--x-s3/1952.parquet\", \"s3://tpch31087--apne1-az1--x-s3/1953.parquet\", \"s3://tpch31087--apne1-az1--x-s3/1954.parquet\", \"s3://tpch31087--apne1-az1--x-s3/1955.parquet\", \"s3://tpch31087--apne1-az1--x-s3/2071.parquet\", \"s3://tpch31087--apne1-az1--x-s3/2072.parquet\", \"s3://tpch31087--apne1-az1--x-s3/2073.parquet\", \"s3://tpch31087--apne1-az1--x-s3/2074.parquet\", \"s3://tpch31087--apne1-az1--x-s3/2075.parquet\", \"s3://tpch31087--apne1-az1--x-s3/2191.parquet\", \"s3://tpch31087--apne1-az1--x-s3/2192.parquet\", \"s3://tpch31087--apne1-az1--x-s3/2193.parquet\", \"s3://tpch31087--apne1-az1--x-s3/2194.parquet\", \"s3://tpch31087--apne1-az1--x-s3/2195.parquet\", \"s3://tpch31087--apne1-az1--x-s3/2311.parquet\", \"s3://tpch31087--apne1-az1--x-s3/2312.parquet\", \"s3://tpch31087--apne1-az1--x-s3/2313.parquet\", \"s3://tpch31087--apne1-az1--x-s3/2314.parquet\", \"s3://tpch31087--apne1-az1--x-s3/2315.parquet\", \"s3://tpch31087--apne1-az1--x-s3/2428.parquet\", \"s3://tpch31087--apne1-az1--x-s3/2429.parquet\", \"s3://tpch31087--apne1-az1--x-s3/2430.parquet\", \"s3://tpch31087--apne1-az1--x-s3/2431.parquet\", \"s3://tpch31087--apne1-az1--x-s3/2432.parquet\", \"s3://tpch31087--apne1-az1--x-s3/2433.parquet\", \"s3://tpch31087--apne1-az1--x-s3/2434.parquet\", \"s3://tpch31087--apne1-az1--x-s3/2435.parquet\", \"s3://tpch31087--apne1-az1--x-s3/2436.parquet\", \"s3://tpch31087--apne1-az1--x-s3/2437.parquet\", \"s3://tpch31087--apne1-az1--x-s3/2438.parquet\", \"s3://tpch31087--apne1-az1--x-s3/2439.parquet\", \"s3://tpch31087--apne1-az1--x-s3/2440.parquet\", \"s3://tpch31087--apne1-az1--x-s3/2441.parquet\", \"s3://tpch31087--apne1-az1--x-s3/2442.parquet\", \"s3://tpch31087--apne1-az1--x-s3/2443.parquet\", \"s3://tpch31087--apne1-az1--x-s3/2444.parquet\", \"s3://tpch31087--apne1-az1--x-s3/2445.parquet\", \"s3://tpch31087--apne1-az1--x-s3/2446.parquet\", \"s3://tpch31087--apne1-az1--x-s3/2447.parquet\", \"s3://tpch31087--apne1-az1--x-s3/2448.parquet\", \"s3://tpch31087--apne1-az1--x-s3/2449.parquet\", \"s3://tpch31087--apne1-az1--x-s3/2450.parquet\", \"s3://tpch31087--apne1-az1--x-s3/2451.parquet\", \"s3://tpch31087--apne1-az1--x-s3/2452.parquet\", \"s3://tpch31087--apne1-az1--x-s3/2453.parquet\", \"s3://tpch31087--apne1-az1--x-s3/2454.parquet\", \"s3://tpch31087--apne1-az1--x-s3/2455.parquet\", \"s3://tpch31087--apne1-az1--x-s3/2456.parquet\", \"s3://tpch31087--apne1-az1--x-s3/2457.parquet\", \"s3://tpch31087--apne1-az1--x-s3/2458.parquet\", \"s3://tpch31087--apne1-az1--x-s3/2459.parquet\", \"s3://tpch31087--apne1-az1--x-s3/2460.parquet\", \"s3://tpch31087--apne1-az1--x-s3/2461.parquet\", \"s3://tpch31087--apne1-az1--x-s3/2462.parquet\", \"s3://tpch31087--apne1-az1--x-s3/2463.parquet\", \"s3://tpch31087--apne1-az1--x-s3/2464.parquet\", \"s3://tpch31087--apne1-az1--x-s3/2465.parquet\", \"s3://tpch31087--apne1-az1--x-s3/2466.parquet\", \"s3://tpch31087--apne1-az1--x-s3/2467.parquet\", \"s3://tpch31087--apne1-az1--x-s3/2468.parquet\", \"s3://tpch31087--apne1-az1--x-s3/2469.parquet\", \"s3://tpch31087--apne1-az1--x-s3/2470.parquet\", \"s3://tpch31087--apne1-az1--x-s3/2471.parquet\", \"s3://tpch31087--apne1-az1--x-s3/2472.parquet\", \"s3://tpch31087--apne1-az1--x-s3/2473.parquet\", \"s3://tpch31087--apne1-az1--x-s3/2474.parquet\", \"s3://tpch31087--apne1-az1--x-s3/2475.parquet\", \"s3://tpch31087--apne1-az1--x-s3/2476.parquet\", \"s3://tpch31087--apne1-az1--x-s3/2477.parquet\", \"s3://tpch31087--apne1-az1--x-s3/2478.parquet\", \"s3://tpch31087--apne1-az1--x-s3/2479.parquet\", \"s3://tpch31087--apne1-az1--x-s3/2480.parquet\", \"s3://tpch31087--apne1-az1--x-s3/2481.parquet\", \"s3://tpch31087--apne1-az1--x-s3/2482.parquet\", \"s3://tpch31087--apne1-az1--x-s3/2483.parquet\", \"s3://tpch31087--apne1-az1--x-s3/2484.parquet\", \"s3://tpch31087--apne1-az1--x-s3/2485.parquet\", \"s3://tpch31087--apne1-az1--x-s3/2486.parquet\", \"s3://tpch31087--apne1-az1--x-s3/2487.parquet\", \"s3://tpch31087--apne1-az1--x-s3/2488.parquet\", \"s3://tpch31087--apne1-az1--x-s3/2489.parquet\", \"s3://tpch31087--apne1-az1--x-s3/2490.parquet\", \"s3://tpch31087--apne1-az1--x-s3/2491.parquet\", \"s3://tpch31087--apne1-az1--x-s3/2492.parquet\", \"s3://tpch31087--apne1-az1--x-s3/2493.parquet\", \"s3://tpch31087--apne1-az1--x-s3/2494.parquet\", \"s3://tpch31087--apne1-az1--x-s3/2495.parquet\", \"s3://tpch31087--apne1-az1--x-s3/2496.parquet\", \"s3://tpch31087--apne1-az1--x-s3/2497.parquet\", \"s3://tpch31087--apne1-az1--x-s3/2498.parquet\", \"s3://tpch31087--apne1-az1--x-s3/2499.parquet\", \"s3://tpch31087--apne1-az1--x-s3/2500.parquet\", \"s3://tpch31087--apne1-az1--x-s3/2501.parquet\", \"s3://tpch31087--apne1-az1--x-s3/2502.parquet\", \"s3://tpch31087--apne1-az1--x-s3/2503.parquet\", \"s3://tpch31087--apne1-az1--x-s3/2504.parquet\", \"s3://tpch31087--apne1-az1--x-s3/2505.parquet\", \"s3://tpch31087--apne1-az1--x-s3/2506.parquet\", \"s3://tpch31087--apne1-az1--x-s3/2507.parquet\", \"s3://tpch31087--apne1-az1--x-s3/2508.parquet\", \"s3://tpch31087--apne1-az1--x-s3/2509.parquet\", \"s3://tpch31087--apne1-az1--x-s3/2510.parquet\", \"s3://tpch31087--apne1-az1--x-s3/2511.parquet\", \"s3://tpch31087--apne1-az1--x-s3/2512.parquet\", \"s3://tpch31087--apne1-az1--x-s3/2513.parquet\", \"s3://tpch31087--apne1-az1--x-s3/2514.parquet\", \"s3://tpch31087--apne1-az1--x-s3/2515.parquet\", \"s3://tpch31087--apne1-az1--x-s3/2516.parquet\", \"s3://tpch31087--apne1-az1--x-s3/2517.parquet\", \"s3://tpch31087--apne1-az1--x-s3/2518.parquet\", \"s3://tpch31087--apne1-az1--x-s3/2519.parquet\", \"s3://tpch31087--apne1-az1--x-s3/2520.parquet\", \"s3://tpch31087--apne1-az1--x-s3/2521.parquet\", \"s3://tpch31087--apne1-az1--x-s3/2522.parquet\", \"s3://tpch31087--apne1-az1--x-s3/2523.parquet\", \"s3://tpch31087--apne1-az1--x-s3/2524.parquet\", \"s3://tpch31087--apne1-az1--x-s3/2525.parquet\", \"s3://tpch31087--apne1-az1--x-s3/2526.parquet\", \"s3://tpch31087--apne1-az1--x-s3/2527.parquet\", \"s3://tpch31087--apne1-az1--x-s3/2528.parquet\", \"s3://tpch31087--apne1-az1--x-s3/2529.parquet\", \"s3://tpch31087--apne1-az1--x-s3/2530.parquet\", \"s3://tpch31087--apne1-az1--x-s3/2531.parquet\", \"s3://tpch31087--apne1-az1--x-s3/2532.parquet\", \"s3://tpch31087--apne1-az1--x-s3/2533.parquet\", \"s3://tpch31087--apne1-az1--x-s3/2534.parquet\", \"s3://tpch31087--apne1-az1--x-s3/2535.parquet\", \"s3://tpch31087--apne1-az1--x-s3/2536.parquet\", \"s3://tpch31087--apne1-az1--x-s3/2537.parquet\", \"s3://tpch31087--apne1-az1--x-s3/2538.parquet\", \"s3://tpch31087--apne1-az1--x-s3/2539.parquet\", \"s3://tpch31087--apne1-az1--x-s3/2540.parquet\", \"s3://tpch31087--apne1-az1--x-s3/2541.parquet\", \"s3://tpch31087--apne1-az1--x-s3/2542.parquet\", \"s3://tpch31087--apne1-az1--x-s3/2543.parquet\", \"s3://tpch31087--apne1-az1--x-s3/2544.parquet\", \"s3://tpch31087--apne1-az1--x-s3/2545.parquet\", \"s3://tpch31087--apne1-az1--x-s3/2546.parquet\", \"s3://tpch31087--apne1-az1--x-s3/2547.parquet\", \"s3://tpch31087--apne1-az1--x-s3/2548.parquet\", \"s3://tpch31087--apne1-az1--x-s3/2549.parquet\", \"s3://tpch31087--apne1-az1--x-s3/2550.parquet\", \"s3://tpch31087--apne1-az1--x-s3/2551.parquet\", \"s3://tpch31087--apne1-az1--x-s3/2552.parquet\", \"s3://tpch31087--apne1-az1--x-s3/2553.parquet\", \"s3://tpch31087--apne1-az1--x-s3/2554.parquet\", \"s3://tpch31087--apne1-az1--x-s3/2555.parquet\", \"s3://tpch31087--apne1-az1--x-s3/2556.parquet\", \"s3://tpch31087--apne1-az1--x-s3/2557.parquet\", \"s3://tpch31087--apne1-az1--x-s3/2558.parquet\", \"s3://tpch31087--apne1-az1--x-s3/2559.parquet\", \"s3://tpch31087--apne1-az1--x-s3/2560.parquet\", \"s3://tpch31087--apne1-az1--x-s3/2561.parquet\", \"s3://tpch31087--apne1-az1--x-s3/2562.parquet\", \"s3://tpch31087--apne1-az1--x-s3/2563.parquet\", \"s3://tpch31087--apne1-az1--x-s3/2564.parquet\", \"s3://tpch31087--apne1-az1--x-s3/2565.parquet\", \"s3://tpch31087--apne1-az1--x-s3/2566.parquet\", \"s3://tpch31087--apne1-az1--x-s3/2567.parquet\", \"s3://tpch31087--apne1-az1--x-s3/2568.parquet\", \"s3://tpch31087--apne1-az1--x-s3/2569.parquet\", \"s3://tpch31087--apne1-az1--x-s3/2570.parquet\", \"s3://tpch31087--apne1-az1--x-s3/2571.parquet\", \"s3://tpch31087--apne1-az1--x-s3/2572.parquet\", \"s3://tpch31087--apne1-az1--x-s3/2573.parquet\", \"s3://tpch31087--apne1-az1--x-s3/2574.parquet\", \"s3://tpch31087--apne1-az1--x-s3/2575.parquet\", \"s3://tpch31087--apne1-az1--x-s3/2576.parquet\", \"s3://tpch31087--apne1-az1--x-s3/2577.parquet\", \"s3://tpch31087--apne1-az1--x-s3/2578.parquet\", \"s3://tpch31087--apne1-az1--x-s3/2579.parquet\", \"s3://tpch31087--apne1-az1--x-s3/2580.parquet\", \"s3://tpch31087--apne1-az1--x-s3/2581.parquet\", \"s3://tpch31087--apne1-az1--x-s3/2582.parquet\", \"s3://tpch31087--apne1-az1--x-s3/2583.parquet\", \"s3://tpch31087--apne1-az1--x-s3/2584.parquet\", \"s3://tpch31087--apne1-az1--x-s3/2585.parquet\", \"s3://tpch31087--apne1-az1--x-s3/2586.parquet\", \"s3://tpch31087--apne1-az1--x-s3/2587.parquet\", \"s3://tpch31087--apne1-az1--x-s3/2588.parquet\", \"s3://tpch31087--apne1-az1--x-s3/2589.parquet\", \"s3://tpch31087--apne1-az1--x-s3/2590.parquet\", \"s3://tpch31087--apne1-az1--x-s3/2591.parquet\", \"s3://tpch31087--apne1-az1--x-s3/2592.parquet\", \"s3://tpch31087--apne1-az1--x-s3/2593.parquet\", \"s3://tpch31087--apne1-az1--x-s3/2594.parquet\", \"s3://tpch31087--apne1-az1--x-s3/2595.parquet\", \"s3://tpch31087--apne1-az1--x-s3/2596.parquet\", \"s3://tpch31087--apne1-az1--x-s3/2597.parquet\", \"s3://tpch31087--apne1-az1--x-s3/2598.parquet\", \"s3://tpch31087--apne1-az1--x-s3/2599.parquet\", \"s3://tpch31087--apne1-az1--x-s3/2600.parquet\", \"s3://tpch31087--apne1-az1--x-s3/2601.parquet\", \"s3://tpch31087--apne1-az1--x-s3/2602.parquet\", \"s3://tpch31087--apne1-az1--x-s3/2603.parquet\", \"s3://tpch31087--apne1-az1--x-s3/2604.parquet\", \"s3://tpch31087--apne1-az1--x-s3/2605.parquet\", \"s3://tpch31087--apne1-az1--x-s3/2606.parquet\", \"s3://tpch31087--apne1-az1--x-s3/2607.parquet\", \"s3://tpch31087--apne1-az1--x-s3/2608.parquet\", \"s3://tpch31087--apne1-az1--x-s3/2609.parquet\", \"s3://tpch31087--apne1-az1--x-s3/2610.parquet\", \"s3://tpch31087--apne1-az1--x-s3/2611.parquet\", \"s3://tpch31087--apne1-az1--x-s3/2612.parquet\", \"s3://tpch31087--apne1-az1--x-s3/2613.parquet\", \"s3://tpch31087--apne1-az1--x-s3/2614.parquet\", \"s3://tpch31087--apne1-az1--x-s3/2615.parquet\", \"s3://tpch31087--apne1-az1--x-s3/2616.parquet\", \"s3://tpch31087--apne1-az1--x-s3/2617.parquet\", \"s3://tpch31087--apne1-az1--x-s3/2618.parquet\", \"s3://tpch31087--apne1-az1--x-s3/2619.parquet\", \"s3://tpch31087--apne1-az1--x-s3/2620.parquet\", \"s3://tpch31087--apne1-az1--x-s3/2621.parquet\", \"s3://tpch31087--apne1-az1--x-s3/2622.parquet\", \"s3://tpch31087--apne1-az1--x-s3/2623.parquet\", \"s3://tpch31087--apne1-az1--x-s3/2624.parquet\", \"s3://tpch31087--apne1-az1--x-s3/2625.parquet\", \"s3://tpch31087--apne1-az1--x-s3/2626.parquet\"]),\n    'pool/part/*.parquet'\nWHERE\n    l_partkey = p_partkey\n    AND l_shipdate >= DATE '1992-01-01' + INTERVAL 36 MONTH\n    AND l_shipdate < DATE '1992-02-01' + INTERVAL 36 MONTH;",
    "children": [
        {
            "result_set_size": 8,
            "operator_timing": 0.000021612,
            "operator_rows_scanned": 0,
            "cumulative_rows_scanned": 10266880000,
            "operator_cardinality": 1,
            "operator_type": "PROJECTION",
            "cumulative_cardinality": 252153534,
            "extra_info": {
                "Projections": "promo_revenue",
                "Estimated Cardinality": "1"
            },
            "cpu_time": 92.10922893399997,
            "children": [
                {
                    "result_set_size": 32,
                    "operator_timing": 0.16114043500000003,
                    "operator_rows_scanned": 0,
                    "cumulative_rows_scanned": 10266880000,
                    "operator_cardinality": 1,
                    "operator_type": "UNGROUPED_AGGREGATE",
                    "cumulative_cardinality": 252153533,
                    "extra_info": {
                        "Aggregates": [
                            "sum(#0)",
                            "sum(#1)"
                        ]
                    },
                    "cpu_time": 92.10920732199997,
                    "children": [
                        {
                            "result_set_size": 840544272,
                            "operator_timing": 1.3082415900000006,
                            "operator_rows_scanned": 0,
                            "cumulative_rows_scanned": 10266880000,
                            "operator_cardinality": 52534017,
                            "operator_type": "PROJECTION",
                            "cumulative_cardinality": 252153532,
                            "extra_info": {
                                "Projections": [
                                    "CASE  WHEN (prefix(p_type, 'PROMO')) THEN ((l_extendedprice * (1.00 - l_discount))) ELSE 0.0000 END",
                                    "(l_extendedprice * (1.00 - l_discount))"
                                ],
                                "Estimated Cardinality": "46968000"
                            },
                            "cpu_time": 91.94806688699998,
                            "children": [
                                {
                                    "result_set_size": 2521632816,
                                    "operator_timing": 12.450331225999964,
                                    "operator_rows_scanned": 0,
                                    "cumulative_rows_scanned": 10266880000,
                                    "operator_cardinality": 52534017,
                                    "operator_type": "HASH_JOIN",
                                    "cumulative_cardinality": 199619515,
                                    "extra_info": {
                                        "Join Type": "INNER",
                                        "Conditions": "p_partkey = l_partkey",
                                        "Estimated Cardinality": "46968000"
                                    },
                                    "cpu_time": 90.63982529699999,
                                    "children": [
                                        {
                                            "result_set_size": 2064000000,
                                            "operator_timing": 2.5063196839999997,
                                            "operator_rows_scanned": 2752000000,
                                            "cumulative_rows_scanned": 2752000000,
                                            "operator_cardinality": 86000000,
                                            "operator_type": "TABLE_SCAN",
                                            "cumulative_cardinality": 86000000,
                                            "extra_info": {
                                                "Function": "PARQUET_SCAN",
                                                "Projections": [
                                                    "p_partkey",
                                                    "p_type"
                                                ],
                                                "Estimated Cardinality": "86000000"
                                            },
                                            "cpu_time": 2.5063196839999997,
                                            "children": []
                                        },
                                        {
                                            "result_set_size": 1466051952,
                                            "operator_timing": 75.68317438700002,
                                            "operator_rows_scanned": 7514880000,
                                            "cumulative_rows_scanned": 7514880000,
                                            "operator_cardinality": 61085498,
                                            "operator_type": "TABLE_SCAN",
                                            "cumulative_cardinality": 61085498,
                                            "extra_info": {
                                                "Function": "READ_PARQUET",
                                                "Projections": [
                                                    "l_partkey",
                                                    "l_extendedprice",
                                                    "l_discount"
                                                ],
                                                "Filters": "l_shipdate>='1995-01-01'::DATE AND l_shipdate<'1995-02-01'::DATE AND l_shipdate IS NOT NULL",
                                                "Estimated Cardinality": "46968000"
                                            },
                                            "cpu_time": 75.68317438700002,
                                            "children": []
                                        }
                                    ]
                                }
                            ]
                        }
                    ]
                }
            ]
        }
    ]
}