{
    "rows_returned": 1,
    "latency": 3.983605289,
    "result_set_size": 72,
    "cumulative_rows_scanned": 9635200000,
    "cumulative_cardinality": 355541329,
    "extra_info": {},
    "cpu_time": 117.28389347600002,
    "blocked_thread_time": 0.0,
    "query_name": "WITH revenue AS (\n    SELECT\n        l_suppkey AS supplier_no,\n        sum(l_extendedprice * (1 - l_discount)) AS total_revenue\n    FROM\n        read_parquet([\"s3://tpch31087--apne1-az1--x-s3/0.parquet\", \"s3://tpch31087--apne1-az1--x-s3/1.parquet\", \"s3://tpch31087--apne1-az1--x-s3/2.parquet\", \"s3://tpch31087--apne1-az1--x-s3/3.parquet\", \"s3://tpch31087--apne1-az1--x-s3/4.parquet\", \"s3://tpch31087--apne1-az1--x-s3/5.parquet\", \"s3://tpch31087--apne1-az1--x-s3/6.parquet\", \"s3://tpch31087--apne1-az1--x-s3/7.parquet\", \"s3://tpch31087--apne1-az1--x-s3/8.parquet\", \"s3://tpch31087--apne1-az1--x-s3/9.parquet\", \"s3://tpch31087--apne1-az1--x-s3/10.parquet\", \"s3://tpch31087--apne1-az1--x-s3/11.parquet\", \"s3://tpch31087--apne1-az1--x-s3/12.parquet\", \"s3://tpch31087--apne1-az1--x-s3/13.parquet\", \"s3://tpch31087--apne1-az1--x-s3/14.parquet\", \"s3://tpch31087--apne1-az1--x-s3/15.parquet\", \"s3://tpch31087--apne1-az1--x-s3/16.parquet\", \"s3://tpch31087--apne1-az1--x-s3/17.parquet\", \"s3://tpch31087--apne1-az1--x-s3/18.parquet\", \"s3://tpch31087--apne1-az1--x-s3/19.parquet\", \"s3://tpch31087--apne1-az1--x-s3/20.parquet\", \"s3://tpch31087--apne1-az1--x-s3/21.parquet\", \"s3://tpch31087--apne1-az1--x-s3/22.parquet\", \"s3://tpch31087--apne1-az1--x-s3/23.parquet\", \"s3://tpch31087--apne1-az1--x-s3/24.parquet\", \"s3://tpch31087--apne1-az1--x-s3/25.parquet\", \"s3://tpch31087--apne1-az1--x-s3/26.parquet\", \"s3://tpch31087--apne1-az1--x-s3/27.parquet\", \"s3://tpch31087--apne1-az1--x-s3/28.parquet\", \"s3://tpch31087--apne1-az1--x-s3/29.parquet\", \"s3://tpch31087--apne1-az1--x-s3/30.parquet\", \"s3://tpch31087--apne1-az1--x-s3/31.parquet\", \"s3://tpch31087--apne1-az1--x-s3/32.parquet\", \"s3://tpch31087--apne1-az1--x-s3/33.parquet\", \"s3://tpch31087--apne1-az1--x-s3/34.parquet\", \"s3://tpch31087--apne1-az1--x-s3/35.parquet\", \"s3://tpch31087--apne1-az1--x-s3/36.parquet\", \"s3://tpch31087--apne1-az1--x-s3/37.parquet\", \"s3://tpch31087--apne1-az1--x-s3/38.parquet\", \"s3://tpch31087--apne1-az1--x-s3/39.parquet\", \"s3://tpch31087--apne1-az1--x-s3/40.parquet\", \"s3://tpch31087--apne1-az1--x-s3/41.parquet\", \"s3://tpch31087--apne1-az1--x-s3/42.parquet\", \"s3://tpch31087--apne1-az1--x-s3/43.parquet\", \"s3://tpch31087--apne1-az1--x-s3/44.parquet\", \"s3://tpch31087--apne1-az1--x-s3/45.parquet\", \"s3://tpch31087--apne1-az1--x-s3/46.parquet\", \"s3://tpch31087--apne1-az1--x-s3/47.parquet\", \"s3://tpch31087--apne1-az1--x-s3/48.parquet\", \"s3://tpch31087--apne1-az1--x-s3/49.parquet\", \"s3://tpch31087--apne1-az1--x-s3/50.parquet\", \"s3://tpch31087--apne1-az1--x-s3/51.parquet\", \"s3://tpch31087--apne1-az1--x-s3/52.parquet\", \"s3://tpch31087--apne1-az1--x-s3/53.parquet\", \"s3://tpch31087--apne1-az1--x-s3/54.parquet\", \"s3://tpch31087--apne1-az1--x-s3/55.parquet\", \"s3://tpch31087--apne1-az1--x-s3/56.parquet\", \"s3://tpch31087--apne1-az1--x-s3/57.parquet\", \"s3://tpch31087--apne1-az1--x-s3/58.parquet\", \"s3://tpch31087--apne1-az1--x-s3/59.parquet\", \"s3://tpch31087--apne1-az1--x-s3/60.parquet\", \"s3://tpch31087--apne1-az1--x-s3/61.parquet\", \"s3://tpch31087--apne1-az1--x-s3/62.parquet\", \"s3://tpch31087--apne1-az1--x-s3/63.parquet\", \"s3://tpch31087--apne1-az1--x-s3/64.parquet\", \"s3://tpch31087--apne1-az1--x-s3/65.parquet\", \"s3://tpch31087--apne1-az1--x-s3/66.parquet\", \"s3://tpch31087--apne1-az1--x-s3/67.parquet\", \"s3://tpch31087--apne1-az1--x-s3/68.parquet\", \"s3://tpch31087--apne1-az1--x-s3/69.parquet\", \"s3://tpch31087--apne1-az1--x-s3/70.parquet\", \"s3://tpch31087--apne1-az1--x-s3/71.parquet\", \"s3://tpch31087--apne1-az1--x-s3/72.parquet\", \"s3://tpch31087--apne1-az1--x-s3/73.parquet\", \"s3://tpch31087--apne1-az1--x-s3/74.parquet\", \"s3://tpch31087--apne1-az1--x-s3/75.parquet\", \"s3://tpch31087--apne1-az1--x-s3/76.parquet\", \"s3://tpch31087--apne1-az1--x-s3/77.parquet\", \"s3://tpch31087--apne1-az1--x-s3/78.parquet\", \"s3://tpch31087--apne1-az1--x-s3/79.parquet\", \"s3://tpch31087--apne1-az1--x-s3/80.parquet\", \"s3://tpch31087--apne1-az1--x-s3/81.parquet\", \"s3://tpch31087--apne1-az1--x-s3/82.parquet\", \"s3://tpch31087--apne1-az1--x-s3/83.parquet\", \"s3://tpch31087--apne1-az1--x-s3/84.parquet\", \"s3://tpch31087--apne1-az1--x-s3/85.parquet\", \"s3://tpch31087--apne1-az1--x-s3/86.parquet\", \"s3://tpch31087--apne1-az1--x-s3/87.parquet\", \"s3://tpch31087--apne1-az1--x-s3/88.parquet\", \"s3://tpch31087--apne1-az1--x-s3/89.parquet\", \"s3://tpch31087--apne1-az1--x-s3/90.parquet\", \"s3://tpch31087--apne1-az1--x-s3/91.parquet\", \"s3://tpch31087--apne1-az1--x-s3/92.parquet\", \"s3://tpch31087--apne1-az1--x-s3/93.parquet\", \"s3://tpch31087--apne1-az1--x-s3/94.parquet\", \"s3://tpch31087--apne1-az1--x-s3/95.parquet\", \"s3://tpch31087--apne1-az1--x-s3/96.parquet\", \"s3://tpch31087--apne1-az1--x-s3/97.parquet\", \"s3://tpch31087--apne1-az1--x-s3/98.parquet\", \"s3://tpch31087--apne1-az1--x-s3/99.parquet\", \"s3://tpch31087--apne1-az1--x-s3/100.parquet\", \"s3://tpch31087--apne1-az1--x-s3/101.parquet\", \"s3://tpch31087--apne1-az1--x-s3/102.parquet\", \"s3://tpch31087--apne1-az1--x-s3/103.parquet\", \"s3://tpch31087--apne1-az1--x-s3/104.parquet\", \"s3://tpch31087--apne1-az1--x-s3/105.parquet\", \"s3://tpch31087--apne1-az1--x-s3/106.parquet\", \"s3://tpch31087--apne1-az1--x-s3/107.parquet\", \"s3://tpch31087--apne1-az1--x-s3/108.parquet\", \"s3://tpch31087--apne1-az1--x-s3/109.parquet\", \"s3://tpch31087--apne1-az1--x-s3/110.parquet\", \"s3://tpch31087--apne1-az1--x-s3/111.parquet\", \"s3://tpch31087--apne1-az1--x-s3/112.parquet\", \"s3://tpch31087--apne1-az1--x-s3/113.parquet\", \"s3://tpch31087--apne1-az1--x-s3/114.parquet\", \"s3://tpch31087--apne1-az1--x-s3/115.parquet\", \"s3://tpch31087--apne1-az1--x-s3/116.parquet\", \"s3://tpch31087--apne1-az1--x-s3/117.parquet\", \"s3://tpch31087--apne1-az1--x-s3/118.parquet\", \"s3://tpch31087--apne1-az1--x-s3/119.parquet\", \"s3://tpch31087--apne1-az1--x-s3/120.parquet\", \"s3://tpch31087--apne1-az1--x-s3/121.parquet\", \"s3://tpch31087--apne1-az1--x-s3/122.parquet\", \"s3://tpch31087--apne1-az1--x-s3/123.parquet\", \"s3://tpch31087--apne1-az1--x-s3/124.parquet\", \"s3://tpch31087--apne1-az1--x-s3/125.parquet\", \"s3://tpch31087--apne1-az1--x-s3/126.parquet\", \"s3://tpch31087--apne1-az1--x-s3/127.parquet\", \"s3://tpch31087--apne1-az1--x-s3/128.parquet\", \"s3://tpch31087--apne1-az1--x-s3/129.parquet\", \"s3://tpch31087--apne1-az1--x-s3/130.parquet\", \"s3://tpch31087--apne1-az1--x-s3/131.parquet\", \"s3://tpch31087--apne1-az1--x-s3/132.parquet\", \"s3://tpch31087--apne1-az1--x-s3/133.parquet\", \"s3://tpch31087--apne1-az1--x-s3/134.parquet\", \"s3://tpch31087--apne1-az1--x-s3/135.parquet\", \"s3://tpch31087--apne1-az1--x-s3/136.parquet\", \"s3://tpch31087--apne1-az1--x-s3/137.parquet\", \"s3://tpch31087--apne1-az1--x-s3/138.parquet\", \"s3://tpch31087--apne1-az1--x-s3/139.parquet\", \"s3://tpch31087--apne1-az1--x-s3/140.parquet\", \"s3://tpch31087--apne1-az1--x-s3/141.parquet\", \"s3://tpch31087--apne1-az1--x-s3/155.parquet\", \"s3://tpch31087--apne1-az1--x-s3/237.parquet\", \"s3://tpch31087--apne1-az1--x-s3/238.parquet\", \"s3://tpch31087--apne1-az1--x-s3/239.parquet\", \"s3://tpch31087--apne1-az1--x-s3/240.parquet\", \"s3://tpch31087--apne1-az1--x-s3/241.parquet\", \"s3://tpch31087--apne1-az1--x-s3/242.parquet\", \"s3://tpch31087--apne1-az1--x-s3/243.parquet\", \"s3://tpch31087--apne1-az1--x-s3/244.parquet\", \"s3://tpch31087--apne1-az1--x-s3/245.parquet\", \"s3://tpch31087--apne1-az1--x-s3/246.parquet\", \"s3://tpch31087--apne1-az1--x-s3/247.parquet\", \"s3://tpch31087--apne1-az1--x-s3/248.parquet\", \"s3://tpch31087--apne1-az1--x-s3/249.parquet\", \"s3://tpch31087--apne1-az1--x-s3/284.parquet\", \"s3://tpch31087--apne1-az1--x-s3/285.parquet\", \"s3://tpch31087--apne1-az1--x-s3/286.parquet\", \"s3://tpch31087--apne1-az1--x-s3/287.parquet\", \"s3://tpch31087--apne1-az1--x-s3/288.parquet\", \"s3://tpch31087--apne1-az1--x-s3/289.parquet\", \"s3://tpch31087--apne1-az1--x-s3/290.parquet\", \"s3://tpch31087--apne1-az1--x-s3/291.parquet\", \"s3://tpch31087--apne1-az1--x-s3/292.parquet\", \"s3://tpch31087--apne1-az1--x-s3/293.parquet\", \"s3://tpch31087--apne1-az1--x-s3/294.parquet\", \"s3://tpch31087--apne1-az1--x-s3/295.parquet\", \"s3://tpch31087--apne1-az1--x-s3/414.parquet\", \"s3://tpch31087--apne1-az1--x-s3/415.parquet\", \"s3://tpch31087--apne1-az1--x-s3/416.parquet\", \"s3://tpch31087--apne1-az1--x-s3/417.parquet\", \"s3://tpch31087--apne1-az1--x-s3/418.parquet\", \"s3://tpch31087--apne1-az1--x-s3/419.parquet\", \"s3://tpch31087--apne1-az1--x-s3/420.parquet\", \"s3://tpch31087--apne1-az1--x-s3/421.parquet\", \"s3://tpch31087--apne1-az1--x-s3/422.parquet\", \"s3://tpch31087--apne1-az1--x-s3/423.parquet\", \"s3://tpch31087--apne1-az1--x-s3/424.parquet\", \"s3://tpch31087--apne1-az1--x-s3/425.parquet\", \"s3://tpch31087--apne1-az1--x-s3/452.parquet\", \"s3://tpch31087--apne1-az1--x-s3/519.parquet\", \"s3://tpch31087--apne1-az1--x-s3/520.parquet\", \"s3://tpch31087--apne1-az1--x-s3/521.parquet\", \"s3://tpch31087--apne1-az1--x-s3/522.parquet\", \"s3://tpch31087--apne1-az1--x-s3/523.parquet\", \"s3://tpch31087--apne1-az1--x-s3/524.parquet\", \"s3://tpch31087--apne1-az1--x-s3/525.parquet\", \"s3://tpch31087--apne1-az1--x-s3/526.parquet\", \"s3://tpch31087--apne1-az1--x-s3/527.parquet\", \"s3://tpch31087--apne1-az1--x-s3/528.parquet\", \"s3://tpch31087--apne1-az1--x-s3/529.parquet\", \"s3://tpch31087--apne1-az1--x-s3/530.parquet\", \"s3://tpch31087--apne1-az1--x-s3/531.parquet\", \"s3://tpch31087--apne1-az1--x-s3/573.parquet\", \"s3://tpch31087--apne1-az1--x-s3/574.parquet\", \"s3://tpch31087--apne1-az1--x-s3/575.parquet\", \"s3://tpch31087--apne1-az1--x-s3/576.parquet\", \"s3://tpch31087--apne1-az1--x-s3/577.parquet\", \"s3://tpch31087--apne1-az1--x-s3/578.parquet\", \"s3://tpch31087--apne1-az1--x-s3/579.parquet\", \"s3://tpch31087--apne1-az1--x-s3/580.parquet\", \"s3://tpch31087--apne1-az1--x-s3/581.parquet\", \"s3://tpch31087--apne1-az1--x-s3/582.parquet\", \"s3://tpch31087--apne1-az1--x-s3/583.parquet\", \"s3://tpch31087--apne1-az1--x-s3/584.parquet\", \"s3://tpch31087--apne1-az1--x-s3/585.parquet\", \"s3://tpch31087--apne1-az1--x-s3/644.parquet\", \"s3://tpch31087--apne1-az1--x-s3/645.parquet\", \"s3://tpch31087--apne1-az1--x-s3/646.parquet\", \"s3://tpch31087--apne1-az1--x-s3/647.parquet\", \"s3://tpch31087--apne1-az1--x-s3/648.parquet\", \"s3://tpch31087--apne1-az1--x-s3/649.parquet\", \"s3://tpch31087--apne1-az1--x-s3/650.parquet\", \"s3://tpch31087--apne1-az1--x-s3/651.parquet\", \"s3://tpch31087--apne1-az1--x-s3/652.parquet\", \"s3://tpch31087--apne1-az1--x-s3/653.parquet\", \"s3://tpch31087--apne1-az1--x-s3/654.parquet\", \"s3://tpch31087--apne1-az1--x-s3/655.parquet\", \"s3://tpch31087--apne1-az1--x-s3/656.parquet\", \"s3://tpch31087--apne1-az1--x-s3/767.parquet\", \"s3://tpch31087--apne1-az1--x-s3/768.parquet\", \"s3://tpch31087--apne1-az1--x-s3/769.parquet\", \"s3://tpch31087--apne1-az1--x-s3/770.parquet\", \"s3://tpch31087--apne1-az1--x-s3/771.parquet\", \"s3://tpch31087--apne1-az1--x-s3/772.parquet\", \"s3://tpch31087--apne1-az1--x-s3/773.parquet\", \"s3://tpch31087--apne1-az1--x-s3/774.parquet\", \"s3://tpch31087--apne1-az1--x-s3/775.parquet\", \"s3://tpch31087--apne1-az1--x-s3/776.parquet\", \"s3://tpch31087--apne1-az1--x-s3/777.parquet\", \"s3://tpch31087--apne1-az1--x-s3/778.parquet\", \"s3://tpch31087--apne1-az1--x-s3/779.parquet\", \"s3://tpch31087--apne1-az1--x-s3/857.parquet\", \"s3://tpch31087--apne1-az1--x-s3/858.parquet\", \"s3://tpch31087--apne1-az1--x-s3/859.parquet\", \"s3://tpch31087--apne1-az1--x-s3/860.parquet\", \"s3://tpch31087--apne1-az1--x-s3/861.parquet\", \"s3://tpch31087--apne1-az1--x-s3/862.parquet\", \"s3://tpch31087--apne1-az1--x-s3/863.parquet\", \"s3://tpch31087--apne1-az1--x-s3/864.parquet\", \"s3://tpch31087--apne1-az1--x-s3/865.parquet\", \"s3://tpch31087--apne1-az1--x-s3/866.parquet\", \"s3://tpch31087--apne1-az1--x-s3/867.parquet\", \"s3://tpch31087--apne1-az1--x-s3/868.parquet\", \"s3://tpch31087--apne1-az1--x-s3/869.parquet\", \"s3://tpch31087--apne1-az1--x-s3/928.parquet\", \"s3://tpch31087--apne1-az1--x-s3/929.parquet\", \"s3://tpch31087--apne1-az1--x-s3/930.parquet\", \"s3://tpch31087--apne1-az1--x-s3/931.parquet\", \"s3://tpch31087--apne1-az1--x-s3/932.parquet\", \"s3://tpch31087--apne1-az1--x-s3/933.parquet\", \"s3://tpch31087--apne1-az1--x-s3/934.parquet\", \"s3://tpch31087--apne1-az1--x-s3/935.parquet\", \"s3://tpch31087--apne1-az1--x-s3/936.parquet\", \"s3://tpch31087--apne1-az1--x-s3/937.parquet\", \"s3://tpch31087--apne1-az1--x-s3/938.parquet\", \"s3://tpch31087--apne1-az1--x-s3/939.parquet\", \"s3://tpch31087--apne1-az1--x-s3/940.parquet\", \"s3://tpch31087--apne1-az1--x-s3/1056.parquet\", \"s3://tpch31087--apne1-az1--x-s3/1064.parquet\", \"s3://tpch31087--apne1-az1--x-s3/1065.parquet\", \"s3://tpch31087--apne1-az1--x-s3/1066.parquet\", \"s3://tpch31087--apne1-az1--x-s3/1067.parquet\", \"s3://tpch31087--apne1-az1--x-s3/1068.parquet\", \"s3://tpch31087--apne1-az1--x-s3/1069.parquet\", \"s3://tpch31087--apne1-az1--x-s3/1070.parquet\", \"s3://tpch31087--apne1-az1--x-s3/1071.parquet\", \"s3://tpch31087--apne1-az1--x-s3/1072.parquet\", \"s3://tpch31087--apne1-az1--x-s3/1073.parquet\", \"s3://tpch31087--apne1-az1--x-s3/1074.parquet\", \"s3://tpch31087--apne1-az1--x-s3/1075.parquet\", \"s3://tpch31087--apne1-az1--x-s3/1206.parquet\", \"s3://tpch31087--apne1-az1--x-s3/1540.parquet\", \"s3://tpch31087--apne1-az1--x-s3/1541.parquet\", \"s3://tpch31087--apne1-az1--x-s3/1542.parquet\", \"s3://tpch31087--apne1-az1--x-s3/1543.parquet\", \"s3://tpch31087--apne1-az1--x-s3/1544.parquet\", \"s3://tpch31087--apne1-az1--x-s3/1545.parquet\", \"s3://tpch31087--apne1-az1--x-s3/1546.parquet\", \"s3://tpch31087--apne1-az1--x-s3/1547.parquet\", \"s3://tpch31087--apne1-az1--x-s3/1548.parquet\", \"s3://tpch31087--apne1-az1--x-s3/1549.parquet\", \"s3://tpch31087--apne1-az1--x-s3/1550.parquet\", \"s3://tpch31087--apne1-az1--x-s3/1551.parquet\", \"s3://tpch31087--apne1-az1--x-s3/1600.parquet\", \"s3://tpch31087--apne1-az1--x-s3/1601.parquet\", \"s3://tpch31087--apne1-az1--x-s3/1602.parquet\", \"s3://tpch31087--apne1-az1--x-s3/1603.parquet\", \"s3://tpch31087--apne1-az1--x-s3/1604.parquet\", \"s3://tpch31087--apne1-az1--x-s3/1605.parquet\", \"s3://tpch31087--apne1-az1--x-s3/1606.parquet\", \"s3://tpch31087--apne1-az1--x-s3/1607.parquet\", \"s3://tpch31087--apne1-az1--x-s3/1608.parquet\", \"s3://tpch31087--apne1-az1--x-s3/1609.parquet\", \"s3://tpch31087--apne1-az1--x-s3/1610.parquet\", \"s3://tpch31087--apne1-az1--x-s3/1611.parquet\", \"s3://tpch31087--apne1-az1--x-s3/1612.parquet\", \"s3://tpch31087--apne1-az1--x-s3/1684.parquet\", \"s3://tpch31087--apne1-az1--x-s3/1685.parquet\", \"s3://tpch31087--apne1-az1--x-s3/1686.parquet\", \"s3://tpch31087--apne1-az1--x-s3/1687.parquet\", \"s3://tpch31087--apne1-az1--x-s3/1688.parquet\", \"s3://tpch31087--apne1-az1--x-s3/1689.parquet\", \"s3://tpch31087--apne1-az1--x-s3/1690.parquet\", \"s3://tpch31087--apne1-az1--x-s3/1691.parquet\", \"s3://tpch31087--apne1-az1--x-s3/1692.parquet\", \"s3://tpch31087--apne1-az1--x-s3/1693.parquet\", \"s3://tpch31087--apne1-az1--x-s3/1694.parquet\", \"s3://tpch31087--apne1-az1--x-s3/1695.parquet\", \"s3://tpch31087--apne1-az1--x-s3/1696.parquet\", \"s3://tpch31087--apne1-az1--x-s3/1804.parquet\", \"s3://tpch31087--apne1-az1--x-s3/1805.parquet\", \"s3://tpch31087--apne1-az1--x-s3/1806.parquet\", \"s3://tpch31087--apne1-az1--x-s3/1807.parquet\", \"s3://tpch31087--apne1-az1--x-s3/1808.parquet\", \"s3://tpch31087--apne1-az1--x-s3/1809.parquet\", \"s3://tpch31087--apne1-az1--x-s3/1810.parquet\", \"s3://tpch31087--apne1-az1--x-s3/1811.parquet\", \"s3://tpch31087--apne1-az1--x-s3/1812.parquet\", \"s3://tpch31087--apne1-az1--x-s3/1813.parquet\", \"s3://tpch31087--apne1-az1--x-s3/1814.parquet\", \"s3://tpch31087--apne1-az1--x-s3/1815.parquet\", \"s3://tpch31087--apne1-az1--x-s3/1816.parquet\", \"s3://tpch31087--apne1-az1--x-s3/1924.parquet\", \"s3://tpch31087--apne1-az1--x-s3/1925.parquet\", \"s3://tpch31087--apne1-az1--x-s3/1926.parquet\", \"s3://tpch31087--apne1-az1--x-s3/1927.parquet\", \"s3://tpch31087--apne1-az1--x-s3/1928.parquet\", \"s3://tpch31087--apne1-az1--x-s3/1929.parquet\", \"s3://tpch31087--apne1-az1--x-s3/1930.parquet\", \"s3://tpch31087--apne1-az1--x-s3/1931.parquet\", \"s3://tpch31087--apne1-az1--x-s3/1932.parquet\", \"s3://tpch31087--apne1-az1--x-s3/1933.parquet\", \"s3://tpch31087--apne1-az1--x-s3/1934.parquet\", \"s3://tpch31087--apne1-az1--x-s3/1935.parquet\", \"s3://tpch31087--apne1-az1--x-s3/1936.parquet\", \"s3://tpch31087--apne1-az1--x-s3/2047.parquet\", \"s3://tpch31087--apne1-az1--x-s3/2048.parquet\", \"s3://tpch31087--apne1-az1--x-s3/2049.parquet\", \"s3://tpch31087--apne1-az1--x-s3/2050.parquet\", \"s3://tpch31087--apne1-az1--x-s3/2051.parquet\", \"s3://tpch31087--apne1-az1--x-s3/2052.parquet\", \"s3://tpch31087--apne1-az1--x-s3/2053.parquet\", \"s3://tpch31087--apne1-az1--x-s3/2054.parquet\", \"s3://tpch31087--apne1-az1--x-s3/2055.parquet\", \"s3://tpch31087--apne1-az1--x-s3/2056.parquet\", \"s3://tpch31087--apne1-az1--x-s3/2174.parquet\", \"s3://tpch31087--apne1-az1--x-s3/2175.parquet\", \"s3://tpch31087--apne1-az1--x-s3/2176.parquet\"])\n    WHERE\n        l_shipdate >= DATE '1992-01-01' + INTERVAL 29 MONTH\n        AND l_shipdate < DATE '1992-01-01' + INTERVAL 29 MONTH + INTERVAL 3 MONTH\n    GROUP BY\n        supplier_no\n)\nSELECT\n    s_suppkey,\n    s_name,\n    s_address,\n    s_phone,\n    total_revenue\nFROM\n    'pool/supplier/*.parquet',\n    revenue\nWHERE\n    s_suppkey = supplier_no\n    AND total_revenue = (\n        SELECT\n            max(total_revenue)\n        FROM\n            revenue\n    )\nORDER BY\n    s_suppkey;",
    "children": [
        {
            "result_set_size": 72,
            "operator_timing": 0.000034410000000000004,
            "operator_rows_scanned": 0,
            "cumulative_rows_scanned": 9635200000,
            "operator_cardinality": 1,
            "operator_type": "ORDER_BY",
            "cumulative_cardinality": 355541329,
            "extra_info": {
                "Order By": "\"pool/supplier/*.parquet\".s_suppkey ASC"
            },
            "cpu_time": 117.28389347600002,
            "children": [
                {
                    "result_set_size": 72,
                    "operator_timing": 0.000001144,
                    "operator_rows_scanned": 0,
                    "cumulative_rows_scanned": 9635200000,
                    "operator_cardinality": 1,
                    "operator_type": "PROJECTION",
                    "cumulative_cardinality": 355541328,
                    "extra_info": {
                        "Projections": [
                            "s_suppkey",
                            "s_name",
                            "s_address",
                            "s_phone",
                            "total_revenue"
                        ],
                        "Estimated Cardinality": "29680000"
                    },
                    "cpu_time": 117.28385906600002,
                    "children": [
                        {
                            "result_set_size": 0,
                            "operator_timing": 0.028532934999999995,
                            "operator_rows_scanned": 0,
                            "cumulative_rows_scanned": 9635200000,
                            "operator_cardinality": 0,
                            "operator_type": "CTE",
                            "cumulative_cardinality": 355541327,
                            "extra_info": {
                                "CTE Name": "revenue",
                                "Table Index": "0"
                            },
                            "cpu_time": 117.28385792200002,
                            "children": [
                                {
                                    "result_set_size": 120000000,
                                    "operator_timing": 27.069749835999993,
                                    "operator_rows_scanned": 0,
                                    "cumulative_rows_scanned": 9497600000,
                                    "operator_cardinality": 5000000,
                                    "operator_type": "HASH_GROUP_BY",
                                    "cumulative_cardinality": 340541320,
                                    "extra_info": {
                                        "Groups": "#0",
                                        "Aggregates": "sum(#1)",
                                        "Estimated Cardinality": "29680000"
                                    },
                                    "cpu_time": 117.08643751600002,
                                    "children": [
                                        {
                                            "result_set_size": 2684330560,
                                            "operator_timing": 1.0949799320000004,
                                            "operator_rows_scanned": 0,
                                            "cumulative_rows_scanned": 9497600000,
                                            "operator_cardinality": 167770660,
                                            "operator_type": "PROJECTION",
                                            "cumulative_cardinality": 335541320,
                                            "extra_info": {
                                                "Projections": [
                                                    "supplier_no",
                                                    "(l_extendedprice * (1.00 - l_discount))"
                                                ],
                                                "Estimated Cardinality": "59360000"
                                            },
                                            "cpu_time": 90.01668768000002,
                                            "children": [
                                                {
                                                    "result_set_size": 4026495840,
                                                    "operator_timing": 88.92170774800002,
                                                    "operator_rows_scanned": 9497600000,
                                                    "cumulative_rows_scanned": 9497600000,
                                                    "operator_cardinality": 167770660,
                                                    "operator_type": "TABLE_SCAN",
                                                    "cumulative_cardinality": 167770660,
                                                    "extra_info": {
                                                        "Function": "READ_PARQUET",
                                                        "Projections": [
                                                            "l_suppkey",
                                                            "l_extendedprice",
                                                            "l_discount"
                                                        ],
                                                        "Filters": "l_shipdate>='1994-06-01'::DATE AND l_shipdate<'1994-09-01'::DATE AND l_shipdate IS NOT NULL",
                                                        "Estimated Cardinality": "59360000"
                                                    },
                                                    "cpu_time": 88.92170774800002,
                                                    "children": []
                                                }
                                            ]
                                        }
                                    ]
                                },
                                {
                                    "result_set_size": 96,
                                    "operator_timing": 0.00020806400000000005,
                                    "operator_rows_scanned": 0,
                                    "cumulative_rows_scanned": 137600000,
                                    "operator_cardinality": 1,
                                    "operator_type": "HASH_JOIN",
                                    "cumulative_cardinality": 15000007,
                                    "extra_info": {
                                        "Join Type": "INNER",
                                        "Conditions": "s_suppkey = supplier_no",
                                        "Estimated Cardinality": "0"
                                    },
                                    "cpu_time": 0.168887471,
                                    "children": [
                                        {
                                            "result_set_size": 56,
                                            "operator_timing": 0.09499673200000003,
                                            "operator_rows_scanned": 137600000,
                                            "cumulative_rows_scanned": 137600000,
                                            "operator_cardinality": 1,
                                            "operator_type": "TABLE_SCAN",
                                            "cumulative_cardinality": 1,
                                            "extra_info": {
                                                "Function": "PARQUET_SCAN",
                                                "Projections": "",
                                                "Estimated Cardinality": "4300000"
                                            },
                                            "cpu_time": 0.09499673200000003,
                                            "children": []
                                        },
                                        {
                                            "result_set_size": 40,
                                            "operator_timing": 0.028583736000000005,
                                            "operator_rows_scanned": 0,
                                            "cumulative_rows_scanned": 0,
                                            "operator_cardinality": 1,
                                            "operator_type": "HASH_JOIN",
                                            "cumulative_cardinality": 15000005,
                                            "extra_info": {
                                                "Join Type": "INNER",
                                                "Conditions": "total_revenue = SUBQUERY",
                                                "Estimated Cardinality": "0"
                                            },
                                            "cpu_time": 0.073682675,
                                            "children": [
                                                {
                                                    "result_set_size": 120000000,
                                                    "operator_timing": 0.008302768999999998,
                                                    "operator_rows_scanned": 0,
                                                    "cumulative_rows_scanned": 0,
                                                    "operator_cardinality": 5000000,
                                                    "operator_type": "CTE_SCAN",
                                                    "cumulative_cardinality": 5000000,
                                                    "extra_info": {
                                                        "CTE Index": "0",
                                                        "Estimated Cardinality": "29680000"
                                                    },
                                                    "cpu_time": 0.008302768999999998,
                                                    "children": []
                                                },
                                                {
                                                    "result_set_size": 16,
                                                    "operator_timing": 0.000002958,
                                                    "operator_rows_scanned": 0,
                                                    "cumulative_rows_scanned": 0,
                                                    "operator_cardinality": 1,
                                                    "operator_type": "PROJECTION",
                                                    "cumulative_cardinality": 10000004,
                                                    "extra_info": {
                                                        "Projections": [
                                                            "CASE  WHEN ((#1 > 1)) THEN (error('More than one row returned by a subquery used as an expression - scalar subqueries can only return a single row.",
                                                            "Use \"SET scalar_subquery_error_on_multiple_rows=false\" to revert to previous behavior of returning a random row.')) ELSE #0 END"
                                                        ],
                                                        "Estimated Cardinality": "1"
                                                    },
                                                    "cpu_time": 0.03679617,
                                                    "children": [
                                                        {
                                                            "result_set_size": 24,
                                                            "operator_timing": 0.000002102,
                                                            "operator_rows_scanned": 0,
                                                            "cumulative_rows_scanned": 0,
                                                            "operator_cardinality": 1,
                                                            "operator_type": "UNGROUPED_AGGREGATE",
                                                            "cumulative_cardinality": 10000003,
                                                            "extra_info": {
                                                                "Aggregates": [
                                                                    "\"first\"(#0)",
                                                                    "count_star()"
                                                                ]
                                                            },
                                                            "cpu_time": 0.036793212000000006,
                                                            "children": [
                                                                {
                                                                    "result_set_size": 16,
                                                                    "operator_timing": 2.6e-7,
                                                                    "operator_rows_scanned": 0,
                                                                    "cumulative_rows_scanned": 0,
                                                                    "operator_cardinality": 1,
                                                                    "operator_type": "PROJECTION",
                                                                    "cumulative_cardinality": 10000002,
                                                                    "extra_info": {
                                                                        "Projections": "#0",
                                                                        "Estimated Cardinality": "1"
                                                                    },
                                                                    "cpu_time": 0.03679111000000001,
                                                                    "children": [
                                                                        {
                                                                            "result_set_size": 16,
                                                                            "operator_timing": 0.008344638,
                                                                            "operator_rows_scanned": 0,
                                                                            "cumulative_rows_scanned": 0,
                                                                            "operator_cardinality": 1,
                                                                            "operator_type": "UNGROUPED_AGGREGATE",
                                                                            "cumulative_cardinality": 10000001,
                                                                            "extra_info": {
                                                                                "Aggregates": "max(#0)"
                                                                            },
                                                                            "cpu_time": 0.03679085000000001,
                                                                            "children": [
                                                                                {
                                                                                    "result_set_size": 80000000,
                                                                                    "operator_timing": 0.000337335,
                                                                                    "operator_rows_scanned": 0,
                                                                                    "cumulative_rows_scanned": 0,
                                                                                    "operator_cardinality": 5000000,
                                                                                    "operator_type": "PROJECTION",
                                                                                    "cumulative_cardinality": 10000000,
                                                                                    "extra_info": {
                                                                                        "Projections": "total_revenue",
                                                                                        "Estimated Cardinality": "29680000"
                                                                                    },
                                                                                    "cpu_time": 0.028446212000000005,
                                                                                    "children": [
                                                                                        {
                                                                                            "result_set_size": 120000000,
                                                                                            "operator_timing": 0.028108877000000004,
                                                                                            "operator_rows_scanned": 0,
                                                                                            "cumulative_rows_scanned": 0,
                                                                                            "operator_cardinality": 5000000,
                                                                                            "operator_type": "CTE_SCAN",
                                                                                            "cumulative_cardinality": 5000000,
                                                                                            "extra_info": {
                                                                                                "CTE Index": "0",
                                                                                                "Estimated Cardinality": "29680000"
                                                                                            },
                                                                                            "cpu_time": 0.028108877000000004,
                                                                                            "children": []
                                                                                        }
                                                                                    ]
                                                                                }
                                                                            ]
                                                                        }
                                                                    ]
                                                                }
                                                            ]
                                                        }
                                                    ]
                                                }
                                            ]
                                        }
                                    ]
                                }
                            ]
                        }
                    ]
                }
            ]
        }
    ]
}