{
    "rows_returned": 1,
    "latency": 32.209751125,
    "result_set_size": 8,
    "cumulative_rows_scanned": 3442208000,
    "cumulative_cardinality": 214717395,
    "extra_info": {},
    "cpu_time": 303.58668627100013,
    "blocked_thread_time": 0.0,
    "query_name": "COPY (FROM read_parquet(['s3://tpch31087--apne1-az1--x-s3/1400.parquet','s3://tpch31087--apne1-az1--x-s3/1401.parquet','s3://tpch31087--apne1-az1--x-s3/1403.parquet','s3://tpch31087--apne1-az1--x-s3/1404.parquet','s3://tpch31087--apne1-az1--x-s3/1405.parquet','s3://tpch31087--apne1-az1--x-s3/1406.parquet','s3://tpch31087--apne1-az1--x-s3/1407.parquet','s3://tpch31087--apne1-az1--x-s3/1408.parquet','s3://tpch31087--apne1-az1--x-s3/1409.parquet','s3://tpch31087--apne1-az1--x-s3/1410.parquet','s3://tpch31087--apne1-az1--x-s3/1411.parquet','s3://tpch31087--apne1-az1--x-s3/1412.parquet','s3://tpch31087--apne1-az1--x-s3/1413.parquet','s3://tpch31087--apne1-az1--x-s3/1414.parquet','s3://tpch31087--apne1-az1--x-s3/1415.parquet','s3://tpch31087--apne1-az1--x-s3/1416.parquet','s3://tpch31087--apne1-az1--x-s3/1417.parquet','s3://tpch31087--apne1-az1--x-s3/1418.parquet','s3://tpch31087--apne1-az1--x-s3/1419.parquet','s3://tpch31087--apne1-az1--x-s3/426.parquet','s3://tpch31087--apne1-az1--x-s3/427.parquet','s3://tpch31087--apne1-az1--x-s3/428.parquet','s3://tpch31087--apne1-az1--x-s3/429.parquet','s3://tpch31087--apne1-az1--x-s3/430.parquet','s3://tpch31087--apne1-az1--x-s3/431.parquet','s3://tpch31087--apne1-az1--x-s3/432.parquet','s3://tpch31087--apne1-az1--x-s3/433.parquet','s3://tpch31087--apne1-az1--x-s3/434.parquet','s3://tpch31087--apne1-az1--x-s3/435.parquet','s3://tpch31087--apne1-az1--x-s3/436.parquet','s3://tpch31087--apne1-az1--x-s3/437.parquet','s3://tpch31087--apne1-az1--x-s3/438.parquet','s3://tpch31087--apne1-az1--x-s3/439.parquet','s3://tpch31087--apne1-az1--x-s3/440.parquet','s3://tpch31087--apne1-az1--x-s3/441.parquet','s3://tpch31087--apne1-az1--x-s3/442.parquet','s3://tpch31087--apne1-az1--x-s3/443.parquet','s3://tpch31087--apne1-az1--x-s3/444.parquet','s3://tpch31087--apne1-az1--x-s3/445.parquet','s3://tpch31087--apne1-az1--x-s3/446.parquet','s3://tpch31087--apne1-az1--x-s3/447.parquet','s3://tpch31087--apne1-az1--x-s3/448.parquet','s3://tpch31087--apne1-az1--x-s3/449.parquet','s3://tpch31087--apne1-az1--x-s3/450.parquet','s3://tpch31087--apne1-az1--x-s3/451.parquet','s3://tpch31087--apne1-az1--x-s3/453.parquet','s3://tpch31087--apne1-az1--x-s3/454.parquet','s3://tpch31087--apne1-az1--x-s3/455.parquet','s3://tpch31087--apne1-az1--x-s3/456.parquet','s3://tpch31087--apne1-az1--x-s3/457.parquet','s3://tpch31087--apne1-az1--x-s3/458.parquet','s3://tpch31087--apne1-az1--x-s3/459.parquet','s3://tpch31087--apne1-az1--x-s3/461.parquet','s3://tpch31087--apne1-az1--x-s3/462.parquet','s3://tpch31087--apne1-az1--x-s3/463.parquet','s3://tpch31087--apne1-az1--x-s3/466.parquet','s3://tpch31087--apne1-az1--x-s3/497.parquet','s3://tpch31087--apne1-az1--x-s3/498.parquet','s3://tpch31087--apne1-az1--x-s3/499.parquet','s3://tpch31087--apne1-az1--x-s3/500.parquet','s3://tpch31087--apne1-az1--x-s3/501.parquet','s3://tpch31087--apne1-az1--x-s3/502.parquet','s3://tpch31087--apne1-az1--x-s3/503.parquet','s3://tpch31087--apne1-az1--x-s3/504.parquet','s3://tpch31087--apne1-az1--x-s3/505.parquet','s3://tpch31087--apne1-az1--x-s3/506.parquet','s3://tpch31087--apne1-az1--x-s3/507.parquet','s3://tpch31087--apne1-az1--x-s3/508.parquet','s3://tpch31087--apne1-az1--x-s3/509.parquet','s3://tpch31087--apne1-az1--x-s3/510.parquet','s3://tpch31087--apne1-az1--x-s3/511.parquet','s3://tpch31087--apne1-az1--x-s3/512.parquet','s3://tpch31087--apne1-az1--x-s3/513.parquet','s3://tpch31087--apne1-az1--x-s3/514.parquet','s3://tpch31087--apne1-az1--x-s3/515.parquet','s3://tpch31087--apne1-az1--x-s3/516.parquet','s3://tpch31087--apne1-az1--x-s3/517.parquet','s3://tpch31087--apne1-az1--x-s3/518.parquet','s3://tpch31087--apne1-az1--x-s3/519.parquet','s3://tpch31087--apne1-az1--x-s3/520.parquet','s3://tpch31087--apne1-az1--x-s3/521.parquet','s3://tpch31087--apne1-az1--x-s3/522.parquet','s3://tpch31087--apne1-az1--x-s3/523.parquet','s3://tpch31087--apne1-az1--x-s3/524.parquet','s3://tpch31087--apne1-az1--x-s3/525.parquet','s3://tpch31087--apne1-az1--x-s3/526.parquet','s3://tpch31087--apne1-az1--x-s3/527.parquet','s3://tpch31087--apne1-az1--x-s3/528.parquet','s3://tpch31087--apne1-az1--x-s3/529.parquet','s3://tpch31087--apne1-az1--x-s3/530.parquet','s3://tpch31087--apne1-az1--x-s3/531.parquet','s3://tpch31087--apne1-az1--x-s3/532.parquet','s3://tpch31087--apne1-az1--x-s3/533.parquet','s3://tpch31087--apne1-az1--x-s3/534.parquet','s3://tpch31087--apne1-az1--x-s3/535.parquet','s3://tpch31087--apne1-az1--x-s3/536.parquet','s3://tpch31087--apne1-az1--x-s3/537.parquet','s3://tpch31087--apne1-az1--x-s3/538.parquet','s3://tpch31087--apne1-az1--x-s3/539.parquet','s3://tpch31087--apne1-az1--x-s3/540.parquet','s3://tpch31087--apne1-az1--x-s3/541.parquet','s3://tpch31087--apne1-az1--x-s3/542.parquet','s3://tpch31087--apne1-az1--x-s3/543.parquet','s3://tpch31087--apne1-az1--x-s3/544.parquet','s3://tpch31087--apne1-az1--x-s3/545.parquet','s3://tpch31087--apne1-az1--x-s3/546.parquet','s3://tpch31087--apne1-az1--x-s3/547.parquet','s3://tpch31087--apne1-az1--x-s3/548.parquet','s3://tpch31087--apne1-az1--x-s3/549.parquet','s3://tpch31087--apne1-az1--x-s3/550.parquet','s3://tpch31087--apne1-az1--x-s3/551.parquet','s3://tpch31087--apne1-az1--x-s3/552.parquet','s3://tpch31087--apne1-az1--x-s3/553.parquet','s3://tpch31087--apne1-az1--x-s3/554.parquet','s3://tpch31087--apne1-az1--x-s3/555.parquet','s3://tpch31087--apne1-az1--x-s3/556.parquet','s3://tpch31087--apne1-az1--x-s3/557.parquet','s3://tpch31087--apne1-az1--x-s3/558.parquet','s3://tpch31087--apne1-az1--x-s3/559.parquet','s3://tpch31087--apne1-az1--x-s3/560.parquet','s3://tpch31087--apne1-az1--x-s3/561.parquet','s3://tpch31087--apne1-az1--x-s3/562.parquet','s3://tpch31087--apne1-az1--x-s3/563.parquet','s3://tpch31087--apne1-az1--x-s3/564.parquet','s3://tpch31087--apne1-az1--x-s3/565.parquet','s3://tpch31087--apne1-az1--x-s3/566.parquet','s3://tpch31087--apne1-az1--x-s3/567.parquet']) ORDER BY l_shipdate) TO 's3://tpch31087--apne1-az1--x-s3/tmp' (FORMAT 'parquet');",
    "children": [
        {
            "result_set_size": 8,
            "operator_timing": 33.85737422099999,
            "operator_rows_scanned": 0,
            "cumulative_rows_scanned": 3442208000,
            "operator_cardinality": 1,
            "operator_type": "BATCH_COPY_TO_FILE",
            "cumulative_cardinality": 214717395,
            "extra_info": {},
            "cpu_time": 303.58668627100013,
            "children": [
                {
                    "result_set_size": 16747956732,
                    "operator_timing": 189.92098099300014,
                    "operator_rows_scanned": 0,
                    "cumulative_rows_scanned": 3442208000,
                    "operator_cardinality": 107358697,
                    "operator_type": "ORDER_BY",
                    "cumulative_cardinality": 214717394,
                    "extra_info": {
                        "Order By": "read_parquet.l_shipdate ASC"
                    },
                    "cpu_time": 269.72931205000015,
                    "children": [
                        {
                            "result_set_size": 16747956732,
                            "operator_timing": 79.80833105699999,
                            "operator_rows_scanned": 3442208000,
                            "cumulative_rows_scanned": 3442208000,
                            "operator_cardinality": 107358697,
                            "operator_type": "TABLE_SCAN",
                            "cumulative_cardinality": 107358697,
                            "extra_info": {
                                "Function": "READ_PARQUET",
                                "Projections": [
                                    "l_orderkey",
                                    "l_partkey",
                                    "l_suppkey",
                                    "l_linenumber",
                                    "l_quantity",
                                    "l_extendedprice",
                                    "l_discount",
                                    "l_tax",
                                    "l_returnflag",
                                    "l_linestatus",
                                    "l_shipdate",
                                    "l_commitdate",
                                    "l_receiptdate",
                                    "l_shipinstruct",
                                    "l_shipmode",
                                    "l_comment"
                                ],
                                "Estimated Cardinality": "107569000"
                            },
                            "cpu_time": 79.80833105699999,
                            "children": []
                        }
                    ]
                }
            ]
        }
    ]
}