{
    "rows_returned": 4,
    "latency": 15.785054028,
    "result_set_size": 224,
    "cumulative_rows_scanned": 50362820178,
    "cumulative_cardinality": 1049815955,
    "extra_info": {},
    "cpu_time": 489.1606649960006,
    "blocked_thread_time": 0.0,
    "query_name": "SELECT\n    supp_nation,\n    cust_nation,\n    l_year, sum(volume) AS revenue\nFROM (\n    SELECT\n        n1.n_name AS supp_nation,\n        n2.n_name AS cust_nation,\n        extract(year FROM l_shipdate) AS l_year,\n        l_extendedprice * (1 - l_discount) AS volume\n    FROM\n        'pool/supplier/*.parquet',\n        read_parquet([\"s3://tpch28764--apne1-az1--x-s3/-49.parquet\", \"s3://tpch28764--apne1-az1--x-s3/-48.parquet\", \"s3://tpch28764--apne1-az1--x-s3/-47.parquet\", \"s3://tpch28764--apne1-az1--x-s3/-46.parquet\", \"s3://tpch28764--apne1-az1--x-s3/-45.parquet\", \"s3://tpch28764--apne1-az1--x-s3/-44.parquet\", \"s3://tpch28764--apne1-az1--x-s3/-43.parquet\", \"s3://tpch28764--apne1-az1--x-s3/-42.parquet\", \"s3://tpch28764--apne1-az1--x-s3/-41.parquet\", \"s3://tpch28764--apne1-az1--x-s3/-40.parquet\", \"s3://tpch28764--apne1-az1--x-s3/-39.parquet\", \"s3://tpch28764--apne1-az1--x-s3/-38.parquet\", \"s3://tpch28764--apne1-az1--x-s3/-37.parquet\", \"s3://tpch28764--apne1-az1--x-s3/-36.parquet\", \"s3://tpch28764--apne1-az1--x-s3/-35.parquet\", \"s3://tpch28764--apne1-az1--x-s3/-34.parquet\", \"s3://tpch28764--apne1-az1--x-s3/-33.parquet\", \"s3://tpch28764--apne1-az1--x-s3/-32.parquet\", \"s3://tpch28764--apne1-az1--x-s3/-31.parquet\", \"s3://tpch28764--apne1-az1--x-s3/-30.parquet\", \"s3://tpch28764--apne1-az1--x-s3/-29.parquet\", \"s3://tpch28764--apne1-az1--x-s3/-28.parquet\", \"s3://tpch28764--apne1-az1--x-s3/-27.parquet\", \"s3://tpch28764--apne1-az1--x-s3/-26.parquet\", \"s3://tpch28764--apne1-az1--x-s3/-25.parquet\", \"s3://tpch28764--apne1-az1--x-s3/-24.parquet\", \"s3://tpch28764--apne1-az1--x-s3/-23.parquet\", \"s3://tpch28764--apne1-az1--x-s3/-22.parquet\", \"s3://tpch28764--apne1-az1--x-s3/-21.parquet\", \"s3://tpch28764--apne1-az1--x-s3/-20.parquet\", \"s3://tpch28764--apne1-az1--x-s3/-19.parquet\", \"s3://tpch28764--apne1-az1--x-s3/-18.parquet\", \"s3://tpch28764--apne1-az1--x-s3/-17.parquet\", \"s3://tpch28764--apne1-az1--x-s3/-16.parquet\", \"s3://tpch28764--apne1-az1--x-s3/-15.parquet\", \"s3://tpch28764--apne1-az1--x-s3/-14.parquet\", \"s3://tpch28764--apne1-az1--x-s3/-13.parquet\", \"s3://tpch28764--apne1-az1--x-s3/-12.parquet\", \"s3://tpch28764--apne1-az1--x-s3/-11.parquet\", \"s3://tpch28764--apne1-az1--x-s3/-10.parquet\", \"s3://tpch28764--apne1-az1--x-s3/-9.parquet\", \"s3://tpch28764--apne1-az1--x-s3/-8.parquet\", \"s3://tpch28764--apne1-az1--x-s3/-7.parquet\", \"s3://tpch28764--apne1-az1--x-s3/-6.parquet\", \"s3://tpch28764--apne1-az1--x-s3/-5.parquet\", \"s3://tpch28764--apne1-az1--x-s3/-4.parquet\", \"s3://tpch28764--apne1-az1--x-s3/-3.parquet\", \"s3://tpch28764--apne1-az1--x-s3/-2.parquet\", \"s3://tpch28764--apne1-az1--x-s3/-1.parquet\", \"s3://tpch28764--apne1-az1--x-s3/5.parquet\", \"s3://tpch28764--apne1-az1--x-s3/8.parquet\", \"s3://tpch28764--apne1-az1--x-s3/9.parquet\", \"s3://tpch28764--apne1-az1--x-s3/17.parquet\", \"s3://tpch28764--apne1-az1--x-s3/18.parquet\", \"s3://tpch28764--apne1-az1--x-s3/21.parquet\", \"s3://tpch28764--apne1-az1--x-s3/27.parquet\", \"s3://tpch28764--apne1-az1--x-s3/37.parquet\", \"s3://tpch28764--apne1-az1--x-s3/39.parquet\", \"s3://tpch28764--apne1-az1--x-s3/41.parquet\", \"s3://tpch28764--apne1-az1--x-s3/46.parquet\", \"s3://tpch28764--apne1-az1--x-s3/47.parquet\", \"s3://tpch28764--apne1-az1--x-s3/51.parquet\", \"s3://tpch28764--apne1-az1--x-s3/58.parquet\", \"s3://tpch28764--apne1-az1--x-s3/64.parquet\", \"s3://tpch28764--apne1-az1--x-s3/67.parquet\", \"s3://tpch28764--apne1-az1--x-s3/70.parquet\", \"s3://tpch28764--apne1-az1--x-s3/71.parquet\", \"s3://tpch28764--apne1-az1--x-s3/72.parquet\", \"s3://tpch28764--apne1-az1--x-s3/73.parquet\", \"s3://tpch28764--apne1-az1--x-s3/74.parquet\", \"s3://tpch28764--apne1-az1--x-s3/75.parquet\", \"s3://tpch28764--apne1-az1--x-s3/76.parquet\", \"s3://tpch28764--apne1-az1--x-s3/77.parquet\", \"s3://tpch28764--apne1-az1--x-s3/78.parquet\", \"s3://tpch28764--apne1-az1--x-s3/79.parquet\", \"s3://tpch28764--apne1-az1--x-s3/80.parquet\", \"s3://tpch28764--apne1-az1--x-s3/81.parquet\", \"s3://tpch28764--apne1-az1--x-s3/82.parquet\", \"s3://tpch28764--apne1-az1--x-s3/83.parquet\", \"s3://tpch28764--apne1-az1--x-s3/84.parquet\", \"s3://tpch28764--apne1-az1--x-s3/85.parquet\", \"s3://tpch28764--apne1-az1--x-s3/86.parquet\", \"s3://tpch28764--apne1-az1--x-s3/87.parquet\", \"s3://tpch28764--apne1-az1--x-s3/88.parquet\", \"s3://tpch28764--apne1-az1--x-s3/89.parquet\", \"s3://tpch28764--apne1-az1--x-s3/90.parquet\", \"s3://tpch28764--apne1-az1--x-s3/91.parquet\", \"s3://tpch28764--apne1-az1--x-s3/92.parquet\", \"s3://tpch28764--apne1-az1--x-s3/93.parquet\", \"s3://tpch28764--apne1-az1--x-s3/94.parquet\", \"s3://tpch28764--apne1-az1--x-s3/95.parquet\", \"s3://tpch28764--apne1-az1--x-s3/96.parquet\", \"s3://tpch28764--apne1-az1--x-s3/97.parquet\", \"s3://tpch28764--apne1-az1--x-s3/98.parquet\", \"s3://tpch28764--apne1-az1--x-s3/99.parquet\", \"s3://tpch28764--apne1-az1--x-s3/147.parquet\", \"s3://tpch28764--apne1-az1--x-s3/149.parquet\", \"s3://tpch28764--apne1-az1--x-s3/150.parquet\", \"s3://tpch28764--apne1-az1--x-s3/154.parquet\", \"s3://tpch28764--apne1-az1--x-s3/159.parquet\", \"s3://tpch28764--apne1-az1--x-s3/161.parquet\", \"s3://tpch28764--apne1-az1--x-s3/162.parquet\", \"s3://tpch28764--apne1-az1--x-s3/167.parquet\", \"s3://tpch28764--apne1-az1--x-s3/171.parquet\", \"s3://tpch28764--apne1-az1--x-s3/179.parquet\", \"s3://tpch28764--apne1-az1--x-s3/180.parquet\", \"s3://tpch28764--apne1-az1--x-s3/181.parquet\", \"s3://tpch28764--apne1-az1--x-s3/182.parquet\", \"s3://tpch28764--apne1-az1--x-s3/188.parquet\", \"s3://tpch28764--apne1-az1--x-s3/190.parquet\", \"s3://tpch28764--apne1-az1--x-s3/191.parquet\", \"s3://tpch28764--apne1-az1--x-s3/192.parquet\", \"s3://tpch28764--apne1-az1--x-s3/193.parquet\", \"s3://tpch28764--apne1-az1--x-s3/195.parquet\", \"s3://tpch28764--apne1-az1--x-s3/198.parquet\", \"s3://tpch28764--apne1-az1--x-s3/201.parquet\", \"s3://tpch28764--apne1-az1--x-s3/204.parquet\", \"s3://tpch28764--apne1-az1--x-s3/211.parquet\", \"s3://tpch28764--apne1-az1--x-s3/212.parquet\", \"s3://tpch28764--apne1-az1--x-s3/250.parquet\", \"s3://tpch28764--apne1-az1--x-s3/268.parquet\", \"s3://tpch28764--apne1-az1--x-s3/286.parquet\", \"s3://tpch28764--apne1-az1--x-s3/293.parquet\", \"s3://tpch28764--apne1-az1--x-s3/303.parquet\", \"s3://tpch28764--apne1-az1--x-s3/304.parquet\", \"s3://tpch28764--apne1-az1--x-s3/305.parquet\", \"s3://tpch28764--apne1-az1--x-s3/389.parquet\", \"s3://tpch28764--apne1-az1--x-s3/425.parquet\", \"s3://tpch28764--apne1-az1--x-s3/446.parquet\", \"s3://tpch28764--apne1-az1--x-s3/453.parquet\", \"s3://tpch28764--apne1-az1--x-s3/463.parquet\", \"s3://tpch28764--apne1-az1--x-s3/464.parquet\", \"s3://tpch28764--apne1-az1--x-s3/465.parquet\", \"s3://tpch28764--apne1-az1--x-s3/496.parquet\", \"s3://tpch28764--apne1-az1--x-s3/549.parquet\", \"s3://tpch28764--apne1-az1--x-s3/550.parquet\", \"s3://tpch28764--apne1-az1--x-s3/551.parquet\", \"s3://tpch28764--apne1-az1--x-s3/552.parquet\", \"s3://tpch28764--apne1-az1--x-s3/553.parquet\", \"s3://tpch28764--apne1-az1--x-s3/554.parquet\", \"s3://tpch28764--apne1-az1--x-s3/555.parquet\", \"s3://tpch28764--apne1-az1--x-s3/556.parquet\", \"s3://tpch28764--apne1-az1--x-s3/557.parquet\", \"s3://tpch28764--apne1-az1--x-s3/558.parquet\", \"s3://tpch28764--apne1-az1--x-s3/559.parquet\", \"s3://tpch28764--apne1-az1--x-s3/561.parquet\", \"s3://tpch28764--apne1-az1--x-s3/562.parquet\", \"s3://tpch28764--apne1-az1--x-s3/563.parquet\", \"s3://tpch28764--apne1-az1--x-s3/565.parquet\", \"s3://tpch28764--apne1-az1--x-s3/566.parquet\", \"s3://tpch28764--apne1-az1--x-s3/612.parquet\", \"s3://tpch28764--apne1-az1--x-s3/630.parquet\", \"s3://tpch28764--apne1-az1--x-s3/637.parquet\", \"s3://tpch28764--apne1-az1--x-s3/648.parquet\", \"s3://tpch28764--apne1-az1--x-s3/649.parquet\", \"s3://tpch28764--apne1-az1--x-s3/650.parquet\", \"s3://tpch28764--apne1-az1--x-s3/711.parquet\", \"s3://tpch28764--apne1-az1--x-s3/716.parquet\", \"s3://tpch28764--apne1-az1--x-s3/719.parquet\", \"s3://tpch28764--apne1-az1--x-s3/720.parquet\", \"s3://tpch28764--apne1-az1--x-s3/727.parquet\", \"s3://tpch28764--apne1-az1--x-s3/730.parquet\", \"s3://tpch28764--apne1-az1--x-s3/732.parquet\", \"s3://tpch28764--apne1-az1--x-s3/733.parquet\", \"s3://tpch28764--apne1-az1--x-s3/734.parquet\", \"s3://tpch28764--apne1-az1--x-s3/735.parquet\", \"s3://tpch28764--apne1-az1--x-s3/736.parquet\", \"s3://tpch28764--apne1-az1--x-s3/737.parquet\", \"s3://tpch28764--apne1-az1--x-s3/738.parquet\", \"s3://tpch28764--apne1-az1--x-s3/739.parquet\", \"s3://tpch28764--apne1-az1--x-s3/740.parquet\", \"s3://tpch28764--apne1-az1--x-s3/741.parquet\", \"s3://tpch28764--apne1-az1--x-s3/742.parquet\", \"s3://tpch28764--apne1-az1--x-s3/743.parquet\", \"s3://tpch28764--apne1-az1--x-s3/744.parquet\", \"s3://tpch28764--apne1-az1--x-s3/745.parquet\", \"s3://tpch28764--apne1-az1--x-s3/746.parquet\", \"s3://tpch28764--apne1-az1--x-s3/747.parquet\", \"s3://tpch28764--apne1-az1--x-s3/748.parquet\", \"s3://tpch28764--apne1-az1--x-s3/749.parquet\", \"s3://tpch28764--apne1-az1--x-s3/750.parquet\", \"s3://tpch28764--apne1-az1--x-s3/751.parquet\", \"s3://tpch28764--apne1-az1--x-s3/752.parquet\", \"s3://tpch28764--apne1-az1--x-s3/753.parquet\", \"s3://tpch28764--apne1-az1--x-s3/754.parquet\", \"s3://tpch28764--apne1-az1--x-s3/755.parquet\", \"s3://tpch28764--apne1-az1--x-s3/756.parquet\", \"s3://tpch28764--apne1-az1--x-s3/757.parquet\", \"s3://tpch28764--apne1-az1--x-s3/758.parquet\", \"s3://tpch28764--apne1-az1--x-s3/759.parquet\", \"s3://tpch28764--apne1-az1--x-s3/760.parquet\", \"s3://tpch28764--apne1-az1--x-s3/761.parquet\", \"s3://tpch28764--apne1-az1--x-s3/762.parquet\", \"s3://tpch28764--apne1-az1--x-s3/763.parquet\", \"s3://tpch28764--apne1-az1--x-s3/764.parquet\", \"s3://tpch28764--apne1-az1--x-s3/765.parquet\", \"s3://tpch28764--apne1-az1--x-s3/766.parquet\", \"s3://tpch28764--apne1-az1--x-s3/767.parquet\", \"s3://tpch28764--apne1-az1--x-s3/768.parquet\", \"s3://tpch28764--apne1-az1--x-s3/769.parquet\", \"s3://tpch28764--apne1-az1--x-s3/770.parquet\", \"s3://tpch28764--apne1-az1--x-s3/771.parquet\", \"s3://tpch28764--apne1-az1--x-s3/772.parquet\", \"s3://tpch28764--apne1-az1--x-s3/773.parquet\", \"s3://tpch28764--apne1-az1--x-s3/774.parquet\", \"s3://tpch28764--apne1-az1--x-s3/775.parquet\", \"s3://tpch28764--apne1-az1--x-s3/776.parquet\", \"s3://tpch28764--apne1-az1--x-s3/777.parquet\", \"s3://tpch28764--apne1-az1--x-s3/778.parquet\", \"s3://tpch28764--apne1-az1--x-s3/779.parquet\", \"s3://tpch28764--apne1-az1--x-s3/782.parquet\", \"s3://tpch28764--apne1-az1--x-s3/783.parquet\", \"s3://tpch28764--apne1-az1--x-s3/784.parquet\", \"s3://tpch28764--apne1-az1--x-s3/785.parquet\", \"s3://tpch28764--apne1-az1--x-s3/786.parquet\", \"s3://tpch28764--apne1-az1--x-s3/787.parquet\", \"s3://tpch28764--apne1-az1--x-s3/788.parquet\", \"s3://tpch28764--apne1-az1--x-s3/789.parquet\", \"s3://tpch28764--apne1-az1--x-s3/790.parquet\", \"s3://tpch28764--apne1-az1--x-s3/791.parquet\", \"s3://tpch28764--apne1-az1--x-s3/792.parquet\", \"s3://tpch28764--apne1-az1--x-s3/793.parquet\", \"s3://tpch28764--apne1-az1--x-s3/795.parquet\", \"s3://tpch28764--apne1-az1--x-s3/796.parquet\", \"s3://tpch28764--apne1-az1--x-s3/797.parquet\", \"s3://tpch28764--apne1-az1--x-s3/798.parquet\", \"s3://tpch28764--apne1-az1--x-s3/799.parquet\", \"s3://tpch28764--apne1-az1--x-s3/800.parquet\", \"s3://tpch28764--apne1-az1--x-s3/802.parquet\", \"s3://tpch28764--apne1-az1--x-s3/804.parquet\", \"s3://tpch28764--apne1-az1--x-s3/806.parquet\", \"s3://tpch28764--apne1-az1--x-s3/807.parquet\", \"s3://tpch28764--apne1-az1--x-s3/808.parquet\", \"s3://tpch28764--apne1-az1--x-s3/810.parquet\", \"s3://tpch28764--apne1-az1--x-s3/812.parquet\", \"s3://tpch28764--apne1-az1--x-s3/815.parquet\", \"s3://tpch28764--apne1-az1--x-s3/816.parquet\", \"s3://tpch28764--apne1-az1--x-s3/819.parquet\", \"s3://tpch28764--apne1-az1--x-s3/820.parquet\", \"s3://tpch28764--apne1-az1--x-s3/821.parquet\", \"s3://tpch28764--apne1-az1--x-s3/824.parquet\", \"s3://tpch28764--apne1-az1--x-s3/825.parquet\", \"s3://tpch28764--apne1-az1--x-s3/828.parquet\", \"s3://tpch28764--apne1-az1--x-s3/830.parquet\", \"s3://tpch28764--apne1-az1--x-s3/838.parquet\", \"s3://tpch28764--apne1-az1--x-s3/839.parquet\", \"s3://tpch28764--apne1-az1--x-s3/840.parquet\", \"s3://tpch28764--apne1-az1--x-s3/842.parquet\", \"s3://tpch28764--apne1-az1--x-s3/843.parquet\", \"s3://tpch28764--apne1-az1--x-s3/844.parquet\", \"s3://tpch28764--apne1-az1--x-s3/847.parquet\", \"s3://tpch28764--apne1-az1--x-s3/848.parquet\", \"s3://tpch28764--apne1-az1--x-s3/850.parquet\", \"s3://tpch28764--apne1-az1--x-s3/900.parquet\", \"s3://tpch28764--apne1-az1--x-s3/901.parquet\", \"s3://tpch28764--apne1-az1--x-s3/902.parquet\", \"s3://tpch28764--apne1-az1--x-s3/903.parquet\", \"s3://tpch28764--apne1-az1--x-s3/904.parquet\", \"s3://tpch28764--apne1-az1--x-s3/905.parquet\", \"s3://tpch28764--apne1-az1--x-s3/906.parquet\", \"s3://tpch28764--apne1-az1--x-s3/907.parquet\", \"s3://tpch28764--apne1-az1--x-s3/908.parquet\", \"s3://tpch28764--apne1-az1--x-s3/909.parquet\", \"s3://tpch28764--apne1-az1--x-s3/910.parquet\", \"s3://tpch28764--apne1-az1--x-s3/911.parquet\", \"s3://tpch28764--apne1-az1--x-s3/912.parquet\", \"s3://tpch28764--apne1-az1--x-s3/913.parquet\", \"s3://tpch28764--apne1-az1--x-s3/914.parquet\", \"s3://tpch28764--apne1-az1--x-s3/915.parquet\", \"s3://tpch28764--apne1-az1--x-s3/916.parquet\", \"s3://tpch28764--apne1-az1--x-s3/917.parquet\", \"s3://tpch28764--apne1-az1--x-s3/918.parquet\", \"s3://tpch28764--apne1-az1--x-s3/919.parquet\", \"s3://tpch28764--apne1-az1--x-s3/920.parquet\", \"s3://tpch28764--apne1-az1--x-s3/921.parquet\", \"s3://tpch28764--apne1-az1--x-s3/925.parquet\", \"s3://tpch28764--apne1-az1--x-s3/928.parquet\", \"s3://tpch28764--apne1-az1--x-s3/932.parquet\", \"s3://tpch28764--apne1-az1--x-s3/933.parquet\", \"s3://tpch28764--apne1-az1--x-s3/934.parquet\", \"s3://tpch28764--apne1-az1--x-s3/939.parquet\", \"s3://tpch28764--apne1-az1--x-s3/940.parquet\", \"s3://tpch28764--apne1-az1--x-s3/942.parquet\", \"s3://tpch28764--apne1-az1--x-s3/943.parquet\", \"s3://tpch28764--apne1-az1--x-s3/944.parquet\", \"s3://tpch28764--apne1-az1--x-s3/945.parquet\", \"s3://tpch28764--apne1-az1--x-s3/946.parquet\", \"s3://tpch28764--apne1-az1--x-s3/948.parquet\", \"s3://tpch28764--apne1-az1--x-s3/949.parquet\", \"s3://tpch28764--apne1-az1--x-s3/950.parquet\", \"s3://tpch28764--apne1-az1--x-s3/952.parquet\", \"s3://tpch28764--apne1-az1--x-s3/954.parquet\", \"s3://tpch28764--apne1-az1--x-s3/955.parquet\", \"s3://tpch28764--apne1-az1--x-s3/959.parquet\", \"s3://tpch28764--apne1-az1--x-s3/960.parquet\", \"s3://tpch28764--apne1-az1--x-s3/962.parquet\", \"s3://tpch28764--apne1-az1--x-s3/963.parquet\", \"s3://tpch28764--apne1-az1--x-s3/964.parquet\", \"s3://tpch28764--apne1-az1--x-s3/965.parquet\", \"s3://tpch28764--apne1-az1--x-s3/966.parquet\", \"s3://tpch28764--apne1-az1--x-s3/967.parquet\", \"s3://tpch28764--apne1-az1--x-s3/968.parquet\", \"s3://tpch28764--apne1-az1--x-s3/969.parquet\", \"s3://tpch28764--apne1-az1--x-s3/970.parquet\", \"s3://tpch28764--apne1-az1--x-s3/971.parquet\", \"s3://tpch28764--apne1-az1--x-s3/972.parquet\", \"s3://tpch28764--apne1-az1--x-s3/973.parquet\", \"s3://tpch28764--apne1-az1--x-s3/974.parquet\", \"s3://tpch28764--apne1-az1--x-s3/975.parquet\", \"s3://tpch28764--apne1-az1--x-s3/976.parquet\", \"s3://tpch28764--apne1-az1--x-s3/977.parquet\", \"s3://tpch28764--apne1-az1--x-s3/978.parquet\", \"s3://tpch28764--apne1-az1--x-s3/979.parquet\", \"s3://tpch28764--apne1-az1--x-s3/980.parquet\", \"s3://tpch28764--apne1-az1--x-s3/981.parquet\", \"s3://tpch28764--apne1-az1--x-s3/982.parquet\", \"s3://tpch28764--apne1-az1--x-s3/983.parquet\", \"s3://tpch28764--apne1-az1--x-s3/984.parquet\", \"s3://tpch28764--apne1-az1--x-s3/985.parquet\", \"s3://tpch28764--apne1-az1--x-s3/986.parquet\", \"s3://tpch28764--apne1-az1--x-s3/987.parquet\", \"s3://tpch28764--apne1-az1--x-s3/988.parquet\", \"s3://tpch28764--apne1-az1--x-s3/989.parquet\", \"s3://tpch28764--apne1-az1--x-s3/990.parquet\", \"s3://tpch28764--apne1-az1--x-s3/991.parquet\", \"s3://tpch28764--apne1-az1--x-s3/992.parquet\", \"s3://tpch28764--apne1-az1--x-s3/993.parquet\", \"s3://tpch28764--apne1-az1--x-s3/994.parquet\", \"s3://tpch28764--apne1-az1--x-s3/995.parquet\", \"s3://tpch28764--apne1-az1--x-s3/996.parquet\", \"s3://tpch28764--apne1-az1--x-s3/997.parquet\", \"s3://tpch28764--apne1-az1--x-s3/998.parquet\", \"s3://tpch28764--apne1-az1--x-s3/999.parquet\", \"s3://tpch28764--apne1-az1--x-s3/1199.parquet\", \"s3://tpch28764--apne1-az1--x-s3/1200.parquet\", \"s3://tpch28764--apne1-az1--x-s3/1201.parquet\", \"s3://tpch28764--apne1-az1--x-s3/1202.parquet\", \"s3://tpch28764--apne1-az1--x-s3/1203.parquet\", \"s3://tpch28764--apne1-az1--x-s3/1204.parquet\", \"s3://tpch28764--apne1-az1--x-s3/1205.parquet\", \"s3://tpch28764--apne1-az1--x-s3/1313.parquet\", \"s3://tpch28764--apne1-az1--x-s3/1315.parquet\", \"s3://tpch28764--apne1-az1--x-s3/1316.parquet\", \"s3://tpch28764--apne1-az1--x-s3/1317.parquet\", \"s3://tpch28764--apne1-az1--x-s3/1318.parquet\", \"s3://tpch28764--apne1-az1--x-s3/1320.parquet\", \"s3://tpch28764--apne1-az1--x-s3/1321.parquet\", \"s3://tpch28764--apne1-az1--x-s3/1322.parquet\", \"s3://tpch28764--apne1-az1--x-s3/1323.parquet\", \"s3://tpch28764--apne1-az1--x-s3/1324.parquet\", \"s3://tpch28764--apne1-az1--x-s3/1325.parquet\", \"s3://tpch28764--apne1-az1--x-s3/1326.parquet\", \"s3://tpch28764--apne1-az1--x-s3/1328.parquet\", \"s3://tpch28764--apne1-az1--x-s3/1329.parquet\", \"s3://tpch28764--apne1-az1--x-s3/1330.parquet\", \"s3://tpch28764--apne1-az1--x-s3/1331.parquet\", \"s3://tpch28764--apne1-az1--x-s3/1332.parquet\", \"s3://tpch28764--apne1-az1--x-s3/1333.parquet\", \"s3://tpch28764--apne1-az1--x-s3/1335.parquet\", \"s3://tpch28764--apne1-az1--x-s3/1336.parquet\", \"s3://tpch28764--apne1-az1--x-s3/1337.parquet\", \"s3://tpch28764--apne1-az1--x-s3/1338.parquet\", \"s3://tpch28764--apne1-az1--x-s3/1339.parquet\", \"s3://tpch28764--apne1-az1--x-s3/1340.parquet\", \"s3://tpch28764--apne1-az1--x-s3/1341.parquet\", \"s3://tpch28764--apne1-az1--x-s3/1342.parquet\", \"s3://tpch28764--apne1-az1--x-s3/1343.parquet\", \"s3://tpch28764--apne1-az1--x-s3/1344.parquet\", \"s3://tpch28764--apne1-az1--x-s3/1345.parquet\", \"s3://tpch28764--apne1-az1--x-s3/1347.parquet\", \"s3://tpch28764--apne1-az1--x-s3/1354.parquet\", \"s3://tpch28764--apne1-az1--x-s3/1384.parquet\", \"s3://tpch28764--apne1-az1--x-s3/1396.parquet\", \"s3://tpch28764--apne1-az1--x-s3/1399.parquet\", \"s3://tpch28764--apne1-az1--x-s3/1405.parquet\", \"s3://tpch28764--apne1-az1--x-s3/1410.parquet\", \"s3://tpch28764--apne1-az1--x-s3/1463.parquet\", \"s3://tpch28764--apne1-az1--x-s3/1464.parquet\", \"s3://tpch28764--apne1-az1--x-s3/1465.parquet\", \"s3://tpch28764--apne1-az1--x-s3/1466.parquet\", \"s3://tpch28764--apne1-az1--x-s3/1467.parquet\", \"s3://tpch28764--apne1-az1--x-s3/1468.parquet\", \"s3://tpch28764--apne1-az1--x-s3/1469.parquet\", \"s3://tpch28764--apne1-az1--x-s3/1470.parquet\", \"s3://tpch28764--apne1-az1--x-s3/1471.parquet\", \"s3://tpch28764--apne1-az1--x-s3/1472.parquet\", \"s3://tpch28764--apne1-az1--x-s3/1473.parquet\", \"s3://tpch28764--apne1-az1--x-s3/1474.parquet\", \"s3://tpch28764--apne1-az1--x-s3/1475.parquet\", \"s3://tpch28764--apne1-az1--x-s3/1476.parquet\", \"s3://tpch28764--apne1-az1--x-s3/1477.parquet\", \"s3://tpch28764--apne1-az1--x-s3/1478.parquet\", \"s3://tpch28764--apne1-az1--x-s3/1479.parquet\", \"s3://tpch28764--apne1-az1--x-s3/1480.parquet\", \"s3://tpch28764--apne1-az1--x-s3/1481.parquet\", \"s3://tpch28764--apne1-az1--x-s3/1482.parquet\", \"s3://tpch28764--apne1-az1--x-s3/1483.parquet\", \"s3://tpch28764--apne1-az1--x-s3/1484.parquet\", \"s3://tpch28764--apne1-az1--x-s3/1485.parquet\", \"s3://tpch28764--apne1-az1--x-s3/1486.parquet\", \"s3://tpch28764--apne1-az1--x-s3/1487.parquet\", \"s3://tpch28764--apne1-az1--x-s3/1488.parquet\", \"s3://tpch28764--apne1-az1--x-s3/1489.parquet\", \"s3://tpch28764--apne1-az1--x-s3/1491.parquet\", \"s3://tpch28764--apne1-az1--x-s3/1492.parquet\", \"s3://tpch28764--apne1-az1--x-s3/1493.parquet\", \"s3://tpch28764--apne1-az1--x-s3/1496.parquet\", \"s3://tpch28764--apne1-az1--x-s3/1497.parquet\", \"s3://tpch28764--apne1-az1--x-s3/1499.parquet\", \"s3://tpch28764--apne1-az1--x-s3/1500.parquet\", \"s3://tpch28764--apne1-az1--x-s3/1501.parquet\", \"s3://tpch28764--apne1-az1--x-s3/1502.parquet\", \"s3://tpch28764--apne1-az1--x-s3/1504.parquet\", \"s3://tpch28764--apne1-az1--x-s3/1505.parquet\", \"s3://tpch28764--apne1-az1--x-s3/1506.parquet\", \"s3://tpch28764--apne1-az1--x-s3/1507.parquet\", \"s3://tpch28764--apne1-az1--x-s3/1508.parquet\", \"s3://tpch28764--apne1-az1--x-s3/1510.parquet\", \"s3://tpch28764--apne1-az1--x-s3/1511.parquet\", \"s3://tpch28764--apne1-az1--x-s3/1512.parquet\", \"s3://tpch28764--apne1-az1--x-s3/1513.parquet\", \"s3://tpch28764--apne1-az1--x-s3/1514.parquet\", \"s3://tpch28764--apne1-az1--x-s3/1515.parquet\", \"s3://tpch28764--apne1-az1--x-s3/1517.parquet\", \"s3://tpch28764--apne1-az1--x-s3/1519.parquet\", \"s3://tpch28764--apne1-az1--x-s3/1520.parquet\", \"s3://tpch28764--apne1-az1--x-s3/1522.parquet\", \"s3://tpch28764--apne1-az1--x-s3/1523.parquet\", \"s3://tpch28764--apne1-az1--x-s3/1524.parquet\", \"s3://tpch28764--apne1-az1--x-s3/1525.parquet\", \"s3://tpch28764--apne1-az1--x-s3/1526.parquet\", \"s3://tpch28764--apne1-az1--x-s3/1527.parquet\", \"s3://tpch28764--apne1-az1--x-s3/1528.parquet\", \"s3://tpch28764--apne1-az1--x-s3/1529.parquet\", \"s3://tpch28764--apne1-az1--x-s3/1530.parquet\", \"s3://tpch28764--apne1-az1--x-s3/1531.parquet\", \"s3://tpch28764--apne1-az1--x-s3/1532.parquet\", \"s3://tpch28764--apne1-az1--x-s3/1533.parquet\", \"s3://tpch28764--apne1-az1--x-s3/1534.parquet\", \"s3://tpch28764--apne1-az1--x-s3/1535.parquet\", \"s3://tpch28764--apne1-az1--x-s3/1537.parquet\", \"s3://tpch28764--apne1-az1--x-s3/1538.parquet\", \"s3://tpch28764--apne1-az1--x-s3/1539.parquet\", \"s3://tpch28764--apne1-az1--x-s3/1540.parquet\", \"s3://tpch28764--apne1-az1--x-s3/1541.parquet\", \"s3://tpch28764--apne1-az1--x-s3/1542.parquet\", \"s3://tpch28764--apne1-az1--x-s3/1543.parquet\", \"s3://tpch28764--apne1-az1--x-s3/1544.parquet\", \"s3://tpch28764--apne1-az1--x-s3/1545.parquet\", \"s3://tpch28764--apne1-az1--x-s3/1546.parquet\", \"s3://tpch28764--apne1-az1--x-s3/1547.parquet\", \"s3://tpch28764--apne1-az1--x-s3/1548.parquet\", \"s3://tpch28764--apne1-az1--x-s3/1549.parquet\", \"s3://tpch28764--apne1-az1--x-s3/1550.parquet\", \"s3://tpch28764--apne1-az1--x-s3/1551.parquet\", \"s3://tpch28764--apne1-az1--x-s3/1552.parquet\", \"s3://tpch28764--apne1-az1--x-s3/1553.parquet\", \"s3://tpch28764--apne1-az1--x-s3/1554.parquet\", \"s3://tpch28764--apne1-az1--x-s3/1555.parquet\", \"s3://tpch28764--apne1-az1--x-s3/1556.parquet\", \"s3://tpch28764--apne1-az1--x-s3/1557.parquet\", \"s3://tpch28764--apne1-az1--x-s3/1558.parquet\", \"s3://tpch28764--apne1-az1--x-s3/1670.parquet\", \"s3://tpch28764--apne1-az1--x-s3/1671.parquet\", \"s3://tpch28764--apne1-az1--x-s3/1672.parquet\", \"s3://tpch28764--apne1-az1--x-s3/1673.parquet\", \"s3://tpch28764--apne1-az1--x-s3/1674.parquet\", \"s3://tpch28764--apne1-az1--x-s3/1675.parquet\", \"s3://tpch28764--apne1-az1--x-s3/1676.parquet\", \"s3://tpch28764--apne1-az1--x-s3/1677.parquet\", \"s3://tpch28764--apne1-az1--x-s3/1678.parquet\", \"s3://tpch28764--apne1-az1--x-s3/1679.parquet\", \"s3://tpch28764--apne1-az1--x-s3/1680.parquet\", \"s3://tpch28764--apne1-az1--x-s3/1681.parquet\", \"s3://tpch28764--apne1-az1--x-s3/1682.parquet\", \"s3://tpch28764--apne1-az1--x-s3/1683.parquet\", \"s3://tpch28764--apne1-az1--x-s3/1684.parquet\", \"s3://tpch28764--apne1-az1--x-s3/1685.parquet\", \"s3://tpch28764--apne1-az1--x-s3/1686.parquet\", \"s3://tpch28764--apne1-az1--x-s3/1687.parquet\", \"s3://tpch28764--apne1-az1--x-s3/1688.parquet\", \"s3://tpch28764--apne1-az1--x-s3/1689.parquet\", \"s3://tpch28764--apne1-az1--x-s3/1690.parquet\", \"s3://tpch28764--apne1-az1--x-s3/1691.parquet\", \"s3://tpch28764--apne1-az1--x-s3/1692.parquet\", \"s3://tpch28764--apne1-az1--x-s3/1693.parquet\", \"s3://tpch28764--apne1-az1--x-s3/1694.parquet\", \"s3://tpch28764--apne1-az1--x-s3/1695.parquet\", \"s3://tpch28764--apne1-az1--x-s3/1696.parquet\", \"s3://tpch28764--apne1-az1--x-s3/1697.parquet\", \"s3://tpch28764--apne1-az1--x-s3/1698.parquet\", \"s3://tpch28764--apne1-az1--x-s3/1699.parquet\", \"s3://tpch28764--apne1-az1--x-s3/1700.parquet\", \"s3://tpch28764--apne1-az1--x-s3/1701.parquet\", \"s3://tpch28764--apne1-az1--x-s3/1702.parquet\", \"s3://tpch28764--apne1-az1--x-s3/1703.parquet\", \"s3://tpch28764--apne1-az1--x-s3/1704.parquet\", \"s3://tpch28764--apne1-az1--x-s3/1705.parquet\", \"s3://tpch28764--apne1-az1--x-s3/1706.parquet\", \"s3://tpch28764--apne1-az1--x-s3/1707.parquet\", \"s3://tpch28764--apne1-az1--x-s3/1708.parquet\", \"s3://tpch28764--apne1-az1--x-s3/1709.parquet\", \"s3://tpch28764--apne1-az1--x-s3/1710.parquet\", \"s3://tpch28764--apne1-az1--x-s3/1711.parquet\", \"s3://tpch28764--apne1-az1--x-s3/1712.parquet\", \"s3://tpch28764--apne1-az1--x-s3/1713.parquet\", \"s3://tpch28764--apne1-az1--x-s3/1714.parquet\", \"s3://tpch28764--apne1-az1--x-s3/1715.parquet\", \"s3://tpch28764--apne1-az1--x-s3/1716.parquet\", \"s3://tpch28764--apne1-az1--x-s3/1717.parquet\", \"s3://tpch28764--apne1-az1--x-s3/1718.parquet\", \"s3://tpch28764--apne1-az1--x-s3/1719.parquet\", \"s3://tpch28764--apne1-az1--x-s3/1720.parquet\", \"s3://tpch28764--apne1-az1--x-s3/1721.parquet\", \"s3://tpch28764--apne1-az1--x-s3/1722.parquet\", \"s3://tpch28764--apne1-az1--x-s3/1723.parquet\", \"s3://tpch28764--apne1-az1--x-s3/1724.parquet\", \"s3://tpch28764--apne1-az1--x-s3/1725.parquet\", \"s3://tpch28764--apne1-az1--x-s3/1726.parquet\", \"s3://tpch28764--apne1-az1--x-s3/1727.parquet\", \"s3://tpch28764--apne1-az1--x-s3/1728.parquet\", \"s3://tpch28764--apne1-az1--x-s3/1729.parquet\", \"s3://tpch28764--apne1-az1--x-s3/1730.parquet\", \"s3://tpch28764--apne1-az1--x-s3/1731.parquet\", \"s3://tpch28764--apne1-az1--x-s3/1732.parquet\", \"s3://tpch28764--apne1-az1--x-s3/1733.parquet\", \"s3://tpch28764--apne1-az1--x-s3/1734.parquet\", \"s3://tpch28764--apne1-az1--x-s3/1735.parquet\", \"s3://tpch28764--apne1-az1--x-s3/1736.parquet\", \"s3://tpch28764--apne1-az1--x-s3/1737.parquet\", \"s3://tpch28764--apne1-az1--x-s3/1738.parquet\", \"s3://tpch28764--apne1-az1--x-s3/1739.parquet\", \"s3://tpch28764--apne1-az1--x-s3/1740.parquet\", \"s3://tpch28764--apne1-az1--x-s3/1741.parquet\", \"s3://tpch28764--apne1-az1--x-s3/1742.parquet\", \"s3://tpch28764--apne1-az1--x-s3/1743.parquet\", \"s3://tpch28764--apne1-az1--x-s3/1744.parquet\", \"s3://tpch28764--apne1-az1--x-s3/1745.parquet\", \"s3://tpch28764--apne1-az1--x-s3/1746.parquet\", \"s3://tpch28764--apne1-az1--x-s3/1747.parquet\", \"s3://tpch28764--apne1-az1--x-s3/1748.parquet\", \"s3://tpch28764--apne1-az1--x-s3/1749.parquet\", \"s3://tpch28764--apne1-az1--x-s3/1750.parquet\", \"s3://tpch28764--apne1-az1--x-s3/1751.parquet\", \"s3://tpch28764--apne1-az1--x-s3/1752.parquet\", \"s3://tpch28764--apne1-az1--x-s3/1753.parquet\", \"s3://tpch28764--apne1-az1--x-s3/1754.parquet\", \"s3://tpch28764--apne1-az1--x-s3/1755.parquet\", \"s3://tpch28764--apne1-az1--x-s3/1756.parquet\", \"s3://tpch28764--apne1-az1--x-s3/1757.parquet\", \"s3://tpch28764--apne1-az1--x-s3/1758.parquet\", \"s3://tpch28764--apne1-az1--x-s3/1759.parquet\", \"s3://tpch28764--apne1-az1--x-s3/1760.parquet\", \"s3://tpch28764--apne1-az1--x-s3/1761.parquet\", \"s3://tpch28764--apne1-az1--x-s3/1762.parquet\", \"s3://tpch28764--apne1-az1--x-s3/1763.parquet\", \"s3://tpch28764--apne1-az1--x-s3/1764.parquet\", \"s3://tpch28764--apne1-az1--x-s3/1765.parquet\", \"s3://tpch28764--apne1-az1--x-s3/1766.parquet\", \"s3://tpch28764--apne1-az1--x-s3/1767.parquet\", \"s3://tpch28764--apne1-az1--x-s3/1768.parquet\", \"s3://tpch28764--apne1-az1--x-s3/1769.parquet\", \"s3://tpch28764--apne1-az1--x-s3/1770.parquet\", \"s3://tpch28764--apne1-az1--x-s3/1771.parquet\", \"s3://tpch28764--apne1-az1--x-s3/1772.parquet\", \"s3://tpch28764--apne1-az1--x-s3/1773.parquet\", \"s3://tpch28764--apne1-az1--x-s3/1774.parquet\", \"s3://tpch28764--apne1-az1--x-s3/1775.parquet\", \"s3://tpch28764--apne1-az1--x-s3/1776.parquet\", \"s3://tpch28764--apne1-az1--x-s3/1777.parquet\", \"s3://tpch28764--apne1-az1--x-s3/1778.parquet\", \"s3://tpch28764--apne1-az1--x-s3/1779.parquet\", \"s3://tpch28764--apne1-az1--x-s3/1780.parquet\", \"s3://tpch28764--apne1-az1--x-s3/1781.parquet\", \"s3://tpch28764--apne1-az1--x-s3/1782.parquet\", \"s3://tpch28764--apne1-az1--x-s3/1783.parquet\", \"s3://tpch28764--apne1-az1--x-s3/1784.parquet\", \"s3://tpch28764--apne1-az1--x-s3/1785.parquet\", \"s3://tpch28764--apne1-az1--x-s3/1786.parquet\", \"s3://tpch28764--apne1-az1--x-s3/1787.parquet\", \"s3://tpch28764--apne1-az1--x-s3/1788.parquet\", \"s3://tpch28764--apne1-az1--x-s3/1789.parquet\", \"s3://tpch28764--apne1-az1--x-s3/1790.parquet\", \"s3://tpch28764--apne1-az1--x-s3/1791.parquet\", \"s3://tpch28764--apne1-az1--x-s3/1792.parquet\", \"s3://tpch28764--apne1-az1--x-s3/1793.parquet\", \"s3://tpch28764--apne1-az1--x-s3/1794.parquet\", \"s3://tpch28764--apne1-az1--x-s3/1795.parquet\", \"s3://tpch28764--apne1-az1--x-s3/1796.parquet\", \"s3://tpch28764--apne1-az1--x-s3/1797.parquet\", \"s3://tpch28764--apne1-az1--x-s3/1798.parquet\", \"s3://tpch28764--apne1-az1--x-s3/1799.parquet\", \"s3://tpch28764--apne1-az1--x-s3/1800.parquet\", \"s3://tpch28764--apne1-az1--x-s3/1801.parquet\", \"s3://tpch28764--apne1-az1--x-s3/1802.parquet\", \"s3://tpch28764--apne1-az1--x-s3/1803.parquet\", \"s3://tpch28764--apne1-az1--x-s3/1804.parquet\", \"s3://tpch28764--apne1-az1--x-s3/1805.parquet\", \"s3://tpch28764--apne1-az1--x-s3/1806.parquet\", \"s3://tpch28764--apne1-az1--x-s3/1807.parquet\", \"s3://tpch28764--apne1-az1--x-s3/1808.parquet\", \"s3://tpch28764--apne1-az1--x-s3/1809.parquet\", \"s3://tpch28764--apne1-az1--x-s3/1810.parquet\", \"s3://tpch28764--apne1-az1--x-s3/1811.parquet\", \"s3://tpch28764--apne1-az1--x-s3/1812.parquet\", \"s3://tpch28764--apne1-az1--x-s3/1813.parquet\", \"s3://tpch28764--apne1-az1--x-s3/1814.parquet\", \"s3://tpch28764--apne1-az1--x-s3/1815.parquet\", \"s3://tpch28764--apne1-az1--x-s3/1816.parquet\", \"s3://tpch28764--apne1-az1--x-s3/1817.parquet\", \"s3://tpch28764--apne1-az1--x-s3/1818.parquet\", \"s3://tpch28764--apne1-az1--x-s3/1819.parquet\", \"s3://tpch28764--apne1-az1--x-s3/1820.parquet\", \"s3://tpch28764--apne1-az1--x-s3/1821.parquet\", \"s3://tpch28764--apne1-az1--x-s3/1822.parquet\", \"s3://tpch28764--apne1-az1--x-s3/1823.parquet\", \"s3://tpch28764--apne1-az1--x-s3/1824.parquet\", \"s3://tpch28764--apne1-az1--x-s3/1825.parquet\", \"s3://tpch28764--apne1-az1--x-s3/1826.parquet\", \"s3://tpch28764--apne1-az1--x-s3/1827.parquet\", \"s3://tpch28764--apne1-az1--x-s3/1828.parquet\", \"s3://tpch28764--apne1-az1--x-s3/1829.parquet\", \"s3://tpch28764--apne1-az1--x-s3/1830.parquet\", \"s3://tpch28764--apne1-az1--x-s3/1831.parquet\", \"s3://tpch28764--apne1-az1--x-s3/1832.parquet\", \"s3://tpch28764--apne1-az1--x-s3/1833.parquet\", \"s3://tpch28764--apne1-az1--x-s3/1834.parquet\", \"s3://tpch28764--apne1-az1--x-s3/1835.parquet\", \"s3://tpch28764--apne1-az1--x-s3/1836.parquet\", \"s3://tpch28764--apne1-az1--x-s3/1837.parquet\", \"s3://tpch28764--apne1-az1--x-s3/1838.parquet\", \"s3://tpch28764--apne1-az1--x-s3/1839.parquet\", \"s3://tpch28764--apne1-az1--x-s3/1840.parquet\", \"s3://tpch28764--apne1-az1--x-s3/1841.parquet\", \"s3://tpch28764--apne1-az1--x-s3/1842.parquet\", \"s3://tpch28764--apne1-az1--x-s3/1843.parquet\", \"s3://tpch28764--apne1-az1--x-s3/1844.parquet\", \"s3://tpch28764--apne1-az1--x-s3/1845.parquet\", \"s3://tpch28764--apne1-az1--x-s3/1846.parquet\", \"s3://tpch28764--apne1-az1--x-s3/1847.parquet\", \"s3://tpch28764--apne1-az1--x-s3/1848.parquet\", \"s3://tpch28764--apne1-az1--x-s3/1849.parquet\", \"s3://tpch28764--apne1-az1--x-s3/1850.parquet\", \"s3://tpch28764--apne1-az1--x-s3/1851.parquet\", \"s3://tpch28764--apne1-az1--x-s3/1852.parquet\", \"s3://tpch28764--apne1-az1--x-s3/1853.parquet\", \"s3://tpch28764--apne1-az1--x-s3/1854.parquet\", \"s3://tpch28764--apne1-az1--x-s3/1855.parquet\", \"s3://tpch28764--apne1-az1--x-s3/1856.parquet\", \"s3://tpch28764--apne1-az1--x-s3/1857.parquet\", \"s3://tpch28764--apne1-az1--x-s3/1858.parquet\", \"s3://tpch28764--apne1-az1--x-s3/1859.parquet\", \"s3://tpch28764--apne1-az1--x-s3/1860.parquet\", \"s3://tpch28764--apne1-az1--x-s3/1861.parquet\", \"s3://tpch28764--apne1-az1--x-s3/1862.parquet\", \"s3://tpch28764--apne1-az1--x-s3/1863.parquet\", \"s3://tpch28764--apne1-az1--x-s3/1864.parquet\", \"s3://tpch28764--apne1-az1--x-s3/1865.parquet\", \"s3://tpch28764--apne1-az1--x-s3/1866.parquet\", \"s3://tpch28764--apne1-az1--x-s3/1867.parquet\", \"s3://tpch28764--apne1-az1--x-s3/1868.parquet\", \"s3://tpch28764--apne1-az1--x-s3/1869.parquet\", \"s3://tpch28764--apne1-az1--x-s3/1870.parquet\", \"s3://tpch28764--apne1-az1--x-s3/1871.parquet\", \"s3://tpch28764--apne1-az1--x-s3/1872.parquet\", \"s3://tpch28764--apne1-az1--x-s3/1873.parquet\", \"s3://tpch28764--apne1-az1--x-s3/1874.parquet\", \"s3://tpch28764--apne1-az1--x-s3/1875.parquet\", \"s3://tpch28764--apne1-az1--x-s3/1876.parquet\", \"s3://tpch28764--apne1-az1--x-s3/1877.parquet\", \"s3://tpch28764--apne1-az1--x-s3/1878.parquet\", \"s3://tpch28764--apne1-az1--x-s3/1879.parquet\", \"s3://tpch28764--apne1-az1--x-s3/1880.parquet\", \"s3://tpch28764--apne1-az1--x-s3/1881.parquet\", \"s3://tpch28764--apne1-az1--x-s3/1882.parquet\", \"s3://tpch28764--apne1-az1--x-s3/1883.parquet\", \"s3://tpch28764--apne1-az1--x-s3/1884.parquet\", \"s3://tpch28764--apne1-az1--x-s3/1885.parquet\", \"s3://tpch28764--apne1-az1--x-s3/1886.parquet\", \"s3://tpch28764--apne1-az1--x-s3/1887.parquet\", \"s3://tpch28764--apne1-az1--x-s3/1888.parquet\", \"s3://tpch28764--apne1-az1--x-s3/1889.parquet\", \"s3://tpch28764--apne1-az1--x-s3/1890.parquet\", \"s3://tpch28764--apne1-az1--x-s3/1891.parquet\", \"s3://tpch28764--apne1-az1--x-s3/1892.parquet\", \"s3://tpch28764--apne1-az1--x-s3/1893.parquet\", \"s3://tpch28764--apne1-az1--x-s3/1894.parquet\", \"s3://tpch28764--apne1-az1--x-s3/1895.parquet\", \"s3://tpch28764--apne1-az1--x-s3/1896.parquet\", \"s3://tpch28764--apne1-az1--x-s3/1897.parquet\", \"s3://tpch28764--apne1-az1--x-s3/1898.parquet\", \"s3://tpch28764--apne1-az1--x-s3/1899.parquet\", \"s3://tpch28764--apne1-az1--x-s3/1900.parquet\", \"s3://tpch28764--apne1-az1--x-s3/1901.parquet\", \"s3://tpch28764--apne1-az1--x-s3/1902.parquet\", \"s3://tpch28764--apne1-az1--x-s3/1903.parquet\", \"s3://tpch28764--apne1-az1--x-s3/1904.parquet\", \"s3://tpch28764--apne1-az1--x-s3/1905.parquet\", \"s3://tpch28764--apne1-az1--x-s3/1906.parquet\", \"s3://tpch28764--apne1-az1--x-s3/1907.parquet\", \"s3://tpch28764--apne1-az1--x-s3/1908.parquet\", \"s3://tpch28764--apne1-az1--x-s3/1909.parquet\", \"s3://tpch28764--apne1-az1--x-s3/1910.parquet\", \"s3://tpch28764--apne1-az1--x-s3/1911.parquet\", \"s3://tpch28764--apne1-az1--x-s3/1912.parquet\", \"s3://tpch28764--apne1-az1--x-s3/1913.parquet\", \"s3://tpch28764--apne1-az1--x-s3/1914.parquet\", \"s3://tpch28764--apne1-az1--x-s3/1915.parquet\", \"s3://tpch28764--apne1-az1--x-s3/1916.parquet\", \"s3://tpch28764--apne1-az1--x-s3/1917.parquet\", \"s3://tpch28764--apne1-az1--x-s3/1918.parquet\", \"s3://tpch28764--apne1-az1--x-s3/1919.parquet\", \"s3://tpch28764--apne1-az1--x-s3/1920.parquet\", \"s3://tpch28764--apne1-az1--x-s3/1921.parquet\", \"s3://tpch28764--apne1-az1--x-s3/1922.parquet\", \"s3://tpch28764--apne1-az1--x-s3/1923.parquet\", \"s3://tpch28764--apne1-az1--x-s3/1924.parquet\", \"s3://tpch28764--apne1-az1--x-s3/1925.parquet\", \"s3://tpch28764--apne1-az1--x-s3/1926.parquet\", \"s3://tpch28764--apne1-az1--x-s3/1927.parquet\", \"s3://tpch28764--apne1-az1--x-s3/1928.parquet\", \"s3://tpch28764--apne1-az1--x-s3/1929.parquet\", \"s3://tpch28764--apne1-az1--x-s3/1930.parquet\", \"s3://tpch28764--apne1-az1--x-s3/1931.parquet\", \"s3://tpch28764--apne1-az1--x-s3/1932.parquet\", \"s3://tpch28764--apne1-az1--x-s3/1933.parquet\", \"s3://tpch28764--apne1-az1--x-s3/1934.parquet\", \"s3://tpch28764--apne1-az1--x-s3/1935.parquet\", \"s3://tpch28764--apne1-az1--x-s3/1936.parquet\", \"s3://tpch28764--apne1-az1--x-s3/1937.parquet\", \"s3://tpch28764--apne1-az1--x-s3/1938.parquet\", \"s3://tpch28764--apne1-az1--x-s3/1939.parquet\", \"s3://tpch28764--apne1-az1--x-s3/1940.parquet\", \"s3://tpch28764--apne1-az1--x-s3/1941.parquet\", \"s3://tpch28764--apne1-az1--x-s3/1942.parquet\", \"s3://tpch28764--apne1-az1--x-s3/1943.parquet\", \"s3://tpch28764--apne1-az1--x-s3/1944.parquet\", \"s3://tpch28764--apne1-az1--x-s3/1945.parquet\", \"s3://tpch28764--apne1-az1--x-s3/1946.parquet\", \"s3://tpch28764--apne1-az1--x-s3/1947.parquet\", \"s3://tpch28764--apne1-az1--x-s3/1948.parquet\", \"s3://tpch28764--apne1-az1--x-s3/1949.parquet\", \"s3://tpch28764--apne1-az1--x-s3/1950.parquet\", \"s3://tpch28764--apne1-az1--x-s3/1951.parquet\", \"s3://tpch28764--apne1-az1--x-s3/1952.parquet\", \"s3://tpch28764--apne1-az1--x-s3/1953.parquet\", \"s3://tpch28764--apne1-az1--x-s3/1954.parquet\", \"s3://tpch28764--apne1-az1--x-s3/1955.parquet\", \"s3://tpch28764--apne1-az1--x-s3/1956.parquet\", \"s3://tpch28764--apne1-az1--x-s3/1957.parquet\", \"s3://tpch28764--apne1-az1--x-s3/1958.parquet\", \"s3://tpch28764--apne1-az1--x-s3/1959.parquet\", \"s3://tpch28764--apne1-az1--x-s3/1960.parquet\", \"s3://tpch28764--apne1-az1--x-s3/1961.parquet\", \"s3://tpch28764--apne1-az1--x-s3/1962.parquet\", \"s3://tpch28764--apne1-az1--x-s3/1963.parquet\", \"s3://tpch28764--apne1-az1--x-s3/1964.parquet\", \"s3://tpch28764--apne1-az1--x-s3/1965.parquet\", \"s3://tpch28764--apne1-az1--x-s3/1966.parquet\", \"s3://tpch28764--apne1-az1--x-s3/1967.parquet\", \"s3://tpch28764--apne1-az1--x-s3/1968.parquet\", \"s3://tpch28764--apne1-az1--x-s3/1969.parquet\", \"s3://tpch28764--apne1-az1--x-s3/1970.parquet\", \"s3://tpch28764--apne1-az1--x-s3/1971.parquet\", \"s3://tpch28764--apne1-az1--x-s3/1972.parquet\", \"s3://tpch28764--apne1-az1--x-s3/1973.parquet\", \"s3://tpch28764--apne1-az1--x-s3/1974.parquet\", \"s3://tpch28764--apne1-az1--x-s3/1975.parquet\", \"s3://tpch28764--apne1-az1--x-s3/1976.parquet\", \"s3://tpch28764--apne1-az1--x-s3/1977.parquet\", \"s3://tpch28764--apne1-az1--x-s3/1978.parquet\", \"s3://tpch28764--apne1-az1--x-s3/1979.parquet\", \"s3://tpch28764--apne1-az1--x-s3/1980.parquet\", \"s3://tpch28764--apne1-az1--x-s3/1981.parquet\", \"s3://tpch28764--apne1-az1--x-s3/1982.parquet\", \"s3://tpch28764--apne1-az1--x-s3/1983.parquet\", \"s3://tpch28764--apne1-az1--x-s3/1984.parquet\", \"s3://tpch28764--apne1-az1--x-s3/1985.parquet\", \"s3://tpch28764--apne1-az1--x-s3/1986.parquet\", \"s3://tpch28764--apne1-az1--x-s3/1987.parquet\", \"s3://tpch28764--apne1-az1--x-s3/1988.parquet\", \"s3://tpch28764--apne1-az1--x-s3/1989.parquet\", \"s3://tpch28764--apne1-az1--x-s3/1990.parquet\", \"s3://tpch28764--apne1-az1--x-s3/1991.parquet\", \"s3://tpch28764--apne1-az1--x-s3/1992.parquet\", \"s3://tpch28764--apne1-az1--x-s3/1993.parquet\", \"s3://tpch28764--apne1-az1--x-s3/1994.parquet\", \"s3://tpch28764--apne1-az1--x-s3/1995.parquet\", \"s3://tpch28764--apne1-az1--x-s3/1996.parquet\", \"s3://tpch28764--apne1-az1--x-s3/1997.parquet\", \"s3://tpch28764--apne1-az1--x-s3/1998.parquet\", \"s3://tpch28764--apne1-az1--x-s3/1999.parquet\", \"s3://tpch28764--apne1-az1--x-s3/2000.parquet\", \"s3://tpch28764--apne1-az1--x-s3/2001.parquet\", \"s3://tpch28764--apne1-az1--x-s3/2002.parquet\", \"s3://tpch28764--apne1-az1--x-s3/2003.parquet\", \"s3://tpch28764--apne1-az1--x-s3/2004.parquet\", \"s3://tpch28764--apne1-az1--x-s3/2005.parquet\", \"s3://tpch28764--apne1-az1--x-s3/2006.parquet\", \"s3://tpch28764--apne1-az1--x-s3/2007.parquet\", \"s3://tpch28764--apne1-az1--x-s3/2008.parquet\", \"s3://tpch28764--apne1-az1--x-s3/2009.parquet\", \"s3://tpch28764--apne1-az1--x-s3/2010.parquet\", \"s3://tpch28764--apne1-az1--x-s3/2011.parquet\", \"s3://tpch28764--apne1-az1--x-s3/2012.parquet\", \"s3://tpch28764--apne1-az1--x-s3/2013.parquet\", \"s3://tpch28764--apne1-az1--x-s3/2014.parquet\", \"s3://tpch28764--apne1-az1--x-s3/2015.parquet\", \"s3://tpch28764--apne1-az1--x-s3/2016.parquet\", \"s3://tpch28764--apne1-az1--x-s3/2017.parquet\", \"s3://tpch28764--apne1-az1--x-s3/2018.parquet\", \"s3://tpch28764--apne1-az1--x-s3/2019.parquet\", \"s3://tpch28764--apne1-az1--x-s3/2020.parquet\", \"s3://tpch28764--apne1-az1--x-s3/2021.parquet\", \"s3://tpch28764--apne1-az1--x-s3/2022.parquet\", \"s3://tpch28764--apne1-az1--x-s3/2023.parquet\", \"s3://tpch28764--apne1-az1--x-s3/2024.parquet\", \"s3://tpch28764--apne1-az1--x-s3/2025.parquet\", \"s3://tpch28764--apne1-az1--x-s3/2026.parquet\", \"s3://tpch28764--apne1-az1--x-s3/2027.parquet\", \"s3://tpch28764--apne1-az1--x-s3/2028.parquet\", \"s3://tpch28764--apne1-az1--x-s3/2029.parquet\", \"s3://tpch28764--apne1-az1--x-s3/2030.parquet\", \"s3://tpch28764--apne1-az1--x-s3/2031.parquet\", \"s3://tpch28764--apne1-az1--x-s3/2032.parquet\", \"s3://tpch28764--apne1-az1--x-s3/2033.parquet\", \"s3://tpch28764--apne1-az1--x-s3/2034.parquet\", \"s3://tpch28764--apne1-az1--x-s3/2035.parquet\", \"s3://tpch28764--apne1-az1--x-s3/2036.parquet\", \"s3://tpch28764--apne1-az1--x-s3/2037.parquet\", \"s3://tpch28764--apne1-az1--x-s3/2038.parquet\", \"s3://tpch28764--apne1-az1--x-s3/2039.parquet\", \"s3://tpch28764--apne1-az1--x-s3/2040.parquet\", \"s3://tpch28764--apne1-az1--x-s3/2041.parquet\", \"s3://tpch28764--apne1-az1--x-s3/2042.parquet\", \"s3://tpch28764--apne1-az1--x-s3/2043.parquet\", \"s3://tpch28764--apne1-az1--x-s3/2044.parquet\", \"s3://tpch28764--apne1-az1--x-s3/2045.parquet\", \"s3://tpch28764--apne1-az1--x-s3/2046.parquet\", \"s3://tpch28764--apne1-az1--x-s3/2047.parquet\", \"s3://tpch28764--apne1-az1--x-s3/2048.parquet\", \"s3://tpch28764--apne1-az1--x-s3/2049.parquet\", \"s3://tpch28764--apne1-az1--x-s3/2050.parquet\", \"s3://tpch28764--apne1-az1--x-s3/2051.parquet\", \"s3://tpch28764--apne1-az1--x-s3/2052.parquet\", \"s3://tpch28764--apne1-az1--x-s3/2053.parquet\", \"s3://tpch28764--apne1-az1--x-s3/2054.parquet\", \"s3://tpch28764--apne1-az1--x-s3/2055.parquet\", \"s3://tpch28764--apne1-az1--x-s3/2056.parquet\", \"s3://tpch28764--apne1-az1--x-s3/2057.parquet\", \"s3://tpch28764--apne1-az1--x-s3/2058.parquet\", \"s3://tpch28764--apne1-az1--x-s3/2059.parquet\", \"s3://tpch28764--apne1-az1--x-s3/2060.parquet\", \"s3://tpch28764--apne1-az1--x-s3/2061.parquet\", \"s3://tpch28764--apne1-az1--x-s3/2062.parquet\", \"s3://tpch28764--apne1-az1--x-s3/2063.parquet\", \"s3://tpch28764--apne1-az1--x-s3/2064.parquet\", \"s3://tpch28764--apne1-az1--x-s3/2065.parquet\", \"s3://tpch28764--apne1-az1--x-s3/2066.parquet\", \"s3://tpch28764--apne1-az1--x-s3/2067.parquet\", \"s3://tpch28764--apne1-az1--x-s3/2068.parquet\", \"s3://tpch28764--apne1-az1--x-s3/2069.parquet\", \"s3://tpch28764--apne1-az1--x-s3/2070.parquet\", \"s3://tpch28764--apne1-az1--x-s3/2071.parquet\", \"s3://tpch28764--apne1-az1--x-s3/2072.parquet\", \"s3://tpch28764--apne1-az1--x-s3/2073.parquet\", \"s3://tpch28764--apne1-az1--x-s3/2074.parquet\", \"s3://tpch28764--apne1-az1--x-s3/2075.parquet\", \"s3://tpch28764--apne1-az1--x-s3/2076.parquet\", \"s3://tpch28764--apne1-az1--x-s3/2077.parquet\", \"s3://tpch28764--apne1-az1--x-s3/2078.parquet\", \"s3://tpch28764--apne1-az1--x-s3/2079.parquet\", \"s3://tpch28764--apne1-az1--x-s3/2080.parquet\", \"s3://tpch28764--apne1-az1--x-s3/2081.parquet\", \"s3://tpch28764--apne1-az1--x-s3/2082.parquet\", \"s3://tpch28764--apne1-az1--x-s3/2083.parquet\", \"s3://tpch28764--apne1-az1--x-s3/2084.parquet\", \"s3://tpch28764--apne1-az1--x-s3/2085.parquet\", \"s3://tpch28764--apne1-az1--x-s3/2086.parquet\", \"s3://tpch28764--apne1-az1--x-s3/2087.parquet\", \"s3://tpch28764--apne1-az1--x-s3/2088.parquet\", \"s3://tpch28764--apne1-az1--x-s3/2089.parquet\", \"s3://tpch28764--apne1-az1--x-s3/2090.parquet\", \"s3://tpch28764--apne1-az1--x-s3/2091.parquet\", \"s3://tpch28764--apne1-az1--x-s3/2092.parquet\", \"s3://tpch28764--apne1-az1--x-s3/2093.parquet\", \"s3://tpch28764--apne1-az1--x-s3/2094.parquet\", \"s3://tpch28764--apne1-az1--x-s3/2095.parquet\", \"s3://tpch28764--apne1-az1--x-s3/2096.parquet\", \"s3://tpch28764--apne1-az1--x-s3/2097.parquet\", \"s3://tpch28764--apne1-az1--x-s3/2098.parquet\", \"s3://tpch28764--apne1-az1--x-s3/2099.parquet\", \"s3://tpch28764--apne1-az1--x-s3/2100.parquet\", \"s3://tpch28764--apne1-az1--x-s3/2101.parquet\", \"s3://tpch28764--apne1-az1--x-s3/2102.parquet\", \"s3://tpch28764--apne1-az1--x-s3/2103.parquet\", \"s3://tpch28764--apne1-az1--x-s3/2104.parquet\", \"s3://tpch28764--apne1-az1--x-s3/2105.parquet\", \"s3://tpch28764--apne1-az1--x-s3/2106.parquet\", \"s3://tpch28764--apne1-az1--x-s3/2107.parquet\", \"s3://tpch28764--apne1-az1--x-s3/2108.parquet\", \"s3://tpch28764--apne1-az1--x-s3/2109.parquet\", \"s3://tpch28764--apne1-az1--x-s3/2110.parquet\", \"s3://tpch28764--apne1-az1--x-s3/2111.parquet\", \"s3://tpch28764--apne1-az1--x-s3/2112.parquet\", \"s3://tpch28764--apne1-az1--x-s3/2113.parquet\", \"s3://tpch28764--apne1-az1--x-s3/2114.parquet\", \"s3://tpch28764--apne1-az1--x-s3/2115.parquet\", \"s3://tpch28764--apne1-az1--x-s3/2116.parquet\", \"s3://tpch28764--apne1-az1--x-s3/2117.parquet\", \"s3://tpch28764--apne1-az1--x-s3/2118.parquet\", \"s3://tpch28764--apne1-az1--x-s3/2119.parquet\", \"s3://tpch28764--apne1-az1--x-s3/2120.parquet\", \"s3://tpch28764--apne1-az1--x-s3/2121.parquet\", \"s3://tpch28764--apne1-az1--x-s3/2122.parquet\", \"s3://tpch28764--apne1-az1--x-s3/2123.parquet\", \"s3://tpch28764--apne1-az1--x-s3/2124.parquet\", \"s3://tpch28764--apne1-az1--x-s3/2125.parquet\", \"s3://tpch28764--apne1-az1--x-s3/2126.parquet\", \"s3://tpch28764--apne1-az1--x-s3/2127.parquet\", \"s3://tpch28764--apne1-az1--x-s3/2128.parquet\", \"s3://tpch28764--apne1-az1--x-s3/2129.parquet\", \"s3://tpch28764--apne1-az1--x-s3/2130.parquet\", \"s3://tpch28764--apne1-az1--x-s3/2131.parquet\", \"s3://tpch28764--apne1-az1--x-s3/2132.parquet\", \"s3://tpch28764--apne1-az1--x-s3/2133.parquet\", \"s3://tpch28764--apne1-az1--x-s3/2134.parquet\", \"s3://tpch28764--apne1-az1--x-s3/2135.parquet\", \"s3://tpch28764--apne1-az1--x-s3/2136.parquet\", \"s3://tpch28764--apne1-az1--x-s3/2137.parquet\", \"s3://tpch28764--apne1-az1--x-s3/2138.parquet\", \"s3://tpch28764--apne1-az1--x-s3/2139.parquet\", \"s3://tpch28764--apne1-az1--x-s3/2140.parquet\", \"s3://tpch28764--apne1-az1--x-s3/2141.parquet\", \"s3://tpch28764--apne1-az1--x-s3/2142.parquet\", \"s3://tpch28764--apne1-az1--x-s3/2143.parquet\", \"s3://tpch28764--apne1-az1--x-s3/2144.parquet\", \"s3://tpch28764--apne1-az1--x-s3/2145.parquet\", \"s3://tpch28764--apne1-az1--x-s3/2146.parquet\", \"s3://tpch28764--apne1-az1--x-s3/2147.parquet\", \"s3://tpch28764--apne1-az1--x-s3/2148.parquet\", \"s3://tpch28764--apne1-az1--x-s3/2149.parquet\", \"s3://tpch28764--apne1-az1--x-s3/2150.parquet\", \"s3://tpch28764--apne1-az1--x-s3/2151.parquet\", \"s3://tpch28764--apne1-az1--x-s3/2152.parquet\", \"s3://tpch28764--apne1-az1--x-s3/2153.parquet\", \"s3://tpch28764--apne1-az1--x-s3/2154.parquet\", \"s3://tpch28764--apne1-az1--x-s3/2155.parquet\", \"s3://tpch28764--apne1-az1--x-s3/2156.parquet\", \"s3://tpch28764--apne1-az1--x-s3/2157.parquet\", \"s3://tpch28764--apne1-az1--x-s3/2158.parquet\", \"s3://tpch28764--apne1-az1--x-s3/2159.parquet\", \"s3://tpch28764--apne1-az1--x-s3/2160.parquet\", \"s3://tpch28764--apne1-az1--x-s3/2161.parquet\", \"s3://tpch28764--apne1-az1--x-s3/2162.parquet\", \"s3://tpch28764--apne1-az1--x-s3/2163.parquet\", \"s3://tpch28764--apne1-az1--x-s3/2164.parquet\", \"s3://tpch28764--apne1-az1--x-s3/2165.parquet\", \"s3://tpch28764--apne1-az1--x-s3/2166.parquet\", \"s3://tpch28764--apne1-az1--x-s3/2167.parquet\", \"s3://tpch28764--apne1-az1--x-s3/2168.parquet\", \"s3://tpch28764--apne1-az1--x-s3/2169.parquet\", \"s3://tpch28764--apne1-az1--x-s3/2170.parquet\", \"s3://tpch28764--apne1-az1--x-s3/2171.parquet\", \"s3://tpch28764--apne1-az1--x-s3/2172.parquet\", \"s3://tpch28764--apne1-az1--x-s3/2173.parquet\", \"s3://tpch28764--apne1-az1--x-s3/2174.parquet\", \"s3://tpch28764--apne1-az1--x-s3/2175.parquet\", \"s3://tpch28764--apne1-az1--x-s3/2176.parquet\", \"s3://tpch28764--apne1-az1--x-s3/2177.parquet\", \"s3://tpch28764--apne1-az1--x-s3/2178.parquet\", \"s3://tpch28764--apne1-az1--x-s3/2179.parquet\", \"s3://tpch28764--apne1-az1--x-s3/2180.parquet\", \"s3://tpch28764--apne1-az1--x-s3/2181.parquet\", \"s3://tpch28764--apne1-az1--x-s3/2182.parquet\", \"s3://tpch28764--apne1-az1--x-s3/2183.parquet\", \"s3://tpch28764--apne1-az1--x-s3/2184.parquet\", \"s3://tpch28764--apne1-az1--x-s3/2185.parquet\", \"s3://tpch28764--apne1-az1--x-s3/2186.parquet\", \"s3://tpch28764--apne1-az1--x-s3/2187.parquet\", \"s3://tpch28764--apne1-az1--x-s3/2188.parquet\", \"s3://tpch28764--apne1-az1--x-s3/2189.parquet\", \"s3://tpch28764--apne1-az1--x-s3/2190.parquet\", \"s3://tpch28764--apne1-az1--x-s3/2191.parquet\", \"s3://tpch28764--apne1-az1--x-s3/2192.parquet\", \"s3://tpch28764--apne1-az1--x-s3/2193.parquet\", \"s3://tpch28764--apne1-az1--x-s3/2194.parquet\", \"s3://tpch28764--apne1-az1--x-s3/2195.parquet\", \"s3://tpch28764--apne1-az1--x-s3/2196.parquet\", \"s3://tpch28764--apne1-az1--x-s3/2197.parquet\", \"s3://tpch28764--apne1-az1--x-s3/2198.parquet\", \"s3://tpch28764--apne1-az1--x-s3/2199.parquet\", \"s3://tpch28764--apne1-az1--x-s3/2200.parquet\", \"s3://tpch28764--apne1-az1--x-s3/2201.parquet\", \"s3://tpch28764--apne1-az1--x-s3/2202.parquet\", \"s3://tpch28764--apne1-az1--x-s3/2203.parquet\", \"s3://tpch28764--apne1-az1--x-s3/2204.parquet\", \"s3://tpch28764--apne1-az1--x-s3/2205.parquet\", \"s3://tpch28764--apne1-az1--x-s3/2206.parquet\", \"s3://tpch28764--apne1-az1--x-s3/2207.parquet\", \"s3://tpch28764--apne1-az1--x-s3/2208.parquet\", \"s3://tpch28764--apne1-az1--x-s3/2209.parquet\", \"s3://tpch28764--apne1-az1--x-s3/2210.parquet\", \"s3://tpch28764--apne1-az1--x-s3/2211.parquet\", \"s3://tpch28764--apne1-az1--x-s3/2212.parquet\", \"s3://tpch28764--apne1-az1--x-s3/2213.parquet\", \"s3://tpch28764--apne1-az1--x-s3/2214.parquet\", \"s3://tpch28764--apne1-az1--x-s3/2215.parquet\", \"s3://tpch28764--apne1-az1--x-s3/2216.parquet\", \"s3://tpch28764--apne1-az1--x-s3/2217.parquet\", \"s3://tpch28764--apne1-az1--x-s3/2218.parquet\", \"s3://tpch28764--apne1-az1--x-s3/2219.parquet\", \"s3://tpch28764--apne1-az1--x-s3/2220.parquet\", \"s3://tpch28764--apne1-az1--x-s3/2221.parquet\", \"s3://tpch28764--apne1-az1--x-s3/2222.parquet\", \"s3://tpch28764--apne1-az1--x-s3/2223.parquet\", \"s3://tpch28764--apne1-az1--x-s3/2224.parquet\", \"s3://tpch28764--apne1-az1--x-s3/2225.parquet\", \"s3://tpch28764--apne1-az1--x-s3/2226.parquet\", \"s3://tpch28764--apne1-az1--x-s3/2227.parquet\", \"s3://tpch28764--apne1-az1--x-s3/2228.parquet\", \"s3://tpch28764--apne1-az1--x-s3/2229.parquet\", \"s3://tpch28764--apne1-az1--x-s3/2230.parquet\", \"s3://tpch28764--apne1-az1--x-s3/2231.parquet\", \"s3://tpch28764--apne1-az1--x-s3/2232.parquet\", \"s3://tpch28764--apne1-az1--x-s3/2233.parquet\", \"s3://tpch28764--apne1-az1--x-s3/2234.parquet\", \"s3://tpch28764--apne1-az1--x-s3/2235.parquet\", \"s3://tpch28764--apne1-az1--x-s3/2236.parquet\", \"s3://tpch28764--apne1-az1--x-s3/2237.parquet\", \"s3://tpch28764--apne1-az1--x-s3/2238.parquet\", \"s3://tpch28764--apne1-az1--x-s3/2239.parquet\", \"s3://tpch28764--apne1-az1--x-s3/2240.parquet\", \"s3://tpch28764--apne1-az1--x-s3/2241.parquet\", \"s3://tpch28764--apne1-az1--x-s3/2242.parquet\", \"s3://tpch28764--apne1-az1--x-s3/2243.parquet\", \"s3://tpch28764--apne1-az1--x-s3/2244.parquet\", \"s3://tpch28764--apne1-az1--x-s3/2245.parquet\", \"s3://tpch28764--apne1-az1--x-s3/2246.parquet\", \"s3://tpch28764--apne1-az1--x-s3/2247.parquet\", \"s3://tpch28764--apne1-az1--x-s3/2248.parquet\", \"s3://tpch28764--apne1-az1--x-s3/2249.parquet\", \"s3://tpch28764--apne1-az1--x-s3/2250.parquet\", \"s3://tpch28764--apne1-az1--x-s3/2251.parquet\", \"s3://tpch28764--apne1-az1--x-s3/2252.parquet\", \"s3://tpch28764--apne1-az1--x-s3/2253.parquet\", \"s3://tpch28764--apne1-az1--x-s3/2254.parquet\", \"s3://tpch28764--apne1-az1--x-s3/2255.parquet\", \"s3://tpch28764--apne1-az1--x-s3/2256.parquet\", \"s3://tpch28764--apne1-az1--x-s3/2257.parquet\", \"s3://tpch28764--apne1-az1--x-s3/2258.parquet\", \"s3://tpch28764--apne1-az1--x-s3/2259.parquet\", \"s3://tpch28764--apne1-az1--x-s3/2260.parquet\", \"s3://tpch28764--apne1-az1--x-s3/2261.parquet\", \"s3://tpch28764--apne1-az1--x-s3/2262.parquet\", \"s3://tpch28764--apne1-az1--x-s3/2263.parquet\", \"s3://tpch28764--apne1-az1--x-s3/2264.parquet\", \"s3://tpch28764--apne1-az1--x-s3/2265.parquet\", \"s3://tpch28764--apne1-az1--x-s3/2266.parquet\", \"s3://tpch28764--apne1-az1--x-s3/2267.parquet\", \"s3://tpch28764--apne1-az1--x-s3/2268.parquet\", \"s3://tpch28764--apne1-az1--x-s3/2269.parquet\", \"s3://tpch28764--apne1-az1--x-s3/2270.parquet\", \"s3://tpch28764--apne1-az1--x-s3/2271.parquet\", \"s3://tpch28764--apne1-az1--x-s3/2272.parquet\", \"s3://tpch28764--apne1-az1--x-s3/2273.parquet\", \"s3://tpch28764--apne1-az1--x-s3/2274.parquet\", \"s3://tpch28764--apne1-az1--x-s3/2275.parquet\", \"s3://tpch28764--apne1-az1--x-s3/2276.parquet\", \"s3://tpch28764--apne1-az1--x-s3/2277.parquet\", \"s3://tpch28764--apne1-az1--x-s3/2278.parquet\", \"s3://tpch28764--apne1-az1--x-s3/2279.parquet\", \"s3://tpch28764--apne1-az1--x-s3/2280.parquet\", \"s3://tpch28764--apne1-az1--x-s3/2281.parquet\", \"s3://tpch28764--apne1-az1--x-s3/2282.parquet\", \"s3://tpch28764--apne1-az1--x-s3/2283.parquet\", \"s3://tpch28764--apne1-az1--x-s3/2284.parquet\", \"s3://tpch28764--apne1-az1--x-s3/2285.parquet\", \"s3://tpch28764--apne1-az1--x-s3/2286.parquet\", \"s3://tpch28764--apne1-az1--x-s3/2287.parquet\", \"s3://tpch28764--apne1-az1--x-s3/2288.parquet\", \"s3://tpch28764--apne1-az1--x-s3/2289.parquet\", \"s3://tpch28764--apne1-az1--x-s3/2290.parquet\", \"s3://tpch28764--apne1-az1--x-s3/2291.parquet\", \"s3://tpch28764--apne1-az1--x-s3/2292.parquet\", \"s3://tpch28764--apne1-az1--x-s3/2293.parquet\", \"s3://tpch28764--apne1-az1--x-s3/2294.parquet\", \"s3://tpch28764--apne1-az1--x-s3/2295.parquet\", \"s3://tpch28764--apne1-az1--x-s3/2296.parquet\", \"s3://tpch28764--apne1-az1--x-s3/2297.parquet\", \"s3://tpch28764--apne1-az1--x-s3/2298.parquet\", \"s3://tpch28764--apne1-az1--x-s3/2299.parquet\", \"s3://tpch28764--apne1-az1--x-s3/2300.parquet\", \"s3://tpch28764--apne1-az1--x-s3/2301.parquet\", \"s3://tpch28764--apne1-az1--x-s3/2302.parquet\", \"s3://tpch28764--apne1-az1--x-s3/2303.parquet\", \"s3://tpch28764--apne1-az1--x-s3/2304.parquet\", \"s3://tpch28764--apne1-az1--x-s3/2305.parquet\", \"s3://tpch28764--apne1-az1--x-s3/2306.parquet\", \"s3://tpch28764--apne1-az1--x-s3/2307.parquet\", \"s3://tpch28764--apne1-az1--x-s3/2308.parquet\", \"s3://tpch28764--apne1-az1--x-s3/2309.parquet\", \"s3://tpch28764--apne1-az1--x-s3/2310.parquet\", \"s3://tpch28764--apne1-az1--x-s3/2311.parquet\", \"s3://tpch28764--apne1-az1--x-s3/2312.parquet\", \"s3://tpch28764--apne1-az1--x-s3/2313.parquet\", \"s3://tpch28764--apne1-az1--x-s3/2314.parquet\", \"s3://tpch28764--apne1-az1--x-s3/2315.parquet\", \"s3://tpch28764--apne1-az1--x-s3/2316.parquet\", \"s3://tpch28764--apne1-az1--x-s3/2317.parquet\", \"s3://tpch28764--apne1-az1--x-s3/2318.parquet\", \"s3://tpch28764--apne1-az1--x-s3/2319.parquet\", \"s3://tpch28764--apne1-az1--x-s3/2320.parquet\", \"s3://tpch28764--apne1-az1--x-s3/2321.parquet\", \"s3://tpch28764--apne1-az1--x-s3/2322.parquet\", \"s3://tpch28764--apne1-az1--x-s3/2323.parquet\", \"s3://tpch28764--apne1-az1--x-s3/2324.parquet\", \"s3://tpch28764--apne1-az1--x-s3/2325.parquet\", \"s3://tpch28764--apne1-az1--x-s3/2326.parquet\", \"s3://tpch28764--apne1-az1--x-s3/2327.parquet\", \"s3://tpch28764--apne1-az1--x-s3/2328.parquet\", \"s3://tpch28764--apne1-az1--x-s3/2329.parquet\", \"s3://tpch28764--apne1-az1--x-s3/2330.parquet\", \"s3://tpch28764--apne1-az1--x-s3/2331.parquet\", \"s3://tpch28764--apne1-az1--x-s3/2332.parquet\", \"s3://tpch28764--apne1-az1--x-s3/2333.parquet\", \"s3://tpch28764--apne1-az1--x-s3/2334.parquet\", \"s3://tpch28764--apne1-az1--x-s3/2335.parquet\", \"s3://tpch28764--apne1-az1--x-s3/2336.parquet\", \"s3://tpch28764--apne1-az1--x-s3/2337.parquet\", \"s3://tpch28764--apne1-az1--x-s3/2338.parquet\", \"s3://tpch28764--apne1-az1--x-s3/2339.parquet\", \"s3://tpch28764--apne1-az1--x-s3/2340.parquet\", \"s3://tpch28764--apne1-az1--x-s3/2341.parquet\", \"s3://tpch28764--apne1-az1--x-s3/2342.parquet\", \"s3://tpch28764--apne1-az1--x-s3/2343.parquet\", \"s3://tpch28764--apne1-az1--x-s3/2344.parquet\", \"s3://tpch28764--apne1-az1--x-s3/2345.parquet\", \"s3://tpch28764--apne1-az1--x-s3/2346.parquet\", \"s3://tpch28764--apne1-az1--x-s3/2347.parquet\", \"s3://tpch28764--apne1-az1--x-s3/2348.parquet\", \"s3://tpch28764--apne1-az1--x-s3/2349.parquet\", \"s3://tpch28764--apne1-az1--x-s3/2350.parquet\", \"s3://tpch28764--apne1-az1--x-s3/2351.parquet\", \"s3://tpch28764--apne1-az1--x-s3/2352.parquet\", \"s3://tpch28764--apne1-az1--x-s3/2353.parquet\", \"s3://tpch28764--apne1-az1--x-s3/2354.parquet\", \"s3://tpch28764--apne1-az1--x-s3/2355.parquet\", \"s3://tpch28764--apne1-az1--x-s3/2356.parquet\", \"s3://tpch28764--apne1-az1--x-s3/2357.parquet\", \"s3://tpch28764--apne1-az1--x-s3/2358.parquet\", \"s3://tpch28764--apne1-az1--x-s3/2359.parquet\", \"s3://tpch28764--apne1-az1--x-s3/2360.parquet\", \"s3://tpch28764--apne1-az1--x-s3/2361.parquet\", \"s3://tpch28764--apne1-az1--x-s3/2362.parquet\", \"s3://tpch28764--apne1-az1--x-s3/2363.parquet\", \"s3://tpch28764--apne1-az1--x-s3/2364.parquet\", \"s3://tpch28764--apne1-az1--x-s3/2365.parquet\", \"s3://tpch28764--apne1-az1--x-s3/2366.parquet\", \"s3://tpch28764--apne1-az1--x-s3/2367.parquet\", \"s3://tpch28764--apne1-az1--x-s3/2368.parquet\", \"s3://tpch28764--apne1-az1--x-s3/2369.parquet\", \"s3://tpch28764--apne1-az1--x-s3/2370.parquet\", \"s3://tpch28764--apne1-az1--x-s3/2371.parquet\", \"s3://tpch28764--apne1-az1--x-s3/2372.parquet\", \"s3://tpch28764--apne1-az1--x-s3/2373.parquet\", \"s3://tpch28764--apne1-az1--x-s3/2374.parquet\", \"s3://tpch28764--apne1-az1--x-s3/2375.parquet\", \"s3://tpch28764--apne1-az1--x-s3/2376.parquet\", \"s3://tpch28764--apne1-az1--x-s3/2377.parquet\", \"s3://tpch28764--apne1-az1--x-s3/2378.parquet\", \"s3://tpch28764--apne1-az1--x-s3/2379.parquet\", \"s3://tpch28764--apne1-az1--x-s3/2380.parquet\", \"s3://tpch28764--apne1-az1--x-s3/2381.parquet\", \"s3://tpch28764--apne1-az1--x-s3/2382.parquet\", \"s3://tpch28764--apne1-az1--x-s3/2383.parquet\", \"s3://tpch28764--apne1-az1--x-s3/2384.parquet\", \"s3://tpch28764--apne1-az1--x-s3/2385.parquet\", \"s3://tpch28764--apne1-az1--x-s3/2386.parquet\", \"s3://tpch28764--apne1-az1--x-s3/2387.parquet\", \"s3://tpch28764--apne1-az1--x-s3/2388.parquet\", \"s3://tpch28764--apne1-az1--x-s3/2389.parquet\", \"s3://tpch28764--apne1-az1--x-s3/2390.parquet\", \"s3://tpch28764--apne1-az1--x-s3/2391.parquet\", \"s3://tpch28764--apne1-az1--x-s3/2392.parquet\", \"s3://tpch28764--apne1-az1--x-s3/2393.parquet\", \"s3://tpch28764--apne1-az1--x-s3/2394.parquet\", \"s3://tpch28764--apne1-az1--x-s3/2395.parquet\", \"s3://tpch28764--apne1-az1--x-s3/2396.parquet\", \"s3://tpch28764--apne1-az1--x-s3/2397.parquet\", \"s3://tpch28764--apne1-az1--x-s3/2398.parquet\", \"s3://tpch28764--apne1-az1--x-s3/2399.parquet\", \"s3://tpch28764--apne1-az1--x-s3/2400.parquet\", \"s3://tpch28764--apne1-az1--x-s3/2401.parquet\", \"s3://tpch28764--apne1-az1--x-s3/2402.parquet\", \"s3://tpch28764--apne1-az1--x-s3/2403.parquet\", \"s3://tpch28764--apne1-az1--x-s3/2404.parquet\", \"s3://tpch28764--apne1-az1--x-s3/2405.parquet\", \"s3://tpch28764--apne1-az1--x-s3/2406.parquet\", \"s3://tpch28764--apne1-az1--x-s3/2407.parquet\", \"s3://tpch28764--apne1-az1--x-s3/2408.parquet\", \"s3://tpch28764--apne1-az1--x-s3/2409.parquet\", \"s3://tpch28764--apne1-az1--x-s3/2410.parquet\", \"s3://tpch28764--apne1-az1--x-s3/2411.parquet\", \"s3://tpch28764--apne1-az1--x-s3/2412.parquet\", \"s3://tpch28764--apne1-az1--x-s3/2413.parquet\", \"s3://tpch28764--apne1-az1--x-s3/2414.parquet\", \"s3://tpch28764--apne1-az1--x-s3/2415.parquet\", \"s3://tpch28764--apne1-az1--x-s3/2416.parquet\", \"s3://tpch28764--apne1-az1--x-s3/2417.parquet\", \"s3://tpch28764--apne1-az1--x-s3/2418.parquet\", \"s3://tpch28764--apne1-az1--x-s3/2419.parquet\", \"s3://tpch28764--apne1-az1--x-s3/2420.parquet\", \"s3://tpch28764--apne1-az1--x-s3/2421.parquet\", \"s3://tpch28764--apne1-az1--x-s3/2422.parquet\", \"s3://tpch28764--apne1-az1--x-s3/2423.parquet\", \"s3://tpch28764--apne1-az1--x-s3/2424.parquet\", \"s3://tpch28764--apne1-az1--x-s3/2425.parquet\", \"s3://tpch28764--apne1-az1--x-s3/2426.parquet\", \"s3://tpch28764--apne1-az1--x-s3/2427.parquet\", \"s3://tpch28764--apne1-az1--x-s3/2428.parquet\", \"s3://tpch28764--apne1-az1--x-s3/2429.parquet\", \"s3://tpch28764--apne1-az1--x-s3/2430.parquet\", \"s3://tpch28764--apne1-az1--x-s3/2431.parquet\", \"s3://tpch28764--apne1-az1--x-s3/2432.parquet\", \"s3://tpch28764--apne1-az1--x-s3/2433.parquet\", \"s3://tpch28764--apne1-az1--x-s3/2434.parquet\", \"s3://tpch28764--apne1-az1--x-s3/2435.parquet\", \"s3://tpch28764--apne1-az1--x-s3/2436.parquet\", \"s3://tpch28764--apne1-az1--x-s3/2437.parquet\", \"s3://tpch28764--apne1-az1--x-s3/2438.parquet\", \"s3://tpch28764--apne1-az1--x-s3/2439.parquet\", \"s3://tpch28764--apne1-az1--x-s3/2440.parquet\", \"s3://tpch28764--apne1-az1--x-s3/2441.parquet\", \"s3://tpch28764--apne1-az1--x-s3/2442.parquet\", \"s3://tpch28764--apne1-az1--x-s3/2443.parquet\", \"s3://tpch28764--apne1-az1--x-s3/2444.parquet\", \"s3://tpch28764--apne1-az1--x-s3/2445.parquet\", \"s3://tpch28764--apne1-az1--x-s3/2446.parquet\", \"s3://tpch28764--apne1-az1--x-s3/2447.parquet\", \"s3://tpch28764--apne1-az1--x-s3/2448.parquet\", \"s3://tpch28764--apne1-az1--x-s3/2449.parquet\", \"s3://tpch28764--apne1-az1--x-s3/2450.parquet\", \"s3://tpch28764--apne1-az1--x-s3/2451.parquet\", \"s3://tpch28764--apne1-az1--x-s3/2452.parquet\", \"s3://tpch28764--apne1-az1--x-s3/2453.parquet\", \"s3://tpch28764--apne1-az1--x-s3/2454.parquet\", \"s3://tpch28764--apne1-az1--x-s3/2455.parquet\", \"s3://tpch28764--apne1-az1--x-s3/2456.parquet\", \"s3://tpch28764--apne1-az1--x-s3/2457.parquet\", \"s3://tpch28764--apne1-az1--x-s3/2458.parquet\", \"s3://tpch28764--apne1-az1--x-s3/2459.parquet\", \"s3://tpch28764--apne1-az1--x-s3/2460.parquet\", \"s3://tpch28764--apne1-az1--x-s3/2461.parquet\", \"s3://tpch28764--apne1-az1--x-s3/2462.parquet\", \"s3://tpch28764--apne1-az1--x-s3/2463.parquet\", \"s3://tpch28764--apne1-az1--x-s3/2464.parquet\", \"s3://tpch28764--apne1-az1--x-s3/2465.parquet\", \"s3://tpch28764--apne1-az1--x-s3/2466.parquet\", \"s3://tpch28764--apne1-az1--x-s3/2467.parquet\", \"s3://tpch28764--apne1-az1--x-s3/2468.parquet\", \"s3://tpch28764--apne1-az1--x-s3/2469.parquet\", \"s3://tpch28764--apne1-az1--x-s3/2470.parquet\", \"s3://tpch28764--apne1-az1--x-s3/2471.parquet\", \"s3://tpch28764--apne1-az1--x-s3/2472.parquet\", \"s3://tpch28764--apne1-az1--x-s3/2473.parquet\", \"s3://tpch28764--apne1-az1--x-s3/2474.parquet\", \"s3://tpch28764--apne1-az1--x-s3/2475.parquet\", \"s3://tpch28764--apne1-az1--x-s3/2476.parquet\", \"s3://tpch28764--apne1-az1--x-s3/2477.parquet\", \"s3://tpch28764--apne1-az1--x-s3/2478.parquet\", \"s3://tpch28764--apne1-az1--x-s3/2479.parquet\", \"s3://tpch28764--apne1-az1--x-s3/2480.parquet\", \"s3://tpch28764--apne1-az1--x-s3/2481.parquet\", \"s3://tpch28764--apne1-az1--x-s3/2482.parquet\", \"s3://tpch28764--apne1-az1--x-s3/2483.parquet\", \"s3://tpch28764--apne1-az1--x-s3/2484.parquet\"]),\n        'pool/orders/*.parquet',\n        'pool/customer/*.parquet',\n        'pool/nation.parquet' n1,\n        'pool/nation.parquet' n2\n    WHERE\n        s_suppkey = l_suppkey\n        AND o_orderkey = l_orderkey\n        AND c_custkey = o_custkey\n        AND s_nationkey = n1.n_nationkey\n        AND c_nationkey = n2.n_nationkey\n        AND (\n            (n1.n_name = 'JORDAN' AND n2.n_name = 'KENYA')\n            OR (n1.n_name = 'KENYA' AND n2.n_name = 'JORDAN')\n        )\n        AND l_shipdate BETWEEN DATE '1995-01-01' AND DATE '1996-12-31'\n    ) AS shipping\nGROUP BY\n    supp_nation,\n    cust_nation,\n    l_year\nORDER BY\n    supp_nation,\n    cust_nation,\n    l_year;",
    "children": [
        {
            "result_set_size": 224,
            "operator_timing": 0.0011219150000000002,
            "operator_rows_scanned": 0,
            "cumulative_rows_scanned": 50362820178,
            "operator_cardinality": 4,
            "operator_type": "ORDER_BY",
            "cumulative_cardinality": 1049815955,
            "extra_info": {
                "Order By": [
                    "shipping.supp_nation ASC",
                    "shipping.cust_nation ASC",
                    "shipping.l_year ASC"
                ]
            },
            "cpu_time": 489.1606649960006,
            "children": [
                {
                    "result_set_size": 224,
                    "operator_timing": 0.09163457199999998,
                    "operator_rows_scanned": 0,
                    "cumulative_rows_scanned": 50362820178,
                    "operator_cardinality": 4,
                    "operator_type": "HASH_GROUP_BY",
                    "cumulative_cardinality": 1049815951,
                    "extra_info": {
                        "Groups": [
                            "#0",
                            "#1",
                            "#2"
                        ],
                        "Aggregates": "sum(#3)",
                        "Estimated Cardinality": "3971352"
                    },
                    "cpu_time": 489.1595430810006,
                    "children": [
                        {
                            "result_set_size": 65339184,
                            "operator_timing": 0.0040896560000000005,
                            "operator_rows_scanned": 0,
                            "cumulative_rows_scanned": 50362820178,
                            "operator_cardinality": 1361233,
                            "operator_type": "PROJECTION",
                            "cumulative_cardinality": 1049815947,
                            "extra_info": {
                                "Projections": [
                                    "supp_nation",
                                    "cust_nation",
                                    "l_year",
                                    "volume"
                                ],
                                "Estimated Cardinality": "7942705"
                            },
                            "cpu_time": 489.06790850900063,
                            "children": [
                                {
                                    "result_set_size": 65339184,
                                    "operator_timing": 0.036215742,
                                    "operator_rows_scanned": 0,
                                    "cumulative_rows_scanned": 50362820178,
                                    "operator_cardinality": 1361233,
                                    "operator_type": "PROJECTION",
                                    "cumulative_cardinality": 1048454714,
                                    "extra_info": {
                                        "Projections": [
                                            "supp_nation",
                                            "cust_nation",
                                            "\"year\"(l_shipdate)",
                                            "volume"
                                        ],
                                        "Estimated Cardinality": "7942705"
                                    },
                                    "cpu_time": 489.0638188530006,
                                    "children": [
                                        {
                                            "result_set_size": 70784116,
                                            "operator_timing": 0.004293134,
                                            "operator_rows_scanned": 0,
                                            "cumulative_rows_scanned": 50362820178,
                                            "operator_cardinality": 1361233,
                                            "operator_type": "PROJECTION",
                                            "cumulative_cardinality": 1047093481,
                                            "extra_info": {
                                                "Projections": [
                                                    "#3",
                                                    "#4",
                                                    "#5",
                                                    "#6",
                                                    "#8"
                                                ],
                                                "Estimated Cardinality": "7942705"
                                            },
                                            "cpu_time": 489.0276031110006,
                                            "children": [
                                                {
                                                    "result_set_size": 114343572,
                                                    "operator_timing": 0.08870118900000001,
                                                    "operator_rows_scanned": 0,
                                                    "cumulative_rows_scanned": 50362820178,
                                                    "operator_cardinality": 1361233,
                                                    "operator_type": "FILTER",
                                                    "cumulative_cardinality": 1045732248,
                                                    "extra_info": {
                                                        "Expression": "(((n_name = 'JORDAN') AND (n_name = 'KENYA')) OR ((n_name = 'KENYA') AND (n_name = 'JORDAN')))",
                                                        "Estimated Cardinality": "7942705"
                                                    },
                                                    "cpu_time": 489.02330997700057,
                                                    "children": [
                                                        {
                                                            "result_set_size": 228634392,
                                                            "operator_timing": 2.3438838059999982,
                                                            "operator_rows_scanned": 0,
                                                            "cumulative_rows_scanned": 50362820178,
                                                            "operator_cardinality": 2721838,
                                                            "operator_type": "HASH_JOIN",
                                                            "cumulative_cardinality": 1044371015,
                                                            "extra_info": {
                                                                "Join Type": "INNER",
                                                                "Conditions": "o_custkey = c_custkey",
                                                                "Estimated Cardinality": "7942705"
                                                            },
                                                            "cpu_time": 488.93460878800056,
                                                            "children": [
                                                                {
                                                                    "result_set_size": 2041275000,
                                                                    "operator_timing": 17.941126173000395,
                                                                    "operator_rows_scanned": 0,
                                                                    "cumulative_rows_scanned": 48682820153,
                                                                    "operator_cardinality": 34021250,
                                                                    "operator_type": "HASH_JOIN",
                                                                    "cumulative_cardinality": 1029055690,
                                                                    "extra_info": {
                                                                        "Join Type": "INNER",
                                                                        "Conditions": "o_orderkey = l_orderkey",
                                                                        "Estimated Cardinality": "39713525"
                                                                    },
                                                                    "cpu_time": 484.33363995400055,
                                                                    "children": [
                                                                        {
                                                                            "result_set_size": 5375989760,
                                                                            "operator_timing": 19.88240435600001,
                                                                            "operator_rows_scanned": 16800000000,
                                                                            "cumulative_rows_scanned": 16800000000,
                                                                            "operator_cardinality": 335999360,
                                                                            "operator_type": "TABLE_SCAN",
                                                                            "cumulative_cardinality": 335999360,
                                                                            "extra_info": {
                                                                                "Function": "PARQUET_SCAN",
                                                                                "Projections": [
                                                                                    "o_orderkey",
                                                                                    "o_custkey"
                                                                                ],
                                                                                "Estimated Cardinality": "525000000"
                                                                            },
                                                                            "cpu_time": 19.88240435600001,
                                                                            "children": []
                                                                        },
                                                                        {
                                                                            "result_set_size": 2916007140,
                                                                            "operator_timing": 10.708866084999961,
                                                                            "operator_rows_scanned": 0,
                                                                            "cumulative_rows_scanned": 31882820153,
                                                                            "operator_cardinality": 48600119,
                                                                            "operator_type": "HASH_JOIN",
                                                                            "cumulative_cardinality": 659035080,
                                                                            "extra_info": {
                                                                                "Join Type": "INNER",
                                                                                "Conditions": "l_suppkey = s_suppkey",
                                                                                "Estimated Cardinality": "39713525"
                                                                            },
                                                                            "cpu_time": 446.51010942500017,
                                                                            "children": [
                                                                                {
                                                                                    "result_set_size": 21955578120,
                                                                                    "operator_timing": 435.6457241170002,
                                                                                    "operator_rows_scanned": 31770820128,
                                                                                    "cumulative_rows_scanned": 31770820128,
                                                                                    "operator_cardinality": 609877170,
                                                                                    "operator_type": "TABLE_SCAN",
                                                                                    "cumulative_cardinality": 609877170,
                                                                                    "extra_info": {
                                                                                        "Function": "READ_PARQUET",
                                                                                        "Projections": [
                                                                                            "l_suppkey",
                                                                                            "l_orderkey",
                                                                                            "l_shipdate",
                                                                                            "l_extendedprice",
                                                                                            "l_discount"
                                                                                        ],
                                                                                        "Filters": "l_shipdate>='1995-01-01'::DATE AND l_shipdate<='1996-12-31'::DATE AND l_shipdate IS NOT NULL",
                                                                                        "Estimated Cardinality": "198567625"
                                                                                    },
                                                                                    "cpu_time": 435.6457241170002,
                                                                                    "children": []
                                                                                },
                                                                                {
                                                                                    "result_set_size": 8924224,
                                                                                    "operator_timing": 0.007742103999999996,
                                                                                    "operator_rows_scanned": 0,
                                                                                    "cumulative_rows_scanned": 112000025,
                                                                                    "operator_cardinality": 278882,
                                                                                    "operator_type": "HASH_JOIN",
                                                                                    "cumulative_cardinality": 557791,
                                                                                    "extra_info": {
                                                                                        "Join Type": "INNER",
                                                                                        "Conditions": "s_nationkey = n_nationkey",
                                                                                        "Estimated Cardinality": "700000"
                                                                                    },
                                                                                    "cpu_time": 0.15551922299999993,
                                                                                    "children": [
                                                                                        {
                                                                                            "result_set_size": 3346584,
                                                                                            "operator_timing": 0.14764036099999994,
                                                                                            "operator_rows_scanned": 112000000,
                                                                                            "cumulative_rows_scanned": 112000000,
                                                                                            "operator_cardinality": 278882,
                                                                                            "operator_type": "TABLE_SCAN",
                                                                                            "cumulative_cardinality": 278882,
                                                                                            "extra_info": {
                                                                                                "Function": "PARQUET_SCAN",
                                                                                                "Projections": [
                                                                                                    "s_suppkey",
                                                                                                    "s_nationkey"
                                                                                                ],
                                                                                                "Estimated Cardinality": "3500000"
                                                                                            },
                                                                                            "cpu_time": 0.14764036099999994,
                                                                                            "children": []
                                                                                        },
                                                                                        {
                                                                                            "result_set_size": 40,
                                                                                            "operator_timing": 0.000047625,
                                                                                            "operator_rows_scanned": 0,
                                                                                            "cumulative_rows_scanned": 25,
                                                                                            "operator_cardinality": 2,
                                                                                            "operator_type": "FILTER",
                                                                                            "cumulative_cardinality": 27,
                                                                                            "extra_info": {
                                                                                                "Expression": "((n_name = 'JORDAN') OR (n_name = 'KENYA'))",
                                                                                                "Estimated Cardinality": "5"
                                                                                            },
                                                                                            "cpu_time": 0.000136758,
                                                                                            "children": [
                                                                                                {
                                                                                                    "result_set_size": 500,
                                                                                                    "operator_timing": 0.000089133,
                                                                                                    "operator_rows_scanned": 25,
                                                                                                    "cumulative_rows_scanned": 25,
                                                                                                    "operator_cardinality": 25,
                                                                                                    "operator_type": "TABLE_SCAN",
                                                                                                    "cumulative_cardinality": 25,
                                                                                                    "extra_info": {
                                                                                                        "Function": "PARQUET_SCAN",
                                                                                                        "Projections": [
                                                                                                            "n_nationkey",
                                                                                                            "n_name"
                                                                                                        ],
                                                                                                        "Estimated Cardinality": "25"
                                                                                                    },
                                                                                                    "cpu_time": 0.000089133,
                                                                                                    "children": []
                                                                                                }
                                                                                            ]
                                                                                        }
                                                                                    ]
                                                                                }
                                                                            ]
                                                                        }
                                                                    ]
                                                                },
                                                                {
                                                                    "result_set_size": 121736780,
                                                                    "operator_timing": 0.013475696000000004,
                                                                    "operator_rows_scanned": 0,
                                                                    "cumulative_rows_scanned": 1680000025,
                                                                    "operator_cardinality": 4197820,
                                                                    "operator_type": "PROJECTION",
                                                                    "cumulative_cardinality": 12593487,
                                                                    "extra_info": {
                                                                        "Projections": [
                                                                            "#0",
                                                                            "#1",
                                                                            "__internal_compress_integral_utinyint(#2, 0)",
                                                                            "#3"
                                                                        ],
                                                                        "Estimated Cardinality": "10500000"
                                                                    },
                                                                    "cpu_time": 2.257085028,
                                                                    "children": [
                                                                        {
                                                                            "result_set_size": 134330240,
                                                                            "operator_timing": 0.09608622499999989,
                                                                            "operator_rows_scanned": 0,
                                                                            "cumulative_rows_scanned": 1680000025,
                                                                            "operator_cardinality": 4197820,
                                                                            "operator_type": "HASH_JOIN",
                                                                            "cumulative_cardinality": 8395667,
                                                                            "extra_info": {
                                                                                "Join Type": "INNER",
                                                                                "Conditions": "c_nationkey = n_nationkey",
                                                                                "Estimated Cardinality": "10500000"
                                                                            },
                                                                            "cpu_time": 2.243609332,
                                                                            "children": [
                                                                                {
                                                                                    "result_set_size": 50373840,
                                                                                    "operator_timing": 2.147383219,
                                                                                    "operator_rows_scanned": 1680000000,
                                                                                    "cumulative_rows_scanned": 1680000000,
                                                                                    "operator_cardinality": 4197820,
                                                                                    "operator_type": "TABLE_SCAN",
                                                                                    "cumulative_cardinality": 4197820,
                                                                                    "extra_info": {
                                                                                        "Function": "PARQUET_SCAN",
                                                                                        "Projections": [
                                                                                            "c_custkey",
                                                                                            "c_nationkey"
                                                                                        ],
                                                                                        "Estimated Cardinality": "52500000"
                                                                                    },
                                                                                    "cpu_time": 2.147383219,
                                                                                    "children": []
                                                                                },
                                                                                {
                                                                                    "result_set_size": 40,
                                                                                    "operator_timing": 0.000047610999999999995,
                                                                                    "operator_rows_scanned": 0,
                                                                                    "cumulative_rows_scanned": 25,
                                                                                    "operator_cardinality": 2,
                                                                                    "operator_type": "FILTER",
                                                                                    "cumulative_cardinality": 27,
                                                                                    "extra_info": {
                                                                                        "Expression": "((n_name = 'KENYA') OR (n_name = 'JORDAN'))",
                                                                                        "Estimated Cardinality": "5"
                                                                                    },
                                                                                    "cpu_time": 0.00013988799999999999,
                                                                                    "children": [
                                                                                        {
                                                                                            "result_set_size": 500,
                                                                                            "operator_timing": 0.000092277,
                                                                                            "operator_rows_scanned": 25,
                                                                                            "cumulative_rows_scanned": 25,
                                                                                            "operator_cardinality": 25,
                                                                                            "operator_type": "TABLE_SCAN",
                                                                                            "cumulative_cardinality": 25,
                                                                                            "extra_info": {
                                                                                                "Function": "PARQUET_SCAN",
                                                                                                "Projections": [
                                                                                                    "n_nationkey",
                                                                                                    "n_name"
                                                                                                ],
                                                                                                "Estimated Cardinality": "25"
                                                                                            },
                                                                                            "cpu_time": 0.000092277,
                                                                                            "children": []
                                                                                        }
                                                                                    ]
                                                                                }
                                                                            ]
                                                                        }
                                                                    ]
                                                                }
                                                            ]
                                                        }
                                                    ]
                                                }
                                            ]
                                        }
                                    ]
                                }
                            ]
                        }
                    ]
                }
            ]
        }
    ]
}