{
    "rows_returned": 1,
    "latency": 6.353949202,
    "result_set_size": 8,
    "cumulative_rows_scanned": 744576000,
    "cumulative_cardinality": 45820001,
    "extra_info": {},
    "cpu_time": 44.73463148,
    "blocked_thread_time": 0.0,
    "query_name": "COPY (FROM read_parquet(['s3://tpch28764--apne1-az1--x-s3/1121.parquet','s3://tpch28764--apne1-az1--x-s3/1352.parquet','s3://tpch28764--apne1-az1--x-s3/1568.parquet','s3://tpch28764--apne1-az1--x-s3/1569.parquet','s3://tpch28764--apne1-az1--x-s3/1573.parquet','s3://tpch28764--apne1-az1--x-s3/1574.parquet','s3://tpch28764--apne1-az1--x-s3/1575.parquet','s3://tpch28764--apne1-az1--x-s3/1576.parquet','s3://tpch28764--apne1-az1--x-s3/1578.parquet','s3://tpch28764--apne1-az1--x-s3/1580.parquet','s3://tpch28764--apne1-az1--x-s3/1583.parquet','s3://tpch28764--apne1-az1--x-s3/1585.parquet','s3://tpch28764--apne1-az1--x-s3/1586.parquet','s3://tpch28764--apne1-az1--x-s3/1587.parquet','s3://tpch28764--apne1-az1--x-s3/1592.parquet','s3://tpch28764--apne1-az1--x-s3/1595.parquet','s3://tpch28764--apne1-az1--x-s3/1596.parquet','s3://tpch28764--apne1-az1--x-s3/1603.parquet','s3://tpch28764--apne1-az1--x-s3/1605.parquet','s3://tpch28764--apne1-az1--x-s3/1608.parquet','s3://tpch28764--apne1-az1--x-s3/1614.parquet','s3://tpch28764--apne1-az1--x-s3/1615.parquet','s3://tpch28764--apne1-az1--x-s3/1618.parquet','s3://tpch28764--apne1-az1--x-s3/1621.parquet','s3://tpch28764--apne1-az1--x-s3/1624.parquet','s3://tpch28764--apne1-az1--x-s3/239.parquet','s3://tpch28764--apne1-az1--x-s3/256.parquet','s3://tpch28764--apne1-az1--x-s3/414.parquet']) ORDER BY l_shipdate) TO 's3://tpch28764--apne1-az1--x-s3/tmp' (FORMAT 'parquet');",
    "children": [
        {
            "result_set_size": 8,
            "operator_timing": 5.796619968999999,
            "operator_rows_scanned": 0,
            "cumulative_rows_scanned": 744576000,
            "operator_cardinality": 1,
            "operator_type": "BATCH_COPY_TO_FILE",
            "cumulative_cardinality": 45820001,
            "extra_info": {},
            "cpu_time": 44.73463148,
            "children": [
                {
                    "result_set_size": 3573960000,
                    "operator_timing": 20.663004560999994,
                    "operator_rows_scanned": 0,
                    "cumulative_rows_scanned": 744576000,
                    "operator_cardinality": 22910000,
                    "operator_type": "ORDER_BY",
                    "cumulative_cardinality": 45820000,
                    "extra_info": {
                        "Order By": "read_parquet.l_shipdate ASC"
                    },
                    "cpu_time": 38.938011511,
                    "children": [
                        {
                            "result_set_size": 3573960000,
                            "operator_timing": 18.275006950000005,
                            "operator_rows_scanned": 744576000,
                            "cumulative_rows_scanned": 744576000,
                            "operator_cardinality": 22910000,
                            "operator_type": "TABLE_SCAN",
                            "cumulative_cardinality": 22910000,
                            "extra_info": {
                                "Function": "READ_PARQUET",
                                "Projections": [
                                    "l_orderkey",
                                    "l_partkey",
                                    "l_suppkey",
                                    "l_linenumber",
                                    "l_quantity",
                                    "l_extendedprice",
                                    "l_discount",
                                    "l_tax",
                                    "l_returnflag",
                                    "l_linestatus",
                                    "l_shipdate",
                                    "l_commitdate",
                                    "l_receiptdate",
                                    "l_shipinstruct",
                                    "l_shipmode",
                                    "l_comment"
                                ],
                                "Estimated Cardinality": "23268000"
                            },
                            "cpu_time": 18.275006950000005,
                            "children": []
                        }
                    ]
                }
            ]
        }
    ]
}