{
    "rows_returned": 1,
    "latency": 5.925996709,
    "result_set_size": 8,
    "cumulative_rows_scanned": 542080000,
    "cumulative_cardinality": 33880001,
    "extra_info": {},
    "cpu_time": 34.62221236299999,
    "blocked_thread_time": 0.0,
    "query_name": "COPY (FROM read_parquet(['s3://tpch9026--apne1-az1--x-s3/782.parquet','s3://tpch9026--apne1-az1--x-s3/785.parquet','s3://tpch9026--apne1-az1--x-s3/786.parquet','s3://tpch9026--apne1-az1--x-s3/787.parquet','s3://tpch9026--apne1-az1--x-s3/788.parquet','s3://tpch9026--apne1-az1--x-s3/789.parquet','s3://tpch9026--apne1-az1--x-s3/791.parquet','s3://tpch9026--apne1-az1--x-s3/798.parquet','s3://tpch9026--apne1-az1--x-s3/804.parquet','s3://tpch9026--apne1-az1--x-s3/806.parquet','s3://tpch9026--apne1-az1--x-s3/807.parquet','s3://tpch9026--apne1-az1--x-s3/810.parquet','s3://tpch9026--apne1-az1--x-s3/820.parquet','s3://tpch9026--apne1-az1--x-s3/822.parquet','s3://tpch9026--apne1-az1--x-s3/825.parquet','s3://tpch9026--apne1-az1--x-s3/826.parquet','s3://tpch9026--apne1-az1--x-s3/838.parquet','s3://tpch9026--apne1-az1--x-s3/840.parquet','s3://tpch9026--apne1-az1--x-s3/841.parquet','s3://tpch9026--apne1-az1--x-s3/843.parquet']) ORDER BY l_shipdate) TO 's3://tpch9026--apne1-az1--x-s3/tmp' (FORMAT 'parquet');",
    "children": [
        {
            "result_set_size": 8,
            "operator_timing": 3.924138388999999,
            "operator_rows_scanned": 0,
            "cumulative_rows_scanned": 542080000,
            "operator_cardinality": 1,
            "operator_type": "BATCH_COPY_TO_FILE",
            "cumulative_cardinality": 33880001,
            "extra_info": {},
            "cpu_time": 34.62221236299999,
            "children": [
                {
                    "result_set_size": 2642640000,
                    "operator_timing": 20.223037498999993,
                    "operator_rows_scanned": 0,
                    "cumulative_rows_scanned": 542080000,
                    "operator_cardinality": 16940000,
                    "operator_type": "ORDER_BY",
                    "cumulative_cardinality": 33880000,
                    "extra_info": {
                        "Order By": "read_parquet.l_shipdate ASC"
                    },
                    "cpu_time": 30.69807397399999,
                    "children": [
                        {
                            "result_set_size": 2642640000,
                            "operator_timing": 10.475036474999998,
                            "operator_rows_scanned": 542080000,
                            "cumulative_rows_scanned": 542080000,
                            "operator_cardinality": 16940000,
                            "operator_type": "TABLE_SCAN",
                            "cumulative_cardinality": 16940000,
                            "extra_info": {
                                "Function": "READ_PARQUET",
                                "Projections": [
                                    "l_orderkey",
                                    "l_partkey",
                                    "l_suppkey",
                                    "l_linenumber",
                                    "l_quantity",
                                    "l_extendedprice",
                                    "l_discount",
                                    "l_tax",
                                    "l_returnflag",
                                    "l_linestatus",
                                    "l_shipdate",
                                    "l_commitdate",
                                    "l_receiptdate",
                                    "l_shipinstruct",
                                    "l_shipmode",
                                    "l_comment"
                                ],
                                "Estimated Cardinality": "16940000"
                            },
                            "cpu_time": 10.475036474999998,
                            "children": []
                        }
                    ]
                }
            ]
        }
    ]
}