{
    "rows_returned": 1,
    "latency": 16.5439689,
    "result_set_size": 8,
    "cumulative_rows_scanned": 1926656000,
    "cumulative_cardinality": 120033259,
    "extra_info": {},
    "cpu_time": 151.34796848100007,
    "blocked_thread_time": 0.0,
    "query_name": "COPY (FROM read_parquet(['s3://tpch3981--apne1-az1--x-s3/3124.parquet','s3://tpch3981--apne1-az1--x-s3/3125.parquet','s3://tpch3981--apne1-az1--x-s3/3126.parquet','s3://tpch3981--apne1-az1--x-s3/3127.parquet','s3://tpch3981--apne1-az1--x-s3/3128.parquet','s3://tpch3981--apne1-az1--x-s3/3129.parquet','s3://tpch3981--apne1-az1--x-s3/3130.parquet','s3://tpch3981--apne1-az1--x-s3/3131.parquet','s3://tpch3981--apne1-az1--x-s3/3132.parquet','s3://tpch3981--apne1-az1--x-s3/3133.parquet','s3://tpch3981--apne1-az1--x-s3/3134.parquet','s3://tpch3981--apne1-az1--x-s3/3135.parquet','s3://tpch3981--apne1-az1--x-s3/3136.parquet','s3://tpch3981--apne1-az1--x-s3/3137.parquet','s3://tpch3981--apne1-az1--x-s3/3138.parquet','s3://tpch3981--apne1-az1--x-s3/3139.parquet','s3://tpch3981--apne1-az1--x-s3/3140.parquet','s3://tpch3981--apne1-az1--x-s3/3141.parquet','s3://tpch3981--apne1-az1--x-s3/3142.parquet','s3://tpch3981--apne1-az1--x-s3/3143.parquet','s3://tpch3981--apne1-az1--x-s3/3144.parquet','s3://tpch3981--apne1-az1--x-s3/3145.parquet','s3://tpch3981--apne1-az1--x-s3/3146.parquet','s3://tpch3981--apne1-az1--x-s3/3147.parquet','s3://tpch3981--apne1-az1--x-s3/3148.parquet','s3://tpch3981--apne1-az1--x-s3/3149.parquet','s3://tpch3981--apne1-az1--x-s3/3150.parquet','s3://tpch3981--apne1-az1--x-s3/3151.parquet','s3://tpch3981--apne1-az1--x-s3/3152.parquet','s3://tpch3981--apne1-az1--x-s3/3153.parquet','s3://tpch3981--apne1-az1--x-s3/3154.parquet','s3://tpch3981--apne1-az1--x-s3/3155.parquet','s3://tpch3981--apne1-az1--x-s3/3156.parquet','s3://tpch3981--apne1-az1--x-s3/3157.parquet','s3://tpch3981--apne1-az1--x-s3/3158.parquet','s3://tpch3981--apne1-az1--x-s3/3159.parquet','s3://tpch3981--apne1-az1--x-s3/3160.parquet','s3://tpch3981--apne1-az1--x-s3/3161.parquet','s3://tpch3981--apne1-az1--x-s3/3162.parquet','s3://tpch3981--apne1-az1--x-s3/3163.parquet','s3://tpch3981--apne1-az1--x-s3/3164.parquet','s3://tpch3981--apne1-az1--x-s3/3165.parquet','s3://tpch3981--apne1-az1--x-s3/3166.parquet','s3://tpch3981--apne1-az1--x-s3/3167.parquet','s3://tpch3981--apne1-az1--x-s3/3168.parquet','s3://tpch3981--apne1-az1--x-s3/3169.parquet','s3://tpch3981--apne1-az1--x-s3/3170.parquet','s3://tpch3981--apne1-az1--x-s3/3171.parquet','s3://tpch3981--apne1-az1--x-s3/3172.parquet','s3://tpch3981--apne1-az1--x-s3/3173.parquet','s3://tpch3981--apne1-az1--x-s3/3174.parquet','s3://tpch3981--apne1-az1--x-s3/3175.parquet','s3://tpch3981--apne1-az1--x-s3/3176.parquet','s3://tpch3981--apne1-az1--x-s3/3177.parquet','s3://tpch3981--apne1-az1--x-s3/3178.parquet','s3://tpch3981--apne1-az1--x-s3/3179.parquet','s3://tpch3981--apne1-az1--x-s3/3180.parquet','s3://tpch3981--apne1-az1--x-s3/3181.parquet','s3://tpch3981--apne1-az1--x-s3/3182.parquet','s3://tpch3981--apne1-az1--x-s3/3183.parquet','s3://tpch3981--apne1-az1--x-s3/3184.parquet','s3://tpch3981--apne1-az1--x-s3/3185.parquet','s3://tpch3981--apne1-az1--x-s3/3186.parquet','s3://tpch3981--apne1-az1--x-s3/3187.parquet','s3://tpch3981--apne1-az1--x-s3/3188.parquet','s3://tpch3981--apne1-az1--x-s3/3189.parquet','s3://tpch3981--apne1-az1--x-s3/3190.parquet','s3://tpch3981--apne1-az1--x-s3/3191.parquet','s3://tpch3981--apne1-az1--x-s3/3192.parquet','s3://tpch3981--apne1-az1--x-s3/3193.parquet','s3://tpch3981--apne1-az1--x-s3/3194.parquet']) ORDER BY l_shipdate) TO 's3://tpch3981--apne1-az1--x-s3/tmp' (FORMAT 'parquet');",
    "children": [
        {
            "result_set_size": 8,
            "operator_timing": 19.952569952,
            "operator_rows_scanned": 0,
            "cumulative_rows_scanned": 1926656000,
            "operator_cardinality": 1,
            "operator_type": "BATCH_COPY_TO_FILE",
            "cumulative_cardinality": 120033259,
            "extra_info": {},
            "cpu_time": 151.34796848100007,
            "children": [
                {
                    "result_set_size": 9362594124,
                    "operator_timing": 84.46499298900004,
                    "operator_rows_scanned": 0,
                    "cumulative_rows_scanned": 1926656000,
                    "operator_cardinality": 60016629,
                    "operator_type": "ORDER_BY",
                    "cumulative_cardinality": 120033258,
                    "extra_info": {
                        "Order By": "read_parquet.l_shipdate ASC"
                    },
                    "cpu_time": 131.39539852900006,
                    "children": [
                        {
                            "result_set_size": 9362594124,
                            "operator_timing": 46.93040554000002,
                            "operator_rows_scanned": 1926656000,
                            "cumulative_rows_scanned": 1926656000,
                            "operator_cardinality": 60016629,
                            "operator_type": "TABLE_SCAN",
                            "cumulative_cardinality": 60016629,
                            "extra_info": {
                                "Function": "READ_PARQUET",
                                "Projections": [
                                    "l_orderkey",
                                    "l_partkey",
                                    "l_suppkey",
                                    "l_linenumber",
                                    "l_quantity",
                                    "l_extendedprice",
                                    "l_discount",
                                    "l_tax",
                                    "l_returnflag",
                                    "l_linestatus",
                                    "l_shipdate",
                                    "l_commitdate",
                                    "l_receiptdate",
                                    "l_shipinstruct",
                                    "l_shipmode",
                                    "l_comment"
                                ],
                                "Estimated Cardinality": "60208000"
                            },
                            "cpu_time": 46.93040554000002,
                            "children": []
                        }
                    ]
                }
            ]
        }
    ]
}