{
    "rows_returned": 1,
    "latency": 2.924295695,
    "result_set_size": 8,
    "cumulative_rows_scanned": 9305600000,
    "cumulative_cardinality": 275038544,
    "extra_info": {},
    "cpu_time": 78.66210419999993,
    "blocked_thread_time": 0.0,
    "query_name": "SELECT\n    100.00 * sum(CASE\n            WHEN p_type LIKE 'PROMO%' \n            THEN l_extendedprice * (1 - l_discount)\n            ELSE 0\n    END) / sum(l_extendedprice * (1 - l_discount)) AS promo_revenue\nFROM\n    read_parquet([\"s3://tpch31087--apne1-az1--x-s3/0.parquet\", \"s3://tpch31087--apne1-az1--x-s3/1.parquet\", \"s3://tpch31087--apne1-az1--x-s3/2.parquet\", \"s3://tpch31087--apne1-az1--x-s3/3.parquet\", \"s3://tpch31087--apne1-az1--x-s3/4.parquet\", \"s3://tpch31087--apne1-az1--x-s3/5.parquet\", \"s3://tpch31087--apne1-az1--x-s3/6.parquet\", \"s3://tpch31087--apne1-az1--x-s3/7.parquet\", \"s3://tpch31087--apne1-az1--x-s3/8.parquet\", \"s3://tpch31087--apne1-az1--x-s3/9.parquet\", \"s3://tpch31087--apne1-az1--x-s3/10.parquet\", \"s3://tpch31087--apne1-az1--x-s3/11.parquet\", \"s3://tpch31087--apne1-az1--x-s3/12.parquet\", \"s3://tpch31087--apne1-az1--x-s3/13.parquet\", \"s3://tpch31087--apne1-az1--x-s3/14.parquet\", \"s3://tpch31087--apne1-az1--x-s3/15.parquet\", \"s3://tpch31087--apne1-az1--x-s3/16.parquet\", \"s3://tpch31087--apne1-az1--x-s3/17.parquet\", \"s3://tpch31087--apne1-az1--x-s3/18.parquet\", \"s3://tpch31087--apne1-az1--x-s3/19.parquet\", \"s3://tpch31087--apne1-az1--x-s3/20.parquet\", \"s3://tpch31087--apne1-az1--x-s3/21.parquet\", \"s3://tpch31087--apne1-az1--x-s3/22.parquet\", \"s3://tpch31087--apne1-az1--x-s3/23.parquet\", \"s3://tpch31087--apne1-az1--x-s3/24.parquet\", \"s3://tpch31087--apne1-az1--x-s3/25.parquet\", \"s3://tpch31087--apne1-az1--x-s3/26.parquet\", \"s3://tpch31087--apne1-az1--x-s3/27.parquet\", \"s3://tpch31087--apne1-az1--x-s3/28.parquet\", \"s3://tpch31087--apne1-az1--x-s3/29.parquet\", \"s3://tpch31087--apne1-az1--x-s3/30.parquet\", \"s3://tpch31087--apne1-az1--x-s3/31.parquet\", \"s3://tpch31087--apne1-az1--x-s3/32.parquet\", \"s3://tpch31087--apne1-az1--x-s3/33.parquet\", \"s3://tpch31087--apne1-az1--x-s3/34.parquet\", \"s3://tpch31087--apne1-az1--x-s3/35.parquet\", \"s3://tpch31087--apne1-az1--x-s3/36.parquet\", \"s3://tpch31087--apne1-az1--x-s3/37.parquet\", \"s3://tpch31087--apne1-az1--x-s3/38.parquet\", \"s3://tpch31087--apne1-az1--x-s3/39.parquet\", \"s3://tpch31087--apne1-az1--x-s3/40.parquet\", \"s3://tpch31087--apne1-az1--x-s3/41.parquet\", \"s3://tpch31087--apne1-az1--x-s3/42.parquet\", \"s3://tpch31087--apne1-az1--x-s3/43.parquet\", \"s3://tpch31087--apne1-az1--x-s3/44.parquet\", \"s3://tpch31087--apne1-az1--x-s3/45.parquet\", \"s3://tpch31087--apne1-az1--x-s3/46.parquet\", \"s3://tpch31087--apne1-az1--x-s3/47.parquet\", \"s3://tpch31087--apne1-az1--x-s3/48.parquet\", \"s3://tpch31087--apne1-az1--x-s3/49.parquet\", \"s3://tpch31087--apne1-az1--x-s3/50.parquet\", \"s3://tpch31087--apne1-az1--x-s3/51.parquet\", \"s3://tpch31087--apne1-az1--x-s3/52.parquet\", \"s3://tpch31087--apne1-az1--x-s3/53.parquet\", \"s3://tpch31087--apne1-az1--x-s3/54.parquet\", \"s3://tpch31087--apne1-az1--x-s3/55.parquet\", \"s3://tpch31087--apne1-az1--x-s3/56.parquet\", \"s3://tpch31087--apne1-az1--x-s3/57.parquet\", \"s3://tpch31087--apne1-az1--x-s3/58.parquet\", \"s3://tpch31087--apne1-az1--x-s3/59.parquet\", \"s3://tpch31087--apne1-az1--x-s3/60.parquet\", \"s3://tpch31087--apne1-az1--x-s3/61.parquet\", \"s3://tpch31087--apne1-az1--x-s3/62.parquet\", \"s3://tpch31087--apne1-az1--x-s3/63.parquet\", \"s3://tpch31087--apne1-az1--x-s3/64.parquet\", \"s3://tpch31087--apne1-az1--x-s3/65.parquet\", \"s3://tpch31087--apne1-az1--x-s3/66.parquet\", \"s3://tpch31087--apne1-az1--x-s3/67.parquet\", \"s3://tpch31087--apne1-az1--x-s3/68.parquet\", \"s3://tpch31087--apne1-az1--x-s3/69.parquet\", \"s3://tpch31087--apne1-az1--x-s3/70.parquet\", \"s3://tpch31087--apne1-az1--x-s3/71.parquet\", \"s3://tpch31087--apne1-az1--x-s3/72.parquet\", \"s3://tpch31087--apne1-az1--x-s3/73.parquet\", \"s3://tpch31087--apne1-az1--x-s3/74.parquet\", \"s3://tpch31087--apne1-az1--x-s3/75.parquet\", \"s3://tpch31087--apne1-az1--x-s3/76.parquet\", \"s3://tpch31087--apne1-az1--x-s3/77.parquet\", \"s3://tpch31087--apne1-az1--x-s3/78.parquet\", \"s3://tpch31087--apne1-az1--x-s3/79.parquet\", \"s3://tpch31087--apne1-az1--x-s3/80.parquet\", \"s3://tpch31087--apne1-az1--x-s3/81.parquet\", \"s3://tpch31087--apne1-az1--x-s3/82.parquet\", \"s3://tpch31087--apne1-az1--x-s3/83.parquet\", \"s3://tpch31087--apne1-az1--x-s3/84.parquet\", \"s3://tpch31087--apne1-az1--x-s3/85.parquet\", \"s3://tpch31087--apne1-az1--x-s3/86.parquet\", \"s3://tpch31087--apne1-az1--x-s3/87.parquet\", \"s3://tpch31087--apne1-az1--x-s3/88.parquet\", \"s3://tpch31087--apne1-az1--x-s3/89.parquet\", \"s3://tpch31087--apne1-az1--x-s3/90.parquet\", \"s3://tpch31087--apne1-az1--x-s3/91.parquet\", \"s3://tpch31087--apne1-az1--x-s3/92.parquet\", \"s3://tpch31087--apne1-az1--x-s3/93.parquet\", \"s3://tpch31087--apne1-az1--x-s3/94.parquet\", \"s3://tpch31087--apne1-az1--x-s3/95.parquet\", \"s3://tpch31087--apne1-az1--x-s3/96.parquet\", \"s3://tpch31087--apne1-az1--x-s3/97.parquet\", \"s3://tpch31087--apne1-az1--x-s3/98.parquet\", \"s3://tpch31087--apne1-az1--x-s3/99.parquet\", \"s3://tpch31087--apne1-az1--x-s3/100.parquet\", \"s3://tpch31087--apne1-az1--x-s3/101.parquet\", \"s3://tpch31087--apne1-az1--x-s3/102.parquet\", \"s3://tpch31087--apne1-az1--x-s3/103.parquet\", \"s3://tpch31087--apne1-az1--x-s3/104.parquet\", \"s3://tpch31087--apne1-az1--x-s3/105.parquet\", \"s3://tpch31087--apne1-az1--x-s3/106.parquet\", \"s3://tpch31087--apne1-az1--x-s3/107.parquet\", \"s3://tpch31087--apne1-az1--x-s3/108.parquet\", \"s3://tpch31087--apne1-az1--x-s3/109.parquet\", \"s3://tpch31087--apne1-az1--x-s3/110.parquet\", \"s3://tpch31087--apne1-az1--x-s3/111.parquet\", \"s3://tpch31087--apne1-az1--x-s3/112.parquet\", \"s3://tpch31087--apne1-az1--x-s3/113.parquet\", \"s3://tpch31087--apne1-az1--x-s3/114.parquet\", \"s3://tpch31087--apne1-az1--x-s3/115.parquet\", \"s3://tpch31087--apne1-az1--x-s3/116.parquet\", \"s3://tpch31087--apne1-az1--x-s3/117.parquet\", \"s3://tpch31087--apne1-az1--x-s3/118.parquet\", \"s3://tpch31087--apne1-az1--x-s3/119.parquet\", \"s3://tpch31087--apne1-az1--x-s3/120.parquet\", \"s3://tpch31087--apne1-az1--x-s3/121.parquet\", \"s3://tpch31087--apne1-az1--x-s3/122.parquet\", \"s3://tpch31087--apne1-az1--x-s3/123.parquet\", \"s3://tpch31087--apne1-az1--x-s3/124.parquet\", \"s3://tpch31087--apne1-az1--x-s3/125.parquet\", \"s3://tpch31087--apne1-az1--x-s3/126.parquet\", \"s3://tpch31087--apne1-az1--x-s3/127.parquet\", \"s3://tpch31087--apne1-az1--x-s3/128.parquet\", \"s3://tpch31087--apne1-az1--x-s3/129.parquet\", \"s3://tpch31087--apne1-az1--x-s3/130.parquet\", \"s3://tpch31087--apne1-az1--x-s3/131.parquet\", \"s3://tpch31087--apne1-az1--x-s3/132.parquet\", \"s3://tpch31087--apne1-az1--x-s3/133.parquet\", \"s3://tpch31087--apne1-az1--x-s3/134.parquet\", \"s3://tpch31087--apne1-az1--x-s3/135.parquet\", \"s3://tpch31087--apne1-az1--x-s3/136.parquet\", \"s3://tpch31087--apne1-az1--x-s3/137.parquet\", \"s3://tpch31087--apne1-az1--x-s3/138.parquet\", \"s3://tpch31087--apne1-az1--x-s3/139.parquet\", \"s3://tpch31087--apne1-az1--x-s3/140.parquet\", \"s3://tpch31087--apne1-az1--x-s3/141.parquet\", \"s3://tpch31087--apne1-az1--x-s3/155.parquet\", \"s3://tpch31087--apne1-az1--x-s3/245.parquet\", \"s3://tpch31087--apne1-az1--x-s3/246.parquet\", \"s3://tpch31087--apne1-az1--x-s3/247.parquet\", \"s3://tpch31087--apne1-az1--x-s3/248.parquet\", \"s3://tpch31087--apne1-az1--x-s3/249.parquet\", \"s3://tpch31087--apne1-az1--x-s3/291.parquet\", \"s3://tpch31087--apne1-az1--x-s3/292.parquet\", \"s3://tpch31087--apne1-az1--x-s3/293.parquet\", \"s3://tpch31087--apne1-az1--x-s3/294.parquet\", \"s3://tpch31087--apne1-az1--x-s3/295.parquet\", \"s3://tpch31087--apne1-az1--x-s3/422.parquet\", \"s3://tpch31087--apne1-az1--x-s3/423.parquet\", \"s3://tpch31087--apne1-az1--x-s3/424.parquet\", \"s3://tpch31087--apne1-az1--x-s3/425.parquet\", \"s3://tpch31087--apne1-az1--x-s3/452.parquet\", \"s3://tpch31087--apne1-az1--x-s3/527.parquet\", \"s3://tpch31087--apne1-az1--x-s3/528.parquet\", \"s3://tpch31087--apne1-az1--x-s3/529.parquet\", \"s3://tpch31087--apne1-az1--x-s3/530.parquet\", \"s3://tpch31087--apne1-az1--x-s3/531.parquet\", \"s3://tpch31087--apne1-az1--x-s3/581.parquet\", \"s3://tpch31087--apne1-az1--x-s3/582.parquet\", \"s3://tpch31087--apne1-az1--x-s3/583.parquet\", \"s3://tpch31087--apne1-az1--x-s3/584.parquet\", \"s3://tpch31087--apne1-az1--x-s3/585.parquet\", \"s3://tpch31087--apne1-az1--x-s3/652.parquet\", \"s3://tpch31087--apne1-az1--x-s3/653.parquet\", \"s3://tpch31087--apne1-az1--x-s3/654.parquet\", \"s3://tpch31087--apne1-az1--x-s3/655.parquet\", \"s3://tpch31087--apne1-az1--x-s3/656.parquet\", \"s3://tpch31087--apne1-az1--x-s3/775.parquet\", \"s3://tpch31087--apne1-az1--x-s3/776.parquet\", \"s3://tpch31087--apne1-az1--x-s3/777.parquet\", \"s3://tpch31087--apne1-az1--x-s3/778.parquet\", \"s3://tpch31087--apne1-az1--x-s3/779.parquet\", \"s3://tpch31087--apne1-az1--x-s3/865.parquet\", \"s3://tpch31087--apne1-az1--x-s3/866.parquet\", \"s3://tpch31087--apne1-az1--x-s3/867.parquet\", \"s3://tpch31087--apne1-az1--x-s3/868.parquet\", \"s3://tpch31087--apne1-az1--x-s3/869.parquet\", \"s3://tpch31087--apne1-az1--x-s3/936.parquet\", \"s3://tpch31087--apne1-az1--x-s3/937.parquet\", \"s3://tpch31087--apne1-az1--x-s3/938.parquet\", \"s3://tpch31087--apne1-az1--x-s3/939.parquet\", \"s3://tpch31087--apne1-az1--x-s3/940.parquet\", \"s3://tpch31087--apne1-az1--x-s3/1071.parquet\", \"s3://tpch31087--apne1-az1--x-s3/1072.parquet\", \"s3://tpch31087--apne1-az1--x-s3/1073.parquet\", \"s3://tpch31087--apne1-az1--x-s3/1074.parquet\", \"s3://tpch31087--apne1-az1--x-s3/1075.parquet\", \"s3://tpch31087--apne1-az1--x-s3/1548.parquet\", \"s3://tpch31087--apne1-az1--x-s3/1549.parquet\", \"s3://tpch31087--apne1-az1--x-s3/1550.parquet\", \"s3://tpch31087--apne1-az1--x-s3/1551.parquet\", \"s3://tpch31087--apne1-az1--x-s3/1608.parquet\", \"s3://tpch31087--apne1-az1--x-s3/1609.parquet\", \"s3://tpch31087--apne1-az1--x-s3/1610.parquet\", \"s3://tpch31087--apne1-az1--x-s3/1611.parquet\", \"s3://tpch31087--apne1-az1--x-s3/1612.parquet\", \"s3://tpch31087--apne1-az1--x-s3/1692.parquet\", \"s3://tpch31087--apne1-az1--x-s3/1693.parquet\", \"s3://tpch31087--apne1-az1--x-s3/1694.parquet\", \"s3://tpch31087--apne1-az1--x-s3/1695.parquet\", \"s3://tpch31087--apne1-az1--x-s3/1696.parquet\", \"s3://tpch31087--apne1-az1--x-s3/1812.parquet\", \"s3://tpch31087--apne1-az1--x-s3/1813.parquet\", \"s3://tpch31087--apne1-az1--x-s3/1814.parquet\", \"s3://tpch31087--apne1-az1--x-s3/1815.parquet\", \"s3://tpch31087--apne1-az1--x-s3/1816.parquet\", \"s3://tpch31087--apne1-az1--x-s3/1932.parquet\", \"s3://tpch31087--apne1-az1--x-s3/1933.parquet\", \"s3://tpch31087--apne1-az1--x-s3/1934.parquet\", \"s3://tpch31087--apne1-az1--x-s3/1935.parquet\", \"s3://tpch31087--apne1-az1--x-s3/1936.parquet\", \"s3://tpch31087--apne1-az1--x-s3/2052.parquet\", \"s3://tpch31087--apne1-az1--x-s3/2053.parquet\", \"s3://tpch31087--apne1-az1--x-s3/2054.parquet\", \"s3://tpch31087--apne1-az1--x-s3/2055.parquet\", \"s3://tpch31087--apne1-az1--x-s3/2056.parquet\", \"s3://tpch31087--apne1-az1--x-s3/2174.parquet\", \"s3://tpch31087--apne1-az1--x-s3/2175.parquet\", \"s3://tpch31087--apne1-az1--x-s3/2176.parquet\"]),\n    'pool/part/*.parquet'\nWHERE\n    l_partkey = p_partkey\n    AND l_shipdate >= DATE '1992-01-01' + INTERVAL 31 MONTH\n    AND l_shipdate < DATE '1992-02-01' + INTERVAL 31 MONTH;",
    "children": [
        {
            "result_set_size": 8,
            "operator_timing": 0.000876195,
            "operator_rows_scanned": 0,
            "cumulative_rows_scanned": 9305600000,
            "operator_cardinality": 1,
            "operator_type": "PROJECTION",
            "cumulative_cardinality": 275038544,
            "extra_info": {
                "Projections": "promo_revenue",
                "Estimated Cardinality": "1"
            },
            "cpu_time": 78.66210419999993,
            "children": [
                {
                    "result_set_size": 32,
                    "operator_timing": 0.17367603300000012,
                    "operator_rows_scanned": 0,
                    "cumulative_rows_scanned": 9305600000,
                    "operator_cardinality": 1,
                    "operator_type": "UNGROUPED_AGGREGATE",
                    "cumulative_cardinality": 275038543,
                    "extra_info": {
                        "Aggregates": [
                            "sum(#0)",
                            "sum(#1)"
                        ]
                    },
                    "cpu_time": 78.66122800499993,
                    "children": [
                        {
                            "result_set_size": 933538912,
                            "operator_timing": 1.3801931260000004,
                            "operator_rows_scanned": 0,
                            "cumulative_rows_scanned": 9305600000,
                            "operator_cardinality": 58346182,
                            "operator_type": "PROJECTION",
                            "cumulative_cardinality": 275038542,
                            "extra_info": {
                                "Projections": [
                                    "CASE  WHEN (prefix(p_type, 'PROMO')) THEN ((l_extendedprice * (1.00 - l_discount))) ELSE 0.0000 END",
                                    "(l_extendedprice * (1.00 - l_discount))"
                                ],
                                "Estimated Cardinality": "38160000"
                            },
                            "cpu_time": 78.48755197199992,
                            "children": [
                                {
                                    "result_set_size": 2800616736,
                                    "operator_timing": 12.024247672999946,
                                    "operator_rows_scanned": 0,
                                    "cumulative_rows_scanned": 9305600000,
                                    "operator_cardinality": 58346182,
                                    "operator_type": "HASH_JOIN",
                                    "cumulative_cardinality": 216692360,
                                    "extra_info": {
                                        "Join Type": "INNER",
                                        "Conditions": "p_partkey = l_partkey",
                                        "Estimated Cardinality": "38160000"
                                    },
                                    "cpu_time": 77.10735884599993,
                                    "children": [
                                        {
                                            "result_set_size": 2399999904,
                                            "operator_timing": 3.4322104709999994,
                                            "operator_rows_scanned": 3200000000,
                                            "cumulative_rows_scanned": 3200000000,
                                            "operator_cardinality": 99999996,
                                            "operator_type": "TABLE_SCAN",
                                            "cumulative_cardinality": 99999996,
                                            "extra_info": {
                                                "Function": "PARQUET_SCAN",
                                                "Projections": [
                                                    "p_partkey",
                                                    "p_type"
                                                ],
                                                "Estimated Cardinality": "100000000"
                                            },
                                            "cpu_time": 3.4322104709999994,
                                            "children": []
                                        },
                                        {
                                            "result_set_size": 1400308368,
                                            "operator_timing": 61.65090070199998,
                                            "operator_rows_scanned": 6105600000,
                                            "cumulative_rows_scanned": 6105600000,
                                            "operator_cardinality": 58346182,
                                            "operator_type": "TABLE_SCAN",
                                            "cumulative_cardinality": 58346182,
                                            "extra_info": {
                                                "Function": "READ_PARQUET",
                                                "Projections": [
                                                    "l_partkey",
                                                    "l_extendedprice",
                                                    "l_discount"
                                                ],
                                                "Filters": "l_shipdate>='1994-08-01'::DATE AND l_shipdate<'1994-09-01'::DATE AND l_shipdate IS NOT NULL",
                                                "Estimated Cardinality": "38160000"
                                            },
                                            "cpu_time": 61.65090070199998,
                                            "children": []
                                        }
                                    ]
                                }
                            ]
                        }
                    ]
                }
            ]
        }
    ]
}