{
    "rows_returned": 1,
    "latency": 1.626051984,
    "result_set_size": 72,
    "cumulative_rows_scanned": 3178240000,
    "cumulative_cardinality": 190620129,
    "extra_info": {},
    "cpu_time": 41.818611486,
    "blocked_thread_time": 0.0,
    "query_name": "WITH revenue AS (\n    SELECT\n        l_suppkey AS supplier_no,\n        sum(l_extendedprice * (1 - l_discount)) AS total_revenue\n    FROM\n        read_parquet([\"s3://tpch10289--apne1-az1--x-s3/17.parquet\", \"s3://tpch10289--apne1-az1--x-s3/163.parquet\", \"s3://tpch10289--apne1-az1--x-s3/164.parquet\", \"s3://tpch10289--apne1-az1--x-s3/166.parquet\", \"s3://tpch10289--apne1-az1--x-s3/169.parquet\", \"s3://tpch10289--apne1-az1--x-s3/391.parquet\", \"s3://tpch10289--apne1-az1--x-s3/392.parquet\", \"s3://tpch10289--apne1-az1--x-s3/393.parquet\", \"s3://tpch10289--apne1-az1--x-s3/394.parquet\", \"s3://tpch10289--apne1-az1--x-s3/395.parquet\", \"s3://tpch10289--apne1-az1--x-s3/396.parquet\", \"s3://tpch10289--apne1-az1--x-s3/397.parquet\", \"s3://tpch10289--apne1-az1--x-s3/398.parquet\", \"s3://tpch10289--apne1-az1--x-s3/399.parquet\", \"s3://tpch10289--apne1-az1--x-s3/400.parquet\", \"s3://tpch10289--apne1-az1--x-s3/401.parquet\", \"s3://tpch10289--apne1-az1--x-s3/403.parquet\", \"s3://tpch10289--apne1-az1--x-s3/404.parquet\", \"s3://tpch10289--apne1-az1--x-s3/405.parquet\", \"s3://tpch10289--apne1-az1--x-s3/406.parquet\", \"s3://tpch10289--apne1-az1--x-s3/407.parquet\", \"s3://tpch10289--apne1-az1--x-s3/408.parquet\", \"s3://tpch10289--apne1-az1--x-s3/409.parquet\", \"s3://tpch10289--apne1-az1--x-s3/466.parquet\", \"s3://tpch10289--apne1-az1--x-s3/467.parquet\", \"s3://tpch10289--apne1-az1--x-s3/468.parquet\", \"s3://tpch10289--apne1-az1--x-s3/469.parquet\", \"s3://tpch10289--apne1-az1--x-s3/470.parquet\", \"s3://tpch10289--apne1-az1--x-s3/471.parquet\", \"s3://tpch10289--apne1-az1--x-s3/472.parquet\", \"s3://tpch10289--apne1-az1--x-s3/473.parquet\", \"s3://tpch10289--apne1-az1--x-s3/474.parquet\", \"s3://tpch10289--apne1-az1--x-s3/475.parquet\", \"s3://tpch10289--apne1-az1--x-s3/476.parquet\", \"s3://tpch10289--apne1-az1--x-s3/477.parquet\", \"s3://tpch10289--apne1-az1--x-s3/478.parquet\", \"s3://tpch10289--apne1-az1--x-s3/479.parquet\", \"s3://tpch10289--apne1-az1--x-s3/480.parquet\", \"s3://tpch10289--apne1-az1--x-s3/481.parquet\", \"s3://tpch10289--apne1-az1--x-s3/482.parquet\", \"s3://tpch10289--apne1-az1--x-s3/483.parquet\", \"s3://tpch10289--apne1-az1--x-s3/484.parquet\", \"s3://tpch10289--apne1-az1--x-s3/485.parquet\", \"s3://tpch10289--apne1-az1--x-s3/1030.parquet\", \"s3://tpch10289--apne1-az1--x-s3/1031.parquet\", \"s3://tpch10289--apne1-az1--x-s3/1032.parquet\", \"s3://tpch10289--apne1-az1--x-s3/1033.parquet\", \"s3://tpch10289--apne1-az1--x-s3/1034.parquet\", \"s3://tpch10289--apne1-az1--x-s3/1035.parquet\", \"s3://tpch10289--apne1-az1--x-s3/1036.parquet\", \"s3://tpch10289--apne1-az1--x-s3/1037.parquet\", \"s3://tpch10289--apne1-az1--x-s3/1038.parquet\", \"s3://tpch10289--apne1-az1--x-s3/1039.parquet\", \"s3://tpch10289--apne1-az1--x-s3/1040.parquet\", \"s3://tpch10289--apne1-az1--x-s3/1041.parquet\", \"s3://tpch10289--apne1-az1--x-s3/1042.parquet\", \"s3://tpch10289--apne1-az1--x-s3/1043.parquet\", \"s3://tpch10289--apne1-az1--x-s3/1044.parquet\", \"s3://tpch10289--apne1-az1--x-s3/1045.parquet\", \"s3://tpch10289--apne1-az1--x-s3/1046.parquet\", \"s3://tpch10289--apne1-az1--x-s3/1047.parquet\", \"s3://tpch10289--apne1-az1--x-s3/1059.parquet\", \"s3://tpch10289--apne1-az1--x-s3/1071.parquet\", \"s3://tpch10289--apne1-az1--x-s3/1072.parquet\", \"s3://tpch10289--apne1-az1--x-s3/1073.parquet\", \"s3://tpch10289--apne1-az1--x-s3/1074.parquet\", \"s3://tpch10289--apne1-az1--x-s3/1075.parquet\", \"s3://tpch10289--apne1-az1--x-s3/1076.parquet\", \"s3://tpch10289--apne1-az1--x-s3/1077.parquet\", \"s3://tpch10289--apne1-az1--x-s3/1078.parquet\", \"s3://tpch10289--apne1-az1--x-s3/1079.parquet\", \"s3://tpch10289--apne1-az1--x-s3/1080.parquet\", \"s3://tpch10289--apne1-az1--x-s3/1117.parquet\", \"s3://tpch10289--apne1-az1--x-s3/1206.parquet\", \"s3://tpch10289--apne1-az1--x-s3/1209.parquet\", \"s3://tpch10289--apne1-az1--x-s3/1212.parquet\", \"s3://tpch10289--apne1-az1--x-s3/1213.parquet\", \"s3://tpch10289--apne1-az1--x-s3/1214.parquet\", \"s3://tpch10289--apne1-az1--x-s3/1215.parquet\", \"s3://tpch10289--apne1-az1--x-s3/1216.parquet\", \"s3://tpch10289--apne1-az1--x-s3/1217.parquet\", \"s3://tpch10289--apne1-az1--x-s3/1218.parquet\", \"s3://tpch10289--apne1-az1--x-s3/1219.parquet\", \"s3://tpch10289--apne1-az1--x-s3/1220.parquet\", \"s3://tpch10289--apne1-az1--x-s3/1221.parquet\", \"s3://tpch10289--apne1-az1--x-s3/1222.parquet\", \"s3://tpch10289--apne1-az1--x-s3/1223.parquet\", \"s3://tpch10289--apne1-az1--x-s3/1224.parquet\", \"s3://tpch10289--apne1-az1--x-s3/1225.parquet\", \"s3://tpch10289--apne1-az1--x-s3/1236.parquet\", \"s3://tpch10289--apne1-az1--x-s3/1266.parquet\", \"s3://tpch10289--apne1-az1--x-s3/1300.parquet\", \"s3://tpch10289--apne1-az1--x-s3/1305.parquet\", \"s3://tpch10289--apne1-az1--x-s3/1306.parquet\", \"s3://tpch10289--apne1-az1--x-s3/1307.parquet\", \"s3://tpch10289--apne1-az1--x-s3/1308.parquet\", \"s3://tpch10289--apne1-az1--x-s3/1309.parquet\", \"s3://tpch10289--apne1-az1--x-s3/1310.parquet\", \"s3://tpch10289--apne1-az1--x-s3/1311.parquet\", \"s3://tpch10289--apne1-az1--x-s3/1312.parquet\", \"s3://tpch10289--apne1-az1--x-s3/1313.parquet\", \"s3://tpch10289--apne1-az1--x-s3/1314.parquet\", \"s3://tpch10289--apne1-az1--x-s3/1315.parquet\", \"s3://tpch10289--apne1-az1--x-s3/1316.parquet\", \"s3://tpch10289--apne1-az1--x-s3/1361.parquet\", \"s3://tpch10289--apne1-az1--x-s3/1422.parquet\", \"s3://tpch10289--apne1-az1--x-s3/1423.parquet\", \"s3://tpch10289--apne1-az1--x-s3/1424.parquet\", \"s3://tpch10289--apne1-az1--x-s3/1426.parquet\", \"s3://tpch10289--apne1-az1--x-s3/1427.parquet\", \"s3://tpch10289--apne1-az1--x-s3/1632.parquet\", \"s3://tpch10289--apne1-az1--x-s3/1703.parquet\", \"s3://tpch10289--apne1-az1--x-s3/1704.parquet\", \"s3://tpch10289--apne1-az1--x-s3/1705.parquet\", \"s3://tpch10289--apne1-az1--x-s3/1706.parquet\"])\n    WHERE\n        l_shipdate >= DATE '1992-01-01' + INTERVAL 14 MONTH\n        AND l_shipdate < DATE '1992-01-01' + INTERVAL 14 MONTH + INTERVAL 3 MONTH\n    GROUP BY\n        supplier_no\n)\nSELECT\n    s_suppkey,\n    s_name,\n    s_address,\n    s_phone,\n    total_revenue\nFROM\n    'pool/supplier/*.parquet',\n    revenue\nWHERE\n    s_suppkey = supplier_no\n    AND total_revenue = (\n        SELECT\n            max(total_revenue)\n        FROM\n            revenue\n    )\nORDER BY\n    s_suppkey;",
    "children": [
        {
            "result_set_size": 72,
            "operator_timing": 0.000032049000000000004,
            "operator_rows_scanned": 0,
            "cumulative_rows_scanned": 3178240000,
            "operator_cardinality": 1,
            "operator_type": "ORDER_BY",
            "cumulative_cardinality": 190620129,
            "extra_info": {
                "Order By": "\"pool/supplier/*.parquet\".s_suppkey ASC"
            },
            "cpu_time": 41.818611486,
            "children": [
                {
                    "result_set_size": 72,
                    "operator_timing": 0.000001406,
                    "operator_rows_scanned": 0,
                    "cumulative_rows_scanned": 3178240000,
                    "operator_cardinality": 1,
                    "operator_type": "PROJECTION",
                    "cumulative_cardinality": 190620128,
                    "extra_info": {
                        "Projections": [
                            "s_suppkey",
                            "s_name",
                            "s_address",
                            "s_phone",
                            "total_revenue"
                        ],
                        "Estimated Cardinality": "9522000"
                    },
                    "cpu_time": 41.818579437000004,
                    "children": [
                        {
                            "result_set_size": 0,
                            "operator_timing": 0.022122534999999995,
                            "operator_rows_scanned": 0,
                            "cumulative_rows_scanned": 3178240000,
                            "operator_cardinality": 0,
                            "operator_type": "CTE",
                            "cumulative_cardinality": 190620127,
                            "extra_info": {
                                "CTE Name": "revenue",
                                "Table Index": "0"
                            },
                            "cpu_time": 41.818578031,
                            "children": [
                                {
                                    "result_set_size": 120000000,
                                    "operator_timing": 13.477629107000002,
                                    "operator_rows_scanned": 0,
                                    "cumulative_rows_scanned": 3047040000,
                                    "operator_cardinality": 5000000,
                                    "operator_type": "HASH_GROUP_BY",
                                    "cumulative_cardinality": 175620120,
                                    "extra_info": {
                                        "Groups": "#0",
                                        "Aggregates": "sum(#1)",
                                        "Estimated Cardinality": "9522000"
                                    },
                                    "cpu_time": 41.65121938,
                                    "children": [
                                        {
                                            "result_set_size": 1364960960,
                                            "operator_timing": 0.5797250270000001,
                                            "operator_rows_scanned": 0,
                                            "cumulative_rows_scanned": 3047040000,
                                            "operator_cardinality": 85310060,
                                            "operator_type": "PROJECTION",
                                            "cumulative_cardinality": 170620120,
                                            "extra_info": {
                                                "Projections": [
                                                    "supplier_no",
                                                    "(l_extendedprice * (1.00 - l_discount))"
                                                ],
                                                "Estimated Cardinality": "19044000"
                                            },
                                            "cpu_time": 28.173590272999995,
                                            "children": [
                                                {
                                                    "result_set_size": 2047441440,
                                                    "operator_timing": 27.593865245999996,
                                                    "operator_rows_scanned": 3047040000,
                                                    "cumulative_rows_scanned": 3047040000,
                                                    "operator_cardinality": 85310060,
                                                    "operator_type": "TABLE_SCAN",
                                                    "cumulative_cardinality": 85310060,
                                                    "extra_info": {
                                                        "Function": "READ_PARQUET",
                                                        "Projections": [
                                                            "l_suppkey",
                                                            "l_extendedprice",
                                                            "l_discount"
                                                        ],
                                                        "Filters": "l_shipdate>='1993-03-01'::DATE AND l_shipdate<'1993-06-01'::DATE AND l_shipdate IS NOT NULL",
                                                        "Estimated Cardinality": "19044000"
                                                    },
                                                    "cpu_time": 27.593865245999996,
                                                    "children": []
                                                }
                                            ]
                                        }
                                    ]
                                },
                                {
                                    "result_set_size": 96,
                                    "operator_timing": 0.00022464599999999998,
                                    "operator_rows_scanned": 0,
                                    "cumulative_rows_scanned": 131200000,
                                    "operator_cardinality": 1,
                                    "operator_type": "HASH_JOIN",
                                    "cumulative_cardinality": 15000007,
                                    "extra_info": {
                                        "Join Type": "INNER",
                                        "Conditions": "s_suppkey = supplier_no",
                                        "Estimated Cardinality": "0"
                                    },
                                    "cpu_time": 0.14523611599999997,
                                    "children": [
                                        {
                                            "result_set_size": 56,
                                            "operator_timing": 0.07194572899999997,
                                            "operator_rows_scanned": 131200000,
                                            "cumulative_rows_scanned": 131200000,
                                            "operator_cardinality": 1,
                                            "operator_type": "TABLE_SCAN",
                                            "cumulative_cardinality": 1,
                                            "extra_info": {
                                                "Function": "PARQUET_SCAN",
                                                "Projections": "",
                                                "Estimated Cardinality": "4100000"
                                            },
                                            "cpu_time": 0.07194572899999997,
                                            "children": []
                                        },
                                        {
                                            "result_set_size": 40,
                                            "operator_timing": 0.028034479,
                                            "operator_rows_scanned": 0,
                                            "cumulative_rows_scanned": 0,
                                            "operator_cardinality": 1,
                                            "operator_type": "HASH_JOIN",
                                            "cumulative_cardinality": 15000005,
                                            "extra_info": {
                                                "Join Type": "INNER",
                                                "Conditions": "total_revenue = SUBQUERY",
                                                "Estimated Cardinality": "0"
                                            },
                                            "cpu_time": 0.073065741,
                                            "children": [
                                                {
                                                    "result_set_size": 120000000,
                                                    "operator_timing": 0.008801591,
                                                    "operator_rows_scanned": 0,
                                                    "cumulative_rows_scanned": 0,
                                                    "operator_cardinality": 5000000,
                                                    "operator_type": "CTE_SCAN",
                                                    "cumulative_cardinality": 5000000,
                                                    "extra_info": {
                                                        "CTE Index": "0",
                                                        "Estimated Cardinality": "9522000"
                                                    },
                                                    "cpu_time": 0.008801591,
                                                    "children": []
                                                },
                                                {
                                                    "result_set_size": 16,
                                                    "operator_timing": 0.000002916,
                                                    "operator_rows_scanned": 0,
                                                    "cumulative_rows_scanned": 0,
                                                    "operator_cardinality": 1,
                                                    "operator_type": "PROJECTION",
                                                    "cumulative_cardinality": 10000004,
                                                    "extra_info": {
                                                        "Projections": [
                                                            "CASE  WHEN ((#1 > 1)) THEN (error('More than one row returned by a subquery used as an expression - scalar subqueries can only return a single row.",
                                                            "Use \"SET scalar_subquery_error_on_multiple_rows=false\" to revert to previous behavior of returning a random row.')) ELSE #0 END"
                                                        ],
                                                        "Estimated Cardinality": "1"
                                                    },
                                                    "cpu_time": 0.036229671000000005,
                                                    "children": [
                                                        {
                                                            "result_set_size": 24,
                                                            "operator_timing": 0.0000021800000000000003,
                                                            "operator_rows_scanned": 0,
                                                            "cumulative_rows_scanned": 0,
                                                            "operator_cardinality": 1,
                                                            "operator_type": "UNGROUPED_AGGREGATE",
                                                            "cumulative_cardinality": 10000003,
                                                            "extra_info": {
                                                                "Aggregates": [
                                                                    "\"first\"(#0)",
                                                                    "count_star()"
                                                                ]
                                                            },
                                                            "cpu_time": 0.036226755000000006,
                                                            "children": [
                                                                {
                                                                    "result_set_size": 16,
                                                                    "operator_timing": 2.73e-7,
                                                                    "operator_rows_scanned": 0,
                                                                    "cumulative_rows_scanned": 0,
                                                                    "operator_cardinality": 1,
                                                                    "operator_type": "PROJECTION",
                                                                    "cumulative_cardinality": 10000002,
                                                                    "extra_info": {
                                                                        "Projections": "#0",
                                                                        "Estimated Cardinality": "1"
                                                                    },
                                                                    "cpu_time": 0.03622457500000001,
                                                                    "children": [
                                                                        {
                                                                            "result_set_size": 16,
                                                                            "operator_timing": 0.007375438,
                                                                            "operator_rows_scanned": 0,
                                                                            "cumulative_rows_scanned": 0,
                                                                            "operator_cardinality": 1,
                                                                            "operator_type": "UNGROUPED_AGGREGATE",
                                                                            "cumulative_cardinality": 10000001,
                                                                            "extra_info": {
                                                                                "Aggregates": "max(#0)"
                                                                            },
                                                                            "cpu_time": 0.03622430200000001,
                                                                            "children": [
                                                                                {
                                                                                    "result_set_size": 80000000,
                                                                                    "operator_timing": 0.000323274,
                                                                                    "operator_rows_scanned": 0,
                                                                                    "cumulative_rows_scanned": 0,
                                                                                    "operator_cardinality": 5000000,
                                                                                    "operator_type": "PROJECTION",
                                                                                    "cumulative_cardinality": 10000000,
                                                                                    "extra_info": {
                                                                                        "Projections": "total_revenue",
                                                                                        "Estimated Cardinality": "9522000"
                                                                                    },
                                                                                    "cpu_time": 0.028848864000000005,
                                                                                    "children": [
                                                                                        {
                                                                                            "result_set_size": 120000000,
                                                                                            "operator_timing": 0.028525590000000007,
                                                                                            "operator_rows_scanned": 0,
                                                                                            "cumulative_rows_scanned": 0,
                                                                                            "operator_cardinality": 5000000,
                                                                                            "operator_type": "CTE_SCAN",
                                                                                            "cumulative_cardinality": 5000000,
                                                                                            "extra_info": {
                                                                                                "CTE Index": "0",
                                                                                                "Estimated Cardinality": "9522000"
                                                                                            },
                                                                                            "cpu_time": 0.028525590000000007,
                                                                                            "children": []
                                                                                        }
                                                                                    ]
                                                                                }
                                                                            ]
                                                                        }
                                                                    ]
                                                                }
                                                            ]
                                                        }
                                                    ]
                                                }
                                            ]
                                        }
                                    ]
                                }
                            ]
                        }
                    ]
                }
            ]
        }
    ]
}