{
    "rows_returned": 4,
    "latency": 7.299671756,
    "result_set_size": 224,
    "cumulative_rows_scanned": 29053152050,
    "cumulative_cardinality": 486113282,
    "extra_info": {},
    "cpu_time": 222.37042745999997,
    "blocked_thread_time": 0.0,
    "query_name": "SELECT\n    supp_nation,\n    cust_nation,\n    l_year, sum(volume) AS revenue\nFROM (\n    SELECT\n        n1.n_name AS supp_nation,\n        n2.n_name AS cust_nation,\n        extract(year FROM l_shipdate) AS l_year,\n        l_extendedprice * (1 - l_discount) AS volume\n    FROM\n        'pool/supplier/*.parquet',\n        read_parquet([\"s3://tpch3934--apne1-az1--x-s3/1317.parquet\", \"s3://tpch3934--apne1-az1--x-s3/1318.parquet\", \"s3://tpch3934--apne1-az1--x-s3/1319.parquet\", \"s3://tpch3934--apne1-az1--x-s3/1320.parquet\", \"s3://tpch3934--apne1-az1--x-s3/1321.parquet\", \"s3://tpch3934--apne1-az1--x-s3/1322.parquet\", \"s3://tpch3934--apne1-az1--x-s3/1323.parquet\", \"s3://tpch3934--apne1-az1--x-s3/1324.parquet\", \"s3://tpch3934--apne1-az1--x-s3/1325.parquet\", \"s3://tpch3934--apne1-az1--x-s3/1326.parquet\", \"s3://tpch3934--apne1-az1--x-s3/1327.parquet\", \"s3://tpch3934--apne1-az1--x-s3/1328.parquet\", \"s3://tpch3934--apne1-az1--x-s3/1329.parquet\", \"s3://tpch3934--apne1-az1--x-s3/1330.parquet\", \"s3://tpch3934--apne1-az1--x-s3/1331.parquet\", \"s3://tpch3934--apne1-az1--x-s3/1332.parquet\", \"s3://tpch3934--apne1-az1--x-s3/1333.parquet\", \"s3://tpch3934--apne1-az1--x-s3/1334.parquet\", \"s3://tpch3934--apne1-az1--x-s3/1335.parquet\", \"s3://tpch3934--apne1-az1--x-s3/1336.parquet\", \"s3://tpch3934--apne1-az1--x-s3/1337.parquet\", \"s3://tpch3934--apne1-az1--x-s3/1338.parquet\", \"s3://tpch3934--apne1-az1--x-s3/1339.parquet\", \"s3://tpch3934--apne1-az1--x-s3/1340.parquet\", \"s3://tpch3934--apne1-az1--x-s3/1341.parquet\", \"s3://tpch3934--apne1-az1--x-s3/1342.parquet\", \"s3://tpch3934--apne1-az1--x-s3/1343.parquet\", \"s3://tpch3934--apne1-az1--x-s3/1344.parquet\", \"s3://tpch3934--apne1-az1--x-s3/1345.parquet\", \"s3://tpch3934--apne1-az1--x-s3/1346.parquet\", \"s3://tpch3934--apne1-az1--x-s3/1347.parquet\", \"s3://tpch3934--apne1-az1--x-s3/1348.parquet\", \"s3://tpch3934--apne1-az1--x-s3/1349.parquet\", \"s3://tpch3934--apne1-az1--x-s3/1350.parquet\", \"s3://tpch3934--apne1-az1--x-s3/1351.parquet\", \"s3://tpch3934--apne1-az1--x-s3/1352.parquet\", \"s3://tpch3934--apne1-az1--x-s3/1353.parquet\", \"s3://tpch3934--apne1-az1--x-s3/1354.parquet\", \"s3://tpch3934--apne1-az1--x-s3/1355.parquet\", \"s3://tpch3934--apne1-az1--x-s3/1356.parquet\", \"s3://tpch3934--apne1-az1--x-s3/1357.parquet\", \"s3://tpch3934--apne1-az1--x-s3/1358.parquet\", \"s3://tpch3934--apne1-az1--x-s3/1359.parquet\", \"s3://tpch3934--apne1-az1--x-s3/1360.parquet\", \"s3://tpch3934--apne1-az1--x-s3/1361.parquet\", \"s3://tpch3934--apne1-az1--x-s3/1362.parquet\", \"s3://tpch3934--apne1-az1--x-s3/1363.parquet\", \"s3://tpch3934--apne1-az1--x-s3/1364.parquet\", \"s3://tpch3934--apne1-az1--x-s3/1365.parquet\", \"s3://tpch3934--apne1-az1--x-s3/1366.parquet\", \"s3://tpch3934--apne1-az1--x-s3/1367.parquet\", \"s3://tpch3934--apne1-az1--x-s3/1368.parquet\", \"s3://tpch3934--apne1-az1--x-s3/1369.parquet\", \"s3://tpch3934--apne1-az1--x-s3/1370.parquet\", \"s3://tpch3934--apne1-az1--x-s3/1371.parquet\", \"s3://tpch3934--apne1-az1--x-s3/1372.parquet\", \"s3://tpch3934--apne1-az1--x-s3/1373.parquet\", \"s3://tpch3934--apne1-az1--x-s3/1374.parquet\", \"s3://tpch3934--apne1-az1--x-s3/1375.parquet\", \"s3://tpch3934--apne1-az1--x-s3/1376.parquet\", \"s3://tpch3934--apne1-az1--x-s3/1377.parquet\", \"s3://tpch3934--apne1-az1--x-s3/1378.parquet\", \"s3://tpch3934--apne1-az1--x-s3/1379.parquet\", \"s3://tpch3934--apne1-az1--x-s3/1380.parquet\", \"s3://tpch3934--apne1-az1--x-s3/1381.parquet\", \"s3://tpch3934--apne1-az1--x-s3/1382.parquet\", \"s3://tpch3934--apne1-az1--x-s3/1383.parquet\", \"s3://tpch3934--apne1-az1--x-s3/1384.parquet\", \"s3://tpch3934--apne1-az1--x-s3/1385.parquet\", \"s3://tpch3934--apne1-az1--x-s3/1386.parquet\", \"s3://tpch3934--apne1-az1--x-s3/1387.parquet\", \"s3://tpch3934--apne1-az1--x-s3/1388.parquet\", \"s3://tpch3934--apne1-az1--x-s3/1389.parquet\", \"s3://tpch3934--apne1-az1--x-s3/1390.parquet\", \"s3://tpch3934--apne1-az1--x-s3/1391.parquet\", \"s3://tpch3934--apne1-az1--x-s3/1392.parquet\", \"s3://tpch3934--apne1-az1--x-s3/1393.parquet\", \"s3://tpch3934--apne1-az1--x-s3/1394.parquet\", \"s3://tpch3934--apne1-az1--x-s3/1395.parquet\", \"s3://tpch3934--apne1-az1--x-s3/1396.parquet\", \"s3://tpch3934--apne1-az1--x-s3/1397.parquet\", \"s3://tpch3934--apne1-az1--x-s3/1398.parquet\", \"s3://tpch3934--apne1-az1--x-s3/1399.parquet\", \"s3://tpch3934--apne1-az1--x-s3/1400.parquet\", \"s3://tpch3934--apne1-az1--x-s3/1401.parquet\", \"s3://tpch3934--apne1-az1--x-s3/1402.parquet\", \"s3://tpch3934--apne1-az1--x-s3/1403.parquet\", \"s3://tpch3934--apne1-az1--x-s3/1404.parquet\", \"s3://tpch3934--apne1-az1--x-s3/1405.parquet\", \"s3://tpch3934--apne1-az1--x-s3/1406.parquet\", \"s3://tpch3934--apne1-az1--x-s3/1407.parquet\", \"s3://tpch3934--apne1-az1--x-s3/1408.parquet\", \"s3://tpch3934--apne1-az1--x-s3/1409.parquet\", \"s3://tpch3934--apne1-az1--x-s3/1410.parquet\", \"s3://tpch3934--apne1-az1--x-s3/1411.parquet\", \"s3://tpch3934--apne1-az1--x-s3/1412.parquet\", \"s3://tpch3934--apne1-az1--x-s3/1413.parquet\", \"s3://tpch3934--apne1-az1--x-s3/1414.parquet\", \"s3://tpch3934--apne1-az1--x-s3/1415.parquet\", \"s3://tpch3934--apne1-az1--x-s3/1416.parquet\", \"s3://tpch3934--apne1-az1--x-s3/1417.parquet\", \"s3://tpch3934--apne1-az1--x-s3/1418.parquet\", \"s3://tpch3934--apne1-az1--x-s3/1419.parquet\", \"s3://tpch3934--apne1-az1--x-s3/1420.parquet\", \"s3://tpch3934--apne1-az1--x-s3/1421.parquet\", \"s3://tpch3934--apne1-az1--x-s3/1422.parquet\", \"s3://tpch3934--apne1-az1--x-s3/1423.parquet\", \"s3://tpch3934--apne1-az1--x-s3/1424.parquet\", \"s3://tpch3934--apne1-az1--x-s3/1425.parquet\", \"s3://tpch3934--apne1-az1--x-s3/1426.parquet\", \"s3://tpch3934--apne1-az1--x-s3/1427.parquet\", \"s3://tpch3934--apne1-az1--x-s3/1428.parquet\", \"s3://tpch3934--apne1-az1--x-s3/1429.parquet\", \"s3://tpch3934--apne1-az1--x-s3/1430.parquet\", \"s3://tpch3934--apne1-az1--x-s3/1431.parquet\", \"s3://tpch3934--apne1-az1--x-s3/1432.parquet\", \"s3://tpch3934--apne1-az1--x-s3/1433.parquet\", \"s3://tpch3934--apne1-az1--x-s3/1434.parquet\", \"s3://tpch3934--apne1-az1--x-s3/1435.parquet\", \"s3://tpch3934--apne1-az1--x-s3/1436.parquet\", \"s3://tpch3934--apne1-az1--x-s3/1437.parquet\", \"s3://tpch3934--apne1-az1--x-s3/1438.parquet\", \"s3://tpch3934--apne1-az1--x-s3/1439.parquet\", \"s3://tpch3934--apne1-az1--x-s3/1440.parquet\", \"s3://tpch3934--apne1-az1--x-s3/1441.parquet\", \"s3://tpch3934--apne1-az1--x-s3/1442.parquet\", \"s3://tpch3934--apne1-az1--x-s3/1443.parquet\", \"s3://tpch3934--apne1-az1--x-s3/1444.parquet\", \"s3://tpch3934--apne1-az1--x-s3/1445.parquet\", \"s3://tpch3934--apne1-az1--x-s3/1446.parquet\", \"s3://tpch3934--apne1-az1--x-s3/1447.parquet\", \"s3://tpch3934--apne1-az1--x-s3/1448.parquet\", \"s3://tpch3934--apne1-az1--x-s3/1449.parquet\", \"s3://tpch3934--apne1-az1--x-s3/1450.parquet\", \"s3://tpch3934--apne1-az1--x-s3/1451.parquet\", \"s3://tpch3934--apne1-az1--x-s3/1452.parquet\", \"s3://tpch3934--apne1-az1--x-s3/1453.parquet\", \"s3://tpch3934--apne1-az1--x-s3/1454.parquet\", \"s3://tpch3934--apne1-az1--x-s3/1455.parquet\", \"s3://tpch3934--apne1-az1--x-s3/1456.parquet\", \"s3://tpch3934--apne1-az1--x-s3/1457.parquet\", \"s3://tpch3934--apne1-az1--x-s3/1458.parquet\", \"s3://tpch3934--apne1-az1--x-s3/1459.parquet\", \"s3://tpch3934--apne1-az1--x-s3/1460.parquet\", \"s3://tpch3934--apne1-az1--x-s3/1461.parquet\", \"s3://tpch3934--apne1-az1--x-s3/1462.parquet\", \"s3://tpch3934--apne1-az1--x-s3/1463.parquet\", \"s3://tpch3934--apne1-az1--x-s3/1464.parquet\", \"s3://tpch3934--apne1-az1--x-s3/1465.parquet\", \"s3://tpch3934--apne1-az1--x-s3/1466.parquet\", \"s3://tpch3934--apne1-az1--x-s3/1467.parquet\", \"s3://tpch3934--apne1-az1--x-s3/1468.parquet\", \"s3://tpch3934--apne1-az1--x-s3/1469.parquet\", \"s3://tpch3934--apne1-az1--x-s3/1470.parquet\", \"s3://tpch3934--apne1-az1--x-s3/1471.parquet\", \"s3://tpch3934--apne1-az1--x-s3/1472.parquet\", \"s3://tpch3934--apne1-az1--x-s3/1473.parquet\", \"s3://tpch3934--apne1-az1--x-s3/1474.parquet\", \"s3://tpch3934--apne1-az1--x-s3/1475.parquet\", \"s3://tpch3934--apne1-az1--x-s3/1476.parquet\", \"s3://tpch3934--apne1-az1--x-s3/1477.parquet\", \"s3://tpch3934--apne1-az1--x-s3/1478.parquet\", \"s3://tpch3934--apne1-az1--x-s3/1479.parquet\", \"s3://tpch3934--apne1-az1--x-s3/1480.parquet\", \"s3://tpch3934--apne1-az1--x-s3/1481.parquet\", \"s3://tpch3934--apne1-az1--x-s3/1482.parquet\", \"s3://tpch3934--apne1-az1--x-s3/1483.parquet\", \"s3://tpch3934--apne1-az1--x-s3/1484.parquet\", \"s3://tpch3934--apne1-az1--x-s3/1485.parquet\", \"s3://tpch3934--apne1-az1--x-s3/1486.parquet\", \"s3://tpch3934--apne1-az1--x-s3/1487.parquet\", \"s3://tpch3934--apne1-az1--x-s3/1488.parquet\", \"s3://tpch3934--apne1-az1--x-s3/1489.parquet\", \"s3://tpch3934--apne1-az1--x-s3/1490.parquet\", \"s3://tpch3934--apne1-az1--x-s3/1491.parquet\", \"s3://tpch3934--apne1-az1--x-s3/1492.parquet\", \"s3://tpch3934--apne1-az1--x-s3/1493.parquet\", \"s3://tpch3934--apne1-az1--x-s3/1494.parquet\", \"s3://tpch3934--apne1-az1--x-s3/1495.parquet\", \"s3://tpch3934--apne1-az1--x-s3/1496.parquet\", \"s3://tpch3934--apne1-az1--x-s3/1497.parquet\", \"s3://tpch3934--apne1-az1--x-s3/1498.parquet\", \"s3://tpch3934--apne1-az1--x-s3/1499.parquet\", \"s3://tpch3934--apne1-az1--x-s3/1500.parquet\", \"s3://tpch3934--apne1-az1--x-s3/1501.parquet\", \"s3://tpch3934--apne1-az1--x-s3/1502.parquet\", \"s3://tpch3934--apne1-az1--x-s3/1503.parquet\", \"s3://tpch3934--apne1-az1--x-s3/1504.parquet\", \"s3://tpch3934--apne1-az1--x-s3/1505.parquet\", \"s3://tpch3934--apne1-az1--x-s3/1506.parquet\", \"s3://tpch3934--apne1-az1--x-s3/1507.parquet\", \"s3://tpch3934--apne1-az1--x-s3/1508.parquet\", \"s3://tpch3934--apne1-az1--x-s3/1509.parquet\", \"s3://tpch3934--apne1-az1--x-s3/1510.parquet\", \"s3://tpch3934--apne1-az1--x-s3/1511.parquet\", \"s3://tpch3934--apne1-az1--x-s3/1512.parquet\", \"s3://tpch3934--apne1-az1--x-s3/1513.parquet\", \"s3://tpch3934--apne1-az1--x-s3/1514.parquet\", \"s3://tpch3934--apne1-az1--x-s3/1515.parquet\", \"s3://tpch3934--apne1-az1--x-s3/1516.parquet\", \"s3://tpch3934--apne1-az1--x-s3/1517.parquet\", \"s3://tpch3934--apne1-az1--x-s3/1518.parquet\", \"s3://tpch3934--apne1-az1--x-s3/1519.parquet\", \"s3://tpch3934--apne1-az1--x-s3/1520.parquet\", \"s3://tpch3934--apne1-az1--x-s3/1521.parquet\", \"s3://tpch3934--apne1-az1--x-s3/1522.parquet\", \"s3://tpch3934--apne1-az1--x-s3/1523.parquet\", \"s3://tpch3934--apne1-az1--x-s3/1524.parquet\", \"s3://tpch3934--apne1-az1--x-s3/1525.parquet\", \"s3://tpch3934--apne1-az1--x-s3/1526.parquet\", \"s3://tpch3934--apne1-az1--x-s3/1527.parquet\", \"s3://tpch3934--apne1-az1--x-s3/1528.parquet\", \"s3://tpch3934--apne1-az1--x-s3/1529.parquet\", \"s3://tpch3934--apne1-az1--x-s3/1530.parquet\", \"s3://tpch3934--apne1-az1--x-s3/1531.parquet\", \"s3://tpch3934--apne1-az1--x-s3/1532.parquet\", \"s3://tpch3934--apne1-az1--x-s3/1533.parquet\", \"s3://tpch3934--apne1-az1--x-s3/1534.parquet\", \"s3://tpch3934--apne1-az1--x-s3/1535.parquet\", \"s3://tpch3934--apne1-az1--x-s3/1536.parquet\", \"s3://tpch3934--apne1-az1--x-s3/1537.parquet\", \"s3://tpch3934--apne1-az1--x-s3/1538.parquet\", \"s3://tpch3934--apne1-az1--x-s3/1539.parquet\", \"s3://tpch3934--apne1-az1--x-s3/1540.parquet\", \"s3://tpch3934--apne1-az1--x-s3/1541.parquet\", \"s3://tpch3934--apne1-az1--x-s3/1542.parquet\", \"s3://tpch3934--apne1-az1--x-s3/1543.parquet\", \"s3://tpch3934--apne1-az1--x-s3/1544.parquet\", \"s3://tpch3934--apne1-az1--x-s3/1545.parquet\", \"s3://tpch3934--apne1-az1--x-s3/1546.parquet\", \"s3://tpch3934--apne1-az1--x-s3/1547.parquet\", \"s3://tpch3934--apne1-az1--x-s3/1548.parquet\", \"s3://tpch3934--apne1-az1--x-s3/1549.parquet\", \"s3://tpch3934--apne1-az1--x-s3/1550.parquet\", \"s3://tpch3934--apne1-az1--x-s3/1551.parquet\", \"s3://tpch3934--apne1-az1--x-s3/1552.parquet\", \"s3://tpch3934--apne1-az1--x-s3/1553.parquet\", \"s3://tpch3934--apne1-az1--x-s3/1554.parquet\", \"s3://tpch3934--apne1-az1--x-s3/1555.parquet\", \"s3://tpch3934--apne1-az1--x-s3/1556.parquet\", \"s3://tpch3934--apne1-az1--x-s3/1557.parquet\", \"s3://tpch3934--apne1-az1--x-s3/1558.parquet\", \"s3://tpch3934--apne1-az1--x-s3/1559.parquet\", \"s3://tpch3934--apne1-az1--x-s3/1560.parquet\", \"s3://tpch3934--apne1-az1--x-s3/1561.parquet\", \"s3://tpch3934--apne1-az1--x-s3/1562.parquet\", \"s3://tpch3934--apne1-az1--x-s3/1563.parquet\", \"s3://tpch3934--apne1-az1--x-s3/1564.parquet\", \"s3://tpch3934--apne1-az1--x-s3/1565.parquet\", \"s3://tpch3934--apne1-az1--x-s3/1566.parquet\", \"s3://tpch3934--apne1-az1--x-s3/1567.parquet\", \"s3://tpch3934--apne1-az1--x-s3/1568.parquet\", \"s3://tpch3934--apne1-az1--x-s3/1569.parquet\", \"s3://tpch3934--apne1-az1--x-s3/1570.parquet\", \"s3://tpch3934--apne1-az1--x-s3/1571.parquet\", \"s3://tpch3934--apne1-az1--x-s3/1572.parquet\", \"s3://tpch3934--apne1-az1--x-s3/1573.parquet\", \"s3://tpch3934--apne1-az1--x-s3/1574.parquet\", \"s3://tpch3934--apne1-az1--x-s3/1575.parquet\", \"s3://tpch3934--apne1-az1--x-s3/1576.parquet\", \"s3://tpch3934--apne1-az1--x-s3/1577.parquet\", \"s3://tpch3934--apne1-az1--x-s3/1578.parquet\", \"s3://tpch3934--apne1-az1--x-s3/1579.parquet\", \"s3://tpch3934--apne1-az1--x-s3/1580.parquet\", \"s3://tpch3934--apne1-az1--x-s3/1581.parquet\", \"s3://tpch3934--apne1-az1--x-s3/1582.parquet\", \"s3://tpch3934--apne1-az1--x-s3/1583.parquet\", \"s3://tpch3934--apne1-az1--x-s3/1584.parquet\", \"s3://tpch3934--apne1-az1--x-s3/1585.parquet\", \"s3://tpch3934--apne1-az1--x-s3/1586.parquet\", \"s3://tpch3934--apne1-az1--x-s3/1587.parquet\", \"s3://tpch3934--apne1-az1--x-s3/1588.parquet\", \"s3://tpch3934--apne1-az1--x-s3/1589.parquet\", \"s3://tpch3934--apne1-az1--x-s3/1590.parquet\", \"s3://tpch3934--apne1-az1--x-s3/1591.parquet\", \"s3://tpch3934--apne1-az1--x-s3/1592.parquet\", \"s3://tpch3934--apne1-az1--x-s3/1593.parquet\", \"s3://tpch3934--apne1-az1--x-s3/1594.parquet\", \"s3://tpch3934--apne1-az1--x-s3/1595.parquet\", \"s3://tpch3934--apne1-az1--x-s3/1596.parquet\", \"s3://tpch3934--apne1-az1--x-s3/1597.parquet\", \"s3://tpch3934--apne1-az1--x-s3/1598.parquet\", \"s3://tpch3934--apne1-az1--x-s3/1599.parquet\", \"s3://tpch3934--apne1-az1--x-s3/1600.parquet\", \"s3://tpch3934--apne1-az1--x-s3/1601.parquet\", \"s3://tpch3934--apne1-az1--x-s3/1602.parquet\", \"s3://tpch3934--apne1-az1--x-s3/1603.parquet\", \"s3://tpch3934--apne1-az1--x-s3/1604.parquet\", \"s3://tpch3934--apne1-az1--x-s3/1605.parquet\", \"s3://tpch3934--apne1-az1--x-s3/1606.parquet\", \"s3://tpch3934--apne1-az1--x-s3/1607.parquet\", \"s3://tpch3934--apne1-az1--x-s3/1608.parquet\", \"s3://tpch3934--apne1-az1--x-s3/1609.parquet\", \"s3://tpch3934--apne1-az1--x-s3/1610.parquet\", \"s3://tpch3934--apne1-az1--x-s3/1611.parquet\", \"s3://tpch3934--apne1-az1--x-s3/1612.parquet\", \"s3://tpch3934--apne1-az1--x-s3/1613.parquet\", \"s3://tpch3934--apne1-az1--x-s3/1614.parquet\", \"s3://tpch3934--apne1-az1--x-s3/1615.parquet\", \"s3://tpch3934--apne1-az1--x-s3/1616.parquet\", \"s3://tpch3934--apne1-az1--x-s3/1617.parquet\", \"s3://tpch3934--apne1-az1--x-s3/1618.parquet\", \"s3://tpch3934--apne1-az1--x-s3/1619.parquet\", \"s3://tpch3934--apne1-az1--x-s3/1620.parquet\", \"s3://tpch3934--apne1-az1--x-s3/1621.parquet\", \"s3://tpch3934--apne1-az1--x-s3/1622.parquet\", \"s3://tpch3934--apne1-az1--x-s3/1623.parquet\", \"s3://tpch3934--apne1-az1--x-s3/1624.parquet\", \"s3://tpch3934--apne1-az1--x-s3/1625.parquet\", \"s3://tpch3934--apne1-az1--x-s3/1626.parquet\", \"s3://tpch3934--apne1-az1--x-s3/1627.parquet\", \"s3://tpch3934--apne1-az1--x-s3/1628.parquet\", \"s3://tpch3934--apne1-az1--x-s3/1629.parquet\", \"s3://tpch3934--apne1-az1--x-s3/1630.parquet\", \"s3://tpch3934--apne1-az1--x-s3/1631.parquet\", \"s3://tpch3934--apne1-az1--x-s3/1632.parquet\", \"s3://tpch3934--apne1-az1--x-s3/1633.parquet\", \"s3://tpch3934--apne1-az1--x-s3/1634.parquet\", \"s3://tpch3934--apne1-az1--x-s3/1635.parquet\", \"s3://tpch3934--apne1-az1--x-s3/1636.parquet\", \"s3://tpch3934--apne1-az1--x-s3/1637.parquet\", \"s3://tpch3934--apne1-az1--x-s3/1638.parquet\", \"s3://tpch3934--apne1-az1--x-s3/1639.parquet\", \"s3://tpch3934--apne1-az1--x-s3/1640.parquet\", \"s3://tpch3934--apne1-az1--x-s3/1641.parquet\", \"s3://tpch3934--apne1-az1--x-s3/1642.parquet\", \"s3://tpch3934--apne1-az1--x-s3/1643.parquet\", \"s3://tpch3934--apne1-az1--x-s3/1644.parquet\", \"s3://tpch3934--apne1-az1--x-s3/1645.parquet\", \"s3://tpch3934--apne1-az1--x-s3/1646.parquet\", \"s3://tpch3934--apne1-az1--x-s3/1647.parquet\", \"s3://tpch3934--apne1-az1--x-s3/1648.parquet\", \"s3://tpch3934--apne1-az1--x-s3/1649.parquet\", \"s3://tpch3934--apne1-az1--x-s3/1650.parquet\", \"s3://tpch3934--apne1-az1--x-s3/1651.parquet\", \"s3://tpch3934--apne1-az1--x-s3/1652.parquet\", \"s3://tpch3934--apne1-az1--x-s3/1653.parquet\", \"s3://tpch3934--apne1-az1--x-s3/1654.parquet\", \"s3://tpch3934--apne1-az1--x-s3/1655.parquet\", \"s3://tpch3934--apne1-az1--x-s3/1656.parquet\", \"s3://tpch3934--apne1-az1--x-s3/1657.parquet\", \"s3://tpch3934--apne1-az1--x-s3/1658.parquet\", \"s3://tpch3934--apne1-az1--x-s3/1659.parquet\", \"s3://tpch3934--apne1-az1--x-s3/1660.parquet\", \"s3://tpch3934--apne1-az1--x-s3/1661.parquet\", \"s3://tpch3934--apne1-az1--x-s3/1662.parquet\", \"s3://tpch3934--apne1-az1--x-s3/1663.parquet\", \"s3://tpch3934--apne1-az1--x-s3/1664.parquet\", \"s3://tpch3934--apne1-az1--x-s3/1665.parquet\", \"s3://tpch3934--apne1-az1--x-s3/1666.parquet\", \"s3://tpch3934--apne1-az1--x-s3/1667.parquet\", \"s3://tpch3934--apne1-az1--x-s3/1668.parquet\", \"s3://tpch3934--apne1-az1--x-s3/1669.parquet\", \"s3://tpch3934--apne1-az1--x-s3/1670.parquet\", \"s3://tpch3934--apne1-az1--x-s3/1671.parquet\", \"s3://tpch3934--apne1-az1--x-s3/1672.parquet\", \"s3://tpch3934--apne1-az1--x-s3/1673.parquet\", \"s3://tpch3934--apne1-az1--x-s3/1674.parquet\", \"s3://tpch3934--apne1-az1--x-s3/1675.parquet\", \"s3://tpch3934--apne1-az1--x-s3/1676.parquet\", \"s3://tpch3934--apne1-az1--x-s3/1677.parquet\", \"s3://tpch3934--apne1-az1--x-s3/1678.parquet\", \"s3://tpch3934--apne1-az1--x-s3/1679.parquet\", \"s3://tpch3934--apne1-az1--x-s3/1680.parquet\", \"s3://tpch3934--apne1-az1--x-s3/1681.parquet\", \"s3://tpch3934--apne1-az1--x-s3/1682.parquet\", \"s3://tpch3934--apne1-az1--x-s3/1683.parquet\", \"s3://tpch3934--apne1-az1--x-s3/1684.parquet\", \"s3://tpch3934--apne1-az1--x-s3/1685.parquet\", \"s3://tpch3934--apne1-az1--x-s3/1686.parquet\", \"s3://tpch3934--apne1-az1--x-s3/1687.parquet\", \"s3://tpch3934--apne1-az1--x-s3/1688.parquet\", \"s3://tpch3934--apne1-az1--x-s3/1689.parquet\", \"s3://tpch3934--apne1-az1--x-s3/1690.parquet\", \"s3://tpch3934--apne1-az1--x-s3/1691.parquet\", \"s3://tpch3934--apne1-az1--x-s3/1692.parquet\", \"s3://tpch3934--apne1-az1--x-s3/1693.parquet\", \"s3://tpch3934--apne1-az1--x-s3/1694.parquet\", \"s3://tpch3934--apne1-az1--x-s3/1695.parquet\", \"s3://tpch3934--apne1-az1--x-s3/1696.parquet\", \"s3://tpch3934--apne1-az1--x-s3/1697.parquet\", \"s3://tpch3934--apne1-az1--x-s3/1698.parquet\", \"s3://tpch3934--apne1-az1--x-s3/1699.parquet\", \"s3://tpch3934--apne1-az1--x-s3/1700.parquet\", \"s3://tpch3934--apne1-az1--x-s3/1701.parquet\", \"s3://tpch3934--apne1-az1--x-s3/1702.parquet\", \"s3://tpch3934--apne1-az1--x-s3/1703.parquet\", \"s3://tpch3934--apne1-az1--x-s3/1704.parquet\", \"s3://tpch3934--apne1-az1--x-s3/1705.parquet\", \"s3://tpch3934--apne1-az1--x-s3/1706.parquet\", \"s3://tpch3934--apne1-az1--x-s3/1707.parquet\", \"s3://tpch3934--apne1-az1--x-s3/1708.parquet\", \"s3://tpch3934--apne1-az1--x-s3/1709.parquet\", \"s3://tpch3934--apne1-az1--x-s3/1710.parquet\", \"s3://tpch3934--apne1-az1--x-s3/1711.parquet\", \"s3://tpch3934--apne1-az1--x-s3/1712.parquet\", \"s3://tpch3934--apne1-az1--x-s3/1713.parquet\", \"s3://tpch3934--apne1-az1--x-s3/1714.parquet\", \"s3://tpch3934--apne1-az1--x-s3/1715.parquet\", \"s3://tpch3934--apne1-az1--x-s3/1716.parquet\", \"s3://tpch3934--apne1-az1--x-s3/1717.parquet\", \"s3://tpch3934--apne1-az1--x-s3/1718.parquet\", \"s3://tpch3934--apne1-az1--x-s3/1719.parquet\", \"s3://tpch3934--apne1-az1--x-s3/1720.parquet\", \"s3://tpch3934--apne1-az1--x-s3/1721.parquet\", \"s3://tpch3934--apne1-az1--x-s3/1722.parquet\", \"s3://tpch3934--apne1-az1--x-s3/1723.parquet\", \"s3://tpch3934--apne1-az1--x-s3/1724.parquet\", \"s3://tpch3934--apne1-az1--x-s3/1725.parquet\", \"s3://tpch3934--apne1-az1--x-s3/1726.parquet\", \"s3://tpch3934--apne1-az1--x-s3/1727.parquet\", \"s3://tpch3934--apne1-az1--x-s3/1728.parquet\", \"s3://tpch3934--apne1-az1--x-s3/1729.parquet\", \"s3://tpch3934--apne1-az1--x-s3/1730.parquet\", \"s3://tpch3934--apne1-az1--x-s3/1731.parquet\", \"s3://tpch3934--apne1-az1--x-s3/1732.parquet\", \"s3://tpch3934--apne1-az1--x-s3/1733.parquet\", \"s3://tpch3934--apne1-az1--x-s3/1734.parquet\", \"s3://tpch3934--apne1-az1--x-s3/1735.parquet\", \"s3://tpch3934--apne1-az1--x-s3/1736.parquet\", \"s3://tpch3934--apne1-az1--x-s3/1737.parquet\", \"s3://tpch3934--apne1-az1--x-s3/1738.parquet\", \"s3://tpch3934--apne1-az1--x-s3/1739.parquet\", \"s3://tpch3934--apne1-az1--x-s3/1740.parquet\", \"s3://tpch3934--apne1-az1--x-s3/1741.parquet\", \"s3://tpch3934--apne1-az1--x-s3/1742.parquet\", \"s3://tpch3934--apne1-az1--x-s3/1743.parquet\", \"s3://tpch3934--apne1-az1--x-s3/1744.parquet\", \"s3://tpch3934--apne1-az1--x-s3/1745.parquet\", \"s3://tpch3934--apne1-az1--x-s3/1746.parquet\", \"s3://tpch3934--apne1-az1--x-s3/1747.parquet\", \"s3://tpch3934--apne1-az1--x-s3/1748.parquet\", \"s3://tpch3934--apne1-az1--x-s3/1749.parquet\", \"s3://tpch3934--apne1-az1--x-s3/1750.parquet\", \"s3://tpch3934--apne1-az1--x-s3/1751.parquet\", \"s3://tpch3934--apne1-az1--x-s3/1752.parquet\", \"s3://tpch3934--apne1-az1--x-s3/1753.parquet\", \"s3://tpch3934--apne1-az1--x-s3/1754.parquet\", \"s3://tpch3934--apne1-az1--x-s3/1755.parquet\", \"s3://tpch3934--apne1-az1--x-s3/1756.parquet\", \"s3://tpch3934--apne1-az1--x-s3/1757.parquet\", \"s3://tpch3934--apne1-az1--x-s3/1758.parquet\", \"s3://tpch3934--apne1-az1--x-s3/1759.parquet\", \"s3://tpch3934--apne1-az1--x-s3/1760.parquet\", \"s3://tpch3934--apne1-az1--x-s3/1761.parquet\", \"s3://tpch3934--apne1-az1--x-s3/1762.parquet\", \"s3://tpch3934--apne1-az1--x-s3/1763.parquet\", \"s3://tpch3934--apne1-az1--x-s3/1764.parquet\", \"s3://tpch3934--apne1-az1--x-s3/1765.parquet\", \"s3://tpch3934--apne1-az1--x-s3/1766.parquet\", \"s3://tpch3934--apne1-az1--x-s3/1767.parquet\", \"s3://tpch3934--apne1-az1--x-s3/1768.parquet\", \"s3://tpch3934--apne1-az1--x-s3/1769.parquet\", \"s3://tpch3934--apne1-az1--x-s3/1770.parquet\", \"s3://tpch3934--apne1-az1--x-s3/1771.parquet\", \"s3://tpch3934--apne1-az1--x-s3/1772.parquet\", \"s3://tpch3934--apne1-az1--x-s3/1773.parquet\", \"s3://tpch3934--apne1-az1--x-s3/1774.parquet\", \"s3://tpch3934--apne1-az1--x-s3/1775.parquet\", \"s3://tpch3934--apne1-az1--x-s3/1776.parquet\", \"s3://tpch3934--apne1-az1--x-s3/1777.parquet\", \"s3://tpch3934--apne1-az1--x-s3/1778.parquet\", \"s3://tpch3934--apne1-az1--x-s3/1779.parquet\", \"s3://tpch3934--apne1-az1--x-s3/1780.parquet\", \"s3://tpch3934--apne1-az1--x-s3/1781.parquet\", \"s3://tpch3934--apne1-az1--x-s3/1782.parquet\", \"s3://tpch3934--apne1-az1--x-s3/1783.parquet\", \"s3://tpch3934--apne1-az1--x-s3/1784.parquet\", \"s3://tpch3934--apne1-az1--x-s3/1785.parquet\", \"s3://tpch3934--apne1-az1--x-s3/1786.parquet\", \"s3://tpch3934--apne1-az1--x-s3/1787.parquet\", \"s3://tpch3934--apne1-az1--x-s3/1788.parquet\", \"s3://tpch3934--apne1-az1--x-s3/1789.parquet\", \"s3://tpch3934--apne1-az1--x-s3/1790.parquet\", \"s3://tpch3934--apne1-az1--x-s3/1791.parquet\", \"s3://tpch3934--apne1-az1--x-s3/1792.parquet\", \"s3://tpch3934--apne1-az1--x-s3/1793.parquet\", \"s3://tpch3934--apne1-az1--x-s3/1794.parquet\", \"s3://tpch3934--apne1-az1--x-s3/1795.parquet\", \"s3://tpch3934--apne1-az1--x-s3/1796.parquet\", \"s3://tpch3934--apne1-az1--x-s3/1797.parquet\", \"s3://tpch3934--apne1-az1--x-s3/1798.parquet\", \"s3://tpch3934--apne1-az1--x-s3/1799.parquet\", \"s3://tpch3934--apne1-az1--x-s3/1800.parquet\", \"s3://tpch3934--apne1-az1--x-s3/1801.parquet\", \"s3://tpch3934--apne1-az1--x-s3/1802.parquet\", \"s3://tpch3934--apne1-az1--x-s3/1803.parquet\", \"s3://tpch3934--apne1-az1--x-s3/1804.parquet\", \"s3://tpch3934--apne1-az1--x-s3/1805.parquet\", \"s3://tpch3934--apne1-az1--x-s3/1806.parquet\", \"s3://tpch3934--apne1-az1--x-s3/1807.parquet\", \"s3://tpch3934--apne1-az1--x-s3/1808.parquet\", \"s3://tpch3934--apne1-az1--x-s3/1809.parquet\", \"s3://tpch3934--apne1-az1--x-s3/1810.parquet\", \"s3://tpch3934--apne1-az1--x-s3/1811.parquet\", \"s3://tpch3934--apne1-az1--x-s3/1812.parquet\", \"s3://tpch3934--apne1-az1--x-s3/1813.parquet\", \"s3://tpch3934--apne1-az1--x-s3/1814.parquet\", \"s3://tpch3934--apne1-az1--x-s3/1815.parquet\", \"s3://tpch3934--apne1-az1--x-s3/1816.parquet\", \"s3://tpch3934--apne1-az1--x-s3/1817.parquet\", \"s3://tpch3934--apne1-az1--x-s3/1818.parquet\", \"s3://tpch3934--apne1-az1--x-s3/1819.parquet\", \"s3://tpch3934--apne1-az1--x-s3/1820.parquet\", \"s3://tpch3934--apne1-az1--x-s3/1821.parquet\", \"s3://tpch3934--apne1-az1--x-s3/1822.parquet\", \"s3://tpch3934--apne1-az1--x-s3/1823.parquet\", \"s3://tpch3934--apne1-az1--x-s3/1824.parquet\", \"s3://tpch3934--apne1-az1--x-s3/1825.parquet\", \"s3://tpch3934--apne1-az1--x-s3/1826.parquet\", \"s3://tpch3934--apne1-az1--x-s3/1827.parquet\", \"s3://tpch3934--apne1-az1--x-s3/1828.parquet\", \"s3://tpch3934--apne1-az1--x-s3/1829.parquet\", \"s3://tpch3934--apne1-az1--x-s3/1830.parquet\", \"s3://tpch3934--apne1-az1--x-s3/1831.parquet\", \"s3://tpch3934--apne1-az1--x-s3/1832.parquet\", \"s3://tpch3934--apne1-az1--x-s3/1833.parquet\", \"s3://tpch3934--apne1-az1--x-s3/1834.parquet\", \"s3://tpch3934--apne1-az1--x-s3/1835.parquet\", \"s3://tpch3934--apne1-az1--x-s3/1836.parquet\", \"s3://tpch3934--apne1-az1--x-s3/1837.parquet\", \"s3://tpch3934--apne1-az1--x-s3/1838.parquet\", \"s3://tpch3934--apne1-az1--x-s3/1839.parquet\", \"s3://tpch3934--apne1-az1--x-s3/1840.parquet\", \"s3://tpch3934--apne1-az1--x-s3/1841.parquet\", \"s3://tpch3934--apne1-az1--x-s3/1842.parquet\", \"s3://tpch3934--apne1-az1--x-s3/1843.parquet\", \"s3://tpch3934--apne1-az1--x-s3/1844.parquet\", \"s3://tpch3934--apne1-az1--x-s3/1845.parquet\", \"s3://tpch3934--apne1-az1--x-s3/1846.parquet\", \"s3://tpch3934--apne1-az1--x-s3/1847.parquet\", \"s3://tpch3934--apne1-az1--x-s3/1848.parquet\", \"s3://tpch3934--apne1-az1--x-s3/1849.parquet\", \"s3://tpch3934--apne1-az1--x-s3/1850.parquet\", \"s3://tpch3934--apne1-az1--x-s3/1851.parquet\", \"s3://tpch3934--apne1-az1--x-s3/1852.parquet\", \"s3://tpch3934--apne1-az1--x-s3/1853.parquet\", \"s3://tpch3934--apne1-az1--x-s3/1854.parquet\", \"s3://tpch3934--apne1-az1--x-s3/1855.parquet\", \"s3://tpch3934--apne1-az1--x-s3/1856.parquet\", \"s3://tpch3934--apne1-az1--x-s3/1857.parquet\", \"s3://tpch3934--apne1-az1--x-s3/1858.parquet\", \"s3://tpch3934--apne1-az1--x-s3/1859.parquet\", \"s3://tpch3934--apne1-az1--x-s3/1860.parquet\", \"s3://tpch3934--apne1-az1--x-s3/1861.parquet\", \"s3://tpch3934--apne1-az1--x-s3/1862.parquet\", \"s3://tpch3934--apne1-az1--x-s3/1863.parquet\", \"s3://tpch3934--apne1-az1--x-s3/1864.parquet\", \"s3://tpch3934--apne1-az1--x-s3/1865.parquet\", \"s3://tpch3934--apne1-az1--x-s3/1866.parquet\", \"s3://tpch3934--apne1-az1--x-s3/1867.parquet\", \"s3://tpch3934--apne1-az1--x-s3/1868.parquet\", \"s3://tpch3934--apne1-az1--x-s3/1869.parquet\", \"s3://tpch3934--apne1-az1--x-s3/1870.parquet\", \"s3://tpch3934--apne1-az1--x-s3/1871.parquet\", \"s3://tpch3934--apne1-az1--x-s3/1872.parquet\", \"s3://tpch3934--apne1-az1--x-s3/1873.parquet\", \"s3://tpch3934--apne1-az1--x-s3/1874.parquet\", \"s3://tpch3934--apne1-az1--x-s3/1875.parquet\", \"s3://tpch3934--apne1-az1--x-s3/1876.parquet\", \"s3://tpch3934--apne1-az1--x-s3/1877.parquet\", \"s3://tpch3934--apne1-az1--x-s3/1878.parquet\", \"s3://tpch3934--apne1-az1--x-s3/1879.parquet\", \"s3://tpch3934--apne1-az1--x-s3/1880.parquet\", \"s3://tpch3934--apne1-az1--x-s3/1881.parquet\", \"s3://tpch3934--apne1-az1--x-s3/1882.parquet\", \"s3://tpch3934--apne1-az1--x-s3/1883.parquet\", \"s3://tpch3934--apne1-az1--x-s3/1884.parquet\", \"s3://tpch3934--apne1-az1--x-s3/1885.parquet\", \"s3://tpch3934--apne1-az1--x-s3/1886.parquet\", \"s3://tpch3934--apne1-az1--x-s3/1887.parquet\", \"s3://tpch3934--apne1-az1--x-s3/1888.parquet\", \"s3://tpch3934--apne1-az1--x-s3/1889.parquet\", \"s3://tpch3934--apne1-az1--x-s3/1890.parquet\", \"s3://tpch3934--apne1-az1--x-s3/1891.parquet\", \"s3://tpch3934--apne1-az1--x-s3/1892.parquet\", \"s3://tpch3934--apne1-az1--x-s3/1893.parquet\", \"s3://tpch3934--apne1-az1--x-s3/1894.parquet\", \"s3://tpch3934--apne1-az1--x-s3/1895.parquet\", \"s3://tpch3934--apne1-az1--x-s3/1896.parquet\", \"s3://tpch3934--apne1-az1--x-s3/1897.parquet\", \"s3://tpch3934--apne1-az1--x-s3/1898.parquet\", \"s3://tpch3934--apne1-az1--x-s3/1899.parquet\"]),\n        'pool/orders/*.parquet',\n        'pool/customer/*.parquet',\n        'pool/nation.parquet' n1,\n        'pool/nation.parquet' n2\n    WHERE\n        s_suppkey = l_suppkey\n        AND o_orderkey = l_orderkey\n        AND c_custkey = o_custkey\n        AND s_nationkey = n1.n_nationkey\n        AND c_nationkey = n2.n_nationkey\n        AND (\n            (n1.n_name = 'RUSSIA' AND n2.n_name = 'JAPAN')\n            OR (n1.n_name = 'JAPAN' AND n2.n_name = 'RUSSIA')\n        )\n        AND l_shipdate BETWEEN DATE '1995-01-01' AND DATE '1996-12-31'\n    ) AS shipping\nGROUP BY\n    supp_nation,\n    cust_nation,\n    l_year\nORDER BY\n    supp_nation,\n    cust_nation,\n    l_year;",
    "children": [
        {
            "result_set_size": 224,
            "operator_timing": 0.0009298790000000001,
            "operator_rows_scanned": 0,
            "cumulative_rows_scanned": 29053152050,
            "operator_cardinality": 4,
            "operator_type": "ORDER_BY",
            "cumulative_cardinality": 486113282,
            "extra_info": {
                "Order By": [
                    "shipping.supp_nation ASC",
                    "shipping.cust_nation ASC",
                    "shipping.l_year ASC"
                ]
            },
            "cpu_time": 222.37042745999997,
            "children": [
                {
                    "result_set_size": 224,
                    "operator_timing": 0.033885907,
                    "operator_rows_scanned": 0,
                    "cumulative_rows_scanned": 29053152050,
                    "operator_cardinality": 4,
                    "operator_type": "HASH_GROUP_BY",
                    "cumulative_cardinality": 486113278,
                    "extra_info": {
                        "Groups": [
                            "#0",
                            "#1",
                            "#2"
                        ],
                        "Aggregates": "sum(#3)",
                        "Estimated Cardinality": "1905244"
                    },
                    "cpu_time": 222.36949758099996,
                    "children": [
                        {
                            "result_set_size": 19797360,
                            "operator_timing": 0.0018498679999999995,
                            "operator_rows_scanned": 0,
                            "cumulative_rows_scanned": 29053152050,
                            "operator_cardinality": 412445,
                            "operator_type": "PROJECTION",
                            "cumulative_cardinality": 486113274,
                            "extra_info": {
                                "Projections": [
                                    "supp_nation",
                                    "cust_nation",
                                    "l_year",
                                    "volume"
                                ],
                                "Estimated Cardinality": "3810488"
                            },
                            "cpu_time": 222.33561167399995,
                            "children": [
                                {
                                    "result_set_size": 19797360,
                                    "operator_timing": 0.03339070400000001,
                                    "operator_rows_scanned": 0,
                                    "cumulative_rows_scanned": 29053152050,
                                    "operator_cardinality": 412445,
                                    "operator_type": "PROJECTION",
                                    "cumulative_cardinality": 485700829,
                                    "extra_info": {
                                        "Projections": [
                                            "supp_nation",
                                            "cust_nation",
                                            "\"year\"(l_shipdate)",
                                            "volume"
                                        ],
                                        "Estimated Cardinality": "3810488"
                                    },
                                    "cpu_time": 222.33376180599996,
                                    "children": [
                                        {
                                            "result_set_size": 21447140,
                                            "operator_timing": 0.0027143879999999994,
                                            "operator_rows_scanned": 0,
                                            "cumulative_rows_scanned": 29053152050,
                                            "operator_cardinality": 412445,
                                            "operator_type": "PROJECTION",
                                            "cumulative_cardinality": 485288384,
                                            "extra_info": {
                                                "Projections": [
                                                    "#3",
                                                    "#4",
                                                    "#5",
                                                    "#6",
                                                    "#8"
                                                ],
                                                "Estimated Cardinality": "3810488"
                                            },
                                            "cpu_time": 222.30037110199996,
                                            "children": [
                                                {
                                                    "result_set_size": 34645380,
                                                    "operator_timing": 0.04156939800000001,
                                                    "operator_rows_scanned": 0,
                                                    "cumulative_rows_scanned": 29053152050,
                                                    "operator_cardinality": 412445,
                                                    "operator_type": "FILTER",
                                                    "cumulative_cardinality": 484875939,
                                                    "extra_info": {
                                                        "Expression": "(((n_name = 'RUSSIA') AND (n_name = 'JAPAN')) OR ((n_name = 'JAPAN') AND (n_name = 'RUSSIA')))",
                                                        "Estimated Cardinality": "3810488"
                                                    },
                                                    "cpu_time": 222.29765671399997,
                                                    "children": [
                                                        {
                                                            "result_set_size": 69325956,
                                                            "operator_timing": 1.1478154320000005,
                                                            "operator_rows_scanned": 0,
                                                            "cumulative_rows_scanned": 29053152050,
                                                            "operator_cardinality": 825309,
                                                            "operator_type": "HASH_JOIN",
                                                            "cumulative_cardinality": 484463494,
                                                            "extra_info": {
                                                                "Join Type": "INNER",
                                                                "Conditions": "o_custkey = c_custkey",
                                                                "Estimated Cardinality": "3810488"
                                                            },
                                                            "cpu_time": 222.25608731599996,
                                                            "children": [
                                                                {
                                                                    "result_set_size": 619994400,
                                                                    "operator_timing": 8.1895244,
                                                                    "operator_rows_scanned": 0,
                                                                    "cumulative_rows_scanned": 27805152025,
                                                                    "operator_cardinality": 10333240,
                                                                    "operator_type": "HASH_JOIN",
                                                                    "cumulative_cardinality": 460238771,
                                                                    "extra_info": {
                                                                        "Join Type": "INNER",
                                                                        "Conditions": "o_orderkey = l_orderkey",
                                                                        "Estimated Cardinality": "19052440"
                                                                    },
                                                                    "cpu_time": 219.08104767099996,
                                                                    "children": [
                                                                        {
                                                                            "result_set_size": 2870302224,
                                                                            "operator_timing": 16.967240845999996,
                                                                            "operator_rows_scanned": 12480000000,
                                                                            "cumulative_rows_scanned": 12480000000,
                                                                            "operator_cardinality": 179393889,
                                                                            "operator_type": "TABLE_SCAN",
                                                                            "cumulative_cardinality": 179393889,
                                                                            "extra_info": {
                                                                                "Function": "PARQUET_SCAN",
                                                                                "Projections": [
                                                                                    "o_orderkey",
                                                                                    "o_custkey"
                                                                                ],
                                                                                "Estimated Cardinality": "390000000"
                                                                            },
                                                                            "cpu_time": 16.967240845999996,
                                                                            "children": []
                                                                        },
                                                                        {
                                                                            "result_set_size": 1192286880,
                                                                            "operator_timing": 5.243280964000005,
                                                                            "operator_rows_scanned": 0,
                                                                            "cumulative_rows_scanned": 15325152025,
                                                                            "operator_cardinality": 19871448,
                                                                            "operator_type": "HASH_JOIN",
                                                                            "cumulative_cardinality": 270511642,
                                                                            "extra_info": {
                                                                                "Join Type": "INNER",
                                                                                "Conditions": "l_suppkey = s_suppkey",
                                                                                "Estimated Cardinality": "19052440"
                                                                            },
                                                                            "cpu_time": 193.92428242499997,
                                                                            "children": [
                                                                                {
                                                                                    "result_set_size": 8974455660,
                                                                                    "operator_timing": 188.31241720799997,
                                                                                    "operator_rows_scanned": 15241952000,
                                                                                    "cumulative_rows_scanned": 15241952000,
                                                                                    "operator_cardinality": 249290435,
                                                                                    "operator_type": "TABLE_SCAN",
                                                                                    "cumulative_cardinality": 249290435,
                                                                                    "extra_info": {
                                                                                        "Function": "READ_PARQUET",
                                                                                        "Projections": [
                                                                                            "l_suppkey",
                                                                                            "l_orderkey",
                                                                                            "l_shipdate",
                                                                                            "l_extendedprice",
                                                                                            "l_discount"
                                                                                        ],
                                                                                        "Filters": "l_shipdate>='1995-01-01'::DATE AND l_shipdate<='1996-12-31'::DATE AND l_shipdate IS NOT NULL",
                                                                                        "Estimated Cardinality": "95262200"
                                                                                    },
                                                                                    "cpu_time": 188.31241720799997,
                                                                                    "children": []
                                                                                },
                                                                                {
                                                                                    "result_set_size": 6633760,
                                                                                    "operator_timing": 0.031392254,
                                                                                    "operator_rows_scanned": 0,
                                                                                    "cumulative_rows_scanned": 83200025,
                                                                                    "operator_cardinality": 207305,
                                                                                    "operator_type": "HASH_JOIN",
                                                                                    "cumulative_cardinality": 1349759,
                                                                                    "extra_info": {
                                                                                        "Join Type": "INNER",
                                                                                        "Conditions": "s_nationkey = n_nationkey",
                                                                                        "Estimated Cardinality": "520000"
                                                                                    },
                                                                                    "cpu_time": 0.36858425300000003,
                                                                                    "children": [
                                                                                        {
                                                                                            "result_set_size": 13709124,
                                                                                            "operator_timing": 0.33710473300000005,
                                                                                            "operator_rows_scanned": 83200000,
                                                                                            "cumulative_rows_scanned": 83200000,
                                                                                            "operator_cardinality": 1142427,
                                                                                            "operator_type": "TABLE_SCAN",
                                                                                            "cumulative_cardinality": 1142427,
                                                                                            "extra_info": {
                                                                                                "Function": "PARQUET_SCAN",
                                                                                                "Projections": [
                                                                                                    "s_suppkey",
                                                                                                    "s_nationkey"
                                                                                                ],
                                                                                                "Estimated Cardinality": "2600000"
                                                                                            },
                                                                                            "cpu_time": 0.33710473300000005,
                                                                                            "children": []
                                                                                        },
                                                                                        {
                                                                                            "result_set_size": 40,
                                                                                            "operator_timing": 0.000022818,
                                                                                            "operator_rows_scanned": 0,
                                                                                            "cumulative_rows_scanned": 25,
                                                                                            "operator_cardinality": 2,
                                                                                            "operator_type": "FILTER",
                                                                                            "cumulative_cardinality": 27,
                                                                                            "extra_info": {
                                                                                                "Expression": "((n_name = 'RUSSIA') OR (n_name = 'JAPAN'))",
                                                                                                "Estimated Cardinality": "5"
                                                                                            },
                                                                                            "cpu_time": 0.000087266,
                                                                                            "children": [
                                                                                                {
                                                                                                    "result_set_size": 500,
                                                                                                    "operator_timing": 0.000064448,
                                                                                                    "operator_rows_scanned": 25,
                                                                                                    "cumulative_rows_scanned": 25,
                                                                                                    "operator_cardinality": 25,
                                                                                                    "operator_type": "TABLE_SCAN",
                                                                                                    "cumulative_cardinality": 25,
                                                                                                    "extra_info": {
                                                                                                        "Function": "PARQUET_SCAN",
                                                                                                        "Projections": [
                                                                                                            "n_nationkey",
                                                                                                            "n_name"
                                                                                                        ],
                                                                                                        "Estimated Cardinality": "25"
                                                                                                    },
                                                                                                    "cpu_time": 0.000064448,
                                                                                                    "children": []
                                                                                                }
                                                                                            ]
                                                                                        }
                                                                                    ]
                                                                                }
                                                                            ]
                                                                        }
                                                                    ]
                                                                },
                                                                {
                                                                    "result_set_size": 90465413,
                                                                    "operator_timing": 0.010677208999999997,
                                                                    "operator_rows_scanned": 0,
                                                                    "cumulative_rows_scanned": 1248000025,
                                                                    "operator_cardinality": 3119497,
                                                                    "operator_type": "PROJECTION",
                                                                    "cumulative_cardinality": 23399414,
                                                                    "extra_info": {
                                                                        "Projections": [
                                                                            "#0",
                                                                            "#1",
                                                                            "__internal_compress_integral_utinyint(#2, 0)",
                                                                            "#3"
                                                                        ],
                                                                        "Estimated Cardinality": "7800000"
                                                                    },
                                                                    "cpu_time": 2.0272242129999998,
                                                                    "children": [
                                                                        {
                                                                            "result_set_size": 99823904,
                                                                            "operator_timing": 0.1075650669999999,
                                                                            "operator_rows_scanned": 0,
                                                                            "cumulative_rows_scanned": 1248000025,
                                                                            "operator_cardinality": 3119497,
                                                                            "operator_type": "HASH_JOIN",
                                                                            "cumulative_cardinality": 20279917,
                                                                            "extra_info": {
                                                                                "Join Type": "INNER",
                                                                                "Conditions": "c_nationkey = n_nationkey",
                                                                                "Estimated Cardinality": "7800000"
                                                                            },
                                                                            "cpu_time": 2.016547004,
                                                                            "children": [
                                                                                {
                                                                                    "result_set_size": 205924716,
                                                                                    "operator_timing": 1.9088683040000003,
                                                                                    "operator_rows_scanned": 1248000000,
                                                                                    "cumulative_rows_scanned": 1248000000,
                                                                                    "operator_cardinality": 17160393,
                                                                                    "operator_type": "TABLE_SCAN",
                                                                                    "cumulative_cardinality": 17160393,
                                                                                    "extra_info": {
                                                                                        "Function": "PARQUET_SCAN",
                                                                                        "Projections": [
                                                                                            "c_custkey",
                                                                                            "c_nationkey"
                                                                                        ],
                                                                                        "Estimated Cardinality": "39000000"
                                                                                    },
                                                                                    "cpu_time": 1.9088683040000003,
                                                                                    "children": []
                                                                                },
                                                                                {
                                                                                    "result_set_size": 40,
                                                                                    "operator_timing": 0.000032698000000000004,
                                                                                    "operator_rows_scanned": 0,
                                                                                    "cumulative_rows_scanned": 25,
                                                                                    "operator_cardinality": 2,
                                                                                    "operator_type": "FILTER",
                                                                                    "cumulative_cardinality": 27,
                                                                                    "extra_info": {
                                                                                        "Expression": "((n_name = 'JAPAN') OR (n_name = 'RUSSIA'))",
                                                                                        "Estimated Cardinality": "5"
                                                                                    },
                                                                                    "cpu_time": 0.000113633,
                                                                                    "children": [
                                                                                        {
                                                                                            "result_set_size": 500,
                                                                                            "operator_timing": 0.000080935,
                                                                                            "operator_rows_scanned": 25,
                                                                                            "cumulative_rows_scanned": 25,
                                                                                            "operator_cardinality": 25,
                                                                                            "operator_type": "TABLE_SCAN",
                                                                                            "cumulative_cardinality": 25,
                                                                                            "extra_info": {
                                                                                                "Function": "PARQUET_SCAN",
                                                                                                "Projections": [
                                                                                                    "n_nationkey",
                                                                                                    "n_name"
                                                                                                ],
                                                                                                "Estimated Cardinality": "25"
                                                                                            },
                                                                                            "cpu_time": 0.000080935,
                                                                                            "children": []
                                                                                        }
                                                                                    ]
                                                                                }
                                                                            ]
                                                                        }
                                                                    ]
                                                                }
                                                            ]
                                                        }
                                                    ]
                                                }
                                            ]
                                        }
                                    ]
                                }
                            ]
                        }
                    ]
                }
            ]
        }
    ]
}