{
    "rows_returned": 1,
    "latency": 31.583975475,
    "result_set_size": 8,
    "cumulative_rows_scanned": 3442208000,
    "cumulative_cardinality": 214878941,
    "extra_info": {},
    "cpu_time": 302.17131243000006,
    "blocked_thread_time": 0.0,
    "query_name": "COPY (FROM read_parquet(['s3://tpch17377--apne1-az1--x-s3/1287.parquet','s3://tpch17377--apne1-az1--x-s3/1290.parquet','s3://tpch17377--apne1-az1--x-s3/1291.parquet','s3://tpch17377--apne1-az1--x-s3/1292.parquet','s3://tpch17377--apne1-az1--x-s3/1293.parquet','s3://tpch17377--apne1-az1--x-s3/1294.parquet','s3://tpch17377--apne1-az1--x-s3/1295.parquet','s3://tpch17377--apne1-az1--x-s3/1296.parquet','s3://tpch17377--apne1-az1--x-s3/1297.parquet','s3://tpch17377--apne1-az1--x-s3/1298.parquet','s3://tpch17377--apne1-az1--x-s3/1299.parquet','s3://tpch17377--apne1-az1--x-s3/1300.parquet','s3://tpch17377--apne1-az1--x-s3/1301.parquet','s3://tpch17377--apne1-az1--x-s3/1302.parquet','s3://tpch17377--apne1-az1--x-s3/1303.parquet','s3://tpch17377--apne1-az1--x-s3/1304.parquet','s3://tpch17377--apne1-az1--x-s3/1305.parquet','s3://tpch17377--apne1-az1--x-s3/1306.parquet','s3://tpch17377--apne1-az1--x-s3/1307.parquet','s3://tpch17377--apne1-az1--x-s3/1308.parquet','s3://tpch17377--apne1-az1--x-s3/1309.parquet','s3://tpch17377--apne1-az1--x-s3/1310.parquet','s3://tpch17377--apne1-az1--x-s3/1311.parquet','s3://tpch17377--apne1-az1--x-s3/1312.parquet','s3://tpch17377--apne1-az1--x-s3/1313.parquet','s3://tpch17377--apne1-az1--x-s3/1314.parquet','s3://tpch17377--apne1-az1--x-s3/1315.parquet','s3://tpch17377--apne1-az1--x-s3/1316.parquet','s3://tpch17377--apne1-az1--x-s3/1317.parquet','s3://tpch17377--apne1-az1--x-s3/1318.parquet','s3://tpch17377--apne1-az1--x-s3/1319.parquet','s3://tpch17377--apne1-az1--x-s3/1320.parquet','s3://tpch17377--apne1-az1--x-s3/1321.parquet','s3://tpch17377--apne1-az1--x-s3/1322.parquet','s3://tpch17377--apne1-az1--x-s3/1323.parquet','s3://tpch17377--apne1-az1--x-s3/1324.parquet','s3://tpch17377--apne1-az1--x-s3/1325.parquet','s3://tpch17377--apne1-az1--x-s3/1326.parquet','s3://tpch17377--apne1-az1--x-s3/1327.parquet','s3://tpch17377--apne1-az1--x-s3/1328.parquet','s3://tpch17377--apne1-az1--x-s3/1329.parquet','s3://tpch17377--apne1-az1--x-s3/1330.parquet','s3://tpch17377--apne1-az1--x-s3/1331.parquet','s3://tpch17377--apne1-az1--x-s3/1332.parquet','s3://tpch17377--apne1-az1--x-s3/1333.parquet','s3://tpch17377--apne1-az1--x-s3/1334.parquet','s3://tpch17377--apne1-az1--x-s3/1335.parquet','s3://tpch17377--apne1-az1--x-s3/1336.parquet','s3://tpch17377--apne1-az1--x-s3/1337.parquet','s3://tpch17377--apne1-az1--x-s3/1338.parquet','s3://tpch17377--apne1-az1--x-s3/1339.parquet','s3://tpch17377--apne1-az1--x-s3/1340.parquet','s3://tpch17377--apne1-az1--x-s3/1341.parquet','s3://tpch17377--apne1-az1--x-s3/1342.parquet','s3://tpch17377--apne1-az1--x-s3/1343.parquet','s3://tpch17377--apne1-az1--x-s3/1344.parquet','s3://tpch17377--apne1-az1--x-s3/639.parquet','s3://tpch17377--apne1-az1--x-s3/640.parquet','s3://tpch17377--apne1-az1--x-s3/641.parquet','s3://tpch17377--apne1-az1--x-s3/642.parquet','s3://tpch17377--apne1-az1--x-s3/643.parquet','s3://tpch17377--apne1-az1--x-s3/644.parquet','s3://tpch17377--apne1-az1--x-s3/645.parquet','s3://tpch17377--apne1-az1--x-s3/646.parquet','s3://tpch17377--apne1-az1--x-s3/647.parquet','s3://tpch17377--apne1-az1--x-s3/648.parquet','s3://tpch17377--apne1-az1--x-s3/649.parquet','s3://tpch17377--apne1-az1--x-s3/650.parquet','s3://tpch17377--apne1-az1--x-s3/651.parquet','s3://tpch17377--apne1-az1--x-s3/652.parquet','s3://tpch17377--apne1-az1--x-s3/653.parquet','s3://tpch17377--apne1-az1--x-s3/654.parquet','s3://tpch17377--apne1-az1--x-s3/655.parquet','s3://tpch17377--apne1-az1--x-s3/656.parquet','s3://tpch17377--apne1-az1--x-s3/657.parquet','s3://tpch17377--apne1-az1--x-s3/658.parquet','s3://tpch17377--apne1-az1--x-s3/659.parquet','s3://tpch17377--apne1-az1--x-s3/660.parquet','s3://tpch17377--apne1-az1--x-s3/661.parquet','s3://tpch17377--apne1-az1--x-s3/662.parquet','s3://tpch17377--apne1-az1--x-s3/663.parquet','s3://tpch17377--apne1-az1--x-s3/664.parquet','s3://tpch17377--apne1-az1--x-s3/665.parquet','s3://tpch17377--apne1-az1--x-s3/666.parquet','s3://tpch17377--apne1-az1--x-s3/667.parquet','s3://tpch17377--apne1-az1--x-s3/668.parquet','s3://tpch17377--apne1-az1--x-s3/669.parquet','s3://tpch17377--apne1-az1--x-s3/670.parquet','s3://tpch17377--apne1-az1--x-s3/671.parquet','s3://tpch17377--apne1-az1--x-s3/672.parquet','s3://tpch17377--apne1-az1--x-s3/673.parquet','s3://tpch17377--apne1-az1--x-s3/674.parquet','s3://tpch17377--apne1-az1--x-s3/675.parquet','s3://tpch17377--apne1-az1--x-s3/676.parquet','s3://tpch17377--apne1-az1--x-s3/677.parquet','s3://tpch17377--apne1-az1--x-s3/678.parquet','s3://tpch17377--apne1-az1--x-s3/679.parquet','s3://tpch17377--apne1-az1--x-s3/680.parquet','s3://tpch17377--apne1-az1--x-s3/681.parquet','s3://tpch17377--apne1-az1--x-s3/682.parquet','s3://tpch17377--apne1-az1--x-s3/683.parquet','s3://tpch17377--apne1-az1--x-s3/684.parquet','s3://tpch17377--apne1-az1--x-s3/685.parquet','s3://tpch17377--apne1-az1--x-s3/686.parquet','s3://tpch17377--apne1-az1--x-s3/687.parquet','s3://tpch17377--apne1-az1--x-s3/688.parquet','s3://tpch17377--apne1-az1--x-s3/689.parquet','s3://tpch17377--apne1-az1--x-s3/690.parquet','s3://tpch17377--apne1-az1--x-s3/691.parquet','s3://tpch17377--apne1-az1--x-s3/692.parquet','s3://tpch17377--apne1-az1--x-s3/693.parquet','s3://tpch17377--apne1-az1--x-s3/694.parquet','s3://tpch17377--apne1-az1--x-s3/695.parquet','s3://tpch17377--apne1-az1--x-s3/696.parquet','s3://tpch17377--apne1-az1--x-s3/697.parquet','s3://tpch17377--apne1-az1--x-s3/698.parquet','s3://tpch17377--apne1-az1--x-s3/699.parquet','s3://tpch17377--apne1-az1--x-s3/700.parquet','s3://tpch17377--apne1-az1--x-s3/701.parquet','s3://tpch17377--apne1-az1--x-s3/702.parquet','s3://tpch17377--apne1-az1--x-s3/703.parquet','s3://tpch17377--apne1-az1--x-s3/704.parquet','s3://tpch17377--apne1-az1--x-s3/705.parquet','s3://tpch17377--apne1-az1--x-s3/706.parquet','s3://tpch17377--apne1-az1--x-s3/707.parquet','s3://tpch17377--apne1-az1--x-s3/708.parquet','s3://tpch17377--apne1-az1--x-s3/709.parquet']) ORDER BY l_shipdate) TO 's3://tpch17377--apne1-az1--x-s3/tmp' (FORMAT 'parquet');",
    "children": [
        {
            "result_set_size": 8,
            "operator_timing": 32.88205141100002,
            "operator_rows_scanned": 0,
            "cumulative_rows_scanned": 3442208000,
            "operator_cardinality": 1,
            "operator_type": "BATCH_COPY_TO_FILE",
            "cumulative_cardinality": 214878941,
            "extra_info": {},
            "cpu_time": 302.17131243000006,
            "children": [
                {
                    "result_set_size": 16760557320,
                    "operator_timing": 162.15857212400007,
                    "operator_rows_scanned": 0,
                    "cumulative_rows_scanned": 3442208000,
                    "operator_cardinality": 107439470,
                    "operator_type": "ORDER_BY",
                    "cumulative_cardinality": 214878940,
                    "extra_info": {
                        "Order By": "read_parquet.l_shipdate ASC"
                    },
                    "cpu_time": 269.28926101900004,
                    "children": [
                        {
                            "result_set_size": 16760557320,
                            "operator_timing": 107.13068889499996,
                            "operator_rows_scanned": 3442208000,
                            "cumulative_rows_scanned": 3442208000,
                            "operator_cardinality": 107439470,
                            "operator_type": "TABLE_SCAN",
                            "cumulative_cardinality": 107439470,
                            "extra_info": {
                                "Function": "READ_PARQUET",
                                "Projections": [
                                    "l_orderkey",
                                    "l_partkey",
                                    "l_suppkey",
                                    "l_linenumber",
                                    "l_quantity",
                                    "l_extendedprice",
                                    "l_discount",
                                    "l_tax",
                                    "l_returnflag",
                                    "l_linestatus",
                                    "l_shipdate",
                                    "l_commitdate",
                                    "l_receiptdate",
                                    "l_shipinstruct",
                                    "l_shipmode",
                                    "l_comment"
                                ],
                                "Estimated Cardinality": "107569000"
                            },
                            "cpu_time": 107.13068889499996,
                            "children": []
                        }
                    ]
                }
            ]
        }
    ]
}