{
    "rows_returned": 1,
    "latency": 2.949652271,
    "result_set_size": 72,
    "cumulative_rows_scanned": 7010944000,
    "cumulative_cardinality": 212584573,
    "extra_info": {},
    "cpu_time": 84.592176378,
    "blocked_thread_time": 0.0,
    "query_name": "WITH revenue AS (\n    SELECT\n        l_suppkey AS supplier_no,\n        sum(l_extendedprice * (1 - l_discount)) AS total_revenue\n    FROM\n        read_parquet([\"s3://tpch31087--apne1-az1--x-s3/0.parquet\", \"s3://tpch31087--apne1-az1--x-s3/1.parquet\", \"s3://tpch31087--apne1-az1--x-s3/2.parquet\", \"s3://tpch31087--apne1-az1--x-s3/3.parquet\", \"s3://tpch31087--apne1-az1--x-s3/4.parquet\", \"s3://tpch31087--apne1-az1--x-s3/5.parquet\", \"s3://tpch31087--apne1-az1--x-s3/6.parquet\", \"s3://tpch31087--apne1-az1--x-s3/7.parquet\", \"s3://tpch31087--apne1-az1--x-s3/8.parquet\", \"s3://tpch31087--apne1-az1--x-s3/9.parquet\", \"s3://tpch31087--apne1-az1--x-s3/10.parquet\", \"s3://tpch31087--apne1-az1--x-s3/11.parquet\", \"s3://tpch31087--apne1-az1--x-s3/12.parquet\", \"s3://tpch31087--apne1-az1--x-s3/13.parquet\", \"s3://tpch31087--apne1-az1--x-s3/14.parquet\", \"s3://tpch31087--apne1-az1--x-s3/15.parquet\", \"s3://tpch31087--apne1-az1--x-s3/16.parquet\", \"s3://tpch31087--apne1-az1--x-s3/17.parquet\", \"s3://tpch31087--apne1-az1--x-s3/18.parquet\", \"s3://tpch31087--apne1-az1--x-s3/19.parquet\", \"s3://tpch31087--apne1-az1--x-s3/20.parquet\", \"s3://tpch31087--apne1-az1--x-s3/21.parquet\", \"s3://tpch31087--apne1-az1--x-s3/22.parquet\", \"s3://tpch31087--apne1-az1--x-s3/23.parquet\", \"s3://tpch31087--apne1-az1--x-s3/24.parquet\", \"s3://tpch31087--apne1-az1--x-s3/25.parquet\", \"s3://tpch31087--apne1-az1--x-s3/26.parquet\", \"s3://tpch31087--apne1-az1--x-s3/27.parquet\", \"s3://tpch31087--apne1-az1--x-s3/28.parquet\", \"s3://tpch31087--apne1-az1--x-s3/29.parquet\", \"s3://tpch31087--apne1-az1--x-s3/30.parquet\", \"s3://tpch31087--apne1-az1--x-s3/31.parquet\", \"s3://tpch31087--apne1-az1--x-s3/32.parquet\", \"s3://tpch31087--apne1-az1--x-s3/33.parquet\", \"s3://tpch31087--apne1-az1--x-s3/34.parquet\", \"s3://tpch31087--apne1-az1--x-s3/35.parquet\", \"s3://tpch31087--apne1-az1--x-s3/36.parquet\", \"s3://tpch31087--apne1-az1--x-s3/37.parquet\", \"s3://tpch31087--apne1-az1--x-s3/38.parquet\", \"s3://tpch31087--apne1-az1--x-s3/39.parquet\", \"s3://tpch31087--apne1-az1--x-s3/40.parquet\", \"s3://tpch31087--apne1-az1--x-s3/41.parquet\", \"s3://tpch31087--apne1-az1--x-s3/42.parquet\", \"s3://tpch31087--apne1-az1--x-s3/43.parquet\", \"s3://tpch31087--apne1-az1--x-s3/44.parquet\", \"s3://tpch31087--apne1-az1--x-s3/45.parquet\", \"s3://tpch31087--apne1-az1--x-s3/46.parquet\", \"s3://tpch31087--apne1-az1--x-s3/47.parquet\", \"s3://tpch31087--apne1-az1--x-s3/48.parquet\", \"s3://tpch31087--apne1-az1--x-s3/49.parquet\", \"s3://tpch31087--apne1-az1--x-s3/50.parquet\", \"s3://tpch31087--apne1-az1--x-s3/51.parquet\", \"s3://tpch31087--apne1-az1--x-s3/52.parquet\", \"s3://tpch31087--apne1-az1--x-s3/53.parquet\", \"s3://tpch31087--apne1-az1--x-s3/54.parquet\", \"s3://tpch31087--apne1-az1--x-s3/55.parquet\", \"s3://tpch31087--apne1-az1--x-s3/56.parquet\", \"s3://tpch31087--apne1-az1--x-s3/57.parquet\", \"s3://tpch31087--apne1-az1--x-s3/58.parquet\", \"s3://tpch31087--apne1-az1--x-s3/59.parquet\", \"s3://tpch31087--apne1-az1--x-s3/60.parquet\", \"s3://tpch31087--apne1-az1--x-s3/61.parquet\", \"s3://tpch31087--apne1-az1--x-s3/62.parquet\", \"s3://tpch31087--apne1-az1--x-s3/63.parquet\", \"s3://tpch31087--apne1-az1--x-s3/64.parquet\", \"s3://tpch31087--apne1-az1--x-s3/65.parquet\", \"s3://tpch31087--apne1-az1--x-s3/66.parquet\", \"s3://tpch31087--apne1-az1--x-s3/67.parquet\", \"s3://tpch31087--apne1-az1--x-s3/68.parquet\", \"s3://tpch31087--apne1-az1--x-s3/69.parquet\", \"s3://tpch31087--apne1-az1--x-s3/70.parquet\", \"s3://tpch31087--apne1-az1--x-s3/71.parquet\", \"s3://tpch31087--apne1-az1--x-s3/72.parquet\", \"s3://tpch31087--apne1-az1--x-s3/73.parquet\", \"s3://tpch31087--apne1-az1--x-s3/74.parquet\", \"s3://tpch31087--apne1-az1--x-s3/75.parquet\", \"s3://tpch31087--apne1-az1--x-s3/76.parquet\", \"s3://tpch31087--apne1-az1--x-s3/77.parquet\", \"s3://tpch31087--apne1-az1--x-s3/78.parquet\", \"s3://tpch31087--apne1-az1--x-s3/79.parquet\", \"s3://tpch31087--apne1-az1--x-s3/80.parquet\", \"s3://tpch31087--apne1-az1--x-s3/81.parquet\", \"s3://tpch31087--apne1-az1--x-s3/82.parquet\", \"s3://tpch31087--apne1-az1--x-s3/83.parquet\", \"s3://tpch31087--apne1-az1--x-s3/84.parquet\", \"s3://tpch31087--apne1-az1--x-s3/85.parquet\", \"s3://tpch31087--apne1-az1--x-s3/86.parquet\", \"s3://tpch31087--apne1-az1--x-s3/87.parquet\", \"s3://tpch31087--apne1-az1--x-s3/88.parquet\", \"s3://tpch31087--apne1-az1--x-s3/89.parquet\", \"s3://tpch31087--apne1-az1--x-s3/90.parquet\", \"s3://tpch31087--apne1-az1--x-s3/91.parquet\", \"s3://tpch31087--apne1-az1--x-s3/92.parquet\", \"s3://tpch31087--apne1-az1--x-s3/93.parquet\", \"s3://tpch31087--apne1-az1--x-s3/94.parquet\", \"s3://tpch31087--apne1-az1--x-s3/95.parquet\", \"s3://tpch31087--apne1-az1--x-s3/96.parquet\", \"s3://tpch31087--apne1-az1--x-s3/97.parquet\", \"s3://tpch31087--apne1-az1--x-s3/98.parquet\", \"s3://tpch31087--apne1-az1--x-s3/99.parquet\", \"s3://tpch31087--apne1-az1--x-s3/100.parquet\", \"s3://tpch31087--apne1-az1--x-s3/101.parquet\", \"s3://tpch31087--apne1-az1--x-s3/102.parquet\", \"s3://tpch31087--apne1-az1--x-s3/103.parquet\", \"s3://tpch31087--apne1-az1--x-s3/104.parquet\", \"s3://tpch31087--apne1-az1--x-s3/105.parquet\", \"s3://tpch31087--apne1-az1--x-s3/106.parquet\", \"s3://tpch31087--apne1-az1--x-s3/107.parquet\", \"s3://tpch31087--apne1-az1--x-s3/108.parquet\", \"s3://tpch31087--apne1-az1--x-s3/109.parquet\", \"s3://tpch31087--apne1-az1--x-s3/110.parquet\", \"s3://tpch31087--apne1-az1--x-s3/111.parquet\", \"s3://tpch31087--apne1-az1--x-s3/112.parquet\", \"s3://tpch31087--apne1-az1--x-s3/113.parquet\", \"s3://tpch31087--apne1-az1--x-s3/114.parquet\", \"s3://tpch31087--apne1-az1--x-s3/115.parquet\", \"s3://tpch31087--apne1-az1--x-s3/116.parquet\", \"s3://tpch31087--apne1-az1--x-s3/117.parquet\", \"s3://tpch31087--apne1-az1--x-s3/118.parquet\", \"s3://tpch31087--apne1-az1--x-s3/119.parquet\", \"s3://tpch31087--apne1-az1--x-s3/120.parquet\", \"s3://tpch31087--apne1-az1--x-s3/121.parquet\", \"s3://tpch31087--apne1-az1--x-s3/122.parquet\", \"s3://tpch31087--apne1-az1--x-s3/123.parquet\", \"s3://tpch31087--apne1-az1--x-s3/124.parquet\", \"s3://tpch31087--apne1-az1--x-s3/125.parquet\", \"s3://tpch31087--apne1-az1--x-s3/126.parquet\", \"s3://tpch31087--apne1-az1--x-s3/127.parquet\", \"s3://tpch31087--apne1-az1--x-s3/128.parquet\", \"s3://tpch31087--apne1-az1--x-s3/129.parquet\", \"s3://tpch31087--apne1-az1--x-s3/130.parquet\", \"s3://tpch31087--apne1-az1--x-s3/131.parquet\", \"s3://tpch31087--apne1-az1--x-s3/132.parquet\", \"s3://tpch31087--apne1-az1--x-s3/133.parquet\", \"s3://tpch31087--apne1-az1--x-s3/134.parquet\", \"s3://tpch31087--apne1-az1--x-s3/135.parquet\", \"s3://tpch31087--apne1-az1--x-s3/136.parquet\", \"s3://tpch31087--apne1-az1--x-s3/137.parquet\", \"s3://tpch31087--apne1-az1--x-s3/138.parquet\", \"s3://tpch31087--apne1-az1--x-s3/139.parquet\", \"s3://tpch31087--apne1-az1--x-s3/140.parquet\", \"s3://tpch31087--apne1-az1--x-s3/141.parquet\", \"s3://tpch31087--apne1-az1--x-s3/151.parquet\", \"s3://tpch31087--apne1-az1--x-s3/366.parquet\", \"s3://tpch31087--apne1-az1--x-s3/367.parquet\", \"s3://tpch31087--apne1-az1--x-s3/368.parquet\", \"s3://tpch31087--apne1-az1--x-s3/369.parquet\", \"s3://tpch31087--apne1-az1--x-s3/370.parquet\", \"s3://tpch31087--apne1-az1--x-s3/371.parquet\", \"s3://tpch31087--apne1-az1--x-s3/372.parquet\", \"s3://tpch31087--apne1-az1--x-s3/373.parquet\", \"s3://tpch31087--apne1-az1--x-s3/374.parquet\", \"s3://tpch31087--apne1-az1--x-s3/375.parquet\", \"s3://tpch31087--apne1-az1--x-s3/436.parquet\", \"s3://tpch31087--apne1-az1--x-s3/437.parquet\", \"s3://tpch31087--apne1-az1--x-s3/438.parquet\", \"s3://tpch31087--apne1-az1--x-s3/439.parquet\", \"s3://tpch31087--apne1-az1--x-s3/440.parquet\", \"s3://tpch31087--apne1-az1--x-s3/441.parquet\", \"s3://tpch31087--apne1-az1--x-s3/442.parquet\", \"s3://tpch31087--apne1-az1--x-s3/443.parquet\", \"s3://tpch31087--apne1-az1--x-s3/444.parquet\", \"s3://tpch31087--apne1-az1--x-s3/445.parquet\", \"s3://tpch31087--apne1-az1--x-s3/446.parquet\", \"s3://tpch31087--apne1-az1--x-s3/717.parquet\", \"s3://tpch31087--apne1-az1--x-s3/718.parquet\", \"s3://tpch31087--apne1-az1--x-s3/719.parquet\", \"s3://tpch31087--apne1-az1--x-s3/720.parquet\", \"s3://tpch31087--apne1-az1--x-s3/721.parquet\", \"s3://tpch31087--apne1-az1--x-s3/722.parquet\", \"s3://tpch31087--apne1-az1--x-s3/723.parquet\", \"s3://tpch31087--apne1-az1--x-s3/724.parquet\", \"s3://tpch31087--apne1-az1--x-s3/725.parquet\", \"s3://tpch31087--apne1-az1--x-s3/726.parquet\", \"s3://tpch31087--apne1-az1--x-s3/727.parquet\", \"s3://tpch31087--apne1-az1--x-s3/728.parquet\", \"s3://tpch31087--apne1-az1--x-s3/1003.parquet\", \"s3://tpch31087--apne1-az1--x-s3/1004.parquet\", \"s3://tpch31087--apne1-az1--x-s3/1005.parquet\", \"s3://tpch31087--apne1-az1--x-s3/1006.parquet\", \"s3://tpch31087--apne1-az1--x-s3/1007.parquet\", \"s3://tpch31087--apne1-az1--x-s3/1008.parquet\", \"s3://tpch31087--apne1-az1--x-s3/1009.parquet\", \"s3://tpch31087--apne1-az1--x-s3/1010.parquet\", \"s3://tpch31087--apne1-az1--x-s3/1011.parquet\", \"s3://tpch31087--apne1-az1--x-s3/1012.parquet\", \"s3://tpch31087--apne1-az1--x-s3/1013.parquet\", \"s3://tpch31087--apne1-az1--x-s3/1014.parquet\", \"s3://tpch31087--apne1-az1--x-s3/1015.parquet\", \"s3://tpch31087--apne1-az1--x-s3/1061.parquet\", \"s3://tpch31087--apne1-az1--x-s3/1062.parquet\", \"s3://tpch31087--apne1-az1--x-s3/1063.parquet\", \"s3://tpch31087--apne1-az1--x-s3/1156.parquet\", \"s3://tpch31087--apne1-az1--x-s3/1157.parquet\", \"s3://tpch31087--apne1-az1--x-s3/1158.parquet\", \"s3://tpch31087--apne1-az1--x-s3/1159.parquet\", \"s3://tpch31087--apne1-az1--x-s3/1160.parquet\", \"s3://tpch31087--apne1-az1--x-s3/1161.parquet\", \"s3://tpch31087--apne1-az1--x-s3/1162.parquet\", \"s3://tpch31087--apne1-az1--x-s3/1163.parquet\", \"s3://tpch31087--apne1-az1--x-s3/1164.parquet\", \"s3://tpch31087--apne1-az1--x-s3/1165.parquet\", \"s3://tpch31087--apne1-az1--x-s3/1166.parquet\", \"s3://tpch31087--apne1-az1--x-s3/1207.parquet\", \"s3://tpch31087--apne1-az1--x-s3/1208.parquet\", \"s3://tpch31087--apne1-az1--x-s3/1209.parquet\", \"s3://tpch31087--apne1-az1--x-s3/1210.parquet\", \"s3://tpch31087--apne1-az1--x-s3/1211.parquet\", \"s3://tpch31087--apne1-az1--x-s3/1212.parquet\", \"s3://tpch31087--apne1-az1--x-s3/1213.parquet\", \"s3://tpch31087--apne1-az1--x-s3/1214.parquet\", \"s3://tpch31087--apne1-az1--x-s3/1259.parquet\", \"s3://tpch31087--apne1-az1--x-s3/1260.parquet\", \"s3://tpch31087--apne1-az1--x-s3/1261.parquet\", \"s3://tpch31087--apne1-az1--x-s3/1262.parquet\", \"s3://tpch31087--apne1-az1--x-s3/1263.parquet\", \"s3://tpch31087--apne1-az1--x-s3/1264.parquet\", \"s3://tpch31087--apne1-az1--x-s3/1265.parquet\", \"s3://tpch31087--apne1-az1--x-s3/1266.parquet\", \"s3://tpch31087--apne1-az1--x-s3/1267.parquet\", \"s3://tpch31087--apne1-az1--x-s3/1268.parquet\", \"s3://tpch31087--apne1-az1--x-s3/1269.parquet\", \"s3://tpch31087--apne1-az1--x-s3/1303.parquet\", \"s3://tpch31087--apne1-az1--x-s3/1304.parquet\", \"s3://tpch31087--apne1-az1--x-s3/1305.parquet\", \"s3://tpch31087--apne1-az1--x-s3/1306.parquet\", \"s3://tpch31087--apne1-az1--x-s3/1307.parquet\", \"s3://tpch31087--apne1-az1--x-s3/1308.parquet\", \"s3://tpch31087--apne1-az1--x-s3/1309.parquet\", \"s3://tpch31087--apne1-az1--x-s3/1310.parquet\", \"s3://tpch31087--apne1-az1--x-s3/1361.parquet\", \"s3://tpch31087--apne1-az1--x-s3/1362.parquet\", \"s3://tpch31087--apne1-az1--x-s3/1363.parquet\", \"s3://tpch31087--apne1-az1--x-s3/1364.parquet\", \"s3://tpch31087--apne1-az1--x-s3/1365.parquet\", \"s3://tpch31087--apne1-az1--x-s3/1366.parquet\", \"s3://tpch31087--apne1-az1--x-s3/1367.parquet\", \"s3://tpch31087--apne1-az1--x-s3/1368.parquet\", \"s3://tpch31087--apne1-az1--x-s3/1471.parquet\", \"s3://tpch31087--apne1-az1--x-s3/1472.parquet\", \"s3://tpch31087--apne1-az1--x-s3/1473.parquet\", \"s3://tpch31087--apne1-az1--x-s3/1474.parquet\", \"s3://tpch31087--apne1-az1--x-s3/1475.parquet\", \"s3://tpch31087--apne1-az1--x-s3/1476.parquet\", \"s3://tpch31087--apne1-az1--x-s3/1477.parquet\", \"s3://tpch31087--apne1-az1--x-s3/1478.parquet\", \"s3://tpch31087--apne1-az1--x-s3/1505.parquet\", \"s3://tpch31087--apne1-az1--x-s3/1506.parquet\", \"s3://tpch31087--apne1-az1--x-s3/1507.parquet\", \"s3://tpch31087--apne1-az1--x-s3/1508.parquet\", \"s3://tpch31087--apne1-az1--x-s3/1509.parquet\", \"s3://tpch31087--apne1-az1--x-s3/1571.parquet\", \"s3://tpch31087--apne1-az1--x-s3/1572.parquet\", \"s3://tpch31087--apne1-az1--x-s3/1573.parquet\"])\n    WHERE\n        l_shipdate >= DATE '1992-01-01' + INTERVAL 16 MONTH\n        AND l_shipdate < DATE '1992-01-01' + INTERVAL 16 MONTH + INTERVAL 3 MONTH\n    GROUP BY\n        supplier_no\n)\nSELECT\n    s_suppkey,\n    s_name,\n    s_address,\n    s_phone,\n    total_revenue\nFROM\n    'pool/supplier/*.parquet',\n    revenue\nWHERE\n    s_suppkey = supplier_no\n    AND total_revenue = (\n        SELECT\n            max(total_revenue)\n        FROM\n            revenue\n    )\nORDER BY\n    s_suppkey;",
    "children": [
        {
            "result_set_size": 72,
            "operator_timing": 0.000029794,
            "operator_rows_scanned": 0,
            "cumulative_rows_scanned": 7010944000,
            "operator_cardinality": 1,
            "operator_type": "ORDER_BY",
            "cumulative_cardinality": 212584573,
            "extra_info": {
                "Order By": "\"pool/supplier/*.parquet\".s_suppkey ASC"
            },
            "cpu_time": 84.592176378,
            "children": [
                {
                    "result_set_size": 72,
                    "operator_timing": 0.000001301,
                    "operator_rows_scanned": 0,
                    "cumulative_rows_scanned": 7010944000,
                    "operator_cardinality": 1,
                    "operator_type": "PROJECTION",
                    "cumulative_cardinality": 212584572,
                    "extra_info": {
                        "Projections": [
                            "s_suppkey",
                            "s_name",
                            "s_address",
                            "s_phone",
                            "total_revenue"
                        ],
                        "Estimated Cardinality": "21539200"
                    },
                    "cpu_time": 84.592146584,
                    "children": [
                        {
                            "result_set_size": 0,
                            "operator_timing": 0.05861557100000001,
                            "operator_rows_scanned": 0,
                            "cumulative_rows_scanned": 7010944000,
                            "operator_cardinality": 0,
                            "operator_type": "CTE",
                            "cumulative_cardinality": 212584571,
                            "extra_info": {
                                "CTE Name": "revenue",
                                "Table Index": "0"
                            },
                            "cpu_time": 84.59214528300001,
                            "children": [
                                {
                                    "result_set_size": 120000000,
                                    "operator_timing": 16.827655789,
                                    "operator_rows_scanned": 0,
                                    "cumulative_rows_scanned": 6892544000,
                                    "operator_cardinality": 5000000,
                                    "operator_type": "HASH_GROUP_BY",
                                    "cumulative_cardinality": 197584564,
                                    "extra_info": {
                                        "Groups": "#0",
                                        "Aggregates": "sum(#1)",
                                        "Estimated Cardinality": "21539200"
                                    },
                                    "cpu_time": 84.37420363700001,
                                    "children": [
                                        {
                                            "result_set_size": 1540676512,
                                            "operator_timing": 0.668910684,
                                            "operator_rows_scanned": 0,
                                            "cumulative_rows_scanned": 6892544000,
                                            "operator_cardinality": 96292282,
                                            "operator_type": "PROJECTION",
                                            "cumulative_cardinality": 192584564,
                                            "extra_info": {
                                                "Projections": [
                                                    "supplier_no",
                                                    "(l_extendedprice * (1.00 - l_discount))"
                                                ],
                                                "Estimated Cardinality": "43078400"
                                            },
                                            "cpu_time": 67.546547848,
                                            "children": [
                                                {
                                                    "result_set_size": 2311014768,
                                                    "operator_timing": 66.877637164,
                                                    "operator_rows_scanned": 6892544000,
                                                    "cumulative_rows_scanned": 6892544000,
                                                    "operator_cardinality": 96292282,
                                                    "operator_type": "TABLE_SCAN",
                                                    "cumulative_cardinality": 96292282,
                                                    "extra_info": {
                                                        "Function": "READ_PARQUET",
                                                        "Projections": [
                                                            "l_suppkey",
                                                            "l_extendedprice",
                                                            "l_discount"
                                                        ],
                                                        "Filters": "l_shipdate>='1993-05-01'::DATE AND l_shipdate<'1993-08-01'::DATE AND l_shipdate IS NOT NULL",
                                                        "Estimated Cardinality": "43078400"
                                                    },
                                                    "cpu_time": 66.877637164,
                                                    "children": []
                                                }
                                            ]
                                        }
                                    ]
                                },
                                {
                                    "result_set_size": 96,
                                    "operator_timing": 0.00021879299999999998,
                                    "operator_rows_scanned": 0,
                                    "cumulative_rows_scanned": 118400000,
                                    "operator_cardinality": 1,
                                    "operator_type": "HASH_JOIN",
                                    "cumulative_cardinality": 15000007,
                                    "extra_info": {
                                        "Join Type": "INNER",
                                        "Conditions": "s_suppkey = supplier_no",
                                        "Estimated Cardinality": "0"
                                    },
                                    "cpu_time": 0.159326075,
                                    "children": [
                                        {
                                            "result_set_size": 56,
                                            "operator_timing": 0.08523556,
                                            "operator_rows_scanned": 118400000,
                                            "cumulative_rows_scanned": 118400000,
                                            "operator_cardinality": 1,
                                            "operator_type": "TABLE_SCAN",
                                            "cumulative_cardinality": 1,
                                            "extra_info": {
                                                "Function": "PARQUET_SCAN",
                                                "Projections": "",
                                                "Estimated Cardinality": "3700000"
                                            },
                                            "cpu_time": 0.08523556,
                                            "children": []
                                        },
                                        {
                                            "result_set_size": 40,
                                            "operator_timing": 0.028996100000000007,
                                            "operator_rows_scanned": 0,
                                            "cumulative_rows_scanned": 0,
                                            "operator_cardinality": 1,
                                            "operator_type": "HASH_JOIN",
                                            "cumulative_cardinality": 15000005,
                                            "extra_info": {
                                                "Join Type": "INNER",
                                                "Conditions": "total_revenue = SUBQUERY",
                                                "Estimated Cardinality": "0"
                                            },
                                            "cpu_time": 0.07387172200000001,
                                            "children": [
                                                {
                                                    "result_set_size": 120000000,
                                                    "operator_timing": 0.007808246999999998,
                                                    "operator_rows_scanned": 0,
                                                    "cumulative_rows_scanned": 0,
                                                    "operator_cardinality": 5000000,
                                                    "operator_type": "CTE_SCAN",
                                                    "cumulative_cardinality": 5000000,
                                                    "extra_info": {
                                                        "CTE Index": "0",
                                                        "Estimated Cardinality": "21539200"
                                                    },
                                                    "cpu_time": 0.007808246999999998,
                                                    "children": []
                                                },
                                                {
                                                    "result_set_size": 16,
                                                    "operator_timing": 0.000003186,
                                                    "operator_rows_scanned": 0,
                                                    "cumulative_rows_scanned": 0,
                                                    "operator_cardinality": 1,
                                                    "operator_type": "PROJECTION",
                                                    "cumulative_cardinality": 10000004,
                                                    "extra_info": {
                                                        "Projections": [
                                                            "CASE  WHEN ((#1 > 1)) THEN (error('More than one row returned by a subquery used as an expression - scalar subqueries can only return a single row.",
                                                            "Use \"SET scalar_subquery_error_on_multiple_rows=false\" to revert to previous behavior of returning a random row.')) ELSE #0 END"
                                                        ],
                                                        "Estimated Cardinality": "1"
                                                    },
                                                    "cpu_time": 0.03706737500000001,
                                                    "children": [
                                                        {
                                                            "result_set_size": 24,
                                                            "operator_timing": 0.000002825,
                                                            "operator_rows_scanned": 0,
                                                            "cumulative_rows_scanned": 0,
                                                            "operator_cardinality": 1,
                                                            "operator_type": "UNGROUPED_AGGREGATE",
                                                            "cumulative_cardinality": 10000003,
                                                            "extra_info": {
                                                                "Aggregates": [
                                                                    "\"first\"(#0)",
                                                                    "count_star()"
                                                                ]
                                                            },
                                                            "cpu_time": 0.037064189000000004,
                                                            "children": [
                                                                {
                                                                    "result_set_size": 16,
                                                                    "operator_timing": 2.88e-7,
                                                                    "operator_rows_scanned": 0,
                                                                    "cumulative_rows_scanned": 0,
                                                                    "operator_cardinality": 1,
                                                                    "operator_type": "PROJECTION",
                                                                    "cumulative_cardinality": 10000002,
                                                                    "extra_info": {
                                                                        "Projections": "#0",
                                                                        "Estimated Cardinality": "1"
                                                                    },
                                                                    "cpu_time": 0.037061364000000006,
                                                                    "children": [
                                                                        {
                                                                            "result_set_size": 16,
                                                                            "operator_timing": 0.008934693000000002,
                                                                            "operator_rows_scanned": 0,
                                                                            "cumulative_rows_scanned": 0,
                                                                            "operator_cardinality": 1,
                                                                            "operator_type": "UNGROUPED_AGGREGATE",
                                                                            "cumulative_cardinality": 10000001,
                                                                            "extra_info": {
                                                                                "Aggregates": "max(#0)"
                                                                            },
                                                                            "cpu_time": 0.037061076000000005,
                                                                            "children": [
                                                                                {
                                                                                    "result_set_size": 80000000,
                                                                                    "operator_timing": 0.00032074299999999996,
                                                                                    "operator_rows_scanned": 0,
                                                                                    "cumulative_rows_scanned": 0,
                                                                                    "operator_cardinality": 5000000,
                                                                                    "operator_type": "PROJECTION",
                                                                                    "cumulative_cardinality": 10000000,
                                                                                    "extra_info": {
                                                                                        "Projections": "total_revenue",
                                                                                        "Estimated Cardinality": "21539200"
                                                                                    },
                                                                                    "cpu_time": 0.028126383,
                                                                                    "children": [
                                                                                        {
                                                                                            "result_set_size": 120000000,
                                                                                            "operator_timing": 0.027805640000000003,
                                                                                            "operator_rows_scanned": 0,
                                                                                            "cumulative_rows_scanned": 0,
                                                                                            "operator_cardinality": 5000000,
                                                                                            "operator_type": "CTE_SCAN",
                                                                                            "cumulative_cardinality": 5000000,
                                                                                            "extra_info": {
                                                                                                "CTE Index": "0",
                                                                                                "Estimated Cardinality": "21539200"
                                                                                            },
                                                                                            "cpu_time": 0.027805640000000003,
                                                                                            "children": []
                                                                                        }
                                                                                    ]
                                                                                }
                                                                            ]
                                                                        }
                                                                    ]
                                                                }
                                                            ]
                                                        }
                                                    ]
                                                }
                                            ]
                                        }
                                    ]
                                }
                            ]
                        }
                    ]
                }
            ]
        }
    ]
}