{
    "rows_returned": 2,
    "latency": 4.017604827,
    "result_set_size": 96,
    "cumulative_rows_scanned": 27370752000,
    "cumulative_cardinality": 613965780,
    "extra_info": {},
    "cpu_time": 121.42223826400006,
    "blocked_thread_time": 0.0,
    "query_name": "SELECT\n    l_shipmode,\n    sum(CASE \n            WHEN o_orderpriority = '1-URGENT'\n                OR o_orderpriority = '2-HIGH' \n            THEN 1\n            ELSE 0\n    END) AS high_line_count,\n    sum(CASE\n            WHEN o_orderpriority <> '1-URGENT'\n                AND o_orderpriority <> '2-HIGH'\n            THEN 1\n            ELSE 0\n    END) AS low_line_count\nFROM\n    'pool/orders/*.parquet',\n    read_parquet([\"s3://tpch3934--apne1-az1--x-s3/133.parquet\", \"s3://tpch3934--apne1-az1--x-s3/134.parquet\", \"s3://tpch3934--apne1-az1--x-s3/135.parquet\", \"s3://tpch3934--apne1-az1--x-s3/136.parquet\", \"s3://tpch3934--apne1-az1--x-s3/137.parquet\", \"s3://tpch3934--apne1-az1--x-s3/138.parquet\", \"s3://tpch3934--apne1-az1--x-s3/139.parquet\", \"s3://tpch3934--apne1-az1--x-s3/140.parquet\", \"s3://tpch3934--apne1-az1--x-s3/141.parquet\", \"s3://tpch3934--apne1-az1--x-s3/142.parquet\", \"s3://tpch3934--apne1-az1--x-s3/143.parquet\", \"s3://tpch3934--apne1-az1--x-s3/144.parquet\", \"s3://tpch3934--apne1-az1--x-s3/145.parquet\", \"s3://tpch3934--apne1-az1--x-s3/146.parquet\", \"s3://tpch3934--apne1-az1--x-s3/147.parquet\", \"s3://tpch3934--apne1-az1--x-s3/148.parquet\", \"s3://tpch3934--apne1-az1--x-s3/149.parquet\", \"s3://tpch3934--apne1-az1--x-s3/150.parquet\", \"s3://tpch3934--apne1-az1--x-s3/151.parquet\", \"s3://tpch3934--apne1-az1--x-s3/152.parquet\", \"s3://tpch3934--apne1-az1--x-s3/153.parquet\", \"s3://tpch3934--apne1-az1--x-s3/154.parquet\", \"s3://tpch3934--apne1-az1--x-s3/155.parquet\", \"s3://tpch3934--apne1-az1--x-s3/156.parquet\", \"s3://tpch3934--apne1-az1--x-s3/157.parquet\", \"s3://tpch3934--apne1-az1--x-s3/158.parquet\", \"s3://tpch3934--apne1-az1--x-s3/159.parquet\", \"s3://tpch3934--apne1-az1--x-s3/160.parquet\", \"s3://tpch3934--apne1-az1--x-s3/161.parquet\", \"s3://tpch3934--apne1-az1--x-s3/162.parquet\", \"s3://tpch3934--apne1-az1--x-s3/163.parquet\", \"s3://tpch3934--apne1-az1--x-s3/164.parquet\", \"s3://tpch3934--apne1-az1--x-s3/165.parquet\", \"s3://tpch3934--apne1-az1--x-s3/166.parquet\", \"s3://tpch3934--apne1-az1--x-s3/167.parquet\", \"s3://tpch3934--apne1-az1--x-s3/168.parquet\", \"s3://tpch3934--apne1-az1--x-s3/169.parquet\", \"s3://tpch3934--apne1-az1--x-s3/170.parquet\", \"s3://tpch3934--apne1-az1--x-s3/171.parquet\", \"s3://tpch3934--apne1-az1--x-s3/172.parquet\", \"s3://tpch3934--apne1-az1--x-s3/173.parquet\", \"s3://tpch3934--apne1-az1--x-s3/174.parquet\", \"s3://tpch3934--apne1-az1--x-s3/175.parquet\", \"s3://tpch3934--apne1-az1--x-s3/176.parquet\", \"s3://tpch3934--apne1-az1--x-s3/177.parquet\", \"s3://tpch3934--apne1-az1--x-s3/178.parquet\", \"s3://tpch3934--apne1-az1--x-s3/179.parquet\", \"s3://tpch3934--apne1-az1--x-s3/180.parquet\", \"s3://tpch3934--apne1-az1--x-s3/181.parquet\", \"s3://tpch3934--apne1-az1--x-s3/182.parquet\", \"s3://tpch3934--apne1-az1--x-s3/183.parquet\", \"s3://tpch3934--apne1-az1--x-s3/184.parquet\", \"s3://tpch3934--apne1-az1--x-s3/185.parquet\", \"s3://tpch3934--apne1-az1--x-s3/186.parquet\", \"s3://tpch3934--apne1-az1--x-s3/187.parquet\", \"s3://tpch3934--apne1-az1--x-s3/188.parquet\", \"s3://tpch3934--apne1-az1--x-s3/189.parquet\", \"s3://tpch3934--apne1-az1--x-s3/190.parquet\", \"s3://tpch3934--apne1-az1--x-s3/191.parquet\", \"s3://tpch3934--apne1-az1--x-s3/192.parquet\", \"s3://tpch3934--apne1-az1--x-s3/193.parquet\", \"s3://tpch3934--apne1-az1--x-s3/194.parquet\", \"s3://tpch3934--apne1-az1--x-s3/195.parquet\", \"s3://tpch3934--apne1-az1--x-s3/196.parquet\", \"s3://tpch3934--apne1-az1--x-s3/197.parquet\", \"s3://tpch3934--apne1-az1--x-s3/198.parquet\", \"s3://tpch3934--apne1-az1--x-s3/199.parquet\", \"s3://tpch3934--apne1-az1--x-s3/200.parquet\", \"s3://tpch3934--apne1-az1--x-s3/201.parquet\", \"s3://tpch3934--apne1-az1--x-s3/202.parquet\", \"s3://tpch3934--apne1-az1--x-s3/203.parquet\", \"s3://tpch3934--apne1-az1--x-s3/204.parquet\", \"s3://tpch3934--apne1-az1--x-s3/205.parquet\", \"s3://tpch3934--apne1-az1--x-s3/206.parquet\", \"s3://tpch3934--apne1-az1--x-s3/207.parquet\", \"s3://tpch3934--apne1-az1--x-s3/208.parquet\", \"s3://tpch3934--apne1-az1--x-s3/209.parquet\", \"s3://tpch3934--apne1-az1--x-s3/210.parquet\", \"s3://tpch3934--apne1-az1--x-s3/211.parquet\", \"s3://tpch3934--apne1-az1--x-s3/212.parquet\", \"s3://tpch3934--apne1-az1--x-s3/213.parquet\", \"s3://tpch3934--apne1-az1--x-s3/214.parquet\", \"s3://tpch3934--apne1-az1--x-s3/215.parquet\", \"s3://tpch3934--apne1-az1--x-s3/216.parquet\", \"s3://tpch3934--apne1-az1--x-s3/217.parquet\", \"s3://tpch3934--apne1-az1--x-s3/218.parquet\", \"s3://tpch3934--apne1-az1--x-s3/219.parquet\", \"s3://tpch3934--apne1-az1--x-s3/220.parquet\", \"s3://tpch3934--apne1-az1--x-s3/221.parquet\", \"s3://tpch3934--apne1-az1--x-s3/222.parquet\", \"s3://tpch3934--apne1-az1--x-s3/223.parquet\", \"s3://tpch3934--apne1-az1--x-s3/224.parquet\", \"s3://tpch3934--apne1-az1--x-s3/225.parquet\", \"s3://tpch3934--apne1-az1--x-s3/226.parquet\", \"s3://tpch3934--apne1-az1--x-s3/227.parquet\", \"s3://tpch3934--apne1-az1--x-s3/228.parquet\", \"s3://tpch3934--apne1-az1--x-s3/229.parquet\", \"s3://tpch3934--apne1-az1--x-s3/230.parquet\", \"s3://tpch3934--apne1-az1--x-s3/231.parquet\", \"s3://tpch3934--apne1-az1--x-s3/232.parquet\", \"s3://tpch3934--apne1-az1--x-s3/233.parquet\", \"s3://tpch3934--apne1-az1--x-s3/234.parquet\", \"s3://tpch3934--apne1-az1--x-s3/235.parquet\", \"s3://tpch3934--apne1-az1--x-s3/236.parquet\", \"s3://tpch3934--apne1-az1--x-s3/237.parquet\", \"s3://tpch3934--apne1-az1--x-s3/238.parquet\", \"s3://tpch3934--apne1-az1--x-s3/239.parquet\", \"s3://tpch3934--apne1-az1--x-s3/240.parquet\", \"s3://tpch3934--apne1-az1--x-s3/241.parquet\", \"s3://tpch3934--apne1-az1--x-s3/242.parquet\", \"s3://tpch3934--apne1-az1--x-s3/243.parquet\", \"s3://tpch3934--apne1-az1--x-s3/244.parquet\", \"s3://tpch3934--apne1-az1--x-s3/245.parquet\", \"s3://tpch3934--apne1-az1--x-s3/246.parquet\", \"s3://tpch3934--apne1-az1--x-s3/247.parquet\", \"s3://tpch3934--apne1-az1--x-s3/248.parquet\", \"s3://tpch3934--apne1-az1--x-s3/249.parquet\", \"s3://tpch3934--apne1-az1--x-s3/250.parquet\", \"s3://tpch3934--apne1-az1--x-s3/251.parquet\", \"s3://tpch3934--apne1-az1--x-s3/252.parquet\", \"s3://tpch3934--apne1-az1--x-s3/253.parquet\", \"s3://tpch3934--apne1-az1--x-s3/254.parquet\", \"s3://tpch3934--apne1-az1--x-s3/255.parquet\", \"s3://tpch3934--apne1-az1--x-s3/256.parquet\", \"s3://tpch3934--apne1-az1--x-s3/257.parquet\", \"s3://tpch3934--apne1-az1--x-s3/258.parquet\", \"s3://tpch3934--apne1-az1--x-s3/259.parquet\", \"s3://tpch3934--apne1-az1--x-s3/260.parquet\", \"s3://tpch3934--apne1-az1--x-s3/261.parquet\", \"s3://tpch3934--apne1-az1--x-s3/262.parquet\", \"s3://tpch3934--apne1-az1--x-s3/263.parquet\", \"s3://tpch3934--apne1-az1--x-s3/264.parquet\", \"s3://tpch3934--apne1-az1--x-s3/265.parquet\", \"s3://tpch3934--apne1-az1--x-s3/266.parquet\", \"s3://tpch3934--apne1-az1--x-s3/267.parquet\", \"s3://tpch3934--apne1-az1--x-s3/268.parquet\", \"s3://tpch3934--apne1-az1--x-s3/269.parquet\", \"s3://tpch3934--apne1-az1--x-s3/270.parquet\", \"s3://tpch3934--apne1-az1--x-s3/271.parquet\", \"s3://tpch3934--apne1-az1--x-s3/272.parquet\", \"s3://tpch3934--apne1-az1--x-s3/273.parquet\", \"s3://tpch3934--apne1-az1--x-s3/274.parquet\", \"s3://tpch3934--apne1-az1--x-s3/275.parquet\", \"s3://tpch3934--apne1-az1--x-s3/276.parquet\", \"s3://tpch3934--apne1-az1--x-s3/277.parquet\", \"s3://tpch3934--apne1-az1--x-s3/278.parquet\", \"s3://tpch3934--apne1-az1--x-s3/279.parquet\", \"s3://tpch3934--apne1-az1--x-s3/280.parquet\", \"s3://tpch3934--apne1-az1--x-s3/281.parquet\", \"s3://tpch3934--apne1-az1--x-s3/282.parquet\", \"s3://tpch3934--apne1-az1--x-s3/283.parquet\", \"s3://tpch3934--apne1-az1--x-s3/284.parquet\", \"s3://tpch3934--apne1-az1--x-s3/285.parquet\", \"s3://tpch3934--apne1-az1--x-s3/286.parquet\", \"s3://tpch3934--apne1-az1--x-s3/287.parquet\", \"s3://tpch3934--apne1-az1--x-s3/288.parquet\", \"s3://tpch3934--apne1-az1--x-s3/289.parquet\", \"s3://tpch3934--apne1-az1--x-s3/290.parquet\", \"s3://tpch3934--apne1-az1--x-s3/291.parquet\", \"s3://tpch3934--apne1-az1--x-s3/292.parquet\", \"s3://tpch3934--apne1-az1--x-s3/293.parquet\", \"s3://tpch3934--apne1-az1--x-s3/294.parquet\", \"s3://tpch3934--apne1-az1--x-s3/295.parquet\", \"s3://tpch3934--apne1-az1--x-s3/296.parquet\", \"s3://tpch3934--apne1-az1--x-s3/297.parquet\", \"s3://tpch3934--apne1-az1--x-s3/298.parquet\", \"s3://tpch3934--apne1-az1--x-s3/299.parquet\", \"s3://tpch3934--apne1-az1--x-s3/300.parquet\", \"s3://tpch3934--apne1-az1--x-s3/301.parquet\", \"s3://tpch3934--apne1-az1--x-s3/302.parquet\", \"s3://tpch3934--apne1-az1--x-s3/303.parquet\", \"s3://tpch3934--apne1-az1--x-s3/304.parquet\", \"s3://tpch3934--apne1-az1--x-s3/305.parquet\", \"s3://tpch3934--apne1-az1--x-s3/306.parquet\", \"s3://tpch3934--apne1-az1--x-s3/307.parquet\", \"s3://tpch3934--apne1-az1--x-s3/308.parquet\", \"s3://tpch3934--apne1-az1--x-s3/309.parquet\", \"s3://tpch3934--apne1-az1--x-s3/310.parquet\", \"s3://tpch3934--apne1-az1--x-s3/311.parquet\", \"s3://tpch3934--apne1-az1--x-s3/312.parquet\", \"s3://tpch3934--apne1-az1--x-s3/313.parquet\", \"s3://tpch3934--apne1-az1--x-s3/314.parquet\", \"s3://tpch3934--apne1-az1--x-s3/315.parquet\", \"s3://tpch3934--apne1-az1--x-s3/316.parquet\", \"s3://tpch3934--apne1-az1--x-s3/317.parquet\", \"s3://tpch3934--apne1-az1--x-s3/318.parquet\", \"s3://tpch3934--apne1-az1--x-s3/319.parquet\", \"s3://tpch3934--apne1-az1--x-s3/320.parquet\", \"s3://tpch3934--apne1-az1--x-s3/321.parquet\", \"s3://tpch3934--apne1-az1--x-s3/322.parquet\", \"s3://tpch3934--apne1-az1--x-s3/323.parquet\", \"s3://tpch3934--apne1-az1--x-s3/324.parquet\", \"s3://tpch3934--apne1-az1--x-s3/325.parquet\", \"s3://tpch3934--apne1-az1--x-s3/326.parquet\", \"s3://tpch3934--apne1-az1--x-s3/327.parquet\", \"s3://tpch3934--apne1-az1--x-s3/328.parquet\", \"s3://tpch3934--apne1-az1--x-s3/329.parquet\", \"s3://tpch3934--apne1-az1--x-s3/330.parquet\", \"s3://tpch3934--apne1-az1--x-s3/331.parquet\", \"s3://tpch3934--apne1-az1--x-s3/332.parquet\", \"s3://tpch3934--apne1-az1--x-s3/333.parquet\", \"s3://tpch3934--apne1-az1--x-s3/334.parquet\", \"s3://tpch3934--apne1-az1--x-s3/335.parquet\", \"s3://tpch3934--apne1-az1--x-s3/336.parquet\", \"s3://tpch3934--apne1-az1--x-s3/337.parquet\", \"s3://tpch3934--apne1-az1--x-s3/338.parquet\", \"s3://tpch3934--apne1-az1--x-s3/339.parquet\", \"s3://tpch3934--apne1-az1--x-s3/340.parquet\", \"s3://tpch3934--apne1-az1--x-s3/341.parquet\", \"s3://tpch3934--apne1-az1--x-s3/342.parquet\", \"s3://tpch3934--apne1-az1--x-s3/343.parquet\", \"s3://tpch3934--apne1-az1--x-s3/344.parquet\", \"s3://tpch3934--apne1-az1--x-s3/345.parquet\", \"s3://tpch3934--apne1-az1--x-s3/346.parquet\", \"s3://tpch3934--apne1-az1--x-s3/347.parquet\", \"s3://tpch3934--apne1-az1--x-s3/348.parquet\", \"s3://tpch3934--apne1-az1--x-s3/349.parquet\", \"s3://tpch3934--apne1-az1--x-s3/350.parquet\", \"s3://tpch3934--apne1-az1--x-s3/351.parquet\", \"s3://tpch3934--apne1-az1--x-s3/352.parquet\", \"s3://tpch3934--apne1-az1--x-s3/353.parquet\", \"s3://tpch3934--apne1-az1--x-s3/354.parquet\", \"s3://tpch3934--apne1-az1--x-s3/355.parquet\", \"s3://tpch3934--apne1-az1--x-s3/356.parquet\", \"s3://tpch3934--apne1-az1--x-s3/357.parquet\", \"s3://tpch3934--apne1-az1--x-s3/358.parquet\", \"s3://tpch3934--apne1-az1--x-s3/359.parquet\", \"s3://tpch3934--apne1-az1--x-s3/360.parquet\", \"s3://tpch3934--apne1-az1--x-s3/361.parquet\", \"s3://tpch3934--apne1-az1--x-s3/362.parquet\", \"s3://tpch3934--apne1-az1--x-s3/363.parquet\", \"s3://tpch3934--apne1-az1--x-s3/364.parquet\", \"s3://tpch3934--apne1-az1--x-s3/365.parquet\", \"s3://tpch3934--apne1-az1--x-s3/366.parquet\", \"s3://tpch3934--apne1-az1--x-s3/367.parquet\", \"s3://tpch3934--apne1-az1--x-s3/368.parquet\", \"s3://tpch3934--apne1-az1--x-s3/369.parquet\", \"s3://tpch3934--apne1-az1--x-s3/370.parquet\", \"s3://tpch3934--apne1-az1--x-s3/371.parquet\", \"s3://tpch3934--apne1-az1--x-s3/372.parquet\", \"s3://tpch3934--apne1-az1--x-s3/373.parquet\", \"s3://tpch3934--apne1-az1--x-s3/374.parquet\", \"s3://tpch3934--apne1-az1--x-s3/375.parquet\", \"s3://tpch3934--apne1-az1--x-s3/376.parquet\", \"s3://tpch3934--apne1-az1--x-s3/377.parquet\", \"s3://tpch3934--apne1-az1--x-s3/378.parquet\", \"s3://tpch3934--apne1-az1--x-s3/379.parquet\", \"s3://tpch3934--apne1-az1--x-s3/380.parquet\", \"s3://tpch3934--apne1-az1--x-s3/381.parquet\", \"s3://tpch3934--apne1-az1--x-s3/382.parquet\", \"s3://tpch3934--apne1-az1--x-s3/383.parquet\", \"s3://tpch3934--apne1-az1--x-s3/384.parquet\", \"s3://tpch3934--apne1-az1--x-s3/385.parquet\", \"s3://tpch3934--apne1-az1--x-s3/386.parquet\", \"s3://tpch3934--apne1-az1--x-s3/387.parquet\", \"s3://tpch3934--apne1-az1--x-s3/388.parquet\", \"s3://tpch3934--apne1-az1--x-s3/389.parquet\", \"s3://tpch3934--apne1-az1--x-s3/390.parquet\", \"s3://tpch3934--apne1-az1--x-s3/391.parquet\", \"s3://tpch3934--apne1-az1--x-s3/392.parquet\", \"s3://tpch3934--apne1-az1--x-s3/393.parquet\", \"s3://tpch3934--apne1-az1--x-s3/394.parquet\", \"s3://tpch3934--apne1-az1--x-s3/395.parquet\", \"s3://tpch3934--apne1-az1--x-s3/396.parquet\", \"s3://tpch3934--apne1-az1--x-s3/397.parquet\", \"s3://tpch3934--apne1-az1--x-s3/398.parquet\", \"s3://tpch3934--apne1-az1--x-s3/399.parquet\", \"s3://tpch3934--apne1-az1--x-s3/400.parquet\", \"s3://tpch3934--apne1-az1--x-s3/401.parquet\", \"s3://tpch3934--apne1-az1--x-s3/402.parquet\", \"s3://tpch3934--apne1-az1--x-s3/403.parquet\", \"s3://tpch3934--apne1-az1--x-s3/404.parquet\", \"s3://tpch3934--apne1-az1--x-s3/405.parquet\", \"s3://tpch3934--apne1-az1--x-s3/406.parquet\", \"s3://tpch3934--apne1-az1--x-s3/407.parquet\", \"s3://tpch3934--apne1-az1--x-s3/408.parquet\", \"s3://tpch3934--apne1-az1--x-s3/409.parquet\", \"s3://tpch3934--apne1-az1--x-s3/410.parquet\", \"s3://tpch3934--apne1-az1--x-s3/411.parquet\", \"s3://tpch3934--apne1-az1--x-s3/412.parquet\", \"s3://tpch3934--apne1-az1--x-s3/413.parquet\", \"s3://tpch3934--apne1-az1--x-s3/414.parquet\", \"s3://tpch3934--apne1-az1--x-s3/415.parquet\", \"s3://tpch3934--apne1-az1--x-s3/416.parquet\", \"s3://tpch3934--apne1-az1--x-s3/417.parquet\", \"s3://tpch3934--apne1-az1--x-s3/418.parquet\", \"s3://tpch3934--apne1-az1--x-s3/419.parquet\", \"s3://tpch3934--apne1-az1--x-s3/420.parquet\", \"s3://tpch3934--apne1-az1--x-s3/421.parquet\", \"s3://tpch3934--apne1-az1--x-s3/422.parquet\", \"s3://tpch3934--apne1-az1--x-s3/423.parquet\", \"s3://tpch3934--apne1-az1--x-s3/424.parquet\", \"s3://tpch3934--apne1-az1--x-s3/425.parquet\", \"s3://tpch3934--apne1-az1--x-s3/426.parquet\", \"s3://tpch3934--apne1-az1--x-s3/427.parquet\", \"s3://tpch3934--apne1-az1--x-s3/428.parquet\", \"s3://tpch3934--apne1-az1--x-s3/429.parquet\", \"s3://tpch3934--apne1-az1--x-s3/430.parquet\", \"s3://tpch3934--apne1-az1--x-s3/431.parquet\", \"s3://tpch3934--apne1-az1--x-s3/432.parquet\", \"s3://tpch3934--apne1-az1--x-s3/433.parquet\", \"s3://tpch3934--apne1-az1--x-s3/434.parquet\", \"s3://tpch3934--apne1-az1--x-s3/435.parquet\", \"s3://tpch3934--apne1-az1--x-s3/436.parquet\", \"s3://tpch3934--apne1-az1--x-s3/437.parquet\", \"s3://tpch3934--apne1-az1--x-s3/438.parquet\", \"s3://tpch3934--apne1-az1--x-s3/439.parquet\", \"s3://tpch3934--apne1-az1--x-s3/440.parquet\", \"s3://tpch3934--apne1-az1--x-s3/441.parquet\", \"s3://tpch3934--apne1-az1--x-s3/442.parquet\", \"s3://tpch3934--apne1-az1--x-s3/443.parquet\", \"s3://tpch3934--apne1-az1--x-s3/444.parquet\", \"s3://tpch3934--apne1-az1--x-s3/445.parquet\", \"s3://tpch3934--apne1-az1--x-s3/446.parquet\", \"s3://tpch3934--apne1-az1--x-s3/447.parquet\", \"s3://tpch3934--apne1-az1--x-s3/448.parquet\", \"s3://tpch3934--apne1-az1--x-s3/449.parquet\", \"s3://tpch3934--apne1-az1--x-s3/450.parquet\", \"s3://tpch3934--apne1-az1--x-s3/451.parquet\", \"s3://tpch3934--apne1-az1--x-s3/452.parquet\", \"s3://tpch3934--apne1-az1--x-s3/453.parquet\", \"s3://tpch3934--apne1-az1--x-s3/454.parquet\", \"s3://tpch3934--apne1-az1--x-s3/455.parquet\", \"s3://tpch3934--apne1-az1--x-s3/456.parquet\", \"s3://tpch3934--apne1-az1--x-s3/457.parquet\", \"s3://tpch3934--apne1-az1--x-s3/458.parquet\", \"s3://tpch3934--apne1-az1--x-s3/459.parquet\", \"s3://tpch3934--apne1-az1--x-s3/460.parquet\", \"s3://tpch3934--apne1-az1--x-s3/461.parquet\", \"s3://tpch3934--apne1-az1--x-s3/462.parquet\", \"s3://tpch3934--apne1-az1--x-s3/463.parquet\", \"s3://tpch3934--apne1-az1--x-s3/464.parquet\", \"s3://tpch3934--apne1-az1--x-s3/465.parquet\", \"s3://tpch3934--apne1-az1--x-s3/466.parquet\", \"s3://tpch3934--apne1-az1--x-s3/467.parquet\", \"s3://tpch3934--apne1-az1--x-s3/468.parquet\", \"s3://tpch3934--apne1-az1--x-s3/469.parquet\", \"s3://tpch3934--apne1-az1--x-s3/470.parquet\", \"s3://tpch3934--apne1-az1--x-s3/471.parquet\", \"s3://tpch3934--apne1-az1--x-s3/472.parquet\", \"s3://tpch3934--apne1-az1--x-s3/473.parquet\", \"s3://tpch3934--apne1-az1--x-s3/474.parquet\", \"s3://tpch3934--apne1-az1--x-s3/475.parquet\", \"s3://tpch3934--apne1-az1--x-s3/476.parquet\", \"s3://tpch3934--apne1-az1--x-s3/477.parquet\", \"s3://tpch3934--apne1-az1--x-s3/478.parquet\", \"s3://tpch3934--apne1-az1--x-s3/479.parquet\", \"s3://tpch3934--apne1-az1--x-s3/480.parquet\", \"s3://tpch3934--apne1-az1--x-s3/481.parquet\", \"s3://tpch3934--apne1-az1--x-s3/482.parquet\", \"s3://tpch3934--apne1-az1--x-s3/483.parquet\", \"s3://tpch3934--apne1-az1--x-s3/484.parquet\", \"s3://tpch3934--apne1-az1--x-s3/485.parquet\", \"s3://tpch3934--apne1-az1--x-s3/486.parquet\", \"s3://tpch3934--apne1-az1--x-s3/487.parquet\", \"s3://tpch3934--apne1-az1--x-s3/488.parquet\", \"s3://tpch3934--apne1-az1--x-s3/489.parquet\", \"s3://tpch3934--apne1-az1--x-s3/490.parquet\", \"s3://tpch3934--apne1-az1--x-s3/491.parquet\", \"s3://tpch3934--apne1-az1--x-s3/492.parquet\", \"s3://tpch3934--apne1-az1--x-s3/493.parquet\", \"s3://tpch3934--apne1-az1--x-s3/494.parquet\", \"s3://tpch3934--apne1-az1--x-s3/495.parquet\", \"s3://tpch3934--apne1-az1--x-s3/496.parquet\", \"s3://tpch3934--apne1-az1--x-s3/497.parquet\", \"s3://tpch3934--apne1-az1--x-s3/498.parquet\", \"s3://tpch3934--apne1-az1--x-s3/499.parquet\", \"s3://tpch3934--apne1-az1--x-s3/500.parquet\", \"s3://tpch3934--apne1-az1--x-s3/501.parquet\", \"s3://tpch3934--apne1-az1--x-s3/502.parquet\", \"s3://tpch3934--apne1-az1--x-s3/503.parquet\", \"s3://tpch3934--apne1-az1--x-s3/504.parquet\", \"s3://tpch3934--apne1-az1--x-s3/505.parquet\", \"s3://tpch3934--apne1-az1--x-s3/506.parquet\", \"s3://tpch3934--apne1-az1--x-s3/507.parquet\", \"s3://tpch3934--apne1-az1--x-s3/508.parquet\", \"s3://tpch3934--apne1-az1--x-s3/509.parquet\", \"s3://tpch3934--apne1-az1--x-s3/510.parquet\", \"s3://tpch3934--apne1-az1--x-s3/511.parquet\", \"s3://tpch3934--apne1-az1--x-s3/512.parquet\", \"s3://tpch3934--apne1-az1--x-s3/513.parquet\", \"s3://tpch3934--apne1-az1--x-s3/514.parquet\", \"s3://tpch3934--apne1-az1--x-s3/515.parquet\", \"s3://tpch3934--apne1-az1--x-s3/516.parquet\", \"s3://tpch3934--apne1-az1--x-s3/517.parquet\", \"s3://tpch3934--apne1-az1--x-s3/518.parquet\", \"s3://tpch3934--apne1-az1--x-s3/519.parquet\", \"s3://tpch3934--apne1-az1--x-s3/520.parquet\", \"s3://tpch3934--apne1-az1--x-s3/521.parquet\", \"s3://tpch3934--apne1-az1--x-s3/522.parquet\", \"s3://tpch3934--apne1-az1--x-s3/523.parquet\", \"s3://tpch3934--apne1-az1--x-s3/524.parquet\", \"s3://tpch3934--apne1-az1--x-s3/525.parquet\", \"s3://tpch3934--apne1-az1--x-s3/526.parquet\", \"s3://tpch3934--apne1-az1--x-s3/527.parquet\", \"s3://tpch3934--apne1-az1--x-s3/528.parquet\", \"s3://tpch3934--apne1-az1--x-s3/529.parquet\", \"s3://tpch3934--apne1-az1--x-s3/530.parquet\", \"s3://tpch3934--apne1-az1--x-s3/531.parquet\", \"s3://tpch3934--apne1-az1--x-s3/532.parquet\", \"s3://tpch3934--apne1-az1--x-s3/533.parquet\", \"s3://tpch3934--apne1-az1--x-s3/534.parquet\", \"s3://tpch3934--apne1-az1--x-s3/535.parquet\", \"s3://tpch3934--apne1-az1--x-s3/536.parquet\", \"s3://tpch3934--apne1-az1--x-s3/537.parquet\", \"s3://tpch3934--apne1-az1--x-s3/538.parquet\", \"s3://tpch3934--apne1-az1--x-s3/539.parquet\", \"s3://tpch3934--apne1-az1--x-s3/540.parquet\", \"s3://tpch3934--apne1-az1--x-s3/541.parquet\", \"s3://tpch3934--apne1-az1--x-s3/542.parquet\", \"s3://tpch3934--apne1-az1--x-s3/543.parquet\", \"s3://tpch3934--apne1-az1--x-s3/544.parquet\", \"s3://tpch3934--apne1-az1--x-s3/545.parquet\", \"s3://tpch3934--apne1-az1--x-s3/546.parquet\", \"s3://tpch3934--apne1-az1--x-s3/547.parquet\", \"s3://tpch3934--apne1-az1--x-s3/548.parquet\", \"s3://tpch3934--apne1-az1--x-s3/549.parquet\", \"s3://tpch3934--apne1-az1--x-s3/550.parquet\", \"s3://tpch3934--apne1-az1--x-s3/551.parquet\", \"s3://tpch3934--apne1-az1--x-s3/552.parquet\", \"s3://tpch3934--apne1-az1--x-s3/553.parquet\", \"s3://tpch3934--apne1-az1--x-s3/554.parquet\", \"s3://tpch3934--apne1-az1--x-s3/555.parquet\", \"s3://tpch3934--apne1-az1--x-s3/556.parquet\", \"s3://tpch3934--apne1-az1--x-s3/557.parquet\", \"s3://tpch3934--apne1-az1--x-s3/558.parquet\", \"s3://tpch3934--apne1-az1--x-s3/559.parquet\", \"s3://tpch3934--apne1-az1--x-s3/560.parquet\", \"s3://tpch3934--apne1-az1--x-s3/561.parquet\", \"s3://tpch3934--apne1-az1--x-s3/562.parquet\", \"s3://tpch3934--apne1-az1--x-s3/563.parquet\", \"s3://tpch3934--apne1-az1--x-s3/564.parquet\", \"s3://tpch3934--apne1-az1--x-s3/565.parquet\", \"s3://tpch3934--apne1-az1--x-s3/566.parquet\", \"s3://tpch3934--apne1-az1--x-s3/567.parquet\", \"s3://tpch3934--apne1-az1--x-s3/568.parquet\", \"s3://tpch3934--apne1-az1--x-s3/569.parquet\", \"s3://tpch3934--apne1-az1--x-s3/570.parquet\", \"s3://tpch3934--apne1-az1--x-s3/571.parquet\", \"s3://tpch3934--apne1-az1--x-s3/572.parquet\", \"s3://tpch3934--apne1-az1--x-s3/573.parquet\", \"s3://tpch3934--apne1-az1--x-s3/574.parquet\", \"s3://tpch3934--apne1-az1--x-s3/575.parquet\", \"s3://tpch3934--apne1-az1--x-s3/576.parquet\", \"s3://tpch3934--apne1-az1--x-s3/577.parquet\", \"s3://tpch3934--apne1-az1--x-s3/578.parquet\", \"s3://tpch3934--apne1-az1--x-s3/579.parquet\", \"s3://tpch3934--apne1-az1--x-s3/580.parquet\", \"s3://tpch3934--apne1-az1--x-s3/581.parquet\", \"s3://tpch3934--apne1-az1--x-s3/582.parquet\", \"s3://tpch3934--apne1-az1--x-s3/583.parquet\", \"s3://tpch3934--apne1-az1--x-s3/584.parquet\", \"s3://tpch3934--apne1-az1--x-s3/585.parquet\", \"s3://tpch3934--apne1-az1--x-s3/586.parquet\", \"s3://tpch3934--apne1-az1--x-s3/587.parquet\", \"s3://tpch3934--apne1-az1--x-s3/588.parquet\", \"s3://tpch3934--apne1-az1--x-s3/589.parquet\", \"s3://tpch3934--apne1-az1--x-s3/590.parquet\", \"s3://tpch3934--apne1-az1--x-s3/591.parquet\", \"s3://tpch3934--apne1-az1--x-s3/592.parquet\", \"s3://tpch3934--apne1-az1--x-s3/593.parquet\", \"s3://tpch3934--apne1-az1--x-s3/594.parquet\", \"s3://tpch3934--apne1-az1--x-s3/595.parquet\", \"s3://tpch3934--apne1-az1--x-s3/596.parquet\", \"s3://tpch3934--apne1-az1--x-s3/597.parquet\", \"s3://tpch3934--apne1-az1--x-s3/598.parquet\", \"s3://tpch3934--apne1-az1--x-s3/599.parquet\", \"s3://tpch3934--apne1-az1--x-s3/600.parquet\", \"s3://tpch3934--apne1-az1--x-s3/601.parquet\", \"s3://tpch3934--apne1-az1--x-s3/602.parquet\", \"s3://tpch3934--apne1-az1--x-s3/603.parquet\", \"s3://tpch3934--apne1-az1--x-s3/604.parquet\", \"s3://tpch3934--apne1-az1--x-s3/605.parquet\", \"s3://tpch3934--apne1-az1--x-s3/606.parquet\", \"s3://tpch3934--apne1-az1--x-s3/607.parquet\", \"s3://tpch3934--apne1-az1--x-s3/608.parquet\", \"s3://tpch3934--apne1-az1--x-s3/609.parquet\", \"s3://tpch3934--apne1-az1--x-s3/610.parquet\", \"s3://tpch3934--apne1-az1--x-s3/611.parquet\", \"s3://tpch3934--apne1-az1--x-s3/612.parquet\", \"s3://tpch3934--apne1-az1--x-s3/613.parquet\", \"s3://tpch3934--apne1-az1--x-s3/614.parquet\", \"s3://tpch3934--apne1-az1--x-s3/615.parquet\", \"s3://tpch3934--apne1-az1--x-s3/616.parquet\", \"s3://tpch3934--apne1-az1--x-s3/617.parquet\", \"s3://tpch3934--apne1-az1--x-s3/618.parquet\", \"s3://tpch3934--apne1-az1--x-s3/619.parquet\", \"s3://tpch3934--apne1-az1--x-s3/620.parquet\", \"s3://tpch3934--apne1-az1--x-s3/621.parquet\", \"s3://tpch3934--apne1-az1--x-s3/622.parquet\", \"s3://tpch3934--apne1-az1--x-s3/623.parquet\", \"s3://tpch3934--apne1-az1--x-s3/624.parquet\", \"s3://tpch3934--apne1-az1--x-s3/625.parquet\", \"s3://tpch3934--apne1-az1--x-s3/626.parquet\", \"s3://tpch3934--apne1-az1--x-s3/627.parquet\", \"s3://tpch3934--apne1-az1--x-s3/628.parquet\", \"s3://tpch3934--apne1-az1--x-s3/629.parquet\", \"s3://tpch3934--apne1-az1--x-s3/630.parquet\", \"s3://tpch3934--apne1-az1--x-s3/631.parquet\", \"s3://tpch3934--apne1-az1--x-s3/632.parquet\", \"s3://tpch3934--apne1-az1--x-s3/633.parquet\", \"s3://tpch3934--apne1-az1--x-s3/634.parquet\", \"s3://tpch3934--apne1-az1--x-s3/635.parquet\", \"s3://tpch3934--apne1-az1--x-s3/636.parquet\"])\nWHERE\n    o_orderkey = l_orderkey\n    AND l_shipmode IN ('MAIL', 'SHIP')\n    AND l_commitdate < l_receiptdate\n    AND l_shipdate < l_commitdate\n    AND l_receiptdate >= DATE '1992-01-01' + INTERVAL 12 MONTH\n    AND l_receiptdate < DATE '1993-01-01' + INTERVAL 12 MONTH\nGROUP BY\n    l_shipmode\nORDER BY\n    l_shipmode;",
    "children": [
        {
            "result_set_size": 96,
            "operator_timing": 0.0009899239999999999,
            "operator_rows_scanned": 0,
            "cumulative_rows_scanned": 27370752000,
            "operator_cardinality": 2,
            "operator_type": "ORDER_BY",
            "cumulative_cardinality": 613965780,
            "extra_info": {
                "Order By": "read_parquet.l_shipmode ASC"
            },
            "cpu_time": 121.42223826400006,
            "children": [
                {
                    "result_set_size": 96,
                    "operator_timing": 0.069942347,
                    "operator_rows_scanned": 0,
                    "cumulative_rows_scanned": 27370752000,
                    "operator_cardinality": 2,
                    "operator_type": "HASH_GROUP_BY",
                    "cumulative_cardinality": 613965778,
                    "extra_info": {
                        "Groups": "#0",
                        "Aggregates": [
                            "sum(#1)",
                            "sum(#2)"
                        ],
                        "Estimated Cardinality": "8700000"
                    },
                    "cpu_time": 121.42124834000006,
                    "children": [
                        {
                            "result_set_size": 71289024,
                            "operator_timing": 0.06179360100000001,
                            "operator_rows_scanned": 0,
                            "cumulative_rows_scanned": 27370752000,
                            "operator_cardinality": 2970376,
                            "operator_type": "PROJECTION",
                            "cumulative_cardinality": 613965776,
                            "extra_info": {
                                "Projections": [
                                    "l_shipmode",
                                    "CASE  WHEN (((o_orderpriority = '1-URGENT') OR (o_orderpriority = '2-HIGH'))) THEN (1) ELSE 0 END",
                                    "CASE  WHEN (((o_orderpriority != '1-URGENT') AND (o_orderpriority != '2-HIGH'))) THEN (1) ELSE 0 END"
                                ],
                                "Estimated Cardinality": "17400000"
                            },
                            "cpu_time": 121.35130599300007,
                            "children": [
                                {
                                    "result_set_size": 142578048,
                                    "operator_timing": 4.649809294000037,
                                    "operator_rows_scanned": 0,
                                    "cumulative_rows_scanned": 27370752000,
                                    "operator_cardinality": 2970376,
                                    "operator_type": "HASH_JOIN",
                                    "cumulative_cardinality": 610995400,
                                    "extra_info": {
                                        "Join Type": "INNER",
                                        "Conditions": "o_orderkey = l_orderkey",
                                        "Estimated Cardinality": "17400000"
                                    },
                                    "cpu_time": 121.28951239200006,
                                    "children": [
                                        {
                                            "result_set_size": 5399966688,
                                            "operator_timing": 7.413149302000001,
                                            "operator_rows_scanned": 13920000000,
                                            "cumulative_rows_scanned": 13920000000,
                                            "operator_cardinality": 224998612,
                                            "operator_type": "TABLE_SCAN",
                                            "cumulative_cardinality": 224998612,
                                            "extra_info": {
                                                "Function": "PARQUET_SCAN",
                                                "Projections": [
                                                    "o_orderkey",
                                                    "o_orderpriority"
                                                ],
                                                "Estimated Cardinality": "435000000"
                                            },
                                            "cpu_time": 7.413149302000001,
                                            "children": []
                                        },
                                        {
                                            "result_set_size": 106933536,
                                            "operator_timing": 1.3477248520000003,
                                            "operator_rows_scanned": 0,
                                            "cumulative_rows_scanned": 13450752000,
                                            "operator_cardinality": 2970376,
                                            "operator_type": "FILTER",
                                            "cumulative_cardinality": 383026412,
                                            "extra_info": {
                                                "Expression": "((l_commitdate < l_receiptdate) AND (l_shipdate < l_commitdate) AND ((l_shipmode = 'MAIL') OR (l_shipmode = 'SHIP')))",
                                                "Estimated Cardinality": "16813440"
                                            },
                                            "cpu_time": 109.22655379600003,
                                            "children": [
                                                {
                                                    "result_set_size": 13682017296,
                                                    "operator_timing": 107.87882894400003,
                                                    "operator_rows_scanned": 13450752000,
                                                    "cumulative_rows_scanned": 13450752000,
                                                    "operator_cardinality": 380056036,
                                                    "operator_type": "TABLE_SCAN",
                                                    "cumulative_cardinality": 380056036,
                                                    "extra_info": {
                                                        "Function": "READ_PARQUET",
                                                        "Projections": [
                                                            "l_orderkey",
                                                            "l_shipmode",
                                                            "l_commitdate",
                                                            "l_receiptdate",
                                                            "l_shipdate"
                                                        ],
                                                        "Filters": [
                                                            "l_receiptdate>='1993-01-01'::DATE AND l_receiptdate<'1994-01-01'::DATE AND l_receiptdate IS NOT NULL",
                                                            "l_commitdate<'1994-01-01'::DATE AND l_commitdate IS NOT NULL",
                                                            "l_shipdate<'1994-01-01'::DATE AND l_shipdate IS NOT NULL"
                                                        ],
                                                        "Estimated Cardinality": "84067200"
                                                    },
                                                    "cpu_time": 107.87882894400003,
                                                    "children": []
                                                }
                                            ]
                                        }
                                    ]
                                }
                            ]
                        }
                    ]
                }
            ]
        }
    ]
}