{
    "rows_returned": 1,
    "latency": 6.072811901,
    "result_set_size": 8,
    "cumulative_rows_scanned": 542080000,
    "cumulative_cardinality": 33904001,
    "extra_info": {},
    "cpu_time": 34.65515192800001,
    "blocked_thread_time": 0.0,
    "query_name": "COPY (FROM read_parquet(['s3://tpch9026--apne1-az1--x-s3/514.parquet','s3://tpch9026--apne1-az1--x-s3/516.parquet','s3://tpch9026--apne1-az1--x-s3/517.parquet','s3://tpch9026--apne1-az1--x-s3/523.parquet','s3://tpch9026--apne1-az1--x-s3/531.parquet','s3://tpch9026--apne1-az1--x-s3/532.parquet','s3://tpch9026--apne1-az1--x-s3/541.parquet','s3://tpch9026--apne1-az1--x-s3/547.parquet','s3://tpch9026--apne1-az1--x-s3/560.parquet','s3://tpch9026--apne1-az1--x-s3/564.parquet','s3://tpch9026--apne1-az1--x-s3/570.parquet','s3://tpch9026--apne1-az1--x-s3/579.parquet','s3://tpch9026--apne1-az1--x-s3/584.parquet','s3://tpch9026--apne1-az1--x-s3/585.parquet','s3://tpch9026--apne1-az1--x-s3/590.parquet','s3://tpch9026--apne1-az1--x-s3/599.parquet','s3://tpch9026--apne1-az1--x-s3/607.parquet','s3://tpch9026--apne1-az1--x-s3/611.parquet','s3://tpch9026--apne1-az1--x-s3/618.parquet','s3://tpch9026--apne1-az1--x-s3/621.parquet']) ORDER BY l_shipdate) TO 's3://tpch9026--apne1-az1--x-s3/tmp' (FORMAT 'parquet');",
    "children": [
        {
            "result_set_size": 8,
            "operator_timing": 4.421400713,
            "operator_rows_scanned": 0,
            "cumulative_rows_scanned": 542080000,
            "operator_cardinality": 1,
            "operator_type": "BATCH_COPY_TO_FILE",
            "cumulative_cardinality": 33904001,
            "extra_info": {},
            "cpu_time": 34.65515192800001,
            "children": [
                {
                    "result_set_size": 2644512000,
                    "operator_timing": 20.00583024600001,
                    "operator_rows_scanned": 0,
                    "cumulative_rows_scanned": 542080000,
                    "operator_cardinality": 16952000,
                    "operator_type": "ORDER_BY",
                    "cumulative_cardinality": 33904000,
                    "extra_info": {
                        "Order By": "read_parquet.l_shipdate ASC"
                    },
                    "cpu_time": 30.233751215000012,
                    "children": [
                        {
                            "result_set_size": 2644512000,
                            "operator_timing": 10.227920969000001,
                            "operator_rows_scanned": 542080000,
                            "cumulative_rows_scanned": 542080000,
                            "operator_cardinality": 16952000,
                            "operator_type": "TABLE_SCAN",
                            "cumulative_cardinality": 16952000,
                            "extra_info": {
                                "Function": "READ_PARQUET",
                                "Projections": [
                                    "l_orderkey",
                                    "l_partkey",
                                    "l_suppkey",
                                    "l_linenumber",
                                    "l_quantity",
                                    "l_extendedprice",
                                    "l_discount",
                                    "l_tax",
                                    "l_returnflag",
                                    "l_linestatus",
                                    "l_shipdate",
                                    "l_commitdate",
                                    "l_receiptdate",
                                    "l_shipinstruct",
                                    "l_shipmode",
                                    "l_comment"
                                ],
                                "Estimated Cardinality": "16940000"
                            },
                            "cpu_time": 10.227920969000001,
                            "children": []
                        }
                    ]
                }
            ]
        }
    ]
}