{
    "rows_returned": 1,
    "latency": 0.723612964,
    "result_set_size": 8,
    "cumulative_rows_scanned": 3350080000,
    "cumulative_cardinality": 140271429,
    "extra_info": {},
    "cpu_time": 14.375435720999988,
    "blocked_thread_time": 0.0,
    "query_name": "SELECT\n    100.00 * sum(CASE\n            WHEN p_type LIKE 'PROMO%' \n            THEN l_extendedprice * (1 - l_discount)\n            ELSE 0\n    END) / sum(l_extendedprice * (1 - l_discount)) AS promo_revenue\nFROM\n    read_parquet([\"s3://tpch10289--apne1-az1--x-s3/130.parquet\", \"s3://tpch10289--apne1-az1--x-s3/157.parquet\", \"s3://tpch10289--apne1-az1--x-s3/158.parquet\", \"s3://tpch10289--apne1-az1--x-s3/379.parquet\", \"s3://tpch10289--apne1-az1--x-s3/380.parquet\", \"s3://tpch10289--apne1-az1--x-s3/381.parquet\", \"s3://tpch10289--apne1-az1--x-s3/382.parquet\", \"s3://tpch10289--apne1-az1--x-s3/383.parquet\", \"s3://tpch10289--apne1-az1--x-s3/455.parquet\", \"s3://tpch10289--apne1-az1--x-s3/456.parquet\", \"s3://tpch10289--apne1-az1--x-s3/457.parquet\", \"s3://tpch10289--apne1-az1--x-s3/458.parquet\", \"s3://tpch10289--apne1-az1--x-s3/459.parquet\", \"s3://tpch10289--apne1-az1--x-s3/1023.parquet\", \"s3://tpch10289--apne1-az1--x-s3/1024.parquet\", \"s3://tpch10289--apne1-az1--x-s3/1025.parquet\", \"s3://tpch10289--apne1-az1--x-s3/1026.parquet\", \"s3://tpch10289--apne1-az1--x-s3/1029.parquet\", \"s3://tpch10289--apne1-az1--x-s3/1067.parquet\", \"s3://tpch10289--apne1-az1--x-s3/1068.parquet\", \"s3://tpch10289--apne1-az1--x-s3/1121.parquet\", \"s3://tpch10289--apne1-az1--x-s3/1122.parquet\", \"s3://tpch10289--apne1-az1--x-s3/1123.parquet\", \"s3://tpch10289--apne1-az1--x-s3/1207.parquet\", \"s3://tpch10289--apne1-az1--x-s3/1208.parquet\", \"s3://tpch10289--apne1-az1--x-s3/1265.parquet\", \"s3://tpch10289--apne1-az1--x-s3/1298.parquet\", \"s3://tpch10289--apne1-az1--x-s3/1299.parquet\", \"s3://tpch10289--apne1-az1--x-s3/1420.parquet\", \"s3://tpch10289--apne1-az1--x-s3/1561.parquet\"]),\n    'pool/part/*.parquet'\nWHERE\n    l_partkey = p_partkey\n    AND l_shipdate >= DATE '1992-01-01' + INTERVAL 12 MONTH\n    AND l_shipdate < DATE '1992-02-01' + INTERVAL 12 MONTH;",
    "children": [
        {
            "result_set_size": 8,
            "operator_timing": 0.000019042,
            "operator_rows_scanned": 0,
            "cumulative_rows_scanned": 3350080000,
            "operator_cardinality": 1,
            "operator_type": "PROJECTION",
            "cumulative_cardinality": 140271429,
            "extra_info": {
                "Projections": "promo_revenue",
                "Estimated Cardinality": "1"
            },
            "cpu_time": 14.375435720999988,
            "children": [
                {
                    "result_set_size": 32,
                    "operator_timing": 0.06212854300000002,
                    "operator_rows_scanned": 0,
                    "cumulative_rows_scanned": 3350080000,
                    "operator_cardinality": 1,
                    "operator_type": "UNGROUPED_AGGREGATE",
                    "cumulative_cardinality": 140271428,
                    "extra_info": {
                        "Aggregates": [
                            "sum(#0)",
                            "sum(#1)"
                        ]
                    },
                    "cpu_time": 14.375416678999988,
                    "children": [
                        {
                            "result_set_size": 296705072,
                            "operator_timing": 0.47671885999999997,
                            "operator_rows_scanned": 0,
                            "cumulative_rows_scanned": 3350080000,
                            "operator_cardinality": 18544067,
                            "operator_type": "PROJECTION",
                            "cumulative_cardinality": 140271427,
                            "extra_info": {
                                "Projections": [
                                    "CASE  WHEN (prefix(p_type, 'PROMO')) THEN ((l_extendedprice * (1.00 - l_discount))) ELSE 0.0000 END",
                                    "(l_extendedprice * (1.00 - l_discount))"
                                ],
                                "Estimated Cardinality": "16000000"
                            },
                            "cpu_time": 14.313288135999988,
                            "children": [
                                {
                                    "result_set_size": 890115216,
                                    "operator_timing": 5.216781215999991,
                                    "operator_rows_scanned": 0,
                                    "cumulative_rows_scanned": 3350080000,
                                    "operator_cardinality": 18544067,
                                    "operator_type": "HASH_JOIN",
                                    "cumulative_cardinality": 121727360,
                                    "extra_info": {
                                        "Join Type": "INNER",
                                        "Conditions": "p_partkey = l_partkey",
                                        "Estimated Cardinality": "16000000"
                                    },
                                    "cpu_time": 13.836569275999988,
                                    "children": [
                                        {
                                            "result_set_size": 1920000000,
                                            "operator_timing": 2.167430851,
                                            "operator_rows_scanned": 2560000000,
                                            "cumulative_rows_scanned": 2560000000,
                                            "operator_cardinality": 80000000,
                                            "operator_type": "TABLE_SCAN",
                                            "cumulative_cardinality": 80000000,
                                            "extra_info": {
                                                "Function": "PARQUET_SCAN",
                                                "Projections": [
                                                    "p_partkey",
                                                    "p_type"
                                                ],
                                                "Estimated Cardinality": "80000000"
                                            },
                                            "cpu_time": 2.167430851,
                                            "children": []
                                        },
                                        {
                                            "result_set_size": 556399032,
                                            "operator_timing": 6.452357208999997,
                                            "operator_rows_scanned": 790080000,
                                            "cumulative_rows_scanned": 790080000,
                                            "operator_cardinality": 23183293,
                                            "operator_type": "TABLE_SCAN",
                                            "cumulative_cardinality": 23183293,
                                            "extra_info": {
                                                "Function": "READ_PARQUET",
                                                "Projections": [
                                                    "l_partkey",
                                                    "l_extendedprice",
                                                    "l_discount"
                                                ],
                                                "Filters": "l_shipdate>='1993-01-01'::DATE AND l_shipdate<'1993-02-01'::DATE AND l_shipdate IS NOT NULL",
                                                "Estimated Cardinality": "4938000"
                                            },
                                            "cpu_time": 6.452357208999997,
                                            "children": []
                                        }
                                    ]
                                }
                            ]
                        }
                    ]
                }
            ]
        }
    ]
}