{
    "rows_returned": 1,
    "latency": 2.536945673,
    "result_set_size": 72,
    "cumulative_rows_scanned": 394944000,
    "cumulative_cardinality": 322535211,
    "extra_info": {},
    "cpu_time": 72.20868893200002,
    "blocked_thread_time": 0.0,
    "query_name": "WITH revenue AS (\n    SELECT\n        l_suppkey AS supplier_no,\n        sum(l_extendedprice * (1 - l_discount)) AS total_revenue\n    FROM\n        read_parquet([\"s3://tpch10289--apne1-az1--x-s3/-61.parquet\", \"s3://tpch10289--apne1-az1--x-s3/21.parquet\", \"s3://tpch10289--apne1-az1--x-s3/27.parquet\", \"s3://tpch10289--apne1-az1--x-s3/28.parquet\", \"s3://tpch10289--apne1-az1--x-s3/175.parquet\", \"s3://tpch10289--apne1-az1--x-s3/179.parquet\", \"s3://tpch10289--apne1-az1--x-s3/181.parquet\", \"s3://tpch10289--apne1-az1--x-s3/188.parquet\", \"s3://tpch10289--apne1-az1--x-s3/190.parquet\", \"s3://tpch10289--apne1-az1--x-s3/191.parquet\", \"s3://tpch10289--apne1-az1--x-s3/192.parquet\", \"s3://tpch10289--apne1-az1--x-s3/193.parquet\", \"s3://tpch10289--apne1-az1--x-s3/195.parquet\", \"s3://tpch10289--apne1-az1--x-s3/198.parquet\", \"s3://tpch10289--apne1-az1--x-s3/201.parquet\", \"s3://tpch10289--apne1-az1--x-s3/204.parquet\", \"s3://tpch10289--apne1-az1--x-s3/205.parquet\", \"s3://tpch10289--apne1-az1--x-s3/211.parquet\", \"s3://tpch10289--apne1-az1--x-s3/252.parquet\", \"s3://tpch10289--apne1-az1--x-s3/253.parquet\", \"s3://tpch10289--apne1-az1--x-s3/254.parquet\", \"s3://tpch10289--apne1-az1--x-s3/255.parquet\", \"s3://tpch10289--apne1-az1--x-s3/256.parquet\", \"s3://tpch10289--apne1-az1--x-s3/257.parquet\", \"s3://tpch10289--apne1-az1--x-s3/258.parquet\", \"s3://tpch10289--apne1-az1--x-s3/259.parquet\", \"s3://tpch10289--apne1-az1--x-s3/260.parquet\", \"s3://tpch10289--apne1-az1--x-s3/261.parquet\", \"s3://tpch10289--apne1-az1--x-s3/262.parquet\", \"s3://tpch10289--apne1-az1--x-s3/263.parquet\", \"s3://tpch10289--apne1-az1--x-s3/264.parquet\", \"s3://tpch10289--apne1-az1--x-s3/265.parquet\", \"s3://tpch10289--apne1-az1--x-s3/266.parquet\", \"s3://tpch10289--apne1-az1--x-s3/267.parquet\", \"s3://tpch10289--apne1-az1--x-s3/268.parquet\", \"s3://tpch10289--apne1-az1--x-s3/269.parquet\", \"s3://tpch10289--apne1-az1--x-s3/270.parquet\", \"s3://tpch10289--apne1-az1--x-s3/284.parquet\", \"s3://tpch10289--apne1-az1--x-s3/285.parquet\", \"s3://tpch10289--apne1-az1--x-s3/287.parquet\", \"s3://tpch10289--apne1-az1--x-s3/288.parquet\", \"s3://tpch10289--apne1-az1--x-s3/542.parquet\", \"s3://tpch10289--apne1-az1--x-s3/543.parquet\", \"s3://tpch10289--apne1-az1--x-s3/544.parquet\", \"s3://tpch10289--apne1-az1--x-s3/545.parquet\", \"s3://tpch10289--apne1-az1--x-s3/546.parquet\", \"s3://tpch10289--apne1-az1--x-s3/547.parquet\", \"s3://tpch10289--apne1-az1--x-s3/548.parquet\", \"s3://tpch10289--apne1-az1--x-s3/549.parquet\", \"s3://tpch10289--apne1-az1--x-s3/550.parquet\", \"s3://tpch10289--apne1-az1--x-s3/551.parquet\", \"s3://tpch10289--apne1-az1--x-s3/552.parquet\", \"s3://tpch10289--apne1-az1--x-s3/553.parquet\", \"s3://tpch10289--apne1-az1--x-s3/554.parquet\", \"s3://tpch10289--apne1-az1--x-s3/555.parquet\", \"s3://tpch10289--apne1-az1--x-s3/556.parquet\", \"s3://tpch10289--apne1-az1--x-s3/557.parquet\", \"s3://tpch10289--apne1-az1--x-s3/558.parquet\", \"s3://tpch10289--apne1-az1--x-s3/559.parquet\", \"s3://tpch10289--apne1-az1--x-s3/560.parquet\", \"s3://tpch10289--apne1-az1--x-s3/561.parquet\", \"s3://tpch10289--apne1-az1--x-s3/669.parquet\", \"s3://tpch10289--apne1-az1--x-s3/670.parquet\", \"s3://tpch10289--apne1-az1--x-s3/671.parquet\", \"s3://tpch10289--apne1-az1--x-s3/672.parquet\", \"s3://tpch10289--apne1-az1--x-s3/673.parquet\", \"s3://tpch10289--apne1-az1--x-s3/674.parquet\", \"s3://tpch10289--apne1-az1--x-s3/675.parquet\", \"s3://tpch10289--apne1-az1--x-s3/676.parquet\", \"s3://tpch10289--apne1-az1--x-s3/677.parquet\", \"s3://tpch10289--apne1-az1--x-s3/678.parquet\", \"s3://tpch10289--apne1-az1--x-s3/679.parquet\", \"s3://tpch10289--apne1-az1--x-s3/680.parquet\", \"s3://tpch10289--apne1-az1--x-s3/681.parquet\", \"s3://tpch10289--apne1-az1--x-s3/682.parquet\", \"s3://tpch10289--apne1-az1--x-s3/683.parquet\", \"s3://tpch10289--apne1-az1--x-s3/684.parquet\", \"s3://tpch10289--apne1-az1--x-s3/685.parquet\", \"s3://tpch10289--apne1-az1--x-s3/686.parquet\", \"s3://tpch10289--apne1-az1--x-s3/687.parquet\", \"s3://tpch10289--apne1-az1--x-s3/788.parquet\", \"s3://tpch10289--apne1-az1--x-s3/790.parquet\", \"s3://tpch10289--apne1-az1--x-s3/792.parquet\", \"s3://tpch10289--apne1-az1--x-s3/794.parquet\", \"s3://tpch10289--apne1-az1--x-s3/799.parquet\", \"s3://tpch10289--apne1-az1--x-s3/803.parquet\", \"s3://tpch10289--apne1-az1--x-s3/805.parquet\", \"s3://tpch10289--apne1-az1--x-s3/809.parquet\", \"s3://tpch10289--apne1-az1--x-s3/811.parquet\", \"s3://tpch10289--apne1-az1--x-s3/813.parquet\", \"s3://tpch10289--apne1-az1--x-s3/814.parquet\", \"s3://tpch10289--apne1-az1--x-s3/817.parquet\", \"s3://tpch10289--apne1-az1--x-s3/818.parquet\", \"s3://tpch10289--apne1-az1--x-s3/822.parquet\", \"s3://tpch10289--apne1-az1--x-s3/823.parquet\", \"s3://tpch10289--apne1-az1--x-s3/826.parquet\", \"s3://tpch10289--apne1-az1--x-s3/827.parquet\", \"s3://tpch10289--apne1-az1--x-s3/828.parquet\", \"s3://tpch10289--apne1-az1--x-s3/829.parquet\", \"s3://tpch10289--apne1-az1--x-s3/831.parquet\", \"s3://tpch10289--apne1-az1--x-s3/1137.parquet\", \"s3://tpch10289--apne1-az1--x-s3/1138.parquet\", \"s3://tpch10289--apne1-az1--x-s3/1139.parquet\", \"s3://tpch10289--apne1-az1--x-s3/1140.parquet\", \"s3://tpch10289--apne1-az1--x-s3/1141.parquet\", \"s3://tpch10289--apne1-az1--x-s3/1142.parquet\", \"s3://tpch10289--apne1-az1--x-s3/1143.parquet\", \"s3://tpch10289--apne1-az1--x-s3/1144.parquet\", \"s3://tpch10289--apne1-az1--x-s3/1145.parquet\", \"s3://tpch10289--apne1-az1--x-s3/1146.parquet\", \"s3://tpch10289--apne1-az1--x-s3/1147.parquet\", \"s3://tpch10289--apne1-az1--x-s3/1148.parquet\", \"s3://tpch10289--apne1-az1--x-s3/1149.parquet\", \"s3://tpch10289--apne1-az1--x-s3/1150.parquet\", \"s3://tpch10289--apne1-az1--x-s3/1151.parquet\", \"s3://tpch10289--apne1-az1--x-s3/1152.parquet\", \"s3://tpch10289--apne1-az1--x-s3/1153.parquet\", \"s3://tpch10289--apne1-az1--x-s3/1154.parquet\", \"s3://tpch10289--apne1-az1--x-s3/1155.parquet\", \"s3://tpch10289--apne1-az1--x-s3/1379.parquet\", \"s3://tpch10289--apne1-az1--x-s3/1380.parquet\", \"s3://tpch10289--apne1-az1--x-s3/1381.parquet\", \"s3://tpch10289--apne1-az1--x-s3/1382.parquet\", \"s3://tpch10289--apne1-az1--x-s3/1383.parquet\", \"s3://tpch10289--apne1-az1--x-s3/1384.parquet\", \"s3://tpch10289--apne1-az1--x-s3/1385.parquet\", \"s3://tpch10289--apne1-az1--x-s3/1387.parquet\", \"s3://tpch10289--apne1-az1--x-s3/1388.parquet\", \"s3://tpch10289--apne1-az1--x-s3/1389.parquet\", \"s3://tpch10289--apne1-az1--x-s3/1390.parquet\", \"s3://tpch10289--apne1-az1--x-s3/1391.parquet\", \"s3://tpch10289--apne1-az1--x-s3/1392.parquet\", \"s3://tpch10289--apne1-az1--x-s3/1393.parquet\", \"s3://tpch10289--apne1-az1--x-s3/1394.parquet\", \"s3://tpch10289--apne1-az1--x-s3/1395.parquet\", \"s3://tpch10289--apne1-az1--x-s3/1396.parquet\", \"s3://tpch10289--apne1-az1--x-s3/1397.parquet\", \"s3://tpch10289--apne1-az1--x-s3/1398.parquet\", \"s3://tpch10289--apne1-az1--x-s3/1399.parquet\", \"s3://tpch10289--apne1-az1--x-s3/1459.parquet\", \"s3://tpch10289--apne1-az1--x-s3/1460.parquet\", \"s3://tpch10289--apne1-az1--x-s3/1461.parquet\", \"s3://tpch10289--apne1-az1--x-s3/1462.parquet\", \"s3://tpch10289--apne1-az1--x-s3/1463.parquet\", \"s3://tpch10289--apne1-az1--x-s3/1464.parquet\", \"s3://tpch10289--apne1-az1--x-s3/1465.parquet\", \"s3://tpch10289--apne1-az1--x-s3/1466.parquet\", \"s3://tpch10289--apne1-az1--x-s3/1467.parquet\", \"s3://tpch10289--apne1-az1--x-s3/1468.parquet\", \"s3://tpch10289--apne1-az1--x-s3/1469.parquet\", \"s3://tpch10289--apne1-az1--x-s3/1470.parquet\", \"s3://tpch10289--apne1-az1--x-s3/1471.parquet\", \"s3://tpch10289--apne1-az1--x-s3/1472.parquet\", \"s3://tpch10289--apne1-az1--x-s3/1473.parquet\", \"s3://tpch10289--apne1-az1--x-s3/1474.parquet\", \"s3://tpch10289--apne1-az1--x-s3/1475.parquet\", \"s3://tpch10289--apne1-az1--x-s3/1476.parquet\", \"s3://tpch10289--apne1-az1--x-s3/1477.parquet\", \"s3://tpch10289--apne1-az1--x-s3/1478.parquet\", \"s3://tpch10289--apne1-az1--x-s3/1740.parquet\", \"s3://tpch10289--apne1-az1--x-s3/1741.parquet\", \"s3://tpch10289--apne1-az1--x-s3/1742.parquet\", \"s3://tpch10289--apne1-az1--x-s3/1743.parquet\", \"s3://tpch10289--apne1-az1--x-s3/1744.parquet\", \"s3://tpch10289--apne1-az1--x-s3/1745.parquet\", \"s3://tpch10289--apne1-az1--x-s3/1746.parquet\", \"s3://tpch10289--apne1-az1--x-s3/1747.parquet\", \"s3://tpch10289--apne1-az1--x-s3/1748.parquet\", \"s3://tpch10289--apne1-az1--x-s3/1749.parquet\", \"s3://tpch10289--apne1-az1--x-s3/1750.parquet\", \"s3://tpch10289--apne1-az1--x-s3/1751.parquet\", \"s3://tpch10289--apne1-az1--x-s3/1752.parquet\", \"s3://tpch10289--apne1-az1--x-s3/1753.parquet\", \"s3://tpch10289--apne1-az1--x-s3/1754.parquet\", \"s3://tpch10289--apne1-az1--x-s3/1755.parquet\", \"s3://tpch10289--apne1-az1--x-s3/1756.parquet\", \"s3://tpch10289--apne1-az1--x-s3/1757.parquet\", \"s3://tpch10289--apne1-az1--x-s3/1777.parquet\", \"s3://tpch10289--apne1-az1--x-s3/1778.parquet\", \"s3://tpch10289--apne1-az1--x-s3/1779.parquet\", \"s3://tpch10289--apne1-az1--x-s3/1781.parquet\", \"s3://tpch10289--apne1-az1--x-s3/1782.parquet\", \"s3://tpch10289--apne1-az1--x-s3/1783.parquet\", \"s3://tpch10289--apne1-az1--x-s3/1784.parquet\", \"s3://tpch10289--apne1-az1--x-s3/1785.parquet\", \"s3://tpch10289--apne1-az1--x-s3/1786.parquet\", \"s3://tpch10289--apne1-az1--x-s3/1787.parquet\", \"s3://tpch10289--apne1-az1--x-s3/1788.parquet\", \"s3://tpch10289--apne1-az1--x-s3/1789.parquet\", \"s3://tpch10289--apne1-az1--x-s3/1791.parquet\", \"s3://tpch10289--apne1-az1--x-s3/1792.parquet\", \"s3://tpch10289--apne1-az1--x-s3/1793.parquet\", \"s3://tpch10289--apne1-az1--x-s3/1997.parquet\", \"s3://tpch10289--apne1-az1--x-s3/1998.parquet\"])\n    WHERE\n        l_shipdate >= DATE '1992-01-01' + INTERVAL 26 MONTH\n        AND l_shipdate < DATE '1992-01-01' + INTERVAL 26 MONTH + INTERVAL 3 MONTH\n    GROUP BY\n        supplier_no\n)\nSELECT\n    s_suppkey,\n    s_name,\n    s_address,\n    s_phone,\n    total_revenue\nFROM\n    'pool/supplier/*.parquet',\n    revenue\nWHERE\n    s_suppkey = supplier_no\n    AND total_revenue = (\n        SELECT\n            max(total_revenue)\n        FROM\n            revenue\n    )\nORDER BY\n    s_suppkey;",
    "children": [
        {
            "result_set_size": 72,
            "operator_timing": 0.000032134,
            "operator_rows_scanned": 0,
            "cumulative_rows_scanned": 394944000,
            "operator_cardinality": 1,
            "operator_type": "ORDER_BY",
            "cumulative_cardinality": 322535211,
            "extra_info": {
                "Order By": "\"pool/supplier/*.parquet\".s_suppkey ASC"
            },
            "cpu_time": 72.20868893200002,
            "children": [
                {
                    "result_set_size": 72,
                    "operator_timing": 0.000001126,
                    "operator_rows_scanned": 0,
                    "cumulative_rows_scanned": 394944000,
                    "operator_cardinality": 1,
                    "operator_type": "PROJECTION",
                    "cumulative_cardinality": 322535210,
                    "extra_info": {
                        "Projections": [
                            "s_suppkey",
                            "s_name",
                            "s_address",
                            "s_phone",
                            "total_revenue"
                        ],
                        "Estimated Cardinality": "834200"
                    },
                    "cpu_time": 72.20865679800002,
                    "children": [
                        {
                            "result_set_size": 0,
                            "operator_timing": 0.02491532200000001,
                            "operator_rows_scanned": 0,
                            "cumulative_rows_scanned": 394944000,
                            "operator_cardinality": 0,
                            "operator_type": "CTE",
                            "cumulative_cardinality": 322535209,
                            "extra_info": {
                                "CTE Name": "revenue",
                                "Table Index": "0"
                            },
                            "cpu_time": 72.20865567200002,
                            "children": [
                                {
                                    "result_set_size": 120000000,
                                    "operator_timing": 22.890640147,
                                    "operator_rows_scanned": 0,
                                    "cumulative_rows_scanned": 266944000,
                                    "operator_cardinality": 5000000,
                                    "operator_type": "HASH_GROUP_BY",
                                    "cumulative_cardinality": 307535202,
                                    "extra_info": {
                                        "Groups": "#0",
                                        "Aggregates": "sum(#1)",
                                        "Estimated Cardinality": "834200"
                                    },
                                    "cpu_time": 72.08852853200003,
                                    "children": [
                                        {
                                            "result_set_size": 2420281616,
                                            "operator_timing": 0.9168231209999999,
                                            "operator_rows_scanned": 0,
                                            "cumulative_rows_scanned": 266944000,
                                            "operator_cardinality": 151267601,
                                            "operator_type": "PROJECTION",
                                            "cumulative_cardinality": 302535202,
                                            "extra_info": {
                                                "Projections": [
                                                    "supplier_no",
                                                    "(l_extendedprice * (1.00 - l_discount))"
                                                ],
                                                "Estimated Cardinality": "1668400"
                                            },
                                            "cpu_time": 49.197888385000034,
                                            "children": [
                                                {
                                                    "result_set_size": 3630422424,
                                                    "operator_timing": 48.281065264000034,
                                                    "operator_rows_scanned": 266944000,
                                                    "cumulative_rows_scanned": 266944000,
                                                    "operator_cardinality": 151267601,
                                                    "operator_type": "TABLE_SCAN",
                                                    "cumulative_cardinality": 151267601,
                                                    "extra_info": {
                                                        "Function": "READ_PARQUET",
                                                        "Projections": [
                                                            "l_suppkey",
                                                            "l_extendedprice",
                                                            "l_discount"
                                                        ],
                                                        "Filters": "l_shipdate>='1994-03-01'::DATE AND l_shipdate<'1994-06-01'::DATE AND l_shipdate IS NOT NULL",
                                                        "Estimated Cardinality": "1668400"
                                                    },
                                                    "cpu_time": 48.281065264000034,
                                                    "children": []
                                                }
                                            ]
                                        }
                                    ]
                                },
                                {
                                    "result_set_size": 96,
                                    "operator_timing": 0.000226799,
                                    "operator_rows_scanned": 0,
                                    "cumulative_rows_scanned": 128000000,
                                    "operator_cardinality": 1,
                                    "operator_type": "HASH_JOIN",
                                    "cumulative_cardinality": 15000007,
                                    "extra_info": {
                                        "Join Type": "INNER",
                                        "Conditions": "s_suppkey = supplier_no",
                                        "Estimated Cardinality": "0"
                                    },
                                    "cpu_time": 0.095211818,
                                    "children": [
                                        {
                                            "result_set_size": 56,
                                            "operator_timing": 0.023876061,
                                            "operator_rows_scanned": 128000000,
                                            "cumulative_rows_scanned": 128000000,
                                            "operator_cardinality": 1,
                                            "operator_type": "TABLE_SCAN",
                                            "cumulative_cardinality": 1,
                                            "extra_info": {
                                                "Function": "PARQUET_SCAN",
                                                "Projections": "",
                                                "Estimated Cardinality": "4000000"
                                            },
                                            "cpu_time": 0.023876061,
                                            "children": []
                                        },
                                        {
                                            "result_set_size": 40,
                                            "operator_timing": 0.028340869000000005,
                                            "operator_rows_scanned": 0,
                                            "cumulative_rows_scanned": 0,
                                            "operator_cardinality": 1,
                                            "operator_type": "HASH_JOIN",
                                            "cumulative_cardinality": 15000005,
                                            "extra_info": {
                                                "Join Type": "INNER",
                                                "Conditions": "total_revenue = SUBQUERY",
                                                "Estimated Cardinality": "0"
                                            },
                                            "cpu_time": 0.071108958,
                                            "children": [
                                                {
                                                    "result_set_size": 120000000,
                                                    "operator_timing": 0.007825823999999999,
                                                    "operator_rows_scanned": 0,
                                                    "cumulative_rows_scanned": 0,
                                                    "operator_cardinality": 5000000,
                                                    "operator_type": "CTE_SCAN",
                                                    "cumulative_cardinality": 5000000,
                                                    "extra_info": {
                                                        "CTE Index": "0",
                                                        "Estimated Cardinality": "834200"
                                                    },
                                                    "cpu_time": 0.007825823999999999,
                                                    "children": []
                                                },
                                                {
                                                    "result_set_size": 16,
                                                    "operator_timing": 0.00000282,
                                                    "operator_rows_scanned": 0,
                                                    "cumulative_rows_scanned": 0,
                                                    "operator_cardinality": 1,
                                                    "operator_type": "PROJECTION",
                                                    "cumulative_cardinality": 10000004,
                                                    "extra_info": {
                                                        "Projections": [
                                                            "CASE  WHEN ((#1 > 1)) THEN (error('More than one row returned by a subquery used as an expression - scalar subqueries can only return a single row.",
                                                            "Use \"SET scalar_subquery_error_on_multiple_rows=false\" to revert to previous behavior of returning a random row.')) ELSE #0 END"
                                                        ],
                                                        "Estimated Cardinality": "1"
                                                    },
                                                    "cpu_time": 0.034942265,
                                                    "children": [
                                                        {
                                                            "result_set_size": 24,
                                                            "operator_timing": 0.000002589,
                                                            "operator_rows_scanned": 0,
                                                            "cumulative_rows_scanned": 0,
                                                            "operator_cardinality": 1,
                                                            "operator_type": "UNGROUPED_AGGREGATE",
                                                            "cumulative_cardinality": 10000003,
                                                            "extra_info": {
                                                                "Aggregates": [
                                                                    "\"first\"(#0)",
                                                                    "count_star()"
                                                                ]
                                                            },
                                                            "cpu_time": 0.034939445,
                                                            "children": [
                                                                {
                                                                    "result_set_size": 16,
                                                                    "operator_timing": 3.77e-7,
                                                                    "operator_rows_scanned": 0,
                                                                    "cumulative_rows_scanned": 0,
                                                                    "operator_cardinality": 1,
                                                                    "operator_type": "PROJECTION",
                                                                    "cumulative_cardinality": 10000002,
                                                                    "extra_info": {
                                                                        "Projections": "#0",
                                                                        "Estimated Cardinality": "1"
                                                                    },
                                                                    "cpu_time": 0.034936856,
                                                                    "children": [
                                                                        {
                                                                            "result_set_size": 16,
                                                                            "operator_timing": 0.0074184559999999995,
                                                                            "operator_rows_scanned": 0,
                                                                            "cumulative_rows_scanned": 0,
                                                                            "operator_cardinality": 1,
                                                                            "operator_type": "UNGROUPED_AGGREGATE",
                                                                            "cumulative_cardinality": 10000001,
                                                                            "extra_info": {
                                                                                "Aggregates": "max(#0)"
                                                                            },
                                                                            "cpu_time": 0.034936479,
                                                                            "children": [
                                                                                {
                                                                                    "result_set_size": 80000000,
                                                                                    "operator_timing": 0.00031361700000000003,
                                                                                    "operator_rows_scanned": 0,
                                                                                    "cumulative_rows_scanned": 0,
                                                                                    "operator_cardinality": 5000000,
                                                                                    "operator_type": "PROJECTION",
                                                                                    "cumulative_cardinality": 10000000,
                                                                                    "extra_info": {
                                                                                        "Projections": "total_revenue",
                                                                                        "Estimated Cardinality": "834200"
                                                                                    },
                                                                                    "cpu_time": 0.027518023,
                                                                                    "children": [
                                                                                        {
                                                                                            "result_set_size": 120000000,
                                                                                            "operator_timing": 0.027204406,
                                                                                            "operator_rows_scanned": 0,
                                                                                            "cumulative_rows_scanned": 0,
                                                                                            "operator_cardinality": 5000000,
                                                                                            "operator_type": "CTE_SCAN",
                                                                                            "cumulative_cardinality": 5000000,
                                                                                            "extra_info": {
                                                                                                "CTE Index": "0",
                                                                                                "Estimated Cardinality": "834200"
                                                                                            },
                                                                                            "cpu_time": 0.027204406,
                                                                                            "children": []
                                                                                        }
                                                                                    ]
                                                                                }
                                                                            ]
                                                                        }
                                                                    ]
                                                                }
                                                            ]
                                                        }
                                                    ]
                                                }
                                            ]
                                        }
                                    ]
                                }
                            ]
                        }
                    ]
                }
            ]
        }
    ]
}