{
    "rows_returned": 1,
    "latency": 5.754552572,
    "result_set_size": 8,
    "cumulative_rows_scanned": 542080000,
    "cumulative_cardinality": 33880001,
    "extra_info": {},
    "cpu_time": 32.921503739,
    "blocked_thread_time": 0.0,
    "query_name": "COPY (FROM read_parquet(['s3://tpch9026--apne1-az1--x-s3/572.parquet','s3://tpch9026--apne1-az1--x-s3/573.parquet','s3://tpch9026--apne1-az1--x-s3/578.parquet','s3://tpch9026--apne1-az1--x-s3/580.parquet','s3://tpch9026--apne1-az1--x-s3/582.parquet','s3://tpch9026--apne1-az1--x-s3/587.parquet','s3://tpch9026--apne1-az1--x-s3/593.parquet','s3://tpch9026--apne1-az1--x-s3/594.parquet','s3://tpch9026--apne1-az1--x-s3/600.parquet','s3://tpch9026--apne1-az1--x-s3/602.parquet','s3://tpch9026--apne1-az1--x-s3/608.parquet','s3://tpch9026--apne1-az1--x-s3/609.parquet','s3://tpch9026--apne1-az1--x-s3/615.parquet','s3://tpch9026--apne1-az1--x-s3/619.parquet','s3://tpch9026--apne1-az1--x-s3/623.parquet','s3://tpch9026--apne1-az1--x-s3/624.parquet','s3://tpch9026--apne1-az1--x-s3/631.parquet','s3://tpch9026--apne1-az1--x-s3/634.parquet','s3://tpch9026--apne1-az1--x-s3/635.parquet','s3://tpch9026--apne1-az1--x-s3/636.parquet']) ORDER BY l_shipdate) TO 's3://tpch9026--apne1-az1--x-s3/tmp' (FORMAT 'parquet');",
    "children": [
        {
            "result_set_size": 8,
            "operator_timing": 3.9757452749999995,
            "operator_rows_scanned": 0,
            "cumulative_rows_scanned": 542080000,
            "operator_cardinality": 1,
            "operator_type": "BATCH_COPY_TO_FILE",
            "cumulative_cardinality": 33880001,
            "extra_info": {},
            "cpu_time": 32.921503739,
            "children": [
                {
                    "result_set_size": 2642640000,
                    "operator_timing": 19.070291895,
                    "operator_rows_scanned": 0,
                    "cumulative_rows_scanned": 542080000,
                    "operator_cardinality": 16940000,
                    "operator_type": "ORDER_BY",
                    "cumulative_cardinality": 33880000,
                    "extra_info": {
                        "Order By": "read_parquet.l_shipdate ASC"
                    },
                    "cpu_time": 28.945758464,
                    "children": [
                        {
                            "result_set_size": 2642640000,
                            "operator_timing": 9.875466568999999,
                            "operator_rows_scanned": 542080000,
                            "cumulative_rows_scanned": 542080000,
                            "operator_cardinality": 16940000,
                            "operator_type": "TABLE_SCAN",
                            "cumulative_cardinality": 16940000,
                            "extra_info": {
                                "Function": "READ_PARQUET",
                                "Projections": [
                                    "l_orderkey",
                                    "l_partkey",
                                    "l_suppkey",
                                    "l_linenumber",
                                    "l_quantity",
                                    "l_extendedprice",
                                    "l_discount",
                                    "l_tax",
                                    "l_returnflag",
                                    "l_linestatus",
                                    "l_shipdate",
                                    "l_commitdate",
                                    "l_receiptdate",
                                    "l_shipinstruct",
                                    "l_shipmode",
                                    "l_comment"
                                ],
                                "Estimated Cardinality": "16940000"
                            },
                            "cpu_time": 9.875466568999999,
                            "children": []
                        }
                    ]
                }
            ]
        }
    ]
}