{
    "rows_returned": 1,
    "latency": 0.696492765,
    "result_set_size": 8,
    "cumulative_rows_scanned": 3122400000,
    "cumulative_cardinality": 127190387,
    "extra_info": {},
    "cpu_time": 14.740602628999994,
    "blocked_thread_time": 0.0,
    "query_name": "SELECT\n    100.00 * sum(CASE\n            WHEN p_type LIKE 'PROMO%' \n            THEN l_extendedprice * (1 - l_discount)\n            ELSE 0\n    END) / sum(l_extendedprice * (1 - l_discount)) AS promo_revenue\nFROM\n    read_parquet([\"s3://tpch10289--apne1-az1--x-s3/16.parquet\", \"s3://tpch10289--apne1-az1--x-s3/160.parquet\", \"s3://tpch10289--apne1-az1--x-s3/163.parquet\", \"s3://tpch10289--apne1-az1--x-s3/385.parquet\", \"s3://tpch10289--apne1-az1--x-s3/386.parquet\", \"s3://tpch10289--apne1-az1--x-s3/387.parquet\", \"s3://tpch10289--apne1-az1--x-s3/388.parquet\", \"s3://tpch10289--apne1-az1--x-s3/389.parquet\", \"s3://tpch10289--apne1-az1--x-s3/461.parquet\", \"s3://tpch10289--apne1-az1--x-s3/462.parquet\", \"s3://tpch10289--apne1-az1--x-s3/463.parquet\", \"s3://tpch10289--apne1-az1--x-s3/464.parquet\", \"s3://tpch10289--apne1-az1--x-s3/465.parquet\", \"s3://tpch10289--apne1-az1--x-s3/466.parquet\", \"s3://tpch10289--apne1-az1--x-s3/1026.parquet\", \"s3://tpch10289--apne1-az1--x-s3/1027.parquet\", \"s3://tpch10289--apne1-az1--x-s3/1028.parquet\", \"s3://tpch10289--apne1-az1--x-s3/1029.parquet\", \"s3://tpch10289--apne1-az1--x-s3/1068.parquet\", \"s3://tpch10289--apne1-az1--x-s3/1069.parquet\", \"s3://tpch10289--apne1-az1--x-s3/1209.parquet\", \"s3://tpch10289--apne1-az1--x-s3/1210.parquet\", \"s3://tpch10289--apne1-az1--x-s3/1211.parquet\", \"s3://tpch10289--apne1-az1--x-s3/1212.parquet\", \"s3://tpch10289--apne1-az1--x-s3/1265.parquet\", \"s3://tpch10289--apne1-az1--x-s3/1266.parquet\", \"s3://tpch10289--apne1-az1--x-s3/1301.parquet\", \"s3://tpch10289--apne1-az1--x-s3/1302.parquet\", \"s3://tpch10289--apne1-az1--x-s3/1303.parquet\", \"s3://tpch10289--apne1-az1--x-s3/1421.parquet\", \"s3://tpch10289--apne1-az1--x-s3/1422.parquet\"]),\n    'pool/part/*.parquet'\nWHERE\n    l_partkey = p_partkey\n    AND l_shipdate >= DATE '1992-01-01' + INTERVAL 13 MONTH\n    AND l_shipdate < DATE '1992-02-01' + INTERVAL 13 MONTH;",
    "children": [
        {
            "result_set_size": 8,
            "operator_timing": 0.000018344,
            "operator_rows_scanned": 0,
            "cumulative_rows_scanned": 3122400000,
            "operator_cardinality": 1,
            "operator_type": "PROJECTION",
            "cumulative_cardinality": 127190387,
            "extra_info": {
                "Projections": "promo_revenue",
                "Estimated Cardinality": "1"
            },
            "cpu_time": 14.740602628999994,
            "children": [
                {
                    "result_set_size": 32,
                    "operator_timing": 0.05482212,
                    "operator_rows_scanned": 0,
                    "cumulative_rows_scanned": 3122400000,
                    "operator_cardinality": 1,
                    "operator_type": "UNGROUPED_AGGREGATE",
                    "cumulative_cardinality": 127190386,
                    "extra_info": {
                        "Aggregates": [
                            "sum(#0)",
                            "sum(#1)"
                        ]
                    },
                    "cpu_time": 14.740584284999994,
                    "children": [
                        {
                            "result_set_size": 260543584,
                            "operator_timing": 0.4227802170000001,
                            "operator_rows_scanned": 0,
                            "cumulative_rows_scanned": 3122400000,
                            "operator_cardinality": 16283974,
                            "operator_type": "PROJECTION",
                            "cumulative_cardinality": 127190385,
                            "extra_info": {
                                "Projections": [
                                    "CASE  WHEN (prefix(p_type, 'PROMO')) THEN ((l_extendedprice * (1.00 - l_discount))) ELSE 0.0000 END",
                                    "(l_extendedprice * (1.00 - l_discount))"
                                ],
                                "Estimated Cardinality": "14400000"
                            },
                            "cpu_time": 14.685762164999993,
                            "children": [
                                {
                                    "result_set_size": 781630752,
                                    "operator_timing": 4.923674440999995,
                                    "operator_rows_scanned": 0,
                                    "cumulative_rows_scanned": 3122400000,
                                    "operator_cardinality": 16283974,
                                    "operator_type": "HASH_JOIN",
                                    "cumulative_cardinality": 110906411,
                                    "extra_info": {
                                        "Join Type": "INNER",
                                        "Conditions": "p_partkey = l_partkey",
                                        "Estimated Cardinality": "14400000"
                                    },
                                    "cpu_time": 14.262981947999993,
                                    "children": [
                                        {
                                            "result_set_size": 1727999928,
                                            "operator_timing": 1.9578067989999999,
                                            "operator_rows_scanned": 2304000000,
                                            "cumulative_rows_scanned": 2304000000,
                                            "operator_cardinality": 71999997,
                                            "operator_type": "TABLE_SCAN",
                                            "cumulative_cardinality": 71999997,
                                            "extra_info": {
                                                "Function": "PARQUET_SCAN",
                                                "Projections": [
                                                    "p_partkey",
                                                    "p_type"
                                                ],
                                                "Estimated Cardinality": "72000000"
                                            },
                                            "cpu_time": 1.9578067989999999,
                                            "children": []
                                        },
                                        {
                                            "result_set_size": 542938560,
                                            "operator_timing": 7.381500707999998,
                                            "operator_rows_scanned": 818400000,
                                            "cumulative_rows_scanned": 818400000,
                                            "operator_cardinality": 22622440,
                                            "operator_type": "TABLE_SCAN",
                                            "cumulative_cardinality": 22622440,
                                            "extra_info": {
                                                "Function": "READ_PARQUET",
                                                "Projections": [
                                                    "l_partkey",
                                                    "l_extendedprice",
                                                    "l_discount"
                                                ],
                                                "Filters": "l_shipdate>='1993-02-01'::DATE AND l_shipdate<'1993-03-01'::DATE AND l_shipdate IS NOT NULL",
                                                "Estimated Cardinality": "5115000"
                                            },
                                            "cpu_time": 7.381500707999998,
                                            "children": []
                                        }
                                    ]
                                }
                            ]
                        }
                    ]
                }
            ]
        }
    ]
}