{
    "rows_returned": 1,
    "latency": 5.809224674,
    "result_set_size": 8,
    "cumulative_rows_scanned": 542080000,
    "cumulative_cardinality": 33880001,
    "extra_info": {},
    "cpu_time": 33.57465136699998,
    "blocked_thread_time": 0.0,
    "query_name": "COPY (FROM read_parquet(['s3://tpch9026--apne1-az1--x-s3/568.parquet','s3://tpch9026--apne1-az1--x-s3/569.parquet','s3://tpch9026--apne1-az1--x-s3/571.parquet','s3://tpch9026--apne1-az1--x-s3/574.parquet','s3://tpch9026--apne1-az1--x-s3/576.parquet','s3://tpch9026--apne1-az1--x-s3/577.parquet','s3://tpch9026--apne1-az1--x-s3/581.parquet','s3://tpch9026--apne1-az1--x-s3/588.parquet','s3://tpch9026--apne1-az1--x-s3/591.parquet','s3://tpch9026--apne1-az1--x-s3/596.parquet','s3://tpch9026--apne1-az1--x-s3/606.parquet','s3://tpch9026--apne1-az1--x-s3/610.parquet','s3://tpch9026--apne1-az1--x-s3/613.parquet','s3://tpch9026--apne1-az1--x-s3/616.parquet','s3://tpch9026--apne1-az1--x-s3/617.parquet','s3://tpch9026--apne1-az1--x-s3/620.parquet','s3://tpch9026--apne1-az1--x-s3/627.parquet','s3://tpch9026--apne1-az1--x-s3/629.parquet','s3://tpch9026--apne1-az1--x-s3/632.parquet','s3://tpch9026--apne1-az1--x-s3/633.parquet']) ORDER BY l_shipdate) TO 's3://tpch9026--apne1-az1--x-s3/tmp' (FORMAT 'parquet');",
    "children": [
        {
            "result_set_size": 8,
            "operator_timing": 3.734166846,
            "operator_rows_scanned": 0,
            "cumulative_rows_scanned": 542080000,
            "operator_cardinality": 1,
            "operator_type": "BATCH_COPY_TO_FILE",
            "cumulative_cardinality": 33880001,
            "extra_info": {},
            "cpu_time": 33.57465136699998,
            "children": [
                {
                    "result_set_size": 2642640000,
                    "operator_timing": 19.355805006999983,
                    "operator_rows_scanned": 0,
                    "cumulative_rows_scanned": 542080000,
                    "operator_cardinality": 16940000,
                    "operator_type": "ORDER_BY",
                    "cumulative_cardinality": 33880000,
                    "extra_info": {
                        "Order By": "read_parquet.l_shipdate ASC"
                    },
                    "cpu_time": 29.840484520999983,
                    "children": [
                        {
                            "result_set_size": 2642640000,
                            "operator_timing": 10.484679514,
                            "operator_rows_scanned": 542080000,
                            "cumulative_rows_scanned": 542080000,
                            "operator_cardinality": 16940000,
                            "operator_type": "TABLE_SCAN",
                            "cumulative_cardinality": 16940000,
                            "extra_info": {
                                "Function": "READ_PARQUET",
                                "Projections": [
                                    "l_orderkey",
                                    "l_partkey",
                                    "l_suppkey",
                                    "l_linenumber",
                                    "l_quantity",
                                    "l_extendedprice",
                                    "l_discount",
                                    "l_tax",
                                    "l_returnflag",
                                    "l_linestatus",
                                    "l_shipdate",
                                    "l_commitdate",
                                    "l_receiptdate",
                                    "l_shipinstruct",
                                    "l_shipmode",
                                    "l_comment"
                                ],
                                "Estimated Cardinality": "16940000"
                            },
                            "cpu_time": 10.484679514,
                            "children": []
                        }
                    ]
                }
            ]
        }
    ]
}