{
    "rows_returned": 1,
    "latency": 5.767361537,
    "result_set_size": 8,
    "cumulative_rows_scanned": 543360000,
    "cumulative_cardinality": 33960001,
    "extra_info": {},
    "cpu_time": 32.421172932000005,
    "blocked_thread_time": 0.0,
    "query_name": "COPY (FROM read_parquet(['s3://tpch9026--apne1-az1--x-s3/427.parquet','s3://tpch9026--apne1-az1--x-s3/429.parquet','s3://tpch9026--apne1-az1--x-s3/431.parquet','s3://tpch9026--apne1-az1--x-s3/436.parquet','s3://tpch9026--apne1-az1--x-s3/439.parquet','s3://tpch9026--apne1-az1--x-s3/440.parquet','s3://tpch9026--apne1-az1--x-s3/448.parquet','s3://tpch9026--apne1-az1--x-s3/449.parquet','s3://tpch9026--apne1-az1--x-s3/451.parquet','s3://tpch9026--apne1-az1--x-s3/453.parquet','s3://tpch9026--apne1-az1--x-s3/458.parquet','s3://tpch9026--apne1-az1--x-s3/462.parquet','s3://tpch9026--apne1-az1--x-s3/465.parquet','s3://tpch9026--apne1-az1--x-s3/470.parquet','s3://tpch9026--apne1-az1--x-s3/480.parquet','s3://tpch9026--apne1-az1--x-s3/481.parquet','s3://tpch9026--apne1-az1--x-s3/487.parquet','s3://tpch9026--apne1-az1--x-s3/491.parquet','s3://tpch9026--apne1-az1--x-s3/492.parquet','s3://tpch9026--apne1-az1--x-s3/494.parquet']) ORDER BY l_shipdate) TO 's3://tpch9026--apne1-az1--x-s3/tmp' (FORMAT 'parquet');",
    "children": [
        {
            "result_set_size": 8,
            "operator_timing": 3.7219764709999996,
            "operator_rows_scanned": 0,
            "cumulative_rows_scanned": 543360000,
            "operator_cardinality": 1,
            "operator_type": "BATCH_COPY_TO_FILE",
            "cumulative_cardinality": 33960001,
            "extra_info": {},
            "cpu_time": 32.421172932000005,
            "children": [
                {
                    "result_set_size": 2648880000,
                    "operator_timing": 18.40409031400001,
                    "operator_rows_scanned": 0,
                    "cumulative_rows_scanned": 543360000,
                    "operator_cardinality": 16980000,
                    "operator_type": "ORDER_BY",
                    "cumulative_cardinality": 33960000,
                    "extra_info": {
                        "Order By": "read_parquet.l_shipdate ASC"
                    },
                    "cpu_time": 28.699196461000007,
                    "children": [
                        {
                            "result_set_size": 2648880000,
                            "operator_timing": 10.295106146999998,
                            "operator_rows_scanned": 543360000,
                            "cumulative_rows_scanned": 543360000,
                            "operator_cardinality": 16980000,
                            "operator_type": "TABLE_SCAN",
                            "cumulative_cardinality": 16980000,
                            "extra_info": {
                                "Function": "READ_PARQUET",
                                "Projections": [
                                    "l_orderkey",
                                    "l_partkey",
                                    "l_suppkey",
                                    "l_linenumber",
                                    "l_quantity",
                                    "l_extendedprice",
                                    "l_discount",
                                    "l_tax",
                                    "l_returnflag",
                                    "l_linestatus",
                                    "l_shipdate",
                                    "l_commitdate",
                                    "l_receiptdate",
                                    "l_shipinstruct",
                                    "l_shipmode",
                                    "l_comment"
                                ],
                                "Estimated Cardinality": "16980000"
                            },
                            "cpu_time": 10.295106146999998,
                            "children": []
                        }
                    ]
                }
            ]
        }
    ]
}