{
    "rows_returned": 1,
    "latency": 2.517981647,
    "result_set_size": 72,
    "cumulative_rows_scanned": 5022784000,
    "cumulative_cardinality": 322535211,
    "extra_info": {},
    "cpu_time": 69.82053809500003,
    "blocked_thread_time": 0.0,
    "query_name": "WITH revenue AS (\n    SELECT\n        l_suppkey AS supplier_no,\n        sum(l_extendedprice * (1 - l_discount)) AS total_revenue\n    FROM\n        read_parquet([\"s3://tpch17501--apne1-az1--x-s3/746.parquet\", \"s3://tpch17501--apne1-az1--x-s3/747.parquet\", \"s3://tpch17501--apne1-az1--x-s3/748.parquet\", \"s3://tpch17501--apne1-az1--x-s3/749.parquet\", \"s3://tpch17501--apne1-az1--x-s3/750.parquet\", \"s3://tpch17501--apne1-az1--x-s3/751.parquet\", \"s3://tpch17501--apne1-az1--x-s3/752.parquet\", \"s3://tpch17501--apne1-az1--x-s3/753.parquet\", \"s3://tpch17501--apne1-az1--x-s3/754.parquet\", \"s3://tpch17501--apne1-az1--x-s3/755.parquet\", \"s3://tpch17501--apne1-az1--x-s3/756.parquet\", \"s3://tpch17501--apne1-az1--x-s3/757.parquet\", \"s3://tpch17501--apne1-az1--x-s3/758.parquet\", \"s3://tpch17501--apne1-az1--x-s3/759.parquet\", \"s3://tpch17501--apne1-az1--x-s3/760.parquet\", \"s3://tpch17501--apne1-az1--x-s3/761.parquet\", \"s3://tpch17501--apne1-az1--x-s3/762.parquet\", \"s3://tpch17501--apne1-az1--x-s3/763.parquet\", \"s3://tpch17501--apne1-az1--x-s3/764.parquet\", \"s3://tpch17501--apne1-az1--x-s3/765.parquet\", \"s3://tpch17501--apne1-az1--x-s3/766.parquet\", \"s3://tpch17501--apne1-az1--x-s3/767.parquet\", \"s3://tpch17501--apne1-az1--x-s3/768.parquet\", \"s3://tpch17501--apne1-az1--x-s3/769.parquet\", \"s3://tpch17501--apne1-az1--x-s3/770.parquet\", \"s3://tpch17501--apne1-az1--x-s3/771.parquet\", \"s3://tpch17501--apne1-az1--x-s3/772.parquet\", \"s3://tpch17501--apne1-az1--x-s3/773.parquet\", \"s3://tpch17501--apne1-az1--x-s3/774.parquet\", \"s3://tpch17501--apne1-az1--x-s3/775.parquet\", \"s3://tpch17501--apne1-az1--x-s3/776.parquet\", \"s3://tpch17501--apne1-az1--x-s3/777.parquet\", \"s3://tpch17501--apne1-az1--x-s3/778.parquet\", \"s3://tpch17501--apne1-az1--x-s3/779.parquet\", \"s3://tpch17501--apne1-az1--x-s3/780.parquet\", \"s3://tpch17501--apne1-az1--x-s3/781.parquet\", \"s3://tpch17501--apne1-az1--x-s3/782.parquet\", \"s3://tpch17501--apne1-az1--x-s3/783.parquet\", \"s3://tpch17501--apne1-az1--x-s3/784.parquet\", \"s3://tpch17501--apne1-az1--x-s3/785.parquet\", \"s3://tpch17501--apne1-az1--x-s3/786.parquet\", \"s3://tpch17501--apne1-az1--x-s3/787.parquet\", \"s3://tpch17501--apne1-az1--x-s3/788.parquet\", \"s3://tpch17501--apne1-az1--x-s3/789.parquet\", \"s3://tpch17501--apne1-az1--x-s3/790.parquet\", \"s3://tpch17501--apne1-az1--x-s3/791.parquet\", \"s3://tpch17501--apne1-az1--x-s3/792.parquet\", \"s3://tpch17501--apne1-az1--x-s3/793.parquet\", \"s3://tpch17501--apne1-az1--x-s3/794.parquet\", \"s3://tpch17501--apne1-az1--x-s3/795.parquet\", \"s3://tpch17501--apne1-az1--x-s3/796.parquet\", \"s3://tpch17501--apne1-az1--x-s3/797.parquet\", \"s3://tpch17501--apne1-az1--x-s3/798.parquet\", \"s3://tpch17501--apne1-az1--x-s3/799.parquet\", \"s3://tpch17501--apne1-az1--x-s3/800.parquet\", \"s3://tpch17501--apne1-az1--x-s3/801.parquet\", \"s3://tpch17501--apne1-az1--x-s3/802.parquet\", \"s3://tpch17501--apne1-az1--x-s3/803.parquet\", \"s3://tpch17501--apne1-az1--x-s3/804.parquet\", \"s3://tpch17501--apne1-az1--x-s3/805.parquet\", \"s3://tpch17501--apne1-az1--x-s3/806.parquet\", \"s3://tpch17501--apne1-az1--x-s3/807.parquet\", \"s3://tpch17501--apne1-az1--x-s3/808.parquet\", \"s3://tpch17501--apne1-az1--x-s3/809.parquet\", \"s3://tpch17501--apne1-az1--x-s3/810.parquet\", \"s3://tpch17501--apne1-az1--x-s3/811.parquet\", \"s3://tpch17501--apne1-az1--x-s3/812.parquet\", \"s3://tpch17501--apne1-az1--x-s3/813.parquet\", \"s3://tpch17501--apne1-az1--x-s3/814.parquet\", \"s3://tpch17501--apne1-az1--x-s3/815.parquet\", \"s3://tpch17501--apne1-az1--x-s3/816.parquet\", \"s3://tpch17501--apne1-az1--x-s3/817.parquet\", \"s3://tpch17501--apne1-az1--x-s3/818.parquet\", \"s3://tpch17501--apne1-az1--x-s3/819.parquet\", \"s3://tpch17501--apne1-az1--x-s3/820.parquet\", \"s3://tpch17501--apne1-az1--x-s3/821.parquet\", \"s3://tpch17501--apne1-az1--x-s3/822.parquet\", \"s3://tpch17501--apne1-az1--x-s3/823.parquet\", \"s3://tpch17501--apne1-az1--x-s3/824.parquet\", \"s3://tpch17501--apne1-az1--x-s3/825.parquet\", \"s3://tpch17501--apne1-az1--x-s3/826.parquet\", \"s3://tpch17501--apne1-az1--x-s3/827.parquet\", \"s3://tpch17501--apne1-az1--x-s3/828.parquet\", \"s3://tpch17501--apne1-az1--x-s3/829.parquet\", \"s3://tpch17501--apne1-az1--x-s3/830.parquet\", \"s3://tpch17501--apne1-az1--x-s3/831.parquet\", \"s3://tpch17501--apne1-az1--x-s3/832.parquet\", \"s3://tpch17501--apne1-az1--x-s3/833.parquet\", \"s3://tpch17501--apne1-az1--x-s3/834.parquet\", \"s3://tpch17501--apne1-az1--x-s3/835.parquet\", \"s3://tpch17501--apne1-az1--x-s3/836.parquet\", \"s3://tpch17501--apne1-az1--x-s3/837.parquet\", \"s3://tpch17501--apne1-az1--x-s3/838.parquet\", \"s3://tpch17501--apne1-az1--x-s3/839.parquet\", \"s3://tpch17501--apne1-az1--x-s3/840.parquet\", \"s3://tpch17501--apne1-az1--x-s3/841.parquet\", \"s3://tpch17501--apne1-az1--x-s3/842.parquet\", \"s3://tpch17501--apne1-az1--x-s3/843.parquet\", \"s3://tpch17501--apne1-az1--x-s3/844.parquet\", \"s3://tpch17501--apne1-az1--x-s3/845.parquet\", \"s3://tpch17501--apne1-az1--x-s3/846.parquet\", \"s3://tpch17501--apne1-az1--x-s3/847.parquet\", \"s3://tpch17501--apne1-az1--x-s3/848.parquet\", \"s3://tpch17501--apne1-az1--x-s3/849.parquet\", \"s3://tpch17501--apne1-az1--x-s3/850.parquet\", \"s3://tpch17501--apne1-az1--x-s3/851.parquet\", \"s3://tpch17501--apne1-az1--x-s3/852.parquet\", \"s3://tpch17501--apne1-az1--x-s3/853.parquet\", \"s3://tpch17501--apne1-az1--x-s3/854.parquet\", \"s3://tpch17501--apne1-az1--x-s3/855.parquet\", \"s3://tpch17501--apne1-az1--x-s3/856.parquet\", \"s3://tpch17501--apne1-az1--x-s3/857.parquet\", \"s3://tpch17501--apne1-az1--x-s3/858.parquet\", \"s3://tpch17501--apne1-az1--x-s3/859.parquet\", \"s3://tpch17501--apne1-az1--x-s3/860.parquet\", \"s3://tpch17501--apne1-az1--x-s3/861.parquet\", \"s3://tpch17501--apne1-az1--x-s3/862.parquet\", \"s3://tpch17501--apne1-az1--x-s3/863.parquet\", \"s3://tpch17501--apne1-az1--x-s3/864.parquet\", \"s3://tpch17501--apne1-az1--x-s3/865.parquet\", \"s3://tpch17501--apne1-az1--x-s3/866.parquet\", \"s3://tpch17501--apne1-az1--x-s3/867.parquet\", \"s3://tpch17501--apne1-az1--x-s3/868.parquet\", \"s3://tpch17501--apne1-az1--x-s3/869.parquet\", \"s3://tpch17501--apne1-az1--x-s3/870.parquet\", \"s3://tpch17501--apne1-az1--x-s3/871.parquet\", \"s3://tpch17501--apne1-az1--x-s3/872.parquet\", \"s3://tpch17501--apne1-az1--x-s3/873.parquet\", \"s3://tpch17501--apne1-az1--x-s3/874.parquet\", \"s3://tpch17501--apne1-az1--x-s3/875.parquet\", \"s3://tpch17501--apne1-az1--x-s3/876.parquet\", \"s3://tpch17501--apne1-az1--x-s3/877.parquet\", \"s3://tpch17501--apne1-az1--x-s3/878.parquet\", \"s3://tpch17501--apne1-az1--x-s3/879.parquet\", \"s3://tpch17501--apne1-az1--x-s3/880.parquet\", \"s3://tpch17501--apne1-az1--x-s3/881.parquet\", \"s3://tpch17501--apne1-az1--x-s3/882.parquet\", \"s3://tpch17501--apne1-az1--x-s3/883.parquet\", \"s3://tpch17501--apne1-az1--x-s3/884.parquet\", \"s3://tpch17501--apne1-az1--x-s3/885.parquet\", \"s3://tpch17501--apne1-az1--x-s3/886.parquet\", \"s3://tpch17501--apne1-az1--x-s3/887.parquet\", \"s3://tpch17501--apne1-az1--x-s3/888.parquet\", \"s3://tpch17501--apne1-az1--x-s3/889.parquet\", \"s3://tpch17501--apne1-az1--x-s3/890.parquet\", \"s3://tpch17501--apne1-az1--x-s3/891.parquet\", \"s3://tpch17501--apne1-az1--x-s3/892.parquet\", \"s3://tpch17501--apne1-az1--x-s3/893.parquet\", \"s3://tpch17501--apne1-az1--x-s3/894.parquet\", \"s3://tpch17501--apne1-az1--x-s3/895.parquet\", \"s3://tpch17501--apne1-az1--x-s3/896.parquet\", \"s3://tpch17501--apne1-az1--x-s3/897.parquet\", \"s3://tpch17501--apne1-az1--x-s3/898.parquet\", \"s3://tpch17501--apne1-az1--x-s3/899.parquet\", \"s3://tpch17501--apne1-az1--x-s3/900.parquet\", \"s3://tpch17501--apne1-az1--x-s3/901.parquet\", \"s3://tpch17501--apne1-az1--x-s3/902.parquet\", \"s3://tpch17501--apne1-az1--x-s3/903.parquet\", \"s3://tpch17501--apne1-az1--x-s3/904.parquet\", \"s3://tpch17501--apne1-az1--x-s3/905.parquet\", \"s3://tpch17501--apne1-az1--x-s3/906.parquet\", \"s3://tpch17501--apne1-az1--x-s3/907.parquet\", \"s3://tpch17501--apne1-az1--x-s3/908.parquet\", \"s3://tpch17501--apne1-az1--x-s3/909.parquet\", \"s3://tpch17501--apne1-az1--x-s3/910.parquet\", \"s3://tpch17501--apne1-az1--x-s3/911.parquet\", \"s3://tpch17501--apne1-az1--x-s3/912.parquet\", \"s3://tpch17501--apne1-az1--x-s3/913.parquet\", \"s3://tpch17501--apne1-az1--x-s3/914.parquet\", \"s3://tpch17501--apne1-az1--x-s3/915.parquet\", \"s3://tpch17501--apne1-az1--x-s3/916.parquet\", \"s3://tpch17501--apne1-az1--x-s3/917.parquet\", \"s3://tpch17501--apne1-az1--x-s3/918.parquet\", \"s3://tpch17501--apne1-az1--x-s3/919.parquet\", \"s3://tpch17501--apne1-az1--x-s3/920.parquet\", \"s3://tpch17501--apne1-az1--x-s3/921.parquet\", \"s3://tpch17501--apne1-az1--x-s3/922.parquet\", \"s3://tpch17501--apne1-az1--x-s3/923.parquet\", \"s3://tpch17501--apne1-az1--x-s3/924.parquet\", \"s3://tpch17501--apne1-az1--x-s3/925.parquet\", \"s3://tpch17501--apne1-az1--x-s3/926.parquet\", \"s3://tpch17501--apne1-az1--x-s3/927.parquet\", \"s3://tpch17501--apne1-az1--x-s3/928.parquet\", \"s3://tpch17501--apne1-az1--x-s3/929.parquet\", \"s3://tpch17501--apne1-az1--x-s3/930.parquet\", \"s3://tpch17501--apne1-az1--x-s3/931.parquet\"])\n    WHERE\n        l_shipdate >= DATE '1992-01-01' + INTERVAL 26 MONTH\n        AND l_shipdate < DATE '1992-01-01' + INTERVAL 26 MONTH + INTERVAL 3 MONTH\n    GROUP BY\n        supplier_no\n)\nSELECT\n    s_suppkey,\n    s_name,\n    s_address,\n    s_phone,\n    total_revenue\nFROM\n    'pool/supplier/*.parquet',\n    revenue\nWHERE\n    s_suppkey = supplier_no\n    AND total_revenue = (\n        SELECT\n            max(total_revenue)\n        FROM\n            revenue\n    )\nORDER BY\n    s_suppkey;",
    "children": [
        {
            "result_set_size": 72,
            "operator_timing": 0.000032495,
            "operator_rows_scanned": 0,
            "cumulative_rows_scanned": 5022784000,
            "operator_cardinality": 1,
            "operator_type": "ORDER_BY",
            "cumulative_cardinality": 322535211,
            "extra_info": {
                "Order By": "\"pool/supplier/*.parquet\".s_suppkey ASC"
            },
            "cpu_time": 69.82053809500003,
            "children": [
                {
                    "result_set_size": 72,
                    "operator_timing": 0.000001133,
                    "operator_rows_scanned": 0,
                    "cumulative_rows_scanned": 5022784000,
                    "operator_cardinality": 1,
                    "operator_type": "PROJECTION",
                    "cumulative_cardinality": 322535210,
                    "extra_info": {
                        "Projections": [
                            "s_suppkey",
                            "s_name",
                            "s_address",
                            "s_phone",
                            "total_revenue"
                        ],
                        "Estimated Cardinality": "15196200"
                    },
                    "cpu_time": 69.82050560000003,
                    "children": [
                        {
                            "result_set_size": 0,
                            "operator_timing": 0.023621959999999997,
                            "operator_rows_scanned": 0,
                            "cumulative_rows_scanned": 5022784000,
                            "operator_cardinality": 0,
                            "operator_type": "CTE",
                            "cumulative_cardinality": 322535209,
                            "extra_info": {
                                "CTE Name": "revenue",
                                "Table Index": "0"
                            },
                            "cpu_time": 69.82050446700003,
                            "children": [
                                {
                                    "result_set_size": 120000000,
                                    "operator_timing": 23.508136992,
                                    "operator_rows_scanned": 0,
                                    "cumulative_rows_scanned": 4862784000,
                                    "operator_cardinality": 5000000,
                                    "operator_type": "HASH_GROUP_BY",
                                    "cumulative_cardinality": 307535202,
                                    "extra_info": {
                                        "Groups": "#0",
                                        "Aggregates": "sum(#1)",
                                        "Estimated Cardinality": "15196200"
                                    },
                                    "cpu_time": 69.69658645900003,
                                    "children": [
                                        {
                                            "result_set_size": 2420281616,
                                            "operator_timing": 0.9747232220000003,
                                            "operator_rows_scanned": 0,
                                            "cumulative_rows_scanned": 4862784000,
                                            "operator_cardinality": 151267601,
                                            "operator_type": "PROJECTION",
                                            "cumulative_cardinality": 302535202,
                                            "extra_info": {
                                                "Projections": [
                                                    "supplier_no",
                                                    "(l_extendedprice * (1.00 - l_discount))"
                                                ],
                                                "Estimated Cardinality": "30392400"
                                            },
                                            "cpu_time": 46.18844946700003,
                                            "children": [
                                                {
                                                    "result_set_size": 3630422424,
                                                    "operator_timing": 45.213726245000025,
                                                    "operator_rows_scanned": 4862784000,
                                                    "cumulative_rows_scanned": 4862784000,
                                                    "operator_cardinality": 151267601,
                                                    "operator_type": "TABLE_SCAN",
                                                    "cumulative_cardinality": 151267601,
                                                    "extra_info": {
                                                        "Function": "READ_PARQUET",
                                                        "Projections": [
                                                            "l_suppkey",
                                                            "l_extendedprice",
                                                            "l_discount"
                                                        ],
                                                        "Filters": "l_shipdate>='1994-03-01'::DATE AND l_shipdate<'1994-06-01'::DATE AND l_shipdate IS NOT NULL",
                                                        "Estimated Cardinality": "30392400"
                                                    },
                                                    "cpu_time": 45.213726245000025,
                                                    "children": []
                                                }
                                            ]
                                        }
                                    ]
                                },
                                {
                                    "result_set_size": 96,
                                    "operator_timing": 0.000218194,
                                    "operator_rows_scanned": 0,
                                    "cumulative_rows_scanned": 160000000,
                                    "operator_cardinality": 1,
                                    "operator_type": "HASH_JOIN",
                                    "cumulative_cardinality": 15000007,
                                    "extra_info": {
                                        "Join Type": "INNER",
                                        "Conditions": "s_suppkey = supplier_no",
                                        "Estimated Cardinality": "0"
                                    },
                                    "cpu_time": 0.10029604799999998,
                                    "children": [
                                        {
                                            "result_set_size": 56,
                                            "operator_timing": 0.029448497000000004,
                                            "operator_rows_scanned": 160000000,
                                            "cumulative_rows_scanned": 160000000,
                                            "operator_cardinality": 1,
                                            "operator_type": "TABLE_SCAN",
                                            "cumulative_cardinality": 1,
                                            "extra_info": {
                                                "Function": "PARQUET_SCAN",
                                                "Projections": "",
                                                "Estimated Cardinality": "5000000"
                                            },
                                            "cpu_time": 0.029448497000000004,
                                            "children": []
                                        },
                                        {
                                            "result_set_size": 40,
                                            "operator_timing": 0.02859561199999999,
                                            "operator_rows_scanned": 0,
                                            "cumulative_rows_scanned": 0,
                                            "operator_cardinality": 1,
                                            "operator_type": "HASH_JOIN",
                                            "cumulative_cardinality": 15000005,
                                            "extra_info": {
                                                "Join Type": "INNER",
                                                "Conditions": "total_revenue = SUBQUERY",
                                                "Estimated Cardinality": "0"
                                            },
                                            "cpu_time": 0.07062935699999998,
                                            "children": [
                                                {
                                                    "result_set_size": 120000000,
                                                    "operator_timing": 0.008071192999999999,
                                                    "operator_rows_scanned": 0,
                                                    "cumulative_rows_scanned": 0,
                                                    "operator_cardinality": 5000000,
                                                    "operator_type": "CTE_SCAN",
                                                    "cumulative_cardinality": 5000000,
                                                    "extra_info": {
                                                        "CTE Index": "0",
                                                        "Estimated Cardinality": "15196200"
                                                    },
                                                    "cpu_time": 0.008071192999999999,
                                                    "children": []
                                                },
                                                {
                                                    "result_set_size": 16,
                                                    "operator_timing": 0.000003138,
                                                    "operator_rows_scanned": 0,
                                                    "cumulative_rows_scanned": 0,
                                                    "operator_cardinality": 1,
                                                    "operator_type": "PROJECTION",
                                                    "cumulative_cardinality": 10000004,
                                                    "extra_info": {
                                                        "Projections": [
                                                            "CASE  WHEN ((#1 > 1)) THEN (error('More than one row returned by a subquery used as an expression - scalar subqueries can only return a single row.",
                                                            "Use \"SET scalar_subquery_error_on_multiple_rows=false\" to revert to previous behavior of returning a random row.')) ELSE #0 END"
                                                        ],
                                                        "Estimated Cardinality": "1"
                                                    },
                                                    "cpu_time": 0.03396255199999999,
                                                    "children": [
                                                        {
                                                            "result_set_size": 24,
                                                            "operator_timing": 0.000002233,
                                                            "operator_rows_scanned": 0,
                                                            "cumulative_rows_scanned": 0,
                                                            "operator_cardinality": 1,
                                                            "operator_type": "UNGROUPED_AGGREGATE",
                                                            "cumulative_cardinality": 10000003,
                                                            "extra_info": {
                                                                "Aggregates": [
                                                                    "\"first\"(#0)",
                                                                    "count_star()"
                                                                ]
                                                            },
                                                            "cpu_time": 0.03395941399999999,
                                                            "children": [
                                                                {
                                                                    "result_set_size": 16,
                                                                    "operator_timing": 2.39e-7,
                                                                    "operator_rows_scanned": 0,
                                                                    "cumulative_rows_scanned": 0,
                                                                    "operator_cardinality": 1,
                                                                    "operator_type": "PROJECTION",
                                                                    "cumulative_cardinality": 10000002,
                                                                    "extra_info": {
                                                                        "Projections": "#0",
                                                                        "Estimated Cardinality": "1"
                                                                    },
                                                                    "cpu_time": 0.033957180999999996,
                                                                    "children": [
                                                                        {
                                                                            "result_set_size": 16,
                                                                            "operator_timing": 0.007314145000000003,
                                                                            "operator_rows_scanned": 0,
                                                                            "cumulative_rows_scanned": 0,
                                                                            "operator_cardinality": 1,
                                                                            "operator_type": "UNGROUPED_AGGREGATE",
                                                                            "cumulative_cardinality": 10000001,
                                                                            "extra_info": {
                                                                                "Aggregates": "max(#0)"
                                                                            },
                                                                            "cpu_time": 0.033956942,
                                                                            "children": [
                                                                                {
                                                                                    "result_set_size": 80000000,
                                                                                    "operator_timing": 0.00030444600000000005,
                                                                                    "operator_rows_scanned": 0,
                                                                                    "cumulative_rows_scanned": 0,
                                                                                    "operator_cardinality": 5000000,
                                                                                    "operator_type": "PROJECTION",
                                                                                    "cumulative_cardinality": 10000000,
                                                                                    "extra_info": {
                                                                                        "Projections": "total_revenue",
                                                                                        "Estimated Cardinality": "15196200"
                                                                                    },
                                                                                    "cpu_time": 0.026642796999999992,
                                                                                    "children": [
                                                                                        {
                                                                                            "result_set_size": 120000000,
                                                                                            "operator_timing": 0.026338350999999992,
                                                                                            "operator_rows_scanned": 0,
                                                                                            "cumulative_rows_scanned": 0,
                                                                                            "operator_cardinality": 5000000,
                                                                                            "operator_type": "CTE_SCAN",
                                                                                            "cumulative_cardinality": 5000000,
                                                                                            "extra_info": {
                                                                                                "CTE Index": "0",
                                                                                                "Estimated Cardinality": "15196200"
                                                                                            },
                                                                                            "cpu_time": 0.026338350999999992,
                                                                                            "children": []
                                                                                        }
                                                                                    ]
                                                                                }
                                                                            ]
                                                                        }
                                                                    ]
                                                                }
                                                            ]
                                                        }
                                                    ]
                                                }
                                            ]
                                        }
                                    ]
                                }
                            ]
                        }
                    ]
                }
            ]
        }
    ]
}