{
    "rows_returned": 0,
    "latency": 1.720127074,
    "result_set_size": 0,
    "cumulative_rows_scanned": 3010784000,
    "cumulative_cardinality": 199616567,
    "extra_info": {},
    "cpu_time": 44.370061931999984,
    "blocked_thread_time": 0.0,
    "query_name": "WITH revenue AS (\n    SELECT\n        l_suppkey AS supplier_no,\n        sum(l_extendedprice * (1 - l_discount)) AS total_revenue\n    FROM\n        read_parquet([\"s3://tpch3934--apne1-az1--x-s3/245.parquet\", \"s3://tpch3934--apne1-az1--x-s3/246.parquet\", \"s3://tpch3934--apne1-az1--x-s3/247.parquet\", \"s3://tpch3934--apne1-az1--x-s3/248.parquet\", \"s3://tpch3934--apne1-az1--x-s3/249.parquet\", \"s3://tpch3934--apne1-az1--x-s3/250.parquet\", \"s3://tpch3934--apne1-az1--x-s3/251.parquet\", \"s3://tpch3934--apne1-az1--x-s3/252.parquet\", \"s3://tpch3934--apne1-az1--x-s3/253.parquet\", \"s3://tpch3934--apne1-az1--x-s3/254.parquet\", \"s3://tpch3934--apne1-az1--x-s3/255.parquet\", \"s3://tpch3934--apne1-az1--x-s3/256.parquet\", \"s3://tpch3934--apne1-az1--x-s3/257.parquet\", \"s3://tpch3934--apne1-az1--x-s3/258.parquet\", \"s3://tpch3934--apne1-az1--x-s3/259.parquet\", \"s3://tpch3934--apne1-az1--x-s3/260.parquet\", \"s3://tpch3934--apne1-az1--x-s3/261.parquet\", \"s3://tpch3934--apne1-az1--x-s3/262.parquet\", \"s3://tpch3934--apne1-az1--x-s3/263.parquet\", \"s3://tpch3934--apne1-az1--x-s3/264.parquet\", \"s3://tpch3934--apne1-az1--x-s3/265.parquet\", \"s3://tpch3934--apne1-az1--x-s3/266.parquet\", \"s3://tpch3934--apne1-az1--x-s3/267.parquet\", \"s3://tpch3934--apne1-az1--x-s3/268.parquet\", \"s3://tpch3934--apne1-az1--x-s3/269.parquet\", \"s3://tpch3934--apne1-az1--x-s3/270.parquet\", \"s3://tpch3934--apne1-az1--x-s3/271.parquet\", \"s3://tpch3934--apne1-az1--x-s3/272.parquet\", \"s3://tpch3934--apne1-az1--x-s3/273.parquet\", \"s3://tpch3934--apne1-az1--x-s3/274.parquet\", \"s3://tpch3934--apne1-az1--x-s3/275.parquet\", \"s3://tpch3934--apne1-az1--x-s3/276.parquet\", \"s3://tpch3934--apne1-az1--x-s3/277.parquet\", \"s3://tpch3934--apne1-az1--x-s3/278.parquet\", \"s3://tpch3934--apne1-az1--x-s3/279.parquet\", \"s3://tpch3934--apne1-az1--x-s3/280.parquet\", \"s3://tpch3934--apne1-az1--x-s3/281.parquet\", \"s3://tpch3934--apne1-az1--x-s3/282.parquet\", \"s3://tpch3934--apne1-az1--x-s3/283.parquet\", \"s3://tpch3934--apne1-az1--x-s3/284.parquet\", \"s3://tpch3934--apne1-az1--x-s3/285.parquet\", \"s3://tpch3934--apne1-az1--x-s3/286.parquet\", \"s3://tpch3934--apne1-az1--x-s3/287.parquet\", \"s3://tpch3934--apne1-az1--x-s3/288.parquet\", \"s3://tpch3934--apne1-az1--x-s3/289.parquet\", \"s3://tpch3934--apne1-az1--x-s3/290.parquet\", \"s3://tpch3934--apne1-az1--x-s3/291.parquet\", \"s3://tpch3934--apne1-az1--x-s3/292.parquet\", \"s3://tpch3934--apne1-az1--x-s3/293.parquet\", \"s3://tpch3934--apne1-az1--x-s3/294.parquet\", \"s3://tpch3934--apne1-az1--x-s3/295.parquet\", \"s3://tpch3934--apne1-az1--x-s3/296.parquet\", \"s3://tpch3934--apne1-az1--x-s3/297.parquet\", \"s3://tpch3934--apne1-az1--x-s3/298.parquet\", \"s3://tpch3934--apne1-az1--x-s3/299.parquet\", \"s3://tpch3934--apne1-az1--x-s3/300.parquet\", \"s3://tpch3934--apne1-az1--x-s3/301.parquet\", \"s3://tpch3934--apne1-az1--x-s3/302.parquet\", \"s3://tpch3934--apne1-az1--x-s3/303.parquet\", \"s3://tpch3934--apne1-az1--x-s3/304.parquet\", \"s3://tpch3934--apne1-az1--x-s3/305.parquet\", \"s3://tpch3934--apne1-az1--x-s3/306.parquet\", \"s3://tpch3934--apne1-az1--x-s3/307.parquet\", \"s3://tpch3934--apne1-az1--x-s3/308.parquet\", \"s3://tpch3934--apne1-az1--x-s3/309.parquet\", \"s3://tpch3934--apne1-az1--x-s3/310.parquet\", \"s3://tpch3934--apne1-az1--x-s3/311.parquet\", \"s3://tpch3934--apne1-az1--x-s3/312.parquet\", \"s3://tpch3934--apne1-az1--x-s3/313.parquet\", \"s3://tpch3934--apne1-az1--x-s3/314.parquet\", \"s3://tpch3934--apne1-az1--x-s3/315.parquet\", \"s3://tpch3934--apne1-az1--x-s3/316.parquet\", \"s3://tpch3934--apne1-az1--x-s3/317.parquet\", \"s3://tpch3934--apne1-az1--x-s3/318.parquet\", \"s3://tpch3934--apne1-az1--x-s3/319.parquet\", \"s3://tpch3934--apne1-az1--x-s3/320.parquet\", \"s3://tpch3934--apne1-az1--x-s3/321.parquet\", \"s3://tpch3934--apne1-az1--x-s3/322.parquet\", \"s3://tpch3934--apne1-az1--x-s3/323.parquet\", \"s3://tpch3934--apne1-az1--x-s3/324.parquet\", \"s3://tpch3934--apne1-az1--x-s3/325.parquet\", \"s3://tpch3934--apne1-az1--x-s3/326.parquet\", \"s3://tpch3934--apne1-az1--x-s3/327.parquet\", \"s3://tpch3934--apne1-az1--x-s3/328.parquet\", \"s3://tpch3934--apne1-az1--x-s3/329.parquet\", \"s3://tpch3934--apne1-az1--x-s3/330.parquet\", \"s3://tpch3934--apne1-az1--x-s3/331.parquet\", \"s3://tpch3934--apne1-az1--x-s3/332.parquet\", \"s3://tpch3934--apne1-az1--x-s3/333.parquet\", \"s3://tpch3934--apne1-az1--x-s3/334.parquet\", \"s3://tpch3934--apne1-az1--x-s3/335.parquet\", \"s3://tpch3934--apne1-az1--x-s3/336.parquet\", \"s3://tpch3934--apne1-az1--x-s3/337.parquet\", \"s3://tpch3934--apne1-az1--x-s3/338.parquet\", \"s3://tpch3934--apne1-az1--x-s3/339.parquet\", \"s3://tpch3934--apne1-az1--x-s3/340.parquet\", \"s3://tpch3934--apne1-az1--x-s3/341.parquet\", \"s3://tpch3934--apne1-az1--x-s3/342.parquet\", \"s3://tpch3934--apne1-az1--x-s3/343.parquet\", \"s3://tpch3934--apne1-az1--x-s3/344.parquet\", \"s3://tpch3934--apne1-az1--x-s3/345.parquet\", \"s3://tpch3934--apne1-az1--x-s3/346.parquet\", \"s3://tpch3934--apne1-az1--x-s3/347.parquet\", \"s3://tpch3934--apne1-az1--x-s3/348.parquet\", \"s3://tpch3934--apne1-az1--x-s3/349.parquet\", \"s3://tpch3934--apne1-az1--x-s3/350.parquet\", \"s3://tpch3934--apne1-az1--x-s3/351.parquet\", \"s3://tpch3934--apne1-az1--x-s3/352.parquet\", \"s3://tpch3934--apne1-az1--x-s3/353.parquet\", \"s3://tpch3934--apne1-az1--x-s3/354.parquet\", \"s3://tpch3934--apne1-az1--x-s3/355.parquet\"])\n    WHERE\n        l_shipdate >= DATE '1992-01-01' + INTERVAL 15 MONTH\n        AND l_shipdate < DATE '1992-01-01' + INTERVAL 15 MONTH + INTERVAL 3 MONTH\n    GROUP BY\n        supplier_no\n)\nSELECT\n    s_suppkey,\n    s_name,\n    s_address,\n    s_phone,\n    total_revenue\nFROM\n    'pool/supplier/*.parquet',\n    revenue\nWHERE\n    s_suppkey = supplier_no\n    AND total_revenue = (\n        SELECT\n            max(total_revenue)\n        FROM\n            revenue\n    )\nORDER BY\n    s_suppkey;",
    "children": [
        {
            "result_set_size": 0,
            "operator_timing": 4.16e-7,
            "operator_rows_scanned": 0,
            "cumulative_rows_scanned": 3010784000,
            "operator_cardinality": 0,
            "operator_type": "ORDER_BY",
            "cumulative_cardinality": 199616567,
            "extra_info": {
                "Order By": "\"pool/supplier/*.parquet\".s_suppkey ASC"
            },
            "cpu_time": 44.370061931999984,
            "children": [
                {
                    "result_set_size": 0,
                    "operator_timing": 0.0,
                    "operator_rows_scanned": 0,
                    "cumulative_rows_scanned": 3010784000,
                    "operator_cardinality": 0,
                    "operator_type": "PROJECTION",
                    "cumulative_cardinality": 199616567,
                    "extra_info": {
                        "Projections": [
                            "s_suppkey",
                            "s_name",
                            "s_address",
                            "s_phone",
                            "total_revenue"
                        ],
                        "Estimated Cardinality": "9068700"
                    },
                    "cpu_time": 44.370061515999986,
                    "children": [
                        {
                            "result_set_size": 0,
                            "operator_timing": 0.03856030800000001,
                            "operator_rows_scanned": 0,
                            "cumulative_rows_scanned": 3010784000,
                            "operator_cardinality": 0,
                            "operator_type": "CTE",
                            "cumulative_cardinality": 199616567,
                            "extra_info": {
                                "CTE Name": "revenue",
                                "Table Index": "0"
                            },
                            "cpu_time": 44.370061515999986,
                            "children": [
                                {
                                    "result_set_size": 120000000,
                                    "operator_timing": 15.783650016999996,
                                    "operator_rows_scanned": 0,
                                    "cumulative_rows_scanned": 2901984000,
                                    "operator_cardinality": 5000000,
                                    "operator_type": "HASH_GROUP_BY",
                                    "cumulative_cardinality": 184616562,
                                    "extra_info": {
                                        "Groups": "#0",
                                        "Aggregates": "sum(#1)",
                                        "Estimated Cardinality": "9068700"
                                    },
                                    "cpu_time": 44.18528054999999,
                                    "children": [
                                        {
                                            "result_set_size": 1436932496,
                                            "operator_timing": 0.578578179,
                                            "operator_rows_scanned": 0,
                                            "cumulative_rows_scanned": 2901984000,
                                            "operator_cardinality": 89808281,
                                            "operator_type": "PROJECTION",
                                            "cumulative_cardinality": 179616562,
                                            "extra_info": {
                                                "Projections": [
                                                    "supplier_no",
                                                    "(l_extendedprice * (1.00 - l_discount))"
                                                ],
                                                "Estimated Cardinality": "18137400"
                                            },
                                            "cpu_time": 28.401630532999995,
                                            "children": [
                                                {
                                                    "result_set_size": 2155398744,
                                                    "operator_timing": 27.823052353999994,
                                                    "operator_rows_scanned": 2901984000,
                                                    "cumulative_rows_scanned": 2901984000,
                                                    "operator_cardinality": 89808281,
                                                    "operator_type": "TABLE_SCAN",
                                                    "cumulative_cardinality": 89808281,
                                                    "extra_info": {
                                                        "Function": "READ_PARQUET",
                                                        "Projections": [
                                                            "l_suppkey",
                                                            "l_extendedprice",
                                                            "l_discount"
                                                        ],
                                                        "Filters": "l_shipdate>='1993-04-01'::DATE AND l_shipdate<'1993-07-01'::DATE AND l_shipdate IS NOT NULL",
                                                        "Estimated Cardinality": "18137400"
                                                    },
                                                    "cpu_time": 27.823052353999994,
                                                    "children": []
                                                }
                                            ]
                                        }
                                    ]
                                },
                                {
                                    "result_set_size": 0,
                                    "operator_timing": 0.00018862400000000003,
                                    "operator_rows_scanned": 0,
                                    "cumulative_rows_scanned": 108800000,
                                    "operator_cardinality": 0,
                                    "operator_type": "HASH_JOIN",
                                    "cumulative_cardinality": 15000005,
                                    "extra_info": {
                                        "Join Type": "INNER",
                                        "Conditions": "s_suppkey = supplier_no",
                                        "Estimated Cardinality": "0"
                                    },
                                    "cpu_time": 0.14622065799999998,
                                    "children": [
                                        {
                                            "result_set_size": 0,
                                            "operator_timing": 0.07719936499999998,
                                            "operator_rows_scanned": 108800000,
                                            "cumulative_rows_scanned": 108800000,
                                            "operator_cardinality": 0,
                                            "operator_type": "TABLE_SCAN",
                                            "cumulative_cardinality": 0,
                                            "extra_info": {
                                                "Function": "PARQUET_SCAN",
                                                "Projections": "",
                                                "Estimated Cardinality": "3400000"
                                            },
                                            "cpu_time": 0.07719936499999998,
                                            "children": []
                                        },
                                        {
                                            "result_set_size": 40,
                                            "operator_timing": 0.028495300999999997,
                                            "operator_rows_scanned": 0,
                                            "cumulative_rows_scanned": 0,
                                            "operator_cardinality": 1,
                                            "operator_type": "HASH_JOIN",
                                            "cumulative_cardinality": 15000005,
                                            "extra_info": {
                                                "Join Type": "INNER",
                                                "Conditions": "total_revenue = SUBQUERY",
                                                "Estimated Cardinality": "0"
                                            },
                                            "cpu_time": 0.068832669,
                                            "children": [
                                                {
                                                    "result_set_size": 120000000,
                                                    "operator_timing": 0.008294270000000001,
                                                    "operator_rows_scanned": 0,
                                                    "cumulative_rows_scanned": 0,
                                                    "operator_cardinality": 5000000,
                                                    "operator_type": "CTE_SCAN",
                                                    "cumulative_cardinality": 5000000,
                                                    "extra_info": {
                                                        "CTE Index": "0",
                                                        "Estimated Cardinality": "9068700"
                                                    },
                                                    "cpu_time": 0.008294270000000001,
                                                    "children": []
                                                },
                                                {
                                                    "result_set_size": 16,
                                                    "operator_timing": 0.000003604,
                                                    "operator_rows_scanned": 0,
                                                    "cumulative_rows_scanned": 0,
                                                    "operator_cardinality": 1,
                                                    "operator_type": "PROJECTION",
                                                    "cumulative_cardinality": 10000004,
                                                    "extra_info": {
                                                        "Projections": [
                                                            "CASE  WHEN ((#1 > 1)) THEN (error('More than one row returned by a subquery used as an expression - scalar subqueries can only return a single row.",
                                                            "Use \"SET scalar_subquery_error_on_multiple_rows=false\" to revert to previous behavior of returning a random row.')) ELSE #0 END"
                                                        ],
                                                        "Estimated Cardinality": "1"
                                                    },
                                                    "cpu_time": 0.032043098,
                                                    "children": [
                                                        {
                                                            "result_set_size": 24,
                                                            "operator_timing": 0.000001884,
                                                            "operator_rows_scanned": 0,
                                                            "cumulative_rows_scanned": 0,
                                                            "operator_cardinality": 1,
                                                            "operator_type": "UNGROUPED_AGGREGATE",
                                                            "cumulative_cardinality": 10000003,
                                                            "extra_info": {
                                                                "Aggregates": [
                                                                    "\"first\"(#0)",
                                                                    "count_star()"
                                                                ]
                                                            },
                                                            "cpu_time": 0.032039494,
                                                            "children": [
                                                                {
                                                                    "result_set_size": 16,
                                                                    "operator_timing": 1.96e-7,
                                                                    "operator_rows_scanned": 0,
                                                                    "cumulative_rows_scanned": 0,
                                                                    "operator_cardinality": 1,
                                                                    "operator_type": "PROJECTION",
                                                                    "cumulative_cardinality": 10000002,
                                                                    "extra_info": {
                                                                        "Projections": "#0",
                                                                        "Estimated Cardinality": "1"
                                                                    },
                                                                    "cpu_time": 0.03203761,
                                                                    "children": [
                                                                        {
                                                                            "result_set_size": 16,
                                                                            "operator_timing": 0.0076198520000000025,
                                                                            "operator_rows_scanned": 0,
                                                                            "cumulative_rows_scanned": 0,
                                                                            "operator_cardinality": 1,
                                                                            "operator_type": "UNGROUPED_AGGREGATE",
                                                                            "cumulative_cardinality": 10000001,
                                                                            "extra_info": {
                                                                                "Aggregates": "max(#0)"
                                                                            },
                                                                            "cpu_time": 0.032037414,
                                                                            "children": [
                                                                                {
                                                                                    "result_set_size": 80000000,
                                                                                    "operator_timing": 0.00030743700000000003,
                                                                                    "operator_rows_scanned": 0,
                                                                                    "cumulative_rows_scanned": 0,
                                                                                    "operator_cardinality": 5000000,
                                                                                    "operator_type": "PROJECTION",
                                                                                    "cumulative_cardinality": 10000000,
                                                                                    "extra_info": {
                                                                                        "Projections": "total_revenue",
                                                                                        "Estimated Cardinality": "9068700"
                                                                                    },
                                                                                    "cpu_time": 0.024417561999999997,
                                                                                    "children": [
                                                                                        {
                                                                                            "result_set_size": 120000000,
                                                                                            "operator_timing": 0.024110124999999996,
                                                                                            "operator_rows_scanned": 0,
                                                                                            "cumulative_rows_scanned": 0,
                                                                                            "operator_cardinality": 5000000,
                                                                                            "operator_type": "CTE_SCAN",
                                                                                            "cumulative_cardinality": 5000000,
                                                                                            "extra_info": {
                                                                                                "CTE Index": "0",
                                                                                                "Estimated Cardinality": "9068700"
                                                                                            },
                                                                                            "cpu_time": 0.024110124999999996,
                                                                                            "children": []
                                                                                        }
                                                                                    ]
                                                                                }
                                                                            ]
                                                                        }
                                                                    ]
                                                                }
                                                            ]
                                                        }
                                                    ]
                                                }
                                            ]
                                        }
                                    ]
                                }
                            ]
                        }
                    ]
                }
            ]
        }
    ]
}