{
    "rows_returned": 1,
    "latency": 1.404276373,
    "result_set_size": 72,
    "cumulative_rows_scanned": 2676000000,
    "cumulative_cardinality": 174676627,
    "extra_info": {},
    "cpu_time": 36.59331433000001,
    "blocked_thread_time": 0.0,
    "query_name": "WITH revenue AS (\n    SELECT\n        l_suppkey AS supplier_no,\n        sum(l_extendedprice * (1 - l_discount)) AS total_revenue\n    FROM\n        read_parquet([\"s3://tpch28764--apne1-az1--x-s3/158.parquet\", \"s3://tpch28764--apne1-az1--x-s3/240.parquet\", \"s3://tpch28764--apne1-az1--x-s3/241.parquet\", \"s3://tpch28764--apne1-az1--x-s3/242.parquet\", \"s3://tpch28764--apne1-az1--x-s3/243.parquet\", \"s3://tpch28764--apne1-az1--x-s3/244.parquet\", \"s3://tpch28764--apne1-az1--x-s3/245.parquet\", \"s3://tpch28764--apne1-az1--x-s3/246.parquet\", \"s3://tpch28764--apne1-az1--x-s3/247.parquet\", \"s3://tpch28764--apne1-az1--x-s3/248.parquet\", \"s3://tpch28764--apne1-az1--x-s3/249.parquet\", \"s3://tpch28764--apne1-az1--x-s3/251.parquet\", \"s3://tpch28764--apne1-az1--x-s3/252.parquet\", \"s3://tpch28764--apne1-az1--x-s3/253.parquet\", \"s3://tpch28764--apne1-az1--x-s3/254.parquet\", \"s3://tpch28764--apne1-az1--x-s3/255.parquet\", \"s3://tpch28764--apne1-az1--x-s3/396.parquet\", \"s3://tpch28764--apne1-az1--x-s3/397.parquet\", \"s3://tpch28764--apne1-az1--x-s3/398.parquet\", \"s3://tpch28764--apne1-az1--x-s3/399.parquet\", \"s3://tpch28764--apne1-az1--x-s3/400.parquet\", \"s3://tpch28764--apne1-az1--x-s3/401.parquet\", \"s3://tpch28764--apne1-az1--x-s3/402.parquet\", \"s3://tpch28764--apne1-az1--x-s3/403.parquet\", \"s3://tpch28764--apne1-az1--x-s3/404.parquet\", \"s3://tpch28764--apne1-az1--x-s3/405.parquet\", \"s3://tpch28764--apne1-az1--x-s3/406.parquet\", \"s3://tpch28764--apne1-az1--x-s3/407.parquet\", \"s3://tpch28764--apne1-az1--x-s3/408.parquet\", \"s3://tpch28764--apne1-az1--x-s3/409.parquet\", \"s3://tpch28764--apne1-az1--x-s3/410.parquet\", \"s3://tpch28764--apne1-az1--x-s3/411.parquet\", \"s3://tpch28764--apne1-az1--x-s3/412.parquet\", \"s3://tpch28764--apne1-az1--x-s3/413.parquet\", \"s3://tpch28764--apne1-az1--x-s3/581.parquet\", \"s3://tpch28764--apne1-az1--x-s3/582.parquet\", \"s3://tpch28764--apne1-az1--x-s3/583.parquet\", \"s3://tpch28764--apne1-az1--x-s3/584.parquet\", \"s3://tpch28764--apne1-az1--x-s3/585.parquet\", \"s3://tpch28764--apne1-az1--x-s3/586.parquet\", \"s3://tpch28764--apne1-az1--x-s3/587.parquet\", \"s3://tpch28764--apne1-az1--x-s3/588.parquet\", \"s3://tpch28764--apne1-az1--x-s3/589.parquet\", \"s3://tpch28764--apne1-az1--x-s3/590.parquet\", \"s3://tpch28764--apne1-az1--x-s3/591.parquet\", \"s3://tpch28764--apne1-az1--x-s3/592.parquet\", \"s3://tpch28764--apne1-az1--x-s3/593.parquet\", \"s3://tpch28764--apne1-az1--x-s3/594.parquet\", \"s3://tpch28764--apne1-az1--x-s3/595.parquet\", \"s3://tpch28764--apne1-az1--x-s3/596.parquet\", \"s3://tpch28764--apne1-az1--x-s3/597.parquet\", \"s3://tpch28764--apne1-az1--x-s3/598.parquet\", \"s3://tpch28764--apne1-az1--x-s3/599.parquet\", \"s3://tpch28764--apne1-az1--x-s3/1003.parquet\", \"s3://tpch28764--apne1-az1--x-s3/1004.parquet\", \"s3://tpch28764--apne1-az1--x-s3/1005.parquet\", \"s3://tpch28764--apne1-az1--x-s3/1006.parquet\", \"s3://tpch28764--apne1-az1--x-s3/1007.parquet\", \"s3://tpch28764--apne1-az1--x-s3/1008.parquet\", \"s3://tpch28764--apne1-az1--x-s3/1009.parquet\", \"s3://tpch28764--apne1-az1--x-s3/1010.parquet\", \"s3://tpch28764--apne1-az1--x-s3/1011.parquet\", \"s3://tpch28764--apne1-az1--x-s3/1012.parquet\", \"s3://tpch28764--apne1-az1--x-s3/1013.parquet\", \"s3://tpch28764--apne1-az1--x-s3/1014.parquet\", \"s3://tpch28764--apne1-az1--x-s3/1015.parquet\", \"s3://tpch28764--apne1-az1--x-s3/1016.parquet\", \"s3://tpch28764--apne1-az1--x-s3/1068.parquet\", \"s3://tpch28764--apne1-az1--x-s3/1069.parquet\", \"s3://tpch28764--apne1-az1--x-s3/1070.parquet\", \"s3://tpch28764--apne1-az1--x-s3/1071.parquet\", \"s3://tpch28764--apne1-az1--x-s3/1072.parquet\", \"s3://tpch28764--apne1-az1--x-s3/1073.parquet\", \"s3://tpch28764--apne1-az1--x-s3/1074.parquet\", \"s3://tpch28764--apne1-az1--x-s3/1121.parquet\", \"s3://tpch28764--apne1-az1--x-s3/1135.parquet\", \"s3://tpch28764--apne1-az1--x-s3/1207.parquet\", \"s3://tpch28764--apne1-az1--x-s3/1234.parquet\", \"s3://tpch28764--apne1-az1--x-s3/1352.parquet\", \"s3://tpch28764--apne1-az1--x-s3/1353.parquet\", \"s3://tpch28764--apne1-az1--x-s3/1355.parquet\", \"s3://tpch28764--apne1-az1--x-s3/1356.parquet\", \"s3://tpch28764--apne1-az1--x-s3/1357.parquet\", \"s3://tpch28764--apne1-az1--x-s3/1358.parquet\", \"s3://tpch28764--apne1-az1--x-s3/1577.parquet\", \"s3://tpch28764--apne1-az1--x-s3/1579.parquet\", \"s3://tpch28764--apne1-az1--x-s3/1581.parquet\", \"s3://tpch28764--apne1-az1--x-s3/1582.parquet\", \"s3://tpch28764--apne1-az1--x-s3/1584.parquet\", \"s3://tpch28764--apne1-az1--x-s3/1588.parquet\", \"s3://tpch28764--apne1-az1--x-s3/1589.parquet\", \"s3://tpch28764--apne1-az1--x-s3/1590.parquet\", \"s3://tpch28764--apne1-az1--x-s3/1591.parquet\", \"s3://tpch28764--apne1-az1--x-s3/1593.parquet\", \"s3://tpch28764--apne1-az1--x-s3/1594.parquet\", \"s3://tpch28764--apne1-az1--x-s3/1597.parquet\", \"s3://tpch28764--apne1-az1--x-s3/1598.parquet\"])\n    WHERE\n        l_shipdate >= DATE '1992-01-01' + INTERVAL 13 MONTH\n        AND l_shipdate < DATE '1992-01-01' + INTERVAL 13 MONTH + INTERVAL 3 MONTH\n    GROUP BY\n        supplier_no\n)\nSELECT\n    s_suppkey,\n    s_name,\n    s_address,\n    s_phone,\n    total_revenue\nFROM\n    'pool/supplier/*.parquet',\n    revenue\nWHERE\n    s_suppkey = supplier_no\n    AND total_revenue = (\n        SELECT\n            max(total_revenue)\n        FROM\n            revenue\n    )\nORDER BY\n    s_suppkey;",
    "children": [
        {
            "result_set_size": 72,
            "operator_timing": 0.000033015,
            "operator_rows_scanned": 0,
            "cumulative_rows_scanned": 2676000000,
            "operator_cardinality": 1,
            "operator_type": "ORDER_BY",
            "cumulative_cardinality": 174676627,
            "extra_info": {
                "Order By": "\"pool/supplier/*.parquet\".s_suppkey ASC"
            },
            "cpu_time": 36.59331433000001,
            "children": [
                {
                    "result_set_size": 72,
                    "operator_timing": 0.000001138,
                    "operator_rows_scanned": 0,
                    "cumulative_rows_scanned": 2676000000,
                    "operator_cardinality": 1,
                    "operator_type": "PROJECTION",
                    "cumulative_cardinality": 174676626,
                    "extra_info": {
                        "Projections": [
                            "s_suppkey",
                            "s_name",
                            "s_address",
                            "s_phone",
                            "total_revenue"
                        ],
                        "Estimated Cardinality": "8002500"
                    },
                    "cpu_time": 36.59328131500001,
                    "children": [
                        {
                            "result_set_size": 0,
                            "operator_timing": 0.021085988999999996,
                            "operator_rows_scanned": 0,
                            "cumulative_rows_scanned": 2676000000,
                            "operator_cardinality": 0,
                            "operator_type": "CTE",
                            "cumulative_cardinality": 174676625,
                            "extra_info": {
                                "CTE Name": "revenue",
                                "Table Index": "0"
                            },
                            "cpu_time": 36.59328017700001,
                            "children": [
                                {
                                    "result_set_size": 119999976,
                                    "operator_timing": 13.030449036000004,
                                    "operator_rows_scanned": 0,
                                    "cumulative_rows_scanned": 2560800000,
                                    "operator_cardinality": 4999999,
                                    "operator_type": "HASH_GROUP_BY",
                                    "cumulative_cardinality": 159676621,
                                    "extra_info": {
                                        "Groups": "#0",
                                        "Aggregates": "sum(#1)",
                                        "Estimated Cardinality": "8002500"
                                    },
                                    "cpu_time": 36.47782266200001,
                                    "children": [
                                        {
                                            "result_set_size": 1237412976,
                                            "operator_timing": 0.4682241170000001,
                                            "operator_rows_scanned": 0,
                                            "cumulative_rows_scanned": 2560800000,
                                            "operator_cardinality": 77338311,
                                            "operator_type": "PROJECTION",
                                            "cumulative_cardinality": 154676622,
                                            "extra_info": {
                                                "Projections": [
                                                    "supplier_no",
                                                    "(l_extendedprice * (1.00 - l_discount))"
                                                ],
                                                "Estimated Cardinality": "16005000"
                                            },
                                            "cpu_time": 23.447373626,
                                            "children": [
                                                {
                                                    "result_set_size": 1856119464,
                                                    "operator_timing": 22.979149509,
                                                    "operator_rows_scanned": 2560800000,
                                                    "cumulative_rows_scanned": 2560800000,
                                                    "operator_cardinality": 77338311,
                                                    "operator_type": "TABLE_SCAN",
                                                    "cumulative_cardinality": 77338311,
                                                    "extra_info": {
                                                        "Function": "READ_PARQUET",
                                                        "Projections": [
                                                            "l_suppkey",
                                                            "l_extendedprice",
                                                            "l_discount"
                                                        ],
                                                        "Filters": "l_shipdate>='1993-02-01'::DATE AND l_shipdate<'1993-05-01'::DATE AND l_shipdate IS NOT NULL",
                                                        "Estimated Cardinality": "16005000"
                                                    },
                                                    "cpu_time": 22.979149509,
                                                    "children": []
                                                }
                                            ]
                                        }
                                    ]
                                },
                                {
                                    "result_set_size": 96,
                                    "operator_timing": 0.00022054500000000005,
                                    "operator_rows_scanned": 0,
                                    "cumulative_rows_scanned": 115200000,
                                    "operator_cardinality": 1,
                                    "operator_type": "HASH_JOIN",
                                    "cumulative_cardinality": 15000004,
                                    "extra_info": {
                                        "Join Type": "INNER",
                                        "Conditions": "s_suppkey = supplier_no",
                                        "Estimated Cardinality": "0"
                                    },
                                    "cpu_time": 0.09437152599999998,
                                    "children": [
                                        {
                                            "result_set_size": 56,
                                            "operator_timing": 0.021552019999999998,
                                            "operator_rows_scanned": 115200000,
                                            "cumulative_rows_scanned": 115200000,
                                            "operator_cardinality": 1,
                                            "operator_type": "TABLE_SCAN",
                                            "cumulative_cardinality": 1,
                                            "extra_info": {
                                                "Function": "PARQUET_SCAN",
                                                "Projections": "",
                                                "Estimated Cardinality": "3600000"
                                            },
                                            "cpu_time": 0.021552019999999998,
                                            "children": []
                                        },
                                        {
                                            "result_set_size": 40,
                                            "operator_timing": 0.028083906999999995,
                                            "operator_rows_scanned": 0,
                                            "cumulative_rows_scanned": 0,
                                            "operator_cardinality": 1,
                                            "operator_type": "HASH_JOIN",
                                            "cumulative_cardinality": 15000002,
                                            "extra_info": {
                                                "Join Type": "INNER",
                                                "Conditions": "total_revenue = SUBQUERY",
                                                "Estimated Cardinality": "0"
                                            },
                                            "cpu_time": 0.07259896099999999,
                                            "children": [
                                                {
                                                    "result_set_size": 119999976,
                                                    "operator_timing": 0.0078676,
                                                    "operator_rows_scanned": 0,
                                                    "cumulative_rows_scanned": 0,
                                                    "operator_cardinality": 4999999,
                                                    "operator_type": "CTE_SCAN",
                                                    "cumulative_cardinality": 4999999,
                                                    "extra_info": {
                                                        "CTE Index": "0",
                                                        "Estimated Cardinality": "8002500"
                                                    },
                                                    "cpu_time": 0.0078676,
                                                    "children": []
                                                },
                                                {
                                                    "result_set_size": 16,
                                                    "operator_timing": 0.000003185,
                                                    "operator_rows_scanned": 0,
                                                    "cumulative_rows_scanned": 0,
                                                    "operator_cardinality": 1,
                                                    "operator_type": "PROJECTION",
                                                    "cumulative_cardinality": 10000002,
                                                    "extra_info": {
                                                        "Projections": [
                                                            "CASE  WHEN ((#1 > 1)) THEN (error('More than one row returned by a subquery used as an expression - scalar subqueries can only return a single row.",
                                                            "Use \"SET scalar_subquery_error_on_multiple_rows=false\" to revert to previous behavior of returning a random row.')) ELSE #0 END"
                                                        ],
                                                        "Estimated Cardinality": "1"
                                                    },
                                                    "cpu_time": 0.036647453999999996,
                                                    "children": [
                                                        {
                                                            "result_set_size": 24,
                                                            "operator_timing": 0.000001839,
                                                            "operator_rows_scanned": 0,
                                                            "cumulative_rows_scanned": 0,
                                                            "operator_cardinality": 1,
                                                            "operator_type": "UNGROUPED_AGGREGATE",
                                                            "cumulative_cardinality": 10000001,
                                                            "extra_info": {
                                                                "Aggregates": [
                                                                    "\"first\"(#0)",
                                                                    "count_star()"
                                                                ]
                                                            },
                                                            "cpu_time": 0.03664426899999999,
                                                            "children": [
                                                                {
                                                                    "result_set_size": 16,
                                                                    "operator_timing": 3.03e-7,
                                                                    "operator_rows_scanned": 0,
                                                                    "cumulative_rows_scanned": 0,
                                                                    "operator_cardinality": 1,
                                                                    "operator_type": "PROJECTION",
                                                                    "cumulative_cardinality": 10000000,
                                                                    "extra_info": {
                                                                        "Projections": "#0",
                                                                        "Estimated Cardinality": "1"
                                                                    },
                                                                    "cpu_time": 0.03664243,
                                                                    "children": [
                                                                        {
                                                                            "result_set_size": 16,
                                                                            "operator_timing": 0.007316696,
                                                                            "operator_rows_scanned": 0,
                                                                            "cumulative_rows_scanned": 0,
                                                                            "operator_cardinality": 1,
                                                                            "operator_type": "UNGROUPED_AGGREGATE",
                                                                            "cumulative_cardinality": 9999999,
                                                                            "extra_info": {
                                                                                "Aggregates": "max(#0)"
                                                                            },
                                                                            "cpu_time": 0.036642127,
                                                                            "children": [
                                                                                {
                                                                                    "result_set_size": 79999984,
                                                                                    "operator_timing": 0.00030954500000000005,
                                                                                    "operator_rows_scanned": 0,
                                                                                    "cumulative_rows_scanned": 0,
                                                                                    "operator_cardinality": 4999999,
                                                                                    "operator_type": "PROJECTION",
                                                                                    "cumulative_cardinality": 9999998,
                                                                                    "extra_info": {
                                                                                        "Projections": "total_revenue",
                                                                                        "Estimated Cardinality": "8002500"
                                                                                    },
                                                                                    "cpu_time": 0.029325430999999996,
                                                                                    "children": [
                                                                                        {
                                                                                            "result_set_size": 119999976,
                                                                                            "operator_timing": 0.029015885999999994,
                                                                                            "operator_rows_scanned": 0,
                                                                                            "cumulative_rows_scanned": 0,
                                                                                            "operator_cardinality": 4999999,
                                                                                            "operator_type": "CTE_SCAN",
                                                                                            "cumulative_cardinality": 4999999,
                                                                                            "extra_info": {
                                                                                                "CTE Index": "0",
                                                                                                "Estimated Cardinality": "8002500"
                                                                                            },
                                                                                            "cpu_time": 0.029015885999999994,
                                                                                            "children": []
                                                                                        }
                                                                                    ]
                                                                                }
                                                                            ]
                                                                        }
                                                                    ]
                                                                }
                                                            ]
                                                        }
                                                    ]
                                                }
                                            ]
                                        }
                                    ]
                                }
                            ]
                        }
                    ]
                }
            ]
        }
    ]
}