{
    "rows_returned": 1,
    "latency": 3.258667352,
    "result_set_size": 72,
    "cumulative_rows_scanned": 6864320000,
    "cumulative_cardinality": 374914039,
    "extra_info": {},
    "cpu_time": 95.57127238399998,
    "blocked_thread_time": 0.0,
    "query_name": "WITH revenue AS (\n    SELECT\n        l_suppkey AS supplier_no,\n        sum(l_extendedprice * (1 - l_discount)) AS total_revenue\n    FROM\n        read_parquet([\"s3://tpch10289--apne1-az1--x-s3/4.parquet\", \"s3://tpch10289--apne1-az1--x-s3/19.parquet\", \"s3://tpch10289--apne1-az1--x-s3/37.parquet\", \"s3://tpch10289--apne1-az1--x-s3/39.parquet\", \"s3://tpch10289--apne1-az1--x-s3/41.parquet\", \"s3://tpch10289--apne1-az1--x-s3/183.parquet\", \"s3://tpch10289--apne1-az1--x-s3/184.parquet\", \"s3://tpch10289--apne1-az1--x-s3/185.parquet\", \"s3://tpch10289--apne1-az1--x-s3/186.parquet\", \"s3://tpch10289--apne1-az1--x-s3/187.parquet\", \"s3://tpch10289--apne1-az1--x-s3/189.parquet\", \"s3://tpch10289--apne1-az1--x-s3/234.parquet\", \"s3://tpch10289--apne1-az1--x-s3/348.parquet\", \"s3://tpch10289--apne1-az1--x-s3/349.parquet\", \"s3://tpch10289--apne1-az1--x-s3/350.parquet\", \"s3://tpch10289--apne1-az1--x-s3/351.parquet\", \"s3://tpch10289--apne1-az1--x-s3/352.parquet\", \"s3://tpch10289--apne1-az1--x-s3/612.parquet\", \"s3://tpch10289--apne1-az1--x-s3/614.parquet\", \"s3://tpch10289--apne1-az1--x-s3/615.parquet\", \"s3://tpch10289--apne1-az1--x-s3/617.parquet\", \"s3://tpch10289--apne1-az1--x-s3/618.parquet\", \"s3://tpch10289--apne1-az1--x-s3/619.parquet\", \"s3://tpch10289--apne1-az1--x-s3/620.parquet\", \"s3://tpch10289--apne1-az1--x-s3/621.parquet\", \"s3://tpch10289--apne1-az1--x-s3/622.parquet\", \"s3://tpch10289--apne1-az1--x-s3/623.parquet\", \"s3://tpch10289--apne1-az1--x-s3/624.parquet\", \"s3://tpch10289--apne1-az1--x-s3/625.parquet\", \"s3://tpch10289--apne1-az1--x-s3/626.parquet\", \"s3://tpch10289--apne1-az1--x-s3/628.parquet\", \"s3://tpch10289--apne1-az1--x-s3/629.parquet\", \"s3://tpch10289--apne1-az1--x-s3/630.parquet\", \"s3://tpch10289--apne1-az1--x-s3/631.parquet\", \"s3://tpch10289--apne1-az1--x-s3/632.parquet\", \"s3://tpch10289--apne1-az1--x-s3/634.parquet\", \"s3://tpch10289--apne1-az1--x-s3/711.parquet\", \"s3://tpch10289--apne1-az1--x-s3/716.parquet\", \"s3://tpch10289--apne1-az1--x-s3/719.parquet\", \"s3://tpch10289--apne1-az1--x-s3/720.parquet\", \"s3://tpch10289--apne1-az1--x-s3/727.parquet\", \"s3://tpch10289--apne1-az1--x-s3/730.parquet\", \"s3://tpch10289--apne1-az1--x-s3/732.parquet\", \"s3://tpch10289--apne1-az1--x-s3/735.parquet\", \"s3://tpch10289--apne1-az1--x-s3/738.parquet\", \"s3://tpch10289--apne1-az1--x-s3/742.parquet\", \"s3://tpch10289--apne1-az1--x-s3/743.parquet\", \"s3://tpch10289--apne1-az1--x-s3/744.parquet\", \"s3://tpch10289--apne1-az1--x-s3/745.parquet\", \"s3://tpch10289--apne1-az1--x-s3/746.parquet\", \"s3://tpch10289--apne1-az1--x-s3/747.parquet\", \"s3://tpch10289--apne1-az1--x-s3/748.parquet\", \"s3://tpch10289--apne1-az1--x-s3/749.parquet\", \"s3://tpch10289--apne1-az1--x-s3/750.parquet\", \"s3://tpch10289--apne1-az1--x-s3/751.parquet\", \"s3://tpch10289--apne1-az1--x-s3/752.parquet\", \"s3://tpch10289--apne1-az1--x-s3/753.parquet\", \"s3://tpch10289--apne1-az1--x-s3/754.parquet\", \"s3://tpch10289--apne1-az1--x-s3/755.parquet\", \"s3://tpch10289--apne1-az1--x-s3/756.parquet\", \"s3://tpch10289--apne1-az1--x-s3/757.parquet\", \"s3://tpch10289--apne1-az1--x-s3/758.parquet\", \"s3://tpch10289--apne1-az1--x-s3/761.parquet\", \"s3://tpch10289--apne1-az1--x-s3/762.parquet\", \"s3://tpch10289--apne1-az1--x-s3/764.parquet\", \"s3://tpch10289--apne1-az1--x-s3/890.parquet\", \"s3://tpch10289--apne1-az1--x-s3/891.parquet\", \"s3://tpch10289--apne1-az1--x-s3/892.parquet\", \"s3://tpch10289--apne1-az1--x-s3/893.parquet\", \"s3://tpch10289--apne1-az1--x-s3/894.parquet\", \"s3://tpch10289--apne1-az1--x-s3/895.parquet\", \"s3://tpch10289--apne1-az1--x-s3/896.parquet\", \"s3://tpch10289--apne1-az1--x-s3/897.parquet\", \"s3://tpch10289--apne1-az1--x-s3/898.parquet\", \"s3://tpch10289--apne1-az1--x-s3/899.parquet\", \"s3://tpch10289--apne1-az1--x-s3/900.parquet\", \"s3://tpch10289--apne1-az1--x-s3/901.parquet\", \"s3://tpch10289--apne1-az1--x-s3/902.parquet\", \"s3://tpch10289--apne1-az1--x-s3/903.parquet\", \"s3://tpch10289--apne1-az1--x-s3/904.parquet\", \"s3://tpch10289--apne1-az1--x-s3/905.parquet\", \"s3://tpch10289--apne1-az1--x-s3/906.parquet\", \"s3://tpch10289--apne1-az1--x-s3/907.parquet\", \"s3://tpch10289--apne1-az1--x-s3/941.parquet\", \"s3://tpch10289--apne1-az1--x-s3/943.parquet\", \"s3://tpch10289--apne1-az1--x-s3/945.parquet\", \"s3://tpch10289--apne1-az1--x-s3/948.parquet\", \"s3://tpch10289--apne1-az1--x-s3/951.parquet\", \"s3://tpch10289--apne1-az1--x-s3/953.parquet\", \"s3://tpch10289--apne1-az1--x-s3/956.parquet\", \"s3://tpch10289--apne1-az1--x-s3/957.parquet\", \"s3://tpch10289--apne1-az1--x-s3/962.parquet\", \"s3://tpch10289--apne1-az1--x-s3/963.parquet\", \"s3://tpch10289--apne1-az1--x-s3/964.parquet\", \"s3://tpch10289--apne1-az1--x-s3/965.parquet\", \"s3://tpch10289--apne1-az1--x-s3/1200.parquet\", \"s3://tpch10289--apne1-az1--x-s3/1201.parquet\", \"s3://tpch10289--apne1-az1--x-s3/1202.parquet\", \"s3://tpch10289--apne1-az1--x-s3/1203.parquet\", \"s3://tpch10289--apne1-az1--x-s3/1204.parquet\", \"s3://tpch10289--apne1-az1--x-s3/1205.parquet\", \"s3://tpch10289--apne1-az1--x-s3/1519.parquet\", \"s3://tpch10289--apne1-az1--x-s3/1520.parquet\", \"s3://tpch10289--apne1-az1--x-s3/1521.parquet\", \"s3://tpch10289--apne1-az1--x-s3/1522.parquet\", \"s3://tpch10289--apne1-az1--x-s3/1523.parquet\", \"s3://tpch10289--apne1-az1--x-s3/1524.parquet\", \"s3://tpch10289--apne1-az1--x-s3/1525.parquet\", \"s3://tpch10289--apne1-az1--x-s3/1526.parquet\", \"s3://tpch10289--apne1-az1--x-s3/1527.parquet\", \"s3://tpch10289--apne1-az1--x-s3/1528.parquet\", \"s3://tpch10289--apne1-az1--x-s3/1531.parquet\", \"s3://tpch10289--apne1-az1--x-s3/1533.parquet\", \"s3://tpch10289--apne1-az1--x-s3/1534.parquet\", \"s3://tpch10289--apne1-az1--x-s3/1535.parquet\", \"s3://tpch10289--apne1-az1--x-s3/1536.parquet\", \"s3://tpch10289--apne1-az1--x-s3/1537.parquet\", \"s3://tpch10289--apne1-az1--x-s3/1538.parquet\", \"s3://tpch10289--apne1-az1--x-s3/1541.parquet\", \"s3://tpch10289--apne1-az1--x-s3/1654.parquet\", \"s3://tpch10289--apne1-az1--x-s3/1655.parquet\", \"s3://tpch10289--apne1-az1--x-s3/1656.parquet\", \"s3://tpch10289--apne1-az1--x-s3/1657.parquet\", \"s3://tpch10289--apne1-az1--x-s3/1658.parquet\", \"s3://tpch10289--apne1-az1--x-s3/1659.parquet\", \"s3://tpch10289--apne1-az1--x-s3/1660.parquet\", \"s3://tpch10289--apne1-az1--x-s3/1661.parquet\", \"s3://tpch10289--apne1-az1--x-s3/1662.parquet\", \"s3://tpch10289--apne1-az1--x-s3/1663.parquet\", \"s3://tpch10289--apne1-az1--x-s3/1664.parquet\", \"s3://tpch10289--apne1-az1--x-s3/1665.parquet\", \"s3://tpch10289--apne1-az1--x-s3/1666.parquet\", \"s3://tpch10289--apne1-az1--x-s3/1667.parquet\", \"s3://tpch10289--apne1-az1--x-s3/1835.parquet\", \"s3://tpch10289--apne1-az1--x-s3/1844.parquet\", \"s3://tpch10289--apne1-az1--x-s3/1853.parquet\", \"s3://tpch10289--apne1-az1--x-s3/1854.parquet\", \"s3://tpch10289--apne1-az1--x-s3/1855.parquet\", \"s3://tpch10289--apne1-az1--x-s3/1856.parquet\", \"s3://tpch10289--apne1-az1--x-s3/1857.parquet\", \"s3://tpch10289--apne1-az1--x-s3/1858.parquet\", \"s3://tpch10289--apne1-az1--x-s3/1859.parquet\", \"s3://tpch10289--apne1-az1--x-s3/1860.parquet\", \"s3://tpch10289--apne1-az1--x-s3/1861.parquet\", \"s3://tpch10289--apne1-az1--x-s3/1862.parquet\", \"s3://tpch10289--apne1-az1--x-s3/1863.parquet\", \"s3://tpch10289--apne1-az1--x-s3/1864.parquet\", \"s3://tpch10289--apne1-az1--x-s3/1865.parquet\", \"s3://tpch10289--apne1-az1--x-s3/1866.parquet\", \"s3://tpch10289--apne1-az1--x-s3/1867.parquet\", \"s3://tpch10289--apne1-az1--x-s3/1868.parquet\", \"s3://tpch10289--apne1-az1--x-s3/1869.parquet\", \"s3://tpch10289--apne1-az1--x-s3/1870.parquet\", \"s3://tpch10289--apne1-az1--x-s3/2013.parquet\", \"s3://tpch10289--apne1-az1--x-s3/2014.parquet\", \"s3://tpch10289--apne1-az1--x-s3/2016.parquet\", \"s3://tpch10289--apne1-az1--x-s3/2017.parquet\", \"s3://tpch10289--apne1-az1--x-s3/2018.parquet\", \"s3://tpch10289--apne1-az1--x-s3/2019.parquet\", \"s3://tpch10289--apne1-az1--x-s3/2020.parquet\", \"s3://tpch10289--apne1-az1--x-s3/2098.parquet\", \"s3://tpch10289--apne1-az1--x-s3/2099.parquet\", \"s3://tpch10289--apne1-az1--x-s3/2100.parquet\", \"s3://tpch10289--apne1-az1--x-s3/2101.parquet\", \"s3://tpch10289--apne1-az1--x-s3/2102.parquet\", \"s3://tpch10289--apne1-az1--x-s3/2103.parquet\", \"s3://tpch10289--apne1-az1--x-s3/2105.parquet\", \"s3://tpch10289--apne1-az1--x-s3/2106.parquet\", \"s3://tpch10289--apne1-az1--x-s3/2108.parquet\", \"s3://tpch10289--apne1-az1--x-s3/2109.parquet\", \"s3://tpch10289--apne1-az1--x-s3/2110.parquet\", \"s3://tpch10289--apne1-az1--x-s3/2111.parquet\", \"s3://tpch10289--apne1-az1--x-s3/2113.parquet\", \"s3://tpch10289--apne1-az1--x-s3/2114.parquet\", \"s3://tpch10289--apne1-az1--x-s3/2115.parquet\", \"s3://tpch10289--apne1-az1--x-s3/2116.parquet\", \"s3://tpch10289--apne1-az1--x-s3/2117.parquet\", \"s3://tpch10289--apne1-az1--x-s3/2118.parquet\", \"s3://tpch10289--apne1-az1--x-s3/2119.parquet\", \"s3://tpch10289--apne1-az1--x-s3/2276.parquet\", \"s3://tpch10289--apne1-az1--x-s3/2277.parquet\", \"s3://tpch10289--apne1-az1--x-s3/2279.parquet\", \"s3://tpch10289--apne1-az1--x-s3/2280.parquet\", \"s3://tpch10289--apne1-az1--x-s3/2281.parquet\", \"s3://tpch10289--apne1-az1--x-s3/2282.parquet\", \"s3://tpch10289--apne1-az1--x-s3/2284.parquet\", \"s3://tpch10289--apne1-az1--x-s3/2287.parquet\", \"s3://tpch10289--apne1-az1--x-s3/2288.parquet\", \"s3://tpch10289--apne1-az1--x-s3/2289.parquet\", \"s3://tpch10289--apne1-az1--x-s3/2291.parquet\", \"s3://tpch10289--apne1-az1--x-s3/2292.parquet\", \"s3://tpch10289--apne1-az1--x-s3/2293.parquet\", \"s3://tpch10289--apne1-az1--x-s3/2294.parquet\", \"s3://tpch10289--apne1-az1--x-s3/2295.parquet\", \"s3://tpch10289--apne1-az1--x-s3/2296.parquet\", \"s3://tpch10289--apne1-az1--x-s3/2297.parquet\", \"s3://tpch10289--apne1-az1--x-s3/2298.parquet\", \"s3://tpch10289--apne1-az1--x-s3/2299.parquet\", \"s3://tpch10289--apne1-az1--x-s3/2313.parquet\", \"s3://tpch10289--apne1-az1--x-s3/2315.parquet\", \"s3://tpch10289--apne1-az1--x-s3/2316.parquet\", \"s3://tpch10289--apne1-az1--x-s3/2318.parquet\", \"s3://tpch10289--apne1-az1--x-s3/2324.parquet\", \"s3://tpch10289--apne1-az1--x-s3/2325.parquet\", \"s3://tpch10289--apne1-az1--x-s3/2326.parquet\", \"s3://tpch10289--apne1-az1--x-s3/2327.parquet\", \"s3://tpch10289--apne1-az1--x-s3/2329.parquet\", \"s3://tpch10289--apne1-az1--x-s3/2333.parquet\", \"s3://tpch10289--apne1-az1--x-s3/2334.parquet\", \"s3://tpch10289--apne1-az1--x-s3/2335.parquet\", \"s3://tpch10289--apne1-az1--x-s3/2336.parquet\", \"s3://tpch10289--apne1-az1--x-s3/2337.parquet\", \"s3://tpch10289--apne1-az1--x-s3/2338.parquet\", \"s3://tpch10289--apne1-az1--x-s3/2339.parquet\", \"s3://tpch10289--apne1-az1--x-s3/2341.parquet\", \"s3://tpch10289--apne1-az1--x-s3/2342.parquet\", \"s3://tpch10289--apne1-az1--x-s3/2626.parquet\", \"s3://tpch10289--apne1-az1--x-s3/2628.parquet\", \"s3://tpch10289--apne1-az1--x-s3/2629.parquet\", \"s3://tpch10289--apne1-az1--x-s3/2630.parquet\", \"s3://tpch10289--apne1-az1--x-s3/2631.parquet\", \"s3://tpch10289--apne1-az1--x-s3/2632.parquet\", \"s3://tpch10289--apne1-az1--x-s3/2633.parquet\", \"s3://tpch10289--apne1-az1--x-s3/2634.parquet\", \"s3://tpch10289--apne1-az1--x-s3/2635.parquet\", \"s3://tpch10289--apne1-az1--x-s3/2636.parquet\", \"s3://tpch10289--apne1-az1--x-s3/2637.parquet\", \"s3://tpch10289--apne1-az1--x-s3/2638.parquet\", \"s3://tpch10289--apne1-az1--x-s3/2639.parquet\", \"s3://tpch10289--apne1-az1--x-s3/2640.parquet\", \"s3://tpch10289--apne1-az1--x-s3/2642.parquet\", \"s3://tpch10289--apne1-az1--x-s3/2647.parquet\", \"s3://tpch10289--apne1-az1--x-s3/2649.parquet\", \"s3://tpch10289--apne1-az1--x-s3/2655.parquet\", \"s3://tpch10289--apne1-az1--x-s3/2656.parquet\", \"s3://tpch10289--apne1-az1--x-s3/2658.parquet\", \"s3://tpch10289--apne1-az1--x-s3/2660.parquet\", \"s3://tpch10289--apne1-az1--x-s3/2661.parquet\", \"s3://tpch10289--apne1-az1--x-s3/2665.parquet\", \"s3://tpch10289--apne1-az1--x-s3/2666.parquet\", \"s3://tpch10289--apne1-az1--x-s3/2667.parquet\", \"s3://tpch10289--apne1-az1--x-s3/2670.parquet\", \"s3://tpch10289--apne1-az1--x-s3/2672.parquet\", \"s3://tpch10289--apne1-az1--x-s3/2675.parquet\", \"s3://tpch10289--apne1-az1--x-s3/2677.parquet\", \"s3://tpch10289--apne1-az1--x-s3/2678.parquet\", \"s3://tpch10289--apne1-az1--x-s3/2683.parquet\", \"s3://tpch10289--apne1-az1--x-s3/2684.parquet\", \"s3://tpch10289--apne1-az1--x-s3/2685.parquet\", \"s3://tpch10289--apne1-az1--x-s3/2688.parquet\", \"s3://tpch10289--apne1-az1--x-s3/2689.parquet\", \"s3://tpch10289--apne1-az1--x-s3/2690.parquet\", \"s3://tpch10289--apne1-az1--x-s3/2694.parquet\", \"s3://tpch10289--apne1-az1--x-s3/2697.parquet\", \"s3://tpch10289--apne1-az1--x-s3/2768.parquet\"])\n    WHERE\n        l_shipdate >= DATE '1992-01-01' + INTERVAL 36 MONTH\n        AND l_shipdate < DATE '1992-01-01' + INTERVAL 36 MONTH + INTERVAL 3 MONTH\n    GROUP BY\n        supplier_no\n)\nSELECT\n    s_suppkey,\n    s_name,\n    s_address,\n    s_phone,\n    total_revenue\nFROM\n    'pool/supplier/*.parquet',\n    revenue\nWHERE\n    s_suppkey = supplier_no\n    AND total_revenue = (\n        SELECT\n            max(total_revenue)\n        FROM\n            revenue\n    )\nORDER BY\n    s_suppkey;",
    "children": [
        {
            "result_set_size": 72,
            "operator_timing": 0.000032501,
            "operator_rows_scanned": 0,
            "cumulative_rows_scanned": 6864320000,
            "operator_cardinality": 1,
            "operator_type": "ORDER_BY",
            "cumulative_cardinality": 374914039,
            "extra_info": {
                "Order By": "\"pool/supplier/*.parquet\".s_suppkey ASC"
            },
            "cpu_time": 95.57127238399998,
            "children": [
                {
                    "result_set_size": 72,
                    "operator_timing": 9.95e-7,
                    "operator_rows_scanned": 0,
                    "cumulative_rows_scanned": 6864320000,
                    "operator_cardinality": 1,
                    "operator_type": "PROJECTION",
                    "cumulative_cardinality": 374914038,
                    "extra_info": {
                        "Projections": [
                            "s_suppkey",
                            "s_name",
                            "s_address",
                            "s_phone",
                            "total_revenue"
                        ],
                        "Estimated Cardinality": "20961000"
                    },
                    "cpu_time": 95.57123988299998,
                    "children": [
                        {
                            "result_set_size": 0,
                            "operator_timing": 0.011936696,
                            "operator_rows_scanned": 0,
                            "cumulative_rows_scanned": 6864320000,
                            "operator_cardinality": 0,
                            "operator_type": "CTE",
                            "cumulative_cardinality": 374914037,
                            "extra_info": {
                                "CTE Name": "revenue",
                                "Table Index": "0"
                            },
                            "cpu_time": 95.57123888799998,
                            "children": [
                                {
                                    "result_set_size": 120000000,
                                    "operator_timing": 28.61664505499998,
                                    "operator_rows_scanned": 0,
                                    "cumulative_rows_scanned": 6707520000,
                                    "operator_cardinality": 5000000,
                                    "operator_type": "HASH_GROUP_BY",
                                    "cumulative_cardinality": 359914030,
                                    "extra_info": {
                                        "Groups": "#0",
                                        "Aggregates": "sum(#1)",
                                        "Estimated Cardinality": "20961000"
                                    },
                                    "cpu_time": 95.46294138599997,
                                    "children": [
                                        {
                                            "result_set_size": 2839312240,
                                            "operator_timing": 1.1057734630000002,
                                            "operator_rows_scanned": 0,
                                            "cumulative_rows_scanned": 6707520000,
                                            "operator_cardinality": 177457015,
                                            "operator_type": "PROJECTION",
                                            "cumulative_cardinality": 354914030,
                                            "extra_info": {
                                                "Projections": [
                                                    "supplier_no",
                                                    "(l_extendedprice * (1.00 - l_discount))"
                                                ],
                                                "Estimated Cardinality": "41922000"
                                            },
                                            "cpu_time": 66.84629633099999,
                                            "children": [
                                                {
                                                    "result_set_size": 4258968360,
                                                    "operator_timing": 65.74052286799999,
                                                    "operator_rows_scanned": 6707520000,
                                                    "cumulative_rows_scanned": 6707520000,
                                                    "operator_cardinality": 177457015,
                                                    "operator_type": "TABLE_SCAN",
                                                    "cumulative_cardinality": 177457015,
                                                    "extra_info": {
                                                        "Function": "READ_PARQUET",
                                                        "Projections": [
                                                            "l_suppkey",
                                                            "l_extendedprice",
                                                            "l_discount"
                                                        ],
                                                        "Filters": "l_shipdate>='1995-01-01'::DATE AND l_shipdate<'1995-04-01'::DATE AND l_shipdate IS NOT NULL",
                                                        "Estimated Cardinality": "41922000"
                                                    },
                                                    "cpu_time": 65.74052286799999,
                                                    "children": []
                                                }
                                            ]
                                        }
                                    ]
                                },
                                {
                                    "result_set_size": 96,
                                    "operator_timing": 0.00023218600000000003,
                                    "operator_rows_scanned": 0,
                                    "cumulative_rows_scanned": 156800000,
                                    "operator_cardinality": 1,
                                    "operator_type": "HASH_JOIN",
                                    "cumulative_cardinality": 15000007,
                                    "extra_info": {
                                        "Join Type": "INNER",
                                        "Conditions": "s_suppkey = supplier_no",
                                        "Estimated Cardinality": "0"
                                    },
                                    "cpu_time": 0.09636080600000002,
                                    "children": [
                                        {
                                            "result_set_size": 56,
                                            "operator_timing": 0.027348453,
                                            "operator_rows_scanned": 156800000,
                                            "cumulative_rows_scanned": 156800000,
                                            "operator_cardinality": 1,
                                            "operator_type": "TABLE_SCAN",
                                            "cumulative_cardinality": 1,
                                            "extra_info": {
                                                "Function": "PARQUET_SCAN",
                                                "Projections": "",
                                                "Estimated Cardinality": "4900000"
                                            },
                                            "cpu_time": 0.027348453,
                                            "children": []
                                        },
                                        {
                                            "result_set_size": 40,
                                            "operator_timing": 0.027930429000000007,
                                            "operator_rows_scanned": 0,
                                            "cumulative_rows_scanned": 0,
                                            "operator_cardinality": 1,
                                            "operator_type": "HASH_JOIN",
                                            "cumulative_cardinality": 15000005,
                                            "extra_info": {
                                                "Join Type": "INNER",
                                                "Conditions": "total_revenue = SUBQUERY",
                                                "Estimated Cardinality": "0"
                                            },
                                            "cpu_time": 0.06878016700000002,
                                            "children": [
                                                {
                                                    "result_set_size": 120000000,
                                                    "operator_timing": 0.0071419870000000015,
                                                    "operator_rows_scanned": 0,
                                                    "cumulative_rows_scanned": 0,
                                                    "operator_cardinality": 5000000,
                                                    "operator_type": "CTE_SCAN",
                                                    "cumulative_cardinality": 5000000,
                                                    "extra_info": {
                                                        "CTE Index": "0",
                                                        "Estimated Cardinality": "20961000"
                                                    },
                                                    "cpu_time": 0.0071419870000000015,
                                                    "children": []
                                                },
                                                {
                                                    "result_set_size": 16,
                                                    "operator_timing": 0.000002895,
                                                    "operator_rows_scanned": 0,
                                                    "cumulative_rows_scanned": 0,
                                                    "operator_cardinality": 1,
                                                    "operator_type": "PROJECTION",
                                                    "cumulative_cardinality": 10000004,
                                                    "extra_info": {
                                                        "Projections": [
                                                            "CASE  WHEN ((#1 > 1)) THEN (error('More than one row returned by a subquery used as an expression - scalar subqueries can only return a single row.",
                                                            "Use \"SET scalar_subquery_error_on_multiple_rows=false\" to revert to previous behavior of returning a random row.')) ELSE #0 END"
                                                        ],
                                                        "Estimated Cardinality": "1"
                                                    },
                                                    "cpu_time": 0.03370775100000001,
                                                    "children": [
                                                        {
                                                            "result_set_size": 24,
                                                            "operator_timing": 0.000002105,
                                                            "operator_rows_scanned": 0,
                                                            "cumulative_rows_scanned": 0,
                                                            "operator_cardinality": 1,
                                                            "operator_type": "UNGROUPED_AGGREGATE",
                                                            "cumulative_cardinality": 10000003,
                                                            "extra_info": {
                                                                "Aggregates": [
                                                                    "\"first\"(#0)",
                                                                    "count_star()"
                                                                ]
                                                            },
                                                            "cpu_time": 0.033704856000000005,
                                                            "children": [
                                                                {
                                                                    "result_set_size": 16,
                                                                    "operator_timing": 2.35e-7,
                                                                    "operator_rows_scanned": 0,
                                                                    "cumulative_rows_scanned": 0,
                                                                    "operator_cardinality": 1,
                                                                    "operator_type": "PROJECTION",
                                                                    "cumulative_cardinality": 10000002,
                                                                    "extra_info": {
                                                                        "Projections": "#0",
                                                                        "Estimated Cardinality": "1"
                                                                    },
                                                                    "cpu_time": 0.033702751,
                                                                    "children": [
                                                                        {
                                                                            "result_set_size": 16,
                                                                            "operator_timing": 0.0072995049999999995,
                                                                            "operator_rows_scanned": 0,
                                                                            "cumulative_rows_scanned": 0,
                                                                            "operator_cardinality": 1,
                                                                            "operator_type": "UNGROUPED_AGGREGATE",
                                                                            "cumulative_cardinality": 10000001,
                                                                            "extra_info": {
                                                                                "Aggregates": "max(#0)"
                                                                            },
                                                                            "cpu_time": 0.033702516,
                                                                            "children": [
                                                                                {
                                                                                    "result_set_size": 80000000,
                                                                                    "operator_timing": 0.0003092929999999999,
                                                                                    "operator_rows_scanned": 0,
                                                                                    "cumulative_rows_scanned": 0,
                                                                                    "operator_cardinality": 5000000,
                                                                                    "operator_type": "PROJECTION",
                                                                                    "cumulative_cardinality": 10000000,
                                                                                    "extra_info": {
                                                                                        "Projections": "total_revenue",
                                                                                        "Estimated Cardinality": "20961000"
                                                                                    },
                                                                                    "cpu_time": 0.026403011,
                                                                                    "children": [
                                                                                        {
                                                                                            "result_set_size": 120000000,
                                                                                            "operator_timing": 0.026093718000000002,
                                                                                            "operator_rows_scanned": 0,
                                                                                            "cumulative_rows_scanned": 0,
                                                                                            "operator_cardinality": 5000000,
                                                                                            "operator_type": "CTE_SCAN",
                                                                                            "cumulative_cardinality": 5000000,
                                                                                            "extra_info": {
                                                                                                "CTE Index": "0",
                                                                                                "Estimated Cardinality": "20961000"
                                                                                            },
                                                                                            "cpu_time": 0.026093718000000002,
                                                                                            "children": []
                                                                                        }
                                                                                    ]
                                                                                }
                                                                            ]
                                                                        }
                                                                    ]
                                                                }
                                                            ]
                                                        }
                                                    ]
                                                }
                                            ]
                                        }
                                    ]
                                }
                            ]
                        }
                    ]
                }
            ]
        }
    ]
}