{
    "rows_returned": 0,
    "latency": 2.232218476,
    "result_set_size": 0,
    "cumulative_rows_scanned": 4367616000,
    "cumulative_cardinality": 285913157,
    "extra_info": {},
    "cpu_time": 62.347748292999995,
    "blocked_thread_time": 0.0,
    "query_name": "WITH revenue AS (\n    SELECT\n        l_suppkey AS supplier_no,\n        sum(l_extendedprice * (1 - l_discount)) AS total_revenue\n    FROM\n        read_parquet([\"s3://tpch3934--apne1-az1--x-s3/693.parquet\", \"s3://tpch3934--apne1-az1--x-s3/694.parquet\", \"s3://tpch3934--apne1-az1--x-s3/695.parquet\", \"s3://tpch3934--apne1-az1--x-s3/696.parquet\", \"s3://tpch3934--apne1-az1--x-s3/697.parquet\", \"s3://tpch3934--apne1-az1--x-s3/698.parquet\", \"s3://tpch3934--apne1-az1--x-s3/699.parquet\", \"s3://tpch3934--apne1-az1--x-s3/700.parquet\", \"s3://tpch3934--apne1-az1--x-s3/701.parquet\", \"s3://tpch3934--apne1-az1--x-s3/702.parquet\", \"s3://tpch3934--apne1-az1--x-s3/703.parquet\", \"s3://tpch3934--apne1-az1--x-s3/704.parquet\", \"s3://tpch3934--apne1-az1--x-s3/705.parquet\", \"s3://tpch3934--apne1-az1--x-s3/706.parquet\", \"s3://tpch3934--apne1-az1--x-s3/707.parquet\", \"s3://tpch3934--apne1-az1--x-s3/708.parquet\", \"s3://tpch3934--apne1-az1--x-s3/709.parquet\", \"s3://tpch3934--apne1-az1--x-s3/710.parquet\", \"s3://tpch3934--apne1-az1--x-s3/711.parquet\", \"s3://tpch3934--apne1-az1--x-s3/712.parquet\", \"s3://tpch3934--apne1-az1--x-s3/713.parquet\", \"s3://tpch3934--apne1-az1--x-s3/714.parquet\", \"s3://tpch3934--apne1-az1--x-s3/715.parquet\", \"s3://tpch3934--apne1-az1--x-s3/716.parquet\", \"s3://tpch3934--apne1-az1--x-s3/717.parquet\", \"s3://tpch3934--apne1-az1--x-s3/718.parquet\", \"s3://tpch3934--apne1-az1--x-s3/719.parquet\", \"s3://tpch3934--apne1-az1--x-s3/720.parquet\", \"s3://tpch3934--apne1-az1--x-s3/721.parquet\", \"s3://tpch3934--apne1-az1--x-s3/722.parquet\", \"s3://tpch3934--apne1-az1--x-s3/723.parquet\", \"s3://tpch3934--apne1-az1--x-s3/724.parquet\", \"s3://tpch3934--apne1-az1--x-s3/725.parquet\", \"s3://tpch3934--apne1-az1--x-s3/726.parquet\", \"s3://tpch3934--apne1-az1--x-s3/727.parquet\", \"s3://tpch3934--apne1-az1--x-s3/728.parquet\", \"s3://tpch3934--apne1-az1--x-s3/729.parquet\", \"s3://tpch3934--apne1-az1--x-s3/730.parquet\", \"s3://tpch3934--apne1-az1--x-s3/731.parquet\", \"s3://tpch3934--apne1-az1--x-s3/732.parquet\", \"s3://tpch3934--apne1-az1--x-s3/733.parquet\", \"s3://tpch3934--apne1-az1--x-s3/734.parquet\", \"s3://tpch3934--apne1-az1--x-s3/735.parquet\", \"s3://tpch3934--apne1-az1--x-s3/736.parquet\", \"s3://tpch3934--apne1-az1--x-s3/737.parquet\", \"s3://tpch3934--apne1-az1--x-s3/738.parquet\", \"s3://tpch3934--apne1-az1--x-s3/739.parquet\", \"s3://tpch3934--apne1-az1--x-s3/740.parquet\", \"s3://tpch3934--apne1-az1--x-s3/741.parquet\", \"s3://tpch3934--apne1-az1--x-s3/742.parquet\", \"s3://tpch3934--apne1-az1--x-s3/743.parquet\", \"s3://tpch3934--apne1-az1--x-s3/744.parquet\", \"s3://tpch3934--apne1-az1--x-s3/745.parquet\", \"s3://tpch3934--apne1-az1--x-s3/746.parquet\", \"s3://tpch3934--apne1-az1--x-s3/747.parquet\", \"s3://tpch3934--apne1-az1--x-s3/748.parquet\", \"s3://tpch3934--apne1-az1--x-s3/749.parquet\", \"s3://tpch3934--apne1-az1--x-s3/750.parquet\", \"s3://tpch3934--apne1-az1--x-s3/751.parquet\", \"s3://tpch3934--apne1-az1--x-s3/752.parquet\", \"s3://tpch3934--apne1-az1--x-s3/753.parquet\", \"s3://tpch3934--apne1-az1--x-s3/754.parquet\", \"s3://tpch3934--apne1-az1--x-s3/755.parquet\", \"s3://tpch3934--apne1-az1--x-s3/756.parquet\", \"s3://tpch3934--apne1-az1--x-s3/757.parquet\", \"s3://tpch3934--apne1-az1--x-s3/758.parquet\", \"s3://tpch3934--apne1-az1--x-s3/759.parquet\", \"s3://tpch3934--apne1-az1--x-s3/760.parquet\", \"s3://tpch3934--apne1-az1--x-s3/761.parquet\", \"s3://tpch3934--apne1-az1--x-s3/762.parquet\", \"s3://tpch3934--apne1-az1--x-s3/763.parquet\", \"s3://tpch3934--apne1-az1--x-s3/764.parquet\", \"s3://tpch3934--apne1-az1--x-s3/765.parquet\", \"s3://tpch3934--apne1-az1--x-s3/766.parquet\", \"s3://tpch3934--apne1-az1--x-s3/767.parquet\", \"s3://tpch3934--apne1-az1--x-s3/768.parquet\", \"s3://tpch3934--apne1-az1--x-s3/769.parquet\", \"s3://tpch3934--apne1-az1--x-s3/770.parquet\", \"s3://tpch3934--apne1-az1--x-s3/771.parquet\", \"s3://tpch3934--apne1-az1--x-s3/772.parquet\", \"s3://tpch3934--apne1-az1--x-s3/773.parquet\", \"s3://tpch3934--apne1-az1--x-s3/774.parquet\", \"s3://tpch3934--apne1-az1--x-s3/775.parquet\", \"s3://tpch3934--apne1-az1--x-s3/776.parquet\", \"s3://tpch3934--apne1-az1--x-s3/777.parquet\", \"s3://tpch3934--apne1-az1--x-s3/778.parquet\", \"s3://tpch3934--apne1-az1--x-s3/779.parquet\", \"s3://tpch3934--apne1-az1--x-s3/780.parquet\", \"s3://tpch3934--apne1-az1--x-s3/781.parquet\", \"s3://tpch3934--apne1-az1--x-s3/782.parquet\", \"s3://tpch3934--apne1-az1--x-s3/783.parquet\", \"s3://tpch3934--apne1-az1--x-s3/784.parquet\", \"s3://tpch3934--apne1-az1--x-s3/785.parquet\", \"s3://tpch3934--apne1-az1--x-s3/786.parquet\", \"s3://tpch3934--apne1-az1--x-s3/787.parquet\", \"s3://tpch3934--apne1-az1--x-s3/788.parquet\", \"s3://tpch3934--apne1-az1--x-s3/789.parquet\", \"s3://tpch3934--apne1-az1--x-s3/790.parquet\", \"s3://tpch3934--apne1-az1--x-s3/791.parquet\", \"s3://tpch3934--apne1-az1--x-s3/792.parquet\", \"s3://tpch3934--apne1-az1--x-s3/793.parquet\", \"s3://tpch3934--apne1-az1--x-s3/794.parquet\", \"s3://tpch3934--apne1-az1--x-s3/795.parquet\", \"s3://tpch3934--apne1-az1--x-s3/796.parquet\", \"s3://tpch3934--apne1-az1--x-s3/797.parquet\", \"s3://tpch3934--apne1-az1--x-s3/798.parquet\", \"s3://tpch3934--apne1-az1--x-s3/799.parquet\", \"s3://tpch3934--apne1-az1--x-s3/800.parquet\", \"s3://tpch3934--apne1-az1--x-s3/801.parquet\", \"s3://tpch3934--apne1-az1--x-s3/802.parquet\", \"s3://tpch3934--apne1-az1--x-s3/803.parquet\", \"s3://tpch3934--apne1-az1--x-s3/804.parquet\", \"s3://tpch3934--apne1-az1--x-s3/805.parquet\", \"s3://tpch3934--apne1-az1--x-s3/806.parquet\", \"s3://tpch3934--apne1-az1--x-s3/807.parquet\", \"s3://tpch3934--apne1-az1--x-s3/808.parquet\", \"s3://tpch3934--apne1-az1--x-s3/809.parquet\", \"s3://tpch3934--apne1-az1--x-s3/810.parquet\", \"s3://tpch3934--apne1-az1--x-s3/811.parquet\", \"s3://tpch3934--apne1-az1--x-s3/812.parquet\", \"s3://tpch3934--apne1-az1--x-s3/813.parquet\", \"s3://tpch3934--apne1-az1--x-s3/814.parquet\", \"s3://tpch3934--apne1-az1--x-s3/815.parquet\", \"s3://tpch3934--apne1-az1--x-s3/816.parquet\", \"s3://tpch3934--apne1-az1--x-s3/817.parquet\", \"s3://tpch3934--apne1-az1--x-s3/818.parquet\", \"s3://tpch3934--apne1-az1--x-s3/819.parquet\", \"s3://tpch3934--apne1-az1--x-s3/820.parquet\", \"s3://tpch3934--apne1-az1--x-s3/821.parquet\", \"s3://tpch3934--apne1-az1--x-s3/822.parquet\", \"s3://tpch3934--apne1-az1--x-s3/823.parquet\", \"s3://tpch3934--apne1-az1--x-s3/824.parquet\", \"s3://tpch3934--apne1-az1--x-s3/825.parquet\", \"s3://tpch3934--apne1-az1--x-s3/826.parquet\", \"s3://tpch3934--apne1-az1--x-s3/827.parquet\", \"s3://tpch3934--apne1-az1--x-s3/828.parquet\", \"s3://tpch3934--apne1-az1--x-s3/829.parquet\", \"s3://tpch3934--apne1-az1--x-s3/830.parquet\", \"s3://tpch3934--apne1-az1--x-s3/831.parquet\", \"s3://tpch3934--apne1-az1--x-s3/832.parquet\", \"s3://tpch3934--apne1-az1--x-s3/833.parquet\", \"s3://tpch3934--apne1-az1--x-s3/834.parquet\", \"s3://tpch3934--apne1-az1--x-s3/835.parquet\", \"s3://tpch3934--apne1-az1--x-s3/836.parquet\", \"s3://tpch3934--apne1-az1--x-s3/837.parquet\", \"s3://tpch3934--apne1-az1--x-s3/838.parquet\", \"s3://tpch3934--apne1-az1--x-s3/839.parquet\", \"s3://tpch3934--apne1-az1--x-s3/840.parquet\", \"s3://tpch3934--apne1-az1--x-s3/841.parquet\", \"s3://tpch3934--apne1-az1--x-s3/842.parquet\", \"s3://tpch3934--apne1-az1--x-s3/843.parquet\", \"s3://tpch3934--apne1-az1--x-s3/844.parquet\", \"s3://tpch3934--apne1-az1--x-s3/845.parquet\", \"s3://tpch3934--apne1-az1--x-s3/846.parquet\", \"s3://tpch3934--apne1-az1--x-s3/847.parquet\", \"s3://tpch3934--apne1-az1--x-s3/848.parquet\", \"s3://tpch3934--apne1-az1--x-s3/849.parquet\", \"s3://tpch3934--apne1-az1--x-s3/850.parquet\", \"s3://tpch3934--apne1-az1--x-s3/851.parquet\", \"s3://tpch3934--apne1-az1--x-s3/852.parquet\", \"s3://tpch3934--apne1-az1--x-s3/853.parquet\", \"s3://tpch3934--apne1-az1--x-s3/854.parquet\", \"s3://tpch3934--apne1-az1--x-s3/855.parquet\", \"s3://tpch3934--apne1-az1--x-s3/856.parquet\"])\n    WHERE\n        l_shipdate >= DATE '1992-01-01' + INTERVAL 25 MONTH\n        AND l_shipdate < DATE '1992-01-01' + INTERVAL 25 MONTH + INTERVAL 3 MONTH\n    GROUP BY\n        supplier_no\n)\nSELECT\n    s_suppkey,\n    s_name,\n    s_address,\n    s_phone,\n    total_revenue\nFROM\n    'pool/supplier/*.parquet',\n    revenue\nWHERE\n    s_suppkey = supplier_no\n    AND total_revenue = (\n        SELECT\n            max(total_revenue)\n        FROM\n            revenue\n    )\nORDER BY\n    s_suppkey;",
    "children": [
        {
            "result_set_size": 0,
            "operator_timing": 4.26e-7,
            "operator_rows_scanned": 0,
            "cumulative_rows_scanned": 4367616000,
            "operator_cardinality": 0,
            "operator_type": "ORDER_BY",
            "cumulative_cardinality": 285913157,
            "extra_info": {
                "Order By": "\"pool/supplier/*.parquet\".s_suppkey ASC"
            },
            "cpu_time": 62.347748292999995,
            "children": [
                {
                    "result_set_size": 0,
                    "operator_timing": 0.0,
                    "operator_rows_scanned": 0,
                    "cumulative_rows_scanned": 4367616000,
                    "operator_cardinality": 0,
                    "operator_type": "PROJECTION",
                    "cumulative_cardinality": 285913157,
                    "extra_info": {
                        "Projections": [
                            "s_suppkey",
                            "s_name",
                            "s_address",
                            "s_phone",
                            "total_revenue"
                        ],
                        "Estimated Cardinality": "13398800"
                    },
                    "cpu_time": 62.347747866999995,
                    "children": [
                        {
                            "result_set_size": 0,
                            "operator_timing": 0.013346971999999995,
                            "operator_rows_scanned": 0,
                            "cumulative_rows_scanned": 4367616000,
                            "operator_cardinality": 0,
                            "operator_type": "CTE",
                            "cumulative_cardinality": 285913157,
                            "extra_info": {
                                "CTE Name": "revenue",
                                "Table Index": "0"
                            },
                            "cpu_time": 62.347747866999995,
                            "children": [
                                {
                                    "result_set_size": 120000000,
                                    "operator_timing": 21.009840208999993,
                                    "operator_rows_scanned": 0,
                                    "cumulative_rows_scanned": 4287616000,
                                    "operator_cardinality": 5000000,
                                    "operator_type": "HASH_GROUP_BY",
                                    "cumulative_cardinality": 270913152,
                                    "extra_info": {
                                        "Groups": "#0",
                                        "Aggregates": "sum(#1)",
                                        "Estimated Cardinality": "13398800"
                                    },
                                    "cpu_time": 62.253770888999995,
                                    "children": [
                                        {
                                            "result_set_size": 2127305216,
                                            "operator_timing": 0.8825030879999993,
                                            "operator_rows_scanned": 0,
                                            "cumulative_rows_scanned": 4287616000,
                                            "operator_cardinality": 132956576,
                                            "operator_type": "PROJECTION",
                                            "cumulative_cardinality": 265913152,
                                            "extra_info": {
                                                "Projections": [
                                                    "supplier_no",
                                                    "(l_extendedprice * (1.00 - l_discount))"
                                                ],
                                                "Estimated Cardinality": "26797600"
                                            },
                                            "cpu_time": 41.243930680000005,
                                            "children": [
                                                {
                                                    "result_set_size": 3190957824,
                                                    "operator_timing": 40.361427592000005,
                                                    "operator_rows_scanned": 4287616000,
                                                    "cumulative_rows_scanned": 4287616000,
                                                    "operator_cardinality": 132956576,
                                                    "operator_type": "TABLE_SCAN",
                                                    "cumulative_cardinality": 132956576,
                                                    "extra_info": {
                                                        "Function": "READ_PARQUET",
                                                        "Projections": [
                                                            "l_suppkey",
                                                            "l_extendedprice",
                                                            "l_discount"
                                                        ],
                                                        "Filters": "l_shipdate>='1994-02-01'::DATE AND l_shipdate<'1994-05-01'::DATE AND l_shipdate IS NOT NULL",
                                                        "Estimated Cardinality": "26797600"
                                                    },
                                                    "cpu_time": 40.361427592000005,
                                                    "children": []
                                                }
                                            ]
                                        }
                                    ]
                                },
                                {
                                    "result_set_size": 0,
                                    "operator_timing": 0.00020024800000000004,
                                    "operator_rows_scanned": 0,
                                    "cumulative_rows_scanned": 80000000,
                                    "operator_cardinality": 0,
                                    "operator_type": "HASH_JOIN",
                                    "cumulative_cardinality": 15000005,
                                    "extra_info": {
                                        "Join Type": "INNER",
                                        "Conditions": "s_suppkey = supplier_no",
                                        "Estimated Cardinality": "0"
                                    },
                                    "cpu_time": 0.080630006,
                                    "children": [
                                        {
                                            "result_set_size": 0,
                                            "operator_timing": 0.010915889000000002,
                                            "operator_rows_scanned": 80000000,
                                            "cumulative_rows_scanned": 80000000,
                                            "operator_cardinality": 0,
                                            "operator_type": "TABLE_SCAN",
                                            "cumulative_cardinality": 0,
                                            "extra_info": {
                                                "Function": "PARQUET_SCAN",
                                                "Projections": "",
                                                "Estimated Cardinality": "2500000"
                                            },
                                            "cpu_time": 0.010915889000000002,
                                            "children": []
                                        },
                                        {
                                            "result_set_size": 40,
                                            "operator_timing": 0.02843101100000001,
                                            "operator_rows_scanned": 0,
                                            "cumulative_rows_scanned": 0,
                                            "operator_cardinality": 1,
                                            "operator_type": "HASH_JOIN",
                                            "cumulative_cardinality": 15000005,
                                            "extra_info": {
                                                "Join Type": "INNER",
                                                "Conditions": "total_revenue = SUBQUERY",
                                                "Estimated Cardinality": "0"
                                            },
                                            "cpu_time": 0.069513869,
                                            "children": [
                                                {
                                                    "result_set_size": 120000000,
                                                    "operator_timing": 0.007926480999999999,
                                                    "operator_rows_scanned": 0,
                                                    "cumulative_rows_scanned": 0,
                                                    "operator_cardinality": 5000000,
                                                    "operator_type": "CTE_SCAN",
                                                    "cumulative_cardinality": 5000000,
                                                    "extra_info": {
                                                        "CTE Index": "0",
                                                        "Estimated Cardinality": "13398800"
                                                    },
                                                    "cpu_time": 0.007926480999999999,
                                                    "children": []
                                                },
                                                {
                                                    "result_set_size": 16,
                                                    "operator_timing": 0.000002845,
                                                    "operator_rows_scanned": 0,
                                                    "cumulative_rows_scanned": 0,
                                                    "operator_cardinality": 1,
                                                    "operator_type": "PROJECTION",
                                                    "cumulative_cardinality": 10000004,
                                                    "extra_info": {
                                                        "Projections": [
                                                            "CASE  WHEN ((#1 > 1)) THEN (error('More than one row returned by a subquery used as an expression - scalar subqueries can only return a single row.",
                                                            "Use \"SET scalar_subquery_error_on_multiple_rows=false\" to revert to previous behavior of returning a random row.')) ELSE #0 END"
                                                        ],
                                                        "Estimated Cardinality": "1"
                                                    },
                                                    "cpu_time": 0.03315637700000001,
                                                    "children": [
                                                        {
                                                            "result_set_size": 24,
                                                            "operator_timing": 0.000002057,
                                                            "operator_rows_scanned": 0,
                                                            "cumulative_rows_scanned": 0,
                                                            "operator_cardinality": 1,
                                                            "operator_type": "UNGROUPED_AGGREGATE",
                                                            "cumulative_cardinality": 10000003,
                                                            "extra_info": {
                                                                "Aggregates": [
                                                                    "\"first\"(#0)",
                                                                    "count_star()"
                                                                ]
                                                            },
                                                            "cpu_time": 0.033153532000000006,
                                                            "children": [
                                                                {
                                                                    "result_set_size": 16,
                                                                    "operator_timing": 2.24e-7,
                                                                    "operator_rows_scanned": 0,
                                                                    "cumulative_rows_scanned": 0,
                                                                    "operator_cardinality": 1,
                                                                    "operator_type": "PROJECTION",
                                                                    "cumulative_cardinality": 10000002,
                                                                    "extra_info": {
                                                                        "Projections": "#0",
                                                                        "Estimated Cardinality": "1"
                                                                    },
                                                                    "cpu_time": 0.03315147500000001,
                                                                    "children": [
                                                                        {
                                                                            "result_set_size": 16,
                                                                            "operator_timing": 0.007883168000000001,
                                                                            "operator_rows_scanned": 0,
                                                                            "cumulative_rows_scanned": 0,
                                                                            "operator_cardinality": 1,
                                                                            "operator_type": "UNGROUPED_AGGREGATE",
                                                                            "cumulative_cardinality": 10000001,
                                                                            "extra_info": {
                                                                                "Aggregates": "max(#0)"
                                                                            },
                                                                            "cpu_time": 0.03315125100000001,
                                                                            "children": [
                                                                                {
                                                                                    "result_set_size": 80000000,
                                                                                    "operator_timing": 0.00032278700000000005,
                                                                                    "operator_rows_scanned": 0,
                                                                                    "cumulative_rows_scanned": 0,
                                                                                    "operator_cardinality": 5000000,
                                                                                    "operator_type": "PROJECTION",
                                                                                    "cumulative_cardinality": 10000000,
                                                                                    "extra_info": {
                                                                                        "Projections": "total_revenue",
                                                                                        "Estimated Cardinality": "13398800"
                                                                                    },
                                                                                    "cpu_time": 0.025268083000000004,
                                                                                    "children": [
                                                                                        {
                                                                                            "result_set_size": 120000000,
                                                                                            "operator_timing": 0.024945296000000002,
                                                                                            "operator_rows_scanned": 0,
                                                                                            "cumulative_rows_scanned": 0,
                                                                                            "operator_cardinality": 5000000,
                                                                                            "operator_type": "CTE_SCAN",
                                                                                            "cumulative_cardinality": 5000000,
                                                                                            "extra_info": {
                                                                                                "CTE Index": "0",
                                                                                                "Estimated Cardinality": "13398800"
                                                                                            },
                                                                                            "cpu_time": 0.024945296000000002,
                                                                                            "children": []
                                                                                        }
                                                                                    ]
                                                                                }
                                                                            ]
                                                                        }
                                                                    ]
                                                                }
                                                            ]
                                                        }
                                                    ]
                                                }
                                            ]
                                        }
                                    ]
                                }
                            ]
                        }
                    ]
                }
            ]
        }
    ]
}