{
    "rows_returned": 1,
    "latency": 6.00729146,
    "result_set_size": 8,
    "cumulative_rows_scanned": 544000000,
    "cumulative_cardinality": 33974001,
    "extra_info": {},
    "cpu_time": 34.738293959,
    "blocked_thread_time": 0.0,
    "query_name": "COPY (FROM read_parquet(['s3://tpch9026--apne1-az1--x-s3/355.parquet','s3://tpch9026--apne1-az1--x-s3/365.parquet','s3://tpch9026--apne1-az1--x-s3/368.parquet','s3://tpch9026--apne1-az1--x-s3/369.parquet','s3://tpch9026--apne1-az1--x-s3/372.parquet','s3://tpch9026--apne1-az1--x-s3/373.parquet','s3://tpch9026--apne1-az1--x-s3/378.parquet','s3://tpch9026--apne1-az1--x-s3/380.parquet','s3://tpch9026--apne1-az1--x-s3/383.parquet','s3://tpch9026--apne1-az1--x-s3/386.parquet','s3://tpch9026--apne1-az1--x-s3/387.parquet','s3://tpch9026--apne1-az1--x-s3/392.parquet','s3://tpch9026--apne1-az1--x-s3/399.parquet','s3://tpch9026--apne1-az1--x-s3/402.parquet','s3://tpch9026--apne1-az1--x-s3/405.parquet','s3://tpch9026--apne1-az1--x-s3/408.parquet','s3://tpch9026--apne1-az1--x-s3/416.parquet','s3://tpch9026--apne1-az1--x-s3/419.parquet','s3://tpch9026--apne1-az1--x-s3/420.parquet','s3://tpch9026--apne1-az1--x-s3/422.parquet']) ORDER BY l_shipdate) TO 's3://tpch9026--apne1-az1--x-s3/tmp' (FORMAT 'parquet');",
    "children": [
        {
            "result_set_size": 8,
            "operator_timing": 3.9581146190000007,
            "operator_rows_scanned": 0,
            "cumulative_rows_scanned": 544000000,
            "operator_cardinality": 1,
            "operator_type": "BATCH_COPY_TO_FILE",
            "cumulative_cardinality": 33974001,
            "extra_info": {},
            "cpu_time": 34.738293959,
            "children": [
                {
                    "result_set_size": 2649972000,
                    "operator_timing": 20.249548470000004,
                    "operator_rows_scanned": 0,
                    "cumulative_rows_scanned": 544000000,
                    "operator_cardinality": 16987000,
                    "operator_type": "ORDER_BY",
                    "cumulative_cardinality": 33974000,
                    "extra_info": {
                        "Order By": "read_parquet.l_shipdate ASC"
                    },
                    "cpu_time": 30.78017934,
                    "children": [
                        {
                            "result_set_size": 2649972000,
                            "operator_timing": 10.530630869999996,
                            "operator_rows_scanned": 544000000,
                            "cumulative_rows_scanned": 544000000,
                            "operator_cardinality": 16987000,
                            "operator_type": "TABLE_SCAN",
                            "cumulative_cardinality": 16987000,
                            "extra_info": {
                                "Function": "READ_PARQUET",
                                "Projections": [
                                    "l_orderkey",
                                    "l_partkey",
                                    "l_suppkey",
                                    "l_linenumber",
                                    "l_quantity",
                                    "l_extendedprice",
                                    "l_discount",
                                    "l_tax",
                                    "l_returnflag",
                                    "l_linestatus",
                                    "l_shipdate",
                                    "l_commitdate",
                                    "l_receiptdate",
                                    "l_shipinstruct",
                                    "l_shipmode",
                                    "l_comment"
                                ],
                                "Estimated Cardinality": "17000000"
                            },
                            "cpu_time": 10.530630869999996,
                            "children": []
                        }
                    ]
                }
            ]
        }
    ]
}