{
    "rows_returned": 1,
    "latency": 1.077717435,
    "result_set_size": 8,
    "cumulative_rows_scanned": 4151296000,
    "cumulative_cardinality": 184446867,
    "extra_info": {},
    "cpu_time": 21.927991105000032,
    "blocked_thread_time": 0.0,
    "query_name": "SELECT\n    100.00 * sum(CASE\n            WHEN p_type LIKE 'PROMO%' \n            THEN l_extendedprice * (1 - l_discount)\n            ELSE 0\n    END) / sum(l_extendedprice * (1 - l_discount)) AS promo_revenue\nFROM\n    read_parquet([\"s3://tpch10289--apne1-az1--x-s3/132.parquet\", \"s3://tpch10289--apne1-az1--x-s3/147.parquet\", \"s3://tpch10289--apne1-az1--x-s3/410.parquet\", \"s3://tpch10289--apne1-az1--x-s3/411.parquet\", \"s3://tpch10289--apne1-az1--x-s3/412.parquet\", \"s3://tpch10289--apne1-az1--x-s3/413.parquet\", \"s3://tpch10289--apne1-az1--x-s3/414.parquet\", \"s3://tpch10289--apne1-az1--x-s3/415.parquet\", \"s3://tpch10289--apne1-az1--x-s3/486.parquet\", \"s3://tpch10289--apne1-az1--x-s3/487.parquet\", \"s3://tpch10289--apne1-az1--x-s3/488.parquet\", \"s3://tpch10289--apne1-az1--x-s3/489.parquet\", \"s3://tpch10289--apne1-az1--x-s3/490.parquet\", \"s3://tpch10289--apne1-az1--x-s3/491.parquet\", \"s3://tpch10289--apne1-az1--x-s3/1048.parquet\", \"s3://tpch10289--apne1-az1--x-s3/1049.parquet\", \"s3://tpch10289--apne1-az1--x-s3/1050.parquet\", \"s3://tpch10289--apne1-az1--x-s3/1051.parquet\", \"s3://tpch10289--apne1-az1--x-s3/1052.parquet\", \"s3://tpch10289--apne1-az1--x-s3/1053.parquet\", \"s3://tpch10289--apne1-az1--x-s3/1081.parquet\", \"s3://tpch10289--apne1-az1--x-s3/1082.parquet\", \"s3://tpch10289--apne1-az1--x-s3/1083.parquet\", \"s3://tpch10289--apne1-az1--x-s3/1084.parquet\", \"s3://tpch10289--apne1-az1--x-s3/1085.parquet\", \"s3://tpch10289--apne1-az1--x-s3/1086.parquet\", \"s3://tpch10289--apne1-az1--x-s3/1226.parquet\", \"s3://tpch10289--apne1-az1--x-s3/1227.parquet\", \"s3://tpch10289--apne1-az1--x-s3/1228.parquet\", \"s3://tpch10289--apne1-az1--x-s3/1229.parquet\", \"s3://tpch10289--apne1-az1--x-s3/1230.parquet\", \"s3://tpch10289--apne1-az1--x-s3/1266.parquet\", \"s3://tpch10289--apne1-az1--x-s3/1316.parquet\", \"s3://tpch10289--apne1-az1--x-s3/1317.parquet\", \"s3://tpch10289--apne1-az1--x-s3/1318.parquet\", \"s3://tpch10289--apne1-az1--x-s3/1319.parquet\", \"s3://tpch10289--apne1-az1--x-s3/1342.parquet\", \"s3://tpch10289--apne1-az1--x-s3/1361.parquet\", \"s3://tpch10289--apne1-az1--x-s3/1422.parquet\", \"s3://tpch10289--apne1-az1--x-s3/1427.parquet\", \"s3://tpch10289--apne1-az1--x-s3/1438.parquet\", \"s3://tpch10289--apne1-az1--x-s3/1707.parquet\", \"s3://tpch10289--apne1-az1--x-s3/1708.parquet\", \"s3://tpch10289--apne1-az1--x-s3/1709.parquet\"]),\n    'pool/part/*.parquet'\nWHERE\n    l_partkey = p_partkey\n    AND l_shipdate >= DATE '1992-01-01' + INTERVAL 17 MONTH\n    AND l_shipdate < DATE '1992-02-01' + INTERVAL 17 MONTH;",
    "children": [
        {
            "result_set_size": 8,
            "operator_timing": 0.00001963,
            "operator_rows_scanned": 0,
            "cumulative_rows_scanned": 4151296000,
            "operator_cardinality": 1,
            "operator_type": "PROJECTION",
            "cumulative_cardinality": 184446867,
            "extra_info": {
                "Projections": "promo_revenue",
                "Estimated Cardinality": "1"
            },
            "cpu_time": 21.927991105000032,
            "children": [
                {
                    "result_set_size": 32,
                    "operator_timing": 0.10183596799999997,
                    "operator_rows_scanned": 0,
                    "cumulative_rows_scanned": 4151296000,
                    "operator_cardinality": 1,
                    "operator_type": "UNGROUPED_AGGREGATE",
                    "cumulative_cardinality": 184446866,
                    "extra_info": {
                        "Aggregates": [
                            "sum(#0)",
                            "sum(#1)"
                        ]
                    },
                    "cpu_time": 21.92797147500003,
                    "children": [
                        {
                            "result_set_size": 472334704,
                            "operator_timing": 0.7954818870000001,
                            "operator_rows_scanned": 0,
                            "cumulative_rows_scanned": 4151296000,
                            "operator_cardinality": 29520919,
                            "operator_type": "PROJECTION",
                            "cumulative_cardinality": 184446865,
                            "extra_info": {
                                "Projections": [
                                    "CASE  WHEN (prefix(p_type, 'PROMO')) THEN ((l_extendedprice * (1.00 - l_discount))) ELSE 0.0000 END",
                                    "(l_extendedprice * (1.00 - l_discount))"
                                ],
                                "Estimated Cardinality": "18800000"
                            },
                            "cpu_time": 21.826135507000032,
                            "children": [
                                {
                                    "result_set_size": 1417004112,
                                    "operator_timing": 7.349393521000028,
                                    "operator_rows_scanned": 0,
                                    "cumulative_rows_scanned": 4151296000,
                                    "operator_cardinality": 29520919,
                                    "operator_type": "HASH_JOIN",
                                    "cumulative_cardinality": 154925946,
                                    "extra_info": {
                                        "Join Type": "INNER",
                                        "Conditions": "p_partkey = l_partkey",
                                        "Estimated Cardinality": "18800000"
                                    },
                                    "cpu_time": 21.03065362000003,
                                    "children": [
                                        {
                                            "result_set_size": 2255999928,
                                            "operator_timing": 2.5680021909999997,
                                            "operator_rows_scanned": 3008000000,
                                            "cumulative_rows_scanned": 3008000000,
                                            "operator_cardinality": 93999997,
                                            "operator_type": "TABLE_SCAN",
                                            "cumulative_cardinality": 93999997,
                                            "extra_info": {
                                                "Function": "PARQUET_SCAN",
                                                "Projections": [
                                                    "p_partkey",
                                                    "p_type"
                                                ],
                                                "Estimated Cardinality": "94000000"
                                            },
                                            "cpu_time": 2.5680021909999997,
                                            "children": []
                                        },
                                        {
                                            "result_set_size": 753720720,
                                            "operator_timing": 11.113257908000001,
                                            "operator_rows_scanned": 1143296000,
                                            "cumulative_rows_scanned": 1143296000,
                                            "operator_cardinality": 31405030,
                                            "operator_type": "TABLE_SCAN",
                                            "cumulative_cardinality": 31405030,
                                            "extra_info": {
                                                "Function": "READ_PARQUET",
                                                "Projections": [
                                                    "l_partkey",
                                                    "l_extendedprice",
                                                    "l_discount"
                                                ],
                                                "Filters": "l_shipdate>='1993-06-01'::DATE AND l_shipdate<'1993-07-01'::DATE AND l_shipdate IS NOT NULL",
                                                "Estimated Cardinality": "7145600"
                                            },
                                            "cpu_time": 11.113257908000001,
                                            "children": []
                                        }
                                    ]
                                }
                            ]
                        }
                    ]
                }
            ]
        }
    ]
}