{
    "rows_returned": 1,
    "latency": 1.554866147,
    "result_set_size": 8,
    "cumulative_rows_scanned": 5203968000,
    "cumulative_cardinality": 275038544,
    "extra_info": {},
    "cpu_time": 35.624706475999936,
    "blocked_thread_time": 0.0,
    "query_name": "SELECT\n    100.00 * sum(CASE\n            WHEN p_type LIKE 'PROMO%' \n            THEN l_extendedprice * (1 - l_discount)\n            ELSE 0\n    END) / sum(l_extendedprice * (1 - l_discount)) AS promo_revenue\nFROM\n    read_parquet([\"s3://tpch10289--apne1-az1--x-s3/291.parquet\", \"s3://tpch10289--apne1-az1--x-s3/296.parquet\", \"s3://tpch10289--apne1-az1--x-s3/301.parquet\", \"s3://tpch10289--apne1-az1--x-s3/303.parquet\", \"s3://tpch10289--apne1-az1--x-s3/304.parquet\", \"s3://tpch10289--apne1-az1--x-s3/305.parquet\", \"s3://tpch10289--apne1-az1--x-s3/306.parquet\", \"s3://tpch10289--apne1-az1--x-s3/307.parquet\", \"s3://tpch10289--apne1-az1--x-s3/308.parquet\", \"s3://tpch10289--apne1-az1--x-s3/309.parquet\", \"s3://tpch10289--apne1-az1--x-s3/310.parquet\", \"s3://tpch10289--apne1-az1--x-s3/311.parquet\", \"s3://tpch10289--apne1-az1--x-s3/313.parquet\", \"s3://tpch10289--apne1-az1--x-s3/575.parquet\", \"s3://tpch10289--apne1-az1--x-s3/576.parquet\", \"s3://tpch10289--apne1-az1--x-s3/577.parquet\", \"s3://tpch10289--apne1-az1--x-s3/578.parquet\", \"s3://tpch10289--apne1-az1--x-s3/579.parquet\", \"s3://tpch10289--apne1-az1--x-s3/580.parquet\", \"s3://tpch10289--apne1-az1--x-s3/581.parquet\", \"s3://tpch10289--apne1-az1--x-s3/701.parquet\", \"s3://tpch10289--apne1-az1--x-s3/702.parquet\", \"s3://tpch10289--apne1-az1--x-s3/703.parquet\", \"s3://tpch10289--apne1-az1--x-s3/704.parquet\", \"s3://tpch10289--apne1-az1--x-s3/705.parquet\", \"s3://tpch10289--apne1-az1--x-s3/706.parquet\", \"s3://tpch10289--apne1-az1--x-s3/858.parquet\", \"s3://tpch10289--apne1-az1--x-s3/859.parquet\", \"s3://tpch10289--apne1-az1--x-s3/861.parquet\", \"s3://tpch10289--apne1-az1--x-s3/862.parquet\", \"s3://tpch10289--apne1-az1--x-s3/863.parquet\", \"s3://tpch10289--apne1-az1--x-s3/1169.parquet\", \"s3://tpch10289--apne1-az1--x-s3/1170.parquet\", \"s3://tpch10289--apne1-az1--x-s3/1171.parquet\", \"s3://tpch10289--apne1-az1--x-s3/1172.parquet\", \"s3://tpch10289--apne1-az1--x-s3/1173.parquet\", \"s3://tpch10289--apne1-az1--x-s3/1174.parquet\", \"s3://tpch10289--apne1-az1--x-s3/1414.parquet\", \"s3://tpch10289--apne1-az1--x-s3/1415.parquet\", \"s3://tpch10289--apne1-az1--x-s3/1416.parquet\", \"s3://tpch10289--apne1-az1--x-s3/1417.parquet\", \"s3://tpch10289--apne1-az1--x-s3/1491.parquet\", \"s3://tpch10289--apne1-az1--x-s3/1508.parquet\", \"s3://tpch10289--apne1-az1--x-s3/1529.parquet\", \"s3://tpch10289--apne1-az1--x-s3/1530.parquet\", \"s3://tpch10289--apne1-az1--x-s3/1532.parquet\", \"s3://tpch10289--apne1-az1--x-s3/1539.parquet\", \"s3://tpch10289--apne1-az1--x-s3/1540.parquet\", \"s3://tpch10289--apne1-az1--x-s3/1768.parquet\", \"s3://tpch10289--apne1-az1--x-s3/1769.parquet\", \"s3://tpch10289--apne1-az1--x-s3/1770.parquet\", \"s3://tpch10289--apne1-az1--x-s3/1771.parquet\", \"s3://tpch10289--apne1-az1--x-s3/1772.parquet\", \"s3://tpch10289--apne1-az1--x-s3/1773.parquet\", \"s3://tpch10289--apne1-az1--x-s3/1775.parquet\", \"s3://tpch10289--apne1-az1--x-s3/1793.parquet\", \"s3://tpch10289--apne1-az1--x-s3/1806.parquet\", \"s3://tpch10289--apne1-az1--x-s3/1817.parquet\", \"s3://tpch10289--apne1-az1--x-s3/1818.parquet\", \"s3://tpch10289--apne1-az1--x-s3/1819.parquet\", \"s3://tpch10289--apne1-az1--x-s3/1821.parquet\", \"s3://tpch10289--apne1-az1--x-s3/1822.parquet\", \"s3://tpch10289--apne1-az1--x-s3/1823.parquet\", \"s3://tpch10289--apne1-az1--x-s3/1824.parquet\", \"s3://tpch10289--apne1-az1--x-s3/1826.parquet\", \"s3://tpch10289--apne1-az1--x-s3/1850.parquet\", \"s3://tpch10289--apne1-az1--x-s3/1851.parquet\", \"s3://tpch10289--apne1-az1--x-s3/2002.parquet\", \"s3://tpch10289--apne1-az1--x-s3/2003.parquet\", \"s3://tpch10289--apne1-az1--x-s3/2004.parquet\", \"s3://tpch10289--apne1-az1--x-s3/2059.parquet\", \"s3://tpch10289--apne1-az1--x-s3/2064.parquet\", \"s3://tpch10289--apne1-az1--x-s3/2065.parquet\", \"s3://tpch10289--apne1-az1--x-s3/2066.parquet\", \"s3://tpch10289--apne1-az1--x-s3/2067.parquet\", \"s3://tpch10289--apne1-az1--x-s3/2069.parquet\"]),\n    'pool/part/*.parquet'\nWHERE\n    l_partkey = p_partkey\n    AND l_shipdate >= DATE '1992-01-01' + INTERVAL 31 MONTH\n    AND l_shipdate < DATE '1992-02-01' + INTERVAL 31 MONTH;",
    "children": [
        {
            "result_set_size": 8,
            "operator_timing": 0.000018783,
            "operator_rows_scanned": 0,
            "cumulative_rows_scanned": 5203968000,
            "operator_cardinality": 1,
            "operator_type": "PROJECTION",
            "cumulative_cardinality": 275038544,
            "extra_info": {
                "Projections": "promo_revenue",
                "Estimated Cardinality": "1"
            },
            "cpu_time": 35.624706475999936,
            "children": [
                {
                    "result_set_size": 32,
                    "operator_timing": 0.17168533900000008,
                    "operator_rows_scanned": 0,
                    "cumulative_rows_scanned": 5203968000,
                    "operator_cardinality": 1,
                    "operator_type": "UNGROUPED_AGGREGATE",
                    "cumulative_cardinality": 275038543,
                    "extra_info": {
                        "Aggregates": [
                            "sum(#0)",
                            "sum(#1)"
                        ]
                    },
                    "cpu_time": 35.624687692999935,
                    "children": [
                        {
                            "result_set_size": 933538912,
                            "operator_timing": 1.3777223280000002,
                            "operator_rows_scanned": 0,
                            "cumulative_rows_scanned": 5203968000,
                            "operator_cardinality": 58346182,
                            "operator_type": "PROJECTION",
                            "cumulative_cardinality": 275038542,
                            "extra_info": {
                                "Projections": [
                                    "CASE  WHEN (prefix(p_type, 'PROMO')) THEN ((l_extendedprice * (1.00 - l_discount))) ELSE 0.0000 END",
                                    "(l_extendedprice * (1.00 - l_discount))"
                                ],
                                "Estimated Cardinality": "20000000"
                            },
                            "cpu_time": 35.453002353999935,
                            "children": [
                                {
                                    "result_set_size": 2800616736,
                                    "operator_timing": 11.620734822999937,
                                    "operator_rows_scanned": 0,
                                    "cumulative_rows_scanned": 5203968000,
                                    "operator_cardinality": 58346182,
                                    "operator_type": "HASH_JOIN",
                                    "cumulative_cardinality": 216692360,
                                    "extra_info": {
                                        "Join Type": "INNER",
                                        "Conditions": "p_partkey = l_partkey",
                                        "Estimated Cardinality": "20000000"
                                    },
                                    "cpu_time": 34.07528002599994,
                                    "children": [
                                        {
                                            "result_set_size": 2399999904,
                                            "operator_timing": 2.803535168,
                                            "operator_rows_scanned": 3200000000,
                                            "cumulative_rows_scanned": 3200000000,
                                            "operator_cardinality": 99999996,
                                            "operator_type": "TABLE_SCAN",
                                            "cumulative_cardinality": 99999996,
                                            "extra_info": {
                                                "Function": "PARQUET_SCAN",
                                                "Projections": [
                                                    "p_partkey",
                                                    "p_type"
                                                ],
                                                "Estimated Cardinality": "100000000"
                                            },
                                            "cpu_time": 2.803535168,
                                            "children": []
                                        },
                                        {
                                            "result_set_size": 1400308368,
                                            "operator_timing": 19.651010035000002,
                                            "operator_rows_scanned": 2003968000,
                                            "cumulative_rows_scanned": 2003968000,
                                            "operator_cardinality": 58346182,
                                            "operator_type": "TABLE_SCAN",
                                            "cumulative_cardinality": 58346182,
                                            "extra_info": {
                                                "Function": "READ_PARQUET",
                                                "Projections": [
                                                    "l_partkey",
                                                    "l_extendedprice",
                                                    "l_discount"
                                                ],
                                                "Filters": "l_shipdate>='1994-08-01'::DATE AND l_shipdate<'1994-09-01'::DATE AND l_shipdate IS NOT NULL",
                                                "Estimated Cardinality": "12524800"
                                            },
                                            "cpu_time": 19.651010035000002,
                                            "children": []
                                        }
                                    ]
                                }
                            ]
                        }
                    ]
                }
            ]
        }
    ]
}