{
    "rows_returned": 1,
    "latency": 1.857839367,
    "result_set_size": 72,
    "cumulative_rows_scanned": 3797760000,
    "cumulative_cardinality": 234464983,
    "extra_info": {},
    "cpu_time": 50.61073763900002,
    "blocked_thread_time": 0.0,
    "query_name": "WITH revenue AS (\n    SELECT\n        l_suppkey AS supplier_no,\n        sum(l_extendedprice * (1 - l_discount)) AS total_revenue\n    FROM\n        read_parquet([\"s3://tpch10289--apne1-az1--x-s3/132.parquet\", \"s3://tpch10289--apne1-az1--x-s3/133.parquet\", \"s3://tpch10289--apne1-az1--x-s3/147.parquet\", \"s3://tpch10289--apne1-az1--x-s3/149.parquet\", \"s3://tpch10289--apne1-az1--x-s3/213.parquet\", \"s3://tpch10289--apne1-az1--x-s3/214.parquet\", \"s3://tpch10289--apne1-az1--x-s3/215.parquet\", \"s3://tpch10289--apne1-az1--x-s3/216.parquet\", \"s3://tpch10289--apne1-az1--x-s3/217.parquet\", \"s3://tpch10289--apne1-az1--x-s3/218.parquet\", \"s3://tpch10289--apne1-az1--x-s3/219.parquet\", \"s3://tpch10289--apne1-az1--x-s3/220.parquet\", \"s3://tpch10289--apne1-az1--x-s3/221.parquet\", \"s3://tpch10289--apne1-az1--x-s3/416.parquet\", \"s3://tpch10289--apne1-az1--x-s3/417.parquet\", \"s3://tpch10289--apne1-az1--x-s3/418.parquet\", \"s3://tpch10289--apne1-az1--x-s3/419.parquet\", \"s3://tpch10289--apne1-az1--x-s3/420.parquet\", \"s3://tpch10289--apne1-az1--x-s3/422.parquet\", \"s3://tpch10289--apne1-az1--x-s3/423.parquet\", \"s3://tpch10289--apne1-az1--x-s3/424.parquet\", \"s3://tpch10289--apne1-az1--x-s3/492.parquet\", \"s3://tpch10289--apne1-az1--x-s3/493.parquet\", \"s3://tpch10289--apne1-az1--x-s3/494.parquet\", \"s3://tpch10289--apne1-az1--x-s3/495.parquet\", \"s3://tpch10289--apne1-az1--x-s3/497.parquet\", \"s3://tpch10289--apne1-az1--x-s3/498.parquet\", \"s3://tpch10289--apne1-az1--x-s3/499.parquet\", \"s3://tpch10289--apne1-az1--x-s3/500.parquet\", \"s3://tpch10289--apne1-az1--x-s3/501.parquet\", \"s3://tpch10289--apne1-az1--x-s3/502.parquet\", \"s3://tpch10289--apne1-az1--x-s3/503.parquet\", \"s3://tpch10289--apne1-az1--x-s3/504.parquet\", \"s3://tpch10289--apne1-az1--x-s3/505.parquet\", \"s3://tpch10289--apne1-az1--x-s3/506.parquet\", \"s3://tpch10289--apne1-az1--x-s3/507.parquet\", \"s3://tpch10289--apne1-az1--x-s3/508.parquet\", \"s3://tpch10289--apne1-az1--x-s3/509.parquet\", \"s3://tpch10289--apne1-az1--x-s3/510.parquet\", \"s3://tpch10289--apne1-az1--x-s3/511.parquet\", \"s3://tpch10289--apne1-az1--x-s3/569.parquet\", \"s3://tpch10289--apne1-az1--x-s3/582.parquet\", \"s3://tpch10289--apne1-az1--x-s3/591.parquet\", \"s3://tpch10289--apne1-az1--x-s3/596.parquet\", \"s3://tpch10289--apne1-az1--x-s3/602.parquet\", \"s3://tpch10289--apne1-az1--x-s3/610.parquet\", \"s3://tpch10289--apne1-az1--x-s3/613.parquet\", \"s3://tpch10289--apne1-az1--x-s3/616.parquet\", \"s3://tpch10289--apne1-az1--x-s3/627.parquet\", \"s3://tpch10289--apne1-az1--x-s3/633.parquet\", \"s3://tpch10289--apne1-az1--x-s3/1054.parquet\", \"s3://tpch10289--apne1-az1--x-s3/1055.parquet\", \"s3://tpch10289--apne1-az1--x-s3/1056.parquet\", \"s3://tpch10289--apne1-az1--x-s3/1057.parquet\", \"s3://tpch10289--apne1-az1--x-s3/1058.parquet\", \"s3://tpch10289--apne1-az1--x-s3/1060.parquet\", \"s3://tpch10289--apne1-az1--x-s3/1061.parquet\", \"s3://tpch10289--apne1-az1--x-s3/1062.parquet\", \"s3://tpch10289--apne1-az1--x-s3/1063.parquet\", \"s3://tpch10289--apne1-az1--x-s3/1086.parquet\", \"s3://tpch10289--apne1-az1--x-s3/1087.parquet\", \"s3://tpch10289--apne1-az1--x-s3/1088.parquet\", \"s3://tpch10289--apne1-az1--x-s3/1089.parquet\", \"s3://tpch10289--apne1-az1--x-s3/1090.parquet\", \"s3://tpch10289--apne1-az1--x-s3/1091.parquet\", \"s3://tpch10289--apne1-az1--x-s3/1092.parquet\", \"s3://tpch10289--apne1-az1--x-s3/1093.parquet\", \"s3://tpch10289--apne1-az1--x-s3/1094.parquet\", \"s3://tpch10289--apne1-az1--x-s3/1095.parquet\", \"s3://tpch10289--apne1-az1--x-s3/1096.parquet\", \"s3://tpch10289--apne1-az1--x-s3/1097.parquet\", \"s3://tpch10289--apne1-az1--x-s3/1098.parquet\", \"s3://tpch10289--apne1-az1--x-s3/1099.parquet\", \"s3://tpch10289--apne1-az1--x-s3/1100.parquet\", \"s3://tpch10289--apne1-az1--x-s3/1101.parquet\", \"s3://tpch10289--apne1-az1--x-s3/1102.parquet\", \"s3://tpch10289--apne1-az1--x-s3/1103.parquet\", \"s3://tpch10289--apne1-az1--x-s3/1104.parquet\", \"s3://tpch10289--apne1-az1--x-s3/1105.parquet\", \"s3://tpch10289--apne1-az1--x-s3/1117.parquet\", \"s3://tpch10289--apne1-az1--x-s3/1199.parquet\", \"s3://tpch10289--apne1-az1--x-s3/1231.parquet\", \"s3://tpch10289--apne1-az1--x-s3/1232.parquet\", \"s3://tpch10289--apne1-az1--x-s3/1233.parquet\", \"s3://tpch10289--apne1-az1--x-s3/1234.parquet\", \"s3://tpch10289--apne1-az1--x-s3/1235.parquet\", \"s3://tpch10289--apne1-az1--x-s3/1237.parquet\", \"s3://tpch10289--apne1-az1--x-s3/1238.parquet\", \"s3://tpch10289--apne1-az1--x-s3/1239.parquet\", \"s3://tpch10289--apne1-az1--x-s3/1240.parquet\", \"s3://tpch10289--apne1-az1--x-s3/1241.parquet\", \"s3://tpch10289--apne1-az1--x-s3/1242.parquet\", \"s3://tpch10289--apne1-az1--x-s3/1243.parquet\", \"s3://tpch10289--apne1-az1--x-s3/1244.parquet\", \"s3://tpch10289--apne1-az1--x-s3/1245.parquet\", \"s3://tpch10289--apne1-az1--x-s3/1246.parquet\", \"s3://tpch10289--apne1-az1--x-s3/1247.parquet\", \"s3://tpch10289--apne1-az1--x-s3/1263.parquet\", \"s3://tpch10289--apne1-az1--x-s3/1266.parquet\", \"s3://tpch10289--apne1-az1--x-s3/1277.parquet\", \"s3://tpch10289--apne1-az1--x-s3/1304.parquet\", \"s3://tpch10289--apne1-az1--x-s3/1320.parquet\", \"s3://tpch10289--apne1-az1--x-s3/1321.parquet\", \"s3://tpch10289--apne1-az1--x-s3/1322.parquet\", \"s3://tpch10289--apne1-az1--x-s3/1323.parquet\", \"s3://tpch10289--apne1-az1--x-s3/1324.parquet\", \"s3://tpch10289--apne1-az1--x-s3/1325.parquet\", \"s3://tpch10289--apne1-az1--x-s3/1326.parquet\", \"s3://tpch10289--apne1-az1--x-s3/1327.parquet\", \"s3://tpch10289--apne1-az1--x-s3/1328.parquet\", \"s3://tpch10289--apne1-az1--x-s3/1329.parquet\", \"s3://tpch10289--apne1-az1--x-s3/1330.parquet\", \"s3://tpch10289--apne1-az1--x-s3/1331.parquet\", \"s3://tpch10289--apne1-az1--x-s3/1332.parquet\", \"s3://tpch10289--apne1-az1--x-s3/1333.parquet\", \"s3://tpch10289--apne1-az1--x-s3/1334.parquet\", \"s3://tpch10289--apne1-az1--x-s3/1335.parquet\", \"s3://tpch10289--apne1-az1--x-s3/1336.parquet\", \"s3://tpch10289--apne1-az1--x-s3/1348.parquet\", \"s3://tpch10289--apne1-az1--x-s3/1349.parquet\", \"s3://tpch10289--apne1-az1--x-s3/1353.parquet\", \"s3://tpch10289--apne1-az1--x-s3/1362.parquet\", \"s3://tpch10289--apne1-az1--x-s3/1363.parquet\", \"s3://tpch10289--apne1-az1--x-s3/1425.parquet\", \"s3://tpch10289--apne1-az1--x-s3/1428.parquet\", \"s3://tpch10289--apne1-az1--x-s3/1429.parquet\", \"s3://tpch10289--apne1-az1--x-s3/1430.parquet\", \"s3://tpch10289--apne1-az1--x-s3/1431.parquet\", \"s3://tpch10289--apne1-az1--x-s3/1432.parquet\", \"s3://tpch10289--apne1-az1--x-s3/1433.parquet\", \"s3://tpch10289--apne1-az1--x-s3/1434.parquet\", \"s3://tpch10289--apne1-az1--x-s3/1445.parquet\", \"s3://tpch10289--apne1-az1--x-s3/1710.parquet\", \"s3://tpch10289--apne1-az1--x-s3/1711.parquet\", \"s3://tpch10289--apne1-az1--x-s3/1713.parquet\", \"s3://tpch10289--apne1-az1--x-s3/1714.parquet\", \"s3://tpch10289--apne1-az1--x-s3/1715.parquet\", \"s3://tpch10289--apne1-az1--x-s3/1716.parquet\", \"s3://tpch10289--apne1-az1--x-s3/1717.parquet\", \"s3://tpch10289--apne1-az1--x-s3/1718.parquet\"])\n    WHERE\n        l_shipdate >= DATE '1992-01-01' + INTERVAL 18 MONTH\n        AND l_shipdate < DATE '1992-01-01' + INTERVAL 18 MONTH + INTERVAL 3 MONTH\n    GROUP BY\n        supplier_no\n)\nSELECT\n    s_suppkey,\n    s_name,\n    s_address,\n    s_phone,\n    total_revenue\nFROM\n    'pool/supplier/*.parquet',\n    revenue\nWHERE\n    s_suppkey = supplier_no\n    AND total_revenue = (\n        SELECT\n            max(total_revenue)\n        FROM\n            revenue\n    )\nORDER BY\n    s_suppkey;",
    "children": [
        {
            "result_set_size": 72,
            "operator_timing": 0.000029509,
            "operator_rows_scanned": 0,
            "cumulative_rows_scanned": 3797760000,
            "operator_cardinality": 1,
            "operator_type": "ORDER_BY",
            "cumulative_cardinality": 234464983,
            "extra_info": {
                "Order By": "\"pool/supplier/*.parquet\".s_suppkey ASC"
            },
            "cpu_time": 50.61073763900002,
            "children": [
                {
                    "result_set_size": 72,
                    "operator_timing": 0.000001159,
                    "operator_rows_scanned": 0,
                    "cumulative_rows_scanned": 3797760000,
                    "operator_cardinality": 1,
                    "operator_type": "PROJECTION",
                    "cumulative_cardinality": 234464982,
                    "extra_info": {
                        "Projections": [
                            "s_suppkey",
                            "s_name",
                            "s_address",
                            "s_phone",
                            "total_revenue"
                        ],
                        "Estimated Cardinality": "11368000"
                    },
                    "cpu_time": 50.61070813000002,
                    "children": [
                        {
                            "result_set_size": 0,
                            "operator_timing": 0.022551058999999995,
                            "operator_rows_scanned": 0,
                            "cumulative_rows_scanned": 3797760000,
                            "operator_cardinality": 0,
                            "operator_type": "CTE",
                            "cumulative_cardinality": 234464981,
                            "extra_info": {
                                "CTE Name": "revenue",
                                "Table Index": "0"
                            },
                            "cpu_time": 50.61070697100002,
                            "children": [
                                {
                                    "result_set_size": 120000000,
                                    "operator_timing": 16.77236372300001,
                                    "operator_rows_scanned": 0,
                                    "cumulative_rows_scanned": 3637760000,
                                    "operator_cardinality": 5000000,
                                    "operator_type": "HASH_GROUP_BY",
                                    "cumulative_cardinality": 219464974,
                                    "extra_info": {
                                        "Groups": "#0",
                                        "Aggregates": "sum(#1)",
                                        "Estimated Cardinality": "11368000"
                                    },
                                    "cpu_time": 50.49014043200002,
                                    "children": [
                                        {
                                            "result_set_size": 1715719792,
                                            "operator_timing": 0.6977193140000001,
                                            "operator_rows_scanned": 0,
                                            "cumulative_rows_scanned": 3637760000,
                                            "operator_cardinality": 107232487,
                                            "operator_type": "PROJECTION",
                                            "cumulative_cardinality": 214464974,
                                            "extra_info": {
                                                "Projections": [
                                                    "supplier_no",
                                                    "(l_extendedprice * (1.00 - l_discount))"
                                                ],
                                                "Estimated Cardinality": "22736000"
                                            },
                                            "cpu_time": 33.717776709000006,
                                            "children": [
                                                {
                                                    "result_set_size": 2573579688,
                                                    "operator_timing": 33.02005739500001,
                                                    "operator_rows_scanned": 3637760000,
                                                    "cumulative_rows_scanned": 3637760000,
                                                    "operator_cardinality": 107232487,
                                                    "operator_type": "TABLE_SCAN",
                                                    "cumulative_cardinality": 107232487,
                                                    "extra_info": {
                                                        "Function": "READ_PARQUET",
                                                        "Projections": [
                                                            "l_suppkey",
                                                            "l_extendedprice",
                                                            "l_discount"
                                                        ],
                                                        "Filters": "l_shipdate>='1993-07-01'::DATE AND l_shipdate<'1993-10-01'::DATE AND l_shipdate IS NOT NULL",
                                                        "Estimated Cardinality": "22736000"
                                                    },
                                                    "cpu_time": 33.02005739500001,
                                                    "children": []
                                                }
                                            ]
                                        }
                                    ]
                                },
                                {
                                    "result_set_size": 96,
                                    "operator_timing": 0.00022986000000000005,
                                    "operator_rows_scanned": 0,
                                    "cumulative_rows_scanned": 160000000,
                                    "operator_cardinality": 1,
                                    "operator_type": "HASH_JOIN",
                                    "cumulative_cardinality": 15000007,
                                    "extra_info": {
                                        "Join Type": "INNER",
                                        "Conditions": "s_suppkey = supplier_no",
                                        "Estimated Cardinality": "0"
                                    },
                                    "cpu_time": 0.09801547999999999,
                                    "children": [
                                        {
                                            "result_set_size": 56,
                                            "operator_timing": 0.029650288000000004,
                                            "operator_rows_scanned": 160000000,
                                            "cumulative_rows_scanned": 160000000,
                                            "operator_cardinality": 1,
                                            "operator_type": "TABLE_SCAN",
                                            "cumulative_cardinality": 1,
                                            "extra_info": {
                                                "Function": "PARQUET_SCAN",
                                                "Projections": "",
                                                "Estimated Cardinality": "5000000"
                                            },
                                            "cpu_time": 0.029650288000000004,
                                            "children": []
                                        },
                                        {
                                            "result_set_size": 40,
                                            "operator_timing": 0.028150408999999998,
                                            "operator_rows_scanned": 0,
                                            "cumulative_rows_scanned": 0,
                                            "operator_cardinality": 1,
                                            "operator_type": "HASH_JOIN",
                                            "cumulative_cardinality": 15000005,
                                            "extra_info": {
                                                "Join Type": "INNER",
                                                "Conditions": "total_revenue = SUBQUERY",
                                                "Estimated Cardinality": "0"
                                            },
                                            "cpu_time": 0.06813533199999999,
                                            "children": [
                                                {
                                                    "result_set_size": 120000000,
                                                    "operator_timing": 0.008222869,
                                                    "operator_rows_scanned": 0,
                                                    "cumulative_rows_scanned": 0,
                                                    "operator_cardinality": 5000000,
                                                    "operator_type": "CTE_SCAN",
                                                    "cumulative_cardinality": 5000000,
                                                    "extra_info": {
                                                        "CTE Index": "0",
                                                        "Estimated Cardinality": "11368000"
                                                    },
                                                    "cpu_time": 0.008222869,
                                                    "children": []
                                                },
                                                {
                                                    "result_set_size": 16,
                                                    "operator_timing": 0.000003263,
                                                    "operator_rows_scanned": 0,
                                                    "cumulative_rows_scanned": 0,
                                                    "operator_cardinality": 1,
                                                    "operator_type": "PROJECTION",
                                                    "cumulative_cardinality": 10000004,
                                                    "extra_info": {
                                                        "Projections": [
                                                            "CASE  WHEN ((#1 > 1)) THEN (error('More than one row returned by a subquery used as an expression - scalar subqueries can only return a single row.",
                                                            "Use \"SET scalar_subquery_error_on_multiple_rows=false\" to revert to previous behavior of returning a random row.')) ELSE #0 END"
                                                        ],
                                                        "Estimated Cardinality": "1"
                                                    },
                                                    "cpu_time": 0.03176205399999999,
                                                    "children": [
                                                        {
                                                            "result_set_size": 24,
                                                            "operator_timing": 0.000002046,
                                                            "operator_rows_scanned": 0,
                                                            "cumulative_rows_scanned": 0,
                                                            "operator_cardinality": 1,
                                                            "operator_type": "UNGROUPED_AGGREGATE",
                                                            "cumulative_cardinality": 10000003,
                                                            "extra_info": {
                                                                "Aggregates": [
                                                                    "\"first\"(#0)",
                                                                    "count_star()"
                                                                ]
                                                            },
                                                            "cpu_time": 0.03175879099999999,
                                                            "children": [
                                                                {
                                                                    "result_set_size": 16,
                                                                    "operator_timing": 2.37e-7,
                                                                    "operator_rows_scanned": 0,
                                                                    "cumulative_rows_scanned": 0,
                                                                    "operator_cardinality": 1,
                                                                    "operator_type": "PROJECTION",
                                                                    "cumulative_cardinality": 10000002,
                                                                    "extra_info": {
                                                                        "Projections": "#0",
                                                                        "Estimated Cardinality": "1"
                                                                    },
                                                                    "cpu_time": 0.03175674499999999,
                                                                    "children": [
                                                                        {
                                                                            "result_set_size": 16,
                                                                            "operator_timing": 0.007488710999999999,
                                                                            "operator_rows_scanned": 0,
                                                                            "cumulative_rows_scanned": 0,
                                                                            "operator_cardinality": 1,
                                                                            "operator_type": "UNGROUPED_AGGREGATE",
                                                                            "cumulative_cardinality": 10000001,
                                                                            "extra_info": {
                                                                                "Aggregates": "max(#0)"
                                                                            },
                                                                            "cpu_time": 0.03175650799999999,
                                                                            "children": [
                                                                                {
                                                                                    "result_set_size": 80000000,
                                                                                    "operator_timing": 0.00032186599999999997,
                                                                                    "operator_rows_scanned": 0,
                                                                                    "cumulative_rows_scanned": 0,
                                                                                    "operator_cardinality": 5000000,
                                                                                    "operator_type": "PROJECTION",
                                                                                    "cumulative_cardinality": 10000000,
                                                                                    "extra_info": {
                                                                                        "Projections": "total_revenue",
                                                                                        "Estimated Cardinality": "11368000"
                                                                                    },
                                                                                    "cpu_time": 0.024267796999999994,
                                                                                    "children": [
                                                                                        {
                                                                                            "result_set_size": 120000000,
                                                                                            "operator_timing": 0.023945930999999993,
                                                                                            "operator_rows_scanned": 0,
                                                                                            "cumulative_rows_scanned": 0,
                                                                                            "operator_cardinality": 5000000,
                                                                                            "operator_type": "CTE_SCAN",
                                                                                            "cumulative_cardinality": 5000000,
                                                                                            "extra_info": {
                                                                                                "CTE Index": "0",
                                                                                                "Estimated Cardinality": "11368000"
                                                                                            },
                                                                                            "cpu_time": 0.023945930999999993,
                                                                                            "children": []
                                                                                        }
                                                                                    ]
                                                                                }
                                                                            ]
                                                                        }
                                                                    ]
                                                                }
                                                            ]
                                                        }
                                                    ]
                                                }
                                            ]
                                        }
                                    ]
                                }
                            ]
                        }
                    ]
                }
            ]
        }
    ]
}