{
    "rows_returned": 1,
    "latency": 2.515598528,
    "result_set_size": 72,
    "cumulative_rows_scanned": 6235136000,
    "cumulative_cardinality": 165425085,
    "extra_info": {},
    "cpu_time": 70.98326072400002,
    "blocked_thread_time": 0.0,
    "query_name": "WITH revenue AS (\n    SELECT\n        l_suppkey AS supplier_no,\n        sum(l_extendedprice * (1 - l_discount)) AS total_revenue\n    FROM\n        read_parquet([\"s3://tpch10289--apne1-az1--x-s3/0.parquet\", \"s3://tpch10289--apne1-az1--x-s3/2.parquet\", \"s3://tpch10289--apne1-az1--x-s3/3.parquet\", \"s3://tpch10289--apne1-az1--x-s3/6.parquet\", \"s3://tpch10289--apne1-az1--x-s3/7.parquet\", \"s3://tpch10289--apne1-az1--x-s3/9.parquet\", \"s3://tpch10289--apne1-az1--x-s3/10.parquet\", \"s3://tpch10289--apne1-az1--x-s3/11.parquet\", \"s3://tpch10289--apne1-az1--x-s3/13.parquet\", \"s3://tpch10289--apne1-az1--x-s3/15.parquet\", \"s3://tpch10289--apne1-az1--x-s3/16.parquet\", \"s3://tpch10289--apne1-az1--x-s3/17.parquet\", \"s3://tpch10289--apne1-az1--x-s3/18.parquet\", \"s3://tpch10289--apne1-az1--x-s3/19.parquet\", \"s3://tpch10289--apne1-az1--x-s3/20.parquet\", \"s3://tpch10289--apne1-az1--x-s3/22.parquet\", \"s3://tpch10289--apne1-az1--x-s3/23.parquet\", \"s3://tpch10289--apne1-az1--x-s3/24.parquet\", \"s3://tpch10289--apne1-az1--x-s3/25.parquet\", \"s3://tpch10289--apne1-az1--x-s3/26.parquet\", \"s3://tpch10289--apne1-az1--x-s3/29.parquet\", \"s3://tpch10289--apne1-az1--x-s3/30.parquet\", \"s3://tpch10289--apne1-az1--x-s3/31.parquet\", \"s3://tpch10289--apne1-az1--x-s3/32.parquet\", \"s3://tpch10289--apne1-az1--x-s3/33.parquet\", \"s3://tpch10289--apne1-az1--x-s3/34.parquet\", \"s3://tpch10289--apne1-az1--x-s3/35.parquet\", \"s3://tpch10289--apne1-az1--x-s3/36.parquet\", \"s3://tpch10289--apne1-az1--x-s3/38.parquet\", \"s3://tpch10289--apne1-az1--x-s3/40.parquet\", \"s3://tpch10289--apne1-az1--x-s3/42.parquet\", \"s3://tpch10289--apne1-az1--x-s3/43.parquet\", \"s3://tpch10289--apne1-az1--x-s3/44.parquet\", \"s3://tpch10289--apne1-az1--x-s3/45.parquet\", \"s3://tpch10289--apne1-az1--x-s3/48.parquet\", \"s3://tpch10289--apne1-az1--x-s3/49.parquet\", \"s3://tpch10289--apne1-az1--x-s3/50.parquet\", \"s3://tpch10289--apne1-az1--x-s3/52.parquet\", \"s3://tpch10289--apne1-az1--x-s3/53.parquet\", \"s3://tpch10289--apne1-az1--x-s3/54.parquet\", \"s3://tpch10289--apne1-az1--x-s3/55.parquet\", \"s3://tpch10289--apne1-az1--x-s3/56.parquet\", \"s3://tpch10289--apne1-az1--x-s3/57.parquet\", \"s3://tpch10289--apne1-az1--x-s3/59.parquet\", \"s3://tpch10289--apne1-az1--x-s3/60.parquet\", \"s3://tpch10289--apne1-az1--x-s3/61.parquet\", \"s3://tpch10289--apne1-az1--x-s3/62.parquet\", \"s3://tpch10289--apne1-az1--x-s3/63.parquet\", \"s3://tpch10289--apne1-az1--x-s3/65.parquet\", \"s3://tpch10289--apne1-az1--x-s3/66.parquet\", \"s3://tpch10289--apne1-az1--x-s3/69.parquet\", \"s3://tpch10289--apne1-az1--x-s3/70.parquet\", \"s3://tpch10289--apne1-az1--x-s3/71.parquet\", \"s3://tpch10289--apne1-az1--x-s3/72.parquet\", \"s3://tpch10289--apne1-az1--x-s3/74.parquet\", \"s3://tpch10289--apne1-az1--x-s3/75.parquet\", \"s3://tpch10289--apne1-az1--x-s3/76.parquet\", \"s3://tpch10289--apne1-az1--x-s3/77.parquet\", \"s3://tpch10289--apne1-az1--x-s3/78.parquet\", \"s3://tpch10289--apne1-az1--x-s3/79.parquet\", \"s3://tpch10289--apne1-az1--x-s3/80.parquet\", \"s3://tpch10289--apne1-az1--x-s3/81.parquet\", \"s3://tpch10289--apne1-az1--x-s3/82.parquet\", \"s3://tpch10289--apne1-az1--x-s3/84.parquet\", \"s3://tpch10289--apne1-az1--x-s3/85.parquet\", \"s3://tpch10289--apne1-az1--x-s3/87.parquet\", \"s3://tpch10289--apne1-az1--x-s3/90.parquet\", \"s3://tpch10289--apne1-az1--x-s3/91.parquet\", \"s3://tpch10289--apne1-az1--x-s3/92.parquet\", \"s3://tpch10289--apne1-az1--x-s3/93.parquet\", \"s3://tpch10289--apne1-az1--x-s3/94.parquet\", \"s3://tpch10289--apne1-az1--x-s3/95.parquet\", \"s3://tpch10289--apne1-az1--x-s3/96.parquet\", \"s3://tpch10289--apne1-az1--x-s3/97.parquet\", \"s3://tpch10289--apne1-az1--x-s3/98.parquet\", \"s3://tpch10289--apne1-az1--x-s3/99.parquet\", \"s3://tpch10289--apne1-az1--x-s3/100.parquet\", \"s3://tpch10289--apne1-az1--x-s3/101.parquet\", \"s3://tpch10289--apne1-az1--x-s3/103.parquet\", \"s3://tpch10289--apne1-az1--x-s3/104.parquet\", \"s3://tpch10289--apne1-az1--x-s3/106.parquet\", \"s3://tpch10289--apne1-az1--x-s3/107.parquet\", \"s3://tpch10289--apne1-az1--x-s3/109.parquet\", \"s3://tpch10289--apne1-az1--x-s3/110.parquet\", \"s3://tpch10289--apne1-az1--x-s3/111.parquet\", \"s3://tpch10289--apne1-az1--x-s3/113.parquet\", \"s3://tpch10289--apne1-az1--x-s3/114.parquet\", \"s3://tpch10289--apne1-az1--x-s3/117.parquet\", \"s3://tpch10289--apne1-az1--x-s3/118.parquet\", \"s3://tpch10289--apne1-az1--x-s3/119.parquet\", \"s3://tpch10289--apne1-az1--x-s3/120.parquet\", \"s3://tpch10289--apne1-az1--x-s3/121.parquet\", \"s3://tpch10289--apne1-az1--x-s3/122.parquet\", \"s3://tpch10289--apne1-az1--x-s3/126.parquet\", \"s3://tpch10289--apne1-az1--x-s3/128.parquet\", \"s3://tpch10289--apne1-az1--x-s3/130.parquet\", \"s3://tpch10289--apne1-az1--x-s3/131.parquet\", \"s3://tpch10289--apne1-az1--x-s3/134.parquet\", \"s3://tpch10289--apne1-az1--x-s3/135.parquet\", \"s3://tpch10289--apne1-az1--x-s3/136.parquet\", \"s3://tpch10289--apne1-az1--x-s3/137.parquet\", \"s3://tpch10289--apne1-az1--x-s3/138.parquet\", \"s3://tpch10289--apne1-az1--x-s3/139.parquet\", \"s3://tpch10289--apne1-az1--x-s3/140.parquet\", \"s3://tpch10289--apne1-az1--x-s3/141.parquet\", \"s3://tpch10289--apne1-az1--x-s3/148.parquet\", \"s3://tpch10289--apne1-az1--x-s3/153.parquet\", \"s3://tpch10289--apne1-az1--x-s3/155.parquet\", \"s3://tpch10289--apne1-az1--x-s3/156.parquet\", \"s3://tpch10289--apne1-az1--x-s3/157.parquet\", \"s3://tpch10289--apne1-az1--x-s3/158.parquet\", \"s3://tpch10289--apne1-az1--x-s3/160.parquet\", \"s3://tpch10289--apne1-az1--x-s3/163.parquet\", \"s3://tpch10289--apne1-az1--x-s3/164.parquet\", \"s3://tpch10289--apne1-az1--x-s3/165.parquet\", \"s3://tpch10289--apne1-az1--x-s3/166.parquet\", \"s3://tpch10289--apne1-az1--x-s3/169.parquet\", \"s3://tpch10289--apne1-az1--x-s3/170.parquet\", \"s3://tpch10289--apne1-az1--x-s3/172.parquet\", \"s3://tpch10289--apne1-az1--x-s3/173.parquet\", \"s3://tpch10289--apne1-az1--x-s3/175.parquet\", \"s3://tpch10289--apne1-az1--x-s3/176.parquet\", \"s3://tpch10289--apne1-az1--x-s3/177.parquet\", \"s3://tpch10289--apne1-az1--x-s3/178.parquet\", \"s3://tpch10289--apne1-az1--x-s3/180.parquet\", \"s3://tpch10289--apne1-az1--x-s3/182.parquet\", \"s3://tpch10289--apne1-az1--x-s3/183.parquet\", \"s3://tpch10289--apne1-az1--x-s3/184.parquet\", \"s3://tpch10289--apne1-az1--x-s3/185.parquet\", \"s3://tpch10289--apne1-az1--x-s3/186.parquet\", \"s3://tpch10289--apne1-az1--x-s3/187.parquet\", \"s3://tpch10289--apne1-az1--x-s3/189.parquet\", \"s3://tpch10289--apne1-az1--x-s3/194.parquet\", \"s3://tpch10289--apne1-az1--x-s3/196.parquet\", \"s3://tpch10289--apne1-az1--x-s3/197.parquet\", \"s3://tpch10289--apne1-az1--x-s3/199.parquet\", \"s3://tpch10289--apne1-az1--x-s3/200.parquet\", \"s3://tpch10289--apne1-az1--x-s3/202.parquet\", \"s3://tpch10289--apne1-az1--x-s3/203.parquet\", \"s3://tpch10289--apne1-az1--x-s3/206.parquet\", \"s3://tpch10289--apne1-az1--x-s3/207.parquet\", \"s3://tpch10289--apne1-az1--x-s3/208.parquet\", \"s3://tpch10289--apne1-az1--x-s3/209.parquet\", \"s3://tpch10289--apne1-az1--x-s3/210.parquet\", \"s3://tpch10289--apne1-az1--x-s3/212.parquet\", \"s3://tpch10289--apne1-az1--x-s3/283.parquet\", \"s3://tpch10289--apne1-az1--x-s3/354.parquet\", \"s3://tpch10289--apne1-az1--x-s3/378.parquet\", \"s3://tpch10289--apne1-az1--x-s3/379.parquet\", \"s3://tpch10289--apne1-az1--x-s3/380.parquet\", \"s3://tpch10289--apne1-az1--x-s3/381.parquet\", \"s3://tpch10289--apne1-az1--x-s3/382.parquet\", \"s3://tpch10289--apne1-az1--x-s3/383.parquet\", \"s3://tpch10289--apne1-az1--x-s3/384.parquet\", \"s3://tpch10289--apne1-az1--x-s3/385.parquet\", \"s3://tpch10289--apne1-az1--x-s3/386.parquet\", \"s3://tpch10289--apne1-az1--x-s3/387.parquet\", \"s3://tpch10289--apne1-az1--x-s3/388.parquet\", \"s3://tpch10289--apne1-az1--x-s3/389.parquet\", \"s3://tpch10289--apne1-az1--x-s3/390.parquet\", \"s3://tpch10289--apne1-az1--x-s3/391.parquet\", \"s3://tpch10289--apne1-az1--x-s3/392.parquet\", \"s3://tpch10289--apne1-az1--x-s3/393.parquet\", \"s3://tpch10289--apne1-az1--x-s3/394.parquet\", \"s3://tpch10289--apne1-az1--x-s3/395.parquet\", \"s3://tpch10289--apne1-az1--x-s3/396.parquet\", \"s3://tpch10289--apne1-az1--x-s3/454.parquet\", \"s3://tpch10289--apne1-az1--x-s3/455.parquet\", \"s3://tpch10289--apne1-az1--x-s3/456.parquet\", \"s3://tpch10289--apne1-az1--x-s3/457.parquet\", \"s3://tpch10289--apne1-az1--x-s3/458.parquet\", \"s3://tpch10289--apne1-az1--x-s3/459.parquet\", \"s3://tpch10289--apne1-az1--x-s3/460.parquet\", \"s3://tpch10289--apne1-az1--x-s3/461.parquet\", \"s3://tpch10289--apne1-az1--x-s3/462.parquet\", \"s3://tpch10289--apne1-az1--x-s3/463.parquet\", \"s3://tpch10289--apne1-az1--x-s3/464.parquet\", \"s3://tpch10289--apne1-az1--x-s3/465.parquet\", \"s3://tpch10289--apne1-az1--x-s3/466.parquet\", \"s3://tpch10289--apne1-az1--x-s3/467.parquet\", \"s3://tpch10289--apne1-az1--x-s3/468.parquet\", \"s3://tpch10289--apne1-az1--x-s3/469.parquet\", \"s3://tpch10289--apne1-az1--x-s3/470.parquet\", \"s3://tpch10289--apne1-az1--x-s3/471.parquet\", \"s3://tpch10289--apne1-az1--x-s3/472.parquet\", \"s3://tpch10289--apne1-az1--x-s3/1023.parquet\", \"s3://tpch10289--apne1-az1--x-s3/1024.parquet\", \"s3://tpch10289--apne1-az1--x-s3/1025.parquet\", \"s3://tpch10289--apne1-az1--x-s3/1026.parquet\", \"s3://tpch10289--apne1-az1--x-s3/1027.parquet\", \"s3://tpch10289--apne1-az1--x-s3/1028.parquet\", \"s3://tpch10289--apne1-az1--x-s3/1029.parquet\", \"s3://tpch10289--apne1-az1--x-s3/1030.parquet\", \"s3://tpch10289--apne1-az1--x-s3/1031.parquet\", \"s3://tpch10289--apne1-az1--x-s3/1032.parquet\", \"s3://tpch10289--apne1-az1--x-s3/1033.parquet\", \"s3://tpch10289--apne1-az1--x-s3/1034.parquet\", \"s3://tpch10289--apne1-az1--x-s3/1066.parquet\", \"s3://tpch10289--apne1-az1--x-s3/1067.parquet\", \"s3://tpch10289--apne1-az1--x-s3/1068.parquet\", \"s3://tpch10289--apne1-az1--x-s3/1069.parquet\", \"s3://tpch10289--apne1-az1--x-s3/1070.parquet\", \"s3://tpch10289--apne1-az1--x-s3/1071.parquet\", \"s3://tpch10289--apne1-az1--x-s3/1072.parquet\", \"s3://tpch10289--apne1-az1--x-s3/1207.parquet\", \"s3://tpch10289--apne1-az1--x-s3/1208.parquet\", \"s3://tpch10289--apne1-az1--x-s3/1209.parquet\", \"s3://tpch10289--apne1-az1--x-s3/1210.parquet\", \"s3://tpch10289--apne1-az1--x-s3/1211.parquet\", \"s3://tpch10289--apne1-az1--x-s3/1212.parquet\", \"s3://tpch10289--apne1-az1--x-s3/1213.parquet\", \"s3://tpch10289--apne1-az1--x-s3/1214.parquet\", \"s3://tpch10289--apne1-az1--x-s3/1215.parquet\", \"s3://tpch10289--apne1-az1--x-s3/1216.parquet\", \"s3://tpch10289--apne1-az1--x-s3/1297.parquet\", \"s3://tpch10289--apne1-az1--x-s3/1298.parquet\", \"s3://tpch10289--apne1-az1--x-s3/1299.parquet\", \"s3://tpch10289--apne1-az1--x-s3/1300.parquet\", \"s3://tpch10289--apne1-az1--x-s3/1301.parquet\", \"s3://tpch10289--apne1-az1--x-s3/1302.parquet\", \"s3://tpch10289--apne1-az1--x-s3/1303.parquet\", \"s3://tpch10289--apne1-az1--x-s3/1304.parquet\", \"s3://tpch10289--apne1-az1--x-s3/1305.parquet\", \"s3://tpch10289--apne1-az1--x-s3/1306.parquet\", \"s3://tpch10289--apne1-az1--x-s3/1307.parquet\", \"s3://tpch10289--apne1-az1--x-s3/1308.parquet\"])\n    WHERE\n        l_shipdate >= DATE '1992-01-01' + INTERVAL 12 MONTH\n        AND l_shipdate < DATE '1992-01-01' + INTERVAL 12 MONTH + INTERVAL 3 MONTH\n    GROUP BY\n        supplier_no\n)\nSELECT\n    s_suppkey,\n    s_name,\n    s_address,\n    s_phone,\n    total_revenue\nFROM\n    'pool/supplier/*.parquet',\n    revenue\nWHERE\n    s_suppkey = supplier_no\n    AND total_revenue = (\n        SELECT\n            max(total_revenue)\n        FROM\n            revenue\n    )\nORDER BY\n    s_suppkey;",
    "children": [
        {
            "result_set_size": 72,
            "operator_timing": 0.000033095,
            "operator_rows_scanned": 0,
            "cumulative_rows_scanned": 6235136000,
            "operator_cardinality": 1,
            "operator_type": "ORDER_BY",
            "cumulative_cardinality": 165425085,
            "extra_info": {
                "Order By": "\"pool/supplier/*.parquet\".s_suppkey ASC"
            },
            "cpu_time": 70.98326072400002,
            "children": [
                {
                    "result_set_size": 72,
                    "operator_timing": 0.0000015,
                    "operator_rows_scanned": 0,
                    "cumulative_rows_scanned": 6235136000,
                    "operator_cardinality": 1,
                    "operator_type": "PROJECTION",
                    "cumulative_cardinality": 165425084,
                    "extra_info": {
                        "Projections": [
                            "s_suppkey",
                            "s_name",
                            "s_address",
                            "s_phone",
                            "total_revenue"
                        ],
                        "Estimated Cardinality": "19164800"
                    },
                    "cpu_time": 70.98322762900001,
                    "children": [
                        {
                            "result_set_size": 0,
                            "operator_timing": 0.096255507,
                            "operator_rows_scanned": 0,
                            "cumulative_rows_scanned": 6235136000,
                            "operator_cardinality": 0,
                            "operator_type": "CTE",
                            "cumulative_cardinality": 165425083,
                            "extra_info": {
                                "CTE Name": "revenue",
                                "Table Index": "0"
                            },
                            "cpu_time": 70.98322612900002,
                            "children": [
                                {
                                    "result_set_size": 119999952,
                                    "operator_timing": 11.151287836000003,
                                    "operator_rows_scanned": 0,
                                    "cumulative_rows_scanned": 6132736000,
                                    "operator_cardinality": 4999998,
                                    "operator_type": "HASH_GROUP_BY",
                                    "cumulative_cardinality": 150425082,
                                    "extra_info": {
                                        "Groups": "#0",
                                        "Aggregates": "sum(#1)",
                                        "Estimated Cardinality": "19164800"
                                    },
                                    "cpu_time": 70.75675213900003,
                                    "children": [
                                        {
                                            "result_set_size": 1163400672,
                                            "operator_timing": 0.5077155999999999,
                                            "operator_rows_scanned": 0,
                                            "cumulative_rows_scanned": 6132736000,
                                            "operator_cardinality": 72712542,
                                            "operator_type": "PROJECTION",
                                            "cumulative_cardinality": 145425084,
                                            "extra_info": {
                                                "Projections": [
                                                    "supplier_no",
                                                    "(l_extendedprice * (1.00 - l_discount))"
                                                ],
                                                "Estimated Cardinality": "38329600"
                                            },
                                            "cpu_time": 59.60546430300002,
                                            "children": [
                                                {
                                                    "result_set_size": 1745101008,
                                                    "operator_timing": 59.09774870300002,
                                                    "operator_rows_scanned": 6132736000,
                                                    "cumulative_rows_scanned": 6132736000,
                                                    "operator_cardinality": 72712542,
                                                    "operator_type": "TABLE_SCAN",
                                                    "cumulative_cardinality": 72712542,
                                                    "extra_info": {
                                                        "Function": "READ_PARQUET",
                                                        "Projections": [
                                                            "l_suppkey",
                                                            "l_extendedprice",
                                                            "l_discount"
                                                        ],
                                                        "Filters": "l_shipdate>='1993-01-01'::DATE AND l_shipdate<'1993-04-01'::DATE AND l_shipdate IS NOT NULL",
                                                        "Estimated Cardinality": "38329600"
                                                    },
                                                    "cpu_time": 59.09774870300002,
                                                    "children": []
                                                }
                                            ]
                                        }
                                    ]
                                },
                                {
                                    "result_set_size": 96,
                                    "operator_timing": 0.00018876100000000007,
                                    "operator_rows_scanned": 0,
                                    "cumulative_rows_scanned": 102400000,
                                    "operator_cardinality": 1,
                                    "operator_type": "HASH_JOIN",
                                    "cumulative_cardinality": 15000001,
                                    "extra_info": {
                                        "Join Type": "INNER",
                                        "Conditions": "s_suppkey = supplier_no",
                                        "Estimated Cardinality": "0"
                                    },
                                    "cpu_time": 0.130218483,
                                    "children": [
                                        {
                                            "result_set_size": 56,
                                            "operator_timing": 0.061745208,
                                            "operator_rows_scanned": 102400000,
                                            "cumulative_rows_scanned": 102400000,
                                            "operator_cardinality": 1,
                                            "operator_type": "TABLE_SCAN",
                                            "cumulative_cardinality": 1,
                                            "extra_info": {
                                                "Function": "PARQUET_SCAN",
                                                "Projections": "",
                                                "Estimated Cardinality": "3200000"
                                            },
                                            "cpu_time": 0.061745208,
                                            "children": []
                                        },
                                        {
                                            "result_set_size": 40,
                                            "operator_timing": 0.029788995,
                                            "operator_rows_scanned": 0,
                                            "cumulative_rows_scanned": 0,
                                            "operator_cardinality": 1,
                                            "operator_type": "HASH_JOIN",
                                            "cumulative_cardinality": 14999999,
                                            "extra_info": {
                                                "Join Type": "INNER",
                                                "Conditions": "total_revenue = SUBQUERY",
                                                "Estimated Cardinality": "0"
                                            },
                                            "cpu_time": 0.06828451399999999,
                                            "children": [
                                                {
                                                    "result_set_size": 119999952,
                                                    "operator_timing": 0.007206937,
                                                    "operator_rows_scanned": 0,
                                                    "cumulative_rows_scanned": 0,
                                                    "operator_cardinality": 4999998,
                                                    "operator_type": "CTE_SCAN",
                                                    "cumulative_cardinality": 4999998,
                                                    "extra_info": {
                                                        "CTE Index": "0",
                                                        "Estimated Cardinality": "19164800"
                                                    },
                                                    "cpu_time": 0.007206937,
                                                    "children": []
                                                },
                                                {
                                                    "result_set_size": 16,
                                                    "operator_timing": 0.000003242,
                                                    "operator_rows_scanned": 0,
                                                    "cumulative_rows_scanned": 0,
                                                    "operator_cardinality": 1,
                                                    "operator_type": "PROJECTION",
                                                    "cumulative_cardinality": 10000000,
                                                    "extra_info": {
                                                        "Projections": [
                                                            "CASE  WHEN ((#1 > 1)) THEN (error('More than one row returned by a subquery used as an expression - scalar subqueries can only return a single row.",
                                                            "Use \"SET scalar_subquery_error_on_multiple_rows=false\" to revert to previous behavior of returning a random row.')) ELSE #0 END"
                                                        ],
                                                        "Estimated Cardinality": "1"
                                                    },
                                                    "cpu_time": 0.031288582,
                                                    "children": [
                                                        {
                                                            "result_set_size": 24,
                                                            "operator_timing": 0.0000021159999999999997,
                                                            "operator_rows_scanned": 0,
                                                            "cumulative_rows_scanned": 0,
                                                            "operator_cardinality": 1,
                                                            "operator_type": "UNGROUPED_AGGREGATE",
                                                            "cumulative_cardinality": 9999999,
                                                            "extra_info": {
                                                                "Aggregates": [
                                                                    "\"first\"(#0)",
                                                                    "count_star()"
                                                                ]
                                                            },
                                                            "cpu_time": 0.03128534,
                                                            "children": [
                                                                {
                                                                    "result_set_size": 16,
                                                                    "operator_timing": 2.14e-7,
                                                                    "operator_rows_scanned": 0,
                                                                    "cumulative_rows_scanned": 0,
                                                                    "operator_cardinality": 1,
                                                                    "operator_type": "PROJECTION",
                                                                    "cumulative_cardinality": 9999998,
                                                                    "extra_info": {
                                                                        "Projections": "#0",
                                                                        "Estimated Cardinality": "1"
                                                                    },
                                                                    "cpu_time": 0.031283224,
                                                                    "children": [
                                                                        {
                                                                            "result_set_size": 16,
                                                                            "operator_timing": 0.0073214460000000006,
                                                                            "operator_rows_scanned": 0,
                                                                            "cumulative_rows_scanned": 0,
                                                                            "operator_cardinality": 1,
                                                                            "operator_type": "UNGROUPED_AGGREGATE",
                                                                            "cumulative_cardinality": 9999997,
                                                                            "extra_info": {
                                                                                "Aggregates": "max(#0)"
                                                                            },
                                                                            "cpu_time": 0.03128301,
                                                                            "children": [
                                                                                {
                                                                                    "result_set_size": 79999968,
                                                                                    "operator_timing": 0.0003092269999999999,
                                                                                    "operator_rows_scanned": 0,
                                                                                    "cumulative_rows_scanned": 0,
                                                                                    "operator_cardinality": 4999998,
                                                                                    "operator_type": "PROJECTION",
                                                                                    "cumulative_cardinality": 9999996,
                                                                                    "extra_info": {
                                                                                        "Projections": "total_revenue",
                                                                                        "Estimated Cardinality": "19164800"
                                                                                    },
                                                                                    "cpu_time": 0.023961564,
                                                                                    "children": [
                                                                                        {
                                                                                            "result_set_size": 119999952,
                                                                                            "operator_timing": 0.023652337000000002,
                                                                                            "operator_rows_scanned": 0,
                                                                                            "cumulative_rows_scanned": 0,
                                                                                            "operator_cardinality": 4999998,
                                                                                            "operator_type": "CTE_SCAN",
                                                                                            "cumulative_cardinality": 4999998,
                                                                                            "extra_info": {
                                                                                                "CTE Index": "0",
                                                                                                "Estimated Cardinality": "19164800"
                                                                                            },
                                                                                            "cpu_time": 0.023652337000000002,
                                                                                            "children": []
                                                                                        }
                                                                                    ]
                                                                                }
                                                                            ]
                                                                        }
                                                                    ]
                                                                }
                                                            ]
                                                        }
                                                    ]
                                                }
                                            ]
                                        }
                                    ]
                                }
                            ]
                        }
                    ]
                }
            ]
        }
    ]
}