{
    "rows_returned": 1,
    "latency": 2.555166315,
    "result_set_size": 72,
    "cumulative_rows_scanned": 5193088000,
    "cumulative_cardinality": 322535211,
    "extra_info": {},
    "cpu_time": 71.42078922700003,
    "blocked_thread_time": 0.0,
    "query_name": "WITH revenue AS (\n    SELECT\n        l_suppkey AS supplier_no,\n        sum(l_extendedprice * (1 - l_discount)) AS total_revenue\n    FROM\n        read_parquet([\"s3://tpch31355--apne1-az1--x-s3/3.parquet\", \"s3://tpch31355--apne1-az1--x-s3/20.parquet\", \"s3://tpch31355--apne1-az1--x-s3/22.parquet\", \"s3://tpch31355--apne1-az1--x-s3/23.parquet\", \"s3://tpch31355--apne1-az1--x-s3/24.parquet\", \"s3://tpch31355--apne1-az1--x-s3/25.parquet\", \"s3://tpch31355--apne1-az1--x-s3/26.parquet\", \"s3://tpch31355--apne1-az1--x-s3/28.parquet\", \"s3://tpch31355--apne1-az1--x-s3/29.parquet\", \"s3://tpch31355--apne1-az1--x-s3/142.parquet\", \"s3://tpch31355--apne1-az1--x-s3/200.parquet\", \"s3://tpch31355--apne1-az1--x-s3/202.parquet\", \"s3://tpch31355--apne1-az1--x-s3/203.parquet\", \"s3://tpch31355--apne1-az1--x-s3/205.parquet\", \"s3://tpch31355--apne1-az1--x-s3/206.parquet\", \"s3://tpch31355--apne1-az1--x-s3/207.parquet\", \"s3://tpch31355--apne1-az1--x-s3/208.parquet\", \"s3://tpch31355--apne1-az1--x-s3/209.parquet\", \"s3://tpch31355--apne1-az1--x-s3/210.parquet\", \"s3://tpch31355--apne1-az1--x-s3/283.parquet\", \"s3://tpch31355--apne1-az1--x-s3/317.parquet\", \"s3://tpch31355--apne1-az1--x-s3/318.parquet\", \"s3://tpch31355--apne1-az1--x-s3/319.parquet\", \"s3://tpch31355--apne1-az1--x-s3/320.parquet\", \"s3://tpch31355--apne1-az1--x-s3/321.parquet\", \"s3://tpch31355--apne1-az1--x-s3/322.parquet\", \"s3://tpch31355--apne1-az1--x-s3/323.parquet\", \"s3://tpch31355--apne1-az1--x-s3/324.parquet\", \"s3://tpch31355--apne1-az1--x-s3/325.parquet\", \"s3://tpch31355--apne1-az1--x-s3/326.parquet\", \"s3://tpch31355--apne1-az1--x-s3/327.parquet\", \"s3://tpch31355--apne1-az1--x-s3/328.parquet\", \"s3://tpch31355--apne1-az1--x-s3/329.parquet\", \"s3://tpch31355--apne1-az1--x-s3/330.parquet\", \"s3://tpch31355--apne1-az1--x-s3/331.parquet\", \"s3://tpch31355--apne1-az1--x-s3/332.parquet\", \"s3://tpch31355--apne1-az1--x-s3/333.parquet\", \"s3://tpch31355--apne1-az1--x-s3/334.parquet\", \"s3://tpch31355--apne1-az1--x-s3/335.parquet\", \"s3://tpch31355--apne1-az1--x-s3/336.parquet\", \"s3://tpch31355--apne1-az1--x-s3/395.parquet\", \"s3://tpch31355--apne1-az1--x-s3/397.parquet\", \"s3://tpch31355--apne1-az1--x-s3/477.parquet\", \"s3://tpch31355--apne1-az1--x-s3/478.parquet\", \"s3://tpch31355--apne1-az1--x-s3/479.parquet\", \"s3://tpch31355--apne1-az1--x-s3/480.parquet\", \"s3://tpch31355--apne1-az1--x-s3/481.parquet\", \"s3://tpch31355--apne1-az1--x-s3/482.parquet\", \"s3://tpch31355--apne1-az1--x-s3/484.parquet\", \"s3://tpch31355--apne1-az1--x-s3/485.parquet\", \"s3://tpch31355--apne1-az1--x-s3/486.parquet\", \"s3://tpch31355--apne1-az1--x-s3/487.parquet\", \"s3://tpch31355--apne1-az1--x-s3/488.parquet\", \"s3://tpch31355--apne1-az1--x-s3/489.parquet\", \"s3://tpch31355--apne1-az1--x-s3/491.parquet\", \"s3://tpch31355--apne1-az1--x-s3/492.parquet\", \"s3://tpch31355--apne1-az1--x-s3/493.parquet\", \"s3://tpch31355--apne1-az1--x-s3/494.parquet\", \"s3://tpch31355--apne1-az1--x-s3/495.parquet\", \"s3://tpch31355--apne1-az1--x-s3/497.parquet\", \"s3://tpch31355--apne1-az1--x-s3/615.parquet\", \"s3://tpch31355--apne1-az1--x-s3/616.parquet\", \"s3://tpch31355--apne1-az1--x-s3/617.parquet\", \"s3://tpch31355--apne1-az1--x-s3/662.parquet\", \"s3://tpch31355--apne1-az1--x-s3/663.parquet\", \"s3://tpch31355--apne1-az1--x-s3/664.parquet\", \"s3://tpch31355--apne1-az1--x-s3/665.parquet\", \"s3://tpch31355--apne1-az1--x-s3/666.parquet\", \"s3://tpch31355--apne1-az1--x-s3/667.parquet\", \"s3://tpch31355--apne1-az1--x-s3/668.parquet\", \"s3://tpch31355--apne1-az1--x-s3/669.parquet\", \"s3://tpch31355--apne1-az1--x-s3/670.parquet\", \"s3://tpch31355--apne1-az1--x-s3/671.parquet\", \"s3://tpch31355--apne1-az1--x-s3/672.parquet\", \"s3://tpch31355--apne1-az1--x-s3/673.parquet\", \"s3://tpch31355--apne1-az1--x-s3/674.parquet\", \"s3://tpch31355--apne1-az1--x-s3/675.parquet\", \"s3://tpch31355--apne1-az1--x-s3/676.parquet\", \"s3://tpch31355--apne1-az1--x-s3/677.parquet\", \"s3://tpch31355--apne1-az1--x-s3/678.parquet\", \"s3://tpch31355--apne1-az1--x-s3/679.parquet\", \"s3://tpch31355--apne1-az1--x-s3/680.parquet\", \"s3://tpch31355--apne1-az1--x-s3/681.parquet\", \"s3://tpch31355--apne1-az1--x-s3/823.parquet\", \"s3://tpch31355--apne1-az1--x-s3/826.parquet\", \"s3://tpch31355--apne1-az1--x-s3/827.parquet\", \"s3://tpch31355--apne1-az1--x-s3/829.parquet\", \"s3://tpch31355--apne1-az1--x-s3/831.parquet\", \"s3://tpch31355--apne1-az1--x-s3/832.parquet\", \"s3://tpch31355--apne1-az1--x-s3/833.parquet\", \"s3://tpch31355--apne1-az1--x-s3/834.parquet\", \"s3://tpch31355--apne1-az1--x-s3/835.parquet\", \"s3://tpch31355--apne1-az1--x-s3/836.parquet\", \"s3://tpch31355--apne1-az1--x-s3/837.parquet\", \"s3://tpch31355--apne1-az1--x-s3/841.parquet\", \"s3://tpch31355--apne1-az1--x-s3/845.parquet\", \"s3://tpch31355--apne1-az1--x-s3/846.parquet\", \"s3://tpch31355--apne1-az1--x-s3/849.parquet\", \"s3://tpch31355--apne1-az1--x-s3/852.parquet\", \"s3://tpch31355--apne1-az1--x-s3/853.parquet\", \"s3://tpch31355--apne1-az1--x-s3/854.parquet\", \"s3://tpch31355--apne1-az1--x-s3/856.parquet\", \"s3://tpch31355--apne1-az1--x-s3/1137.parquet\", \"s3://tpch31355--apne1-az1--x-s3/1138.parquet\", \"s3://tpch31355--apne1-az1--x-s3/1139.parquet\", \"s3://tpch31355--apne1-az1--x-s3/1140.parquet\", \"s3://tpch31355--apne1-az1--x-s3/1141.parquet\", \"s3://tpch31355--apne1-az1--x-s3/1142.parquet\", \"s3://tpch31355--apne1-az1--x-s3/1143.parquet\", \"s3://tpch31355--apne1-az1--x-s3/1144.parquet\", \"s3://tpch31355--apne1-az1--x-s3/1145.parquet\", \"s3://tpch31355--apne1-az1--x-s3/1146.parquet\", \"s3://tpch31355--apne1-az1--x-s3/1147.parquet\", \"s3://tpch31355--apne1-az1--x-s3/1148.parquet\", \"s3://tpch31355--apne1-az1--x-s3/1149.parquet\", \"s3://tpch31355--apne1-az1--x-s3/1150.parquet\", \"s3://tpch31355--apne1-az1--x-s3/1151.parquet\", \"s3://tpch31355--apne1-az1--x-s3/1152.parquet\", \"s3://tpch31355--apne1-az1--x-s3/1153.parquet\", \"s3://tpch31355--apne1-az1--x-s3/1154.parquet\", \"s3://tpch31355--apne1-az1--x-s3/1155.parquet\", \"s3://tpch31355--apne1-az1--x-s3/1250.parquet\", \"s3://tpch31355--apne1-az1--x-s3/1251.parquet\", \"s3://tpch31355--apne1-az1--x-s3/1252.parquet\", \"s3://tpch31355--apne1-az1--x-s3/1253.parquet\", \"s3://tpch31355--apne1-az1--x-s3/1254.parquet\", \"s3://tpch31355--apne1-az1--x-s3/1255.parquet\", \"s3://tpch31355--apne1-az1--x-s3/1256.parquet\", \"s3://tpch31355--apne1-az1--x-s3/1257.parquet\", \"s3://tpch31355--apne1-az1--x-s3/1258.parquet\", \"s3://tpch31355--apne1-az1--x-s3/1259.parquet\", \"s3://tpch31355--apne1-az1--x-s3/1260.parquet\", \"s3://tpch31355--apne1-az1--x-s3/1261.parquet\", \"s3://tpch31355--apne1-az1--x-s3/1262.parquet\", \"s3://tpch31355--apne1-az1--x-s3/1263.parquet\", \"s3://tpch31355--apne1-az1--x-s3/1264.parquet\", \"s3://tpch31355--apne1-az1--x-s3/1265.parquet\", \"s3://tpch31355--apne1-az1--x-s3/1266.parquet\", \"s3://tpch31355--apne1-az1--x-s3/1267.parquet\", \"s3://tpch31355--apne1-az1--x-s3/1268.parquet\", \"s3://tpch31355--apne1-az1--x-s3/1408.parquet\", \"s3://tpch31355--apne1-az1--x-s3/1409.parquet\", \"s3://tpch31355--apne1-az1--x-s3/1410.parquet\", \"s3://tpch31355--apne1-az1--x-s3/1411.parquet\", \"s3://tpch31355--apne1-az1--x-s3/1412.parquet\", \"s3://tpch31355--apne1-az1--x-s3/1413.parquet\", \"s3://tpch31355--apne1-az1--x-s3/1414.parquet\", \"s3://tpch31355--apne1-az1--x-s3/1415.parquet\", \"s3://tpch31355--apne1-az1--x-s3/1416.parquet\", \"s3://tpch31355--apne1-az1--x-s3/1417.parquet\", \"s3://tpch31355--apne1-az1--x-s3/1418.parquet\", \"s3://tpch31355--apne1-az1--x-s3/1420.parquet\", \"s3://tpch31355--apne1-az1--x-s3/1421.parquet\", \"s3://tpch31355--apne1-az1--x-s3/1422.parquet\", \"s3://tpch31355--apne1-az1--x-s3/1423.parquet\", \"s3://tpch31355--apne1-az1--x-s3/1424.parquet\", \"s3://tpch31355--apne1-az1--x-s3/1425.parquet\", \"s3://tpch31355--apne1-az1--x-s3/1426.parquet\", \"s3://tpch31355--apne1-az1--x-s3/1660.parquet\", \"s3://tpch31355--apne1-az1--x-s3/1661.parquet\", \"s3://tpch31355--apne1-az1--x-s3/1662.parquet\", \"s3://tpch31355--apne1-az1--x-s3/1663.parquet\", \"s3://tpch31355--apne1-az1--x-s3/1664.parquet\", \"s3://tpch31355--apne1-az1--x-s3/1665.parquet\", \"s3://tpch31355--apne1-az1--x-s3/1666.parquet\", \"s3://tpch31355--apne1-az1--x-s3/1667.parquet\", \"s3://tpch31355--apne1-az1--x-s3/1668.parquet\", \"s3://tpch31355--apne1-az1--x-s3/1669.parquet\", \"s3://tpch31355--apne1-az1--x-s3/1731.parquet\", \"s3://tpch31355--apne1-az1--x-s3/1732.parquet\", \"s3://tpch31355--apne1-az1--x-s3/1733.parquet\", \"s3://tpch31355--apne1-az1--x-s3/1734.parquet\", \"s3://tpch31355--apne1-az1--x-s3/1735.parquet\", \"s3://tpch31355--apne1-az1--x-s3/1736.parquet\", \"s3://tpch31355--apne1-az1--x-s3/1737.parquet\", \"s3://tpch31355--apne1-az1--x-s3/1776.parquet\", \"s3://tpch31355--apne1-az1--x-s3/1777.parquet\", \"s3://tpch31355--apne1-az1--x-s3/1778.parquet\", \"s3://tpch31355--apne1-az1--x-s3/1779.parquet\", \"s3://tpch31355--apne1-az1--x-s3/1780.parquet\", \"s3://tpch31355--apne1-az1--x-s3/1781.parquet\", \"s3://tpch31355--apne1-az1--x-s3/1782.parquet\", \"s3://tpch31355--apne1-az1--x-s3/1783.parquet\", \"s3://tpch31355--apne1-az1--x-s3/1784.parquet\", \"s3://tpch31355--apne1-az1--x-s3/1785.parquet\", \"s3://tpch31355--apne1-az1--x-s3/1786.parquet\", \"s3://tpch31355--apne1-az1--x-s3/1787.parquet\", \"s3://tpch31355--apne1-az1--x-s3/1788.parquet\", \"s3://tpch31355--apne1-az1--x-s3/1789.parquet\", \"s3://tpch31355--apne1-az1--x-s3/1790.parquet\", \"s3://tpch31355--apne1-az1--x-s3/1791.parquet\"])\n    WHERE\n        l_shipdate >= DATE '1992-01-01' + INTERVAL 26 MONTH\n        AND l_shipdate < DATE '1992-01-01' + INTERVAL 26 MONTH + INTERVAL 3 MONTH\n    GROUP BY\n        supplier_no\n)\nSELECT\n    s_suppkey,\n    s_name,\n    s_address,\n    s_phone,\n    total_revenue\nFROM\n    'pool/supplier/*.parquet',\n    revenue\nWHERE\n    s_suppkey = supplier_no\n    AND total_revenue = (\n        SELECT\n            max(total_revenue)\n        FROM\n            revenue\n    )\nORDER BY\n    s_suppkey;",
    "children": [
        {
            "result_set_size": 72,
            "operator_timing": 0.000031569,
            "operator_rows_scanned": 0,
            "cumulative_rows_scanned": 5193088000,
            "operator_cardinality": 1,
            "operator_type": "ORDER_BY",
            "cumulative_cardinality": 322535211,
            "extra_info": {
                "Order By": "\"pool/supplier/*.parquet\".s_suppkey ASC"
            },
            "cpu_time": 71.42078922700003,
            "children": [
                {
                    "result_set_size": 72,
                    "operator_timing": 0.000001052,
                    "operator_rows_scanned": 0,
                    "cumulative_rows_scanned": 5193088000,
                    "operator_cardinality": 1,
                    "operator_type": "PROJECTION",
                    "cumulative_cardinality": 322535210,
                    "extra_info": {
                        "Projections": [
                            "s_suppkey",
                            "s_name",
                            "s_address",
                            "s_phone",
                            "total_revenue"
                        ],
                        "Estimated Cardinality": "15738400"
                    },
                    "cpu_time": 71.42075765800003,
                    "children": [
                        {
                            "result_set_size": 0,
                            "operator_timing": 0.012873471,
                            "operator_rows_scanned": 0,
                            "cumulative_rows_scanned": 5193088000,
                            "operator_cardinality": 0,
                            "operator_type": "CTE",
                            "cumulative_cardinality": 322535209,
                            "extra_info": {
                                "CTE Name": "revenue",
                                "Table Index": "0"
                            },
                            "cpu_time": 71.42075660600003,
                            "children": [
                                {
                                    "result_set_size": 120000000,
                                    "operator_timing": 24.398024523999997,
                                    "operator_rows_scanned": 0,
                                    "cumulative_rows_scanned": 5036288000,
                                    "operator_cardinality": 5000000,
                                    "operator_type": "HASH_GROUP_BY",
                                    "cumulative_cardinality": 307535202,
                                    "extra_info": {
                                        "Groups": "#0",
                                        "Aggregates": "sum(#1)",
                                        "Estimated Cardinality": "15738400"
                                    },
                                    "cpu_time": 71.30862968600002,
                                    "children": [
                                        {
                                            "result_set_size": 2420281616,
                                            "operator_timing": 0.9999626300000001,
                                            "operator_rows_scanned": 0,
                                            "cumulative_rows_scanned": 5036288000,
                                            "operator_cardinality": 151267601,
                                            "operator_type": "PROJECTION",
                                            "cumulative_cardinality": 302535202,
                                            "extra_info": {
                                                "Projections": [
                                                    "supplier_no",
                                                    "(l_extendedprice * (1.00 - l_discount))"
                                                ],
                                                "Estimated Cardinality": "31476800"
                                            },
                                            "cpu_time": 46.91060516200002,
                                            "children": [
                                                {
                                                    "result_set_size": 3630422424,
                                                    "operator_timing": 45.91064253200002,
                                                    "operator_rows_scanned": 5036288000,
                                                    "cumulative_rows_scanned": 5036288000,
                                                    "operator_cardinality": 151267601,
                                                    "operator_type": "TABLE_SCAN",
                                                    "cumulative_cardinality": 151267601,
                                                    "extra_info": {
                                                        "Function": "READ_PARQUET",
                                                        "Projections": [
                                                            "l_suppkey",
                                                            "l_extendedprice",
                                                            "l_discount"
                                                        ],
                                                        "Filters": "l_shipdate>='1994-03-01'::DATE AND l_shipdate<'1994-06-01'::DATE AND l_shipdate IS NOT NULL",
                                                        "Estimated Cardinality": "31476800"
                                                    },
                                                    "cpu_time": 45.91064253200002,
                                                    "children": []
                                                }
                                            ]
                                        }
                                    ]
                                },
                                {
                                    "result_set_size": 96,
                                    "operator_timing": 0.00018300500000000003,
                                    "operator_rows_scanned": 0,
                                    "cumulative_rows_scanned": 156800000,
                                    "operator_cardinality": 1,
                                    "operator_type": "HASH_JOIN",
                                    "cumulative_cardinality": 15000007,
                                    "extra_info": {
                                        "Join Type": "INNER",
                                        "Conditions": "s_suppkey = supplier_no",
                                        "Estimated Cardinality": "0"
                                    },
                                    "cpu_time": 0.09925344900000002,
                                    "children": [
                                        {
                                            "result_set_size": 56,
                                            "operator_timing": 0.027322459000000004,
                                            "operator_rows_scanned": 156800000,
                                            "cumulative_rows_scanned": 156800000,
                                            "operator_cardinality": 1,
                                            "operator_type": "TABLE_SCAN",
                                            "cumulative_cardinality": 1,
                                            "extra_info": {
                                                "Function": "PARQUET_SCAN",
                                                "Projections": "",
                                                "Estimated Cardinality": "4900000"
                                            },
                                            "cpu_time": 0.027322459000000004,
                                            "children": []
                                        },
                                        {
                                            "result_set_size": 40,
                                            "operator_timing": 0.028037300000000005,
                                            "operator_rows_scanned": 0,
                                            "cumulative_rows_scanned": 0,
                                            "operator_cardinality": 1,
                                            "operator_type": "HASH_JOIN",
                                            "cumulative_cardinality": 15000005,
                                            "extra_info": {
                                                "Join Type": "INNER",
                                                "Conditions": "total_revenue = SUBQUERY",
                                                "Estimated Cardinality": "0"
                                            },
                                            "cpu_time": 0.07174798500000001,
                                            "children": [
                                                {
                                                    "result_set_size": 120000000,
                                                    "operator_timing": 0.009163537,
                                                    "operator_rows_scanned": 0,
                                                    "cumulative_rows_scanned": 0,
                                                    "operator_cardinality": 5000000,
                                                    "operator_type": "CTE_SCAN",
                                                    "cumulative_cardinality": 5000000,
                                                    "extra_info": {
                                                        "CTE Index": "0",
                                                        "Estimated Cardinality": "15738400"
                                                    },
                                                    "cpu_time": 0.009163537,
                                                    "children": []
                                                },
                                                {
                                                    "result_set_size": 16,
                                                    "operator_timing": 0.000002976,
                                                    "operator_rows_scanned": 0,
                                                    "cumulative_rows_scanned": 0,
                                                    "operator_cardinality": 1,
                                                    "operator_type": "PROJECTION",
                                                    "cumulative_cardinality": 10000004,
                                                    "extra_info": {
                                                        "Projections": [
                                                            "CASE  WHEN ((#1 > 1)) THEN (error('More than one row returned by a subquery used as an expression - scalar subqueries can only return a single row.",
                                                            "Use \"SET scalar_subquery_error_on_multiple_rows=false\" to revert to previous behavior of returning a random row.')) ELSE #0 END"
                                                        ],
                                                        "Estimated Cardinality": "1"
                                                    },
                                                    "cpu_time": 0.03454714800000001,
                                                    "children": [
                                                        {
                                                            "result_set_size": 24,
                                                            "operator_timing": 0.000002124,
                                                            "operator_rows_scanned": 0,
                                                            "cumulative_rows_scanned": 0,
                                                            "operator_cardinality": 1,
                                                            "operator_type": "UNGROUPED_AGGREGATE",
                                                            "cumulative_cardinality": 10000003,
                                                            "extra_info": {
                                                                "Aggregates": [
                                                                    "\"first\"(#0)",
                                                                    "count_star()"
                                                                ]
                                                            },
                                                            "cpu_time": 0.034544172000000005,
                                                            "children": [
                                                                {
                                                                    "result_set_size": 16,
                                                                    "operator_timing": 2.44e-7,
                                                                    "operator_rows_scanned": 0,
                                                                    "cumulative_rows_scanned": 0,
                                                                    "operator_cardinality": 1,
                                                                    "operator_type": "PROJECTION",
                                                                    "cumulative_cardinality": 10000002,
                                                                    "extra_info": {
                                                                        "Projections": "#0",
                                                                        "Estimated Cardinality": "1"
                                                                    },
                                                                    "cpu_time": 0.034542048000000006,
                                                                    "children": [
                                                                        {
                                                                            "result_set_size": 16,
                                                                            "operator_timing": 0.0075306179999999985,
                                                                            "operator_rows_scanned": 0,
                                                                            "cumulative_rows_scanned": 0,
                                                                            "operator_cardinality": 1,
                                                                            "operator_type": "UNGROUPED_AGGREGATE",
                                                                            "cumulative_cardinality": 10000001,
                                                                            "extra_info": {
                                                                                "Aggregates": "max(#0)"
                                                                            },
                                                                            "cpu_time": 0.034541804,
                                                                            "children": [
                                                                                {
                                                                                    "result_set_size": 80000000,
                                                                                    "operator_timing": 0.00030924000000000007,
                                                                                    "operator_rows_scanned": 0,
                                                                                    "cumulative_rows_scanned": 0,
                                                                                    "operator_cardinality": 5000000,
                                                                                    "operator_type": "PROJECTION",
                                                                                    "cumulative_cardinality": 10000000,
                                                                                    "extra_info": {
                                                                                        "Projections": "total_revenue",
                                                                                        "Estimated Cardinality": "15738400"
                                                                                    },
                                                                                    "cpu_time": 0.027011186000000006,
                                                                                    "children": [
                                                                                        {
                                                                                            "result_set_size": 120000000,
                                                                                            "operator_timing": 0.026701946000000008,
                                                                                            "operator_rows_scanned": 0,
                                                                                            "cumulative_rows_scanned": 0,
                                                                                            "operator_cardinality": 5000000,
                                                                                            "operator_type": "CTE_SCAN",
                                                                                            "cumulative_cardinality": 5000000,
                                                                                            "extra_info": {
                                                                                                "CTE Index": "0",
                                                                                                "Estimated Cardinality": "15738400"
                                                                                            },
                                                                                            "cpu_time": 0.026701946000000008,
                                                                                            "children": []
                                                                                        }
                                                                                    ]
                                                                                }
                                                                            ]
                                                                        }
                                                                    ]
                                                                }
                                                            ]
                                                        }
                                                    ]
                                                }
                                            ]
                                        }
                                    ]
                                }
                            ]
                        }
                    ]
                }
            ]
        }
    ]
}