{
    "rows_returned": 68106,
    "latency": 6.229923112,
    "result_set_size": 2179392,
    "cumulative_rows_scanned": 31494272025,
    "cumulative_cardinality": 813226727,
    "extra_info": {},
    "cpu_time": 187.84664830299997,
    "blocked_thread_time": 0.02,
    "query_name": "SELECT\n    s_name,\n    s_address\nFROM\n    'pool/supplier/*.parquet',\n    'pool/nation.parquet'\nWHERE\n    s_suppkey IN (\n        SELECT\n            ps_suppkey\n        FROM\n            'pool/partsupp/*.parquet'\n        WHERE\n            ps_partkey IN (\n                SELECT\n                    p_partkey\n                FROM\n                    'pool/part/*.parquet'\n                WHERE\n                    p_name LIKE 'gainsboro%')\n                AND ps_availqty > (\n                    SELECT\n                        0.5 * sum(l_quantity)\n                    FROM\n                        read_parquet([\"s3://tpch17377--apne1-az1--x-s3/0.parquet\", \"s3://tpch17377--apne1-az1--x-s3/1.parquet\", \"s3://tpch17377--apne1-az1--x-s3/2.parquet\", \"s3://tpch17377--apne1-az1--x-s3/3.parquet\", \"s3://tpch17377--apne1-az1--x-s3/4.parquet\", \"s3://tpch17377--apne1-az1--x-s3/5.parquet\", \"s3://tpch17377--apne1-az1--x-s3/6.parquet\", \"s3://tpch17377--apne1-az1--x-s3/7.parquet\", \"s3://tpch17377--apne1-az1--x-s3/8.parquet\", \"s3://tpch17377--apne1-az1--x-s3/9.parquet\", \"s3://tpch17377--apne1-az1--x-s3/10.parquet\", \"s3://tpch17377--apne1-az1--x-s3/11.parquet\", \"s3://tpch17377--apne1-az1--x-s3/12.parquet\", \"s3://tpch17377--apne1-az1--x-s3/13.parquet\", \"s3://tpch17377--apne1-az1--x-s3/14.parquet\", \"s3://tpch17377--apne1-az1--x-s3/15.parquet\", \"s3://tpch17377--apne1-az1--x-s3/16.parquet\", \"s3://tpch17377--apne1-az1--x-s3/17.parquet\", \"s3://tpch17377--apne1-az1--x-s3/18.parquet\", \"s3://tpch17377--apne1-az1--x-s3/19.parquet\", \"s3://tpch17377--apne1-az1--x-s3/20.parquet\", \"s3://tpch17377--apne1-az1--x-s3/21.parquet\", \"s3://tpch17377--apne1-az1--x-s3/22.parquet\", \"s3://tpch17377--apne1-az1--x-s3/23.parquet\", \"s3://tpch17377--apne1-az1--x-s3/24.parquet\", \"s3://tpch17377--apne1-az1--x-s3/25.parquet\", \"s3://tpch17377--apne1-az1--x-s3/26.parquet\", \"s3://tpch17377--apne1-az1--x-s3/27.parquet\", \"s3://tpch17377--apne1-az1--x-s3/28.parquet\", \"s3://tpch17377--apne1-az1--x-s3/29.parquet\", \"s3://tpch17377--apne1-az1--x-s3/30.parquet\", \"s3://tpch17377--apne1-az1--x-s3/31.parquet\", \"s3://tpch17377--apne1-az1--x-s3/32.parquet\", \"s3://tpch17377--apne1-az1--x-s3/33.parquet\", \"s3://tpch17377--apne1-az1--x-s3/34.parquet\", \"s3://tpch17377--apne1-az1--x-s3/35.parquet\", \"s3://tpch17377--apne1-az1--x-s3/36.parquet\", \"s3://tpch17377--apne1-az1--x-s3/37.parquet\", \"s3://tpch17377--apne1-az1--x-s3/38.parquet\", \"s3://tpch17377--apne1-az1--x-s3/39.parquet\", \"s3://tpch17377--apne1-az1--x-s3/40.parquet\", \"s3://tpch17377--apne1-az1--x-s3/41.parquet\", \"s3://tpch17377--apne1-az1--x-s3/42.parquet\", \"s3://tpch17377--apne1-az1--x-s3/43.parquet\", \"s3://tpch17377--apne1-az1--x-s3/44.parquet\", \"s3://tpch17377--apne1-az1--x-s3/45.parquet\", \"s3://tpch17377--apne1-az1--x-s3/46.parquet\", \"s3://tpch17377--apne1-az1--x-s3/47.parquet\", \"s3://tpch17377--apne1-az1--x-s3/48.parquet\", \"s3://tpch17377--apne1-az1--x-s3/49.parquet\", \"s3://tpch17377--apne1-az1--x-s3/50.parquet\", \"s3://tpch17377--apne1-az1--x-s3/51.parquet\", \"s3://tpch17377--apne1-az1--x-s3/52.parquet\", \"s3://tpch17377--apne1-az1--x-s3/53.parquet\", \"s3://tpch17377--apne1-az1--x-s3/54.parquet\", \"s3://tpch17377--apne1-az1--x-s3/55.parquet\", \"s3://tpch17377--apne1-az1--x-s3/56.parquet\", \"s3://tpch17377--apne1-az1--x-s3/57.parquet\", \"s3://tpch17377--apne1-az1--x-s3/58.parquet\", \"s3://tpch17377--apne1-az1--x-s3/59.parquet\", \"s3://tpch17377--apne1-az1--x-s3/60.parquet\", \"s3://tpch17377--apne1-az1--x-s3/61.parquet\", \"s3://tpch17377--apne1-az1--x-s3/62.parquet\", \"s3://tpch17377--apne1-az1--x-s3/63.parquet\", \"s3://tpch17377--apne1-az1--x-s3/64.parquet\", \"s3://tpch17377--apne1-az1--x-s3/65.parquet\", \"s3://tpch17377--apne1-az1--x-s3/66.parquet\", \"s3://tpch17377--apne1-az1--x-s3/67.parquet\", \"s3://tpch17377--apne1-az1--x-s3/68.parquet\", \"s3://tpch17377--apne1-az1--x-s3/69.parquet\", \"s3://tpch17377--apne1-az1--x-s3/70.parquet\", \"s3://tpch17377--apne1-az1--x-s3/71.parquet\", \"s3://tpch17377--apne1-az1--x-s3/72.parquet\", \"s3://tpch17377--apne1-az1--x-s3/73.parquet\", \"s3://tpch17377--apne1-az1--x-s3/74.parquet\", \"s3://tpch17377--apne1-az1--x-s3/75.parquet\", \"s3://tpch17377--apne1-az1--x-s3/76.parquet\", \"s3://tpch17377--apne1-az1--x-s3/77.parquet\", \"s3://tpch17377--apne1-az1--x-s3/78.parquet\", \"s3://tpch17377--apne1-az1--x-s3/79.parquet\", \"s3://tpch17377--apne1-az1--x-s3/80.parquet\", \"s3://tpch17377--apne1-az1--x-s3/81.parquet\", \"s3://tpch17377--apne1-az1--x-s3/82.parquet\", \"s3://tpch17377--apne1-az1--x-s3/83.parquet\", \"s3://tpch17377--apne1-az1--x-s3/84.parquet\", \"s3://tpch17377--apne1-az1--x-s3/85.parquet\", \"s3://tpch17377--apne1-az1--x-s3/86.parquet\", \"s3://tpch17377--apne1-az1--x-s3/87.parquet\", \"s3://tpch17377--apne1-az1--x-s3/88.parquet\", \"s3://tpch17377--apne1-az1--x-s3/89.parquet\", \"s3://tpch17377--apne1-az1--x-s3/90.parquet\", \"s3://tpch17377--apne1-az1--x-s3/91.parquet\", \"s3://tpch17377--apne1-az1--x-s3/92.parquet\", \"s3://tpch17377--apne1-az1--x-s3/93.parquet\", \"s3://tpch17377--apne1-az1--x-s3/94.parquet\", \"s3://tpch17377--apne1-az1--x-s3/95.parquet\", \"s3://tpch17377--apne1-az1--x-s3/96.parquet\", \"s3://tpch17377--apne1-az1--x-s3/97.parquet\", \"s3://tpch17377--apne1-az1--x-s3/98.parquet\", \"s3://tpch17377--apne1-az1--x-s3/99.parquet\", \"s3://tpch17377--apne1-az1--x-s3/100.parquet\", \"s3://tpch17377--apne1-az1--x-s3/101.parquet\", \"s3://tpch17377--apne1-az1--x-s3/102.parquet\", \"s3://tpch17377--apne1-az1--x-s3/103.parquet\", \"s3://tpch17377--apne1-az1--x-s3/104.parquet\", \"s3://tpch17377--apne1-az1--x-s3/105.parquet\", \"s3://tpch17377--apne1-az1--x-s3/106.parquet\", \"s3://tpch17377--apne1-az1--x-s3/107.parquet\", \"s3://tpch17377--apne1-az1--x-s3/108.parquet\", \"s3://tpch17377--apne1-az1--x-s3/109.parquet\", \"s3://tpch17377--apne1-az1--x-s3/110.parquet\", \"s3://tpch17377--apne1-az1--x-s3/111.parquet\", \"s3://tpch17377--apne1-az1--x-s3/112.parquet\", \"s3://tpch17377--apne1-az1--x-s3/113.parquet\", \"s3://tpch17377--apne1-az1--x-s3/114.parquet\", \"s3://tpch17377--apne1-az1--x-s3/115.parquet\", \"s3://tpch17377--apne1-az1--x-s3/116.parquet\", \"s3://tpch17377--apne1-az1--x-s3/117.parquet\", \"s3://tpch17377--apne1-az1--x-s3/118.parquet\", \"s3://tpch17377--apne1-az1--x-s3/119.parquet\", \"s3://tpch17377--apne1-az1--x-s3/120.parquet\", \"s3://tpch17377--apne1-az1--x-s3/121.parquet\", \"s3://tpch17377--apne1-az1--x-s3/122.parquet\", \"s3://tpch17377--apne1-az1--x-s3/123.parquet\", \"s3://tpch17377--apne1-az1--x-s3/124.parquet\", \"s3://tpch17377--apne1-az1--x-s3/125.parquet\", \"s3://tpch17377--apne1-az1--x-s3/126.parquet\", \"s3://tpch17377--apne1-az1--x-s3/127.parquet\", \"s3://tpch17377--apne1-az1--x-s3/128.parquet\", \"s3://tpch17377--apne1-az1--x-s3/129.parquet\", \"s3://tpch17377--apne1-az1--x-s3/130.parquet\", \"s3://tpch17377--apne1-az1--x-s3/131.parquet\", \"s3://tpch17377--apne1-az1--x-s3/132.parquet\", \"s3://tpch17377--apne1-az1--x-s3/133.parquet\", \"s3://tpch17377--apne1-az1--x-s3/134.parquet\", \"s3://tpch17377--apne1-az1--x-s3/135.parquet\", \"s3://tpch17377--apne1-az1--x-s3/136.parquet\", \"s3://tpch17377--apne1-az1--x-s3/137.parquet\", \"s3://tpch17377--apne1-az1--x-s3/138.parquet\", \"s3://tpch17377--apne1-az1--x-s3/139.parquet\", \"s3://tpch17377--apne1-az1--x-s3/140.parquet\", \"s3://tpch17377--apne1-az1--x-s3/141.parquet\", \"s3://tpch17377--apne1-az1--x-s3/150.parquet\", \"s3://tpch17377--apne1-az1--x-s3/151.parquet\", \"s3://tpch17377--apne1-az1--x-s3/152.parquet\", \"s3://tpch17377--apne1-az1--x-s3/213.parquet\", \"s3://tpch17377--apne1-az1--x-s3/214.parquet\", \"s3://tpch17377--apne1-az1--x-s3/215.parquet\", \"s3://tpch17377--apne1-az1--x-s3/216.parquet\", \"s3://tpch17377--apne1-az1--x-s3/217.parquet\", \"s3://tpch17377--apne1-az1--x-s3/218.parquet\", \"s3://tpch17377--apne1-az1--x-s3/355.parquet\", \"s3://tpch17377--apne1-az1--x-s3/356.parquet\", \"s3://tpch17377--apne1-az1--x-s3/357.parquet\", \"s3://tpch17377--apne1-az1--x-s3/358.parquet\", \"s3://tpch17377--apne1-az1--x-s3/359.parquet\", \"s3://tpch17377--apne1-az1--x-s3/360.parquet\", \"s3://tpch17377--apne1-az1--x-s3/361.parquet\", \"s3://tpch17377--apne1-az1--x-s3/362.parquet\", \"s3://tpch17377--apne1-az1--x-s3/363.parquet\", \"s3://tpch17377--apne1-az1--x-s3/364.parquet\", \"s3://tpch17377--apne1-az1--x-s3/365.parquet\", \"s3://tpch17377--apne1-az1--x-s3/366.parquet\", \"s3://tpch17377--apne1-az1--x-s3/367.parquet\", \"s3://tpch17377--apne1-az1--x-s3/368.parquet\", \"s3://tpch17377--apne1-az1--x-s3/369.parquet\", \"s3://tpch17377--apne1-az1--x-s3/370.parquet\", \"s3://tpch17377--apne1-az1--x-s3/371.parquet\", \"s3://tpch17377--apne1-az1--x-s3/372.parquet\", \"s3://tpch17377--apne1-az1--x-s3/373.parquet\", \"s3://tpch17377--apne1-az1--x-s3/374.parquet\", \"s3://tpch17377--apne1-az1--x-s3/375.parquet\", \"s3://tpch17377--apne1-az1--x-s3/376.parquet\", \"s3://tpch17377--apne1-az1--x-s3/377.parquet\", \"s3://tpch17377--apne1-az1--x-s3/378.parquet\", \"s3://tpch17377--apne1-az1--x-s3/379.parquet\", \"s3://tpch17377--apne1-az1--x-s3/380.parquet\", \"s3://tpch17377--apne1-az1--x-s3/381.parquet\", \"s3://tpch17377--apne1-az1--x-s3/382.parquet\", \"s3://tpch17377--apne1-az1--x-s3/383.parquet\", \"s3://tpch17377--apne1-az1--x-s3/384.parquet\", \"s3://tpch17377--apne1-az1--x-s3/385.parquet\", \"s3://tpch17377--apne1-az1--x-s3/386.parquet\", \"s3://tpch17377--apne1-az1--x-s3/387.parquet\", \"s3://tpch17377--apne1-az1--x-s3/388.parquet\", \"s3://tpch17377--apne1-az1--x-s3/389.parquet\", \"s3://tpch17377--apne1-az1--x-s3/390.parquet\", \"s3://tpch17377--apne1-az1--x-s3/391.parquet\", \"s3://tpch17377--apne1-az1--x-s3/392.parquet\", \"s3://tpch17377--apne1-az1--x-s3/393.parquet\", \"s3://tpch17377--apne1-az1--x-s3/394.parquet\", \"s3://tpch17377--apne1-az1--x-s3/426.parquet\", \"s3://tpch17377--apne1-az1--x-s3/427.parquet\", \"s3://tpch17377--apne1-az1--x-s3/428.parquet\", \"s3://tpch17377--apne1-az1--x-s3/429.parquet\", \"s3://tpch17377--apne1-az1--x-s3/430.parquet\", \"s3://tpch17377--apne1-az1--x-s3/431.parquet\", \"s3://tpch17377--apne1-az1--x-s3/432.parquet\", \"s3://tpch17377--apne1-az1--x-s3/433.parquet\", \"s3://tpch17377--apne1-az1--x-s3/434.parquet\", \"s3://tpch17377--apne1-az1--x-s3/435.parquet\", \"s3://tpch17377--apne1-az1--x-s3/436.parquet\", \"s3://tpch17377--apne1-az1--x-s3/437.parquet\", \"s3://tpch17377--apne1-az1--x-s3/438.parquet\", \"s3://tpch17377--apne1-az1--x-s3/439.parquet\", \"s3://tpch17377--apne1-az1--x-s3/440.parquet\", \"s3://tpch17377--apne1-az1--x-s3/441.parquet\", \"s3://tpch17377--apne1-az1--x-s3/442.parquet\", \"s3://tpch17377--apne1-az1--x-s3/443.parquet\", \"s3://tpch17377--apne1-az1--x-s3/444.parquet\", \"s3://tpch17377--apne1-az1--x-s3/445.parquet\", \"s3://tpch17377--apne1-az1--x-s3/446.parquet\", \"s3://tpch17377--apne1-az1--x-s3/447.parquet\", \"s3://tpch17377--apne1-az1--x-s3/448.parquet\", \"s3://tpch17377--apne1-az1--x-s3/449.parquet\", \"s3://tpch17377--apne1-az1--x-s3/450.parquet\", \"s3://tpch17377--apne1-az1--x-s3/451.parquet\", \"s3://tpch17377--apne1-az1--x-s3/452.parquet\", \"s3://tpch17377--apne1-az1--x-s3/453.parquet\", \"s3://tpch17377--apne1-az1--x-s3/454.parquet\", \"s3://tpch17377--apne1-az1--x-s3/455.parquet\", \"s3://tpch17377--apne1-az1--x-s3/456.parquet\", \"s3://tpch17377--apne1-az1--x-s3/457.parquet\", \"s3://tpch17377--apne1-az1--x-s3/458.parquet\", \"s3://tpch17377--apne1-az1--x-s3/459.parquet\", \"s3://tpch17377--apne1-az1--x-s3/460.parquet\", \"s3://tpch17377--apne1-az1--x-s3/462.parquet\", \"s3://tpch17377--apne1-az1--x-s3/463.parquet\", \"s3://tpch17377--apne1-az1--x-s3/497.parquet\", \"s3://tpch17377--apne1-az1--x-s3/498.parquet\", \"s3://tpch17377--apne1-az1--x-s3/499.parquet\", \"s3://tpch17377--apne1-az1--x-s3/500.parquet\", \"s3://tpch17377--apne1-az1--x-s3/710.parquet\", \"s3://tpch17377--apne1-az1--x-s3/711.parquet\", \"s3://tpch17377--apne1-az1--x-s3/712.parquet\", \"s3://tpch17377--apne1-az1--x-s3/713.parquet\", \"s3://tpch17377--apne1-az1--x-s3/714.parquet\", \"s3://tpch17377--apne1-az1--x-s3/715.parquet\", \"s3://tpch17377--apne1-az1--x-s3/716.parquet\", \"s3://tpch17377--apne1-az1--x-s3/717.parquet\", \"s3://tpch17377--apne1-az1--x-s3/718.parquet\", \"s3://tpch17377--apne1-az1--x-s3/719.parquet\", \"s3://tpch17377--apne1-az1--x-s3/720.parquet\", \"s3://tpch17377--apne1-az1--x-s3/721.parquet\", \"s3://tpch17377--apne1-az1--x-s3/722.parquet\", \"s3://tpch17377--apne1-az1--x-s3/723.parquet\", \"s3://tpch17377--apne1-az1--x-s3/724.parquet\", \"s3://tpch17377--apne1-az1--x-s3/725.parquet\", \"s3://tpch17377--apne1-az1--x-s3/726.parquet\", \"s3://tpch17377--apne1-az1--x-s3/727.parquet\", \"s3://tpch17377--apne1-az1--x-s3/728.parquet\", \"s3://tpch17377--apne1-az1--x-s3/729.parquet\", \"s3://tpch17377--apne1-az1--x-s3/730.parquet\", \"s3://tpch17377--apne1-az1--x-s3/731.parquet\", \"s3://tpch17377--apne1-az1--x-s3/732.parquet\", \"s3://tpch17377--apne1-az1--x-s3/733.parquet\", \"s3://tpch17377--apne1-az1--x-s3/734.parquet\", \"s3://tpch17377--apne1-az1--x-s3/735.parquet\", \"s3://tpch17377--apne1-az1--x-s3/736.parquet\", \"s3://tpch17377--apne1-az1--x-s3/737.parquet\", \"s3://tpch17377--apne1-az1--x-s3/738.parquet\", \"s3://tpch17377--apne1-az1--x-s3/739.parquet\", \"s3://tpch17377--apne1-az1--x-s3/740.parquet\", \"s3://tpch17377--apne1-az1--x-s3/741.parquet\", \"s3://tpch17377--apne1-az1--x-s3/742.parquet\", \"s3://tpch17377--apne1-az1--x-s3/743.parquet\", \"s3://tpch17377--apne1-az1--x-s3/744.parquet\", \"s3://tpch17377--apne1-az1--x-s3/745.parquet\", \"s3://tpch17377--apne1-az1--x-s3/746.parquet\", \"s3://tpch17377--apne1-az1--x-s3/747.parquet\", \"s3://tpch17377--apne1-az1--x-s3/748.parquet\", \"s3://tpch17377--apne1-az1--x-s3/781.parquet\", \"s3://tpch17377--apne1-az1--x-s3/782.parquet\", \"s3://tpch17377--apne1-az1--x-s3/783.parquet\", \"s3://tpch17377--apne1-az1--x-s3/784.parquet\", \"s3://tpch17377--apne1-az1--x-s3/785.parquet\", \"s3://tpch17377--apne1-az1--x-s3/786.parquet\", \"s3://tpch17377--apne1-az1--x-s3/787.parquet\", \"s3://tpch17377--apne1-az1--x-s3/788.parquet\", \"s3://tpch17377--apne1-az1--x-s3/789.parquet\", \"s3://tpch17377--apne1-az1--x-s3/790.parquet\", \"s3://tpch17377--apne1-az1--x-s3/791.parquet\", \"s3://tpch17377--apne1-az1--x-s3/792.parquet\", \"s3://tpch17377--apne1-az1--x-s3/1000.parquet\", \"s3://tpch17377--apne1-az1--x-s3/1001.parquet\", \"s3://tpch17377--apne1-az1--x-s3/1002.parquet\", \"s3://tpch17377--apne1-az1--x-s3/1003.parquet\", \"s3://tpch17377--apne1-az1--x-s3/1004.parquet\", \"s3://tpch17377--apne1-az1--x-s3/1005.parquet\", \"s3://tpch17377--apne1-az1--x-s3/1006.parquet\", \"s3://tpch17377--apne1-az1--x-s3/1007.parquet\", \"s3://tpch17377--apne1-az1--x-s3/1008.parquet\", \"s3://tpch17377--apne1-az1--x-s3/1009.parquet\", \"s3://tpch17377--apne1-az1--x-s3/1010.parquet\", \"s3://tpch17377--apne1-az1--x-s3/1011.parquet\", \"s3://tpch17377--apne1-az1--x-s3/1012.parquet\", \"s3://tpch17377--apne1-az1--x-s3/1013.parquet\", \"s3://tpch17377--apne1-az1--x-s3/1014.parquet\", \"s3://tpch17377--apne1-az1--x-s3/1015.parquet\", \"s3://tpch17377--apne1-az1--x-s3/1016.parquet\", \"s3://tpch17377--apne1-az1--x-s3/1017.parquet\", \"s3://tpch17377--apne1-az1--x-s3/1018.parquet\", \"s3://tpch17377--apne1-az1--x-s3/1019.parquet\", \"s3://tpch17377--apne1-az1--x-s3/1020.parquet\", \"s3://tpch17377--apne1-az1--x-s3/1021.parquet\", \"s3://tpch17377--apne1-az1--x-s3/1022.parquet\", \"s3://tpch17377--apne1-az1--x-s3/1023.parquet\", \"s3://tpch17377--apne1-az1--x-s3/1024.parquet\", \"s3://tpch17377--apne1-az1--x-s3/1025.parquet\", \"s3://tpch17377--apne1-az1--x-s3/1026.parquet\", \"s3://tpch17377--apne1-az1--x-s3/1027.parquet\", \"s3://tpch17377--apne1-az1--x-s3/1028.parquet\", \"s3://tpch17377--apne1-az1--x-s3/1029.parquet\", \"s3://tpch17377--apne1-az1--x-s3/1030.parquet\", \"s3://tpch17377--apne1-az1--x-s3/1031.parquet\", \"s3://tpch17377--apne1-az1--x-s3/1032.parquet\", \"s3://tpch17377--apne1-az1--x-s3/1033.parquet\", \"s3://tpch17377--apne1-az1--x-s3/1034.parquet\", \"s3://tpch17377--apne1-az1--x-s3/1035.parquet\", \"s3://tpch17377--apne1-az1--x-s3/1052.parquet\", \"s3://tpch17377--apne1-az1--x-s3/1055.parquet\", \"s3://tpch17377--apne1-az1--x-s3/1057.parquet\", \"s3://tpch17377--apne1-az1--x-s3/1058.parquet\", \"s3://tpch17377--apne1-az1--x-s3/1059.parquet\", \"s3://tpch17377--apne1-az1--x-s3/1060.parquet\", \"s3://tpch17377--apne1-az1--x-s3/1061.parquet\", \"s3://tpch17377--apne1-az1--x-s3/1062.parquet\", \"s3://tpch17377--apne1-az1--x-s3/1063.parquet\", \"s3://tpch17377--apne1-az1--x-s3/1149.parquet\", \"s3://tpch17377--apne1-az1--x-s3/1150.parquet\", \"s3://tpch17377--apne1-az1--x-s3/1151.parquet\", \"s3://tpch17377--apne1-az1--x-s3/1152.parquet\", \"s3://tpch17377--apne1-az1--x-s3/1153.parquet\", \"s3://tpch17377--apne1-az1--x-s3/1154.parquet\", \"s3://tpch17377--apne1-az1--x-s3/1155.parquet\", \"s3://tpch17377--apne1-az1--x-s3/1156.parquet\", \"s3://tpch17377--apne1-az1--x-s3/1157.parquet\", \"s3://tpch17377--apne1-az1--x-s3/1158.parquet\", \"s3://tpch17377--apne1-az1--x-s3/1159.parquet\", \"s3://tpch17377--apne1-az1--x-s3/1160.parquet\", \"s3://tpch17377--apne1-az1--x-s3/1161.parquet\", \"s3://tpch17377--apne1-az1--x-s3/1162.parquet\", \"s3://tpch17377--apne1-az1--x-s3/1163.parquet\", \"s3://tpch17377--apne1-az1--x-s3/1164.parquet\", \"s3://tpch17377--apne1-az1--x-s3/1165.parquet\", \"s3://tpch17377--apne1-az1--x-s3/1166.parquet\", \"s3://tpch17377--apne1-az1--x-s3/1167.parquet\", \"s3://tpch17377--apne1-az1--x-s3/1168.parquet\", \"s3://tpch17377--apne1-az1--x-s3/1169.parquet\", \"s3://tpch17377--apne1-az1--x-s3/1170.parquet\", \"s3://tpch17377--apne1-az1--x-s3/1171.parquet\", \"s3://tpch17377--apne1-az1--x-s3/1172.parquet\", \"s3://tpch17377--apne1-az1--x-s3/1173.parquet\", \"s3://tpch17377--apne1-az1--x-s3/1174.parquet\", \"s3://tpch17377--apne1-az1--x-s3/1175.parquet\", \"s3://tpch17377--apne1-az1--x-s3/1176.parquet\", \"s3://tpch17377--apne1-az1--x-s3/1177.parquet\", \"s3://tpch17377--apne1-az1--x-s3/1178.parquet\", \"s3://tpch17377--apne1-az1--x-s3/1179.parquet\", \"s3://tpch17377--apne1-az1--x-s3/1180.parquet\", \"s3://tpch17377--apne1-az1--x-s3/1181.parquet\", \"s3://tpch17377--apne1-az1--x-s3/1182.parquet\", \"s3://tpch17377--apne1-az1--x-s3/1183.parquet\", \"s3://tpch17377--apne1-az1--x-s3/1184.parquet\", \"s3://tpch17377--apne1-az1--x-s3/1185.parquet\", \"s3://tpch17377--apne1-az1--x-s3/1186.parquet\", \"s3://tpch17377--apne1-az1--x-s3/1207.parquet\", \"s3://tpch17377--apne1-az1--x-s3/1208.parquet\", \"s3://tpch17377--apne1-az1--x-s3/1209.parquet\", \"s3://tpch17377--apne1-az1--x-s3/1210.parquet\", \"s3://tpch17377--apne1-az1--x-s3/1211.parquet\", \"s3://tpch17377--apne1-az1--x-s3/1212.parquet\", \"s3://tpch17377--apne1-az1--x-s3/1213.parquet\", \"s3://tpch17377--apne1-az1--x-s3/1214.parquet\", \"s3://tpch17377--apne1-az1--x-s3/1215.parquet\", \"s3://tpch17377--apne1-az1--x-s3/1216.parquet\", \"s3://tpch17377--apne1-az1--x-s3/1217.parquet\", \"s3://tpch17377--apne1-az1--x-s3/1218.parquet\", \"s3://tpch17377--apne1-az1--x-s3/1219.parquet\", \"s3://tpch17377--apne1-az1--x-s3/1220.parquet\", \"s3://tpch17377--apne1-az1--x-s3/1221.parquet\", \"s3://tpch17377--apne1-az1--x-s3/1222.parquet\", \"s3://tpch17377--apne1-az1--x-s3/1223.parquet\", \"s3://tpch17377--apne1-az1--x-s3/1224.parquet\", \"s3://tpch17377--apne1-az1--x-s3/1225.parquet\", \"s3://tpch17377--apne1-az1--x-s3/1226.parquet\", \"s3://tpch17377--apne1-az1--x-s3/1227.parquet\", \"s3://tpch17377--apne1-az1--x-s3/1228.parquet\", \"s3://tpch17377--apne1-az1--x-s3/1229.parquet\", \"s3://tpch17377--apne1-az1--x-s3/1230.parquet\", \"s3://tpch17377--apne1-az1--x-s3/1231.parquet\", \"s3://tpch17377--apne1-az1--x-s3/1232.parquet\", \"s3://tpch17377--apne1-az1--x-s3/1233.parquet\", \"s3://tpch17377--apne1-az1--x-s3/1234.parquet\", \"s3://tpch17377--apne1-az1--x-s3/1248.parquet\", \"s3://tpch17377--apne1-az1--x-s3/1249.parquet\", \"s3://tpch17377--apne1-az1--x-s3/1250.parquet\", \"s3://tpch17377--apne1-az1--x-s3/1251.parquet\", \"s3://tpch17377--apne1-az1--x-s3/1252.parquet\", \"s3://tpch17377--apne1-az1--x-s3/1253.parquet\", \"s3://tpch17377--apne1-az1--x-s3/1254.parquet\", \"s3://tpch17377--apne1-az1--x-s3/1255.parquet\", \"s3://tpch17377--apne1-az1--x-s3/1256.parquet\", \"s3://tpch17377--apne1-az1--x-s3/1257.parquet\", \"s3://tpch17377--apne1-az1--x-s3/1258.parquet\", \"s3://tpch17377--apne1-az1--x-s3/1259.parquet\", \"s3://tpch17377--apne1-az1--x-s3/1260.parquet\", \"s3://tpch17377--apne1-az1--x-s3/1261.parquet\", \"s3://tpch17377--apne1-az1--x-s3/1262.parquet\", \"s3://tpch17377--apne1-az1--x-s3/1263.parquet\", \"s3://tpch17377--apne1-az1--x-s3/1264.parquet\", \"s3://tpch17377--apne1-az1--x-s3/1265.parquet\", \"s3://tpch17377--apne1-az1--x-s3/1266.parquet\", \"s3://tpch17377--apne1-az1--x-s3/1267.parquet\", \"s3://tpch17377--apne1-az1--x-s3/1268.parquet\", \"s3://tpch17377--apne1-az1--x-s3/1269.parquet\", \"s3://tpch17377--apne1-az1--x-s3/1270.parquet\", \"s3://tpch17377--apne1-az1--x-s3/1271.parquet\", \"s3://tpch17377--apne1-az1--x-s3/1272.parquet\", \"s3://tpch17377--apne1-az1--x-s3/1273.parquet\", \"s3://tpch17377--apne1-az1--x-s3/1274.parquet\", \"s3://tpch17377--apne1-az1--x-s3/1275.parquet\", \"s3://tpch17377--apne1-az1--x-s3/1276.parquet\", \"s3://tpch17377--apne1-az1--x-s3/1277.parquet\", \"s3://tpch17377--apne1-az1--x-s3/1282.parquet\", \"s3://tpch17377--apne1-az1--x-s3/1283.parquet\", \"s3://tpch17377--apne1-az1--x-s3/1284.parquet\", \"s3://tpch17377--apne1-az1--x-s3/1285.parquet\", \"s3://tpch17377--apne1-az1--x-s3/1286.parquet\", \"s3://tpch17377--apne1-az1--x-s3/1288.parquet\", \"s3://tpch17377--apne1-az1--x-s3/1289.parquet\", \"s3://tpch17377--apne1-az1--x-s3/1294.parquet\", \"s3://tpch17377--apne1-az1--x-s3/1295.parquet\", \"s3://tpch17377--apne1-az1--x-s3/1296.parquet\", \"s3://tpch17377--apne1-az1--x-s3/1297.parquet\", \"s3://tpch17377--apne1-az1--x-s3/1298.parquet\", \"s3://tpch17377--apne1-az1--x-s3/1299.parquet\", \"s3://tpch17377--apne1-az1--x-s3/1300.parquet\", \"s3://tpch17377--apne1-az1--x-s3/1301.parquet\", \"s3://tpch17377--apne1-az1--x-s3/1302.parquet\", \"s3://tpch17377--apne1-az1--x-s3/1303.parquet\", \"s3://tpch17377--apne1-az1--x-s3/1304.parquet\", \"s3://tpch17377--apne1-az1--x-s3/1305.parquet\", \"s3://tpch17377--apne1-az1--x-s3/1306.parquet\", \"s3://tpch17377--apne1-az1--x-s3/1307.parquet\", \"s3://tpch17377--apne1-az1--x-s3/1308.parquet\", \"s3://tpch17377--apne1-az1--x-s3/1309.parquet\", \"s3://tpch17377--apne1-az1--x-s3/1310.parquet\", \"s3://tpch17377--apne1-az1--x-s3/1311.parquet\", \"s3://tpch17377--apne1-az1--x-s3/1312.parquet\", \"s3://tpch17377--apne1-az1--x-s3/1313.parquet\", \"s3://tpch17377--apne1-az1--x-s3/1314.parquet\", \"s3://tpch17377--apne1-az1--x-s3/1315.parquet\", \"s3://tpch17377--apne1-az1--x-s3/1316.parquet\", \"s3://tpch17377--apne1-az1--x-s3/1317.parquet\", \"s3://tpch17377--apne1-az1--x-s3/1318.parquet\", \"s3://tpch17377--apne1-az1--x-s3/1319.parquet\", \"s3://tpch17377--apne1-az1--x-s3/1320.parquet\", \"s3://tpch17377--apne1-az1--x-s3/1321.parquet\", \"s3://tpch17377--apne1-az1--x-s3/1322.parquet\", \"s3://tpch17377--apne1-az1--x-s3/1323.parquet\", \"s3://tpch17377--apne1-az1--x-s3/1324.parquet\", \"s3://tpch17377--apne1-az1--x-s3/1325.parquet\", \"s3://tpch17377--apne1-az1--x-s3/1326.parquet\", \"s3://tpch17377--apne1-az1--x-s3/1327.parquet\", \"s3://tpch17377--apne1-az1--x-s3/1328.parquet\", \"s3://tpch17377--apne1-az1--x-s3/1329.parquet\", \"s3://tpch17377--apne1-az1--x-s3/1330.parquet\", \"s3://tpch17377--apne1-az1--x-s3/1352.parquet\", \"s3://tpch17377--apne1-az1--x-s3/1353.parquet\", \"s3://tpch17377--apne1-az1--x-s3/1354.parquet\", \"s3://tpch17377--apne1-az1--x-s3/1355.parquet\", \"s3://tpch17377--apne1-az1--x-s3/1356.parquet\", \"s3://tpch17377--apne1-az1--x-s3/1357.parquet\", \"s3://tpch17377--apne1-az1--x-s3/1358.parquet\", \"s3://tpch17377--apne1-az1--x-s3/1359.parquet\", \"s3://tpch17377--apne1-az1--x-s3/1360.parquet\", \"s3://tpch17377--apne1-az1--x-s3/1361.parquet\", \"s3://tpch17377--apne1-az1--x-s3/1362.parquet\", \"s3://tpch17377--apne1-az1--x-s3/1363.parquet\", \"s3://tpch17377--apne1-az1--x-s3/1364.parquet\", \"s3://tpch17377--apne1-az1--x-s3/1365.parquet\", \"s3://tpch17377--apne1-az1--x-s3/1366.parquet\", \"s3://tpch17377--apne1-az1--x-s3/1367.parquet\", \"s3://tpch17377--apne1-az1--x-s3/1368.parquet\", \"s3://tpch17377--apne1-az1--x-s3/1369.parquet\", \"s3://tpch17377--apne1-az1--x-s3/1370.parquet\", \"s3://tpch17377--apne1-az1--x-s3/1371.parquet\", \"s3://tpch17377--apne1-az1--x-s3/1372.parquet\", \"s3://tpch17377--apne1-az1--x-s3/1373.parquet\", \"s3://tpch17377--apne1-az1--x-s3/1374.parquet\", \"s3://tpch17377--apne1-az1--x-s3/1375.parquet\", \"s3://tpch17377--apne1-az1--x-s3/1376.parquet\", \"s3://tpch17377--apne1-az1--x-s3/1377.parquet\", \"s3://tpch17377--apne1-az1--x-s3/1378.parquet\", \"s3://tpch17377--apne1-az1--x-s3/1379.parquet\", \"s3://tpch17377--apne1-az1--x-s3/1380.parquet\", \"s3://tpch17377--apne1-az1--x-s3/1381.parquet\", \"s3://tpch17377--apne1-az1--x-s3/1382.parquet\", \"s3://tpch17377--apne1-az1--x-s3/1383.parquet\", \"s3://tpch17377--apne1-az1--x-s3/1384.parquet\", \"s3://tpch17377--apne1-az1--x-s3/1385.parquet\", \"s3://tpch17377--apne1-az1--x-s3/1386.parquet\", \"s3://tpch17377--apne1-az1--x-s3/1387.parquet\", \"s3://tpch17377--apne1-az1--x-s3/1417.parquet\", \"s3://tpch17377--apne1-az1--x-s3/1418.parquet\", \"s3://tpch17377--apne1-az1--x-s3/1419.parquet\", \"s3://tpch17377--apne1-az1--x-s3/1442.parquet\", \"s3://tpch17377--apne1-az1--x-s3/1443.parquet\", \"s3://tpch17377--apne1-az1--x-s3/1462.parquet\", \"s3://tpch17377--apne1-az1--x-s3/1463.parquet\", \"s3://tpch17377--apne1-az1--x-s3/1464.parquet\", \"s3://tpch17377--apne1-az1--x-s3/1465.parquet\", \"s3://tpch17377--apne1-az1--x-s3/1466.parquet\", \"s3://tpch17377--apne1-az1--x-s3/1467.parquet\", \"s3://tpch17377--apne1-az1--x-s3/1468.parquet\", \"s3://tpch17377--apne1-az1--x-s3/1469.parquet\", \"s3://tpch17377--apne1-az1--x-s3/1470.parquet\", \"s3://tpch17377--apne1-az1--x-s3/1471.parquet\", \"s3://tpch17377--apne1-az1--x-s3/1472.parquet\", \"s3://tpch17377--apne1-az1--x-s3/1473.parquet\", \"s3://tpch17377--apne1-az1--x-s3/1474.parquet\", \"s3://tpch17377--apne1-az1--x-s3/1475.parquet\", \"s3://tpch17377--apne1-az1--x-s3/1476.parquet\", \"s3://tpch17377--apne1-az1--x-s3/1477.parquet\", \"s3://tpch17377--apne1-az1--x-s3/1478.parquet\", \"s3://tpch17377--apne1-az1--x-s3/1479.parquet\", \"s3://tpch17377--apne1-az1--x-s3/1480.parquet\", \"s3://tpch17377--apne1-az1--x-s3/1481.parquet\", \"s3://tpch17377--apne1-az1--x-s3/1482.parquet\", \"s3://tpch17377--apne1-az1--x-s3/1483.parquet\", \"s3://tpch17377--apne1-az1--x-s3/1484.parquet\", \"s3://tpch17377--apne1-az1--x-s3/1485.parquet\", \"s3://tpch17377--apne1-az1--x-s3/1486.parquet\", \"s3://tpch17377--apne1-az1--x-s3/1487.parquet\", \"s3://tpch17377--apne1-az1--x-s3/1488.parquet\", \"s3://tpch17377--apne1-az1--x-s3/1489.parquet\", \"s3://tpch17377--apne1-az1--x-s3/1490.parquet\", \"s3://tpch17377--apne1-az1--x-s3/1499.parquet\", \"s3://tpch17377--apne1-az1--x-s3/1500.parquet\", \"s3://tpch17377--apne1-az1--x-s3/1501.parquet\", \"s3://tpch17377--apne1-az1--x-s3/1502.parquet\", \"s3://tpch17377--apne1-az1--x-s3/1503.parquet\", \"s3://tpch17377--apne1-az1--x-s3/1504.parquet\", \"s3://tpch17377--apne1-az1--x-s3/1505.parquet\", \"s3://tpch17377--apne1-az1--x-s3/1506.parquet\", \"s3://tpch17377--apne1-az1--x-s3/1507.parquet\", \"s3://tpch17377--apne1-az1--x-s3/1508.parquet\", \"s3://tpch17377--apne1-az1--x-s3/1509.parquet\", \"s3://tpch17377--apne1-az1--x-s3/1510.parquet\", \"s3://tpch17377--apne1-az1--x-s3/1511.parquet\", \"s3://tpch17377--apne1-az1--x-s3/1512.parquet\", \"s3://tpch17377--apne1-az1--x-s3/1513.parquet\", \"s3://tpch17377--apne1-az1--x-s3/1514.parquet\", \"s3://tpch17377--apne1-az1--x-s3/1515.parquet\", \"s3://tpch17377--apne1-az1--x-s3/1516.parquet\", \"s3://tpch17377--apne1-az1--x-s3/1517.parquet\", \"s3://tpch17377--apne1-az1--x-s3/1518.parquet\", \"s3://tpch17377--apne1-az1--x-s3/1519.parquet\", \"s3://tpch17377--apne1-az1--x-s3/1520.parquet\", \"s3://tpch17377--apne1-az1--x-s3/1521.parquet\", \"s3://tpch17377--apne1-az1--x-s3/1522.parquet\", \"s3://tpch17377--apne1-az1--x-s3/1568.parquet\", \"s3://tpch17377--apne1-az1--x-s3/1569.parquet\", \"s3://tpch17377--apne1-az1--x-s3/1570.parquet\", \"s3://tpch17377--apne1-az1--x-s3/1571.parquet\", \"s3://tpch17377--apne1-az1--x-s3/1572.parquet\", \"s3://tpch17377--apne1-az1--x-s3/1573.parquet\", \"s3://tpch17377--apne1-az1--x-s3/1574.parquet\", \"s3://tpch17377--apne1-az1--x-s3/1575.parquet\", \"s3://tpch17377--apne1-az1--x-s3/1576.parquet\", \"s3://tpch17377--apne1-az1--x-s3/1577.parquet\", \"s3://tpch17377--apne1-az1--x-s3/1578.parquet\", \"s3://tpch17377--apne1-az1--x-s3/1579.parquet\", \"s3://tpch17377--apne1-az1--x-s3/1580.parquet\", \"s3://tpch17377--apne1-az1--x-s3/1581.parquet\", \"s3://tpch17377--apne1-az1--x-s3/1660.parquet\"])\n                    WHERE\n                        l_partkey = ps_partkey\n                        AND l_suppkey = ps_suppkey\n                        AND l_shipdate >= DATE '1992-01-01' + INTERVAL 12 MONTH\n                        AND l_shipdate < DATE '1993-01-01' + INTERVAL 12 MONTH\n                )\n            )\n            AND s_nationkey = n_nationkey\n            AND n_name = 'PERU'\n        ORDER BY\n            s_name;",
    "children": [
        {
            "result_set_size": 2179392,
            "operator_timing": 0.005335548,
            "operator_rows_scanned": 0,
            "cumulative_rows_scanned": 31494272025,
            "operator_cardinality": 68106,
            "operator_type": "ORDER_BY",
            "cumulative_cardinality": 813226727,
            "extra_info": {
                "Order By": "\"pool/supplier/*.parquet\".s_name ASC"
            },
            "cpu_time": 187.84664830299997,
            "children": [
                {
                    "result_set_size": 2179392,
                    "operator_timing": 0.000017163999999999997,
                    "operator_rows_scanned": 0,
                    "cumulative_rows_scanned": 31494272025,
                    "operator_cardinality": 68106,
                    "operator_type": "PROJECTION",
                    "cumulative_cardinality": 813158621,
                    "extra_info": {
                        "Projections": [
                            "s_name",
                            "s_address"
                        ],
                        "Estimated Cardinality": "196000"
                    },
                    "cpu_time": 187.84131275499996,
                    "children": [
                        {
                            "result_set_size": 2724240,
                            "operator_timing": 0.11360645499999998,
                            "operator_rows_scanned": 0,
                            "cumulative_rows_scanned": 31494272025,
                            "operator_cardinality": 68106,
                            "operator_type": "HASH_JOIN",
                            "cumulative_cardinality": 813090515,
                            "extra_info": {
                                "Join Type": "RIGHT_SEMI",
                                "Conditions": "#0 = s_suppkey",
                                "Estimated Cardinality": "196000"
                            },
                            "cpu_time": 187.84129559099995,
                            "children": [
                                {
                                    "result_set_size": 16988384,
                                    "operator_timing": 0.000393604,
                                    "operator_rows_scanned": 0,
                                    "cumulative_rows_scanned": 31337472000,
                                    "operator_cardinality": 2123548,
                                    "operator_type": "PROJECTION",
                                    "cumulative_cardinality": 812629900,
                                    "extra_info": {
                                        "Projections": "ps_suppkey",
                                        "Estimated Cardinality": "78400000"
                                    },
                                    "cpu_time": 187.31708221599996,
                                    "children": [
                                        {
                                            "result_set_size": 67953536,
                                            "operator_timing": 0.000581977,
                                            "operator_rows_scanned": 0,
                                            "cumulative_rows_scanned": 31337472000,
                                            "operator_cardinality": 2123548,
                                            "operator_type": "PROJECTION",
                                            "cumulative_cardinality": 810506352,
                                            "extra_info": {
                                                "Projections": [
                                                    "#0",
                                                    "#4",
                                                    "#5"
                                                ],
                                                "Estimated Cardinality": "78400000"
                                            },
                                            "cpu_time": 187.31668861199995,
                                            "children": [
                                                {
                                                    "result_set_size": 118918688,
                                                    "operator_timing": 0.09561217000000004,
                                                    "operator_rows_scanned": 0,
                                                    "cumulative_rows_scanned": 31337472000,
                                                    "operator_cardinality": 2123548,
                                                    "operator_type": "FILTER",
                                                    "cumulative_cardinality": 808382804,
                                                    "extra_info": {
                                                        "Expression": "(CAST(ps_availqty AS DECIMAL(38,3)) > SUBQUERY)",
                                                        "Estimated Cardinality": "78400000"
                                                    },
                                                    "cpu_time": 187.31610663499995,
                                                    "children": [
                                                        {
                                                            "result_set_size": 0,
                                                            "operator_timing": 0.377674043,
                                                            "operator_rows_scanned": 0,
                                                            "cumulative_rows_scanned": 31337472000,
                                                            "operator_cardinality": 0,
                                                            "operator_type": "RIGHT_DELIM_JOIN",
                                                            "cumulative_cardinality": 806259256,
                                                            "extra_info": {
                                                                "Join Type": "RIGHT",
                                                                "Conditions": [
                                                                    "ps_partkey IS NOT DISTINCT FROM ps_partkey",
                                                                    "ps_suppkey IS NOT DISTINCT FROM ps_suppkey"
                                                                ],
                                                                "Estimated Cardinality": "78400000",
                                                                "Delim Index": "1"
                                                            },
                                                            "cpu_time": 187.22049446499994,
                                                            "children": [
                                                                {
                                                                    "result_set_size": 102201408,
                                                                    "operator_timing": 4.590562885999988,
                                                                    "operator_rows_scanned": 0,
                                                                    "cumulative_rows_scanned": 15680000000,
                                                                    "operator_cardinality": 4258392,
                                                                    "operator_type": "HASH_JOIN",
                                                                    "cumulative_cardinality": 399451574,
                                                                    "extra_info": {
                                                                        "Join Type": "SEMI",
                                                                        "Conditions": "ps_partkey = #0",
                                                                        "Estimated Cardinality": "78400000"
                                                                    },
                                                                    "cpu_time": 28.908560770999976,
                                                                    "children": [
                                                                        {
                                                                            "result_set_size": 9407985312,
                                                                            "operator_timing": 13.609885043999993,
                                                                            "operator_rows_scanned": 12544000000,
                                                                            "cumulative_rows_scanned": 12544000000,
                                                                            "operator_cardinality": 391999388,
                                                                            "operator_type": "TABLE_SCAN",
                                                                            "cumulative_cardinality": 391999388,
                                                                            "extra_info": {
                                                                                "Function": "PARQUET_SCAN",
                                                                                "Projections": [
                                                                                    "ps_partkey",
                                                                                    "ps_availqty",
                                                                                    "ps_suppkey"
                                                                                ],
                                                                                "Estimated Cardinality": "392000000"
                                                                            },
                                                                            "cpu_time": 13.609885043999993,
                                                                            "children": []
                                                                        },
                                                                        {
                                                                            "result_set_size": 8516784,
                                                                            "operator_timing": 0.00039352100000000003,
                                                                            "operator_rows_scanned": 0,
                                                                            "cumulative_rows_scanned": 3136000000,
                                                                            "operator_cardinality": 1064598,
                                                                            "operator_type": "PROJECTION",
                                                                            "cumulative_cardinality": 3193794,
                                                                            "extra_info": {
                                                                                "Projections": "p_partkey",
                                                                                "Estimated Cardinality": "3920000"
                                                                            },
                                                                            "cpu_time": 10.708112840999997,
                                                                            "children": [
                                                                                {
                                                                                    "result_set_size": 25550352,
                                                                                    "operator_timing": 0.157083719,
                                                                                    "operator_rows_scanned": 0,
                                                                                    "cumulative_rows_scanned": 3136000000,
                                                                                    "operator_cardinality": 1064598,
                                                                                    "operator_type": "FILTER",
                                                                                    "cumulative_cardinality": 2129196,
                                                                                    "extra_info": {
                                                                                        "Expression": "prefix(p_name, 'gainsboro')",
                                                                                        "Estimated Cardinality": "3920000"
                                                                                    },
                                                                                    "cpu_time": 10.707719319999997,
                                                                                    "children": [
                                                                                        {
                                                                                            "result_set_size": 25550352,
                                                                                            "operator_timing": 10.550635600999998,
                                                                                            "operator_rows_scanned": 3136000000,
                                                                                            "cumulative_rows_scanned": 3136000000,
                                                                                            "operator_cardinality": 1064598,
                                                                                            "operator_type": "TABLE_SCAN",
                                                                                            "cumulative_cardinality": 1064598,
                                                                                            "extra_info": {
                                                                                                "Function": "PARQUET_SCAN",
                                                                                                "Projections": [
                                                                                                    "p_name",
                                                                                                    "p_partkey"
                                                                                                ],
                                                                                                "Filters": "p_name>='gainsboro' AND p_name<'gainsborp' AND p_name IS NOT NULL",
                                                                                                "Estimated Cardinality": "19600000"
                                                                                            },
                                                                                            "cpu_time": 10.550635600999998,
                                                                                            "children": []
                                                                                        }
                                                                                    ]
                                                                                }
                                                                            ]
                                                                        }
                                                                    ]
                                                                },
                                                                {
                                                                    "result_set_size": 238469952,
                                                                    "operator_timing": 0.43189679299999995,
                                                                    "operator_rows_scanned": 0,
                                                                    "cumulative_rows_scanned": 15657472000,
                                                                    "operator_cardinality": 4258392,
                                                                    "operator_type": "HASH_JOIN",
                                                                    "cumulative_cardinality": 402549290,
                                                                    "extra_info": {
                                                                        "Join Type": "RIGHT",
                                                                        "Conditions": [
                                                                            "ps_partkey IS NOT DISTINCT FROM ps_partkey",
                                                                            "ps_suppkey IS NOT DISTINCT FROM ps_suppkey"
                                                                        ],
                                                                        "Estimated Cardinality": "78400000"
                                                                    },
                                                                    "cpu_time": 157.71615436399998,
                                                                    "children": [
                                                                        {
                                                                            "result_set_size": 68122400,
                                                                            "operator_timing": 0.029486503999999997,
                                                                            "operator_rows_scanned": 0,
                                                                            "cumulative_rows_scanned": 15657472000,
                                                                            "operator_cardinality": 2128825,
                                                                            "operator_type": "PROJECTION",
                                                                            "cumulative_cardinality": 398290898,
                                                                            "extra_info": {
                                                                                "Projections": [
                                                                                    "(0.5 * sum(l_quantity))",
                                                                                    "ps_partkey",
                                                                                    "ps_suppkey"
                                                                                ],
                                                                                "Estimated Cardinality": "4892960"
                                                                            },
                                                                            "cpu_time": 157.28425757099998,
                                                                            "children": [
                                                                                {
                                                                                    "result_set_size": 68122400,
                                                                                    "operator_timing": 0.7953701910000001,
                                                                                    "operator_rows_scanned": 0,
                                                                                    "cumulative_rows_scanned": 15657472000,
                                                                                    "operator_cardinality": 2128825,
                                                                                    "operator_type": "HASH_GROUP_BY",
                                                                                    "cumulative_cardinality": 396162073,
                                                                                    "extra_info": {
                                                                                        "Groups": [
                                                                                            "#0",
                                                                                            "#1"
                                                                                        ],
                                                                                        "Aggregates": "sum(#2)",
                                                                                        "Estimated Cardinality": "4892960"
                                                                                    },
                                                                                    "cpu_time": 157.25477106699998,
                                                                                    "children": [
                                                                                        {
                                                                                            "result_set_size": 100525440,
                                                                                            "operator_timing": 0.0036913379999999997,
                                                                                            "operator_rows_scanned": 0,
                                                                                            "cumulative_rows_scanned": 15657472000,
                                                                                            "operator_cardinality": 4188560,
                                                                                            "operator_type": "PROJECTION",
                                                                                            "cumulative_cardinality": 394033248,
                                                                                            "extra_info": {
                                                                                                "Projections": [
                                                                                                    "ps_partkey",
                                                                                                    "ps_suppkey",
                                                                                                    "l_quantity"
                                                                                                ],
                                                                                                "Estimated Cardinality": "9785920"
                                                                                            },
                                                                                            "cpu_time": 156.459400876,
                                                                                            "children": [
                                                                                                {
                                                                                                    "result_set_size": 167542400,
                                                                                                    "operator_timing": 9.331394259999907,
                                                                                                    "operator_rows_scanned": 0,
                                                                                                    "cumulative_rows_scanned": 15657472000,
                                                                                                    "operator_cardinality": 4188560,
                                                                                                    "operator_type": "HASH_JOIN",
                                                                                                    "cumulative_cardinality": 389844688,
                                                                                                    "extra_info": {
                                                                                                        "Join Type": "INNER",
                                                                                                        "Conditions": [
                                                                                                            "l_partkey = ps_partkey",
                                                                                                            "l_suppkey = ps_suppkey"
                                                                                                        ],
                                                                                                        "Estimated Cardinality": "9785920"
                                                                                                    },
                                                                                                    "cpu_time": 156.45570953799998,
                                                                                                    "children": [
                                                                                                        {
                                                                                                            "result_set_size": 9255747072,
                                                                                                            "operator_timing": 147.12431527800007,
                                                                                                            "operator_rows_scanned": 15657472000,
                                                                                                            "cumulative_rows_scanned": 15657472000,
                                                                                                            "operator_cardinality": 385656128,
                                                                                                            "operator_type": "TABLE_SCAN",
                                                                                                            "cumulative_cardinality": 385656128,
                                                                                                            "extra_info": {
                                                                                                                "Function": "READ_PARQUET",
                                                                                                                "Projections": [
                                                                                                                    "l_partkey",
                                                                                                                    "l_suppkey",
                                                                                                                    "l_quantity"
                                                                                                                ],
                                                                                                                "Filters": "l_shipdate>='1993-01-01'::DATE AND l_shipdate<'1994-01-01'::DATE AND l_shipdate IS NOT NULL",
                                                                                                                "Estimated Cardinality": "97859200"
                                                                                                            },
                                                                                                            "cpu_time": 147.12431527800007,
                                                                                                            "children": []
                                                                                                        },
                                                                                                        {
                                                                                                            "result_set_size": 0,
                                                                                                            "operator_timing": 0.0,
                                                                                                            "operator_rows_scanned": 0,
                                                                                                            "cumulative_rows_scanned": 0,
                                                                                                            "operator_cardinality": 0,
                                                                                                            "operator_type": "DELIM_SCAN",
                                                                                                            "cumulative_cardinality": 0,
                                                                                                            "extra_info": {
                                                                                                                "Delim Index": "1",
                                                                                                                "Estimated Cardinality": "39200000"
                                                                                                            },
                                                                                                            "cpu_time": 0.0,
                                                                                                            "children": []
                                                                                                        }
                                                                                                    ]
                                                                                                }
                                                                                            ]
                                                                                        }
                                                                                    ]
                                                                                }
                                                                            ]
                                                                        },
                                                                        {
                                                                            "result_set_size": 0,
                                                                            "operator_timing": 0.0,
                                                                            "operator_rows_scanned": 0,
                                                                            "cumulative_rows_scanned": 0,
                                                                            "operator_cardinality": 0,
                                                                            "operator_type": "DUMMY_SCAN",
                                                                            "cumulative_cardinality": 0,
                                                                            "extra_info": {},
                                                                            "cpu_time": 0.0,
                                                                            "children": []
                                                                        }
                                                                    ]
                                                                },
                                                                {
                                                                    "result_set_size": 68134272,
                                                                    "operator_timing": 0.21810528699999998,
                                                                    "operator_rows_scanned": 0,
                                                                    "cumulative_rows_scanned": 0,
                                                                    "operator_cardinality": 4258392,
                                                                    "operator_type": "HASH_GROUP_BY",
                                                                    "cumulative_cardinality": 4258392,
                                                                    "extra_info": {
                                                                        "Groups": [
                                                                            "#0",
                                                                            "#2"
                                                                        ],
                                                                        "Aggregates": "",
                                                                        "Estimated Cardinality": "78400000"
                                                                    },
                                                                    "cpu_time": 0.21810528699999998,
                                                                    "children": []
                                                                }
                                                            ]
                                                        }
                                                    ]
                                                }
                                            ]
                                        }
                                    ]
                                },
                                {
                                    "result_set_size": 9420192,
                                    "operator_timing": 0.010239059000000002,
                                    "operator_rows_scanned": 0,
                                    "cumulative_rows_scanned": 156800025,
                                    "operator_cardinality": 196254,
                                    "operator_type": "HASH_JOIN",
                                    "cumulative_cardinality": 392509,
                                    "extra_info": {
                                        "Join Type": "INNER",
                                        "Conditions": "s_nationkey = n_nationkey",
                                        "Estimated Cardinality": "980000"
                                    },
                                    "cpu_time": 0.41060692000000004,
                                    "children": [
                                        {
                                            "result_set_size": 8635176,
                                            "operator_timing": 0.40025426500000005,
                                            "operator_rows_scanned": 156800000,
                                            "cumulative_rows_scanned": 156800000,
                                            "operator_cardinality": 196254,
                                            "operator_type": "TABLE_SCAN",
                                            "cumulative_cardinality": 196254,
                                            "extra_info": {
                                                "Function": "PARQUET_SCAN",
                                                "Projections": [
                                                    "s_suppkey",
                                                    "s_nationkey",
                                                    "s_name",
                                                    "s_address"
                                                ],
                                                "Estimated Cardinality": "4900000"
                                            },
                                            "cpu_time": 0.40025426500000005,
                                            "children": []
                                        },
                                        {
                                            "result_set_size": 4,
                                            "operator_timing": 0.000113596,
                                            "operator_rows_scanned": 25,
                                            "cumulative_rows_scanned": 25,
                                            "operator_cardinality": 1,
                                            "operator_type": "TABLE_SCAN",
                                            "cumulative_cardinality": 1,
                                            "extra_info": {
                                                "Function": "PARQUET_SCAN",
                                                "Projections": "n_nationkey",
                                                "Filters": "n_name='PERU' AND n_name IS NOT NULL",
                                                "Estimated Cardinality": "5"
                                            },
                                            "cpu_time": 0.000113596,
                                            "children": []
                                        }
                                    ]
                                }
                            ]
                        }
                    ]
                }
            ]
        }
    ]
}