{
    "rows_returned": 1,
    "latency": 1.158981572,
    "result_set_size": 8,
    "cumulative_rows_scanned": 4283136000,
    "cumulative_cardinality": 201595519,
    "extra_info": {},
    "cpu_time": 24.608112228000014,
    "blocked_thread_time": 0.0,
    "query_name": "SELECT\n    100.00 * sum(CASE\n            WHEN p_type LIKE 'PROMO%' \n            THEN l_extendedprice * (1 - l_discount)\n            ELSE 0\n    END) / sum(l_extendedprice * (1 - l_discount)) AS promo_revenue\nFROM\n    read_parquet([\"s3://tpch10289--apne1-az1--x-s3/149.parquet\", \"s3://tpch10289--apne1-az1--x-s3/163.parquet\", \"s3://tpch10289--apne1-az1--x-s3/172.parquet\", \"s3://tpch10289--apne1-az1--x-s3/221.parquet\", \"s3://tpch10289--apne1-az1--x-s3/222.parquet\", \"s3://tpch10289--apne1-az1--x-s3/223.parquet\", \"s3://tpch10289--apne1-az1--x-s3/224.parquet\", \"s3://tpch10289--apne1-az1--x-s3/225.parquet\", \"s3://tpch10289--apne1-az1--x-s3/226.parquet\", \"s3://tpch10289--apne1-az1--x-s3/511.parquet\", \"s3://tpch10289--apne1-az1--x-s3/512.parquet\", \"s3://tpch10289--apne1-az1--x-s3/513.parquet\", \"s3://tpch10289--apne1-az1--x-s3/514.parquet\", \"s3://tpch10289--apne1-az1--x-s3/515.parquet\", \"s3://tpch10289--apne1-az1--x-s3/516.parquet\", \"s3://tpch10289--apne1-az1--x-s3/633.parquet\", \"s3://tpch10289--apne1-az1--x-s3/639.parquet\", \"s3://tpch10289--apne1-az1--x-s3/640.parquet\", \"s3://tpch10289--apne1-az1--x-s3/641.parquet\", \"s3://tpch10289--apne1-az1--x-s3/642.parquet\", \"s3://tpch10289--apne1-az1--x-s3/643.parquet\", \"s3://tpch10289--apne1-az1--x-s3/644.parquet\", \"s3://tpch10289--apne1-az1--x-s3/1105.parquet\", \"s3://tpch10289--apne1-az1--x-s3/1106.parquet\", \"s3://tpch10289--apne1-az1--x-s3/1107.parquet\", \"s3://tpch10289--apne1-az1--x-s3/1108.parquet\", \"s3://tpch10289--apne1-az1--x-s3/1109.parquet\", \"s3://tpch10289--apne1-az1--x-s3/1110.parquet\", \"s3://tpch10289--apne1-az1--x-s3/1248.parquet\", \"s3://tpch10289--apne1-az1--x-s3/1249.parquet\", \"s3://tpch10289--apne1-az1--x-s3/1250.parquet\", \"s3://tpch10289--apne1-az1--x-s3/1251.parquet\", \"s3://tpch10289--apne1-az1--x-s3/1252.parquet\", \"s3://tpch10289--apne1-az1--x-s3/1253.parquet\", \"s3://tpch10289--apne1-az1--x-s3/1254.parquet\", \"s3://tpch10289--apne1-az1--x-s3/1255.parquet\", \"s3://tpch10289--apne1-az1--x-s3/1336.parquet\", \"s3://tpch10289--apne1-az1--x-s3/1337.parquet\", \"s3://tpch10289--apne1-az1--x-s3/1338.parquet\", \"s3://tpch10289--apne1-az1--x-s3/1339.parquet\", \"s3://tpch10289--apne1-az1--x-s3/1340.parquet\", \"s3://tpch10289--apne1-az1--x-s3/1341.parquet\", \"s3://tpch10289--apne1-az1--x-s3/1349.parquet\", \"s3://tpch10289--apne1-az1--x-s3/1350.parquet\", \"s3://tpch10289--apne1-az1--x-s3/1352.parquet\", \"s3://tpch10289--apne1-az1--x-s3/1353.parquet\", \"s3://tpch10289--apne1-az1--x-s3/1434.parquet\", \"s3://tpch10289--apne1-az1--x-s3/1435.parquet\", \"s3://tpch10289--apne1-az1--x-s3/1436.parquet\", \"s3://tpch10289--apne1-az1--x-s3/1437.parquet\", \"s3://tpch10289--apne1-az1--x-s3/1706.parquet\", \"s3://tpch10289--apne1-az1--x-s3/1718.parquet\", \"s3://tpch10289--apne1-az1--x-s3/1719.parquet\", \"s3://tpch10289--apne1-az1--x-s3/1720.parquet\"]),\n    'pool/part/*.parquet'\nWHERE\n    l_partkey = p_partkey\n    AND l_shipdate >= DATE '1992-01-01' + INTERVAL 21 MONTH\n    AND l_shipdate < DATE '1992-02-01' + INTERVAL 21 MONTH;",
    "children": [
        {
            "result_set_size": 8,
            "operator_timing": 0.000020157,
            "operator_rows_scanned": 0,
            "cumulative_rows_scanned": 4283136000,
            "operator_cardinality": 1,
            "operator_type": "PROJECTION",
            "cumulative_cardinality": 201595519,
            "extra_info": {
                "Projections": "promo_revenue",
                "Estimated Cardinality": "1"
            },
            "cpu_time": 24.608112228000014,
            "children": [
                {
                    "result_set_size": 32,
                    "operator_timing": 0.11556699699999992,
                    "operator_rows_scanned": 0,
                    "cumulative_rows_scanned": 4283136000,
                    "operator_cardinality": 1,
                    "operator_type": "UNGROUPED_AGGREGATE",
                    "cumulative_cardinality": 201595518,
                    "extra_info": {
                        "Aggregates": [
                            "sum(#0)",
                            "sum(#1)"
                        ]
                    },
                    "cpu_time": 24.608092071000012,
                    "children": [
                        {
                            "result_set_size": 573925952,
                            "operator_timing": 0.9002390710000002,
                            "operator_rows_scanned": 0,
                            "cumulative_rows_scanned": 4283136000,
                            "operator_cardinality": 35870372,
                            "operator_type": "PROJECTION",
                            "cumulative_cardinality": 201595517,
                            "extra_info": {
                                "Projections": [
                                    "CASE  WHEN (prefix(p_type, 'PROMO')) THEN ((l_extendedprice * (1.00 - l_discount))) ELSE 0.0000 END",
                                    "(l_extendedprice * (1.00 - l_discount))"
                                ],
                                "Estimated Cardinality": "18000000"
                            },
                            "cpu_time": 24.492525074000014,
                            "children": [
                                {
                                    "result_set_size": 1721777856,
                                    "operator_timing": 8.110325894000011,
                                    "operator_rows_scanned": 0,
                                    "cumulative_rows_scanned": 4283136000,
                                    "operator_cardinality": 35870372,
                                    "operator_type": "HASH_JOIN",
                                    "cumulative_cardinality": 165725145,
                                    "extra_info": {
                                        "Join Type": "INNER",
                                        "Conditions": "p_partkey = l_partkey",
                                        "Estimated Cardinality": "18000000"
                                    },
                                    "cpu_time": 23.592286003000012,
                                    "children": [
                                        {
                                            "result_set_size": 2159999904,
                                            "operator_timing": 2.5517010800000004,
                                            "operator_rows_scanned": 2880000000,
                                            "cumulative_rows_scanned": 2880000000,
                                            "operator_cardinality": 89999996,
                                            "operator_type": "TABLE_SCAN",
                                            "cumulative_cardinality": 89999996,
                                            "extra_info": {
                                                "Function": "PARQUET_SCAN",
                                                "Projections": [
                                                    "p_partkey",
                                                    "p_type"
                                                ],
                                                "Estimated Cardinality": "90000000"
                                            },
                                            "cpu_time": 2.5517010800000004,
                                            "children": []
                                        },
                                        {
                                            "result_set_size": 956514648,
                                            "operator_timing": 12.930259029,
                                            "operator_rows_scanned": 1403136000,
                                            "cumulative_rows_scanned": 1403136000,
                                            "operator_cardinality": 39854777,
                                            "operator_type": "TABLE_SCAN",
                                            "cumulative_cardinality": 39854777,
                                            "extra_info": {
                                                "Function": "READ_PARQUET",
                                                "Projections": [
                                                    "l_partkey",
                                                    "l_extendedprice",
                                                    "l_discount"
                                                ],
                                                "Filters": "l_shipdate>='1993-10-01'::DATE AND l_shipdate<'1993-11-01'::DATE AND l_shipdate IS NOT NULL",
                                                "Estimated Cardinality": "8769600"
                                            },
                                            "cpu_time": 12.930259029,
                                            "children": []
                                        }
                                    ]
                                }
                            ]
                        }
                    ]
                }
            ]
        }
    ]
}