{
    "rows_returned": 1,
    "latency": 5.610479959,
    "result_set_size": 8,
    "cumulative_rows_scanned": 653600000,
    "cumulative_cardinality": 40962001,
    "extra_info": {},
    "cpu_time": 31.56212984899998,
    "blocked_thread_time": 0.0,
    "query_name": "COPY (FROM read_parquet(['s3://tpch10289--apne1-az1--x-s3/1199.parquet','s3://tpch10289--apne1-az1--x-s3/1248.parquet','s3://tpch10289--apne1-az1--x-s3/1255.parquet','s3://tpch10289--apne1-az1--x-s3/1262.parquet','s3://tpch10289--apne1-az1--x-s3/1263.parquet','s3://tpch10289--apne1-az1--x-s3/1353.parquet','s3://tpch10289--apne1-az1--x-s3/1359.parquet','s3://tpch10289--apne1-az1--x-s3/1360.parquet','s3://tpch10289--apne1-az1--x-s3/142.parquet','s3://tpch10289--apne1-az1--x-s3/143.parquet','s3://tpch10289--apne1-az1--x-s3/1443.parquet','s3://tpch10289--apne1-az1--x-s3/1444.parquet','s3://tpch10289--apne1-az1--x-s3/1518.parquet','s3://tpch10289--apne1-az1--x-s3/156.parquet','s3://tpch10289--apne1-az1--x-s3/170.parquet','s3://tpch10289--apne1-az1--x-s3/1712.parquet','s3://tpch10289--apne1-az1--x-s3/1724.parquet','s3://tpch10289--apne1-az1--x-s3/1725.parquet','s3://tpch10289--apne1-az1--x-s3/1728.parquet','s3://tpch10289--apne1-az1--x-s3/1852.parquet','s3://tpch10289--apne1-az1--x-s3/2278.parquet','s3://tpch10289--apne1-az1--x-s3/2283.parquet','s3://tpch10289--apne1-az1--x-s3/2286.parquet','s3://tpch10289--apne1-az1--x-s3/526.parquet','s3://tpch10289--apne1-az1--x-s3/644.parquet']) ORDER BY l_shipdate) TO 's3://tpch10289--apne1-az1--x-s3/tmp' (FORMAT 'parquet');",
    "children": [
        {
            "result_set_size": 8,
            "operator_timing": 1.4393243259999995,
            "operator_rows_scanned": 0,
            "cumulative_rows_scanned": 653600000,
            "operator_cardinality": 1,
            "operator_type": "BATCH_COPY_TO_FILE",
            "cumulative_cardinality": 40962001,
            "extra_info": {},
            "cpu_time": 31.56212984899998,
            "children": [
                {
                    "result_set_size": 3195036000,
                    "operator_timing": 15.735274366999976,
                    "operator_rows_scanned": 0,
                    "cumulative_rows_scanned": 653600000,
                    "operator_cardinality": 20481000,
                    "operator_type": "ORDER_BY",
                    "cumulative_cardinality": 40962000,
                    "extra_info": {
                        "Order By": "read_parquet.l_shipdate ASC"
                    },
                    "cpu_time": 30.12280552299998,
                    "children": [
                        {
                            "result_set_size": 3195036000,
                            "operator_timing": 14.387531156000003,
                            "operator_rows_scanned": 653600000,
                            "cumulative_rows_scanned": 653600000,
                            "operator_cardinality": 20481000,
                            "operator_type": "TABLE_SCAN",
                            "cumulative_cardinality": 20481000,
                            "extra_info": {
                                "Function": "READ_PARQUET",
                                "Projections": [
                                    "l_orderkey",
                                    "l_partkey",
                                    "l_suppkey",
                                    "l_linenumber",
                                    "l_quantity",
                                    "l_extendedprice",
                                    "l_discount",
                                    "l_tax",
                                    "l_returnflag",
                                    "l_linestatus",
                                    "l_shipdate",
                                    "l_commitdate",
                                    "l_receiptdate",
                                    "l_shipinstruct",
                                    "l_shipmode",
                                    "l_comment"
                                ],
                                "Estimated Cardinality": "20425000"
                            },
                            "cpu_time": 14.387531156000003,
                            "children": []
                        }
                    ]
                }
            ]
        }
    ]
}