{
    "rows_returned": 1,
    "latency": 1.115572557,
    "result_set_size": 8,
    "cumulative_rows_scanned": 3720448000,
    "cumulative_cardinality": 158463527,
    "extra_info": {},
    "cpu_time": 24.12384196700001,
    "blocked_thread_time": 0.0,
    "query_name": "SELECT\n    100.00 * sum(CASE\n            WHEN p_type LIKE 'PROMO%' \n            THEN l_extendedprice * (1 - l_discount)\n            ELSE 0\n    END) / sum(l_extendedprice * (1 - l_discount)) AS promo_revenue\nFROM\n    read_parquet([\"s3://tpch28764--apne1-az1--x-s3/17.parquet\", \"s3://tpch28764--apne1-az1--x-s3/70.parquet\", \"s3://tpch28764--apne1-az1--x-s3/141.parquet\", \"s3://tpch28764--apne1-az1--x-s3/164.parquet\", \"s3://tpch28764--apne1-az1--x-s3/165.parquet\", \"s3://tpch28764--apne1-az1--x-s3/166.parquet\", \"s3://tpch28764--apne1-az1--x-s3/168.parquet\", \"s3://tpch28764--apne1-az1--x-s3/169.parquet\", \"s3://tpch28764--apne1-az1--x-s3/212.parquet\", \"s3://tpch28764--apne1-az1--x-s3/286.parquet\", \"s3://tpch28764--apne1-az1--x-s3/287.parquet\", \"s3://tpch28764--apne1-az1--x-s3/288.parquet\", \"s3://tpch28764--apne1-az1--x-s3/289.parquet\", \"s3://tpch28764--apne1-az1--x-s3/290.parquet\", \"s3://tpch28764--apne1-az1--x-s3/291.parquet\", \"s3://tpch28764--apne1-az1--x-s3/292.parquet\", \"s3://tpch28764--apne1-az1--x-s3/293.parquet\", \"s3://tpch28764--apne1-az1--x-s3/446.parquet\", \"s3://tpch28764--apne1-az1--x-s3/447.parquet\", \"s3://tpch28764--apne1-az1--x-s3/448.parquet\", \"s3://tpch28764--apne1-az1--x-s3/449.parquet\", \"s3://tpch28764--apne1-az1--x-s3/450.parquet\", \"s3://tpch28764--apne1-az1--x-s3/451.parquet\", \"s3://tpch28764--apne1-az1--x-s3/452.parquet\", \"s3://tpch28764--apne1-az1--x-s3/453.parquet\", \"s3://tpch28764--apne1-az1--x-s3/630.parquet\", \"s3://tpch28764--apne1-az1--x-s3/631.parquet\", \"s3://tpch28764--apne1-az1--x-s3/632.parquet\", \"s3://tpch28764--apne1-az1--x-s3/633.parquet\", \"s3://tpch28764--apne1-az1--x-s3/634.parquet\", \"s3://tpch28764--apne1-az1--x-s3/635.parquet\", \"s3://tpch28764--apne1-az1--x-s3/636.parquet\", \"s3://tpch28764--apne1-az1--x-s3/637.parquet\", \"s3://tpch28764--apne1-az1--x-s3/1048.parquet\", \"s3://tpch28764--apne1-az1--x-s3/1049.parquet\", \"s3://tpch28764--apne1-az1--x-s3/1050.parquet\", \"s3://tpch28764--apne1-az1--x-s3/1051.parquet\", \"s3://tpch28764--apne1-az1--x-s3/1052.parquet\", \"s3://tpch28764--apne1-az1--x-s3/1053.parquet\", \"s3://tpch28764--apne1-az1--x-s3/1054.parquet\", \"s3://tpch28764--apne1-az1--x-s3/1105.parquet\", \"s3://tpch28764--apne1-az1--x-s3/1106.parquet\", \"s3://tpch28764--apne1-az1--x-s3/1107.parquet\", \"s3://tpch28764--apne1-az1--x-s3/1108.parquet\", \"s3://tpch28764--apne1-az1--x-s3/1109.parquet\", \"s3://tpch28764--apne1-az1--x-s3/1110.parquet\", \"s3://tpch28764--apne1-az1--x-s3/1111.parquet\", \"s3://tpch28764--apne1-az1--x-s3/1219.parquet\", \"s3://tpch28764--apne1-az1--x-s3/1220.parquet\", \"s3://tpch28764--apne1-az1--x-s3/1221.parquet\", \"s3://tpch28764--apne1-az1--x-s3/1222.parquet\", \"s3://tpch28764--apne1-az1--x-s3/1223.parquet\", \"s3://tpch28764--apne1-az1--x-s3/1224.parquet\", \"s3://tpch28764--apne1-az1--x-s3/1372.parquet\", \"s3://tpch28764--apne1-az1--x-s3/1373.parquet\", \"s3://tpch28764--apne1-az1--x-s3/1374.parquet\", \"s3://tpch28764--apne1-az1--x-s3/1375.parquet\", \"s3://tpch28764--apne1-az1--x-s3/1376.parquet\", \"s3://tpch28764--apne1-az1--x-s3/1377.parquet\", \"s3://tpch28764--apne1-az1--x-s3/1378.parquet\", \"s3://tpch28764--apne1-az1--x-s3/1379.parquet\"]),\n    'pool/part/*.parquet'\nWHERE\n    l_partkey = p_partkey\n    AND l_shipdate >= DATE '1992-01-01' + INTERVAL 21 MONTH\n    AND l_shipdate < DATE '1992-02-01' + INTERVAL 21 MONTH;",
    "children": [
        {
            "result_set_size": 8,
            "operator_timing": 0.000014238,
            "operator_rows_scanned": 0,
            "cumulative_rows_scanned": 3720448000,
            "operator_cardinality": 1,
            "operator_type": "PROJECTION",
            "cumulative_cardinality": 158463527,
            "extra_info": {
                "Projections": "promo_revenue",
                "Estimated Cardinality": "1"
            },
            "cpu_time": 24.12384196700001,
            "children": [
                {
                    "result_set_size": 32,
                    "operator_timing": 0.08411764399999999,
                    "operator_rows_scanned": 0,
                    "cumulative_rows_scanned": 3720448000,
                    "operator_cardinality": 1,
                    "operator_type": "UNGROUPED_AGGREGATE",
                    "cumulative_cardinality": 158463526,
                    "extra_info": {
                        "Aggregates": [
                            "sum(#0)",
                            "sum(#1)"
                        ]
                    },
                    "cpu_time": 24.123827729000013,
                    "children": [
                        {
                            "result_set_size": 420870016,
                            "operator_timing": 0.659443557,
                            "operator_rows_scanned": 0,
                            "cumulative_rows_scanned": 3720448000,
                            "operator_cardinality": 26304376,
                            "operator_type": "PROJECTION",
                            "cumulative_cardinality": 158463525,
                            "extra_info": {
                                "Projections": [
                                    "CASE  WHEN (prefix(p_type, 'PROMO')) THEN ((l_extendedprice * (1.00 - l_discount))) ELSE 0.0000 END",
                                    "(l_extendedprice * (1.00 - l_discount))"
                                ],
                                "Estimated Cardinality": "13200000"
                            },
                            "cpu_time": 24.039710085000014,
                            "children": [
                                {
                                    "result_set_size": 1262610048,
                                    "operator_timing": 7.15336459700001,
                                    "operator_rows_scanned": 0,
                                    "cumulative_rows_scanned": 3720448000,
                                    "operator_cardinality": 26304376,
                                    "operator_type": "HASH_JOIN",
                                    "cumulative_cardinality": 132159149,
                                    "extra_info": {
                                        "Join Type": "INNER",
                                        "Conditions": "p_partkey = l_partkey",
                                        "Estimated Cardinality": "13200000"
                                    },
                                    "cpu_time": 23.380266528000014,
                                    "children": [
                                        {
                                            "result_set_size": 1583999904,
                                            "operator_timing": 1.850033677,
                                            "operator_rows_scanned": 2112000000,
                                            "cumulative_rows_scanned": 2112000000,
                                            "operator_cardinality": 65999996,
                                            "operator_type": "TABLE_SCAN",
                                            "cumulative_cardinality": 65999996,
                                            "extra_info": {
                                                "Function": "PARQUET_SCAN",
                                                "Projections": [
                                                    "p_partkey",
                                                    "p_type"
                                                ],
                                                "Estimated Cardinality": "66000000"
                                            },
                                            "cpu_time": 1.850033677,
                                            "children": []
                                        },
                                        {
                                            "result_set_size": 956514648,
                                            "operator_timing": 14.376868254000001,
                                            "operator_rows_scanned": 1608448000,
                                            "cumulative_rows_scanned": 1608448000,
                                            "operator_cardinality": 39854777,
                                            "operator_type": "TABLE_SCAN",
                                            "cumulative_cardinality": 39854777,
                                            "extra_info": {
                                                "Function": "READ_PARQUET",
                                                "Projections": [
                                                    "l_partkey",
                                                    "l_extendedprice",
                                                    "l_discount"
                                                ],
                                                "Filters": "l_shipdate>='1993-10-01'::DATE AND l_shipdate<'1993-11-01'::DATE AND l_shipdate IS NOT NULL",
                                                "Estimated Cardinality": "10052800"
                                            },
                                            "cpu_time": 14.376868254000001,
                                            "children": []
                                        }
                                    ]
                                }
                            ]
                        }
                    ]
                }
            ]
        }
    ]
}