{
    "rows_returned": 1,
    "latency": 16.733090889,
    "result_set_size": 8,
    "cumulative_rows_scanned": 1924384000,
    "cumulative_cardinality": 119996425,
    "extra_info": {},
    "cpu_time": 145.97130611000006,
    "blocked_thread_time": 0.0,
    "query_name": "COPY (FROM read_parquet(['s3://tpch3981--apne1-az1--x-s3/1988.parquet','s3://tpch3981--apne1-az1--x-s3/1989.parquet','s3://tpch3981--apne1-az1--x-s3/1990.parquet','s3://tpch3981--apne1-az1--x-s3/1991.parquet','s3://tpch3981--apne1-az1--x-s3/1992.parquet','s3://tpch3981--apne1-az1--x-s3/1993.parquet','s3://tpch3981--apne1-az1--x-s3/1994.parquet','s3://tpch3981--apne1-az1--x-s3/1995.parquet','s3://tpch3981--apne1-az1--x-s3/1996.parquet','s3://tpch3981--apne1-az1--x-s3/1997.parquet','s3://tpch3981--apne1-az1--x-s3/1998.parquet','s3://tpch3981--apne1-az1--x-s3/1999.parquet','s3://tpch3981--apne1-az1--x-s3/2000.parquet','s3://tpch3981--apne1-az1--x-s3/2001.parquet','s3://tpch3981--apne1-az1--x-s3/2002.parquet','s3://tpch3981--apne1-az1--x-s3/2003.parquet','s3://tpch3981--apne1-az1--x-s3/2004.parquet','s3://tpch3981--apne1-az1--x-s3/2005.parquet','s3://tpch3981--apne1-az1--x-s3/2006.parquet','s3://tpch3981--apne1-az1--x-s3/2007.parquet','s3://tpch3981--apne1-az1--x-s3/2008.parquet','s3://tpch3981--apne1-az1--x-s3/2009.parquet','s3://tpch3981--apne1-az1--x-s3/2010.parquet','s3://tpch3981--apne1-az1--x-s3/2011.parquet','s3://tpch3981--apne1-az1--x-s3/2012.parquet','s3://tpch3981--apne1-az1--x-s3/2013.parquet','s3://tpch3981--apne1-az1--x-s3/2014.parquet','s3://tpch3981--apne1-az1--x-s3/2015.parquet','s3://tpch3981--apne1-az1--x-s3/2016.parquet','s3://tpch3981--apne1-az1--x-s3/2017.parquet','s3://tpch3981--apne1-az1--x-s3/2018.parquet','s3://tpch3981--apne1-az1--x-s3/2019.parquet','s3://tpch3981--apne1-az1--x-s3/2020.parquet','s3://tpch3981--apne1-az1--x-s3/2021.parquet','s3://tpch3981--apne1-az1--x-s3/2022.parquet','s3://tpch3981--apne1-az1--x-s3/2023.parquet','s3://tpch3981--apne1-az1--x-s3/2024.parquet','s3://tpch3981--apne1-az1--x-s3/2025.parquet','s3://tpch3981--apne1-az1--x-s3/2026.parquet','s3://tpch3981--apne1-az1--x-s3/2027.parquet','s3://tpch3981--apne1-az1--x-s3/2028.parquet','s3://tpch3981--apne1-az1--x-s3/2029.parquet','s3://tpch3981--apne1-az1--x-s3/2030.parquet','s3://tpch3981--apne1-az1--x-s3/2031.parquet','s3://tpch3981--apne1-az1--x-s3/2032.parquet','s3://tpch3981--apne1-az1--x-s3/2033.parquet','s3://tpch3981--apne1-az1--x-s3/2034.parquet','s3://tpch3981--apne1-az1--x-s3/2035.parquet','s3://tpch3981--apne1-az1--x-s3/2036.parquet','s3://tpch3981--apne1-az1--x-s3/2037.parquet','s3://tpch3981--apne1-az1--x-s3/2038.parquet','s3://tpch3981--apne1-az1--x-s3/2039.parquet','s3://tpch3981--apne1-az1--x-s3/2040.parquet','s3://tpch3981--apne1-az1--x-s3/2041.parquet','s3://tpch3981--apne1-az1--x-s3/2042.parquet','s3://tpch3981--apne1-az1--x-s3/2043.parquet','s3://tpch3981--apne1-az1--x-s3/2044.parquet','s3://tpch3981--apne1-az1--x-s3/2045.parquet','s3://tpch3981--apne1-az1--x-s3/2046.parquet','s3://tpch3981--apne1-az1--x-s3/2047.parquet','s3://tpch3981--apne1-az1--x-s3/2048.parquet','s3://tpch3981--apne1-az1--x-s3/2049.parquet','s3://tpch3981--apne1-az1--x-s3/2050.parquet','s3://tpch3981--apne1-az1--x-s3/2051.parquet','s3://tpch3981--apne1-az1--x-s3/2052.parquet','s3://tpch3981--apne1-az1--x-s3/2053.parquet','s3://tpch3981--apne1-az1--x-s3/2054.parquet','s3://tpch3981--apne1-az1--x-s3/2055.parquet','s3://tpch3981--apne1-az1--x-s3/2056.parquet','s3://tpch3981--apne1-az1--x-s3/2057.parquet','s3://tpch3981--apne1-az1--x-s3/2058.parquet']) ORDER BY l_shipdate) TO 's3://tpch3981--apne1-az1--x-s3/tmp' (FORMAT 'parquet');",
    "children": [
        {
            "result_set_size": 8,
            "operator_timing": 19.412132742,
            "operator_rows_scanned": 0,
            "cumulative_rows_scanned": 1924384000,
            "operator_cardinality": 1,
            "operator_type": "BATCH_COPY_TO_FILE",
            "cumulative_cardinality": 119996425,
            "extra_info": {},
            "cpu_time": 145.97130611000006,
            "children": [
                {
                    "result_set_size": 9359721072,
                    "operator_timing": 79.83391891700003,
                    "operator_rows_scanned": 0,
                    "cumulative_rows_scanned": 1924384000,
                    "operator_cardinality": 59998212,
                    "operator_type": "ORDER_BY",
                    "cumulative_cardinality": 119996424,
                    "extra_info": {
                        "Order By": "read_parquet.l_shipdate ASC"
                    },
                    "cpu_time": 126.55917336800005,
                    "children": [
                        {
                            "result_set_size": 9359721072,
                            "operator_timing": 46.72525445100001,
                            "operator_rows_scanned": 1924384000,
                            "cumulative_rows_scanned": 1924384000,
                            "operator_cardinality": 59998212,
                            "operator_type": "TABLE_SCAN",
                            "cumulative_cardinality": 59998212,
                            "extra_info": {
                                "Function": "READ_PARQUET",
                                "Projections": [
                                    "l_orderkey",
                                    "l_partkey",
                                    "l_suppkey",
                                    "l_linenumber",
                                    "l_quantity",
                                    "l_extendedprice",
                                    "l_discount",
                                    "l_tax",
                                    "l_returnflag",
                                    "l_linestatus",
                                    "l_shipdate",
                                    "l_commitdate",
                                    "l_receiptdate",
                                    "l_shipinstruct",
                                    "l_shipmode",
                                    "l_comment"
                                ],
                                "Estimated Cardinality": "60137000"
                            },
                            "cpu_time": 46.72525445100001,
                            "children": []
                        }
                    ]
                }
            ]
        }
    ]
}