{
    "rows_returned": 1,
    "latency": 7.44476035,
    "result_set_size": 72,
    "cumulative_rows_scanned": 21747328000,
    "cumulative_cardinality": 174676627,
    "extra_info": {},
    "cpu_time": 229.128890589,
    "blocked_thread_time": 0.0,
    "query_name": "WITH revenue AS (\n    SELECT\n        l_suppkey AS supplier_no,\n        sum(l_extendedprice * (1 - l_discount)) AS total_revenue\n    FROM\n        read_parquet([\"s3://tpch31087--apne1-az1--x-s3/0.parquet\", \"s3://tpch31087--apne1-az1--x-s3/1.parquet\", \"s3://tpch31087--apne1-az1--x-s3/2.parquet\", \"s3://tpch31087--apne1-az1--x-s3/3.parquet\", \"s3://tpch31087--apne1-az1--x-s3/4.parquet\", \"s3://tpch31087--apne1-az1--x-s3/5.parquet\", \"s3://tpch31087--apne1-az1--x-s3/6.parquet\", \"s3://tpch31087--apne1-az1--x-s3/7.parquet\", \"s3://tpch31087--apne1-az1--x-s3/8.parquet\", \"s3://tpch31087--apne1-az1--x-s3/9.parquet\", \"s3://tpch31087--apne1-az1--x-s3/10.parquet\", \"s3://tpch31087--apne1-az1--x-s3/11.parquet\", \"s3://tpch31087--apne1-az1--x-s3/12.parquet\", \"s3://tpch31087--apne1-az1--x-s3/13.parquet\", \"s3://tpch31087--apne1-az1--x-s3/14.parquet\", \"s3://tpch31087--apne1-az1--x-s3/15.parquet\", \"s3://tpch31087--apne1-az1--x-s3/16.parquet\", \"s3://tpch31087--apne1-az1--x-s3/17.parquet\", \"s3://tpch31087--apne1-az1--x-s3/18.parquet\", \"s3://tpch31087--apne1-az1--x-s3/19.parquet\", \"s3://tpch31087--apne1-az1--x-s3/20.parquet\", \"s3://tpch31087--apne1-az1--x-s3/21.parquet\", \"s3://tpch31087--apne1-az1--x-s3/22.parquet\", \"s3://tpch31087--apne1-az1--x-s3/23.parquet\", \"s3://tpch31087--apne1-az1--x-s3/24.parquet\", \"s3://tpch31087--apne1-az1--x-s3/25.parquet\", \"s3://tpch31087--apne1-az1--x-s3/26.parquet\", \"s3://tpch31087--apne1-az1--x-s3/27.parquet\", \"s3://tpch31087--apne1-az1--x-s3/28.parquet\", \"s3://tpch31087--apne1-az1--x-s3/29.parquet\", \"s3://tpch31087--apne1-az1--x-s3/30.parquet\", \"s3://tpch31087--apne1-az1--x-s3/31.parquet\", \"s3://tpch31087--apne1-az1--x-s3/32.parquet\", \"s3://tpch31087--apne1-az1--x-s3/33.parquet\", \"s3://tpch31087--apne1-az1--x-s3/34.parquet\", \"s3://tpch31087--apne1-az1--x-s3/35.parquet\", \"s3://tpch31087--apne1-az1--x-s3/36.parquet\", \"s3://tpch31087--apne1-az1--x-s3/37.parquet\", \"s3://tpch31087--apne1-az1--x-s3/38.parquet\", \"s3://tpch31087--apne1-az1--x-s3/39.parquet\", \"s3://tpch31087--apne1-az1--x-s3/40.parquet\", \"s3://tpch31087--apne1-az1--x-s3/41.parquet\", \"s3://tpch31087--apne1-az1--x-s3/42.parquet\", \"s3://tpch31087--apne1-az1--x-s3/43.parquet\", \"s3://tpch31087--apne1-az1--x-s3/44.parquet\", \"s3://tpch31087--apne1-az1--x-s3/45.parquet\", \"s3://tpch31087--apne1-az1--x-s3/46.parquet\", \"s3://tpch31087--apne1-az1--x-s3/47.parquet\", \"s3://tpch31087--apne1-az1--x-s3/48.parquet\", \"s3://tpch31087--apne1-az1--x-s3/49.parquet\", \"s3://tpch31087--apne1-az1--x-s3/50.parquet\", \"s3://tpch31087--apne1-az1--x-s3/51.parquet\", \"s3://tpch31087--apne1-az1--x-s3/52.parquet\", \"s3://tpch31087--apne1-az1--x-s3/53.parquet\", \"s3://tpch31087--apne1-az1--x-s3/54.parquet\", \"s3://tpch31087--apne1-az1--x-s3/55.parquet\", \"s3://tpch31087--apne1-az1--x-s3/56.parquet\", \"s3://tpch31087--apne1-az1--x-s3/57.parquet\", \"s3://tpch31087--apne1-az1--x-s3/58.parquet\", \"s3://tpch31087--apne1-az1--x-s3/59.parquet\", \"s3://tpch31087--apne1-az1--x-s3/60.parquet\", \"s3://tpch31087--apne1-az1--x-s3/61.parquet\", \"s3://tpch31087--apne1-az1--x-s3/62.parquet\", \"s3://tpch31087--apne1-az1--x-s3/63.parquet\", \"s3://tpch31087--apne1-az1--x-s3/64.parquet\", \"s3://tpch31087--apne1-az1--x-s3/65.parquet\", \"s3://tpch31087--apne1-az1--x-s3/66.parquet\", \"s3://tpch31087--apne1-az1--x-s3/67.parquet\", \"s3://tpch31087--apne1-az1--x-s3/68.parquet\", \"s3://tpch31087--apne1-az1--x-s3/69.parquet\", \"s3://tpch31087--apne1-az1--x-s3/70.parquet\", \"s3://tpch31087--apne1-az1--x-s3/71.parquet\", \"s3://tpch31087--apne1-az1--x-s3/72.parquet\", \"s3://tpch31087--apne1-az1--x-s3/73.parquet\", \"s3://tpch31087--apne1-az1--x-s3/74.parquet\", \"s3://tpch31087--apne1-az1--x-s3/75.parquet\", \"s3://tpch31087--apne1-az1--x-s3/76.parquet\", \"s3://tpch31087--apne1-az1--x-s3/77.parquet\", \"s3://tpch31087--apne1-az1--x-s3/78.parquet\", \"s3://tpch31087--apne1-az1--x-s3/79.parquet\", \"s3://tpch31087--apne1-az1--x-s3/80.parquet\", \"s3://tpch31087--apne1-az1--x-s3/81.parquet\", \"s3://tpch31087--apne1-az1--x-s3/82.parquet\", \"s3://tpch31087--apne1-az1--x-s3/83.parquet\", \"s3://tpch31087--apne1-az1--x-s3/84.parquet\", \"s3://tpch31087--apne1-az1--x-s3/85.parquet\", \"s3://tpch31087--apne1-az1--x-s3/86.parquet\", \"s3://tpch31087--apne1-az1--x-s3/87.parquet\", \"s3://tpch31087--apne1-az1--x-s3/88.parquet\", \"s3://tpch31087--apne1-az1--x-s3/89.parquet\", \"s3://tpch31087--apne1-az1--x-s3/90.parquet\", \"s3://tpch31087--apne1-az1--x-s3/91.parquet\", \"s3://tpch31087--apne1-az1--x-s3/92.parquet\", \"s3://tpch31087--apne1-az1--x-s3/93.parquet\", \"s3://tpch31087--apne1-az1--x-s3/94.parquet\", \"s3://tpch31087--apne1-az1--x-s3/95.parquet\", \"s3://tpch31087--apne1-az1--x-s3/96.parquet\", \"s3://tpch31087--apne1-az1--x-s3/97.parquet\", \"s3://tpch31087--apne1-az1--x-s3/98.parquet\", \"s3://tpch31087--apne1-az1--x-s3/99.parquet\", \"s3://tpch31087--apne1-az1--x-s3/100.parquet\", \"s3://tpch31087--apne1-az1--x-s3/101.parquet\", \"s3://tpch31087--apne1-az1--x-s3/102.parquet\", \"s3://tpch31087--apne1-az1--x-s3/103.parquet\", \"s3://tpch31087--apne1-az1--x-s3/104.parquet\", \"s3://tpch31087--apne1-az1--x-s3/105.parquet\", \"s3://tpch31087--apne1-az1--x-s3/106.parquet\", \"s3://tpch31087--apne1-az1--x-s3/107.parquet\", \"s3://tpch31087--apne1-az1--x-s3/108.parquet\", \"s3://tpch31087--apne1-az1--x-s3/109.parquet\", \"s3://tpch31087--apne1-az1--x-s3/110.parquet\", \"s3://tpch31087--apne1-az1--x-s3/111.parquet\", \"s3://tpch31087--apne1-az1--x-s3/112.parquet\", \"s3://tpch31087--apne1-az1--x-s3/113.parquet\", \"s3://tpch31087--apne1-az1--x-s3/114.parquet\", \"s3://tpch31087--apne1-az1--x-s3/115.parquet\", \"s3://tpch31087--apne1-az1--x-s3/116.parquet\", \"s3://tpch31087--apne1-az1--x-s3/117.parquet\", \"s3://tpch31087--apne1-az1--x-s3/118.parquet\", \"s3://tpch31087--apne1-az1--x-s3/119.parquet\", \"s3://tpch31087--apne1-az1--x-s3/120.parquet\", \"s3://tpch31087--apne1-az1--x-s3/121.parquet\", \"s3://tpch31087--apne1-az1--x-s3/122.parquet\", \"s3://tpch31087--apne1-az1--x-s3/123.parquet\", \"s3://tpch31087--apne1-az1--x-s3/124.parquet\", \"s3://tpch31087--apne1-az1--x-s3/125.parquet\", \"s3://tpch31087--apne1-az1--x-s3/126.parquet\", \"s3://tpch31087--apne1-az1--x-s3/127.parquet\", \"s3://tpch31087--apne1-az1--x-s3/128.parquet\", \"s3://tpch31087--apne1-az1--x-s3/129.parquet\", \"s3://tpch31087--apne1-az1--x-s3/130.parquet\", \"s3://tpch31087--apne1-az1--x-s3/131.parquet\", \"s3://tpch31087--apne1-az1--x-s3/132.parquet\", \"s3://tpch31087--apne1-az1--x-s3/133.parquet\", \"s3://tpch31087--apne1-az1--x-s3/134.parquet\", \"s3://tpch31087--apne1-az1--x-s3/135.parquet\", \"s3://tpch31087--apne1-az1--x-s3/136.parquet\", \"s3://tpch31087--apne1-az1--x-s3/137.parquet\", \"s3://tpch31087--apne1-az1--x-s3/138.parquet\", \"s3://tpch31087--apne1-az1--x-s3/139.parquet\", \"s3://tpch31087--apne1-az1--x-s3/140.parquet\", \"s3://tpch31087--apne1-az1--x-s3/141.parquet\", \"s3://tpch31087--apne1-az1--x-s3/142.parquet\", \"s3://tpch31087--apne1-az1--x-s3/143.parquet\", \"s3://tpch31087--apne1-az1--x-s3/144.parquet\", \"s3://tpch31087--apne1-az1--x-s3/145.parquet\", \"s3://tpch31087--apne1-az1--x-s3/146.parquet\", \"s3://tpch31087--apne1-az1--x-s3/147.parquet\", \"s3://tpch31087--apne1-az1--x-s3/148.parquet\", \"s3://tpch31087--apne1-az1--x-s3/149.parquet\", \"s3://tpch31087--apne1-az1--x-s3/150.parquet\", \"s3://tpch31087--apne1-az1--x-s3/151.parquet\", \"s3://tpch31087--apne1-az1--x-s3/152.parquet\", \"s3://tpch31087--apne1-az1--x-s3/153.parquet\", \"s3://tpch31087--apne1-az1--x-s3/154.parquet\", \"s3://tpch31087--apne1-az1--x-s3/155.parquet\", \"s3://tpch31087--apne1-az1--x-s3/156.parquet\", \"s3://tpch31087--apne1-az1--x-s3/157.parquet\", \"s3://tpch31087--apne1-az1--x-s3/158.parquet\", \"s3://tpch31087--apne1-az1--x-s3/159.parquet\", \"s3://tpch31087--apne1-az1--x-s3/160.parquet\", \"s3://tpch31087--apne1-az1--x-s3/161.parquet\", \"s3://tpch31087--apne1-az1--x-s3/162.parquet\", \"s3://tpch31087--apne1-az1--x-s3/163.parquet\", \"s3://tpch31087--apne1-az1--x-s3/164.parquet\", \"s3://tpch31087--apne1-az1--x-s3/165.parquet\", \"s3://tpch31087--apne1-az1--x-s3/166.parquet\", \"s3://tpch31087--apne1-az1--x-s3/167.parquet\", \"s3://tpch31087--apne1-az1--x-s3/168.parquet\", \"s3://tpch31087--apne1-az1--x-s3/169.parquet\", \"s3://tpch31087--apne1-az1--x-s3/170.parquet\", \"s3://tpch31087--apne1-az1--x-s3/171.parquet\", \"s3://tpch31087--apne1-az1--x-s3/172.parquet\", \"s3://tpch31087--apne1-az1--x-s3/173.parquet\", \"s3://tpch31087--apne1-az1--x-s3/174.parquet\", \"s3://tpch31087--apne1-az1--x-s3/175.parquet\", \"s3://tpch31087--apne1-az1--x-s3/176.parquet\", \"s3://tpch31087--apne1-az1--x-s3/177.parquet\", \"s3://tpch31087--apne1-az1--x-s3/178.parquet\", \"s3://tpch31087--apne1-az1--x-s3/179.parquet\", \"s3://tpch31087--apne1-az1--x-s3/180.parquet\", \"s3://tpch31087--apne1-az1--x-s3/181.parquet\", \"s3://tpch31087--apne1-az1--x-s3/182.parquet\", \"s3://tpch31087--apne1-az1--x-s3/183.parquet\", \"s3://tpch31087--apne1-az1--x-s3/184.parquet\", \"s3://tpch31087--apne1-az1--x-s3/185.parquet\", \"s3://tpch31087--apne1-az1--x-s3/186.parquet\", \"s3://tpch31087--apne1-az1--x-s3/187.parquet\", \"s3://tpch31087--apne1-az1--x-s3/188.parquet\", \"s3://tpch31087--apne1-az1--x-s3/189.parquet\", \"s3://tpch31087--apne1-az1--x-s3/190.parquet\", \"s3://tpch31087--apne1-az1--x-s3/191.parquet\", \"s3://tpch31087--apne1-az1--x-s3/192.parquet\", \"s3://tpch31087--apne1-az1--x-s3/193.parquet\", \"s3://tpch31087--apne1-az1--x-s3/194.parquet\", \"s3://tpch31087--apne1-az1--x-s3/195.parquet\", \"s3://tpch31087--apne1-az1--x-s3/196.parquet\", \"s3://tpch31087--apne1-az1--x-s3/197.parquet\", \"s3://tpch31087--apne1-az1--x-s3/198.parquet\", \"s3://tpch31087--apne1-az1--x-s3/199.parquet\", \"s3://tpch31087--apne1-az1--x-s3/200.parquet\", \"s3://tpch31087--apne1-az1--x-s3/201.parquet\", \"s3://tpch31087--apne1-az1--x-s3/202.parquet\", \"s3://tpch31087--apne1-az1--x-s3/203.parquet\", \"s3://tpch31087--apne1-az1--x-s3/204.parquet\", \"s3://tpch31087--apne1-az1--x-s3/205.parquet\", \"s3://tpch31087--apne1-az1--x-s3/206.parquet\", \"s3://tpch31087--apne1-az1--x-s3/207.parquet\", \"s3://tpch31087--apne1-az1--x-s3/208.parquet\", \"s3://tpch31087--apne1-az1--x-s3/209.parquet\", \"s3://tpch31087--apne1-az1--x-s3/210.parquet\", \"s3://tpch31087--apne1-az1--x-s3/211.parquet\", \"s3://tpch31087--apne1-az1--x-s3/212.parquet\", \"s3://tpch31087--apne1-az1--x-s3/213.parquet\", \"s3://tpch31087--apne1-az1--x-s3/214.parquet\", \"s3://tpch31087--apne1-az1--x-s3/215.parquet\", \"s3://tpch31087--apne1-az1--x-s3/216.parquet\", \"s3://tpch31087--apne1-az1--x-s3/217.parquet\", \"s3://tpch31087--apne1-az1--x-s3/218.parquet\", \"s3://tpch31087--apne1-az1--x-s3/219.parquet\", \"s3://tpch31087--apne1-az1--x-s3/220.parquet\", \"s3://tpch31087--apne1-az1--x-s3/221.parquet\", \"s3://tpch31087--apne1-az1--x-s3/222.parquet\", \"s3://tpch31087--apne1-az1--x-s3/223.parquet\", \"s3://tpch31087--apne1-az1--x-s3/224.parquet\", \"s3://tpch31087--apne1-az1--x-s3/225.parquet\", \"s3://tpch31087--apne1-az1--x-s3/226.parquet\", \"s3://tpch31087--apne1-az1--x-s3/227.parquet\", \"s3://tpch31087--apne1-az1--x-s3/228.parquet\", \"s3://tpch31087--apne1-az1--x-s3/229.parquet\", \"s3://tpch31087--apne1-az1--x-s3/230.parquet\", \"s3://tpch31087--apne1-az1--x-s3/231.parquet\", \"s3://tpch31087--apne1-az1--x-s3/232.parquet\", \"s3://tpch31087--apne1-az1--x-s3/233.parquet\", \"s3://tpch31087--apne1-az1--x-s3/234.parquet\", \"s3://tpch31087--apne1-az1--x-s3/235.parquet\", \"s3://tpch31087--apne1-az1--x-s3/236.parquet\", \"s3://tpch31087--apne1-az1--x-s3/237.parquet\", \"s3://tpch31087--apne1-az1--x-s3/238.parquet\", \"s3://tpch31087--apne1-az1--x-s3/239.parquet\", \"s3://tpch31087--apne1-az1--x-s3/240.parquet\", \"s3://tpch31087--apne1-az1--x-s3/241.parquet\", \"s3://tpch31087--apne1-az1--x-s3/242.parquet\", \"s3://tpch31087--apne1-az1--x-s3/243.parquet\", \"s3://tpch31087--apne1-az1--x-s3/244.parquet\", \"s3://tpch31087--apne1-az1--x-s3/245.parquet\", \"s3://tpch31087--apne1-az1--x-s3/246.parquet\", \"s3://tpch31087--apne1-az1--x-s3/247.parquet\", \"s3://tpch31087--apne1-az1--x-s3/248.parquet\", \"s3://tpch31087--apne1-az1--x-s3/249.parquet\", \"s3://tpch31087--apne1-az1--x-s3/250.parquet\", \"s3://tpch31087--apne1-az1--x-s3/251.parquet\", \"s3://tpch31087--apne1-az1--x-s3/252.parquet\", \"s3://tpch31087--apne1-az1--x-s3/253.parquet\", \"s3://tpch31087--apne1-az1--x-s3/254.parquet\", \"s3://tpch31087--apne1-az1--x-s3/255.parquet\", \"s3://tpch31087--apne1-az1--x-s3/256.parquet\", \"s3://tpch31087--apne1-az1--x-s3/257.parquet\", \"s3://tpch31087--apne1-az1--x-s3/258.parquet\", \"s3://tpch31087--apne1-az1--x-s3/259.parquet\", \"s3://tpch31087--apne1-az1--x-s3/260.parquet\", \"s3://tpch31087--apne1-az1--x-s3/261.parquet\", \"s3://tpch31087--apne1-az1--x-s3/262.parquet\", \"s3://tpch31087--apne1-az1--x-s3/263.parquet\", \"s3://tpch31087--apne1-az1--x-s3/264.parquet\", \"s3://tpch31087--apne1-az1--x-s3/265.parquet\", \"s3://tpch31087--apne1-az1--x-s3/266.parquet\", \"s3://tpch31087--apne1-az1--x-s3/267.parquet\", \"s3://tpch31087--apne1-az1--x-s3/268.parquet\", \"s3://tpch31087--apne1-az1--x-s3/269.parquet\", \"s3://tpch31087--apne1-az1--x-s3/270.parquet\", \"s3://tpch31087--apne1-az1--x-s3/271.parquet\", \"s3://tpch31087--apne1-az1--x-s3/272.parquet\", \"s3://tpch31087--apne1-az1--x-s3/273.parquet\", \"s3://tpch31087--apne1-az1--x-s3/274.parquet\", \"s3://tpch31087--apne1-az1--x-s3/275.parquet\", \"s3://tpch31087--apne1-az1--x-s3/276.parquet\", \"s3://tpch31087--apne1-az1--x-s3/277.parquet\", \"s3://tpch31087--apne1-az1--x-s3/278.parquet\", \"s3://tpch31087--apne1-az1--x-s3/279.parquet\", \"s3://tpch31087--apne1-az1--x-s3/280.parquet\", \"s3://tpch31087--apne1-az1--x-s3/281.parquet\", \"s3://tpch31087--apne1-az1--x-s3/282.parquet\", \"s3://tpch31087--apne1-az1--x-s3/283.parquet\", \"s3://tpch31087--apne1-az1--x-s3/340.parquet\", \"s3://tpch31087--apne1-az1--x-s3/341.parquet\", \"s3://tpch31087--apne1-az1--x-s3/342.parquet\", \"s3://tpch31087--apne1-az1--x-s3/343.parquet\", \"s3://tpch31087--apne1-az1--x-s3/344.parquet\", \"s3://tpch31087--apne1-az1--x-s3/345.parquet\", \"s3://tpch31087--apne1-az1--x-s3/346.parquet\", \"s3://tpch31087--apne1-az1--x-s3/347.parquet\", \"s3://tpch31087--apne1-az1--x-s3/348.parquet\", \"s3://tpch31087--apne1-az1--x-s3/349.parquet\", \"s3://tpch31087--apne1-az1--x-s3/350.parquet\", \"s3://tpch31087--apne1-az1--x-s3/351.parquet\", \"s3://tpch31087--apne1-az1--x-s3/352.parquet\", \"s3://tpch31087--apne1-az1--x-s3/353.parquet\", \"s3://tpch31087--apne1-az1--x-s3/354.parquet\", \"s3://tpch31087--apne1-az1--x-s3/355.parquet\", \"s3://tpch31087--apne1-az1--x-s3/356.parquet\", \"s3://tpch31087--apne1-az1--x-s3/357.parquet\", \"s3://tpch31087--apne1-az1--x-s3/358.parquet\", \"s3://tpch31087--apne1-az1--x-s3/359.parquet\", \"s3://tpch31087--apne1-az1--x-s3/360.parquet\", \"s3://tpch31087--apne1-az1--x-s3/361.parquet\", \"s3://tpch31087--apne1-az1--x-s3/362.parquet\", \"s3://tpch31087--apne1-az1--x-s3/363.parquet\", \"s3://tpch31087--apne1-az1--x-s3/364.parquet\", \"s3://tpch31087--apne1-az1--x-s3/365.parquet\", \"s3://tpch31087--apne1-az1--x-s3/366.parquet\", \"s3://tpch31087--apne1-az1--x-s3/367.parquet\", \"s3://tpch31087--apne1-az1--x-s3/368.parquet\", \"s3://tpch31087--apne1-az1--x-s3/369.parquet\", \"s3://tpch31087--apne1-az1--x-s3/370.parquet\", \"s3://tpch31087--apne1-az1--x-s3/371.parquet\", \"s3://tpch31087--apne1-az1--x-s3/372.parquet\", \"s3://tpch31087--apne1-az1--x-s3/373.parquet\", \"s3://tpch31087--apne1-az1--x-s3/374.parquet\", \"s3://tpch31087--apne1-az1--x-s3/375.parquet\", \"s3://tpch31087--apne1-az1--x-s3/376.parquet\", \"s3://tpch31087--apne1-az1--x-s3/377.parquet\", \"s3://tpch31087--apne1-az1--x-s3/378.parquet\", \"s3://tpch31087--apne1-az1--x-s3/379.parquet\", \"s3://tpch31087--apne1-az1--x-s3/380.parquet\", \"s3://tpch31087--apne1-az1--x-s3/381.parquet\", \"s3://tpch31087--apne1-az1--x-s3/382.parquet\", \"s3://tpch31087--apne1-az1--x-s3/383.parquet\", \"s3://tpch31087--apne1-az1--x-s3/384.parquet\", \"s3://tpch31087--apne1-az1--x-s3/385.parquet\", \"s3://tpch31087--apne1-az1--x-s3/386.parquet\", \"s3://tpch31087--apne1-az1--x-s3/387.parquet\", \"s3://tpch31087--apne1-az1--x-s3/388.parquet\", \"s3://tpch31087--apne1-az1--x-s3/389.parquet\", \"s3://tpch31087--apne1-az1--x-s3/390.parquet\", \"s3://tpch31087--apne1-az1--x-s3/391.parquet\", \"s3://tpch31087--apne1-az1--x-s3/392.parquet\", \"s3://tpch31087--apne1-az1--x-s3/393.parquet\", \"s3://tpch31087--apne1-az1--x-s3/394.parquet\", \"s3://tpch31087--apne1-az1--x-s3/395.parquet\", \"s3://tpch31087--apne1-az1--x-s3/396.parquet\", \"s3://tpch31087--apne1-az1--x-s3/397.parquet\", \"s3://tpch31087--apne1-az1--x-s3/398.parquet\", \"s3://tpch31087--apne1-az1--x-s3/399.parquet\", \"s3://tpch31087--apne1-az1--x-s3/400.parquet\", \"s3://tpch31087--apne1-az1--x-s3/401.parquet\", \"s3://tpch31087--apne1-az1--x-s3/402.parquet\", \"s3://tpch31087--apne1-az1--x-s3/403.parquet\", \"s3://tpch31087--apne1-az1--x-s3/404.parquet\", \"s3://tpch31087--apne1-az1--x-s3/405.parquet\", \"s3://tpch31087--apne1-az1--x-s3/406.parquet\", \"s3://tpch31087--apne1-az1--x-s3/407.parquet\", \"s3://tpch31087--apne1-az1--x-s3/408.parquet\", \"s3://tpch31087--apne1-az1--x-s3/409.parquet\", \"s3://tpch31087--apne1-az1--x-s3/410.parquet\", \"s3://tpch31087--apne1-az1--x-s3/411.parquet\", \"s3://tpch31087--apne1-az1--x-s3/412.parquet\", \"s3://tpch31087--apne1-az1--x-s3/413.parquet\", \"s3://tpch31087--apne1-az1--x-s3/414.parquet\", \"s3://tpch31087--apne1-az1--x-s3/415.parquet\", \"s3://tpch31087--apne1-az1--x-s3/416.parquet\", \"s3://tpch31087--apne1-az1--x-s3/417.parquet\", \"s3://tpch31087--apne1-az1--x-s3/418.parquet\", \"s3://tpch31087--apne1-az1--x-s3/419.parquet\", \"s3://tpch31087--apne1-az1--x-s3/420.parquet\", \"s3://tpch31087--apne1-az1--x-s3/421.parquet\", \"s3://tpch31087--apne1-az1--x-s3/422.parquet\", \"s3://tpch31087--apne1-az1--x-s3/423.parquet\", \"s3://tpch31087--apne1-az1--x-s3/424.parquet\", \"s3://tpch31087--apne1-az1--x-s3/425.parquet\", \"s3://tpch31087--apne1-az1--x-s3/426.parquet\", \"s3://tpch31087--apne1-az1--x-s3/427.parquet\", \"s3://tpch31087--apne1-az1--x-s3/428.parquet\", \"s3://tpch31087--apne1-az1--x-s3/429.parquet\", \"s3://tpch31087--apne1-az1--x-s3/430.parquet\", \"s3://tpch31087--apne1-az1--x-s3/431.parquet\", \"s3://tpch31087--apne1-az1--x-s3/432.parquet\", \"s3://tpch31087--apne1-az1--x-s3/433.parquet\", \"s3://tpch31087--apne1-az1--x-s3/434.parquet\", \"s3://tpch31087--apne1-az1--x-s3/435.parquet\", \"s3://tpch31087--apne1-az1--x-s3/436.parquet\", \"s3://tpch31087--apne1-az1--x-s3/437.parquet\", \"s3://tpch31087--apne1-az1--x-s3/438.parquet\", \"s3://tpch31087--apne1-az1--x-s3/439.parquet\", \"s3://tpch31087--apne1-az1--x-s3/440.parquet\", \"s3://tpch31087--apne1-az1--x-s3/441.parquet\", \"s3://tpch31087--apne1-az1--x-s3/442.parquet\", \"s3://tpch31087--apne1-az1--x-s3/443.parquet\", \"s3://tpch31087--apne1-az1--x-s3/444.parquet\", \"s3://tpch31087--apne1-az1--x-s3/445.parquet\", \"s3://tpch31087--apne1-az1--x-s3/446.parquet\", \"s3://tpch31087--apne1-az1--x-s3/447.parquet\", \"s3://tpch31087--apne1-az1--x-s3/448.parquet\", \"s3://tpch31087--apne1-az1--x-s3/449.parquet\", \"s3://tpch31087--apne1-az1--x-s3/450.parquet\", \"s3://tpch31087--apne1-az1--x-s3/451.parquet\", \"s3://tpch31087--apne1-az1--x-s3/452.parquet\", \"s3://tpch31087--apne1-az1--x-s3/453.parquet\", \"s3://tpch31087--apne1-az1--x-s3/454.parquet\", \"s3://tpch31087--apne1-az1--x-s3/455.parquet\", \"s3://tpch31087--apne1-az1--x-s3/456.parquet\", \"s3://tpch31087--apne1-az1--x-s3/457.parquet\", \"s3://tpch31087--apne1-az1--x-s3/458.parquet\", \"s3://tpch31087--apne1-az1--x-s3/459.parquet\", \"s3://tpch31087--apne1-az1--x-s3/460.parquet\", \"s3://tpch31087--apne1-az1--x-s3/461.parquet\", \"s3://tpch31087--apne1-az1--x-s3/462.parquet\", \"s3://tpch31087--apne1-az1--x-s3/463.parquet\", \"s3://tpch31087--apne1-az1--x-s3/464.parquet\", \"s3://tpch31087--apne1-az1--x-s3/465.parquet\", \"s3://tpch31087--apne1-az1--x-s3/466.parquet\", \"s3://tpch31087--apne1-az1--x-s3/467.parquet\", \"s3://tpch31087--apne1-az1--x-s3/468.parquet\", \"s3://tpch31087--apne1-az1--x-s3/469.parquet\", \"s3://tpch31087--apne1-az1--x-s3/470.parquet\", \"s3://tpch31087--apne1-az1--x-s3/471.parquet\", \"s3://tpch31087--apne1-az1--x-s3/472.parquet\", \"s3://tpch31087--apne1-az1--x-s3/473.parquet\", \"s3://tpch31087--apne1-az1--x-s3/474.parquet\", \"s3://tpch31087--apne1-az1--x-s3/475.parquet\", \"s3://tpch31087--apne1-az1--x-s3/476.parquet\", \"s3://tpch31087--apne1-az1--x-s3/477.parquet\", \"s3://tpch31087--apne1-az1--x-s3/478.parquet\", \"s3://tpch31087--apne1-az1--x-s3/479.parquet\", \"s3://tpch31087--apne1-az1--x-s3/480.parquet\", \"s3://tpch31087--apne1-az1--x-s3/481.parquet\", \"s3://tpch31087--apne1-az1--x-s3/482.parquet\", \"s3://tpch31087--apne1-az1--x-s3/483.parquet\", \"s3://tpch31087--apne1-az1--x-s3/484.parquet\", \"s3://tpch31087--apne1-az1--x-s3/485.parquet\", \"s3://tpch31087--apne1-az1--x-s3/486.parquet\", \"s3://tpch31087--apne1-az1--x-s3/487.parquet\", \"s3://tpch31087--apne1-az1--x-s3/488.parquet\", \"s3://tpch31087--apne1-az1--x-s3/489.parquet\", \"s3://tpch31087--apne1-az1--x-s3/490.parquet\", \"s3://tpch31087--apne1-az1--x-s3/491.parquet\", \"s3://tpch31087--apne1-az1--x-s3/492.parquet\", \"s3://tpch31087--apne1-az1--x-s3/493.parquet\", \"s3://tpch31087--apne1-az1--x-s3/494.parquet\", \"s3://tpch31087--apne1-az1--x-s3/495.parquet\", \"s3://tpch31087--apne1-az1--x-s3/496.parquet\", \"s3://tpch31087--apne1-az1--x-s3/497.parquet\", \"s3://tpch31087--apne1-az1--x-s3/498.parquet\", \"s3://tpch31087--apne1-az1--x-s3/499.parquet\", \"s3://tpch31087--apne1-az1--x-s3/500.parquet\", \"s3://tpch31087--apne1-az1--x-s3/501.parquet\", \"s3://tpch31087--apne1-az1--x-s3/502.parquet\", \"s3://tpch31087--apne1-az1--x-s3/503.parquet\", \"s3://tpch31087--apne1-az1--x-s3/504.parquet\", \"s3://tpch31087--apne1-az1--x-s3/505.parquet\", \"s3://tpch31087--apne1-az1--x-s3/506.parquet\", \"s3://tpch31087--apne1-az1--x-s3/507.parquet\", \"s3://tpch31087--apne1-az1--x-s3/508.parquet\", \"s3://tpch31087--apne1-az1--x-s3/509.parquet\", \"s3://tpch31087--apne1-az1--x-s3/510.parquet\", \"s3://tpch31087--apne1-az1--x-s3/511.parquet\", \"s3://tpch31087--apne1-az1--x-s3/512.parquet\", \"s3://tpch31087--apne1-az1--x-s3/513.parquet\", \"s3://tpch31087--apne1-az1--x-s3/514.parquet\", \"s3://tpch31087--apne1-az1--x-s3/515.parquet\", \"s3://tpch31087--apne1-az1--x-s3/516.parquet\", \"s3://tpch31087--apne1-az1--x-s3/517.parquet\", \"s3://tpch31087--apne1-az1--x-s3/518.parquet\", \"s3://tpch31087--apne1-az1--x-s3/519.parquet\", \"s3://tpch31087--apne1-az1--x-s3/520.parquet\", \"s3://tpch31087--apne1-az1--x-s3/521.parquet\", \"s3://tpch31087--apne1-az1--x-s3/522.parquet\", \"s3://tpch31087--apne1-az1--x-s3/523.parquet\", \"s3://tpch31087--apne1-az1--x-s3/524.parquet\", \"s3://tpch31087--apne1-az1--x-s3/525.parquet\", \"s3://tpch31087--apne1-az1--x-s3/526.parquet\", \"s3://tpch31087--apne1-az1--x-s3/527.parquet\", \"s3://tpch31087--apne1-az1--x-s3/528.parquet\", \"s3://tpch31087--apne1-az1--x-s3/529.parquet\", \"s3://tpch31087--apne1-az1--x-s3/530.parquet\", \"s3://tpch31087--apne1-az1--x-s3/531.parquet\", \"s3://tpch31087--apne1-az1--x-s3/532.parquet\", \"s3://tpch31087--apne1-az1--x-s3/533.parquet\", \"s3://tpch31087--apne1-az1--x-s3/534.parquet\", \"s3://tpch31087--apne1-az1--x-s3/535.parquet\", \"s3://tpch31087--apne1-az1--x-s3/536.parquet\", \"s3://tpch31087--apne1-az1--x-s3/537.parquet\", \"s3://tpch31087--apne1-az1--x-s3/538.parquet\", \"s3://tpch31087--apne1-az1--x-s3/539.parquet\", \"s3://tpch31087--apne1-az1--x-s3/540.parquet\", \"s3://tpch31087--apne1-az1--x-s3/541.parquet\", \"s3://tpch31087--apne1-az1--x-s3/542.parquet\", \"s3://tpch31087--apne1-az1--x-s3/543.parquet\", \"s3://tpch31087--apne1-az1--x-s3/544.parquet\", \"s3://tpch31087--apne1-az1--x-s3/545.parquet\", \"s3://tpch31087--apne1-az1--x-s3/546.parquet\", \"s3://tpch31087--apne1-az1--x-s3/547.parquet\", \"s3://tpch31087--apne1-az1--x-s3/548.parquet\", \"s3://tpch31087--apne1-az1--x-s3/549.parquet\", \"s3://tpch31087--apne1-az1--x-s3/550.parquet\", \"s3://tpch31087--apne1-az1--x-s3/551.parquet\", \"s3://tpch31087--apne1-az1--x-s3/552.parquet\", \"s3://tpch31087--apne1-az1--x-s3/553.parquet\", \"s3://tpch31087--apne1-az1--x-s3/554.parquet\", \"s3://tpch31087--apne1-az1--x-s3/555.parquet\", \"s3://tpch31087--apne1-az1--x-s3/556.parquet\", \"s3://tpch31087--apne1-az1--x-s3/557.parquet\", \"s3://tpch31087--apne1-az1--x-s3/558.parquet\", \"s3://tpch31087--apne1-az1--x-s3/559.parquet\", \"s3://tpch31087--apne1-az1--x-s3/560.parquet\", \"s3://tpch31087--apne1-az1--x-s3/561.parquet\", \"s3://tpch31087--apne1-az1--x-s3/562.parquet\", \"s3://tpch31087--apne1-az1--x-s3/563.parquet\", \"s3://tpch31087--apne1-az1--x-s3/564.parquet\", \"s3://tpch31087--apne1-az1--x-s3/565.parquet\", \"s3://tpch31087--apne1-az1--x-s3/566.parquet\", \"s3://tpch31087--apne1-az1--x-s3/567.parquet\", \"s3://tpch31087--apne1-az1--x-s3/568.parquet\", \"s3://tpch31087--apne1-az1--x-s3/569.parquet\", \"s3://tpch31087--apne1-az1--x-s3/570.parquet\", \"s3://tpch31087--apne1-az1--x-s3/571.parquet\", \"s3://tpch31087--apne1-az1--x-s3/572.parquet\", \"s3://tpch31087--apne1-az1--x-s3/573.parquet\", \"s3://tpch31087--apne1-az1--x-s3/574.parquet\", \"s3://tpch31087--apne1-az1--x-s3/575.parquet\", \"s3://tpch31087--apne1-az1--x-s3/576.parquet\", \"s3://tpch31087--apne1-az1--x-s3/577.parquet\", \"s3://tpch31087--apne1-az1--x-s3/578.parquet\", \"s3://tpch31087--apne1-az1--x-s3/579.parquet\", \"s3://tpch31087--apne1-az1--x-s3/580.parquet\", \"s3://tpch31087--apne1-az1--x-s3/581.parquet\", \"s3://tpch31087--apne1-az1--x-s3/582.parquet\", \"s3://tpch31087--apne1-az1--x-s3/583.parquet\", \"s3://tpch31087--apne1-az1--x-s3/584.parquet\", \"s3://tpch31087--apne1-az1--x-s3/585.parquet\", \"s3://tpch31087--apne1-az1--x-s3/586.parquet\", \"s3://tpch31087--apne1-az1--x-s3/587.parquet\", \"s3://tpch31087--apne1-az1--x-s3/588.parquet\", \"s3://tpch31087--apne1-az1--x-s3/589.parquet\", \"s3://tpch31087--apne1-az1--x-s3/590.parquet\", \"s3://tpch31087--apne1-az1--x-s3/591.parquet\", \"s3://tpch31087--apne1-az1--x-s3/592.parquet\", \"s3://tpch31087--apne1-az1--x-s3/593.parquet\", \"s3://tpch31087--apne1-az1--x-s3/594.parquet\", \"s3://tpch31087--apne1-az1--x-s3/595.parquet\", \"s3://tpch31087--apne1-az1--x-s3/596.parquet\", \"s3://tpch31087--apne1-az1--x-s3/597.parquet\", \"s3://tpch31087--apne1-az1--x-s3/598.parquet\", \"s3://tpch31087--apne1-az1--x-s3/599.parquet\", \"s3://tpch31087--apne1-az1--x-s3/600.parquet\", \"s3://tpch31087--apne1-az1--x-s3/601.parquet\", \"s3://tpch31087--apne1-az1--x-s3/602.parquet\", \"s3://tpch31087--apne1-az1--x-s3/603.parquet\", \"s3://tpch31087--apne1-az1--x-s3/604.parquet\", \"s3://tpch31087--apne1-az1--x-s3/605.parquet\", \"s3://tpch31087--apne1-az1--x-s3/606.parquet\", \"s3://tpch31087--apne1-az1--x-s3/607.parquet\", \"s3://tpch31087--apne1-az1--x-s3/608.parquet\", \"s3://tpch31087--apne1-az1--x-s3/609.parquet\", \"s3://tpch31087--apne1-az1--x-s3/610.parquet\", \"s3://tpch31087--apne1-az1--x-s3/611.parquet\", \"s3://tpch31087--apne1-az1--x-s3/612.parquet\", \"s3://tpch31087--apne1-az1--x-s3/613.parquet\", \"s3://tpch31087--apne1-az1--x-s3/614.parquet\", \"s3://tpch31087--apne1-az1--x-s3/615.parquet\", \"s3://tpch31087--apne1-az1--x-s3/616.parquet\", \"s3://tpch31087--apne1-az1--x-s3/617.parquet\", \"s3://tpch31087--apne1-az1--x-s3/618.parquet\", \"s3://tpch31087--apne1-az1--x-s3/619.parquet\", \"s3://tpch31087--apne1-az1--x-s3/620.parquet\", \"s3://tpch31087--apne1-az1--x-s3/621.parquet\", \"s3://tpch31087--apne1-az1--x-s3/622.parquet\", \"s3://tpch31087--apne1-az1--x-s3/623.parquet\", \"s3://tpch31087--apne1-az1--x-s3/624.parquet\", \"s3://tpch31087--apne1-az1--x-s3/625.parquet\", \"s3://tpch31087--apne1-az1--x-s3/626.parquet\", \"s3://tpch31087--apne1-az1--x-s3/627.parquet\", \"s3://tpch31087--apne1-az1--x-s3/628.parquet\", \"s3://tpch31087--apne1-az1--x-s3/629.parquet\", \"s3://tpch31087--apne1-az1--x-s3/630.parquet\", \"s3://tpch31087--apne1-az1--x-s3/631.parquet\", \"s3://tpch31087--apne1-az1--x-s3/632.parquet\", \"s3://tpch31087--apne1-az1--x-s3/633.parquet\", \"s3://tpch31087--apne1-az1--x-s3/634.parquet\", \"s3://tpch31087--apne1-az1--x-s3/635.parquet\", \"s3://tpch31087--apne1-az1--x-s3/636.parquet\", \"s3://tpch31087--apne1-az1--x-s3/637.parquet\", \"s3://tpch31087--apne1-az1--x-s3/638.parquet\", \"s3://tpch31087--apne1-az1--x-s3/639.parquet\", \"s3://tpch31087--apne1-az1--x-s3/640.parquet\", \"s3://tpch31087--apne1-az1--x-s3/641.parquet\", \"s3://tpch31087--apne1-az1--x-s3/642.parquet\", \"s3://tpch31087--apne1-az1--x-s3/643.parquet\", \"s3://tpch31087--apne1-az1--x-s3/644.parquet\", \"s3://tpch31087--apne1-az1--x-s3/645.parquet\", \"s3://tpch31087--apne1-az1--x-s3/646.parquet\", \"s3://tpch31087--apne1-az1--x-s3/647.parquet\", \"s3://tpch31087--apne1-az1--x-s3/648.parquet\", \"s3://tpch31087--apne1-az1--x-s3/649.parquet\", \"s3://tpch31087--apne1-az1--x-s3/650.parquet\", \"s3://tpch31087--apne1-az1--x-s3/651.parquet\", \"s3://tpch31087--apne1-az1--x-s3/652.parquet\", \"s3://tpch31087--apne1-az1--x-s3/653.parquet\", \"s3://tpch31087--apne1-az1--x-s3/654.parquet\", \"s3://tpch31087--apne1-az1--x-s3/655.parquet\", \"s3://tpch31087--apne1-az1--x-s3/656.parquet\", \"s3://tpch31087--apne1-az1--x-s3/657.parquet\", \"s3://tpch31087--apne1-az1--x-s3/658.parquet\", \"s3://tpch31087--apne1-az1--x-s3/659.parquet\", \"s3://tpch31087--apne1-az1--x-s3/660.parquet\", \"s3://tpch31087--apne1-az1--x-s3/661.parquet\", \"s3://tpch31087--apne1-az1--x-s3/662.parquet\", \"s3://tpch31087--apne1-az1--x-s3/663.parquet\", \"s3://tpch31087--apne1-az1--x-s3/664.parquet\", \"s3://tpch31087--apne1-az1--x-s3/665.parquet\", \"s3://tpch31087--apne1-az1--x-s3/666.parquet\", \"s3://tpch31087--apne1-az1--x-s3/667.parquet\", \"s3://tpch31087--apne1-az1--x-s3/668.parquet\", \"s3://tpch31087--apne1-az1--x-s3/669.parquet\", \"s3://tpch31087--apne1-az1--x-s3/670.parquet\", \"s3://tpch31087--apne1-az1--x-s3/671.parquet\", \"s3://tpch31087--apne1-az1--x-s3/672.parquet\", \"s3://tpch31087--apne1-az1--x-s3/673.parquet\", \"s3://tpch31087--apne1-az1--x-s3/674.parquet\", \"s3://tpch31087--apne1-az1--x-s3/675.parquet\", \"s3://tpch31087--apne1-az1--x-s3/676.parquet\", \"s3://tpch31087--apne1-az1--x-s3/677.parquet\", \"s3://tpch31087--apne1-az1--x-s3/678.parquet\", \"s3://tpch31087--apne1-az1--x-s3/679.parquet\", \"s3://tpch31087--apne1-az1--x-s3/680.parquet\", \"s3://tpch31087--apne1-az1--x-s3/681.parquet\", \"s3://tpch31087--apne1-az1--x-s3/682.parquet\", \"s3://tpch31087--apne1-az1--x-s3/683.parquet\", \"s3://tpch31087--apne1-az1--x-s3/684.parquet\", \"s3://tpch31087--apne1-az1--x-s3/685.parquet\", \"s3://tpch31087--apne1-az1--x-s3/686.parquet\", \"s3://tpch31087--apne1-az1--x-s3/687.parquet\", \"s3://tpch31087--apne1-az1--x-s3/688.parquet\", \"s3://tpch31087--apne1-az1--x-s3/689.parquet\", \"s3://tpch31087--apne1-az1--x-s3/690.parquet\", \"s3://tpch31087--apne1-az1--x-s3/691.parquet\", \"s3://tpch31087--apne1-az1--x-s3/692.parquet\", \"s3://tpch31087--apne1-az1--x-s3/693.parquet\", \"s3://tpch31087--apne1-az1--x-s3/694.parquet\", \"s3://tpch31087--apne1-az1--x-s3/695.parquet\", \"s3://tpch31087--apne1-az1--x-s3/696.parquet\", \"s3://tpch31087--apne1-az1--x-s3/697.parquet\", \"s3://tpch31087--apne1-az1--x-s3/698.parquet\", \"s3://tpch31087--apne1-az1--x-s3/699.parquet\", \"s3://tpch31087--apne1-az1--x-s3/700.parquet\", \"s3://tpch31087--apne1-az1--x-s3/701.parquet\", \"s3://tpch31087--apne1-az1--x-s3/702.parquet\", \"s3://tpch31087--apne1-az1--x-s3/703.parquet\", \"s3://tpch31087--apne1-az1--x-s3/704.parquet\", \"s3://tpch31087--apne1-az1--x-s3/705.parquet\", \"s3://tpch31087--apne1-az1--x-s3/706.parquet\", \"s3://tpch31087--apne1-az1--x-s3/707.parquet\", \"s3://tpch31087--apne1-az1--x-s3/708.parquet\", \"s3://tpch31087--apne1-az1--x-s3/709.parquet\", \"s3://tpch31087--apne1-az1--x-s3/710.parquet\", \"s3://tpch31087--apne1-az1--x-s3/711.parquet\", \"s3://tpch31087--apne1-az1--x-s3/712.parquet\", \"s3://tpch31087--apne1-az1--x-s3/713.parquet\", \"s3://tpch31087--apne1-az1--x-s3/714.parquet\", \"s3://tpch31087--apne1-az1--x-s3/715.parquet\", \"s3://tpch31087--apne1-az1--x-s3/716.parquet\", \"s3://tpch31087--apne1-az1--x-s3/717.parquet\", \"s3://tpch31087--apne1-az1--x-s3/718.parquet\", \"s3://tpch31087--apne1-az1--x-s3/719.parquet\", \"s3://tpch31087--apne1-az1--x-s3/720.parquet\", \"s3://tpch31087--apne1-az1--x-s3/721.parquet\", \"s3://tpch31087--apne1-az1--x-s3/722.parquet\", \"s3://tpch31087--apne1-az1--x-s3/723.parquet\", \"s3://tpch31087--apne1-az1--x-s3/724.parquet\", \"s3://tpch31087--apne1-az1--x-s3/725.parquet\", \"s3://tpch31087--apne1-az1--x-s3/726.parquet\", \"s3://tpch31087--apne1-az1--x-s3/727.parquet\", \"s3://tpch31087--apne1-az1--x-s3/728.parquet\", \"s3://tpch31087--apne1-az1--x-s3/729.parquet\", \"s3://tpch31087--apne1-az1--x-s3/730.parquet\", \"s3://tpch31087--apne1-az1--x-s3/731.parquet\", \"s3://tpch31087--apne1-az1--x-s3/732.parquet\", \"s3://tpch31087--apne1-az1--x-s3/733.parquet\", \"s3://tpch31087--apne1-az1--x-s3/734.parquet\", \"s3://tpch31087--apne1-az1--x-s3/735.parquet\", \"s3://tpch31087--apne1-az1--x-s3/736.parquet\", \"s3://tpch31087--apne1-az1--x-s3/737.parquet\", \"s3://tpch31087--apne1-az1--x-s3/738.parquet\", \"s3://tpch31087--apne1-az1--x-s3/739.parquet\", \"s3://tpch31087--apne1-az1--x-s3/740.parquet\", \"s3://tpch31087--apne1-az1--x-s3/741.parquet\", \"s3://tpch31087--apne1-az1--x-s3/742.parquet\", \"s3://tpch31087--apne1-az1--x-s3/743.parquet\", \"s3://tpch31087--apne1-az1--x-s3/744.parquet\", \"s3://tpch31087--apne1-az1--x-s3/745.parquet\", \"s3://tpch31087--apne1-az1--x-s3/746.parquet\", \"s3://tpch31087--apne1-az1--x-s3/747.parquet\", \"s3://tpch31087--apne1-az1--x-s3/748.parquet\", \"s3://tpch31087--apne1-az1--x-s3/749.parquet\", \"s3://tpch31087--apne1-az1--x-s3/750.parquet\", \"s3://tpch31087--apne1-az1--x-s3/751.parquet\", \"s3://tpch31087--apne1-az1--x-s3/752.parquet\", \"s3://tpch31087--apne1-az1--x-s3/753.parquet\", \"s3://tpch31087--apne1-az1--x-s3/754.parquet\", \"s3://tpch31087--apne1-az1--x-s3/755.parquet\", \"s3://tpch31087--apne1-az1--x-s3/756.parquet\", \"s3://tpch31087--apne1-az1--x-s3/757.parquet\", \"s3://tpch31087--apne1-az1--x-s3/758.parquet\", \"s3://tpch31087--apne1-az1--x-s3/759.parquet\", \"s3://tpch31087--apne1-az1--x-s3/760.parquet\", \"s3://tpch31087--apne1-az1--x-s3/761.parquet\", \"s3://tpch31087--apne1-az1--x-s3/762.parquet\", \"s3://tpch31087--apne1-az1--x-s3/763.parquet\", \"s3://tpch31087--apne1-az1--x-s3/764.parquet\", \"s3://tpch31087--apne1-az1--x-s3/765.parquet\", \"s3://tpch31087--apne1-az1--x-s3/766.parquet\", \"s3://tpch31087--apne1-az1--x-s3/767.parquet\", \"s3://tpch31087--apne1-az1--x-s3/768.parquet\", \"s3://tpch31087--apne1-az1--x-s3/769.parquet\", \"s3://tpch31087--apne1-az1--x-s3/770.parquet\", \"s3://tpch31087--apne1-az1--x-s3/771.parquet\", \"s3://tpch31087--apne1-az1--x-s3/772.parquet\", \"s3://tpch31087--apne1-az1--x-s3/773.parquet\", \"s3://tpch31087--apne1-az1--x-s3/774.parquet\", \"s3://tpch31087--apne1-az1--x-s3/775.parquet\", \"s3://tpch31087--apne1-az1--x-s3/776.parquet\", \"s3://tpch31087--apne1-az1--x-s3/777.parquet\", \"s3://tpch31087--apne1-az1--x-s3/778.parquet\", \"s3://tpch31087--apne1-az1--x-s3/779.parquet\", \"s3://tpch31087--apne1-az1--x-s3/780.parquet\", \"s3://tpch31087--apne1-az1--x-s3/807.parquet\", \"s3://tpch31087--apne1-az1--x-s3/808.parquet\", \"s3://tpch31087--apne1-az1--x-s3/809.parquet\", \"s3://tpch31087--apne1-az1--x-s3/810.parquet\", \"s3://tpch31087--apne1-az1--x-s3/811.parquet\", \"s3://tpch31087--apne1-az1--x-s3/812.parquet\", \"s3://tpch31087--apne1-az1--x-s3/813.parquet\", \"s3://tpch31087--apne1-az1--x-s3/814.parquet\", \"s3://tpch31087--apne1-az1--x-s3/815.parquet\", \"s3://tpch31087--apne1-az1--x-s3/816.parquet\", \"s3://tpch31087--apne1-az1--x-s3/817.parquet\", \"s3://tpch31087--apne1-az1--x-s3/818.parquet\", \"s3://tpch31087--apne1-az1--x-s3/819.parquet\", \"s3://tpch31087--apne1-az1--x-s3/820.parquet\", \"s3://tpch31087--apne1-az1--x-s3/821.parquet\", \"s3://tpch31087--apne1-az1--x-s3/822.parquet\", \"s3://tpch31087--apne1-az1--x-s3/823.parquet\", \"s3://tpch31087--apne1-az1--x-s3/824.parquet\", \"s3://tpch31087--apne1-az1--x-s3/825.parquet\", \"s3://tpch31087--apne1-az1--x-s3/826.parquet\", \"s3://tpch31087--apne1-az1--x-s3/827.parquet\", \"s3://tpch31087--apne1-az1--x-s3/828.parquet\", \"s3://tpch31087--apne1-az1--x-s3/829.parquet\", \"s3://tpch31087--apne1-az1--x-s3/830.parquet\", \"s3://tpch31087--apne1-az1--x-s3/831.parquet\", \"s3://tpch31087--apne1-az1--x-s3/832.parquet\", \"s3://tpch31087--apne1-az1--x-s3/833.parquet\", \"s3://tpch31087--apne1-az1--x-s3/834.parquet\", \"s3://tpch31087--apne1-az1--x-s3/835.parquet\", \"s3://tpch31087--apne1-az1--x-s3/836.parquet\", \"s3://tpch31087--apne1-az1--x-s3/837.parquet\", \"s3://tpch31087--apne1-az1--x-s3/838.parquet\", \"s3://tpch31087--apne1-az1--x-s3/839.parquet\", \"s3://tpch31087--apne1-az1--x-s3/840.parquet\", \"s3://tpch31087--apne1-az1--x-s3/841.parquet\", \"s3://tpch31087--apne1-az1--x-s3/842.parquet\", \"s3://tpch31087--apne1-az1--x-s3/843.parquet\", \"s3://tpch31087--apne1-az1--x-s3/844.parquet\", \"s3://tpch31087--apne1-az1--x-s3/845.parquet\", \"s3://tpch31087--apne1-az1--x-s3/846.parquet\", \"s3://tpch31087--apne1-az1--x-s3/847.parquet\", \"s3://tpch31087--apne1-az1--x-s3/848.parquet\", \"s3://tpch31087--apne1-az1--x-s3/849.parquet\", \"s3://tpch31087--apne1-az1--x-s3/850.parquet\", \"s3://tpch31087--apne1-az1--x-s3/851.parquet\", \"s3://tpch31087--apne1-az1--x-s3/1000.parquet\", \"s3://tpch31087--apne1-az1--x-s3/1001.parquet\", \"s3://tpch31087--apne1-az1--x-s3/1002.parquet\", \"s3://tpch31087--apne1-az1--x-s3/1003.parquet\", \"s3://tpch31087--apne1-az1--x-s3/1050.parquet\", \"s3://tpch31087--apne1-az1--x-s3/1055.parquet\", \"s3://tpch31087--apne1-az1--x-s3/1057.parquet\", \"s3://tpch31087--apne1-az1--x-s3/1058.parquet\", \"s3://tpch31087--apne1-az1--x-s3/1059.parquet\", \"s3://tpch31087--apne1-az1--x-s3/1060.parquet\", \"s3://tpch31087--apne1-az1--x-s3/1061.parquet\", \"s3://tpch31087--apne1-az1--x-s3/1150.parquet\", \"s3://tpch31087--apne1-az1--x-s3/1151.parquet\", \"s3://tpch31087--apne1-az1--x-s3/1152.parquet\", \"s3://tpch31087--apne1-az1--x-s3/1153.parquet\", \"s3://tpch31087--apne1-az1--x-s3/1154.parquet\", \"s3://tpch31087--apne1-az1--x-s3/1155.parquet\", \"s3://tpch31087--apne1-az1--x-s3/1156.parquet\", \"s3://tpch31087--apne1-az1--x-s3/1250.parquet\", \"s3://tpch31087--apne1-az1--x-s3/1251.parquet\", \"s3://tpch31087--apne1-az1--x-s3/1252.parquet\", \"s3://tpch31087--apne1-az1--x-s3/1253.parquet\", \"s3://tpch31087--apne1-az1--x-s3/1254.parquet\", \"s3://tpch31087--apne1-az1--x-s3/1255.parquet\", \"s3://tpch31087--apne1-az1--x-s3/1256.parquet\", \"s3://tpch31087--apne1-az1--x-s3/1257.parquet\", \"s3://tpch31087--apne1-az1--x-s3/1258.parquet\", \"s3://tpch31087--apne1-az1--x-s3/1259.parquet\"])\n    WHERE\n        l_shipdate >= DATE '1992-01-01' + INTERVAL 13 MONTH\n        AND l_shipdate < DATE '1992-01-01' + INTERVAL 13 MONTH + INTERVAL 3 MONTH\n    GROUP BY\n        supplier_no\n)\nSELECT\n    s_suppkey,\n    s_name,\n    s_address,\n    s_phone,\n    total_revenue\nFROM\n    'pool/supplier/*.parquet',\n    revenue\nWHERE\n    s_suppkey = supplier_no\n    AND total_revenue = (\n        SELECT\n            max(total_revenue)\n        FROM\n            revenue\n    )\nORDER BY\n    s_suppkey;",
    "children": [
        {
            "result_set_size": 72,
            "operator_timing": 0.000027608,
            "operator_rows_scanned": 0,
            "cumulative_rows_scanned": 21747328000,
            "operator_cardinality": 1,
            "operator_type": "ORDER_BY",
            "cumulative_cardinality": 174676627,
            "extra_info": {
                "Order By": "\"pool/supplier/*.parquet\".s_suppkey ASC"
            },
            "cpu_time": 229.128890589,
            "children": [
                {
                    "result_set_size": 72,
                    "operator_timing": 0.000001077,
                    "operator_rows_scanned": 0,
                    "cumulative_rows_scanned": 21747328000,
                    "operator_cardinality": 1,
                    "operator_type": "PROJECTION",
                    "cumulative_cardinality": 174676626,
                    "extra_info": {
                        "Projections": [
                            "s_suppkey",
                            "s_name",
                            "s_address",
                            "s_phone",
                            "total_revenue"
                        ],
                        "Estimated Cardinality": "67670400"
                    },
                    "cpu_time": 229.128862981,
                    "children": [
                        {
                            "result_set_size": 0,
                            "operator_timing": 0.015223299000000003,
                            "operator_rows_scanned": 0,
                            "cumulative_rows_scanned": 21747328000,
                            "operator_cardinality": 0,
                            "operator_type": "CTE",
                            "cumulative_cardinality": 174676625,
                            "extra_info": {
                                "CTE Name": "revenue",
                                "Table Index": "0"
                            },
                            "cpu_time": 229.128861904,
                            "children": [
                                {
                                    "result_set_size": 119999976,
                                    "operator_timing": 14.180243101999997,
                                    "operator_rows_scanned": 0,
                                    "cumulative_rows_scanned": 21654528000,
                                    "operator_cardinality": 4999999,
                                    "operator_type": "HASH_GROUP_BY",
                                    "cumulative_cardinality": 159676621,
                                    "extra_info": {
                                        "Groups": "#0",
                                        "Aggregates": "sum(#1)",
                                        "Estimated Cardinality": "67670400"
                                    },
                                    "cpu_time": 229.02083886799997,
                                    "children": [
                                        {
                                            "result_set_size": 1237412976,
                                            "operator_timing": 0.861972797000001,
                                            "operator_rows_scanned": 0,
                                            "cumulative_rows_scanned": 21654528000,
                                            "operator_cardinality": 77338311,
                                            "operator_type": "PROJECTION",
                                            "cumulative_cardinality": 154676622,
                                            "extra_info": {
                                                "Projections": [
                                                    "supplier_no",
                                                    "(l_extendedprice * (1.00 - l_discount))"
                                                ],
                                                "Estimated Cardinality": "135340800"
                                            },
                                            "cpu_time": 214.84059576599998,
                                            "children": [
                                                {
                                                    "result_set_size": 1856119464,
                                                    "operator_timing": 213.97862296899999,
                                                    "operator_rows_scanned": 21654528000,
                                                    "cumulative_rows_scanned": 21654528000,
                                                    "operator_cardinality": 77338311,
                                                    "operator_type": "TABLE_SCAN",
                                                    "cumulative_cardinality": 77338311,
                                                    "extra_info": {
                                                        "Function": "READ_PARQUET",
                                                        "Projections": [
                                                            "l_suppkey",
                                                            "l_extendedprice",
                                                            "l_discount"
                                                        ],
                                                        "Filters": "l_shipdate>='1993-02-01'::DATE AND l_shipdate<'1993-05-01'::DATE AND l_shipdate IS NOT NULL",
                                                        "Estimated Cardinality": "135340800"
                                                    },
                                                    "cpu_time": 213.97862296899999,
                                                    "children": []
                                                }
                                            ]
                                        }
                                    ]
                                },
                                {
                                    "result_set_size": 96,
                                    "operator_timing": 0.00024123599999999992,
                                    "operator_rows_scanned": 0,
                                    "cumulative_rows_scanned": 92800000,
                                    "operator_cardinality": 1,
                                    "operator_type": "HASH_JOIN",
                                    "cumulative_cardinality": 15000004,
                                    "extra_info": {
                                        "Join Type": "INNER",
                                        "Conditions": "s_suppkey = supplier_no",
                                        "Estimated Cardinality": "0"
                                    },
                                    "cpu_time": 0.092799737,
                                    "children": [
                                        {
                                            "result_set_size": 56,
                                            "operator_timing": 0.019835872,
                                            "operator_rows_scanned": 92800000,
                                            "cumulative_rows_scanned": 92800000,
                                            "operator_cardinality": 1,
                                            "operator_type": "TABLE_SCAN",
                                            "cumulative_cardinality": 1,
                                            "extra_info": {
                                                "Function": "PARQUET_SCAN",
                                                "Projections": "",
                                                "Estimated Cardinality": "2900000"
                                            },
                                            "cpu_time": 0.019835872,
                                            "children": []
                                        },
                                        {
                                            "result_set_size": 40,
                                            "operator_timing": 0.028619061,
                                            "operator_rows_scanned": 0,
                                            "cumulative_rows_scanned": 0,
                                            "operator_cardinality": 1,
                                            "operator_type": "HASH_JOIN",
                                            "cumulative_cardinality": 15000002,
                                            "extra_info": {
                                                "Join Type": "INNER",
                                                "Conditions": "total_revenue = SUBQUERY",
                                                "Estimated Cardinality": "0"
                                            },
                                            "cpu_time": 0.072722629,
                                            "children": [
                                                {
                                                    "result_set_size": 119999976,
                                                    "operator_timing": 0.0076455959999999976,
                                                    "operator_rows_scanned": 0,
                                                    "cumulative_rows_scanned": 0,
                                                    "operator_cardinality": 4999999,
                                                    "operator_type": "CTE_SCAN",
                                                    "cumulative_cardinality": 4999999,
                                                    "extra_info": {
                                                        "CTE Index": "0",
                                                        "Estimated Cardinality": "67670400"
                                                    },
                                                    "cpu_time": 0.0076455959999999976,
                                                    "children": []
                                                },
                                                {
                                                    "result_set_size": 16,
                                                    "operator_timing": 0.000003123,
                                                    "operator_rows_scanned": 0,
                                                    "cumulative_rows_scanned": 0,
                                                    "operator_cardinality": 1,
                                                    "operator_type": "PROJECTION",
                                                    "cumulative_cardinality": 10000002,
                                                    "extra_info": {
                                                        "Projections": [
                                                            "CASE  WHEN ((#1 > 1)) THEN (error('More than one row returned by a subquery used as an expression - scalar subqueries can only return a single row.",
                                                            "Use \"SET scalar_subquery_error_on_multiple_rows=false\" to revert to previous behavior of returning a random row.')) ELSE #0 END"
                                                        ],
                                                        "Estimated Cardinality": "1"
                                                    },
                                                    "cpu_time": 0.036457972,
                                                    "children": [
                                                        {
                                                            "result_set_size": 24,
                                                            "operator_timing": 0.0000024670000000000003,
                                                            "operator_rows_scanned": 0,
                                                            "cumulative_rows_scanned": 0,
                                                            "operator_cardinality": 1,
                                                            "operator_type": "UNGROUPED_AGGREGATE",
                                                            "cumulative_cardinality": 10000001,
                                                            "extra_info": {
                                                                "Aggregates": [
                                                                    "\"first\"(#0)",
                                                                    "count_star()"
                                                                ]
                                                            },
                                                            "cpu_time": 0.036454849,
                                                            "children": [
                                                                {
                                                                    "result_set_size": 16,
                                                                    "operator_timing": 2.73e-7,
                                                                    "operator_rows_scanned": 0,
                                                                    "cumulative_rows_scanned": 0,
                                                                    "operator_cardinality": 1,
                                                                    "operator_type": "PROJECTION",
                                                                    "cumulative_cardinality": 10000000,
                                                                    "extra_info": {
                                                                        "Projections": "#0",
                                                                        "Estimated Cardinality": "1"
                                                                    },
                                                                    "cpu_time": 0.036452382,
                                                                    "children": [
                                                                        {
                                                                            "result_set_size": 16,
                                                                            "operator_timing": 0.008245659999999998,
                                                                            "operator_rows_scanned": 0,
                                                                            "cumulative_rows_scanned": 0,
                                                                            "operator_cardinality": 1,
                                                                            "operator_type": "UNGROUPED_AGGREGATE",
                                                                            "cumulative_cardinality": 9999999,
                                                                            "extra_info": {
                                                                                "Aggregates": "max(#0)"
                                                                            },
                                                                            "cpu_time": 0.036452108999999996,
                                                                            "children": [
                                                                                {
                                                                                    "result_set_size": 79999984,
                                                                                    "operator_timing": 0.0003156900000000001,
                                                                                    "operator_rows_scanned": 0,
                                                                                    "cumulative_rows_scanned": 0,
                                                                                    "operator_cardinality": 4999999,
                                                                                    "operator_type": "PROJECTION",
                                                                                    "cumulative_cardinality": 9999998,
                                                                                    "extra_info": {
                                                                                        "Projections": "total_revenue",
                                                                                        "Estimated Cardinality": "67670400"
                                                                                    },
                                                                                    "cpu_time": 0.028206448999999998,
                                                                                    "children": [
                                                                                        {
                                                                                            "result_set_size": 119999976,
                                                                                            "operator_timing": 0.027890758999999998,
                                                                                            "operator_rows_scanned": 0,
                                                                                            "cumulative_rows_scanned": 0,
                                                                                            "operator_cardinality": 4999999,
                                                                                            "operator_type": "CTE_SCAN",
                                                                                            "cumulative_cardinality": 4999999,
                                                                                            "extra_info": {
                                                                                                "CTE Index": "0",
                                                                                                "Estimated Cardinality": "67670400"
                                                                                            },
                                                                                            "cpu_time": 0.027890758999999998,
                                                                                            "children": []
                                                                                        }
                                                                                    ]
                                                                                }
                                                                            ]
                                                                        }
                                                                    ]
                                                                }
                                                            ]
                                                        }
                                                    ]
                                                }
                                            ]
                                        }
                                    ]
                                }
                            ]
                        }
                    ]
                }
            ]
        }
    ]
}