{
    "rows_returned": 1,
    "latency": 6.009589807,
    "result_set_size": 8,
    "cumulative_rows_scanned": 542080000,
    "cumulative_cardinality": 33880001,
    "extra_info": {},
    "cpu_time": 34.707638195,
    "blocked_thread_time": 0.0,
    "query_name": "COPY (FROM read_parquet(['s3://tpch9026--apne1-az1--x-s3/641.parquet','s3://tpch9026--apne1-az1--x-s3/645.parquet','s3://tpch9026--apne1-az1--x-s3/649.parquet','s3://tpch9026--apne1-az1--x-s3/651.parquet','s3://tpch9026--apne1-az1--x-s3/661.parquet','s3://tpch9026--apne1-az1--x-s3/665.parquet','s3://tpch9026--apne1-az1--x-s3/666.parquet','s3://tpch9026--apne1-az1--x-s3/667.parquet','s3://tpch9026--apne1-az1--x-s3/668.parquet','s3://tpch9026--apne1-az1--x-s3/679.parquet','s3://tpch9026--apne1-az1--x-s3/681.parquet','s3://tpch9026--apne1-az1--x-s3/683.parquet','s3://tpch9026--apne1-az1--x-s3/688.parquet','s3://tpch9026--apne1-az1--x-s3/689.parquet','s3://tpch9026--apne1-az1--x-s3/691.parquet','s3://tpch9026--apne1-az1--x-s3/694.parquet','s3://tpch9026--apne1-az1--x-s3/697.parquet','s3://tpch9026--apne1-az1--x-s3/700.parquet','s3://tpch9026--apne1-az1--x-s3/704.parquet','s3://tpch9026--apne1-az1--x-s3/706.parquet']) ORDER BY l_shipdate) TO 's3://tpch9026--apne1-az1--x-s3/tmp' (FORMAT 'parquet');",
    "children": [
        {
            "result_set_size": 8,
            "operator_timing": 4.235538977999998,
            "operator_rows_scanned": 0,
            "cumulative_rows_scanned": 542080000,
            "operator_cardinality": 1,
            "operator_type": "BATCH_COPY_TO_FILE",
            "cumulative_cardinality": 33880001,
            "extra_info": {},
            "cpu_time": 34.707638195,
            "children": [
                {
                    "result_set_size": 2642640000,
                    "operator_timing": 20.078424431000002,
                    "operator_rows_scanned": 0,
                    "cumulative_rows_scanned": 542080000,
                    "operator_cardinality": 16940000,
                    "operator_type": "ORDER_BY",
                    "cumulative_cardinality": 33880000,
                    "extra_info": {
                        "Order By": "read_parquet.l_shipdate ASC"
                    },
                    "cpu_time": 30.472099217,
                    "children": [
                        {
                            "result_set_size": 2642640000,
                            "operator_timing": 10.393674785999997,
                            "operator_rows_scanned": 542080000,
                            "cumulative_rows_scanned": 542080000,
                            "operator_cardinality": 16940000,
                            "operator_type": "TABLE_SCAN",
                            "cumulative_cardinality": 16940000,
                            "extra_info": {
                                "Function": "READ_PARQUET",
                                "Projections": [
                                    "l_orderkey",
                                    "l_partkey",
                                    "l_suppkey",
                                    "l_linenumber",
                                    "l_quantity",
                                    "l_extendedprice",
                                    "l_discount",
                                    "l_tax",
                                    "l_returnflag",
                                    "l_linestatus",
                                    "l_shipdate",
                                    "l_commitdate",
                                    "l_receiptdate",
                                    "l_shipinstruct",
                                    "l_shipmode",
                                    "l_comment"
                                ],
                                "Estimated Cardinality": "16940000"
                            },
                            "cpu_time": 10.393674785999997,
                            "children": []
                        }
                    ]
                }
            ]
        }
    ]
}