{
    "rows_returned": 1,
    "latency": 5.85174986,
    "result_set_size": 8,
    "cumulative_rows_scanned": 542080000,
    "cumulative_cardinality": 33880001,
    "extra_info": {},
    "cpu_time": 33.991629122,
    "blocked_thread_time": 0.0,
    "query_name": "COPY (FROM read_parquet(['s3://tpch9026--apne1-az1--x-s3/640.parquet','s3://tpch9026--apne1-az1--x-s3/647.parquet','s3://tpch9026--apne1-az1--x-s3/648.parquet','s3://tpch9026--apne1-az1--x-s3/652.parquet','s3://tpch9026--apne1-az1--x-s3/654.parquet','s3://tpch9026--apne1-az1--x-s3/656.parquet','s3://tpch9026--apne1-az1--x-s3/663.parquet','s3://tpch9026--apne1-az1--x-s3/672.parquet','s3://tpch9026--apne1-az1--x-s3/674.parquet','s3://tpch9026--apne1-az1--x-s3/675.parquet','s3://tpch9026--apne1-az1--x-s3/676.parquet','s3://tpch9026--apne1-az1--x-s3/677.parquet','s3://tpch9026--apne1-az1--x-s3/682.parquet','s3://tpch9026--apne1-az1--x-s3/686.parquet','s3://tpch9026--apne1-az1--x-s3/690.parquet','s3://tpch9026--apne1-az1--x-s3/692.parquet','s3://tpch9026--apne1-az1--x-s3/695.parquet','s3://tpch9026--apne1-az1--x-s3/699.parquet','s3://tpch9026--apne1-az1--x-s3/701.parquet','s3://tpch9026--apne1-az1--x-s3/708.parquet']) ORDER BY l_shipdate) TO 's3://tpch9026--apne1-az1--x-s3/tmp' (FORMAT 'parquet');",
    "children": [
        {
            "result_set_size": 8,
            "operator_timing": 3.9430482350000005,
            "operator_rows_scanned": 0,
            "cumulative_rows_scanned": 542080000,
            "operator_cardinality": 1,
            "operator_type": "BATCH_COPY_TO_FILE",
            "cumulative_cardinality": 33880001,
            "extra_info": {},
            "cpu_time": 33.991629122,
            "children": [
                {
                    "result_set_size": 2642640000,
                    "operator_timing": 19.344589478,
                    "operator_rows_scanned": 0,
                    "cumulative_rows_scanned": 542080000,
                    "operator_cardinality": 16940000,
                    "operator_type": "ORDER_BY",
                    "cumulative_cardinality": 33880000,
                    "extra_info": {
                        "Order By": "read_parquet.l_shipdate ASC"
                    },
                    "cpu_time": 30.048580887,
                    "children": [
                        {
                            "result_set_size": 2642640000,
                            "operator_timing": 10.703991409000002,
                            "operator_rows_scanned": 542080000,
                            "cumulative_rows_scanned": 542080000,
                            "operator_cardinality": 16940000,
                            "operator_type": "TABLE_SCAN",
                            "cumulative_cardinality": 16940000,
                            "extra_info": {
                                "Function": "READ_PARQUET",
                                "Projections": [
                                    "l_orderkey",
                                    "l_partkey",
                                    "l_suppkey",
                                    "l_linenumber",
                                    "l_quantity",
                                    "l_extendedprice",
                                    "l_discount",
                                    "l_tax",
                                    "l_returnflag",
                                    "l_linestatus",
                                    "l_shipdate",
                                    "l_commitdate",
                                    "l_receiptdate",
                                    "l_shipinstruct",
                                    "l_shipmode",
                                    "l_comment"
                                ],
                                "Estimated Cardinality": "16940000"
                            },
                            "cpu_time": 10.703991409000002,
                            "children": []
                        }
                    ]
                }
            ]
        }
    ]
}