{
    "rows_returned": 1,
    "latency": 2.317708672,
    "result_set_size": 8,
    "cumulative_rows_scanned": 4383200000,
    "cumulative_cardinality": 209119422,
    "extra_info": {},
    "cpu_time": 34.657707069999965,
    "blocked_thread_time": 0.0,
    "query_name": "SELECT\n    100.00 * sum(CASE\n            WHEN p_type LIKE 'PROMO%' \n            THEN l_extendedprice * (1 - l_discount)\n            ELSE 0\n    END) / sum(l_extendedprice * (1 - l_discount)) AS promo_revenue\nFROM\n    read_parquet([\"s3://tpch10289--apne1-az1--x-s3/21.parquet\", \"s3://tpch10289--apne1-az1--x-s3/27.parquet\", \"s3://tpch10289--apne1-az1--x-s3/28.parquet\", \"s3://tpch10289--apne1-az1--x-s3/211.parquet\", \"s3://tpch10289--apne1-az1--x-s3/264.parquet\", \"s3://tpch10289--apne1-az1--x-s3/265.parquet\", \"s3://tpch10289--apne1-az1--x-s3/266.parquet\", \"s3://tpch10289--apne1-az1--x-s3/267.parquet\", \"s3://tpch10289--apne1-az1--x-s3/268.parquet\", \"s3://tpch10289--apne1-az1--x-s3/269.parquet\", \"s3://tpch10289--apne1-az1--x-s3/270.parquet\", \"s3://tpch10289--apne1-az1--x-s3/284.parquet\", \"s3://tpch10289--apne1-az1--x-s3/285.parquet\", \"s3://tpch10289--apne1-az1--x-s3/287.parquet\", \"s3://tpch10289--apne1-az1--x-s3/288.parquet\", \"s3://tpch10289--apne1-az1--x-s3/554.parquet\", \"s3://tpch10289--apne1-az1--x-s3/555.parquet\", \"s3://tpch10289--apne1-az1--x-s3/556.parquet\", \"s3://tpch10289--apne1-az1--x-s3/557.parquet\", \"s3://tpch10289--apne1-az1--x-s3/558.parquet\", \"s3://tpch10289--apne1-az1--x-s3/559.parquet\", \"s3://tpch10289--apne1-az1--x-s3/560.parquet\", \"s3://tpch10289--apne1-az1--x-s3/561.parquet\", \"s3://tpch10289--apne1-az1--x-s3/681.parquet\", \"s3://tpch10289--apne1-az1--x-s3/682.parquet\", \"s3://tpch10289--apne1-az1--x-s3/683.parquet\", \"s3://tpch10289--apne1-az1--x-s3/684.parquet\", \"s3://tpch10289--apne1-az1--x-s3/685.parquet\", \"s3://tpch10289--apne1-az1--x-s3/686.parquet\", \"s3://tpch10289--apne1-az1--x-s3/687.parquet\", \"s3://tpch10289--apne1-az1--x-s3/822.parquet\", \"s3://tpch10289--apne1-az1--x-s3/823.parquet\", \"s3://tpch10289--apne1-az1--x-s3/826.parquet\", \"s3://tpch10289--apne1-az1--x-s3/827.parquet\", \"s3://tpch10289--apne1-az1--x-s3/828.parquet\", \"s3://tpch10289--apne1-az1--x-s3/829.parquet\", \"s3://tpch10289--apne1-az1--x-s3/831.parquet\", \"s3://tpch10289--apne1-az1--x-s3/1149.parquet\", \"s3://tpch10289--apne1-az1--x-s3/1150.parquet\", \"s3://tpch10289--apne1-az1--x-s3/1151.parquet\", \"s3://tpch10289--apne1-az1--x-s3/1152.parquet\", \"s3://tpch10289--apne1-az1--x-s3/1153.parquet\", \"s3://tpch10289--apne1-az1--x-s3/1154.parquet\", \"s3://tpch10289--apne1-az1--x-s3/1155.parquet\", \"s3://tpch10289--apne1-az1--x-s3/1393.parquet\", \"s3://tpch10289--apne1-az1--x-s3/1394.parquet\", \"s3://tpch10289--apne1-az1--x-s3/1395.parquet\", \"s3://tpch10289--apne1-az1--x-s3/1396.parquet\", \"s3://tpch10289--apne1-az1--x-s3/1397.parquet\", \"s3://tpch10289--apne1-az1--x-s3/1398.parquet\", \"s3://tpch10289--apne1-az1--x-s3/1399.parquet\", \"s3://tpch10289--apne1-az1--x-s3/1472.parquet\", \"s3://tpch10289--apne1-az1--x-s3/1473.parquet\", \"s3://tpch10289--apne1-az1--x-s3/1474.parquet\", \"s3://tpch10289--apne1-az1--x-s3/1475.parquet\", \"s3://tpch10289--apne1-az1--x-s3/1476.parquet\", \"s3://tpch10289--apne1-az1--x-s3/1477.parquet\", \"s3://tpch10289--apne1-az1--x-s3/1478.parquet\", \"s3://tpch10289--apne1-az1--x-s3/1751.parquet\", \"s3://tpch10289--apne1-az1--x-s3/1752.parquet\", \"s3://tpch10289--apne1-az1--x-s3/1753.parquet\", \"s3://tpch10289--apne1-az1--x-s3/1754.parquet\", \"s3://tpch10289--apne1-az1--x-s3/1755.parquet\", \"s3://tpch10289--apne1-az1--x-s3/1756.parquet\", \"s3://tpch10289--apne1-az1--x-s3/1757.parquet\", \"s3://tpch10289--apne1-az1--x-s3/1786.parquet\", \"s3://tpch10289--apne1-az1--x-s3/1787.parquet\", \"s3://tpch10289--apne1-az1--x-s3/1788.parquet\", \"s3://tpch10289--apne1-az1--x-s3/1789.parquet\", \"s3://tpch10289--apne1-az1--x-s3/1791.parquet\", \"s3://tpch10289--apne1-az1--x-s3/1792.parquet\", \"s3://tpch10289--apne1-az1--x-s3/1793.parquet\", \"s3://tpch10289--apne1-az1--x-s3/1996.parquet\", \"s3://tpch10289--apne1-az1--x-s3/1997.parquet\", \"s3://tpch10289--apne1-az1--x-s3/1998.parquet\"]),\n    'pool/part/*.parquet'\nWHERE\n    l_partkey = p_partkey\n    AND l_shipdate >= DATE '1992-01-01' + INTERVAL 28 MONTH\n    AND l_shipdate < DATE '1992-02-01' + INTERVAL 28 MONTH;",
    "children": [
        {
            "result_set_size": 8,
            "operator_timing": 0.00002085,
            "operator_rows_scanned": 0,
            "cumulative_rows_scanned": 4383200000,
            "operator_cardinality": 1,
            "operator_type": "PROJECTION",
            "cumulative_cardinality": 209119422,
            "extra_info": {
                "Projections": "promo_revenue",
                "Estimated Cardinality": "1"
            },
            "cpu_time": 34.657707069999965,
            "children": [
                {
                    "result_set_size": 32,
                    "operator_timing": 0.11874241400000006,
                    "operator_rows_scanned": 0,
                    "cumulative_rows_scanned": 4383200000,
                    "operator_cardinality": 1,
                    "operator_type": "UNGROUPED_AGGREGATE",
                    "cumulative_cardinality": 209119421,
                    "extra_info": {
                        "Aggregates": [
                            "sum(#0)",
                            "sum(#1)"
                        ]
                    },
                    "cpu_time": 34.65768621999997,
                    "children": [
                        {
                            "result_set_size": 642337728,
                            "operator_timing": 0.9518383719999999,
                            "operator_rows_scanned": 0,
                            "cumulative_rows_scanned": 4383200000,
                            "operator_cardinality": 40146108,
                            "operator_type": "PROJECTION",
                            "cumulative_cardinality": 209119420,
                            "extra_info": {
                                "Projections": [
                                    "CASE  WHEN (prefix(p_type, 'PROMO')) THEN ((l_extendedprice * (1.00 - l_discount))) ELSE 0.0000 END",
                                    "(l_extendedprice * (1.00 - l_discount))"
                                ],
                                "Estimated Cardinality": "15200000"
                            },
                            "cpu_time": 34.53894380599996,
                            "children": [
                                {
                                    "result_set_size": 1927013184,
                                    "operator_timing": 10.032859985999977,
                                    "operator_rows_scanned": 0,
                                    "cumulative_rows_scanned": 4383200000,
                                    "operator_cardinality": 40146108,
                                    "operator_type": "HASH_JOIN",
                                    "cumulative_cardinality": 168973312,
                                    "extra_info": {
                                        "Join Type": "INNER",
                                        "Conditions": "p_partkey = l_partkey",
                                        "Estimated Cardinality": "15200000"
                                    },
                                    "cpu_time": 33.587105433999966,
                                    "children": [
                                        {
                                            "result_set_size": 1823999880,
                                            "operator_timing": 2.127932975,
                                            "operator_rows_scanned": 2432000000,
                                            "cumulative_rows_scanned": 2432000000,
                                            "operator_cardinality": 75999995,
                                            "operator_type": "TABLE_SCAN",
                                            "cumulative_cardinality": 75999995,
                                            "extra_info": {
                                                "Function": "PARQUET_SCAN",
                                                "Projections": [
                                                    "p_partkey",
                                                    "p_type"
                                                ],
                                                "Estimated Cardinality": "76000000"
                                            },
                                            "cpu_time": 2.127932975,
                                            "children": []
                                        },
                                        {
                                            "result_set_size": 1267853016,
                                            "operator_timing": 21.42631247299999,
                                            "operator_rows_scanned": 1951200000,
                                            "cumulative_rows_scanned": 1951200000,
                                            "operator_cardinality": 52827209,
                                            "operator_type": "TABLE_SCAN",
                                            "cumulative_cardinality": 52827209,
                                            "extra_info": {
                                                "Function": "READ_PARQUET",
                                                "Projections": [
                                                    "l_partkey",
                                                    "l_extendedprice",
                                                    "l_discount"
                                                ],
                                                "Filters": "l_shipdate>='1994-05-01'::DATE AND l_shipdate<'1994-06-01'::DATE AND l_shipdate IS NOT NULL",
                                                "Estimated Cardinality": "12195000"
                                            },
                                            "cpu_time": 21.42631247299999,
                                            "children": []
                                        }
                                    ]
                                }
                            ]
                        }
                    ]
                }
            ]
        }
    ]
}