{
    "rows_returned": 2,
    "latency": 4.044313846,
    "result_set_size": 96,
    "cumulative_rows_scanned": 33060480000,
    "cumulative_cardinality": 613963638,
    "extra_info": {},
    "cpu_time": 121.77079192300005,
    "blocked_thread_time": 0.0,
    "query_name": "SELECT\n    l_shipmode,\n    sum(CASE \n            WHEN o_orderpriority = '1-URGENT'\n                OR o_orderpriority = '2-HIGH' \n            THEN 1\n            ELSE 0\n    END) AS high_line_count,\n    sum(CASE\n            WHEN o_orderpriority <> '1-URGENT'\n                AND o_orderpriority <> '2-HIGH'\n            THEN 1\n            ELSE 0\n    END) AS low_line_count\nFROM\n    'pool/orders/*.parquet',\n    read_parquet([\"s3://tpch31355--apne1-az1--x-s3/-54.parquet\", \"s3://tpch31355--apne1-az1--x-s3/16.parquet\", \"s3://tpch31355--apne1-az1--x-s3/141.parquet\", \"s3://tpch31355--apne1-az1--x-s3/156.parquet\", \"s3://tpch31355--apne1-az1--x-s3/157.parquet\", \"s3://tpch31355--apne1-az1--x-s3/158.parquet\", \"s3://tpch31355--apne1-az1--x-s3/160.parquet\", \"s3://tpch31355--apne1-az1--x-s3/163.parquet\", \"s3://tpch31355--apne1-az1--x-s3/164.parquet\", \"s3://tpch31355--apne1-az1--x-s3/165.parquet\", \"s3://tpch31355--apne1-az1--x-s3/166.parquet\", \"s3://tpch31355--apne1-az1--x-s3/168.parquet\", \"s3://tpch31355--apne1-az1--x-s3/169.parquet\", \"s3://tpch31355--apne1-az1--x-s3/170.parquet\", \"s3://tpch31355--apne1-az1--x-s3/172.parquet\", \"s3://tpch31355--apne1-az1--x-s3/231.parquet\", \"s3://tpch31355--apne1-az1--x-s3/232.parquet\", \"s3://tpch31355--apne1-az1--x-s3/233.parquet\", \"s3://tpch31355--apne1-az1--x-s3/234.parquet\", \"s3://tpch31355--apne1-az1--x-s3/236.parquet\", \"s3://tpch31355--apne1-az1--x-s3/237.parquet\", \"s3://tpch31355--apne1-az1--x-s3/238.parquet\", \"s3://tpch31355--apne1-az1--x-s3/240.parquet\", \"s3://tpch31355--apne1-az1--x-s3/241.parquet\", \"s3://tpch31355--apne1-az1--x-s3/242.parquet\", \"s3://tpch31355--apne1-az1--x-s3/243.parquet\", \"s3://tpch31355--apne1-az1--x-s3/244.parquet\", \"s3://tpch31355--apne1-az1--x-s3/245.parquet\", \"s3://tpch31355--apne1-az1--x-s3/246.parquet\", \"s3://tpch31355--apne1-az1--x-s3/247.parquet\", \"s3://tpch31355--apne1-az1--x-s3/248.parquet\", \"s3://tpch31355--apne1-az1--x-s3/249.parquet\", \"s3://tpch31355--apne1-az1--x-s3/251.parquet\", \"s3://tpch31355--apne1-az1--x-s3/252.parquet\", \"s3://tpch31355--apne1-az1--x-s3/253.parquet\", \"s3://tpch31355--apne1-az1--x-s3/254.parquet\", \"s3://tpch31355--apne1-az1--x-s3/255.parquet\", \"s3://tpch31355--apne1-az1--x-s3/257.parquet\", \"s3://tpch31355--apne1-az1--x-s3/258.parquet\", \"s3://tpch31355--apne1-az1--x-s3/259.parquet\", \"s3://tpch31355--apne1-az1--x-s3/260.parquet\", \"s3://tpch31355--apne1-az1--x-s3/261.parquet\", \"s3://tpch31355--apne1-az1--x-s3/262.parquet\", \"s3://tpch31355--apne1-az1--x-s3/263.parquet\", \"s3://tpch31355--apne1-az1--x-s3/264.parquet\", \"s3://tpch31355--apne1-az1--x-s3/265.parquet\", \"s3://tpch31355--apne1-az1--x-s3/266.parquet\", \"s3://tpch31355--apne1-az1--x-s3/267.parquet\", \"s3://tpch31355--apne1-az1--x-s3/269.parquet\", \"s3://tpch31355--apne1-az1--x-s3/270.parquet\", \"s3://tpch31355--apne1-az1--x-s3/271.parquet\", \"s3://tpch31355--apne1-az1--x-s3/272.parquet\", \"s3://tpch31355--apne1-az1--x-s3/273.parquet\", \"s3://tpch31355--apne1-az1--x-s3/274.parquet\", \"s3://tpch31355--apne1-az1--x-s3/275.parquet\", \"s3://tpch31355--apne1-az1--x-s3/276.parquet\", \"s3://tpch31355--apne1-az1--x-s3/277.parquet\", \"s3://tpch31355--apne1-az1--x-s3/278.parquet\", \"s3://tpch31355--apne1-az1--x-s3/279.parquet\", \"s3://tpch31355--apne1-az1--x-s3/280.parquet\", \"s3://tpch31355--apne1-az1--x-s3/281.parquet\", \"s3://tpch31355--apne1-az1--x-s3/282.parquet\", \"s3://tpch31355--apne1-az1--x-s3/284.parquet\", \"s3://tpch31355--apne1-az1--x-s3/285.parquet\", \"s3://tpch31355--apne1-az1--x-s3/287.parquet\", \"s3://tpch31355--apne1-az1--x-s3/288.parquet\", \"s3://tpch31355--apne1-az1--x-s3/289.parquet\", \"s3://tpch31355--apne1-az1--x-s3/290.parquet\", \"s3://tpch31355--apne1-az1--x-s3/291.parquet\", \"s3://tpch31355--apne1-az1--x-s3/292.parquet\", \"s3://tpch31355--apne1-az1--x-s3/294.parquet\", \"s3://tpch31355--apne1-az1--x-s3/295.parquet\", \"s3://tpch31355--apne1-az1--x-s3/296.parquet\", \"s3://tpch31355--apne1-az1--x-s3/297.parquet\", \"s3://tpch31355--apne1-az1--x-s3/298.parquet\", \"s3://tpch31355--apne1-az1--x-s3/384.parquet\", \"s3://tpch31355--apne1-az1--x-s3/385.parquet\", \"s3://tpch31355--apne1-az1--x-s3/386.parquet\", \"s3://tpch31355--apne1-az1--x-s3/387.parquet\", \"s3://tpch31355--apne1-az1--x-s3/388.parquet\", \"s3://tpch31355--apne1-az1--x-s3/390.parquet\", \"s3://tpch31355--apne1-az1--x-s3/392.parquet\", \"s3://tpch31355--apne1-az1--x-s3/394.parquet\", \"s3://tpch31355--apne1-az1--x-s3/395.parquet\", \"s3://tpch31355--apne1-az1--x-s3/397.parquet\", \"s3://tpch31355--apne1-az1--x-s3/398.parquet\", \"s3://tpch31355--apne1-az1--x-s3/399.parquet\", \"s3://tpch31355--apne1-az1--x-s3/400.parquet\", \"s3://tpch31355--apne1-az1--x-s3/401.parquet\", \"s3://tpch31355--apne1-az1--x-s3/402.parquet\", \"s3://tpch31355--apne1-az1--x-s3/403.parquet\", \"s3://tpch31355--apne1-az1--x-s3/404.parquet\", \"s3://tpch31355--apne1-az1--x-s3/405.parquet\", \"s3://tpch31355--apne1-az1--x-s3/406.parquet\", \"s3://tpch31355--apne1-az1--x-s3/407.parquet\", \"s3://tpch31355--apne1-az1--x-s3/409.parquet\", \"s3://tpch31355--apne1-az1--x-s3/410.parquet\", \"s3://tpch31355--apne1-az1--x-s3/411.parquet\", \"s3://tpch31355--apne1-az1--x-s3/412.parquet\", \"s3://tpch31355--apne1-az1--x-s3/413.parquet\", \"s3://tpch31355--apne1-az1--x-s3/415.parquet\", \"s3://tpch31355--apne1-az1--x-s3/417.parquet\", \"s3://tpch31355--apne1-az1--x-s3/418.parquet\", \"s3://tpch31355--apne1-az1--x-s3/419.parquet\", \"s3://tpch31355--apne1-az1--x-s3/421.parquet\", \"s3://tpch31355--apne1-az1--x-s3/422.parquet\", \"s3://tpch31355--apne1-az1--x-s3/424.parquet\", \"s3://tpch31355--apne1-az1--x-s3/426.parquet\", \"s3://tpch31355--apne1-az1--x-s3/428.parquet\", \"s3://tpch31355--apne1-az1--x-s3/429.parquet\", \"s3://tpch31355--apne1-az1--x-s3/430.parquet\", \"s3://tpch31355--apne1-az1--x-s3/431.parquet\", \"s3://tpch31355--apne1-az1--x-s3/432.parquet\", \"s3://tpch31355--apne1-az1--x-s3/433.parquet\", \"s3://tpch31355--apne1-az1--x-s3/434.parquet\", \"s3://tpch31355--apne1-az1--x-s3/435.parquet\", \"s3://tpch31355--apne1-az1--x-s3/436.parquet\", \"s3://tpch31355--apne1-az1--x-s3/437.parquet\", \"s3://tpch31355--apne1-az1--x-s3/438.parquet\", \"s3://tpch31355--apne1-az1--x-s3/439.parquet\", \"s3://tpch31355--apne1-az1--x-s3/440.parquet\", \"s3://tpch31355--apne1-az1--x-s3/441.parquet\", \"s3://tpch31355--apne1-az1--x-s3/442.parquet\", \"s3://tpch31355--apne1-az1--x-s3/443.parquet\", \"s3://tpch31355--apne1-az1--x-s3/444.parquet\", \"s3://tpch31355--apne1-az1--x-s3/445.parquet\", \"s3://tpch31355--apne1-az1--x-s3/447.parquet\", \"s3://tpch31355--apne1-az1--x-s3/448.parquet\", \"s3://tpch31355--apne1-az1--x-s3/449.parquet\", \"s3://tpch31355--apne1-az1--x-s3/450.parquet\", \"s3://tpch31355--apne1-az1--x-s3/451.parquet\", \"s3://tpch31355--apne1-az1--x-s3/455.parquet\", \"s3://tpch31355--apne1-az1--x-s3/456.parquet\", \"s3://tpch31355--apne1-az1--x-s3/457.parquet\", \"s3://tpch31355--apne1-az1--x-s3/458.parquet\", \"s3://tpch31355--apne1-az1--x-s3/565.parquet\", \"s3://tpch31355--apne1-az1--x-s3/569.parquet\", \"s3://tpch31355--apne1-az1--x-s3/570.parquet\", \"s3://tpch31355--apne1-az1--x-s3/571.parquet\", \"s3://tpch31355--apne1-az1--x-s3/572.parquet\", \"s3://tpch31355--apne1-az1--x-s3/573.parquet\", \"s3://tpch31355--apne1-az1--x-s3/574.parquet\", \"s3://tpch31355--apne1-az1--x-s3/577.parquet\", \"s3://tpch31355--apne1-az1--x-s3/578.parquet\", \"s3://tpch31355--apne1-az1--x-s3/579.parquet\", \"s3://tpch31355--apne1-az1--x-s3/580.parquet\", \"s3://tpch31355--apne1-az1--x-s3/582.parquet\", \"s3://tpch31355--apne1-az1--x-s3/583.parquet\", \"s3://tpch31355--apne1-az1--x-s3/584.parquet\", \"s3://tpch31355--apne1-az1--x-s3/586.parquet\", \"s3://tpch31355--apne1-az1--x-s3/587.parquet\", \"s3://tpch31355--apne1-az1--x-s3/588.parquet\", \"s3://tpch31355--apne1-az1--x-s3/589.parquet\", \"s3://tpch31355--apne1-az1--x-s3/590.parquet\", \"s3://tpch31355--apne1-az1--x-s3/591.parquet\", \"s3://tpch31355--apne1-az1--x-s3/592.parquet\", \"s3://tpch31355--apne1-az1--x-s3/594.parquet\", \"s3://tpch31355--apne1-az1--x-s3/595.parquet\", \"s3://tpch31355--apne1-az1--x-s3/596.parquet\", \"s3://tpch31355--apne1-az1--x-s3/597.parquet\", \"s3://tpch31355--apne1-az1--x-s3/598.parquet\", \"s3://tpch31355--apne1-az1--x-s3/600.parquet\", \"s3://tpch31355--apne1-az1--x-s3/601.parquet\", \"s3://tpch31355--apne1-az1--x-s3/602.parquet\", \"s3://tpch31355--apne1-az1--x-s3/603.parquet\", \"s3://tpch31355--apne1-az1--x-s3/604.parquet\", \"s3://tpch31355--apne1-az1--x-s3/605.parquet\", \"s3://tpch31355--apne1-az1--x-s3/606.parquet\", \"s3://tpch31355--apne1-az1--x-s3/607.parquet\", \"s3://tpch31355--apne1-az1--x-s3/608.parquet\", \"s3://tpch31355--apne1-az1--x-s3/609.parquet\", \"s3://tpch31355--apne1-az1--x-s3/610.parquet\", \"s3://tpch31355--apne1-az1--x-s3/611.parquet\", \"s3://tpch31355--apne1-az1--x-s3/613.parquet\", \"s3://tpch31355--apne1-az1--x-s3/615.parquet\", \"s3://tpch31355--apne1-az1--x-s3/616.parquet\", \"s3://tpch31355--apne1-az1--x-s3/617.parquet\", \"s3://tpch31355--apne1-az1--x-s3/618.parquet\", \"s3://tpch31355--apne1-az1--x-s3/619.parquet\", \"s3://tpch31355--apne1-az1--x-s3/620.parquet\", \"s3://tpch31355--apne1-az1--x-s3/621.parquet\", \"s3://tpch31355--apne1-az1--x-s3/622.parquet\", \"s3://tpch31355--apne1-az1--x-s3/623.parquet\", \"s3://tpch31355--apne1-az1--x-s3/624.parquet\", \"s3://tpch31355--apne1-az1--x-s3/625.parquet\", \"s3://tpch31355--apne1-az1--x-s3/626.parquet\", \"s3://tpch31355--apne1-az1--x-s3/627.parquet\", \"s3://tpch31355--apne1-az1--x-s3/628.parquet\", \"s3://tpch31355--apne1-az1--x-s3/629.parquet\", \"s3://tpch31355--apne1-az1--x-s3/631.parquet\", \"s3://tpch31355--apne1-az1--x-s3/632.parquet\", \"s3://tpch31355--apne1-az1--x-s3/634.parquet\", \"s3://tpch31355--apne1-az1--x-s3/636.parquet\", \"s3://tpch31355--apne1-az1--x-s3/639.parquet\", \"s3://tpch31355--apne1-az1--x-s3/1001.parquet\", \"s3://tpch31355--apne1-az1--x-s3/1003.parquet\", \"s3://tpch31355--apne1-az1--x-s3/1004.parquet\", \"s3://tpch31355--apne1-az1--x-s3/1005.parquet\", \"s3://tpch31355--apne1-az1--x-s3/1006.parquet\", \"s3://tpch31355--apne1-az1--x-s3/1007.parquet\", \"s3://tpch31355--apne1-az1--x-s3/1008.parquet\", \"s3://tpch31355--apne1-az1--x-s3/1009.parquet\", \"s3://tpch31355--apne1-az1--x-s3/1010.parquet\", \"s3://tpch31355--apne1-az1--x-s3/1012.parquet\", \"s3://tpch31355--apne1-az1--x-s3/1013.parquet\", \"s3://tpch31355--apne1-az1--x-s3/1014.parquet\", \"s3://tpch31355--apne1-az1--x-s3/1015.parquet\", \"s3://tpch31355--apne1-az1--x-s3/1016.parquet\", \"s3://tpch31355--apne1-az1--x-s3/1017.parquet\", \"s3://tpch31355--apne1-az1--x-s3/1018.parquet\", \"s3://tpch31355--apne1-az1--x-s3/1019.parquet\", \"s3://tpch31355--apne1-az1--x-s3/1020.parquet\", \"s3://tpch31355--apne1-az1--x-s3/1021.parquet\", \"s3://tpch31355--apne1-az1--x-s3/1022.parquet\", \"s3://tpch31355--apne1-az1--x-s3/1023.parquet\", \"s3://tpch31355--apne1-az1--x-s3/1024.parquet\", \"s3://tpch31355--apne1-az1--x-s3/1025.parquet\", \"s3://tpch31355--apne1-az1--x-s3/1026.parquet\", \"s3://tpch31355--apne1-az1--x-s3/1027.parquet\", \"s3://tpch31355--apne1-az1--x-s3/1028.parquet\", \"s3://tpch31355--apne1-az1--x-s3/1029.parquet\", \"s3://tpch31355--apne1-az1--x-s3/1030.parquet\", \"s3://tpch31355--apne1-az1--x-s3/1031.parquet\", \"s3://tpch31355--apne1-az1--x-s3/1032.parquet\", \"s3://tpch31355--apne1-az1--x-s3/1033.parquet\", \"s3://tpch31355--apne1-az1--x-s3/1034.parquet\", \"s3://tpch31355--apne1-az1--x-s3/1035.parquet\", \"s3://tpch31355--apne1-az1--x-s3/1036.parquet\", \"s3://tpch31355--apne1-az1--x-s3/1037.parquet\", \"s3://tpch31355--apne1-az1--x-s3/1038.parquet\", \"s3://tpch31355--apne1-az1--x-s3/1039.parquet\", \"s3://tpch31355--apne1-az1--x-s3/1040.parquet\", \"s3://tpch31355--apne1-az1--x-s3/1041.parquet\", \"s3://tpch31355--apne1-az1--x-s3/1042.parquet\", \"s3://tpch31355--apne1-az1--x-s3/1043.parquet\", \"s3://tpch31355--apne1-az1--x-s3/1044.parquet\", \"s3://tpch31355--apne1-az1--x-s3/1045.parquet\", \"s3://tpch31355--apne1-az1--x-s3/1046.parquet\", \"s3://tpch31355--apne1-az1--x-s3/1047.parquet\", \"s3://tpch31355--apne1-az1--x-s3/1048.parquet\", \"s3://tpch31355--apne1-az1--x-s3/1049.parquet\", \"s3://tpch31355--apne1-az1--x-s3/1050.parquet\", \"s3://tpch31355--apne1-az1--x-s3/1051.parquet\", \"s3://tpch31355--apne1-az1--x-s3/1052.parquet\", \"s3://tpch31355--apne1-az1--x-s3/1053.parquet\", \"s3://tpch31355--apne1-az1--x-s3/1054.parquet\", \"s3://tpch31355--apne1-az1--x-s3/1055.parquet\", \"s3://tpch31355--apne1-az1--x-s3/1056.parquet\", \"s3://tpch31355--apne1-az1--x-s3/1057.parquet\", \"s3://tpch31355--apne1-az1--x-s3/1058.parquet\", \"s3://tpch31355--apne1-az1--x-s3/1059.parquet\", \"s3://tpch31355--apne1-az1--x-s3/1060.parquet\", \"s3://tpch31355--apne1-az1--x-s3/1061.parquet\", \"s3://tpch31355--apne1-az1--x-s3/1062.parquet\", \"s3://tpch31355--apne1-az1--x-s3/1063.parquet\", \"s3://tpch31355--apne1-az1--x-s3/1065.parquet\", \"s3://tpch31355--apne1-az1--x-s3/1066.parquet\", \"s3://tpch31355--apne1-az1--x-s3/1067.parquet\", \"s3://tpch31355--apne1-az1--x-s3/1068.parquet\", \"s3://tpch31355--apne1-az1--x-s3/1069.parquet\", \"s3://tpch31355--apne1-az1--x-s3/1070.parquet\", \"s3://tpch31355--apne1-az1--x-s3/1071.parquet\", \"s3://tpch31355--apne1-az1--x-s3/1072.parquet\", \"s3://tpch31355--apne1-az1--x-s3/1073.parquet\", \"s3://tpch31355--apne1-az1--x-s3/1074.parquet\", \"s3://tpch31355--apne1-az1--x-s3/1075.parquet\", \"s3://tpch31355--apne1-az1--x-s3/1076.parquet\", \"s3://tpch31355--apne1-az1--x-s3/1077.parquet\", \"s3://tpch31355--apne1-az1--x-s3/1078.parquet\", \"s3://tpch31355--apne1-az1--x-s3/1079.parquet\", \"s3://tpch31355--apne1-az1--x-s3/1080.parquet\", \"s3://tpch31355--apne1-az1--x-s3/1081.parquet\", \"s3://tpch31355--apne1-az1--x-s3/1082.parquet\", \"s3://tpch31355--apne1-az1--x-s3/1083.parquet\", \"s3://tpch31355--apne1-az1--x-s3/1084.parquet\", \"s3://tpch31355--apne1-az1--x-s3/1085.parquet\", \"s3://tpch31355--apne1-az1--x-s3/1086.parquet\", \"s3://tpch31355--apne1-az1--x-s3/1087.parquet\", \"s3://tpch31355--apne1-az1--x-s3/1088.parquet\", \"s3://tpch31355--apne1-az1--x-s3/1089.parquet\", \"s3://tpch31355--apne1-az1--x-s3/1090.parquet\", \"s3://tpch31355--apne1-az1--x-s3/1091.parquet\", \"s3://tpch31355--apne1-az1--x-s3/1092.parquet\", \"s3://tpch31355--apne1-az1--x-s3/1093.parquet\", \"s3://tpch31355--apne1-az1--x-s3/1094.parquet\", \"s3://tpch31355--apne1-az1--x-s3/1095.parquet\", \"s3://tpch31355--apne1-az1--x-s3/1096.parquet\", \"s3://tpch31355--apne1-az1--x-s3/1097.parquet\", \"s3://tpch31355--apne1-az1--x-s3/1098.parquet\", \"s3://tpch31355--apne1-az1--x-s3/1099.parquet\", \"s3://tpch31355--apne1-az1--x-s3/1100.parquet\", \"s3://tpch31355--apne1-az1--x-s3/1101.parquet\", \"s3://tpch31355--apne1-az1--x-s3/1102.parquet\", \"s3://tpch31355--apne1-az1--x-s3/1103.parquet\", \"s3://tpch31355--apne1-az1--x-s3/1104.parquet\", \"s3://tpch31355--apne1-az1--x-s3/1105.parquet\", \"s3://tpch31355--apne1-az1--x-s3/1106.parquet\", \"s3://tpch31355--apne1-az1--x-s3/1107.parquet\", \"s3://tpch31355--apne1-az1--x-s3/1108.parquet\", \"s3://tpch31355--apne1-az1--x-s3/1109.parquet\", \"s3://tpch31355--apne1-az1--x-s3/1110.parquet\", \"s3://tpch31355--apne1-az1--x-s3/1111.parquet\", \"s3://tpch31355--apne1-az1--x-s3/1112.parquet\", \"s3://tpch31355--apne1-az1--x-s3/1113.parquet\", \"s3://tpch31355--apne1-az1--x-s3/1114.parquet\", \"s3://tpch31355--apne1-az1--x-s3/1115.parquet\", \"s3://tpch31355--apne1-az1--x-s3/1116.parquet\", \"s3://tpch31355--apne1-az1--x-s3/1117.parquet\", \"s3://tpch31355--apne1-az1--x-s3/1118.parquet\", \"s3://tpch31355--apne1-az1--x-s3/1119.parquet\", \"s3://tpch31355--apne1-az1--x-s3/1120.parquet\", \"s3://tpch31355--apne1-az1--x-s3/1121.parquet\", \"s3://tpch31355--apne1-az1--x-s3/1122.parquet\", \"s3://tpch31355--apne1-az1--x-s3/1123.parquet\", \"s3://tpch31355--apne1-az1--x-s3/1207.parquet\", \"s3://tpch31355--apne1-az1--x-s3/1208.parquet\", \"s3://tpch31355--apne1-az1--x-s3/1209.parquet\", \"s3://tpch31355--apne1-az1--x-s3/1210.parquet\", \"s3://tpch31355--apne1-az1--x-s3/1211.parquet\", \"s3://tpch31355--apne1-az1--x-s3/1212.parquet\", \"s3://tpch31355--apne1-az1--x-s3/1213.parquet\", \"s3://tpch31355--apne1-az1--x-s3/1214.parquet\", \"s3://tpch31355--apne1-az1--x-s3/1215.parquet\", \"s3://tpch31355--apne1-az1--x-s3/1216.parquet\", \"s3://tpch31355--apne1-az1--x-s3/1217.parquet\", \"s3://tpch31355--apne1-az1--x-s3/1218.parquet\", \"s3://tpch31355--apne1-az1--x-s3/1219.parquet\", \"s3://tpch31355--apne1-az1--x-s3/1220.parquet\", \"s3://tpch31355--apne1-az1--x-s3/1221.parquet\", \"s3://tpch31355--apne1-az1--x-s3/1222.parquet\", \"s3://tpch31355--apne1-az1--x-s3/1223.parquet\", \"s3://tpch31355--apne1-az1--x-s3/1224.parquet\", \"s3://tpch31355--apne1-az1--x-s3/1225.parquet\", \"s3://tpch31355--apne1-az1--x-s3/1226.parquet\", \"s3://tpch31355--apne1-az1--x-s3/1227.parquet\", \"s3://tpch31355--apne1-az1--x-s3/1228.parquet\", \"s3://tpch31355--apne1-az1--x-s3/1229.parquet\", \"s3://tpch31355--apne1-az1--x-s3/1230.parquet\", \"s3://tpch31355--apne1-az1--x-s3/1231.parquet\", \"s3://tpch31355--apne1-az1--x-s3/1232.parquet\", \"s3://tpch31355--apne1-az1--x-s3/1233.parquet\", \"s3://tpch31355--apne1-az1--x-s3/1234.parquet\", \"s3://tpch31355--apne1-az1--x-s3/1235.parquet\", \"s3://tpch31355--apne1-az1--x-s3/1236.parquet\", \"s3://tpch31355--apne1-az1--x-s3/1237.parquet\", \"s3://tpch31355--apne1-az1--x-s3/1238.parquet\", \"s3://tpch31355--apne1-az1--x-s3/1327.parquet\", \"s3://tpch31355--apne1-az1--x-s3/1351.parquet\", \"s3://tpch31355--apne1-az1--x-s3/1352.parquet\", \"s3://tpch31355--apne1-az1--x-s3/1353.parquet\", \"s3://tpch31355--apne1-az1--x-s3/1355.parquet\", \"s3://tpch31355--apne1-az1--x-s3/1356.parquet\", \"s3://tpch31355--apne1-az1--x-s3/1357.parquet\", \"s3://tpch31355--apne1-az1--x-s3/1358.parquet\", \"s3://tpch31355--apne1-az1--x-s3/1359.parquet\", \"s3://tpch31355--apne1-az1--x-s3/1360.parquet\", \"s3://tpch31355--apne1-az1--x-s3/1361.parquet\", \"s3://tpch31355--apne1-az1--x-s3/1362.parquet\", \"s3://tpch31355--apne1-az1--x-s3/1363.parquet\", \"s3://tpch31355--apne1-az1--x-s3/1364.parquet\", \"s3://tpch31355--apne1-az1--x-s3/1365.parquet\", \"s3://tpch31355--apne1-az1--x-s3/1366.parquet\", \"s3://tpch31355--apne1-az1--x-s3/1367.parquet\", \"s3://tpch31355--apne1-az1--x-s3/1368.parquet\", \"s3://tpch31355--apne1-az1--x-s3/1369.parquet\", \"s3://tpch31355--apne1-az1--x-s3/1370.parquet\", \"s3://tpch31355--apne1-az1--x-s3/1371.parquet\", \"s3://tpch31355--apne1-az1--x-s3/1372.parquet\", \"s3://tpch31355--apne1-az1--x-s3/1373.parquet\", \"s3://tpch31355--apne1-az1--x-s3/1374.parquet\", \"s3://tpch31355--apne1-az1--x-s3/1375.parquet\", \"s3://tpch31355--apne1-az1--x-s3/1376.parquet\", \"s3://tpch31355--apne1-az1--x-s3/1377.parquet\", \"s3://tpch31355--apne1-az1--x-s3/1378.parquet\", \"s3://tpch31355--apne1-az1--x-s3/1379.parquet\", \"s3://tpch31355--apne1-az1--x-s3/1380.parquet\", \"s3://tpch31355--apne1-az1--x-s3/1381.parquet\", \"s3://tpch31355--apne1-az1--x-s3/1382.parquet\", \"s3://tpch31355--apne1-az1--x-s3/1383.parquet\", \"s3://tpch31355--apne1-az1--x-s3/1385.parquet\", \"s3://tpch31355--apne1-az1--x-s3/1386.parquet\", \"s3://tpch31355--apne1-az1--x-s3/1387.parquet\", \"s3://tpch31355--apne1-az1--x-s3/1388.parquet\", \"s3://tpch31355--apne1-az1--x-s3/1389.parquet\", \"s3://tpch31355--apne1-az1--x-s3/1390.parquet\", \"s3://tpch31355--apne1-az1--x-s3/1391.parquet\", \"s3://tpch31355--apne1-az1--x-s3/1392.parquet\", \"s3://tpch31355--apne1-az1--x-s3/1393.parquet\", \"s3://tpch31355--apne1-az1--x-s3/1394.parquet\", \"s3://tpch31355--apne1-az1--x-s3/1395.parquet\", \"s3://tpch31355--apne1-az1--x-s3/1473.parquet\", \"s3://tpch31355--apne1-az1--x-s3/1561.parquet\", \"s3://tpch31355--apne1-az1--x-s3/1562.parquet\", \"s3://tpch31355--apne1-az1--x-s3/1563.parquet\", \"s3://tpch31355--apne1-az1--x-s3/1564.parquet\", \"s3://tpch31355--apne1-az1--x-s3/1565.parquet\", \"s3://tpch31355--apne1-az1--x-s3/1566.parquet\", \"s3://tpch31355--apne1-az1--x-s3/1567.parquet\", \"s3://tpch31355--apne1-az1--x-s3/1568.parquet\", \"s3://tpch31355--apne1-az1--x-s3/1569.parquet\", \"s3://tpch31355--apne1-az1--x-s3/1570.parquet\", \"s3://tpch31355--apne1-az1--x-s3/1571.parquet\", \"s3://tpch31355--apne1-az1--x-s3/1572.parquet\", \"s3://tpch31355--apne1-az1--x-s3/1573.parquet\", \"s3://tpch31355--apne1-az1--x-s3/1574.parquet\", \"s3://tpch31355--apne1-az1--x-s3/1575.parquet\", \"s3://tpch31355--apne1-az1--x-s3/1576.parquet\", \"s3://tpch31355--apne1-az1--x-s3/1577.parquet\", \"s3://tpch31355--apne1-az1--x-s3/1578.parquet\", \"s3://tpch31355--apne1-az1--x-s3/1579.parquet\", \"s3://tpch31355--apne1-az1--x-s3/1580.parquet\", \"s3://tpch31355--apne1-az1--x-s3/1581.parquet\", \"s3://tpch31355--apne1-az1--x-s3/1582.parquet\", \"s3://tpch31355--apne1-az1--x-s3/1583.parquet\", \"s3://tpch31355--apne1-az1--x-s3/1584.parquet\", \"s3://tpch31355--apne1-az1--x-s3/1585.parquet\", \"s3://tpch31355--apne1-az1--x-s3/1586.parquet\", \"s3://tpch31355--apne1-az1--x-s3/1587.parquet\", \"s3://tpch31355--apne1-az1--x-s3/1588.parquet\", \"s3://tpch31355--apne1-az1--x-s3/1589.parquet\", \"s3://tpch31355--apne1-az1--x-s3/1590.parquet\", \"s3://tpch31355--apne1-az1--x-s3/1591.parquet\", \"s3://tpch31355--apne1-az1--x-s3/1592.parquet\", \"s3://tpch31355--apne1-az1--x-s3/1593.parquet\", \"s3://tpch31355--apne1-az1--x-s3/1594.parquet\", \"s3://tpch31355--apne1-az1--x-s3/1595.parquet\", \"s3://tpch31355--apne1-az1--x-s3/1596.parquet\", \"s3://tpch31355--apne1-az1--x-s3/1597.parquet\", \"s3://tpch31355--apne1-az1--x-s3/1598.parquet\", \"s3://tpch31355--apne1-az1--x-s3/1599.parquet\", \"s3://tpch31355--apne1-az1--x-s3/1600.parquet\", \"s3://tpch31355--apne1-az1--x-s3/1601.parquet\", \"s3://tpch31355--apne1-az1--x-s3/1602.parquet\", \"s3://tpch31355--apne1-az1--x-s3/1603.parquet\", \"s3://tpch31355--apne1-az1--x-s3/1604.parquet\", \"s3://tpch31355--apne1-az1--x-s3/1605.parquet\", \"s3://tpch31355--apne1-az1--x-s3/1606.parquet\", \"s3://tpch31355--apne1-az1--x-s3/1607.parquet\", \"s3://tpch31355--apne1-az1--x-s3/1608.parquet\", \"s3://tpch31355--apne1-az1--x-s3/1609.parquet\", \"s3://tpch31355--apne1-az1--x-s3/1610.parquet\", \"s3://tpch31355--apne1-az1--x-s3/1611.parquet\", \"s3://tpch31355--apne1-az1--x-s3/1612.parquet\", \"s3://tpch31355--apne1-az1--x-s3/1613.parquet\", \"s3://tpch31355--apne1-az1--x-s3/1614.parquet\", \"s3://tpch31355--apne1-az1--x-s3/1615.parquet\", \"s3://tpch31355--apne1-az1--x-s3/1616.parquet\", \"s3://tpch31355--apne1-az1--x-s3/1617.parquet\", \"s3://tpch31355--apne1-az1--x-s3/1618.parquet\", \"s3://tpch31355--apne1-az1--x-s3/1619.parquet\", \"s3://tpch31355--apne1-az1--x-s3/1620.parquet\", \"s3://tpch31355--apne1-az1--x-s3/1621.parquet\", \"s3://tpch31355--apne1-az1--x-s3/1622.parquet\", \"s3://tpch31355--apne1-az1--x-s3/1623.parquet\", \"s3://tpch31355--apne1-az1--x-s3/1624.parquet\", \"s3://tpch31355--apne1-az1--x-s3/1625.parquet\", \"s3://tpch31355--apne1-az1--x-s3/1626.parquet\", \"s3://tpch31355--apne1-az1--x-s3/1627.parquet\", \"s3://tpch31355--apne1-az1--x-s3/1628.parquet\", \"s3://tpch31355--apne1-az1--x-s3/1629.parquet\", \"s3://tpch31355--apne1-az1--x-s3/1630.parquet\", \"s3://tpch31355--apne1-az1--x-s3/1631.parquet\", \"s3://tpch31355--apne1-az1--x-s3/1632.parquet\", \"s3://tpch31355--apne1-az1--x-s3/1633.parquet\", \"s3://tpch31355--apne1-az1--x-s3/1634.parquet\", \"s3://tpch31355--apne1-az1--x-s3/1635.parquet\", \"s3://tpch31355--apne1-az1--x-s3/1636.parquet\", \"s3://tpch31355--apne1-az1--x-s3/1637.parquet\", \"s3://tpch31355--apne1-az1--x-s3/1638.parquet\", \"s3://tpch31355--apne1-az1--x-s3/1639.parquet\", \"s3://tpch31355--apne1-az1--x-s3/1640.parquet\", \"s3://tpch31355--apne1-az1--x-s3/1641.parquet\", \"s3://tpch31355--apne1-az1--x-s3/1642.parquet\", \"s3://tpch31355--apne1-az1--x-s3/1643.parquet\", \"s3://tpch31355--apne1-az1--x-s3/1644.parquet\", \"s3://tpch31355--apne1-az1--x-s3/1645.parquet\", \"s3://tpch31355--apne1-az1--x-s3/1646.parquet\", \"s3://tpch31355--apne1-az1--x-s3/1647.parquet\", \"s3://tpch31355--apne1-az1--x-s3/1648.parquet\", \"s3://tpch31355--apne1-az1--x-s3/1650.parquet\", \"s3://tpch31355--apne1-az1--x-s3/1702.parquet\", \"s3://tpch31355--apne1-az1--x-s3/1704.parquet\", \"s3://tpch31355--apne1-az1--x-s3/1705.parquet\", \"s3://tpch31355--apne1-az1--x-s3/1706.parquet\", \"s3://tpch31355--apne1-az1--x-s3/1707.parquet\", \"s3://tpch31355--apne1-az1--x-s3/1708.parquet\", \"s3://tpch31355--apne1-az1--x-s3/1709.parquet\", \"s3://tpch31355--apne1-az1--x-s3/1710.parquet\", \"s3://tpch31355--apne1-az1--x-s3/1711.parquet\", \"s3://tpch31355--apne1-az1--x-s3/1712.parquet\", \"s3://tpch31355--apne1-az1--x-s3/1713.parquet\", \"s3://tpch31355--apne1-az1--x-s3/1714.parquet\", \"s3://tpch31355--apne1-az1--x-s3/1715.parquet\", \"s3://tpch31355--apne1-az1--x-s3/1716.parquet\", \"s3://tpch31355--apne1-az1--x-s3/1717.parquet\", \"s3://tpch31355--apne1-az1--x-s3/1718.parquet\", \"s3://tpch31355--apne1-az1--x-s3/1719.parquet\", \"s3://tpch31355--apne1-az1--x-s3/1720.parquet\", \"s3://tpch31355--apne1-az1--x-s3/1721.parquet\", \"s3://tpch31355--apne1-az1--x-s3/1722.parquet\", \"s3://tpch31355--apne1-az1--x-s3/1723.parquet\", \"s3://tpch31355--apne1-az1--x-s3/1724.parquet\", \"s3://tpch31355--apne1-az1--x-s3/1725.parquet\", \"s3://tpch31355--apne1-az1--x-s3/1726.parquet\", \"s3://tpch31355--apne1-az1--x-s3/1727.parquet\"])\nWHERE\n    o_orderkey = l_orderkey\n    AND l_shipmode IN ('MAIL', 'TRUCK')\n    AND l_commitdate < l_receiptdate\n    AND l_shipdate < l_commitdate\n    AND l_receiptdate >= DATE '1992-01-01' + INTERVAL 12 MONTH\n    AND l_receiptdate < DATE '1993-01-01' + INTERVAL 12 MONTH\nGROUP BY\n    l_shipmode\nORDER BY\n    l_shipmode;",
    "children": [
        {
            "result_set_size": 96,
            "operator_timing": 0.001053275,
            "operator_rows_scanned": 0,
            "cumulative_rows_scanned": 33060480000,
            "operator_cardinality": 2,
            "operator_type": "ORDER_BY",
            "cumulative_cardinality": 613963638,
            "extra_info": {
                "Order By": "read_parquet.l_shipmode ASC"
            },
            "cpu_time": 121.77079192300005,
            "children": [
                {
                    "result_set_size": 96,
                    "operator_timing": 0.07049381400000002,
                    "operator_rows_scanned": 0,
                    "cumulative_rows_scanned": 33060480000,
                    "operator_cardinality": 2,
                    "operator_type": "HASH_GROUP_BY",
                    "cumulative_cardinality": 613963636,
                    "extra_info": {
                        "Groups": "#0",
                        "Aggregates": [
                            "sum(#1)",
                            "sum(#2)"
                        ],
                        "Estimated Cardinality": "12300000"
                    },
                    "cpu_time": 121.76973864800004,
                    "children": [
                        {
                            "result_set_size": 71263848,
                            "operator_timing": 0.06048508699999999,
                            "operator_rows_scanned": 0,
                            "cumulative_rows_scanned": 33060480000,
                            "operator_cardinality": 2969327,
                            "operator_type": "PROJECTION",
                            "cumulative_cardinality": 613963634,
                            "extra_info": {
                                "Projections": [
                                    "l_shipmode",
                                    "CASE  WHEN (((o_orderpriority = '1-URGENT') OR (o_orderpriority = '2-HIGH'))) THEN (1) ELSE 0 END",
                                    "CASE  WHEN (((o_orderpriority != '1-URGENT') AND (o_orderpriority != '2-HIGH'))) THEN (1) ELSE 0 END"
                                ],
                                "Estimated Cardinality": "24600000"
                            },
                            "cpu_time": 121.69924483400004,
                            "children": [
                                {
                                    "result_set_size": 142527696,
                                    "operator_timing": 4.610612473999979,
                                    "operator_rows_scanned": 0,
                                    "cumulative_rows_scanned": 33060480000,
                                    "operator_cardinality": 2969327,
                                    "operator_type": "HASH_JOIN",
                                    "cumulative_cardinality": 610994307,
                                    "extra_info": {
                                        "Join Type": "INNER",
                                        "Conditions": "o_orderkey = l_orderkey",
                                        "Estimated Cardinality": "24600000"
                                    },
                                    "cpu_time": 121.63875974700004,
                                    "children": [
                                        {
                                            "result_set_size": 5399990808,
                                            "operator_timing": 8.210484439,
                                            "operator_rows_scanned": 19680000000,
                                            "cumulative_rows_scanned": 19680000000,
                                            "operator_cardinality": 224999617,
                                            "operator_type": "TABLE_SCAN",
                                            "cumulative_cardinality": 224999617,
                                            "extra_info": {
                                                "Function": "PARQUET_SCAN",
                                                "Projections": [
                                                    "o_orderkey",
                                                    "o_orderpriority"
                                                ],
                                                "Estimated Cardinality": "615000000"
                                            },
                                            "cpu_time": 8.210484439,
                                            "children": []
                                        },
                                        {
                                            "result_set_size": 106895772,
                                            "operator_timing": 1.211003049,
                                            "operator_rows_scanned": 0,
                                            "cumulative_rows_scanned": 13380480000,
                                            "operator_cardinality": 2969327,
                                            "operator_type": "FILTER",
                                            "cumulative_cardinality": 383025363,
                                            "extra_info": {
                                                "Expression": "((l_commitdate < l_receiptdate) AND (l_shipdate < l_commitdate) AND ((l_shipmode = 'MAIL') OR (l_shipmode = 'TRUCK')))",
                                                "Estimated Cardinality": "16725600"
                                            },
                                            "cpu_time": 108.81766283400006,
                                            "children": [
                                                {
                                                    "result_set_size": 13682017296,
                                                    "operator_timing": 107.60665978500006,
                                                    "operator_rows_scanned": 13380480000,
                                                    "cumulative_rows_scanned": 13380480000,
                                                    "operator_cardinality": 380056036,
                                                    "operator_type": "TABLE_SCAN",
                                                    "cumulative_cardinality": 380056036,
                                                    "extra_info": {
                                                        "Function": "READ_PARQUET",
                                                        "Projections": [
                                                            "l_orderkey",
                                                            "l_shipmode",
                                                            "l_commitdate",
                                                            "l_receiptdate",
                                                            "l_shipdate"
                                                        ],
                                                        "Filters": [
                                                            "l_receiptdate>='1993-01-01'::DATE AND l_receiptdate<'1994-01-01'::DATE AND l_receiptdate IS NOT NULL",
                                                            "l_commitdate<'1994-01-01'::DATE AND l_commitdate IS NOT NULL",
                                                            "l_shipdate<'1994-01-01'::DATE AND l_shipdate IS NOT NULL"
                                                        ],
                                                        "Estimated Cardinality": "83628000"
                                                    },
                                                    "cpu_time": 107.60665978500006,
                                                    "children": []
                                                }
                                            ]
                                        }
                                    ]
                                }
                            ]
                        }
                    ]
                }
            ]
        }
    ]
}