{
    "rows_returned": 1,
    "latency": 4.653293357,
    "result_set_size": 8,
    "cumulative_rows_scanned": 14445184000,
    "cumulative_cardinality": 252153534,
    "extra_info": {},
    "cpu_time": 134.932270337,
    "blocked_thread_time": 0.0,
    "query_name": "SELECT\n    100.00 * sum(CASE\n            WHEN p_type LIKE 'PROMO%' \n            THEN l_extendedprice * (1 - l_discount)\n            ELSE 0\n    END) / sum(l_extendedprice * (1 - l_discount)) AS promo_revenue\nFROM\n    read_parquet([\"s3://tpch10289--apne1-az1--x-s3/183.parquet\", \"s3://tpch10289--apne1-az1--x-s3/184.parquet\", \"s3://tpch10289--apne1-az1--x-s3/346.parquet\", \"s3://tpch10289--apne1-az1--x-s3/348.parquet\", \"s3://tpch10289--apne1-az1--x-s3/349.parquet\", \"s3://tpch10289--apne1-az1--x-s3/350.parquet\", \"s3://tpch10289--apne1-az1--x-s3/351.parquet\", \"s3://tpch10289--apne1-az1--x-s3/611.parquet\", \"s3://tpch10289--apne1-az1--x-s3/612.parquet\", \"s3://tpch10289--apne1-az1--x-s3/614.parquet\", \"s3://tpch10289--apne1-az1--x-s3/615.parquet\", \"s3://tpch10289--apne1-az1--x-s3/617.parquet\", \"s3://tpch10289--apne1-az1--x-s3/618.parquet\", \"s3://tpch10289--apne1-az1--x-s3/619.parquet\", \"s3://tpch10289--apne1-az1--x-s3/620.parquet\", \"s3://tpch10289--apne1-az1--x-s3/741.parquet\", \"s3://tpch10289--apne1-az1--x-s3/742.parquet\", \"s3://tpch10289--apne1-az1--x-s3/743.parquet\", \"s3://tpch10289--apne1-az1--x-s3/744.parquet\", \"s3://tpch10289--apne1-az1--x-s3/745.parquet\", \"s3://tpch10289--apne1-az1--x-s3/746.parquet\", \"s3://tpch10289--apne1-az1--x-s3/747.parquet\", \"s3://tpch10289--apne1-az1--x-s3/889.parquet\", \"s3://tpch10289--apne1-az1--x-s3/890.parquet\", \"s3://tpch10289--apne1-az1--x-s3/891.parquet\", \"s3://tpch10289--apne1-az1--x-s3/892.parquet\", \"s3://tpch10289--apne1-az1--x-s3/893.parquet\", \"s3://tpch10289--apne1-az1--x-s3/894.parquet\", \"s3://tpch10289--apne1-az1--x-s3/895.parquet\", \"s3://tpch10289--apne1-az1--x-s3/938.parquet\", \"s3://tpch10289--apne1-az1--x-s3/941.parquet\", \"s3://tpch10289--apne1-az1--x-s3/943.parquet\", \"s3://tpch10289--apne1-az1--x-s3/945.parquet\", \"s3://tpch10289--apne1-az1--x-s3/948.parquet\", \"s3://tpch10289--apne1-az1--x-s3/951.parquet\", \"s3://tpch10289--apne1-az1--x-s3/1199.parquet\", \"s3://tpch10289--apne1-az1--x-s3/1200.parquet\", \"s3://tpch10289--apne1-az1--x-s3/1201.parquet\", \"s3://tpch10289--apne1-az1--x-s3/1202.parquet\", \"s3://tpch10289--apne1-az1--x-s3/1203.parquet\", \"s3://tpch10289--apne1-az1--x-s3/1204.parquet\", \"s3://tpch10289--apne1-az1--x-s3/1205.parquet\", \"s3://tpch10289--apne1-az1--x-s3/1518.parquet\", \"s3://tpch10289--apne1-az1--x-s3/1519.parquet\", \"s3://tpch10289--apne1-az1--x-s3/1520.parquet\", \"s3://tpch10289--apne1-az1--x-s3/1521.parquet\", \"s3://tpch10289--apne1-az1--x-s3/1522.parquet\", \"s3://tpch10289--apne1-az1--x-s3/1523.parquet\", \"s3://tpch10289--apne1-az1--x-s3/1524.parquet\", \"s3://tpch10289--apne1-az1--x-s3/1653.parquet\", \"s3://tpch10289--apne1-az1--x-s3/1654.parquet\", \"s3://tpch10289--apne1-az1--x-s3/1655.parquet\", \"s3://tpch10289--apne1-az1--x-s3/1656.parquet\", \"s3://tpch10289--apne1-az1--x-s3/1657.parquet\", \"s3://tpch10289--apne1-az1--x-s3/1658.parquet\", \"s3://tpch10289--apne1-az1--x-s3/1825.parquet\", \"s3://tpch10289--apne1-az1--x-s3/1835.parquet\", \"s3://tpch10289--apne1-az1--x-s3/1844.parquet\", \"s3://tpch10289--apne1-az1--x-s3/1852.parquet\", \"s3://tpch10289--apne1-az1--x-s3/1853.parquet\", \"s3://tpch10289--apne1-az1--x-s3/1854.parquet\", \"s3://tpch10289--apne1-az1--x-s3/1855.parquet\", \"s3://tpch10289--apne1-az1--x-s3/1856.parquet\", \"s3://tpch10289--apne1-az1--x-s3/1857.parquet\", \"s3://tpch10289--apne1-az1--x-s3/1858.parquet\", \"s3://tpch10289--apne1-az1--x-s3/2012.parquet\", \"s3://tpch10289--apne1-az1--x-s3/2013.parquet\", \"s3://tpch10289--apne1-az1--x-s3/2014.parquet\", \"s3://tpch10289--apne1-az1--x-s3/2016.parquet\", \"s3://tpch10289--apne1-az1--x-s3/2060.parquet\", \"s3://tpch10289--apne1-az1--x-s3/2068.parquet\", \"s3://tpch10289--apne1-az1--x-s3/2073.parquet\", \"s3://tpch10289--apne1-az1--x-s3/2075.parquet\", \"s3://tpch10289--apne1-az1--x-s3/2094.parquet\", \"s3://tpch10289--apne1-az1--x-s3/2098.parquet\", \"s3://tpch10289--apne1-az1--x-s3/2099.parquet\", \"s3://tpch10289--apne1-az1--x-s3/2100.parquet\", \"s3://tpch10289--apne1-az1--x-s3/2101.parquet\", \"s3://tpch10289--apne1-az1--x-s3/2102.parquet\", \"s3://tpch10289--apne1-az1--x-s3/2103.parquet\", \"s3://tpch10289--apne1-az1--x-s3/2104.parquet\", \"s3://tpch10289--apne1-az1--x-s3/2105.parquet\", \"s3://tpch10289--apne1-az1--x-s3/2107.parquet\", \"s3://tpch10289--apne1-az1--x-s3/2112.parquet\", \"s3://tpch10289--apne1-az1--x-s3/2120.parquet\", \"s3://tpch10289--apne1-az1--x-s3/2125.parquet\", \"s3://tpch10289--apne1-az1--x-s3/2129.parquet\", \"s3://tpch10289--apne1-az1--x-s3/2200.parquet\", \"s3://tpch10289--apne1-az1--x-s3/2271.parquet\", \"s3://tpch10289--apne1-az1--x-s3/2272.parquet\", \"s3://tpch10289--apne1-az1--x-s3/2273.parquet\", \"s3://tpch10289--apne1-az1--x-s3/2274.parquet\", \"s3://tpch10289--apne1-az1--x-s3/2275.parquet\", \"s3://tpch10289--apne1-az1--x-s3/2276.parquet\", \"s3://tpch10289--apne1-az1--x-s3/2277.parquet\", \"s3://tpch10289--apne1-az1--x-s3/2278.parquet\", \"s3://tpch10289--apne1-az1--x-s3/2279.parquet\", \"s3://tpch10289--apne1-az1--x-s3/2280.parquet\", \"s3://tpch10289--apne1-az1--x-s3/2281.parquet\", \"s3://tpch10289--apne1-az1--x-s3/2282.parquet\", \"s3://tpch10289--apne1-az1--x-s3/2283.parquet\", \"s3://tpch10289--apne1-az1--x-s3/2284.parquet\", \"s3://tpch10289--apne1-az1--x-s3/2285.parquet\", \"s3://tpch10289--apne1-az1--x-s3/2286.parquet\", \"s3://tpch10289--apne1-az1--x-s3/2287.parquet\", \"s3://tpch10289--apne1-az1--x-s3/2288.parquet\", \"s3://tpch10289--apne1-az1--x-s3/2289.parquet\", \"s3://tpch10289--apne1-az1--x-s3/2290.parquet\", \"s3://tpch10289--apne1-az1--x-s3/2291.parquet\", \"s3://tpch10289--apne1-az1--x-s3/2292.parquet\", \"s3://tpch10289--apne1-az1--x-s3/2293.parquet\", \"s3://tpch10289--apne1-az1--x-s3/2294.parquet\", \"s3://tpch10289--apne1-az1--x-s3/2295.parquet\", \"s3://tpch10289--apne1-az1--x-s3/2296.parquet\", \"s3://tpch10289--apne1-az1--x-s3/2297.parquet\", \"s3://tpch10289--apne1-az1--x-s3/2298.parquet\", \"s3://tpch10289--apne1-az1--x-s3/2299.parquet\", \"s3://tpch10289--apne1-az1--x-s3/2300.parquet\", \"s3://tpch10289--apne1-az1--x-s3/2301.parquet\", \"s3://tpch10289--apne1-az1--x-s3/2302.parquet\", \"s3://tpch10289--apne1-az1--x-s3/2303.parquet\", \"s3://tpch10289--apne1-az1--x-s3/2304.parquet\", \"s3://tpch10289--apne1-az1--x-s3/2305.parquet\", \"s3://tpch10289--apne1-az1--x-s3/2306.parquet\", \"s3://tpch10289--apne1-az1--x-s3/2307.parquet\", \"s3://tpch10289--apne1-az1--x-s3/2308.parquet\", \"s3://tpch10289--apne1-az1--x-s3/2309.parquet\", \"s3://tpch10289--apne1-az1--x-s3/2310.parquet\", \"s3://tpch10289--apne1-az1--x-s3/2311.parquet\", \"s3://tpch10289--apne1-az1--x-s3/2312.parquet\", \"s3://tpch10289--apne1-az1--x-s3/2313.parquet\", \"s3://tpch10289--apne1-az1--x-s3/2314.parquet\", \"s3://tpch10289--apne1-az1--x-s3/2315.parquet\", \"s3://tpch10289--apne1-az1--x-s3/2316.parquet\", \"s3://tpch10289--apne1-az1--x-s3/2317.parquet\", \"s3://tpch10289--apne1-az1--x-s3/2318.parquet\", \"s3://tpch10289--apne1-az1--x-s3/2319.parquet\", \"s3://tpch10289--apne1-az1--x-s3/2320.parquet\", \"s3://tpch10289--apne1-az1--x-s3/2321.parquet\", \"s3://tpch10289--apne1-az1--x-s3/2322.parquet\", \"s3://tpch10289--apne1-az1--x-s3/2323.parquet\", \"s3://tpch10289--apne1-az1--x-s3/2324.parquet\", \"s3://tpch10289--apne1-az1--x-s3/2325.parquet\", \"s3://tpch10289--apne1-az1--x-s3/2326.parquet\", \"s3://tpch10289--apne1-az1--x-s3/2327.parquet\", \"s3://tpch10289--apne1-az1--x-s3/2328.parquet\", \"s3://tpch10289--apne1-az1--x-s3/2329.parquet\", \"s3://tpch10289--apne1-az1--x-s3/2330.parquet\", \"s3://tpch10289--apne1-az1--x-s3/2331.parquet\", \"s3://tpch10289--apne1-az1--x-s3/2332.parquet\", \"s3://tpch10289--apne1-az1--x-s3/2333.parquet\", \"s3://tpch10289--apne1-az1--x-s3/2334.parquet\", \"s3://tpch10289--apne1-az1--x-s3/2335.parquet\", \"s3://tpch10289--apne1-az1--x-s3/2336.parquet\", \"s3://tpch10289--apne1-az1--x-s3/2337.parquet\", \"s3://tpch10289--apne1-az1--x-s3/2338.parquet\", \"s3://tpch10289--apne1-az1--x-s3/2339.parquet\", \"s3://tpch10289--apne1-az1--x-s3/2340.parquet\", \"s3://tpch10289--apne1-az1--x-s3/2341.parquet\", \"s3://tpch10289--apne1-az1--x-s3/2342.parquet\", \"s3://tpch10289--apne1-az1--x-s3/2343.parquet\", \"s3://tpch10289--apne1-az1--x-s3/2344.parquet\", \"s3://tpch10289--apne1-az1--x-s3/2345.parquet\", \"s3://tpch10289--apne1-az1--x-s3/2346.parquet\", \"s3://tpch10289--apne1-az1--x-s3/2347.parquet\", \"s3://tpch10289--apne1-az1--x-s3/2348.parquet\", \"s3://tpch10289--apne1-az1--x-s3/2349.parquet\", \"s3://tpch10289--apne1-az1--x-s3/2350.parquet\", \"s3://tpch10289--apne1-az1--x-s3/2351.parquet\", \"s3://tpch10289--apne1-az1--x-s3/2352.parquet\", \"s3://tpch10289--apne1-az1--x-s3/2353.parquet\", \"s3://tpch10289--apne1-az1--x-s3/2354.parquet\", \"s3://tpch10289--apne1-az1--x-s3/2355.parquet\", \"s3://tpch10289--apne1-az1--x-s3/2356.parquet\", \"s3://tpch10289--apne1-az1--x-s3/2357.parquet\", \"s3://tpch10289--apne1-az1--x-s3/2358.parquet\", \"s3://tpch10289--apne1-az1--x-s3/2359.parquet\", \"s3://tpch10289--apne1-az1--x-s3/2360.parquet\", \"s3://tpch10289--apne1-az1--x-s3/2361.parquet\", \"s3://tpch10289--apne1-az1--x-s3/2362.parquet\", \"s3://tpch10289--apne1-az1--x-s3/2363.parquet\", \"s3://tpch10289--apne1-az1--x-s3/2364.parquet\", \"s3://tpch10289--apne1-az1--x-s3/2365.parquet\", \"s3://tpch10289--apne1-az1--x-s3/2366.parquet\", \"s3://tpch10289--apne1-az1--x-s3/2367.parquet\", \"s3://tpch10289--apne1-az1--x-s3/2368.parquet\", \"s3://tpch10289--apne1-az1--x-s3/2369.parquet\", \"s3://tpch10289--apne1-az1--x-s3/2370.parquet\", \"s3://tpch10289--apne1-az1--x-s3/2371.parquet\", \"s3://tpch10289--apne1-az1--x-s3/2372.parquet\", \"s3://tpch10289--apne1-az1--x-s3/2373.parquet\", \"s3://tpch10289--apne1-az1--x-s3/2374.parquet\", \"s3://tpch10289--apne1-az1--x-s3/2375.parquet\", \"s3://tpch10289--apne1-az1--x-s3/2376.parquet\", \"s3://tpch10289--apne1-az1--x-s3/2377.parquet\", \"s3://tpch10289--apne1-az1--x-s3/2378.parquet\", \"s3://tpch10289--apne1-az1--x-s3/2379.parquet\", \"s3://tpch10289--apne1-az1--x-s3/2380.parquet\", \"s3://tpch10289--apne1-az1--x-s3/2381.parquet\", \"s3://tpch10289--apne1-az1--x-s3/2382.parquet\", \"s3://tpch10289--apne1-az1--x-s3/2383.parquet\", \"s3://tpch10289--apne1-az1--x-s3/2384.parquet\", \"s3://tpch10289--apne1-az1--x-s3/2385.parquet\", \"s3://tpch10289--apne1-az1--x-s3/2386.parquet\", \"s3://tpch10289--apne1-az1--x-s3/2387.parquet\", \"s3://tpch10289--apne1-az1--x-s3/2388.parquet\", \"s3://tpch10289--apne1-az1--x-s3/2389.parquet\", \"s3://tpch10289--apne1-az1--x-s3/2390.parquet\", \"s3://tpch10289--apne1-az1--x-s3/2391.parquet\", \"s3://tpch10289--apne1-az1--x-s3/2392.parquet\", \"s3://tpch10289--apne1-az1--x-s3/2393.parquet\", \"s3://tpch10289--apne1-az1--x-s3/2394.parquet\", \"s3://tpch10289--apne1-az1--x-s3/2395.parquet\", \"s3://tpch10289--apne1-az1--x-s3/2396.parquet\", \"s3://tpch10289--apne1-az1--x-s3/2397.parquet\", \"s3://tpch10289--apne1-az1--x-s3/2398.parquet\", \"s3://tpch10289--apne1-az1--x-s3/2399.parquet\", \"s3://tpch10289--apne1-az1--x-s3/2400.parquet\", \"s3://tpch10289--apne1-az1--x-s3/2401.parquet\", \"s3://tpch10289--apne1-az1--x-s3/2402.parquet\", \"s3://tpch10289--apne1-az1--x-s3/2403.parquet\", \"s3://tpch10289--apne1-az1--x-s3/2404.parquet\", \"s3://tpch10289--apne1-az1--x-s3/2405.parquet\", \"s3://tpch10289--apne1-az1--x-s3/2406.parquet\", \"s3://tpch10289--apne1-az1--x-s3/2407.parquet\", \"s3://tpch10289--apne1-az1--x-s3/2408.parquet\", \"s3://tpch10289--apne1-az1--x-s3/2409.parquet\", \"s3://tpch10289--apne1-az1--x-s3/2410.parquet\", \"s3://tpch10289--apne1-az1--x-s3/2411.parquet\", \"s3://tpch10289--apne1-az1--x-s3/2412.parquet\", \"s3://tpch10289--apne1-az1--x-s3/2413.parquet\", \"s3://tpch10289--apne1-az1--x-s3/2414.parquet\", \"s3://tpch10289--apne1-az1--x-s3/2415.parquet\", \"s3://tpch10289--apne1-az1--x-s3/2416.parquet\", \"s3://tpch10289--apne1-az1--x-s3/2417.parquet\", \"s3://tpch10289--apne1-az1--x-s3/2418.parquet\", \"s3://tpch10289--apne1-az1--x-s3/2419.parquet\", \"s3://tpch10289--apne1-az1--x-s3/2420.parquet\", \"s3://tpch10289--apne1-az1--x-s3/2421.parquet\", \"s3://tpch10289--apne1-az1--x-s3/2422.parquet\", \"s3://tpch10289--apne1-az1--x-s3/2423.parquet\", \"s3://tpch10289--apne1-az1--x-s3/2424.parquet\", \"s3://tpch10289--apne1-az1--x-s3/2425.parquet\", \"s3://tpch10289--apne1-az1--x-s3/2426.parquet\", \"s3://tpch10289--apne1-az1--x-s3/2427.parquet\", \"s3://tpch10289--apne1-az1--x-s3/2428.parquet\", \"s3://tpch10289--apne1-az1--x-s3/2429.parquet\", \"s3://tpch10289--apne1-az1--x-s3/2430.parquet\", \"s3://tpch10289--apne1-az1--x-s3/2431.parquet\", \"s3://tpch10289--apne1-az1--x-s3/2432.parquet\", \"s3://tpch10289--apne1-az1--x-s3/2433.parquet\", \"s3://tpch10289--apne1-az1--x-s3/2434.parquet\", \"s3://tpch10289--apne1-az1--x-s3/2435.parquet\", \"s3://tpch10289--apne1-az1--x-s3/2436.parquet\", \"s3://tpch10289--apne1-az1--x-s3/2437.parquet\", \"s3://tpch10289--apne1-az1--x-s3/2438.parquet\", \"s3://tpch10289--apne1-az1--x-s3/2439.parquet\", \"s3://tpch10289--apne1-az1--x-s3/2440.parquet\", \"s3://tpch10289--apne1-az1--x-s3/2441.parquet\", \"s3://tpch10289--apne1-az1--x-s3/2442.parquet\", \"s3://tpch10289--apne1-az1--x-s3/2443.parquet\", \"s3://tpch10289--apne1-az1--x-s3/2444.parquet\", \"s3://tpch10289--apne1-az1--x-s3/2445.parquet\", \"s3://tpch10289--apne1-az1--x-s3/2446.parquet\", \"s3://tpch10289--apne1-az1--x-s3/2447.parquet\", \"s3://tpch10289--apne1-az1--x-s3/2448.parquet\", \"s3://tpch10289--apne1-az1--x-s3/2449.parquet\", \"s3://tpch10289--apne1-az1--x-s3/2450.parquet\", \"s3://tpch10289--apne1-az1--x-s3/2451.parquet\", \"s3://tpch10289--apne1-az1--x-s3/2452.parquet\", \"s3://tpch10289--apne1-az1--x-s3/2453.parquet\", \"s3://tpch10289--apne1-az1--x-s3/2454.parquet\", \"s3://tpch10289--apne1-az1--x-s3/2455.parquet\", \"s3://tpch10289--apne1-az1--x-s3/2456.parquet\", \"s3://tpch10289--apne1-az1--x-s3/2457.parquet\", \"s3://tpch10289--apne1-az1--x-s3/2458.parquet\", \"s3://tpch10289--apne1-az1--x-s3/2459.parquet\", \"s3://tpch10289--apne1-az1--x-s3/2460.parquet\", \"s3://tpch10289--apne1-az1--x-s3/2461.parquet\", \"s3://tpch10289--apne1-az1--x-s3/2462.parquet\", \"s3://tpch10289--apne1-az1--x-s3/2463.parquet\", \"s3://tpch10289--apne1-az1--x-s3/2464.parquet\", \"s3://tpch10289--apne1-az1--x-s3/2465.parquet\", \"s3://tpch10289--apne1-az1--x-s3/2466.parquet\", \"s3://tpch10289--apne1-az1--x-s3/2467.parquet\", \"s3://tpch10289--apne1-az1--x-s3/2468.parquet\", \"s3://tpch10289--apne1-az1--x-s3/2469.parquet\", \"s3://tpch10289--apne1-az1--x-s3/2470.parquet\", \"s3://tpch10289--apne1-az1--x-s3/2471.parquet\", \"s3://tpch10289--apne1-az1--x-s3/2472.parquet\", \"s3://tpch10289--apne1-az1--x-s3/2473.parquet\", \"s3://tpch10289--apne1-az1--x-s3/2474.parquet\", \"s3://tpch10289--apne1-az1--x-s3/2475.parquet\", \"s3://tpch10289--apne1-az1--x-s3/2476.parquet\", \"s3://tpch10289--apne1-az1--x-s3/2477.parquet\", \"s3://tpch10289--apne1-az1--x-s3/2478.parquet\", \"s3://tpch10289--apne1-az1--x-s3/2479.parquet\", \"s3://tpch10289--apne1-az1--x-s3/2480.parquet\", \"s3://tpch10289--apne1-az1--x-s3/2481.parquet\", \"s3://tpch10289--apne1-az1--x-s3/2482.parquet\", \"s3://tpch10289--apne1-az1--x-s3/2483.parquet\", \"s3://tpch10289--apne1-az1--x-s3/2484.parquet\", \"s3://tpch10289--apne1-az1--x-s3/2485.parquet\", \"s3://tpch10289--apne1-az1--x-s3/2486.parquet\", \"s3://tpch10289--apne1-az1--x-s3/2487.parquet\", \"s3://tpch10289--apne1-az1--x-s3/2488.parquet\", \"s3://tpch10289--apne1-az1--x-s3/2489.parquet\", \"s3://tpch10289--apne1-az1--x-s3/2490.parquet\", \"s3://tpch10289--apne1-az1--x-s3/2491.parquet\", \"s3://tpch10289--apne1-az1--x-s3/2492.parquet\", \"s3://tpch10289--apne1-az1--x-s3/2493.parquet\", \"s3://tpch10289--apne1-az1--x-s3/2494.parquet\", \"s3://tpch10289--apne1-az1--x-s3/2495.parquet\", \"s3://tpch10289--apne1-az1--x-s3/2496.parquet\", \"s3://tpch10289--apne1-az1--x-s3/2497.parquet\", \"s3://tpch10289--apne1-az1--x-s3/2498.parquet\", \"s3://tpch10289--apne1-az1--x-s3/2499.parquet\", \"s3://tpch10289--apne1-az1--x-s3/2500.parquet\", \"s3://tpch10289--apne1-az1--x-s3/2501.parquet\", \"s3://tpch10289--apne1-az1--x-s3/2502.parquet\", \"s3://tpch10289--apne1-az1--x-s3/2503.parquet\", \"s3://tpch10289--apne1-az1--x-s3/2504.parquet\", \"s3://tpch10289--apne1-az1--x-s3/2505.parquet\", \"s3://tpch10289--apne1-az1--x-s3/2506.parquet\", \"s3://tpch10289--apne1-az1--x-s3/2507.parquet\", \"s3://tpch10289--apne1-az1--x-s3/2508.parquet\", \"s3://tpch10289--apne1-az1--x-s3/2509.parquet\", \"s3://tpch10289--apne1-az1--x-s3/2510.parquet\", \"s3://tpch10289--apne1-az1--x-s3/2511.parquet\", \"s3://tpch10289--apne1-az1--x-s3/2512.parquet\", \"s3://tpch10289--apne1-az1--x-s3/2513.parquet\", \"s3://tpch10289--apne1-az1--x-s3/2514.parquet\", \"s3://tpch10289--apne1-az1--x-s3/2515.parquet\", \"s3://tpch10289--apne1-az1--x-s3/2516.parquet\", \"s3://tpch10289--apne1-az1--x-s3/2517.parquet\", \"s3://tpch10289--apne1-az1--x-s3/2518.parquet\", \"s3://tpch10289--apne1-az1--x-s3/2519.parquet\", \"s3://tpch10289--apne1-az1--x-s3/2520.parquet\", \"s3://tpch10289--apne1-az1--x-s3/2521.parquet\", \"s3://tpch10289--apne1-az1--x-s3/2522.parquet\", \"s3://tpch10289--apne1-az1--x-s3/2523.parquet\", \"s3://tpch10289--apne1-az1--x-s3/2524.parquet\", \"s3://tpch10289--apne1-az1--x-s3/2525.parquet\", \"s3://tpch10289--apne1-az1--x-s3/2526.parquet\", \"s3://tpch10289--apne1-az1--x-s3/2527.parquet\", \"s3://tpch10289--apne1-az1--x-s3/2528.parquet\", \"s3://tpch10289--apne1-az1--x-s3/2529.parquet\", \"s3://tpch10289--apne1-az1--x-s3/2530.parquet\", \"s3://tpch10289--apne1-az1--x-s3/2531.parquet\", \"s3://tpch10289--apne1-az1--x-s3/2532.parquet\", \"s3://tpch10289--apne1-az1--x-s3/2533.parquet\", \"s3://tpch10289--apne1-az1--x-s3/2534.parquet\", \"s3://tpch10289--apne1-az1--x-s3/2535.parquet\", \"s3://tpch10289--apne1-az1--x-s3/2536.parquet\", \"s3://tpch10289--apne1-az1--x-s3/2537.parquet\", \"s3://tpch10289--apne1-az1--x-s3/2538.parquet\", \"s3://tpch10289--apne1-az1--x-s3/2539.parquet\", \"s3://tpch10289--apne1-az1--x-s3/2540.parquet\", \"s3://tpch10289--apne1-az1--x-s3/2541.parquet\", \"s3://tpch10289--apne1-az1--x-s3/2542.parquet\", \"s3://tpch10289--apne1-az1--x-s3/2543.parquet\", \"s3://tpch10289--apne1-az1--x-s3/2544.parquet\", \"s3://tpch10289--apne1-az1--x-s3/2545.parquet\", \"s3://tpch10289--apne1-az1--x-s3/2546.parquet\", \"s3://tpch10289--apne1-az1--x-s3/2547.parquet\", \"s3://tpch10289--apne1-az1--x-s3/2548.parquet\", \"s3://tpch10289--apne1-az1--x-s3/2549.parquet\", \"s3://tpch10289--apne1-az1--x-s3/2550.parquet\", \"s3://tpch10289--apne1-az1--x-s3/2551.parquet\", \"s3://tpch10289--apne1-az1--x-s3/2552.parquet\", \"s3://tpch10289--apne1-az1--x-s3/2553.parquet\", \"s3://tpch10289--apne1-az1--x-s3/2554.parquet\", \"s3://tpch10289--apne1-az1--x-s3/2555.parquet\", \"s3://tpch10289--apne1-az1--x-s3/2556.parquet\", \"s3://tpch10289--apne1-az1--x-s3/2557.parquet\", \"s3://tpch10289--apne1-az1--x-s3/2558.parquet\", \"s3://tpch10289--apne1-az1--x-s3/2559.parquet\", \"s3://tpch10289--apne1-az1--x-s3/2560.parquet\", \"s3://tpch10289--apne1-az1--x-s3/2561.parquet\", \"s3://tpch10289--apne1-az1--x-s3/2562.parquet\", \"s3://tpch10289--apne1-az1--x-s3/2563.parquet\", \"s3://tpch10289--apne1-az1--x-s3/2564.parquet\", \"s3://tpch10289--apne1-az1--x-s3/2565.parquet\", \"s3://tpch10289--apne1-az1--x-s3/2566.parquet\", \"s3://tpch10289--apne1-az1--x-s3/2567.parquet\", \"s3://tpch10289--apne1-az1--x-s3/2568.parquet\", \"s3://tpch10289--apne1-az1--x-s3/2569.parquet\", \"s3://tpch10289--apne1-az1--x-s3/2570.parquet\", \"s3://tpch10289--apne1-az1--x-s3/2571.parquet\", \"s3://tpch10289--apne1-az1--x-s3/2572.parquet\", \"s3://tpch10289--apne1-az1--x-s3/2573.parquet\", \"s3://tpch10289--apne1-az1--x-s3/2574.parquet\", \"s3://tpch10289--apne1-az1--x-s3/2575.parquet\", \"s3://tpch10289--apne1-az1--x-s3/2576.parquet\", \"s3://tpch10289--apne1-az1--x-s3/2577.parquet\", \"s3://tpch10289--apne1-az1--x-s3/2578.parquet\", \"s3://tpch10289--apne1-az1--x-s3/2579.parquet\", \"s3://tpch10289--apne1-az1--x-s3/2580.parquet\", \"s3://tpch10289--apne1-az1--x-s3/2581.parquet\", \"s3://tpch10289--apne1-az1--x-s3/2582.parquet\", \"s3://tpch10289--apne1-az1--x-s3/2583.parquet\", \"s3://tpch10289--apne1-az1--x-s3/2584.parquet\", \"s3://tpch10289--apne1-az1--x-s3/2585.parquet\", \"s3://tpch10289--apne1-az1--x-s3/2586.parquet\", \"s3://tpch10289--apne1-az1--x-s3/2587.parquet\", \"s3://tpch10289--apne1-az1--x-s3/2588.parquet\", \"s3://tpch10289--apne1-az1--x-s3/2589.parquet\", \"s3://tpch10289--apne1-az1--x-s3/2590.parquet\", \"s3://tpch10289--apne1-az1--x-s3/2591.parquet\", \"s3://tpch10289--apne1-az1--x-s3/2592.parquet\", \"s3://tpch10289--apne1-az1--x-s3/2593.parquet\", \"s3://tpch10289--apne1-az1--x-s3/2594.parquet\", \"s3://tpch10289--apne1-az1--x-s3/2595.parquet\", \"s3://tpch10289--apne1-az1--x-s3/2596.parquet\", \"s3://tpch10289--apne1-az1--x-s3/2597.parquet\", \"s3://tpch10289--apne1-az1--x-s3/2598.parquet\", \"s3://tpch10289--apne1-az1--x-s3/2599.parquet\", \"s3://tpch10289--apne1-az1--x-s3/2600.parquet\", \"s3://tpch10289--apne1-az1--x-s3/2601.parquet\", \"s3://tpch10289--apne1-az1--x-s3/2602.parquet\", \"s3://tpch10289--apne1-az1--x-s3/2603.parquet\", \"s3://tpch10289--apne1-az1--x-s3/2604.parquet\", \"s3://tpch10289--apne1-az1--x-s3/2605.parquet\", \"s3://tpch10289--apne1-az1--x-s3/2606.parquet\", \"s3://tpch10289--apne1-az1--x-s3/2607.parquet\", \"s3://tpch10289--apne1-az1--x-s3/2608.parquet\", \"s3://tpch10289--apne1-az1--x-s3/2609.parquet\", \"s3://tpch10289--apne1-az1--x-s3/2610.parquet\", \"s3://tpch10289--apne1-az1--x-s3/2611.parquet\", \"s3://tpch10289--apne1-az1--x-s3/2612.parquet\", \"s3://tpch10289--apne1-az1--x-s3/2613.parquet\", \"s3://tpch10289--apne1-az1--x-s3/2614.parquet\", \"s3://tpch10289--apne1-az1--x-s3/2615.parquet\", \"s3://tpch10289--apne1-az1--x-s3/2616.parquet\", \"s3://tpch10289--apne1-az1--x-s3/2617.parquet\", \"s3://tpch10289--apne1-az1--x-s3/2618.parquet\", \"s3://tpch10289--apne1-az1--x-s3/2619.parquet\", \"s3://tpch10289--apne1-az1--x-s3/2620.parquet\", \"s3://tpch10289--apne1-az1--x-s3/2621.parquet\", \"s3://tpch10289--apne1-az1--x-s3/2622.parquet\", \"s3://tpch10289--apne1-az1--x-s3/2623.parquet\", \"s3://tpch10289--apne1-az1--x-s3/2624.parquet\", \"s3://tpch10289--apne1-az1--x-s3/2625.parquet\", \"s3://tpch10289--apne1-az1--x-s3/2626.parquet\"]),\n    'pool/part/*.parquet'\nWHERE\n    l_partkey = p_partkey\n    AND l_shipdate >= DATE '1992-01-01' + INTERVAL 36 MONTH\n    AND l_shipdate < DATE '1992-02-01' + INTERVAL 36 MONTH;",
    "children": [
        {
            "result_set_size": 8,
            "operator_timing": 0.000020156,
            "operator_rows_scanned": 0,
            "cumulative_rows_scanned": 14445184000,
            "operator_cardinality": 1,
            "operator_type": "PROJECTION",
            "cumulative_cardinality": 252153534,
            "extra_info": {
                "Projections": "promo_revenue",
                "Estimated Cardinality": "1"
            },
            "cpu_time": 134.932270337,
            "children": [
                {
                    "result_set_size": 32,
                    "operator_timing": 0.15415969200000013,
                    "operator_rows_scanned": 0,
                    "cumulative_rows_scanned": 14445184000,
                    "operator_cardinality": 1,
                    "operator_type": "UNGROUPED_AGGREGATE",
                    "cumulative_cardinality": 252153533,
                    "extra_info": {
                        "Aggregates": [
                            "sum(#0)",
                            "sum(#1)"
                        ]
                    },
                    "cpu_time": 134.932250181,
                    "children": [
                        {
                            "result_set_size": 840544272,
                            "operator_timing": 1.2304839300000001,
                            "operator_rows_scanned": 0,
                            "cumulative_rows_scanned": 14445184000,
                            "operator_cardinality": 52534017,
                            "operator_type": "PROJECTION",
                            "cumulative_cardinality": 252153532,
                            "extra_info": {
                                "Projections": [
                                    "CASE  WHEN (prefix(p_type, 'PROMO')) THEN ((l_extendedprice * (1.00 - l_discount))) ELSE 0.0000 END",
                                    "(l_extendedprice * (1.00 - l_discount))"
                                ],
                                "Estimated Cardinality": "73082400"
                            },
                            "cpu_time": 134.778090489,
                            "children": [
                                {
                                    "result_set_size": 2521632816,
                                    "operator_timing": 12.215840734999961,
                                    "operator_rows_scanned": 0,
                                    "cumulative_rows_scanned": 14445184000,
                                    "operator_cardinality": 52534017,
                                    "operator_type": "HASH_JOIN",
                                    "cumulative_cardinality": 199619515,
                                    "extra_info": {
                                        "Join Type": "INNER",
                                        "Conditions": "p_partkey = l_partkey",
                                        "Estimated Cardinality": "73082400"
                                    },
                                    "cpu_time": 133.547606559,
                                    "children": [
                                        {
                                            "result_set_size": 2064000000,
                                            "operator_timing": 2.775047614999999,
                                            "operator_rows_scanned": 2752000000,
                                            "cumulative_rows_scanned": 2752000000,
                                            "operator_cardinality": 86000000,
                                            "operator_type": "TABLE_SCAN",
                                            "cumulative_cardinality": 86000000,
                                            "extra_info": {
                                                "Function": "PARQUET_SCAN",
                                                "Projections": [
                                                    "p_partkey",
                                                    "p_type"
                                                ],
                                                "Estimated Cardinality": "86000000"
                                            },
                                            "cpu_time": 2.775047614999999,
                                            "children": []
                                        },
                                        {
                                            "result_set_size": 1466051952,
                                            "operator_timing": 118.55671820900005,
                                            "operator_rows_scanned": 11693184000,
                                            "cumulative_rows_scanned": 11693184000,
                                            "operator_cardinality": 61085498,
                                            "operator_type": "TABLE_SCAN",
                                            "cumulative_cardinality": 61085498,
                                            "extra_info": {
                                                "Function": "READ_PARQUET",
                                                "Projections": [
                                                    "l_partkey",
                                                    "l_extendedprice",
                                                    "l_discount"
                                                ],
                                                "Filters": "l_shipdate>='1995-01-01'::DATE AND l_shipdate<'1995-02-01'::DATE AND l_shipdate IS NOT NULL",
                                                "Estimated Cardinality": "73082400"
                                            },
                                            "cpu_time": 118.55671820900005,
                                            "children": []
                                        }
                                    ]
                                }
                            ]
                        }
                    ]
                }
            ]
        }
    ]
}