{
    "rows_returned": 1,
    "latency": 2.874361902,
    "result_set_size": 72,
    "cumulative_rows_scanned": 6149504000,
    "cumulative_cardinality": 355541329,
    "extra_info": {},
    "cpu_time": 83.19796166100001,
    "blocked_thread_time": 0.0,
    "query_name": "WITH revenue AS (\n    SELECT\n        l_suppkey AS supplier_no,\n        sum(l_extendedprice * (1 - l_discount)) AS total_revenue\n    FROM\n        read_parquet([\"s3://tpch10289--apne1-az1--x-s3/15.parquet\", \"s3://tpch10289--apne1-az1--x-s3/148.parquet\", \"s3://tpch10289--apne1-az1--x-s3/176.parquet\", \"s3://tpch10289--apne1-az1--x-s3/270.parquet\", \"s3://tpch10289--apne1-az1--x-s3/271.parquet\", \"s3://tpch10289--apne1-az1--x-s3/272.parquet\", \"s3://tpch10289--apne1-az1--x-s3/273.parquet\", \"s3://tpch10289--apne1-az1--x-s3/274.parquet\", \"s3://tpch10289--apne1-az1--x-s3/275.parquet\", \"s3://tpch10289--apne1-az1--x-s3/276.parquet\", \"s3://tpch10289--apne1-az1--x-s3/277.parquet\", \"s3://tpch10289--apne1-az1--x-s3/278.parquet\", \"s3://tpch10289--apne1-az1--x-s3/279.parquet\", \"s3://tpch10289--apne1-az1--x-s3/280.parquet\", \"s3://tpch10289--apne1-az1--x-s3/281.parquet\", \"s3://tpch10289--apne1-az1--x-s3/282.parquet\", \"s3://tpch10289--apne1-az1--x-s3/286.parquet\", \"s3://tpch10289--apne1-az1--x-s3/288.parquet\", \"s3://tpch10289--apne1-az1--x-s3/289.parquet\", \"s3://tpch10289--apne1-az1--x-s3/290.parquet\", \"s3://tpch10289--apne1-az1--x-s3/291.parquet\", \"s3://tpch10289--apne1-az1--x-s3/292.parquet\", \"s3://tpch10289--apne1-az1--x-s3/293.parquet\", \"s3://tpch10289--apne1-az1--x-s3/294.parquet\", \"s3://tpch10289--apne1-az1--x-s3/295.parquet\", \"s3://tpch10289--apne1-az1--x-s3/296.parquet\", \"s3://tpch10289--apne1-az1--x-s3/297.parquet\", \"s3://tpch10289--apne1-az1--x-s3/298.parquet\", \"s3://tpch10289--apne1-az1--x-s3/299.parquet\", \"s3://tpch10289--apne1-az1--x-s3/300.parquet\", \"s3://tpch10289--apne1-az1--x-s3/301.parquet\", \"s3://tpch10289--apne1-az1--x-s3/302.parquet\", \"s3://tpch10289--apne1-az1--x-s3/303.parquet\", \"s3://tpch10289--apne1-az1--x-s3/304.parquet\", \"s3://tpch10289--apne1-az1--x-s3/305.parquet\", \"s3://tpch10289--apne1-az1--x-s3/306.parquet\", \"s3://tpch10289--apne1-az1--x-s3/307.parquet\", \"s3://tpch10289--apne1-az1--x-s3/308.parquet\", \"s3://tpch10289--apne1-az1--x-s3/309.parquet\", \"s3://tpch10289--apne1-az1--x-s3/310.parquet\", \"s3://tpch10289--apne1-az1--x-s3/311.parquet\", \"s3://tpch10289--apne1-az1--x-s3/313.parquet\", \"s3://tpch10289--apne1-az1--x-s3/314.parquet\", \"s3://tpch10289--apne1-az1--x-s3/561.parquet\", \"s3://tpch10289--apne1-az1--x-s3/562.parquet\", \"s3://tpch10289--apne1-az1--x-s3/563.parquet\", \"s3://tpch10289--apne1-az1--x-s3/564.parquet\", \"s3://tpch10289--apne1-az1--x-s3/565.parquet\", \"s3://tpch10289--apne1-az1--x-s3/566.parquet\", \"s3://tpch10289--apne1-az1--x-s3/568.parquet\", \"s3://tpch10289--apne1-az1--x-s3/570.parquet\", \"s3://tpch10289--apne1-az1--x-s3/571.parquet\", \"s3://tpch10289--apne1-az1--x-s3/572.parquet\", \"s3://tpch10289--apne1-az1--x-s3/573.parquet\", \"s3://tpch10289--apne1-az1--x-s3/574.parquet\", \"s3://tpch10289--apne1-az1--x-s3/575.parquet\", \"s3://tpch10289--apne1-az1--x-s3/576.parquet\", \"s3://tpch10289--apne1-az1--x-s3/577.parquet\", \"s3://tpch10289--apne1-az1--x-s3/578.parquet\", \"s3://tpch10289--apne1-az1--x-s3/579.parquet\", \"s3://tpch10289--apne1-az1--x-s3/580.parquet\", \"s3://tpch10289--apne1-az1--x-s3/581.parquet\", \"s3://tpch10289--apne1-az1--x-s3/687.parquet\", \"s3://tpch10289--apne1-az1--x-s3/688.parquet\", \"s3://tpch10289--apne1-az1--x-s3/689.parquet\", \"s3://tpch10289--apne1-az1--x-s3/690.parquet\", \"s3://tpch10289--apne1-az1--x-s3/691.parquet\", \"s3://tpch10289--apne1-az1--x-s3/692.parquet\", \"s3://tpch10289--apne1-az1--x-s3/693.parquet\", \"s3://tpch10289--apne1-az1--x-s3/694.parquet\", \"s3://tpch10289--apne1-az1--x-s3/695.parquet\", \"s3://tpch10289--apne1-az1--x-s3/696.parquet\", \"s3://tpch10289--apne1-az1--x-s3/697.parquet\", \"s3://tpch10289--apne1-az1--x-s3/698.parquet\", \"s3://tpch10289--apne1-az1--x-s3/699.parquet\", \"s3://tpch10289--apne1-az1--x-s3/700.parquet\", \"s3://tpch10289--apne1-az1--x-s3/701.parquet\", \"s3://tpch10289--apne1-az1--x-s3/702.parquet\", \"s3://tpch10289--apne1-az1--x-s3/703.parquet\", \"s3://tpch10289--apne1-az1--x-s3/704.parquet\", \"s3://tpch10289--apne1-az1--x-s3/705.parquet\", \"s3://tpch10289--apne1-az1--x-s3/706.parquet\", \"s3://tpch10289--apne1-az1--x-s3/831.parquet\", \"s3://tpch10289--apne1-az1--x-s3/832.parquet\", \"s3://tpch10289--apne1-az1--x-s3/833.parquet\", \"s3://tpch10289--apne1-az1--x-s3/835.parquet\", \"s3://tpch10289--apne1-az1--x-s3/836.parquet\", \"s3://tpch10289--apne1-az1--x-s3/837.parquet\", \"s3://tpch10289--apne1-az1--x-s3/845.parquet\", \"s3://tpch10289--apne1-az1--x-s3/846.parquet\", \"s3://tpch10289--apne1-az1--x-s3/849.parquet\", \"s3://tpch10289--apne1-az1--x-s3/852.parquet\", \"s3://tpch10289--apne1-az1--x-s3/853.parquet\", \"s3://tpch10289--apne1-az1--x-s3/854.parquet\", \"s3://tpch10289--apne1-az1--x-s3/856.parquet\", \"s3://tpch10289--apne1-az1--x-s3/857.parquet\", \"s3://tpch10289--apne1-az1--x-s3/858.parquet\", \"s3://tpch10289--apne1-az1--x-s3/859.parquet\", \"s3://tpch10289--apne1-az1--x-s3/861.parquet\", \"s3://tpch10289--apne1-az1--x-s3/862.parquet\", \"s3://tpch10289--apne1-az1--x-s3/863.parquet\", \"s3://tpch10289--apne1-az1--x-s3/864.parquet\", \"s3://tpch10289--apne1-az1--x-s3/1155.parquet\", \"s3://tpch10289--apne1-az1--x-s3/1156.parquet\", \"s3://tpch10289--apne1-az1--x-s3/1157.parquet\", \"s3://tpch10289--apne1-az1--x-s3/1158.parquet\", \"s3://tpch10289--apne1-az1--x-s3/1159.parquet\", \"s3://tpch10289--apne1-az1--x-s3/1160.parquet\", \"s3://tpch10289--apne1-az1--x-s3/1161.parquet\", \"s3://tpch10289--apne1-az1--x-s3/1162.parquet\", \"s3://tpch10289--apne1-az1--x-s3/1163.parquet\", \"s3://tpch10289--apne1-az1--x-s3/1164.parquet\", \"s3://tpch10289--apne1-az1--x-s3/1165.parquet\", \"s3://tpch10289--apne1-az1--x-s3/1166.parquet\", \"s3://tpch10289--apne1-az1--x-s3/1167.parquet\", \"s3://tpch10289--apne1-az1--x-s3/1168.parquet\", \"s3://tpch10289--apne1-az1--x-s3/1169.parquet\", \"s3://tpch10289--apne1-az1--x-s3/1170.parquet\", \"s3://tpch10289--apne1-az1--x-s3/1171.parquet\", \"s3://tpch10289--apne1-az1--x-s3/1172.parquet\", \"s3://tpch10289--apne1-az1--x-s3/1173.parquet\", \"s3://tpch10289--apne1-az1--x-s3/1174.parquet\", \"s3://tpch10289--apne1-az1--x-s3/1399.parquet\", \"s3://tpch10289--apne1-az1--x-s3/1400.parquet\", \"s3://tpch10289--apne1-az1--x-s3/1401.parquet\", \"s3://tpch10289--apne1-az1--x-s3/1402.parquet\", \"s3://tpch10289--apne1-az1--x-s3/1403.parquet\", \"s3://tpch10289--apne1-az1--x-s3/1404.parquet\", \"s3://tpch10289--apne1-az1--x-s3/1405.parquet\", \"s3://tpch10289--apne1-az1--x-s3/1406.parquet\", \"s3://tpch10289--apne1-az1--x-s3/1407.parquet\", \"s3://tpch10289--apne1-az1--x-s3/1409.parquet\", \"s3://tpch10289--apne1-az1--x-s3/1410.parquet\", \"s3://tpch10289--apne1-az1--x-s3/1411.parquet\", \"s3://tpch10289--apne1-az1--x-s3/1412.parquet\", \"s3://tpch10289--apne1-az1--x-s3/1413.parquet\", \"s3://tpch10289--apne1-az1--x-s3/1414.parquet\", \"s3://tpch10289--apne1-az1--x-s3/1415.parquet\", \"s3://tpch10289--apne1-az1--x-s3/1416.parquet\", \"s3://tpch10289--apne1-az1--x-s3/1417.parquet\", \"s3://tpch10289--apne1-az1--x-s3/1478.parquet\", \"s3://tpch10289--apne1-az1--x-s3/1479.parquet\", \"s3://tpch10289--apne1-az1--x-s3/1480.parquet\", \"s3://tpch10289--apne1-az1--x-s3/1481.parquet\", \"s3://tpch10289--apne1-az1--x-s3/1482.parquet\", \"s3://tpch10289--apne1-az1--x-s3/1483.parquet\", \"s3://tpch10289--apne1-az1--x-s3/1484.parquet\", \"s3://tpch10289--apne1-az1--x-s3/1485.parquet\", \"s3://tpch10289--apne1-az1--x-s3/1486.parquet\", \"s3://tpch10289--apne1-az1--x-s3/1487.parquet\", \"s3://tpch10289--apne1-az1--x-s3/1488.parquet\", \"s3://tpch10289--apne1-az1--x-s3/1489.parquet\", \"s3://tpch10289--apne1-az1--x-s3/1491.parquet\", \"s3://tpch10289--apne1-az1--x-s3/1492.parquet\", \"s3://tpch10289--apne1-az1--x-s3/1508.parquet\", \"s3://tpch10289--apne1-az1--x-s3/1529.parquet\", \"s3://tpch10289--apne1-az1--x-s3/1530.parquet\", \"s3://tpch10289--apne1-az1--x-s3/1532.parquet\", \"s3://tpch10289--apne1-az1--x-s3/1539.parquet\", \"s3://tpch10289--apne1-az1--x-s3/1540.parquet\", \"s3://tpch10289--apne1-az1--x-s3/1757.parquet\", \"s3://tpch10289--apne1-az1--x-s3/1758.parquet\", \"s3://tpch10289--apne1-az1--x-s3/1759.parquet\", \"s3://tpch10289--apne1-az1--x-s3/1760.parquet\", \"s3://tpch10289--apne1-az1--x-s3/1761.parquet\", \"s3://tpch10289--apne1-az1--x-s3/1762.parquet\", \"s3://tpch10289--apne1-az1--x-s3/1763.parquet\", \"s3://tpch10289--apne1-az1--x-s3/1764.parquet\", \"s3://tpch10289--apne1-az1--x-s3/1765.parquet\", \"s3://tpch10289--apne1-az1--x-s3/1766.parquet\", \"s3://tpch10289--apne1-az1--x-s3/1767.parquet\", \"s3://tpch10289--apne1-az1--x-s3/1768.parquet\", \"s3://tpch10289--apne1-az1--x-s3/1769.parquet\", \"s3://tpch10289--apne1-az1--x-s3/1770.parquet\", \"s3://tpch10289--apne1-az1--x-s3/1771.parquet\", \"s3://tpch10289--apne1-az1--x-s3/1772.parquet\", \"s3://tpch10289--apne1-az1--x-s3/1773.parquet\", \"s3://tpch10289--apne1-az1--x-s3/1775.parquet\", \"s3://tpch10289--apne1-az1--x-s3/1793.parquet\", \"s3://tpch10289--apne1-az1--x-s3/1794.parquet\", \"s3://tpch10289--apne1-az1--x-s3/1795.parquet\", \"s3://tpch10289--apne1-az1--x-s3/1796.parquet\", \"s3://tpch10289--apne1-az1--x-s3/1797.parquet\", \"s3://tpch10289--apne1-az1--x-s3/1800.parquet\", \"s3://tpch10289--apne1-az1--x-s3/1806.parquet\", \"s3://tpch10289--apne1-az1--x-s3/1811.parquet\", \"s3://tpch10289--apne1-az1--x-s3/1812.parquet\", \"s3://tpch10289--apne1-az1--x-s3/1814.parquet\", \"s3://tpch10289--apne1-az1--x-s3/1815.parquet\", \"s3://tpch10289--apne1-az1--x-s3/1816.parquet\", \"s3://tpch10289--apne1-az1--x-s3/1817.parquet\", \"s3://tpch10289--apne1-az1--x-s3/1818.parquet\", \"s3://tpch10289--apne1-az1--x-s3/1819.parquet\", \"s3://tpch10289--apne1-az1--x-s3/1821.parquet\", \"s3://tpch10289--apne1-az1--x-s3/1822.parquet\", \"s3://tpch10289--apne1-az1--x-s3/1823.parquet\", \"s3://tpch10289--apne1-az1--x-s3/1824.parquet\", \"s3://tpch10289--apne1-az1--x-s3/1826.parquet\", \"s3://tpch10289--apne1-az1--x-s3/1998.parquet\", \"s3://tpch10289--apne1-az1--x-s3/1999.parquet\", \"s3://tpch10289--apne1-az1--x-s3/2000.parquet\", \"s3://tpch10289--apne1-az1--x-s3/2001.parquet\", \"s3://tpch10289--apne1-az1--x-s3/2002.parquet\", \"s3://tpch10289--apne1-az1--x-s3/2003.parquet\", \"s3://tpch10289--apne1-az1--x-s3/2004.parquet\", \"s3://tpch10289--apne1-az1--x-s3/2059.parquet\", \"s3://tpch10289--apne1-az1--x-s3/2060.parquet\", \"s3://tpch10289--apne1-az1--x-s3/2061.parquet\", \"s3://tpch10289--apne1-az1--x-s3/2062.parquet\", \"s3://tpch10289--apne1-az1--x-s3/2063.parquet\", \"s3://tpch10289--apne1-az1--x-s3/2064.parquet\", \"s3://tpch10289--apne1-az1--x-s3/2065.parquet\", \"s3://tpch10289--apne1-az1--x-s3/2066.parquet\", \"s3://tpch10289--apne1-az1--x-s3/2067.parquet\", \"s3://tpch10289--apne1-az1--x-s3/2068.parquet\", \"s3://tpch10289--apne1-az1--x-s3/2069.parquet\", \"s3://tpch10289--apne1-az1--x-s3/2070.parquet\", \"s3://tpch10289--apne1-az1--x-s3/2073.parquet\", \"s3://tpch10289--apne1-az1--x-s3/2075.parquet\", \"s3://tpch10289--apne1-az1--x-s3/2094.parquet\", \"s3://tpch10289--apne1-az1--x-s3/2104.parquet\", \"s3://tpch10289--apne1-az1--x-s3/2107.parquet\", \"s3://tpch10289--apne1-az1--x-s3/2112.parquet\", \"s3://tpch10289--apne1-az1--x-s3/2120.parquet\", \"s3://tpch10289--apne1-az1--x-s3/2125.parquet\", \"s3://tpch10289--apne1-az1--x-s3/2129.parquet\", \"s3://tpch10289--apne1-az1--x-s3/2200.parquet\", \"s3://tpch10289--apne1-az1--x-s3/2271.parquet\"])\n    WHERE\n        l_shipdate >= DATE '1992-01-01' + INTERVAL 29 MONTH\n        AND l_shipdate < DATE '1992-01-01' + INTERVAL 29 MONTH + INTERVAL 3 MONTH\n    GROUP BY\n        supplier_no\n)\nSELECT\n    s_suppkey,\n    s_name,\n    s_address,\n    s_phone,\n    total_revenue\nFROM\n    'pool/supplier/*.parquet',\n    revenue\nWHERE\n    s_suppkey = supplier_no\n    AND total_revenue = (\n        SELECT\n            max(total_revenue)\n        FROM\n            revenue\n    )\nORDER BY\n    s_suppkey;",
    "children": [
        {
            "result_set_size": 72,
            "operator_timing": 0.000026872,
            "operator_rows_scanned": 0,
            "cumulative_rows_scanned": 6149504000,
            "operator_cardinality": 1,
            "operator_type": "ORDER_BY",
            "cumulative_cardinality": 355541329,
            "extra_info": {
                "Order By": "\"pool/supplier/*.parquet\".s_suppkey ASC"
            },
            "cpu_time": 83.19796166100001,
            "children": [
                {
                    "result_set_size": 72,
                    "operator_timing": 0.00000105,
                    "operator_rows_scanned": 0,
                    "cumulative_rows_scanned": 6149504000,
                    "operator_cardinality": 1,
                    "operator_type": "PROJECTION",
                    "cumulative_cardinality": 355541328,
                    "extra_info": {
                        "Projections": [
                            "s_suppkey",
                            "s_name",
                            "s_address",
                            "s_phone",
                            "total_revenue"
                        ],
                        "Estimated Cardinality": "18787200"
                    },
                    "cpu_time": 83.197934789,
                    "children": [
                        {
                            "result_set_size": 0,
                            "operator_timing": 0.011707289000000003,
                            "operator_rows_scanned": 0,
                            "cumulative_rows_scanned": 6149504000,
                            "operator_cardinality": 0,
                            "operator_type": "CTE",
                            "cumulative_cardinality": 355541327,
                            "extra_info": {
                                "CTE Name": "revenue",
                                "Table Index": "0"
                            },
                            "cpu_time": 83.197933739,
                            "children": [
                                {
                                    "result_set_size": 120000000,
                                    "operator_timing": 25.96040261600001,
                                    "operator_rows_scanned": 0,
                                    "cumulative_rows_scanned": 6011904000,
                                    "operator_cardinality": 5000000,
                                    "operator_type": "HASH_GROUP_BY",
                                    "cumulative_cardinality": 340541320,
                                    "extra_info": {
                                        "Groups": "#0",
                                        "Aggregates": "sum(#1)",
                                        "Estimated Cardinality": "18787200"
                                    },
                                    "cpu_time": 83.09023722500001,
                                    "children": [
                                        {
                                            "result_set_size": 2684330560,
                                            "operator_timing": 1.0267653159999999,
                                            "operator_rows_scanned": 0,
                                            "cumulative_rows_scanned": 6011904000,
                                            "operator_cardinality": 167770660,
                                            "operator_type": "PROJECTION",
                                            "cumulative_cardinality": 335541320,
                                            "extra_info": {
                                                "Projections": [
                                                    "supplier_no",
                                                    "(l_extendedprice * (1.00 - l_discount))"
                                                ],
                                                "Estimated Cardinality": "37574400"
                                            },
                                            "cpu_time": 57.12983460900001,
                                            "children": [
                                                {
                                                    "result_set_size": 4026495840,
                                                    "operator_timing": 56.103069293000004,
                                                    "operator_rows_scanned": 6011904000,
                                                    "cumulative_rows_scanned": 6011904000,
                                                    "operator_cardinality": 167770660,
                                                    "operator_type": "TABLE_SCAN",
                                                    "cumulative_cardinality": 167770660,
                                                    "extra_info": {
                                                        "Function": "READ_PARQUET",
                                                        "Projections": [
                                                            "l_suppkey",
                                                            "l_extendedprice",
                                                            "l_discount"
                                                        ],
                                                        "Filters": "l_shipdate>='1994-06-01'::DATE AND l_shipdate<'1994-09-01'::DATE AND l_shipdate IS NOT NULL",
                                                        "Estimated Cardinality": "37574400"
                                                    },
                                                    "cpu_time": 56.103069293000004,
                                                    "children": []
                                                }
                                            ]
                                        }
                                    ]
                                },
                                {
                                    "result_set_size": 96,
                                    "operator_timing": 0.000204118,
                                    "operator_rows_scanned": 0,
                                    "cumulative_rows_scanned": 137600000,
                                    "operator_cardinality": 1,
                                    "operator_type": "HASH_JOIN",
                                    "cumulative_cardinality": 15000007,
                                    "extra_info": {
                                        "Join Type": "INNER",
                                        "Conditions": "s_suppkey = supplier_no",
                                        "Estimated Cardinality": "0"
                                    },
                                    "cpu_time": 0.09598922500000003,
                                    "children": [
                                        {
                                            "result_set_size": 56,
                                            "operator_timing": 0.027450495000000005,
                                            "operator_rows_scanned": 137600000,
                                            "cumulative_rows_scanned": 137600000,
                                            "operator_cardinality": 1,
                                            "operator_type": "TABLE_SCAN",
                                            "cumulative_cardinality": 1,
                                            "extra_info": {
                                                "Function": "PARQUET_SCAN",
                                                "Projections": "",
                                                "Estimated Cardinality": "4300000"
                                            },
                                            "cpu_time": 0.027450495000000005,
                                            "children": []
                                        },
                                        {
                                            "result_set_size": 40,
                                            "operator_timing": 0.028017475000000003,
                                            "operator_rows_scanned": 0,
                                            "cumulative_rows_scanned": 0,
                                            "operator_cardinality": 1,
                                            "operator_type": "HASH_JOIN",
                                            "cumulative_cardinality": 15000005,
                                            "extra_info": {
                                                "Join Type": "INNER",
                                                "Conditions": "total_revenue = SUBQUERY",
                                                "Estimated Cardinality": "0"
                                            },
                                            "cpu_time": 0.06833461200000002,
                                            "children": [
                                                {
                                                    "result_set_size": 120000000,
                                                    "operator_timing": 0.008126504,
                                                    "operator_rows_scanned": 0,
                                                    "cumulative_rows_scanned": 0,
                                                    "operator_cardinality": 5000000,
                                                    "operator_type": "CTE_SCAN",
                                                    "cumulative_cardinality": 5000000,
                                                    "extra_info": {
                                                        "CTE Index": "0",
                                                        "Estimated Cardinality": "18787200"
                                                    },
                                                    "cpu_time": 0.008126504,
                                                    "children": []
                                                },
                                                {
                                                    "result_set_size": 16,
                                                    "operator_timing": 0.000003181,
                                                    "operator_rows_scanned": 0,
                                                    "cumulative_rows_scanned": 0,
                                                    "operator_cardinality": 1,
                                                    "operator_type": "PROJECTION",
                                                    "cumulative_cardinality": 10000004,
                                                    "extra_info": {
                                                        "Projections": [
                                                            "CASE  WHEN ((#1 > 1)) THEN (error('More than one row returned by a subquery used as an expression - scalar subqueries can only return a single row.",
                                                            "Use \"SET scalar_subquery_error_on_multiple_rows=false\" to revert to previous behavior of returning a random row.')) ELSE #0 END"
                                                        ],
                                                        "Estimated Cardinality": "1"
                                                    },
                                                    "cpu_time": 0.032190633,
                                                    "children": [
                                                        {
                                                            "result_set_size": 24,
                                                            "operator_timing": 0.0000020599999999999998,
                                                            "operator_rows_scanned": 0,
                                                            "cumulative_rows_scanned": 0,
                                                            "operator_cardinality": 1,
                                                            "operator_type": "UNGROUPED_AGGREGATE",
                                                            "cumulative_cardinality": 10000003,
                                                            "extra_info": {
                                                                "Aggregates": [
                                                                    "\"first\"(#0)",
                                                                    "count_star()"
                                                                ]
                                                            },
                                                            "cpu_time": 0.032187452000000005,
                                                            "children": [
                                                                {
                                                                    "result_set_size": 16,
                                                                    "operator_timing": 1.98e-7,
                                                                    "operator_rows_scanned": 0,
                                                                    "cumulative_rows_scanned": 0,
                                                                    "operator_cardinality": 1,
                                                                    "operator_type": "PROJECTION",
                                                                    "cumulative_cardinality": 10000002,
                                                                    "extra_info": {
                                                                        "Projections": "#0",
                                                                        "Estimated Cardinality": "1"
                                                                    },
                                                                    "cpu_time": 0.03218539200000001,
                                                                    "children": [
                                                                        {
                                                                            "result_set_size": 16,
                                                                            "operator_timing": 0.007405924,
                                                                            "operator_rows_scanned": 0,
                                                                            "cumulative_rows_scanned": 0,
                                                                            "operator_cardinality": 1,
                                                                            "operator_type": "UNGROUPED_AGGREGATE",
                                                                            "cumulative_cardinality": 10000001,
                                                                            "extra_info": {
                                                                                "Aggregates": "max(#0)"
                                                                            },
                                                                            "cpu_time": 0.03218519400000001,
                                                                            "children": [
                                                                                {
                                                                                    "result_set_size": 80000000,
                                                                                    "operator_timing": 0.00034285899999999994,
                                                                                    "operator_rows_scanned": 0,
                                                                                    "cumulative_rows_scanned": 0,
                                                                                    "operator_cardinality": 5000000,
                                                                                    "operator_type": "PROJECTION",
                                                                                    "cumulative_cardinality": 10000000,
                                                                                    "extra_info": {
                                                                                        "Projections": "total_revenue",
                                                                                        "Estimated Cardinality": "18787200"
                                                                                    },
                                                                                    "cpu_time": 0.024779270000000006,
                                                                                    "children": [
                                                                                        {
                                                                                            "result_set_size": 120000000,
                                                                                            "operator_timing": 0.024436411000000005,
                                                                                            "operator_rows_scanned": 0,
                                                                                            "cumulative_rows_scanned": 0,
                                                                                            "operator_cardinality": 5000000,
                                                                                            "operator_type": "CTE_SCAN",
                                                                                            "cumulative_cardinality": 5000000,
                                                                                            "extra_info": {
                                                                                                "CTE Index": "0",
                                                                                                "Estimated Cardinality": "18787200"
                                                                                            },
                                                                                            "cpu_time": 0.024436411000000005,
                                                                                            "children": []
                                                                                        }
                                                                                    ]
                                                                                }
                                                                            ]
                                                                        }
                                                                    ]
                                                                }
                                                            ]
                                                        }
                                                    ]
                                                }
                                            ]
                                        }
                                    ]
                                }
                            ]
                        }
                    ]
                }
            ]
        }
    ]
}