{
    "rows_returned": 1,
    "latency": 1.354693485,
    "result_set_size": 8,
    "cumulative_rows_scanned": 3229920000,
    "cumulative_cardinality": 148367538,
    "extra_info": {},
    "cpu_time": 24.109306474,
    "blocked_thread_time": 0.0,
    "query_name": "SELECT\n    100.00 * sum(CASE\n            WHEN p_type LIKE 'PROMO%' \n            THEN l_extendedprice * (1 - l_discount)\n            ELSE 0\n    END) / sum(l_extendedprice * (1 - l_discount)) AS promo_revenue\nFROM\n    read_parquet([\"s3://tpch3934--apne1-az1--x-s3/584.parquet\", \"s3://tpch3934--apne1-az1--x-s3/585.parquet\", \"s3://tpch3934--apne1-az1--x-s3/586.parquet\", \"s3://tpch3934--apne1-az1--x-s3/587.parquet\", \"s3://tpch3934--apne1-az1--x-s3/588.parquet\", \"s3://tpch3934--apne1-az1--x-s3/589.parquet\", \"s3://tpch3934--apne1-az1--x-s3/590.parquet\", \"s3://tpch3934--apne1-az1--x-s3/591.parquet\", \"s3://tpch3934--apne1-az1--x-s3/592.parquet\", \"s3://tpch3934--apne1-az1--x-s3/593.parquet\", \"s3://tpch3934--apne1-az1--x-s3/594.parquet\", \"s3://tpch3934--apne1-az1--x-s3/595.parquet\", \"s3://tpch3934--apne1-az1--x-s3/596.parquet\", \"s3://tpch3934--apne1-az1--x-s3/597.parquet\", \"s3://tpch3934--apne1-az1--x-s3/598.parquet\", \"s3://tpch3934--apne1-az1--x-s3/599.parquet\", \"s3://tpch3934--apne1-az1--x-s3/600.parquet\", \"s3://tpch3934--apne1-az1--x-s3/601.parquet\", \"s3://tpch3934--apne1-az1--x-s3/602.parquet\", \"s3://tpch3934--apne1-az1--x-s3/603.parquet\", \"s3://tpch3934--apne1-az1--x-s3/604.parquet\", \"s3://tpch3934--apne1-az1--x-s3/605.parquet\", \"s3://tpch3934--apne1-az1--x-s3/606.parquet\", \"s3://tpch3934--apne1-az1--x-s3/607.parquet\", \"s3://tpch3934--apne1-az1--x-s3/608.parquet\", \"s3://tpch3934--apne1-az1--x-s3/609.parquet\", \"s3://tpch3934--apne1-az1--x-s3/610.parquet\", \"s3://tpch3934--apne1-az1--x-s3/611.parquet\", \"s3://tpch3934--apne1-az1--x-s3/612.parquet\", \"s3://tpch3934--apne1-az1--x-s3/613.parquet\", \"s3://tpch3934--apne1-az1--x-s3/614.parquet\", \"s3://tpch3934--apne1-az1--x-s3/615.parquet\", \"s3://tpch3934--apne1-az1--x-s3/616.parquet\", \"s3://tpch3934--apne1-az1--x-s3/617.parquet\", \"s3://tpch3934--apne1-az1--x-s3/618.parquet\", \"s3://tpch3934--apne1-az1--x-s3/619.parquet\", \"s3://tpch3934--apne1-az1--x-s3/620.parquet\", \"s3://tpch3934--apne1-az1--x-s3/621.parquet\", \"s3://tpch3934--apne1-az1--x-s3/622.parquet\", \"s3://tpch3934--apne1-az1--x-s3/623.parquet\", \"s3://tpch3934--apne1-az1--x-s3/624.parquet\", \"s3://tpch3934--apne1-az1--x-s3/625.parquet\", \"s3://tpch3934--apne1-az1--x-s3/626.parquet\", \"s3://tpch3934--apne1-az1--x-s3/627.parquet\", \"s3://tpch3934--apne1-az1--x-s3/628.parquet\", \"s3://tpch3934--apne1-az1--x-s3/629.parquet\", \"s3://tpch3934--apne1-az1--x-s3/630.parquet\", \"s3://tpch3934--apne1-az1--x-s3/631.parquet\", \"s3://tpch3934--apne1-az1--x-s3/632.parquet\", \"s3://tpch3934--apne1-az1--x-s3/633.parquet\", \"s3://tpch3934--apne1-az1--x-s3/634.parquet\", \"s3://tpch3934--apne1-az1--x-s3/635.parquet\", \"s3://tpch3934--apne1-az1--x-s3/636.parquet\", \"s3://tpch3934--apne1-az1--x-s3/637.parquet\", \"s3://tpch3934--apne1-az1--x-s3/638.parquet\"]),\n    'pool/part/*.parquet'\nWHERE\n    l_partkey = p_partkey\n    AND l_shipdate >= DATE '1992-01-01' + INTERVAL 23 MONTH\n    AND l_shipdate < DATE '1992-02-01' + INTERVAL 23 MONTH;",
    "children": [
        {
            "result_set_size": 8,
            "operator_timing": 0.000019299,
            "operator_rows_scanned": 0,
            "cumulative_rows_scanned": 3229920000,
            "operator_cardinality": 1,
            "operator_type": "PROJECTION",
            "cumulative_cardinality": 148367538,
            "extra_info": {
                "Projections": "promo_revenue",
                "Estimated Cardinality": "1"
            },
            "cpu_time": 24.109306474,
            "children": [
                {
                    "result_set_size": 32,
                    "operator_timing": 0.07840627500000001,
                    "operator_rows_scanned": 0,
                    "cumulative_rows_scanned": 3229920000,
                    "operator_cardinality": 1,
                    "operator_type": "UNGROUPED_AGGREGATE",
                    "cumulative_cardinality": 148367537,
                    "extra_info": {
                        "Aggregates": [
                            "sum(#0)",
                            "sum(#1)"
                        ]
                    },
                    "cpu_time": 24.109287175,
                    "children": [
                        {
                            "result_set_size": 390422112,
                            "operator_timing": 0.615830936,
                            "operator_rows_scanned": 0,
                            "cumulative_rows_scanned": 3229920000,
                            "operator_cardinality": 24401382,
                            "operator_type": "PROJECTION",
                            "cumulative_cardinality": 148367536,
                            "extra_info": {
                                "Projections": [
                                    "CASE  WHEN (prefix(p_type, 'PROMO')) THEN ((l_extendedprice * (1.00 - l_discount))) ELSE 0.0000 END",
                                    "(l_extendedprice * (1.00 - l_discount))"
                                ],
                                "Estimated Cardinality": "11200000"
                            },
                            "cpu_time": 24.0308809,
                            "children": [
                                {
                                    "result_set_size": 1171266336,
                                    "operator_timing": 8.443625550999995,
                                    "operator_rows_scanned": 0,
                                    "cumulative_rows_scanned": 3229920000,
                                    "operator_cardinality": 24401382,
                                    "operator_type": "HASH_JOIN",
                                    "cumulative_cardinality": 123966154,
                                    "extra_info": {
                                        "Join Type": "INNER",
                                        "Conditions": "p_partkey = l_partkey",
                                        "Estimated Cardinality": "11200000"
                                    },
                                    "cpu_time": 23.415049963999998,
                                    "children": [
                                        {
                                            "result_set_size": 1343999928,
                                            "operator_timing": 1.636422948,
                                            "operator_rows_scanned": 1792000000,
                                            "cumulative_rows_scanned": 1792000000,
                                            "operator_cardinality": 55999997,
                                            "operator_type": "TABLE_SCAN",
                                            "cumulative_cardinality": 55999997,
                                            "extra_info": {
                                                "Function": "PARQUET_SCAN",
                                                "Projections": [
                                                    "p_partkey",
                                                    "p_type"
                                                ],
                                                "Estimated Cardinality": "56000000"
                                            },
                                            "cpu_time": 1.636422948,
                                            "children": []
                                        },
                                        {
                                            "result_set_size": 1045554600,
                                            "operator_timing": 13.335001465000001,
                                            "operator_rows_scanned": 1437920000,
                                            "cumulative_rows_scanned": 1437920000,
                                            "operator_cardinality": 43564775,
                                            "operator_type": "TABLE_SCAN",
                                            "cumulative_cardinality": 43564775,
                                            "extra_info": {
                                                "Function": "READ_PARQUET",
                                                "Projections": [
                                                    "l_partkey",
                                                    "l_extendedprice",
                                                    "l_discount"
                                                ],
                                                "Filters": "l_shipdate>='1993-12-01'::DATE AND l_shipdate<'1994-01-01'::DATE AND l_shipdate IS NOT NULL",
                                                "Estimated Cardinality": "8987000"
                                            },
                                            "cpu_time": 13.335001465000001,
                                            "children": []
                                        }
                                    ]
                                }
                            ]
                        }
                    ]
                }
            ]
        }
    ]
}