{
    "rows_returned": 10,
    "latency": 7.374474606,
    "result_set_size": 320,
    "cumulative_rows_scanned": 29973664000,
    "cumulative_cardinality": 926121491,
    "extra_info": {},
    "cpu_time": 216.8380784880001,
    "blocked_thread_time": 0.0,
    "query_name": "SELECT\n    l_orderkey,\n    sum(l_extendedprice * (1 - l_discount)) AS revenue,\n    o_orderdate,\n    o_shippriority\nFROM\n    'pool/customer/*.parquet',\n    'pool/orders/*.parquet',\n    read_parquet([\"s3://tpch3934--apne1-az1--x-s3/1465.parquet\", \"s3://tpch3934--apne1-az1--x-s3/1466.parquet\", \"s3://tpch3934--apne1-az1--x-s3/1467.parquet\", \"s3://tpch3934--apne1-az1--x-s3/1468.parquet\", \"s3://tpch3934--apne1-az1--x-s3/1469.parquet\", \"s3://tpch3934--apne1-az1--x-s3/1470.parquet\", \"s3://tpch3934--apne1-az1--x-s3/1471.parquet\", \"s3://tpch3934--apne1-az1--x-s3/1472.parquet\", \"s3://tpch3934--apne1-az1--x-s3/1473.parquet\", \"s3://tpch3934--apne1-az1--x-s3/1474.parquet\", \"s3://tpch3934--apne1-az1--x-s3/1475.parquet\", \"s3://tpch3934--apne1-az1--x-s3/1476.parquet\", \"s3://tpch3934--apne1-az1--x-s3/1477.parquet\", \"s3://tpch3934--apne1-az1--x-s3/1478.parquet\", \"s3://tpch3934--apne1-az1--x-s3/1479.parquet\", \"s3://tpch3934--apne1-az1--x-s3/1480.parquet\", \"s3://tpch3934--apne1-az1--x-s3/1481.parquet\", \"s3://tpch3934--apne1-az1--x-s3/1482.parquet\", \"s3://tpch3934--apne1-az1--x-s3/1483.parquet\", \"s3://tpch3934--apne1-az1--x-s3/1484.parquet\", \"s3://tpch3934--apne1-az1--x-s3/1485.parquet\", \"s3://tpch3934--apne1-az1--x-s3/1486.parquet\", \"s3://tpch3934--apne1-az1--x-s3/1487.parquet\", \"s3://tpch3934--apne1-az1--x-s3/1488.parquet\", \"s3://tpch3934--apne1-az1--x-s3/1489.parquet\", \"s3://tpch3934--apne1-az1--x-s3/1490.parquet\", \"s3://tpch3934--apne1-az1--x-s3/1491.parquet\", \"s3://tpch3934--apne1-az1--x-s3/1492.parquet\", \"s3://tpch3934--apne1-az1--x-s3/1493.parquet\", \"s3://tpch3934--apne1-az1--x-s3/1494.parquet\", \"s3://tpch3934--apne1-az1--x-s3/1495.parquet\", \"s3://tpch3934--apne1-az1--x-s3/1496.parquet\", \"s3://tpch3934--apne1-az1--x-s3/1497.parquet\", \"s3://tpch3934--apne1-az1--x-s3/1498.parquet\", \"s3://tpch3934--apne1-az1--x-s3/1499.parquet\", \"s3://tpch3934--apne1-az1--x-s3/1500.parquet\", \"s3://tpch3934--apne1-az1--x-s3/1501.parquet\", \"s3://tpch3934--apne1-az1--x-s3/1502.parquet\", \"s3://tpch3934--apne1-az1--x-s3/1503.parquet\", \"s3://tpch3934--apne1-az1--x-s3/1504.parquet\", \"s3://tpch3934--apne1-az1--x-s3/1505.parquet\", \"s3://tpch3934--apne1-az1--x-s3/1506.parquet\", \"s3://tpch3934--apne1-az1--x-s3/1507.parquet\", \"s3://tpch3934--apne1-az1--x-s3/1508.parquet\", \"s3://tpch3934--apne1-az1--x-s3/1509.parquet\", \"s3://tpch3934--apne1-az1--x-s3/1510.parquet\", \"s3://tpch3934--apne1-az1--x-s3/1511.parquet\", \"s3://tpch3934--apne1-az1--x-s3/1512.parquet\", \"s3://tpch3934--apne1-az1--x-s3/1513.parquet\", \"s3://tpch3934--apne1-az1--x-s3/1514.parquet\", \"s3://tpch3934--apne1-az1--x-s3/1515.parquet\", \"s3://tpch3934--apne1-az1--x-s3/1516.parquet\", \"s3://tpch3934--apne1-az1--x-s3/1517.parquet\", \"s3://tpch3934--apne1-az1--x-s3/1518.parquet\", \"s3://tpch3934--apne1-az1--x-s3/1519.parquet\", \"s3://tpch3934--apne1-az1--x-s3/1520.parquet\", \"s3://tpch3934--apne1-az1--x-s3/1521.parquet\", \"s3://tpch3934--apne1-az1--x-s3/1522.parquet\", \"s3://tpch3934--apne1-az1--x-s3/1523.parquet\", \"s3://tpch3934--apne1-az1--x-s3/1524.parquet\", \"s3://tpch3934--apne1-az1--x-s3/1525.parquet\", \"s3://tpch3934--apne1-az1--x-s3/1526.parquet\", \"s3://tpch3934--apne1-az1--x-s3/1527.parquet\", \"s3://tpch3934--apne1-az1--x-s3/1528.parquet\", \"s3://tpch3934--apne1-az1--x-s3/1529.parquet\", \"s3://tpch3934--apne1-az1--x-s3/1530.parquet\", \"s3://tpch3934--apne1-az1--x-s3/1531.parquet\", \"s3://tpch3934--apne1-az1--x-s3/1532.parquet\", \"s3://tpch3934--apne1-az1--x-s3/1533.parquet\", \"s3://tpch3934--apne1-az1--x-s3/1534.parquet\", \"s3://tpch3934--apne1-az1--x-s3/1535.parquet\", \"s3://tpch3934--apne1-az1--x-s3/1536.parquet\", \"s3://tpch3934--apne1-az1--x-s3/1537.parquet\", \"s3://tpch3934--apne1-az1--x-s3/1538.parquet\", \"s3://tpch3934--apne1-az1--x-s3/1539.parquet\", \"s3://tpch3934--apne1-az1--x-s3/1540.parquet\", \"s3://tpch3934--apne1-az1--x-s3/1541.parquet\", \"s3://tpch3934--apne1-az1--x-s3/1542.parquet\", \"s3://tpch3934--apne1-az1--x-s3/1543.parquet\", \"s3://tpch3934--apne1-az1--x-s3/1544.parquet\", \"s3://tpch3934--apne1-az1--x-s3/1545.parquet\", \"s3://tpch3934--apne1-az1--x-s3/1546.parquet\", \"s3://tpch3934--apne1-az1--x-s3/1547.parquet\", \"s3://tpch3934--apne1-az1--x-s3/1548.parquet\", \"s3://tpch3934--apne1-az1--x-s3/1549.parquet\", \"s3://tpch3934--apne1-az1--x-s3/1550.parquet\", \"s3://tpch3934--apne1-az1--x-s3/1551.parquet\", \"s3://tpch3934--apne1-az1--x-s3/1552.parquet\", \"s3://tpch3934--apne1-az1--x-s3/1553.parquet\", \"s3://tpch3934--apne1-az1--x-s3/1554.parquet\", \"s3://tpch3934--apne1-az1--x-s3/1555.parquet\", \"s3://tpch3934--apne1-az1--x-s3/1556.parquet\", \"s3://tpch3934--apne1-az1--x-s3/1557.parquet\", \"s3://tpch3934--apne1-az1--x-s3/1558.parquet\", \"s3://tpch3934--apne1-az1--x-s3/1559.parquet\", \"s3://tpch3934--apne1-az1--x-s3/1560.parquet\", \"s3://tpch3934--apne1-az1--x-s3/1561.parquet\", \"s3://tpch3934--apne1-az1--x-s3/1562.parquet\", \"s3://tpch3934--apne1-az1--x-s3/1563.parquet\", \"s3://tpch3934--apne1-az1--x-s3/1564.parquet\", \"s3://tpch3934--apne1-az1--x-s3/1565.parquet\", \"s3://tpch3934--apne1-az1--x-s3/1566.parquet\", \"s3://tpch3934--apne1-az1--x-s3/1567.parquet\", \"s3://tpch3934--apne1-az1--x-s3/1568.parquet\", \"s3://tpch3934--apne1-az1--x-s3/1569.parquet\", \"s3://tpch3934--apne1-az1--x-s3/1570.parquet\", \"s3://tpch3934--apne1-az1--x-s3/1571.parquet\", \"s3://tpch3934--apne1-az1--x-s3/1572.parquet\", \"s3://tpch3934--apne1-az1--x-s3/1573.parquet\", \"s3://tpch3934--apne1-az1--x-s3/1574.parquet\", \"s3://tpch3934--apne1-az1--x-s3/1575.parquet\", \"s3://tpch3934--apne1-az1--x-s3/1576.parquet\", \"s3://tpch3934--apne1-az1--x-s3/1577.parquet\", \"s3://tpch3934--apne1-az1--x-s3/1578.parquet\", \"s3://tpch3934--apne1-az1--x-s3/1579.parquet\", \"s3://tpch3934--apne1-az1--x-s3/1580.parquet\", \"s3://tpch3934--apne1-az1--x-s3/1581.parquet\", \"s3://tpch3934--apne1-az1--x-s3/1582.parquet\", \"s3://tpch3934--apne1-az1--x-s3/1583.parquet\", \"s3://tpch3934--apne1-az1--x-s3/1584.parquet\", \"s3://tpch3934--apne1-az1--x-s3/1585.parquet\", \"s3://tpch3934--apne1-az1--x-s3/1586.parquet\", \"s3://tpch3934--apne1-az1--x-s3/1587.parquet\", \"s3://tpch3934--apne1-az1--x-s3/1588.parquet\", \"s3://tpch3934--apne1-az1--x-s3/1589.parquet\", \"s3://tpch3934--apne1-az1--x-s3/1590.parquet\", \"s3://tpch3934--apne1-az1--x-s3/1591.parquet\", \"s3://tpch3934--apne1-az1--x-s3/1592.parquet\", \"s3://tpch3934--apne1-az1--x-s3/1593.parquet\", \"s3://tpch3934--apne1-az1--x-s3/1594.parquet\", \"s3://tpch3934--apne1-az1--x-s3/1595.parquet\", \"s3://tpch3934--apne1-az1--x-s3/1596.parquet\", \"s3://tpch3934--apne1-az1--x-s3/1597.parquet\", \"s3://tpch3934--apne1-az1--x-s3/1598.parquet\", \"s3://tpch3934--apne1-az1--x-s3/1599.parquet\", \"s3://tpch3934--apne1-az1--x-s3/1600.parquet\", \"s3://tpch3934--apne1-az1--x-s3/1601.parquet\", \"s3://tpch3934--apne1-az1--x-s3/1602.parquet\", \"s3://tpch3934--apne1-az1--x-s3/1603.parquet\", \"s3://tpch3934--apne1-az1--x-s3/1604.parquet\", \"s3://tpch3934--apne1-az1--x-s3/1605.parquet\", \"s3://tpch3934--apne1-az1--x-s3/1606.parquet\", \"s3://tpch3934--apne1-az1--x-s3/1607.parquet\", \"s3://tpch3934--apne1-az1--x-s3/1608.parquet\", \"s3://tpch3934--apne1-az1--x-s3/1609.parquet\", \"s3://tpch3934--apne1-az1--x-s3/1610.parquet\", \"s3://tpch3934--apne1-az1--x-s3/1611.parquet\", \"s3://tpch3934--apne1-az1--x-s3/1612.parquet\", \"s3://tpch3934--apne1-az1--x-s3/1613.parquet\", \"s3://tpch3934--apne1-az1--x-s3/1614.parquet\", \"s3://tpch3934--apne1-az1--x-s3/1615.parquet\", \"s3://tpch3934--apne1-az1--x-s3/1616.parquet\", \"s3://tpch3934--apne1-az1--x-s3/1617.parquet\", \"s3://tpch3934--apne1-az1--x-s3/1618.parquet\", \"s3://tpch3934--apne1-az1--x-s3/1619.parquet\", \"s3://tpch3934--apne1-az1--x-s3/1620.parquet\", \"s3://tpch3934--apne1-az1--x-s3/1621.parquet\", \"s3://tpch3934--apne1-az1--x-s3/1622.parquet\", \"s3://tpch3934--apne1-az1--x-s3/1623.parquet\", \"s3://tpch3934--apne1-az1--x-s3/1624.parquet\", \"s3://tpch3934--apne1-az1--x-s3/1625.parquet\", \"s3://tpch3934--apne1-az1--x-s3/1626.parquet\", \"s3://tpch3934--apne1-az1--x-s3/1627.parquet\", \"s3://tpch3934--apne1-az1--x-s3/1628.parquet\", \"s3://tpch3934--apne1-az1--x-s3/1629.parquet\", \"s3://tpch3934--apne1-az1--x-s3/1630.parquet\", \"s3://tpch3934--apne1-az1--x-s3/1631.parquet\", \"s3://tpch3934--apne1-az1--x-s3/1632.parquet\", \"s3://tpch3934--apne1-az1--x-s3/1633.parquet\", \"s3://tpch3934--apne1-az1--x-s3/1634.parquet\", \"s3://tpch3934--apne1-az1--x-s3/1635.parquet\", \"s3://tpch3934--apne1-az1--x-s3/1636.parquet\", \"s3://tpch3934--apne1-az1--x-s3/1637.parquet\", \"s3://tpch3934--apne1-az1--x-s3/1638.parquet\", \"s3://tpch3934--apne1-az1--x-s3/1639.parquet\", \"s3://tpch3934--apne1-az1--x-s3/1640.parquet\", \"s3://tpch3934--apne1-az1--x-s3/1641.parquet\", \"s3://tpch3934--apne1-az1--x-s3/1642.parquet\", \"s3://tpch3934--apne1-az1--x-s3/1643.parquet\", \"s3://tpch3934--apne1-az1--x-s3/1644.parquet\", \"s3://tpch3934--apne1-az1--x-s3/1645.parquet\", \"s3://tpch3934--apne1-az1--x-s3/1646.parquet\", \"s3://tpch3934--apne1-az1--x-s3/1647.parquet\", \"s3://tpch3934--apne1-az1--x-s3/1648.parquet\", \"s3://tpch3934--apne1-az1--x-s3/1649.parquet\", \"s3://tpch3934--apne1-az1--x-s3/1650.parquet\", \"s3://tpch3934--apne1-az1--x-s3/1651.parquet\", \"s3://tpch3934--apne1-az1--x-s3/1652.parquet\", \"s3://tpch3934--apne1-az1--x-s3/1653.parquet\", \"s3://tpch3934--apne1-az1--x-s3/1654.parquet\", \"s3://tpch3934--apne1-az1--x-s3/1655.parquet\", \"s3://tpch3934--apne1-az1--x-s3/1656.parquet\", \"s3://tpch3934--apne1-az1--x-s3/1657.parquet\", \"s3://tpch3934--apne1-az1--x-s3/1658.parquet\", \"s3://tpch3934--apne1-az1--x-s3/1659.parquet\", \"s3://tpch3934--apne1-az1--x-s3/1660.parquet\", \"s3://tpch3934--apne1-az1--x-s3/1661.parquet\", \"s3://tpch3934--apne1-az1--x-s3/1662.parquet\", \"s3://tpch3934--apne1-az1--x-s3/1663.parquet\", \"s3://tpch3934--apne1-az1--x-s3/1664.parquet\", \"s3://tpch3934--apne1-az1--x-s3/1665.parquet\", \"s3://tpch3934--apne1-az1--x-s3/1666.parquet\", \"s3://tpch3934--apne1-az1--x-s3/1667.parquet\", \"s3://tpch3934--apne1-az1--x-s3/1668.parquet\", \"s3://tpch3934--apne1-az1--x-s3/1669.parquet\", \"s3://tpch3934--apne1-az1--x-s3/1670.parquet\", \"s3://tpch3934--apne1-az1--x-s3/1671.parquet\", \"s3://tpch3934--apne1-az1--x-s3/1672.parquet\", \"s3://tpch3934--apne1-az1--x-s3/1673.parquet\", \"s3://tpch3934--apne1-az1--x-s3/1674.parquet\", \"s3://tpch3934--apne1-az1--x-s3/1675.parquet\", \"s3://tpch3934--apne1-az1--x-s3/1676.parquet\", \"s3://tpch3934--apne1-az1--x-s3/1677.parquet\", \"s3://tpch3934--apne1-az1--x-s3/1678.parquet\", \"s3://tpch3934--apne1-az1--x-s3/1679.parquet\", \"s3://tpch3934--apne1-az1--x-s3/1680.parquet\", \"s3://tpch3934--apne1-az1--x-s3/1681.parquet\", \"s3://tpch3934--apne1-az1--x-s3/1682.parquet\", \"s3://tpch3934--apne1-az1--x-s3/1683.parquet\", \"s3://tpch3934--apne1-az1--x-s3/1684.parquet\", \"s3://tpch3934--apne1-az1--x-s3/1685.parquet\", \"s3://tpch3934--apne1-az1--x-s3/1686.parquet\", \"s3://tpch3934--apne1-az1--x-s3/1687.parquet\", \"s3://tpch3934--apne1-az1--x-s3/1688.parquet\", \"s3://tpch3934--apne1-az1--x-s3/1689.parquet\", \"s3://tpch3934--apne1-az1--x-s3/1690.parquet\", \"s3://tpch3934--apne1-az1--x-s3/1691.parquet\", \"s3://tpch3934--apne1-az1--x-s3/1692.parquet\", \"s3://tpch3934--apne1-az1--x-s3/1693.parquet\", \"s3://tpch3934--apne1-az1--x-s3/1694.parquet\", \"s3://tpch3934--apne1-az1--x-s3/1695.parquet\", \"s3://tpch3934--apne1-az1--x-s3/1696.parquet\", \"s3://tpch3934--apne1-az1--x-s3/1697.parquet\", \"s3://tpch3934--apne1-az1--x-s3/1698.parquet\", \"s3://tpch3934--apne1-az1--x-s3/1699.parquet\", \"s3://tpch3934--apne1-az1--x-s3/1700.parquet\", \"s3://tpch3934--apne1-az1--x-s3/1701.parquet\", \"s3://tpch3934--apne1-az1--x-s3/1702.parquet\", \"s3://tpch3934--apne1-az1--x-s3/1703.parquet\", \"s3://tpch3934--apne1-az1--x-s3/1704.parquet\", \"s3://tpch3934--apne1-az1--x-s3/1705.parquet\", \"s3://tpch3934--apne1-az1--x-s3/1706.parquet\", \"s3://tpch3934--apne1-az1--x-s3/1707.parquet\", \"s3://tpch3934--apne1-az1--x-s3/1708.parquet\", \"s3://tpch3934--apne1-az1--x-s3/1709.parquet\", \"s3://tpch3934--apne1-az1--x-s3/1710.parquet\", \"s3://tpch3934--apne1-az1--x-s3/1711.parquet\", \"s3://tpch3934--apne1-az1--x-s3/1712.parquet\", \"s3://tpch3934--apne1-az1--x-s3/1713.parquet\", \"s3://tpch3934--apne1-az1--x-s3/1714.parquet\", \"s3://tpch3934--apne1-az1--x-s3/1715.parquet\", \"s3://tpch3934--apne1-az1--x-s3/1716.parquet\", \"s3://tpch3934--apne1-az1--x-s3/1717.parquet\", \"s3://tpch3934--apne1-az1--x-s3/1718.parquet\", \"s3://tpch3934--apne1-az1--x-s3/1719.parquet\", \"s3://tpch3934--apne1-az1--x-s3/1720.parquet\", \"s3://tpch3934--apne1-az1--x-s3/1721.parquet\", \"s3://tpch3934--apne1-az1--x-s3/1722.parquet\", \"s3://tpch3934--apne1-az1--x-s3/1723.parquet\", \"s3://tpch3934--apne1-az1--x-s3/1724.parquet\", \"s3://tpch3934--apne1-az1--x-s3/1725.parquet\", \"s3://tpch3934--apne1-az1--x-s3/1726.parquet\", \"s3://tpch3934--apne1-az1--x-s3/1727.parquet\", \"s3://tpch3934--apne1-az1--x-s3/1728.parquet\", \"s3://tpch3934--apne1-az1--x-s3/1729.parquet\", \"s3://tpch3934--apne1-az1--x-s3/1730.parquet\", \"s3://tpch3934--apne1-az1--x-s3/1731.parquet\", \"s3://tpch3934--apne1-az1--x-s3/1732.parquet\", \"s3://tpch3934--apne1-az1--x-s3/1733.parquet\", \"s3://tpch3934--apne1-az1--x-s3/1734.parquet\", \"s3://tpch3934--apne1-az1--x-s3/1735.parquet\", \"s3://tpch3934--apne1-az1--x-s3/1736.parquet\", \"s3://tpch3934--apne1-az1--x-s3/1737.parquet\", \"s3://tpch3934--apne1-az1--x-s3/1738.parquet\", \"s3://tpch3934--apne1-az1--x-s3/1739.parquet\", \"s3://tpch3934--apne1-az1--x-s3/1740.parquet\", \"s3://tpch3934--apne1-az1--x-s3/1741.parquet\", \"s3://tpch3934--apne1-az1--x-s3/1742.parquet\", \"s3://tpch3934--apne1-az1--x-s3/1743.parquet\", \"s3://tpch3934--apne1-az1--x-s3/1744.parquet\", \"s3://tpch3934--apne1-az1--x-s3/1745.parquet\", \"s3://tpch3934--apne1-az1--x-s3/1746.parquet\", \"s3://tpch3934--apne1-az1--x-s3/1747.parquet\", \"s3://tpch3934--apne1-az1--x-s3/1748.parquet\", \"s3://tpch3934--apne1-az1--x-s3/1749.parquet\", \"s3://tpch3934--apne1-az1--x-s3/1750.parquet\", \"s3://tpch3934--apne1-az1--x-s3/1751.parquet\", \"s3://tpch3934--apne1-az1--x-s3/1752.parquet\", \"s3://tpch3934--apne1-az1--x-s3/1753.parquet\", \"s3://tpch3934--apne1-az1--x-s3/1754.parquet\", \"s3://tpch3934--apne1-az1--x-s3/1755.parquet\", \"s3://tpch3934--apne1-az1--x-s3/1756.parquet\", \"s3://tpch3934--apne1-az1--x-s3/1757.parquet\", \"s3://tpch3934--apne1-az1--x-s3/1758.parquet\", \"s3://tpch3934--apne1-az1--x-s3/1759.parquet\", \"s3://tpch3934--apne1-az1--x-s3/1760.parquet\", \"s3://tpch3934--apne1-az1--x-s3/1761.parquet\", \"s3://tpch3934--apne1-az1--x-s3/1762.parquet\", \"s3://tpch3934--apne1-az1--x-s3/1763.parquet\", \"s3://tpch3934--apne1-az1--x-s3/1764.parquet\", \"s3://tpch3934--apne1-az1--x-s3/1765.parquet\", \"s3://tpch3934--apne1-az1--x-s3/1766.parquet\", \"s3://tpch3934--apne1-az1--x-s3/1767.parquet\", \"s3://tpch3934--apne1-az1--x-s3/1768.parquet\", \"s3://tpch3934--apne1-az1--x-s3/1769.parquet\", \"s3://tpch3934--apne1-az1--x-s3/1770.parquet\", \"s3://tpch3934--apne1-az1--x-s3/1771.parquet\", \"s3://tpch3934--apne1-az1--x-s3/1772.parquet\", \"s3://tpch3934--apne1-az1--x-s3/1773.parquet\", \"s3://tpch3934--apne1-az1--x-s3/1774.parquet\", \"s3://tpch3934--apne1-az1--x-s3/1775.parquet\", \"s3://tpch3934--apne1-az1--x-s3/1776.parquet\", \"s3://tpch3934--apne1-az1--x-s3/1777.parquet\", \"s3://tpch3934--apne1-az1--x-s3/1778.parquet\", \"s3://tpch3934--apne1-az1--x-s3/1779.parquet\", \"s3://tpch3934--apne1-az1--x-s3/1780.parquet\", \"s3://tpch3934--apne1-az1--x-s3/1781.parquet\", \"s3://tpch3934--apne1-az1--x-s3/1782.parquet\", \"s3://tpch3934--apne1-az1--x-s3/1783.parquet\", \"s3://tpch3934--apne1-az1--x-s3/1784.parquet\", \"s3://tpch3934--apne1-az1--x-s3/1785.parquet\", \"s3://tpch3934--apne1-az1--x-s3/1786.parquet\", \"s3://tpch3934--apne1-az1--x-s3/1787.parquet\", \"s3://tpch3934--apne1-az1--x-s3/1788.parquet\", \"s3://tpch3934--apne1-az1--x-s3/1789.parquet\", \"s3://tpch3934--apne1-az1--x-s3/1790.parquet\", \"s3://tpch3934--apne1-az1--x-s3/1791.parquet\", \"s3://tpch3934--apne1-az1--x-s3/1792.parquet\", \"s3://tpch3934--apne1-az1--x-s3/1793.parquet\", \"s3://tpch3934--apne1-az1--x-s3/1794.parquet\", \"s3://tpch3934--apne1-az1--x-s3/1795.parquet\", \"s3://tpch3934--apne1-az1--x-s3/1796.parquet\", \"s3://tpch3934--apne1-az1--x-s3/1797.parquet\", \"s3://tpch3934--apne1-az1--x-s3/1798.parquet\", \"s3://tpch3934--apne1-az1--x-s3/1799.parquet\", \"s3://tpch3934--apne1-az1--x-s3/1800.parquet\", \"s3://tpch3934--apne1-az1--x-s3/1801.parquet\", \"s3://tpch3934--apne1-az1--x-s3/1802.parquet\", \"s3://tpch3934--apne1-az1--x-s3/1803.parquet\", \"s3://tpch3934--apne1-az1--x-s3/1804.parquet\", \"s3://tpch3934--apne1-az1--x-s3/1805.parquet\", \"s3://tpch3934--apne1-az1--x-s3/1806.parquet\", \"s3://tpch3934--apne1-az1--x-s3/1807.parquet\", \"s3://tpch3934--apne1-az1--x-s3/1808.parquet\", \"s3://tpch3934--apne1-az1--x-s3/1809.parquet\", \"s3://tpch3934--apne1-az1--x-s3/1810.parquet\", \"s3://tpch3934--apne1-az1--x-s3/1811.parquet\", \"s3://tpch3934--apne1-az1--x-s3/1812.parquet\", \"s3://tpch3934--apne1-az1--x-s3/1813.parquet\", \"s3://tpch3934--apne1-az1--x-s3/1814.parquet\", \"s3://tpch3934--apne1-az1--x-s3/1815.parquet\", \"s3://tpch3934--apne1-az1--x-s3/1816.parquet\", \"s3://tpch3934--apne1-az1--x-s3/1817.parquet\", \"s3://tpch3934--apne1-az1--x-s3/1818.parquet\", \"s3://tpch3934--apne1-az1--x-s3/1819.parquet\", \"s3://tpch3934--apne1-az1--x-s3/1820.parquet\", \"s3://tpch3934--apne1-az1--x-s3/1821.parquet\", \"s3://tpch3934--apne1-az1--x-s3/1822.parquet\", \"s3://tpch3934--apne1-az1--x-s3/1823.parquet\", \"s3://tpch3934--apne1-az1--x-s3/1824.parquet\", \"s3://tpch3934--apne1-az1--x-s3/1825.parquet\", \"s3://tpch3934--apne1-az1--x-s3/1826.parquet\", \"s3://tpch3934--apne1-az1--x-s3/1827.parquet\", \"s3://tpch3934--apne1-az1--x-s3/1828.parquet\", \"s3://tpch3934--apne1-az1--x-s3/1829.parquet\", \"s3://tpch3934--apne1-az1--x-s3/1830.parquet\", \"s3://tpch3934--apne1-az1--x-s3/1831.parquet\", \"s3://tpch3934--apne1-az1--x-s3/1832.parquet\", \"s3://tpch3934--apne1-az1--x-s3/1833.parquet\", \"s3://tpch3934--apne1-az1--x-s3/1834.parquet\", \"s3://tpch3934--apne1-az1--x-s3/1835.parquet\", \"s3://tpch3934--apne1-az1--x-s3/1836.parquet\", \"s3://tpch3934--apne1-az1--x-s3/1837.parquet\", \"s3://tpch3934--apne1-az1--x-s3/1838.parquet\", \"s3://tpch3934--apne1-az1--x-s3/1839.parquet\", \"s3://tpch3934--apne1-az1--x-s3/1840.parquet\", \"s3://tpch3934--apne1-az1--x-s3/1841.parquet\", \"s3://tpch3934--apne1-az1--x-s3/1842.parquet\", \"s3://tpch3934--apne1-az1--x-s3/1843.parquet\", \"s3://tpch3934--apne1-az1--x-s3/1844.parquet\", \"s3://tpch3934--apne1-az1--x-s3/1845.parquet\", \"s3://tpch3934--apne1-az1--x-s3/1846.parquet\", \"s3://tpch3934--apne1-az1--x-s3/1847.parquet\", \"s3://tpch3934--apne1-az1--x-s3/1848.parquet\", \"s3://tpch3934--apne1-az1--x-s3/1849.parquet\", \"s3://tpch3934--apne1-az1--x-s3/1850.parquet\", \"s3://tpch3934--apne1-az1--x-s3/1851.parquet\", \"s3://tpch3934--apne1-az1--x-s3/1852.parquet\", \"s3://tpch3934--apne1-az1--x-s3/1853.parquet\", \"s3://tpch3934--apne1-az1--x-s3/1854.parquet\", \"s3://tpch3934--apne1-az1--x-s3/1855.parquet\", \"s3://tpch3934--apne1-az1--x-s3/1856.parquet\", \"s3://tpch3934--apne1-az1--x-s3/1857.parquet\", \"s3://tpch3934--apne1-az1--x-s3/1858.parquet\", \"s3://tpch3934--apne1-az1--x-s3/1859.parquet\", \"s3://tpch3934--apne1-az1--x-s3/1860.parquet\", \"s3://tpch3934--apne1-az1--x-s3/1861.parquet\", \"s3://tpch3934--apne1-az1--x-s3/1862.parquet\", \"s3://tpch3934--apne1-az1--x-s3/1863.parquet\", \"s3://tpch3934--apne1-az1--x-s3/1864.parquet\", \"s3://tpch3934--apne1-az1--x-s3/1865.parquet\", \"s3://tpch3934--apne1-az1--x-s3/1866.parquet\", \"s3://tpch3934--apne1-az1--x-s3/1867.parquet\", \"s3://tpch3934--apne1-az1--x-s3/1868.parquet\", \"s3://tpch3934--apne1-az1--x-s3/1869.parquet\", \"s3://tpch3934--apne1-az1--x-s3/1870.parquet\", \"s3://tpch3934--apne1-az1--x-s3/1871.parquet\", \"s3://tpch3934--apne1-az1--x-s3/1872.parquet\", \"s3://tpch3934--apne1-az1--x-s3/1873.parquet\", \"s3://tpch3934--apne1-az1--x-s3/1874.parquet\", \"s3://tpch3934--apne1-az1--x-s3/1875.parquet\", \"s3://tpch3934--apne1-az1--x-s3/1876.parquet\", \"s3://tpch3934--apne1-az1--x-s3/1877.parquet\", \"s3://tpch3934--apne1-az1--x-s3/1878.parquet\", \"s3://tpch3934--apne1-az1--x-s3/1879.parquet\", \"s3://tpch3934--apne1-az1--x-s3/1880.parquet\", \"s3://tpch3934--apne1-az1--x-s3/1881.parquet\", \"s3://tpch3934--apne1-az1--x-s3/1882.parquet\", \"s3://tpch3934--apne1-az1--x-s3/1883.parquet\", \"s3://tpch3934--apne1-az1--x-s3/1884.parquet\", \"s3://tpch3934--apne1-az1--x-s3/1885.parquet\", \"s3://tpch3934--apne1-az1--x-s3/1886.parquet\", \"s3://tpch3934--apne1-az1--x-s3/1887.parquet\", \"s3://tpch3934--apne1-az1--x-s3/1888.parquet\", \"s3://tpch3934--apne1-az1--x-s3/1889.parquet\", \"s3://tpch3934--apne1-az1--x-s3/1890.parquet\", \"s3://tpch3934--apne1-az1--x-s3/1891.parquet\", \"s3://tpch3934--apne1-az1--x-s3/1892.parquet\", \"s3://tpch3934--apne1-az1--x-s3/1893.parquet\", \"s3://tpch3934--apne1-az1--x-s3/1894.parquet\", \"s3://tpch3934--apne1-az1--x-s3/1895.parquet\", \"s3://tpch3934--apne1-az1--x-s3/1896.parquet\", \"s3://tpch3934--apne1-az1--x-s3/1897.parquet\", \"s3://tpch3934--apne1-az1--x-s3/1898.parquet\", \"s3://tpch3934--apne1-az1--x-s3/1899.parquet\", \"s3://tpch3934--apne1-az1--x-s3/1900.parquet\", \"s3://tpch3934--apne1-az1--x-s3/1901.parquet\", \"s3://tpch3934--apne1-az1--x-s3/1902.parquet\", \"s3://tpch3934--apne1-az1--x-s3/1903.parquet\", \"s3://tpch3934--apne1-az1--x-s3/1904.parquet\", \"s3://tpch3934--apne1-az1--x-s3/1905.parquet\", \"s3://tpch3934--apne1-az1--x-s3/1906.parquet\", \"s3://tpch3934--apne1-az1--x-s3/1907.parquet\", \"s3://tpch3934--apne1-az1--x-s3/1908.parquet\", \"s3://tpch3934--apne1-az1--x-s3/1909.parquet\", \"s3://tpch3934--apne1-az1--x-s3/1910.parquet\", \"s3://tpch3934--apne1-az1--x-s3/1911.parquet\", \"s3://tpch3934--apne1-az1--x-s3/1912.parquet\", \"s3://tpch3934--apne1-az1--x-s3/1913.parquet\", \"s3://tpch3934--apne1-az1--x-s3/1914.parquet\", \"s3://tpch3934--apne1-az1--x-s3/1915.parquet\", \"s3://tpch3934--apne1-az1--x-s3/1916.parquet\", \"s3://tpch3934--apne1-az1--x-s3/1917.parquet\", \"s3://tpch3934--apne1-az1--x-s3/1918.parquet\", \"s3://tpch3934--apne1-az1--x-s3/1919.parquet\", \"s3://tpch3934--apne1-az1--x-s3/1920.parquet\", \"s3://tpch3934--apne1-az1--x-s3/1921.parquet\", \"s3://tpch3934--apne1-az1--x-s3/1922.parquet\", \"s3://tpch3934--apne1-az1--x-s3/1923.parquet\", \"s3://tpch3934--apne1-az1--x-s3/1924.parquet\", \"s3://tpch3934--apne1-az1--x-s3/1925.parquet\", \"s3://tpch3934--apne1-az1--x-s3/1926.parquet\", \"s3://tpch3934--apne1-az1--x-s3/1927.parquet\", \"s3://tpch3934--apne1-az1--x-s3/1928.parquet\", \"s3://tpch3934--apne1-az1--x-s3/1929.parquet\", \"s3://tpch3934--apne1-az1--x-s3/1930.parquet\", \"s3://tpch3934--apne1-az1--x-s3/1931.parquet\", \"s3://tpch3934--apne1-az1--x-s3/1932.parquet\", \"s3://tpch3934--apne1-az1--x-s3/1933.parquet\", \"s3://tpch3934--apne1-az1--x-s3/1934.parquet\", \"s3://tpch3934--apne1-az1--x-s3/1935.parquet\", \"s3://tpch3934--apne1-az1--x-s3/1936.parquet\", \"s3://tpch3934--apne1-az1--x-s3/1937.parquet\", \"s3://tpch3934--apne1-az1--x-s3/1938.parquet\", \"s3://tpch3934--apne1-az1--x-s3/1939.parquet\", \"s3://tpch3934--apne1-az1--x-s3/1940.parquet\", \"s3://tpch3934--apne1-az1--x-s3/1941.parquet\", \"s3://tpch3934--apne1-az1--x-s3/1942.parquet\", \"s3://tpch3934--apne1-az1--x-s3/1943.parquet\", \"s3://tpch3934--apne1-az1--x-s3/1944.parquet\", \"s3://tpch3934--apne1-az1--x-s3/1945.parquet\", \"s3://tpch3934--apne1-az1--x-s3/1946.parquet\", \"s3://tpch3934--apne1-az1--x-s3/1947.parquet\", \"s3://tpch3934--apne1-az1--x-s3/1948.parquet\", \"s3://tpch3934--apne1-az1--x-s3/1949.parquet\", \"s3://tpch3934--apne1-az1--x-s3/1950.parquet\", \"s3://tpch3934--apne1-az1--x-s3/1951.parquet\", \"s3://tpch3934--apne1-az1--x-s3/1952.parquet\", \"s3://tpch3934--apne1-az1--x-s3/1953.parquet\", \"s3://tpch3934--apne1-az1--x-s3/1954.parquet\", \"s3://tpch3934--apne1-az1--x-s3/1955.parquet\", \"s3://tpch3934--apne1-az1--x-s3/1956.parquet\", \"s3://tpch3934--apne1-az1--x-s3/1957.parquet\", \"s3://tpch3934--apne1-az1--x-s3/1958.parquet\", \"s3://tpch3934--apne1-az1--x-s3/1959.parquet\", \"s3://tpch3934--apne1-az1--x-s3/1960.parquet\", \"s3://tpch3934--apne1-az1--x-s3/1961.parquet\", \"s3://tpch3934--apne1-az1--x-s3/1962.parquet\", \"s3://tpch3934--apne1-az1--x-s3/1963.parquet\", \"s3://tpch3934--apne1-az1--x-s3/1964.parquet\", \"s3://tpch3934--apne1-az1--x-s3/1965.parquet\", \"s3://tpch3934--apne1-az1--x-s3/1966.parquet\", \"s3://tpch3934--apne1-az1--x-s3/1967.parquet\", \"s3://tpch3934--apne1-az1--x-s3/1968.parquet\", \"s3://tpch3934--apne1-az1--x-s3/1969.parquet\", \"s3://tpch3934--apne1-az1--x-s3/1970.parquet\", \"s3://tpch3934--apne1-az1--x-s3/1971.parquet\", \"s3://tpch3934--apne1-az1--x-s3/1972.parquet\", \"s3://tpch3934--apne1-az1--x-s3/1973.parquet\", \"s3://tpch3934--apne1-az1--x-s3/1974.parquet\", \"s3://tpch3934--apne1-az1--x-s3/1975.parquet\", \"s3://tpch3934--apne1-az1--x-s3/1976.parquet\", \"s3://tpch3934--apne1-az1--x-s3/1977.parquet\", \"s3://tpch3934--apne1-az1--x-s3/1978.parquet\", \"s3://tpch3934--apne1-az1--x-s3/1979.parquet\", \"s3://tpch3934--apne1-az1--x-s3/1980.parquet\", \"s3://tpch3934--apne1-az1--x-s3/1981.parquet\", \"s3://tpch3934--apne1-az1--x-s3/1982.parquet\", \"s3://tpch3934--apne1-az1--x-s3/1983.parquet\", \"s3://tpch3934--apne1-az1--x-s3/1984.parquet\", \"s3://tpch3934--apne1-az1--x-s3/1985.parquet\", \"s3://tpch3934--apne1-az1--x-s3/1986.parquet\", \"s3://tpch3934--apne1-az1--x-s3/1987.parquet\", \"s3://tpch3934--apne1-az1--x-s3/1988.parquet\", \"s3://tpch3934--apne1-az1--x-s3/1989.parquet\", \"s3://tpch3934--apne1-az1--x-s3/1990.parquet\", \"s3://tpch3934--apne1-az1--x-s3/1991.parquet\", \"s3://tpch3934--apne1-az1--x-s3/1992.parquet\", \"s3://tpch3934--apne1-az1--x-s3/1993.parquet\", \"s3://tpch3934--apne1-az1--x-s3/1994.parquet\", \"s3://tpch3934--apne1-az1--x-s3/1995.parquet\", \"s3://tpch3934--apne1-az1--x-s3/1996.parquet\", \"s3://tpch3934--apne1-az1--x-s3/1997.parquet\", \"s3://tpch3934--apne1-az1--x-s3/1998.parquet\", \"s3://tpch3934--apne1-az1--x-s3/1999.parquet\", \"s3://tpch3934--apne1-az1--x-s3/2000.parquet\", \"s3://tpch3934--apne1-az1--x-s3/2001.parquet\", \"s3://tpch3934--apne1-az1--x-s3/2002.parquet\", \"s3://tpch3934--apne1-az1--x-s3/2003.parquet\", \"s3://tpch3934--apne1-az1--x-s3/2004.parquet\", \"s3://tpch3934--apne1-az1--x-s3/2005.parquet\", \"s3://tpch3934--apne1-az1--x-s3/2006.parquet\", \"s3://tpch3934--apne1-az1--x-s3/2007.parquet\", \"s3://tpch3934--apne1-az1--x-s3/2008.parquet\", \"s3://tpch3934--apne1-az1--x-s3/2009.parquet\", \"s3://tpch3934--apne1-az1--x-s3/2010.parquet\", \"s3://tpch3934--apne1-az1--x-s3/2011.parquet\", \"s3://tpch3934--apne1-az1--x-s3/2012.parquet\", \"s3://tpch3934--apne1-az1--x-s3/2013.parquet\", \"s3://tpch3934--apne1-az1--x-s3/2014.parquet\", \"s3://tpch3934--apne1-az1--x-s3/2015.parquet\", \"s3://tpch3934--apne1-az1--x-s3/2016.parquet\", \"s3://tpch3934--apne1-az1--x-s3/2017.parquet\", \"s3://tpch3934--apne1-az1--x-s3/2018.parquet\", \"s3://tpch3934--apne1-az1--x-s3/2019.parquet\", \"s3://tpch3934--apne1-az1--x-s3/2020.parquet\", \"s3://tpch3934--apne1-az1--x-s3/2021.parquet\", \"s3://tpch3934--apne1-az1--x-s3/2022.parquet\", \"s3://tpch3934--apne1-az1--x-s3/2023.parquet\", \"s3://tpch3934--apne1-az1--x-s3/2024.parquet\", \"s3://tpch3934--apne1-az1--x-s3/2025.parquet\", \"s3://tpch3934--apne1-az1--x-s3/2026.parquet\", \"s3://tpch3934--apne1-az1--x-s3/2027.parquet\", \"s3://tpch3934--apne1-az1--x-s3/2028.parquet\", \"s3://tpch3934--apne1-az1--x-s3/2029.parquet\", \"s3://tpch3934--apne1-az1--x-s3/2030.parquet\", \"s3://tpch3934--apne1-az1--x-s3/2031.parquet\", \"s3://tpch3934--apne1-az1--x-s3/2032.parquet\", \"s3://tpch3934--apne1-az1--x-s3/2033.parquet\", \"s3://tpch3934--apne1-az1--x-s3/2034.parquet\", \"s3://tpch3934--apne1-az1--x-s3/2035.parquet\", \"s3://tpch3934--apne1-az1--x-s3/2036.parquet\", \"s3://tpch3934--apne1-az1--x-s3/2037.parquet\", \"s3://tpch3934--apne1-az1--x-s3/2038.parquet\", \"s3://tpch3934--apne1-az1--x-s3/2039.parquet\", \"s3://tpch3934--apne1-az1--x-s3/2040.parquet\", \"s3://tpch3934--apne1-az1--x-s3/2041.parquet\", \"s3://tpch3934--apne1-az1--x-s3/2042.parquet\", \"s3://tpch3934--apne1-az1--x-s3/2043.parquet\", \"s3://tpch3934--apne1-az1--x-s3/2044.parquet\", \"s3://tpch3934--apne1-az1--x-s3/2045.parquet\"])\nWHERE\n    c_mktsegment = 'FURNITURE'\n    AND c_custkey = o_custkey\n    AND l_orderkey = o_orderkey\n    AND o_orderdate < DATE '1995-03-01' + INTERVAL 2 DAY\n    AND l_shipdate > DATE '1995-03-01' + INTERVAL 2 DAY\nGROUP BY\n    l_orderkey,\n    o_orderdate,\n    o_shippriority\nORDER BY\n    revenue DESC,\n    o_orderdate\nLIMIT 10;",
    "children": [
        {
            "result_set_size": 320,
            "operator_timing": 0.14341175199999998,
            "operator_rows_scanned": 0,
            "cumulative_rows_scanned": 29973664000,
            "operator_cardinality": 10,
            "operator_type": "TOP_N",
            "cumulative_cardinality": 926121491,
            "extra_info": {
                "Top": "10",
                "Order By": [
                    "sum((read_parquet.l_extendedprice * (1 - read_parquet.l_discount))) DESC",
                    "\"pool/orders/*.parquet\".o_orderdate ASC"
                ]
            },
            "cpu_time": 216.8380784880001,
            "children": [
                {
                    "result_set_size": 811660000,
                    "operator_timing": 0.0039501879999999994,
                    "operator_rows_scanned": 0,
                    "cumulative_rows_scanned": 29973664000,
                    "operator_cardinality": 25364375,
                    "operator_type": "PROJECTION",
                    "cumulative_cardinality": 926121481,
                    "extra_info": {
                        "Projections": [
                            "l_orderkey",
                            "revenue",
                            "o_orderdate",
                            "o_shippriority"
                        ],
                        "Estimated Cardinality": "1898708"
                    },
                    "cpu_time": 216.6946667360001,
                    "children": [
                        {
                            "result_set_size": 811660000,
                            "operator_timing": 13.853871593000001,
                            "operator_rows_scanned": 0,
                            "cumulative_rows_scanned": 29973664000,
                            "operator_cardinality": 25364375,
                            "operator_type": "HASH_GROUP_BY",
                            "cumulative_cardinality": 900757106,
                            "extra_info": {
                                "Groups": [
                                    "#0",
                                    "#1",
                                    "#2"
                                ],
                                "Aggregates": "sum(#3)",
                                "Estimated Cardinality": "1898708"
                            },
                            "cpu_time": 216.6907165480001,
                            "children": [
                                {
                                    "result_set_size": 1284136224,
                                    "operator_timing": 1.0611925779999996,
                                    "operator_rows_scanned": 0,
                                    "cumulative_rows_scanned": 29973664000,
                                    "operator_cardinality": 53505676,
                                    "operator_type": "PROJECTION",
                                    "cumulative_cardinality": 875392731,
                                    "extra_info": {
                                        "Projections": [
                                            "l_orderkey",
                                            "o_orderdate",
                                            "o_shippriority",
                                            "(l_extendedprice * (1.00 - l_discount))"
                                        ],
                                        "Estimated Cardinality": "3797416"
                                    },
                                    "cpu_time": 202.8368449550001,
                                    "children": [
                                        {
                                            "result_set_size": 2140227040,
                                            "operator_timing": 19.215879380000022,
                                            "operator_rows_scanned": 0,
                                            "cumulative_rows_scanned": 29973664000,
                                            "operator_cardinality": 53505676,
                                            "operator_type": "HASH_JOIN",
                                            "cumulative_cardinality": 821887055,
                                            "extra_info": {
                                                "Join Type": "INNER",
                                                "Conditions": "l_orderkey = o_orderkey",
                                                "Estimated Cardinality": "3797416"
                                            },
                                            "cpu_time": 201.77565237700009,
                                            "children": [
                                                {
                                                    "result_set_size": 11465628600,
                                                    "operator_timing": 145.61255796500004,
                                                    "operator_rows_scanned": 15189664000,
                                                    "cumulative_rows_scanned": 15189664000,
                                                    "operator_cardinality": 477734525,
                                                    "operator_type": "TABLE_SCAN",
                                                    "cumulative_cardinality": 477734525,
                                                    "extra_info": {
                                                        "Function": "READ_PARQUET",
                                                        "Projections": [
                                                            "l_orderkey",
                                                            "l_extendedprice",
                                                            "l_discount"
                                                        ],
                                                        "Filters": "l_shipdate>'1995-03-03'::DATE AND l_shipdate IS NOT NULL",
                                                        "Estimated Cardinality": "94935400"
                                                    },
                                                    "cpu_time": 145.61255796500004,
                                                    "children": []
                                                },
                                                {
                                                    "result_set_size": 1505530752,
                                                    "operator_timing": 6.244930320000024,
                                                    "operator_rows_scanned": 0,
                                                    "cumulative_rows_scanned": 14784000000,
                                                    "operator_cardinality": 47047836,
                                                    "operator_type": "HASH_JOIN",
                                                    "cumulative_cardinality": 290646854,
                                                    "extra_info": {
                                                        "Join Type": "INNER",
                                                        "Conditions": "o_custkey = c_custkey",
                                                        "Estimated Cardinality": "16800000"
                                                    },
                                                    "cpu_time": 36.94721503200003,
                                                    "children": [
                                                        {
                                                            "result_set_size": 5644773480,
                                                            "operator_timing": 28.804161396,
                                                            "operator_rows_scanned": 13440000000,
                                                            "cumulative_rows_scanned": 13440000000,
                                                            "operator_cardinality": 235198895,
                                                            "operator_type": "TABLE_SCAN",
                                                            "cumulative_cardinality": 235198895,
                                                            "extra_info": {
                                                                "Function": "PARQUET_SCAN",
                                                                "Projections": [
                                                                    "o_custkey",
                                                                    "o_orderkey",
                                                                    "o_orderdate",
                                                                    "o_shippriority"
                                                                ],
                                                                "Filters": "o_orderdate<'1995-03-03'::DATE AND o_orderdate IS NOT NULL",
                                                                "Estimated Cardinality": "84000000"
                                                            },
                                                            "cpu_time": 28.804161396,
                                                            "children": []
                                                        },
                                                        {
                                                            "result_set_size": 67200984,
                                                            "operator_timing": 1.8981233160000002,
                                                            "operator_rows_scanned": 1344000000,
                                                            "cumulative_rows_scanned": 1344000000,
                                                            "operator_cardinality": 8400123,
                                                            "operator_type": "TABLE_SCAN",
                                                            "cumulative_cardinality": 8400123,
                                                            "extra_info": {
                                                                "Function": "PARQUET_SCAN",
                                                                "Projections": "c_custkey",
                                                                "Filters": "c_mktsegment='FURNITURE' AND c_mktsegment IS NOT NULL",
                                                                "Estimated Cardinality": "8400000"
                                                            },
                                                            "cpu_time": 1.8981233160000002,
                                                            "children": []
                                                        }
                                                    ]
                                                }
                                            ]
                                        }
                                    ]
                                }
                            ]
                        }
                    ]
                }
            ]
        }
    ]
}