{
    "rows_returned": 1,
    "latency": 0.966690289,
    "result_set_size": 8,
    "cumulative_rows_scanned": 3802880000,
    "cumulative_cardinality": 165333922,
    "extra_info": {},
    "cpu_time": 19.04490970700001,
    "blocked_thread_time": 0.0,
    "query_name": "SELECT\n    100.00 * sum(CASE\n            WHEN p_type LIKE 'PROMO%' \n            THEN l_extendedprice * (1 - l_discount)\n            ELSE 0\n    END) / sum(l_extendedprice * (1 - l_discount)) AS promo_revenue\nFROM\n    read_parquet([\"s3://tpch31355--apne1-az1--x-s3/249.parquet\", \"s3://tpch31355--apne1-az1--x-s3/1056.parquet\", \"s3://tpch31355--apne1-az1--x-s3/1057.parquet\", \"s3://tpch31355--apne1-az1--x-s3/1058.parquet\", \"s3://tpch31355--apne1-az1--x-s3/1059.parquet\", \"s3://tpch31355--apne1-az1--x-s3/1060.parquet\", \"s3://tpch31355--apne1-az1--x-s3/1062.parquet\", \"s3://tpch31355--apne1-az1--x-s3/1063.parquet\", \"s3://tpch31355--apne1-az1--x-s3/1066.parquet\", \"s3://tpch31355--apne1-az1--x-s3/1067.parquet\", \"s3://tpch31355--apne1-az1--x-s3/1068.parquet\", \"s3://tpch31355--apne1-az1--x-s3/1069.parquet\", \"s3://tpch31355--apne1-az1--x-s3/1070.parquet\", \"s3://tpch31355--apne1-az1--x-s3/1071.parquet\", \"s3://tpch31355--apne1-az1--x-s3/1072.parquet\", \"s3://tpch31355--apne1-az1--x-s3/1073.parquet\", \"s3://tpch31355--apne1-az1--x-s3/1074.parquet\", \"s3://tpch31355--apne1-az1--x-s3/1075.parquet\", \"s3://tpch31355--apne1-az1--x-s3/1076.parquet\", \"s3://tpch31355--apne1-az1--x-s3/1077.parquet\", \"s3://tpch31355--apne1-az1--x-s3/1078.parquet\", \"s3://tpch31355--apne1-az1--x-s3/1079.parquet\", \"s3://tpch31355--apne1-az1--x-s3/1080.parquet\", \"s3://tpch31355--apne1-az1--x-s3/1081.parquet\", \"s3://tpch31355--apne1-az1--x-s3/1083.parquet\", \"s3://tpch31355--apne1-az1--x-s3/1084.parquet\", \"s3://tpch31355--apne1-az1--x-s3/1085.parquet\", \"s3://tpch31355--apne1-az1--x-s3/1086.parquet\", \"s3://tpch31355--apne1-az1--x-s3/1087.parquet\", \"s3://tpch31355--apne1-az1--x-s3/1090.parquet\", \"s3://tpch31355--apne1-az1--x-s3/1094.parquet\", \"s3://tpch31355--apne1-az1--x-s3/1096.parquet\", \"s3://tpch31355--apne1-az1--x-s3/1098.parquet\", \"s3://tpch31355--apne1-az1--x-s3/1358.parquet\", \"s3://tpch31355--apne1-az1--x-s3/1359.parquet\"]),\n    'pool/part/*.parquet'\nWHERE\n    l_partkey = p_partkey\n    AND l_shipdate >= DATE '1992-01-01' + INTERVAL 14 MONTH\n    AND l_shipdate < DATE '1992-02-01' + INTERVAL 14 MONTH;",
    "children": [
        {
            "result_set_size": 8,
            "operator_timing": 0.000019045,
            "operator_rows_scanned": 0,
            "cumulative_rows_scanned": 3802880000,
            "operator_cardinality": 1,
            "operator_type": "PROJECTION",
            "cumulative_cardinality": 165333922,
            "extra_info": {
                "Projections": "promo_revenue",
                "Estimated Cardinality": "1"
            },
            "cpu_time": 19.04490970700001,
            "children": [
                {
                    "result_set_size": 32,
                    "operator_timing": 0.080913498,
                    "operator_rows_scanned": 0,
                    "cumulative_rows_scanned": 3802880000,
                    "operator_cardinality": 1,
                    "operator_type": "UNGROUPED_AGGREGATE",
                    "cumulative_cardinality": 165333921,
                    "extra_info": {
                        "Aggregates": [
                            "sum(#0)",
                            "sum(#1)"
                        ]
                    },
                    "cpu_time": 19.04489066200001,
                    "children": [
                        {
                            "result_set_size": 387416896,
                            "operator_timing": 0.6306575370000003,
                            "operator_rows_scanned": 0,
                            "cumulative_rows_scanned": 3802880000,
                            "operator_cardinality": 24213556,
                            "operator_type": "PROJECTION",
                            "cumulative_cardinality": 165333920,
                            "extra_info": {
                                "Projections": [
                                    "CASE  WHEN (prefix(p_type, 'PROMO')) THEN ((l_extendedprice * (1.00 - l_discount))) ELSE 0.0000 END",
                                    "(l_extendedprice * (1.00 - l_discount))"
                                ],
                                "Estimated Cardinality": "18000000"
                            },
                            "cpu_time": 18.96397716400001,
                            "children": [
                                {
                                    "result_set_size": 1162250688,
                                    "operator_timing": 6.861874050000007,
                                    "operator_rows_scanned": 0,
                                    "cumulative_rows_scanned": 3802880000,
                                    "operator_cardinality": 24213556,
                                    "operator_type": "HASH_JOIN",
                                    "cumulative_cardinality": 141120364,
                                    "extra_info": {
                                        "Join Type": "INNER",
                                        "Conditions": "p_partkey = l_partkey",
                                        "Estimated Cardinality": "18000000"
                                    },
                                    "cpu_time": 18.33331962700001,
                                    "children": [
                                        {
                                            "result_set_size": 2159999976,
                                            "operator_timing": 2.4824523320000003,
                                            "operator_rows_scanned": 2880000000,
                                            "cumulative_rows_scanned": 2880000000,
                                            "operator_cardinality": 89999999,
                                            "operator_type": "TABLE_SCAN",
                                            "cumulative_cardinality": 89999999,
                                            "extra_info": {
                                                "Function": "PARQUET_SCAN",
                                                "Projections": [
                                                    "p_partkey",
                                                    "p_type"
                                                ],
                                                "Estimated Cardinality": "90000000"
                                            },
                                            "cpu_time": 2.4824523320000003,
                                            "children": []
                                        },
                                        {
                                            "result_set_size": 645763416,
                                            "operator_timing": 8.988993245,
                                            "operator_rows_scanned": 922880000,
                                            "cumulative_rows_scanned": 922880000,
                                            "operator_cardinality": 26906809,
                                            "operator_type": "TABLE_SCAN",
                                            "cumulative_cardinality": 26906809,
                                            "extra_info": {
                                                "Function": "READ_PARQUET",
                                                "Projections": [
                                                    "l_partkey",
                                                    "l_extendedprice",
                                                    "l_discount"
                                                ],
                                                "Filters": "l_shipdate>='1993-03-01'::DATE AND l_shipdate<'1993-04-01'::DATE AND l_shipdate IS NOT NULL",
                                                "Estimated Cardinality": "5768000"
                                            },
                                            "cpu_time": 8.988993245,
                                            "children": []
                                        }
                                    ]
                                }
                            ]
                        }
                    ]
                }
            ]
        }
    ]
}