{
    "rows_returned": 1,
    "latency": 2.482804267,
    "result_set_size": 8,
    "cumulative_rows_scanned": 7855104000,
    "cumulative_cardinality": 154871501,
    "extra_info": {},
    "cpu_time": 65.56566646499999,
    "blocked_thread_time": 0.0,
    "query_name": "SELECT\n    100.00 * sum(CASE\n            WHEN p_type LIKE 'PROMO%' \n            THEN l_extendedprice * (1 - l_discount)\n            ELSE 0\n    END) / sum(l_extendedprice * (1 - l_discount)) AS promo_revenue\nFROM\n    read_parquet([\"s3://tpch31355--apne1-az1--x-s3/0.parquet\", \"s3://tpch31355--apne1-az1--x-s3/2.parquet\", \"s3://tpch31355--apne1-az1--x-s3/3.parquet\", \"s3://tpch31355--apne1-az1--x-s3/4.parquet\", \"s3://tpch31355--apne1-az1--x-s3/6.parquet\", \"s3://tpch31355--apne1-az1--x-s3/7.parquet\", \"s3://tpch31355--apne1-az1--x-s3/9.parquet\", \"s3://tpch31355--apne1-az1--x-s3/10.parquet\", \"s3://tpch31355--apne1-az1--x-s3/11.parquet\", \"s3://tpch31355--apne1-az1--x-s3/12.parquet\", \"s3://tpch31355--apne1-az1--x-s3/13.parquet\", \"s3://tpch31355--apne1-az1--x-s3/15.parquet\", \"s3://tpch31355--apne1-az1--x-s3/16.parquet\", \"s3://tpch31355--apne1-az1--x-s3/17.parquet\", \"s3://tpch31355--apne1-az1--x-s3/18.parquet\", \"s3://tpch31355--apne1-az1--x-s3/19.parquet\", \"s3://tpch31355--apne1-az1--x-s3/20.parquet\", \"s3://tpch31355--apne1-az1--x-s3/22.parquet\", \"s3://tpch31355--apne1-az1--x-s3/23.parquet\", \"s3://tpch31355--apne1-az1--x-s3/24.parquet\", \"s3://tpch31355--apne1-az1--x-s3/25.parquet\", \"s3://tpch31355--apne1-az1--x-s3/26.parquet\", \"s3://tpch31355--apne1-az1--x-s3/28.parquet\", \"s3://tpch31355--apne1-az1--x-s3/29.parquet\", \"s3://tpch31355--apne1-az1--x-s3/30.parquet\", \"s3://tpch31355--apne1-az1--x-s3/31.parquet\", \"s3://tpch31355--apne1-az1--x-s3/32.parquet\", \"s3://tpch31355--apne1-az1--x-s3/33.parquet\", \"s3://tpch31355--apne1-az1--x-s3/34.parquet\", \"s3://tpch31355--apne1-az1--x-s3/35.parquet\", \"s3://tpch31355--apne1-az1--x-s3/36.parquet\", \"s3://tpch31355--apne1-az1--x-s3/38.parquet\", \"s3://tpch31355--apne1-az1--x-s3/40.parquet\", \"s3://tpch31355--apne1-az1--x-s3/42.parquet\", \"s3://tpch31355--apne1-az1--x-s3/43.parquet\", \"s3://tpch31355--apne1-az1--x-s3/44.parquet\", \"s3://tpch31355--apne1-az1--x-s3/45.parquet\", \"s3://tpch31355--apne1-az1--x-s3/48.parquet\", \"s3://tpch31355--apne1-az1--x-s3/49.parquet\", \"s3://tpch31355--apne1-az1--x-s3/50.parquet\", \"s3://tpch31355--apne1-az1--x-s3/52.parquet\", \"s3://tpch31355--apne1-az1--x-s3/53.parquet\", \"s3://tpch31355--apne1-az1--x-s3/54.parquet\", \"s3://tpch31355--apne1-az1--x-s3/55.parquet\", \"s3://tpch31355--apne1-az1--x-s3/56.parquet\", \"s3://tpch31355--apne1-az1--x-s3/57.parquet\", \"s3://tpch31355--apne1-az1--x-s3/59.parquet\", \"s3://tpch31355--apne1-az1--x-s3/60.parquet\", \"s3://tpch31355--apne1-az1--x-s3/61.parquet\", \"s3://tpch31355--apne1-az1--x-s3/62.parquet\", \"s3://tpch31355--apne1-az1--x-s3/63.parquet\", \"s3://tpch31355--apne1-az1--x-s3/65.parquet\", \"s3://tpch31355--apne1-az1--x-s3/66.parquet\", \"s3://tpch31355--apne1-az1--x-s3/68.parquet\", \"s3://tpch31355--apne1-az1--x-s3/69.parquet\", \"s3://tpch31355--apne1-az1--x-s3/70.parquet\", \"s3://tpch31355--apne1-az1--x-s3/72.parquet\", \"s3://tpch31355--apne1-az1--x-s3/74.parquet\", \"s3://tpch31355--apne1-az1--x-s3/75.parquet\", \"s3://tpch31355--apne1-az1--x-s3/76.parquet\", \"s3://tpch31355--apne1-az1--x-s3/77.parquet\", \"s3://tpch31355--apne1-az1--x-s3/78.parquet\", \"s3://tpch31355--apne1-az1--x-s3/79.parquet\", \"s3://tpch31355--apne1-az1--x-s3/80.parquet\", \"s3://tpch31355--apne1-az1--x-s3/81.parquet\", \"s3://tpch31355--apne1-az1--x-s3/82.parquet\", \"s3://tpch31355--apne1-az1--x-s3/84.parquet\", \"s3://tpch31355--apne1-az1--x-s3/85.parquet\", \"s3://tpch31355--apne1-az1--x-s3/87.parquet\", \"s3://tpch31355--apne1-az1--x-s3/90.parquet\", \"s3://tpch31355--apne1-az1--x-s3/92.parquet\", \"s3://tpch31355--apne1-az1--x-s3/93.parquet\", \"s3://tpch31355--apne1-az1--x-s3/94.parquet\", \"s3://tpch31355--apne1-az1--x-s3/95.parquet\", \"s3://tpch31355--apne1-az1--x-s3/96.parquet\", \"s3://tpch31355--apne1-az1--x-s3/97.parquet\", \"s3://tpch31355--apne1-az1--x-s3/98.parquet\", \"s3://tpch31355--apne1-az1--x-s3/99.parquet\", \"s3://tpch31355--apne1-az1--x-s3/100.parquet\", \"s3://tpch31355--apne1-az1--x-s3/101.parquet\", \"s3://tpch31355--apne1-az1--x-s3/103.parquet\", \"s3://tpch31355--apne1-az1--x-s3/104.parquet\", \"s3://tpch31355--apne1-az1--x-s3/106.parquet\", \"s3://tpch31355--apne1-az1--x-s3/107.parquet\", \"s3://tpch31355--apne1-az1--x-s3/109.parquet\", \"s3://tpch31355--apne1-az1--x-s3/110.parquet\", \"s3://tpch31355--apne1-az1--x-s3/111.parquet\", \"s3://tpch31355--apne1-az1--x-s3/112.parquet\", \"s3://tpch31355--apne1-az1--x-s3/113.parquet\", \"s3://tpch31355--apne1-az1--x-s3/114.parquet\", \"s3://tpch31355--apne1-az1--x-s3/117.parquet\", \"s3://tpch31355--apne1-az1--x-s3/118.parquet\", \"s3://tpch31355--apne1-az1--x-s3/119.parquet\", \"s3://tpch31355--apne1-az1--x-s3/120.parquet\", \"s3://tpch31355--apne1-az1--x-s3/121.parquet\", \"s3://tpch31355--apne1-az1--x-s3/122.parquet\", \"s3://tpch31355--apne1-az1--x-s3/123.parquet\", \"s3://tpch31355--apne1-az1--x-s3/124.parquet\", \"s3://tpch31355--apne1-az1--x-s3/125.parquet\", \"s3://tpch31355--apne1-az1--x-s3/126.parquet\", \"s3://tpch31355--apne1-az1--x-s3/128.parquet\", \"s3://tpch31355--apne1-az1--x-s3/129.parquet\", \"s3://tpch31355--apne1-az1--x-s3/131.parquet\", \"s3://tpch31355--apne1-az1--x-s3/134.parquet\", \"s3://tpch31355--apne1-az1--x-s3/135.parquet\", \"s3://tpch31355--apne1-az1--x-s3/136.parquet\", \"s3://tpch31355--apne1-az1--x-s3/137.parquet\", \"s3://tpch31355--apne1-az1--x-s3/138.parquet\", \"s3://tpch31355--apne1-az1--x-s3/139.parquet\", \"s3://tpch31355--apne1-az1--x-s3/140.parquet\", \"s3://tpch31355--apne1-az1--x-s3/141.parquet\", \"s3://tpch31355--apne1-az1--x-s3/148.parquet\", \"s3://tpch31355--apne1-az1--x-s3/151.parquet\", \"s3://tpch31355--apne1-az1--x-s3/152.parquet\", \"s3://tpch31355--apne1-az1--x-s3/153.parquet\", \"s3://tpch31355--apne1-az1--x-s3/155.parquet\", \"s3://tpch31355--apne1-az1--x-s3/156.parquet\", \"s3://tpch31355--apne1-az1--x-s3/157.parquet\", \"s3://tpch31355--apne1-az1--x-s3/158.parquet\", \"s3://tpch31355--apne1-az1--x-s3/160.parquet\", \"s3://tpch31355--apne1-az1--x-s3/163.parquet\", \"s3://tpch31355--apne1-az1--x-s3/164.parquet\", \"s3://tpch31355--apne1-az1--x-s3/165.parquet\", \"s3://tpch31355--apne1-az1--x-s3/166.parquet\", \"s3://tpch31355--apne1-az1--x-s3/168.parquet\", \"s3://tpch31355--apne1-az1--x-s3/169.parquet\", \"s3://tpch31355--apne1-az1--x-s3/170.parquet\", \"s3://tpch31355--apne1-az1--x-s3/172.parquet\", \"s3://tpch31355--apne1-az1--x-s3/173.parquet\", \"s3://tpch31355--apne1-az1--x-s3/174.parquet\", \"s3://tpch31355--apne1-az1--x-s3/175.parquet\", \"s3://tpch31355--apne1-az1--x-s3/176.parquet\", \"s3://tpch31355--apne1-az1--x-s3/177.parquet\", \"s3://tpch31355--apne1-az1--x-s3/178.parquet\", \"s3://tpch31355--apne1-az1--x-s3/180.parquet\", \"s3://tpch31355--apne1-az1--x-s3/182.parquet\", \"s3://tpch31355--apne1-az1--x-s3/183.parquet\", \"s3://tpch31355--apne1-az1--x-s3/184.parquet\", \"s3://tpch31355--apne1-az1--x-s3/185.parquet\", \"s3://tpch31355--apne1-az1--x-s3/186.parquet\", \"s3://tpch31355--apne1-az1--x-s3/187.parquet\", \"s3://tpch31355--apne1-az1--x-s3/189.parquet\", \"s3://tpch31355--apne1-az1--x-s3/194.parquet\", \"s3://tpch31355--apne1-az1--x-s3/196.parquet\", \"s3://tpch31355--apne1-az1--x-s3/197.parquet\", \"s3://tpch31355--apne1-az1--x-s3/199.parquet\", \"s3://tpch31355--apne1-az1--x-s3/200.parquet\", \"s3://tpch31355--apne1-az1--x-s3/202.parquet\", \"s3://tpch31355--apne1-az1--x-s3/203.parquet\", \"s3://tpch31355--apne1-az1--x-s3/205.parquet\", \"s3://tpch31355--apne1-az1--x-s3/206.parquet\", \"s3://tpch31355--apne1-az1--x-s3/207.parquet\", \"s3://tpch31355--apne1-az1--x-s3/208.parquet\", \"s3://tpch31355--apne1-az1--x-s3/209.parquet\", \"s3://tpch31355--apne1-az1--x-s3/210.parquet\", \"s3://tpch31355--apne1-az1--x-s3/212.parquet\", \"s3://tpch31355--apne1-az1--x-s3/283.parquet\", \"s3://tpch31355--apne1-az1--x-s3/286.parquet\", \"s3://tpch31355--apne1-az1--x-s3/287.parquet\", \"s3://tpch31355--apne1-az1--x-s3/288.parquet\", \"s3://tpch31355--apne1-az1--x-s3/289.parquet\", \"s3://tpch31355--apne1-az1--x-s3/290.parquet\", \"s3://tpch31355--apne1-az1--x-s3/291.parquet\", \"s3://tpch31355--apne1-az1--x-s3/292.parquet\", \"s3://tpch31355--apne1-az1--x-s3/293.parquet\", \"s3://tpch31355--apne1-az1--x-s3/354.parquet\", \"s3://tpch31355--apne1-az1--x-s3/446.parquet\", \"s3://tpch31355--apne1-az1--x-s3/447.parquet\", \"s3://tpch31355--apne1-az1--x-s3/448.parquet\", \"s3://tpch31355--apne1-az1--x-s3/449.parquet\", \"s3://tpch31355--apne1-az1--x-s3/450.parquet\", \"s3://tpch31355--apne1-az1--x-s3/451.parquet\", \"s3://tpch31355--apne1-az1--x-s3/452.parquet\", \"s3://tpch31355--apne1-az1--x-s3/453.parquet\", \"s3://tpch31355--apne1-az1--x-s3/630.parquet\", \"s3://tpch31355--apne1-az1--x-s3/631.parquet\", \"s3://tpch31355--apne1-az1--x-s3/632.parquet\", \"s3://tpch31355--apne1-az1--x-s3/633.parquet\", \"s3://tpch31355--apne1-az1--x-s3/634.parquet\", \"s3://tpch31355--apne1-az1--x-s3/635.parquet\", \"s3://tpch31355--apne1-az1--x-s3/636.parquet\", \"s3://tpch31355--apne1-az1--x-s3/637.parquet\", \"s3://tpch31355--apne1-az1--x-s3/1048.parquet\", \"s3://tpch31355--apne1-az1--x-s3/1049.parquet\", \"s3://tpch31355--apne1-az1--x-s3/1050.parquet\", \"s3://tpch31355--apne1-az1--x-s3/1051.parquet\", \"s3://tpch31355--apne1-az1--x-s3/1052.parquet\", \"s3://tpch31355--apne1-az1--x-s3/1053.parquet\", \"s3://tpch31355--apne1-az1--x-s3/1054.parquet\", \"s3://tpch31355--apne1-az1--x-s3/1105.parquet\", \"s3://tpch31355--apne1-az1--x-s3/1106.parquet\", \"s3://tpch31355--apne1-az1--x-s3/1107.parquet\", \"s3://tpch31355--apne1-az1--x-s3/1108.parquet\", \"s3://tpch31355--apne1-az1--x-s3/1109.parquet\", \"s3://tpch31355--apne1-az1--x-s3/1110.parquet\", \"s3://tpch31355--apne1-az1--x-s3/1111.parquet\", \"s3://tpch31355--apne1-az1--x-s3/1220.parquet\", \"s3://tpch31355--apne1-az1--x-s3/1221.parquet\", \"s3://tpch31355--apne1-az1--x-s3/1222.parquet\", \"s3://tpch31355--apne1-az1--x-s3/1223.parquet\", \"s3://tpch31355--apne1-az1--x-s3/1224.parquet\", \"s3://tpch31355--apne1-az1--x-s3/1225.parquet\", \"s3://tpch31355--apne1-az1--x-s3/1348.parquet\", \"s3://tpch31355--apne1-az1--x-s3/1375.parquet\", \"s3://tpch31355--apne1-az1--x-s3/1376.parquet\", \"s3://tpch31355--apne1-az1--x-s3/1377.parquet\", \"s3://tpch31355--apne1-az1--x-s3/1378.parquet\", \"s3://tpch31355--apne1-az1--x-s3/1379.parquet\", \"s3://tpch31355--apne1-az1--x-s3/1380.parquet\", \"s3://tpch31355--apne1-az1--x-s3/1381.parquet\", \"s3://tpch31355--apne1-az1--x-s3/1382.parquet\", \"s3://tpch31355--apne1-az1--x-s3/1419.parquet\", \"s3://tpch31355--apne1-az1--x-s3/1490.parquet\", \"s3://tpch31355--apne1-az1--x-s3/1561.parquet\"]),\n    'pool/part/*.parquet'\nWHERE\n    l_partkey = p_partkey\n    AND l_shipdate >= DATE '1992-01-01' + INTERVAL 21 MONTH\n    AND l_shipdate < DATE '1992-02-01' + INTERVAL 21 MONTH;",
    "children": [
        {
            "result_set_size": 8,
            "operator_timing": 0.000021111,
            "operator_rows_scanned": 0,
            "cumulative_rows_scanned": 7855104000,
            "operator_cardinality": 1,
            "operator_type": "PROJECTION",
            "cumulative_cardinality": 154871501,
            "extra_info": {
                "Projections": "promo_revenue",
                "Estimated Cardinality": "1"
            },
            "cpu_time": 65.56566646499999,
            "children": [
                {
                    "result_set_size": 32,
                    "operator_timing": 0.08122354999999998,
                    "operator_rows_scanned": 0,
                    "cumulative_rows_scanned": 7855104000,
                    "operator_cardinality": 1,
                    "operator_type": "UNGROUPED_AGGREGATE",
                    "cumulative_cardinality": 154871500,
                    "extra_info": {
                        "Aggregates": [
                            "sum(#0)",
                            "sum(#1)"
                        ]
                    },
                    "cpu_time": 65.565645354,
                    "children": [
                        {
                            "result_set_size": 408133808,
                            "operator_timing": 0.6399416720000001,
                            "operator_rows_scanned": 0,
                            "cumulative_rows_scanned": 7855104000,
                            "operator_cardinality": 25508363,
                            "operator_type": "PROJECTION",
                            "cumulative_cardinality": 154871499,
                            "extra_info": {
                                "Projections": [
                                    "CASE  WHEN (prefix(p_type, 'PROMO')) THEN ((l_extendedprice * (1.00 - l_discount))) ELSE 0.0000 END",
                                    "(l_extendedprice * (1.00 - l_discount))"
                                ],
                                "Estimated Cardinality": "36294400"
                            },
                            "cpu_time": 65.484421804,
                            "children": [
                                {
                                    "result_set_size": 1224401424,
                                    "operator_timing": 7.064331656999988,
                                    "operator_rows_scanned": 0,
                                    "cumulative_rows_scanned": 7855104000,
                                    "operator_cardinality": 25508363,
                                    "operator_type": "HASH_JOIN",
                                    "cumulative_cardinality": 129363136,
                                    "extra_info": {
                                        "Join Type": "INNER",
                                        "Conditions": "p_partkey = l_partkey",
                                        "Estimated Cardinality": "36294400"
                                    },
                                    "cpu_time": 64.84448013199999,
                                    "children": [
                                        {
                                            "result_set_size": 1535999904,
                                            "operator_timing": 1.8094894850000005,
                                            "operator_rows_scanned": 2048000000,
                                            "cumulative_rows_scanned": 2048000000,
                                            "operator_cardinality": 63999996,
                                            "operator_type": "TABLE_SCAN",
                                            "cumulative_cardinality": 63999996,
                                            "extra_info": {
                                                "Function": "PARQUET_SCAN",
                                                "Projections": [
                                                    "p_partkey",
                                                    "p_type"
                                                ],
                                                "Estimated Cardinality": "64000000"
                                            },
                                            "cpu_time": 1.8094894850000005,
                                            "children": []
                                        },
                                        {
                                            "result_set_size": 956514648,
                                            "operator_timing": 55.970658990000004,
                                            "operator_rows_scanned": 5807104000,
                                            "cumulative_rows_scanned": 5807104000,
                                            "operator_cardinality": 39854777,
                                            "operator_type": "TABLE_SCAN",
                                            "cumulative_cardinality": 39854777,
                                            "extra_info": {
                                                "Function": "READ_PARQUET",
                                                "Projections": [
                                                    "l_partkey",
                                                    "l_extendedprice",
                                                    "l_discount"
                                                ],
                                                "Filters": "l_shipdate>='1993-10-01'::DATE AND l_shipdate<'1993-11-01'::DATE AND l_shipdate IS NOT NULL",
                                                "Estimated Cardinality": "36294400"
                                            },
                                            "cpu_time": 55.970658990000004,
                                            "children": []
                                        }
                                    ]
                                }
                            ]
                        }
                    ]
                }
            ]
        }
    ]
}