{
    "rows_returned": 1,
    "latency": 2.057217439,
    "result_set_size": 8,
    "cumulative_rows_scanned": 6727200000,
    "cumulative_cardinality": 216220217,
    "extra_info": {},
    "cpu_time": 52.44536163599998,
    "blocked_thread_time": 0.0,
    "query_name": "SELECT\n    100.00 * sum(CASE\n            WHEN p_type LIKE 'PROMO%' \n            THEN l_extendedprice * (1 - l_discount)\n            ELSE 0\n    END) / sum(l_extendedprice * (1 - l_discount)) AS promo_revenue\nFROM\n    read_parquet([\"s3://tpch28764--apne1-az1--x-s3/22.parquet\", \"s3://tpch28764--apne1-az1--x-s3/23.parquet\", \"s3://tpch28764--apne1-az1--x-s3/24.parquet\", \"s3://tpch28764--apne1-az1--x-s3/142.parquet\", \"s3://tpch28764--apne1-az1--x-s3/207.parquet\", \"s3://tpch28764--apne1-az1--x-s3/208.parquet\", \"s3://tpch28764--apne1-az1--x-s3/209.parquet\", \"s3://tpch28764--apne1-az1--x-s3/210.parquet\", \"s3://tpch28764--apne1-az1--x-s3/324.parquet\", \"s3://tpch28764--apne1-az1--x-s3/325.parquet\", \"s3://tpch28764--apne1-az1--x-s3/326.parquet\", \"s3://tpch28764--apne1-az1--x-s3/327.parquet\", \"s3://tpch28764--apne1-az1--x-s3/328.parquet\", \"s3://tpch28764--apne1-az1--x-s3/329.parquet\", \"s3://tpch28764--apne1-az1--x-s3/330.parquet\", \"s3://tpch28764--apne1-az1--x-s3/484.parquet\", \"s3://tpch28764--apne1-az1--x-s3/485.parquet\", \"s3://tpch28764--apne1-az1--x-s3/486.parquet\", \"s3://tpch28764--apne1-az1--x-s3/487.parquet\", \"s3://tpch28764--apne1-az1--x-s3/488.parquet\", \"s3://tpch28764--apne1-az1--x-s3/489.parquet\", \"s3://tpch28764--apne1-az1--x-s3/490.parquet\", \"s3://tpch28764--apne1-az1--x-s3/669.parquet\", \"s3://tpch28764--apne1-az1--x-s3/670.parquet\", \"s3://tpch28764--apne1-az1--x-s3/671.parquet\", \"s3://tpch28764--apne1-az1--x-s3/672.parquet\", \"s3://tpch28764--apne1-az1--x-s3/673.parquet\", \"s3://tpch28764--apne1-az1--x-s3/674.parquet\", \"s3://tpch28764--apne1-az1--x-s3/675.parquet\", \"s3://tpch28764--apne1-az1--x-s3/833.parquet\", \"s3://tpch28764--apne1-az1--x-s3/834.parquet\", \"s3://tpch28764--apne1-az1--x-s3/835.parquet\", \"s3://tpch28764--apne1-az1--x-s3/836.parquet\", \"s3://tpch28764--apne1-az1--x-s3/837.parquet\", \"s3://tpch28764--apne1-az1--x-s3/841.parquet\", \"s3://tpch28764--apne1-az1--x-s3/845.parquet\", \"s3://tpch28764--apne1-az1--x-s3/1143.parquet\", \"s3://tpch28764--apne1-az1--x-s3/1144.parquet\", \"s3://tpch28764--apne1-az1--x-s3/1145.parquet\", \"s3://tpch28764--apne1-az1--x-s3/1146.parquet\", \"s3://tpch28764--apne1-az1--x-s3/1147.parquet\", \"s3://tpch28764--apne1-az1--x-s3/1148.parquet\", \"s3://tpch28764--apne1-az1--x-s3/1149.parquet\", \"s3://tpch28764--apne1-az1--x-s3/1255.parquet\", \"s3://tpch28764--apne1-az1--x-s3/1256.parquet\", \"s3://tpch28764--apne1-az1--x-s3/1257.parquet\", \"s3://tpch28764--apne1-az1--x-s3/1258.parquet\", \"s3://tpch28764--apne1-az1--x-s3/1259.parquet\", \"s3://tpch28764--apne1-az1--x-s3/1260.parquet\", \"s3://tpch28764--apne1-az1--x-s3/1261.parquet\", \"s3://tpch28764--apne1-az1--x-s3/1413.parquet\", \"s3://tpch28764--apne1-az1--x-s3/1414.parquet\", \"s3://tpch28764--apne1-az1--x-s3/1415.parquet\", \"s3://tpch28764--apne1-az1--x-s3/1416.parquet\", \"s3://tpch28764--apne1-az1--x-s3/1417.parquet\", \"s3://tpch28764--apne1-az1--x-s3/1418.parquet\", \"s3://tpch28764--apne1-az1--x-s3/1420.parquet\", \"s3://tpch28764--apne1-az1--x-s3/1641.parquet\", \"s3://tpch28764--apne1-az1--x-s3/1642.parquet\", \"s3://tpch28764--apne1-az1--x-s3/1643.parquet\", \"s3://tpch28764--apne1-az1--x-s3/1644.parquet\", \"s3://tpch28764--apne1-az1--x-s3/1645.parquet\", \"s3://tpch28764--apne1-az1--x-s3/1713.parquet\", \"s3://tpch28764--apne1-az1--x-s3/1714.parquet\", \"s3://tpch28764--apne1-az1--x-s3/1715.parquet\", \"s3://tpch28764--apne1-az1--x-s3/1716.parquet\", \"s3://tpch28764--apne1-az1--x-s3/1717.parquet\", \"s3://tpch28764--apne1-az1--x-s3/1718.parquet\", \"s3://tpch28764--apne1-az1--x-s3/1719.parquet\", \"s3://tpch28764--apne1-az1--x-s3/1774.parquet\", \"s3://tpch28764--apne1-az1--x-s3/1845.parquet\", \"s3://tpch28764--apne1-az1--x-s3/1847.parquet\", \"s3://tpch28764--apne1-az1--x-s3/1867.parquet\", \"s3://tpch28764--apne1-az1--x-s3/1871.parquet\", \"s3://tpch28764--apne1-az1--x-s3/1892.parquet\", \"s3://tpch28764--apne1-az1--x-s3/1896.parquet\", \"s3://tpch28764--apne1-az1--x-s3/1898.parquet\", \"s3://tpch28764--apne1-az1--x-s3/1900.parquet\", \"s3://tpch28764--apne1-az1--x-s3/1901.parquet\", \"s3://tpch28764--apne1-az1--x-s3/1903.parquet\", \"s3://tpch28764--apne1-az1--x-s3/1910.parquet\", \"s3://tpch28764--apne1-az1--x-s3/1916.parquet\", \"s3://tpch28764--apne1-az1--x-s3/1917.parquet\", \"s3://tpch28764--apne1-az1--x-s3/1918.parquet\", \"s3://tpch28764--apne1-az1--x-s3/1919.parquet\", \"s3://tpch28764--apne1-az1--x-s3/1920.parquet\", \"s3://tpch28764--apne1-az1--x-s3/1921.parquet\", \"s3://tpch28764--apne1-az1--x-s3/1922.parquet\", \"s3://tpch28764--apne1-az1--x-s3/1923.parquet\", \"s3://tpch28764--apne1-az1--x-s3/1924.parquet\", \"s3://tpch28764--apne1-az1--x-s3/1925.parquet\", \"s3://tpch28764--apne1-az1--x-s3/1926.parquet\", \"s3://tpch28764--apne1-az1--x-s3/1927.parquet\", \"s3://tpch28764--apne1-az1--x-s3/1928.parquet\", \"s3://tpch28764--apne1-az1--x-s3/1929.parquet\", \"s3://tpch28764--apne1-az1--x-s3/1930.parquet\", \"s3://tpch28764--apne1-az1--x-s3/1931.parquet\", \"s3://tpch28764--apne1-az1--x-s3/1932.parquet\", \"s3://tpch28764--apne1-az1--x-s3/1933.parquet\", \"s3://tpch28764--apne1-az1--x-s3/1934.parquet\", \"s3://tpch28764--apne1-az1--x-s3/1935.parquet\", \"s3://tpch28764--apne1-az1--x-s3/1936.parquet\", \"s3://tpch28764--apne1-az1--x-s3/1937.parquet\", \"s3://tpch28764--apne1-az1--x-s3/1938.parquet\", \"s3://tpch28764--apne1-az1--x-s3/1939.parquet\", \"s3://tpch28764--apne1-az1--x-s3/1940.parquet\", \"s3://tpch28764--apne1-az1--x-s3/1941.parquet\", \"s3://tpch28764--apne1-az1--x-s3/1942.parquet\", \"s3://tpch28764--apne1-az1--x-s3/1943.parquet\", \"s3://tpch28764--apne1-az1--x-s3/1944.parquet\", \"s3://tpch28764--apne1-az1--x-s3/1945.parquet\", \"s3://tpch28764--apne1-az1--x-s3/1946.parquet\", \"s3://tpch28764--apne1-az1--x-s3/1947.parquet\", \"s3://tpch28764--apne1-az1--x-s3/1948.parquet\", \"s3://tpch28764--apne1-az1--x-s3/1949.parquet\", \"s3://tpch28764--apne1-az1--x-s3/1950.parquet\", \"s3://tpch28764--apne1-az1--x-s3/1951.parquet\", \"s3://tpch28764--apne1-az1--x-s3/1952.parquet\", \"s3://tpch28764--apne1-az1--x-s3/1953.parquet\", \"s3://tpch28764--apne1-az1--x-s3/1954.parquet\", \"s3://tpch28764--apne1-az1--x-s3/1955.parquet\", \"s3://tpch28764--apne1-az1--x-s3/1956.parquet\", \"s3://tpch28764--apne1-az1--x-s3/1957.parquet\", \"s3://tpch28764--apne1-az1--x-s3/1958.parquet\", \"s3://tpch28764--apne1-az1--x-s3/1959.parquet\", \"s3://tpch28764--apne1-az1--x-s3/1960.parquet\", \"s3://tpch28764--apne1-az1--x-s3/1961.parquet\", \"s3://tpch28764--apne1-az1--x-s3/1962.parquet\", \"s3://tpch28764--apne1-az1--x-s3/1963.parquet\", \"s3://tpch28764--apne1-az1--x-s3/1964.parquet\", \"s3://tpch28764--apne1-az1--x-s3/1965.parquet\", \"s3://tpch28764--apne1-az1--x-s3/1966.parquet\", \"s3://tpch28764--apne1-az1--x-s3/1967.parquet\", \"s3://tpch28764--apne1-az1--x-s3/1968.parquet\", \"s3://tpch28764--apne1-az1--x-s3/1969.parquet\", \"s3://tpch28764--apne1-az1--x-s3/1970.parquet\", \"s3://tpch28764--apne1-az1--x-s3/1971.parquet\", \"s3://tpch28764--apne1-az1--x-s3/1972.parquet\", \"s3://tpch28764--apne1-az1--x-s3/1973.parquet\", \"s3://tpch28764--apne1-az1--x-s3/1974.parquet\", \"s3://tpch28764--apne1-az1--x-s3/1975.parquet\", \"s3://tpch28764--apne1-az1--x-s3/1976.parquet\", \"s3://tpch28764--apne1-az1--x-s3/1977.parquet\", \"s3://tpch28764--apne1-az1--x-s3/1978.parquet\", \"s3://tpch28764--apne1-az1--x-s3/1979.parquet\", \"s3://tpch28764--apne1-az1--x-s3/1980.parquet\", \"s3://tpch28764--apne1-az1--x-s3/1981.parquet\", \"s3://tpch28764--apne1-az1--x-s3/1982.parquet\", \"s3://tpch28764--apne1-az1--x-s3/1983.parquet\", \"s3://tpch28764--apne1-az1--x-s3/1984.parquet\", \"s3://tpch28764--apne1-az1--x-s3/1985.parquet\", \"s3://tpch28764--apne1-az1--x-s3/1986.parquet\", \"s3://tpch28764--apne1-az1--x-s3/1987.parquet\"]),\n    'pool/part/*.parquet'\nWHERE\n    l_partkey = p_partkey\n    AND l_shipdate >= DATE '1992-01-01' + INTERVAL 27 MONTH\n    AND l_shipdate < DATE '1992-02-01' + INTERVAL 27 MONTH;",
    "children": [
        {
            "result_set_size": 8,
            "operator_timing": 0.000021823,
            "operator_rows_scanned": 0,
            "cumulative_rows_scanned": 6727200000,
            "operator_cardinality": 1,
            "operator_type": "PROJECTION",
            "cumulative_cardinality": 216220217,
            "extra_info": {
                "Projections": "promo_revenue",
                "Estimated Cardinality": "1"
            },
            "cpu_time": 52.44536163599998,
            "children": [
                {
                    "result_set_size": 32,
                    "operator_timing": 0.12597938700000003,
                    "operator_rows_scanned": 0,
                    "cumulative_rows_scanned": 6727200000,
                    "operator_cardinality": 1,
                    "operator_type": "UNGROUPED_AGGREGATE",
                    "cumulative_cardinality": 216220216,
                    "extra_info": {
                        "Aggregates": [
                            "sum(#0)",
                            "sum(#1)"
                        ]
                    },
                    "cpu_time": 52.44533981299998,
                    "children": [
                        {
                            "result_set_size": 663090816,
                            "operator_timing": 1.0047846089999997,
                            "operator_rows_scanned": 0,
                            "cumulative_rows_scanned": 6727200000,
                            "operator_cardinality": 41443176,
                            "operator_type": "PROJECTION",
                            "cumulative_cardinality": 216220215,
                            "extra_info": {
                                "Projections": [
                                    "CASE  WHEN (prefix(p_type, 'PROMO')) THEN ((l_extendedprice * (1.00 - l_discount))) ELSE 0.0000 END",
                                    "(l_extendedprice * (1.00 - l_discount))"
                                ],
                                "Estimated Cardinality": "25245000"
                            },
                            "cpu_time": 52.31936042599998,
                            "children": [
                                {
                                    "result_set_size": 1989272448,
                                    "operator_timing": 9.605131132999977,
                                    "operator_rows_scanned": 0,
                                    "cumulative_rows_scanned": 6727200000,
                                    "operator_cardinality": 41443176,
                                    "operator_type": "HASH_JOIN",
                                    "cumulative_cardinality": 174777039,
                                    "extra_info": {
                                        "Join Type": "INNER",
                                        "Conditions": "p_partkey = l_partkey",
                                        "Estimated Cardinality": "25245000"
                                    },
                                    "cpu_time": 51.314575816999984,
                                    "children": [
                                        {
                                            "result_set_size": 2015999880,
                                            "operator_timing": 2.8067526629999993,
                                            "operator_rows_scanned": 2688000000,
                                            "cumulative_rows_scanned": 2688000000,
                                            "operator_cardinality": 83999995,
                                            "operator_type": "TABLE_SCAN",
                                            "cumulative_cardinality": 83999995,
                                            "extra_info": {
                                                "Function": "PARQUET_SCAN",
                                                "Projections": [
                                                    "p_partkey",
                                                    "p_type"
                                                ],
                                                "Estimated Cardinality": "84000000"
                                            },
                                            "cpu_time": 2.8067526629999993,
                                            "children": []
                                        },
                                        {
                                            "result_set_size": 1184012832,
                                            "operator_timing": 38.90269202100001,
                                            "operator_rows_scanned": 4039200000,
                                            "cumulative_rows_scanned": 4039200000,
                                            "operator_cardinality": 49333868,
                                            "operator_type": "TABLE_SCAN",
                                            "cumulative_cardinality": 49333868,
                                            "extra_info": {
                                                "Function": "READ_PARQUET",
                                                "Projections": [
                                                    "l_partkey",
                                                    "l_extendedprice",
                                                    "l_discount"
                                                ],
                                                "Filters": "l_shipdate>='1994-04-01'::DATE AND l_shipdate<'1994-05-01'::DATE AND l_shipdate IS NOT NULL",
                                                "Estimated Cardinality": "25245000"
                                            },
                                            "cpu_time": 38.90269202100001,
                                            "children": []
                                        }
                                    ]
                                }
                            ]
                        }
                    ]
                }
            ]
        }
    ]
}