{
    "rows_returned": 1,
    "latency": 50.632317097,
    "result_set_size": 8,
    "cumulative_rows_scanned": 4547014400,
    "cumulative_cardinality": 338068079,
    "extra_info": {},
    "cpu_time": 458.0348075999999,
    "blocked_thread_time": 5.34,
    "query_name": "COPY (FROM read_parquet(['s3://tpch10289--apne1-az1--x-s3/1206.parquet','s3://tpch10289--apne1-az1--x-s3/1277.parquet','s3://tpch10289--apne1-az1--x-s3/1348.parquet','s3://tpch10289--apne1-az1--x-s3/1349.parquet','s3://tpch10289--apne1-az1--x-s3/1350.parquet','s3://tpch10289--apne1-az1--x-s3/1352.parquet','s3://tpch10289--apne1-az1--x-s3/1353.parquet','s3://tpch10289--apne1-az1--x-s3/1354.parquet','s3://tpch10289--apne1-az1--x-s3/1355.parquet','s3://tpch10289--apne1-az1--x-s3/1356.parquet','s3://tpch10289--apne1-az1--x-s3/1357.parquet','s3://tpch10289--apne1-az1--x-s3/1358.parquet','s3://tpch10289--apne1-az1--x-s3/1359.parquet','s3://tpch10289--apne1-az1--x-s3/1360.parquet','s3://tpch10289--apne1-az1--x-s3/1361.parquet','s3://tpch10289--apne1-az1--x-s3/1362.parquet','s3://tpch10289--apne1-az1--x-s3/1363.parquet','s3://tpch10289--apne1-az1--x-s3/1364.parquet','s3://tpch10289--apne1-az1--x-s3/1365.parquet','s3://tpch10289--apne1-az1--x-s3/1367.parquet','s3://tpch10289--apne1-az1--x-s3/1368.parquet','s3://tpch10289--apne1-az1--x-s3/1369.parquet','s3://tpch10289--apne1-az1--x-s3/1371.parquet','s3://tpch10289--apne1-az1--x-s3/1372.parquet','s3://tpch10289--apne1-az1--x-s3/1373.parquet','s3://tpch10289--apne1-az1--x-s3/1374.parquet','s3://tpch10289--apne1-az1--x-s3/1376.parquet','s3://tpch10289--apne1-az1--x-s3/1377.parquet','s3://tpch10289--apne1-az1--x-s3/1378.parquet','s3://tpch10289--apne1-az1--x-s3/1379.parquet','s3://tpch10289--apne1-az1--x-s3/1380.parquet','s3://tpch10289--apne1-az1--x-s3/1381.parquet','s3://tpch10289--apne1-az1--x-s3/1382.parquet','s3://tpch10289--apne1-az1--x-s3/1383.parquet','s3://tpch10289--apne1-az1--x-s3/1384.parquet','s3://tpch10289--apne1-az1--x-s3/1385.parquet','s3://tpch10289--apne1-az1--x-s3/1387.parquet','s3://tpch10289--apne1-az1--x-s3/1388.parquet','s3://tpch10289--apne1-az1--x-s3/1389.parquet','s3://tpch10289--apne1-az1--x-s3/1390.parquet','s3://tpch10289--apne1-az1--x-s3/1391.parquet','s3://tpch10289--apne1-az1--x-s3/1392.parquet','s3://tpch10289--apne1-az1--x-s3/1393.parquet','s3://tpch10289--apne1-az1--x-s3/1394.parquet','s3://tpch10289--apne1-az1--x-s3/1395.parquet','s3://tpch10289--apne1-az1--x-s3/1396.parquet','s3://tpch10289--apne1-az1--x-s3/1397.parquet','s3://tpch10289--apne1-az1--x-s3/1398.parquet','s3://tpch10289--apne1-az1--x-s3/1399.parquet','s3://tpch10289--apne1-az1--x-s3/1400.parquet','s3://tpch10289--apne1-az1--x-s3/1401.parquet','s3://tpch10289--apne1-az1--x-s3/1402.parquet','s3://tpch10289--apne1-az1--x-s3/1403.parquet','s3://tpch10289--apne1-az1--x-s3/1404.parquet','s3://tpch10289--apne1-az1--x-s3/1405.parquet','s3://tpch10289--apne1-az1--x-s3/1406.parquet','s3://tpch10289--apne1-az1--x-s3/1407.parquet','s3://tpch10289--apne1-az1--x-s3/1409.parquet','s3://tpch10289--apne1-az1--x-s3/1410.parquet','s3://tpch10289--apne1-az1--x-s3/1411.parquet','s3://tpch10289--apne1-az1--x-s3/1412.parquet','s3://tpch10289--apne1-az1--x-s3/1413.parquet','s3://tpch10289--apne1-az1--x-s3/1414.parquet','s3://tpch10289--apne1-az1--x-s3/1415.parquet','s3://tpch10289--apne1-az1--x-s3/1416.parquet','s3://tpch10289--apne1-az1--x-s3/1417.parquet','s3://tpch10289--apne1-az1--x-s3/1491.parquet','s3://tpch10289--apne1-az1--x-s3/1492.parquet','s3://tpch10289--apne1-az1--x-s3/1493.parquet','s3://tpch10289--apne1-az1--x-s3/1494.parquet','s3://tpch10289--apne1-az1--x-s3/1495.parquet','s3://tpch10289--apne1-az1--x-s3/1496.parquet','s3://tpch10289--apne1-az1--x-s3/1497.parquet','s3://tpch10289--apne1-az1--x-s3/1498.parquet','s3://tpch10289--apne1-az1--x-s3/1499.parquet','s3://tpch10289--apne1-az1--x-s3/1500.parquet','s3://tpch10289--apne1-az1--x-s3/1501.parquet','s3://tpch10289--apne1-az1--x-s3/1502.parquet','s3://tpch10289--apne1-az1--x-s3/1503.parquet','s3://tpch10289--apne1-az1--x-s3/1504.parquet','s3://tpch10289--apne1-az1--x-s3/1505.parquet','s3://tpch10289--apne1-az1--x-s3/1506.parquet','s3://tpch10289--apne1-az1--x-s3/1507.parquet','s3://tpch10289--apne1-az1--x-s3/1509.parquet','s3://tpch10289--apne1-az1--x-s3/1510.parquet','s3://tpch10289--apne1-az1--x-s3/1511.parquet','s3://tpch10289--apne1-az1--x-s3/1512.parquet','s3://tpch10289--apne1-az1--x-s3/1513.parquet','s3://tpch10289--apne1-az1--x-s3/1514.parquet','s3://tpch10289--apne1-az1--x-s3/1515.parquet','s3://tpch10289--apne1-az1--x-s3/1516.parquet','s3://tpch10289--apne1-az1--x-s3/1517.parquet','s3://tpch10289--apne1-az1--x-s3/1518.parquet','s3://tpch10289--apne1-az1--x-s3/1519.parquet','s3://tpch10289--apne1-az1--x-s3/1520.parquet','s3://tpch10289--apne1-az1--x-s3/1521.parquet','s3://tpch10289--apne1-az1--x-s3/1522.parquet','s3://tpch10289--apne1-az1--x-s3/1523.parquet','s3://tpch10289--apne1-az1--x-s3/1524.parquet','s3://tpch10289--apne1-az1--x-s3/1525.parquet','s3://tpch10289--apne1-az1--x-s3/1526.parquet','s3://tpch10289--apne1-az1--x-s3/1527.parquet','s3://tpch10289--apne1-az1--x-s3/1528.parquet','s3://tpch10289--apne1-az1--x-s3/1531.parquet','s3://tpch10289--apne1-az1--x-s3/1533.parquet','s3://tpch10289--apne1-az1--x-s3/1534.parquet','s3://tpch10289--apne1-az1--x-s3/1535.parquet','s3://tpch10289--apne1-az1--x-s3/1536.parquet','s3://tpch10289--apne1-az1--x-s3/1537.parquet','s3://tpch10289--apne1-az1--x-s3/1538.parquet','s3://tpch10289--apne1-az1--x-s3/1541.parquet','s3://tpch10289--apne1-az1--x-s3/1542.parquet','s3://tpch10289--apne1-az1--x-s3/1543.parquet','s3://tpch10289--apne1-az1--x-s3/1544.parquet','s3://tpch10289--apne1-az1--x-s3/1545.parquet','s3://tpch10289--apne1-az1--x-s3/1546.parquet','s3://tpch10289--apne1-az1--x-s3/1547.parquet','s3://tpch10289--apne1-az1--x-s3/1548.parquet','s3://tpch10289--apne1-az1--x-s3/1549.parquet','s3://tpch10289--apne1-az1--x-s3/1550.parquet','s3://tpch10289--apne1-az1--x-s3/1551.parquet','s3://tpch10289--apne1-az1--x-s3/1552.parquet','s3://tpch10289--apne1-az1--x-s3/1553.parquet','s3://tpch10289--apne1-az1--x-s3/1554.parquet','s3://tpch10289--apne1-az1--x-s3/1555.parquet','s3://tpch10289--apne1-az1--x-s3/1556.parquet','s3://tpch10289--apne1-az1--x-s3/1557.parquet','s3://tpch10289--apne1-az1--x-s3/1558.parquet','s3://tpch10289--apne1-az1--x-s3/1559.parquet','s3://tpch10289--apne1-az1--x-s3/1560.parquet','s3://tpch10289--apne1-az1--x-s3/1562.parquet','s3://tpch10289--apne1-az1--x-s3/1563.parquet','s3://tpch10289--apne1-az1--x-s3/1564.parquet','s3://tpch10289--apne1-az1--x-s3/1565.parquet','s3://tpch10289--apne1-az1--x-s3/1566.parquet','s3://tpch10289--apne1-az1--x-s3/1567.parquet','s3://tpch10289--apne1-az1--x-s3/1568.parquet','s3://tpch10289--apne1-az1--x-s3/1569.parquet','s3://tpch10289--apne1-az1--x-s3/1570.parquet','s3://tpch10289--apne1-az1--x-s3/1571.parquet','s3://tpch10289--apne1-az1--x-s3/1572.parquet','s3://tpch10289--apne1-az1--x-s3/1573.parquet','s3://tpch10289--apne1-az1--x-s3/1574.parquet','s3://tpch10289--apne1-az1--x-s3/1575.parquet','s3://tpch10289--apne1-az1--x-s3/1576.parquet','s3://tpch10289--apne1-az1--x-s3/1577.parquet','s3://tpch10289--apne1-az1--x-s3/1578.parquet','s3://tpch10289--apne1-az1--x-s3/1579.parquet','s3://tpch10289--apne1-az1--x-s3/1580.parquet','s3://tpch10289--apne1-az1--x-s3/1581.parquet','s3://tpch10289--apne1-az1--x-s3/1582.parquet','s3://tpch10289--apne1-az1--x-s3/1583.parquet','s3://tpch10289--apne1-az1--x-s3/1584.parquet','s3://tpch10289--apne1-az1--x-s3/1585.parquet','s3://tpch10289--apne1-az1--x-s3/1586.parquet','s3://tpch10289--apne1-az1--x-s3/1587.parquet','s3://tpch10289--apne1-az1--x-s3/1588.parquet','s3://tpch10289--apne1-az1--x-s3/1589.parquet','s3://tpch10289--apne1-az1--x-s3/1590.parquet','s3://tpch10289--apne1-az1--x-s3/1591.parquet','s3://tpch10289--apne1-az1--x-s3/1592.parquet','s3://tpch10289--apne1-az1--x-s3/1593.parquet','s3://tpch10289--apne1-az1--x-s3/1594.parquet','s3://tpch10289--apne1-az1--x-s3/1595.parquet','s3://tpch10289--apne1-az1--x-s3/1596.parquet','s3://tpch10289--apne1-az1--x-s3/1597.parquet','s3://tpch10289--apne1-az1--x-s3/1598.parquet','s3://tpch10289--apne1-az1--x-s3/1599.parquet','s3://tpch10289--apne1-az1--x-s3/1600.parquet','s3://tpch10289--apne1-az1--x-s3/1601.parquet','s3://tpch10289--apne1-az1--x-s3/1602.parquet','s3://tpch10289--apne1-az1--x-s3/1603.parquet','s3://tpch10289--apne1-az1--x-s3/1604.parquet','s3://tpch10289--apne1-az1--x-s3/1605.parquet','s3://tpch10289--apne1-az1--x-s3/1606.parquet','s3://tpch10289--apne1-az1--x-s3/1607.parquet','s3://tpch10289--apne1-az1--x-s3/1608.parquet','s3://tpch10289--apne1-az1--x-s3/1609.parquet','s3://tpch10289--apne1-az1--x-s3/1610.parquet','s3://tpch10289--apne1-az1--x-s3/1611.parquet','s3://tpch10289--apne1-az1--x-s3/1612.parquet','s3://tpch10289--apne1-az1--x-s3/1613.parquet','s3://tpch10289--apne1-az1--x-s3/1614.parquet','s3://tpch10289--apne1-az1--x-s3/1615.parquet','s3://tpch10289--apne1-az1--x-s3/1616.parquet','s3://tpch10289--apne1-az1--x-s3/1617.parquet','s3://tpch10289--apne1-az1--x-s3/1618.parquet','s3://tpch10289--apne1-az1--x-s3/1619.parquet','s3://tpch10289--apne1-az1--x-s3/1620.parquet','s3://tpch10289--apne1-az1--x-s3/1621.parquet','s3://tpch10289--apne1-az1--x-s3/1622.parquet','s3://tpch10289--apne1-az1--x-s3/1623.parquet','s3://tpch10289--apne1-az1--x-s3/1624.parquet','s3://tpch10289--apne1-az1--x-s3/1625.parquet','s3://tpch10289--apne1-az1--x-s3/1626.parquet','s3://tpch10289--apne1-az1--x-s3/1627.parquet','s3://tpch10289--apne1-az1--x-s3/1628.parquet','s3://tpch10289--apne1-az1--x-s3/1629.parquet','s3://tpch10289--apne1-az1--x-s3/1630.parquet','s3://tpch10289--apne1-az1--x-s3/1631.parquet']) ORDER BY l_shipdate) TO 's3://tpch10289--apne1-az1--x-s3/tmp' (FORMAT 'parquet');",
    "children": [
        {
            "result_set_size": 8,
            "operator_timing": 42.786154257000014,
            "operator_rows_scanned": 0,
            "cumulative_rows_scanned": 4547014400,
            "operator_cardinality": 1,
            "operator_type": "BATCH_COPY_TO_FILE",
            "cumulative_cardinality": 338068079,
            "extra_info": {},
            "cpu_time": 458.0348075999999,
            "children": [
                {
                    "result_set_size": 26369310084,
                    "operator_timing": 289.2442451419999,
                    "operator_rows_scanned": 0,
                    "cumulative_rows_scanned": 4547014400,
                    "operator_cardinality": 169034039,
                    "operator_type": "ORDER_BY",
                    "cumulative_cardinality": 338068078,
                    "extra_info": {
                        "Order By": "read_parquet.l_shipdate ASC"
                    },
                    "cpu_time": 415.2486533429999,
                    "children": [
                        {
                            "result_set_size": 26369310084,
                            "operator_timing": 126.004408201,
                            "operator_rows_scanned": 4547014400,
                            "cumulative_rows_scanned": 4547014400,
                            "operator_cardinality": 169034039,
                            "operator_type": "TABLE_SCAN",
                            "cumulative_cardinality": 169034039,
                            "extra_info": {
                                "Function": "READ_PARQUET",
                                "Projections": [
                                    "l_orderkey",
                                    "l_partkey",
                                    "l_suppkey",
                                    "l_linenumber",
                                    "l_quantity",
                                    "l_extendedprice",
                                    "l_discount",
                                    "l_tax",
                                    "l_returnflag",
                                    "l_linestatus",
                                    "l_shipdate",
                                    "l_commitdate",
                                    "l_receiptdate",
                                    "l_shipinstruct",
                                    "l_shipmode",
                                    "l_comment"
                                ],
                                "Estimated Cardinality": "142094200"
                            },
                            "cpu_time": 126.004408201,
                            "children": []
                        }
                    ]
                }
            ]
        }
    ]
}