{
    "rows_returned": 1,
    "latency": 3.501501506,
    "result_set_size": 72,
    "cumulative_rows_scanned": 8680704000,
    "cumulative_cardinality": 302278099,
    "extra_info": {},
    "cpu_time": 100.78269624500003,
    "blocked_thread_time": 0.0,
    "query_name": "WITH revenue AS (\n    SELECT\n        l_suppkey AS supplier_no,\n        sum(l_extendedprice * (1 - l_discount)) AS total_revenue\n    FROM\n        read_parquet([\"s3://tpch17377--apne1-az1--x-s3/0.parquet\", \"s3://tpch17377--apne1-az1--x-s3/1.parquet\", \"s3://tpch17377--apne1-az1--x-s3/2.parquet\", \"s3://tpch17377--apne1-az1--x-s3/3.parquet\", \"s3://tpch17377--apne1-az1--x-s3/4.parquet\", \"s3://tpch17377--apne1-az1--x-s3/5.parquet\", \"s3://tpch17377--apne1-az1--x-s3/6.parquet\", \"s3://tpch17377--apne1-az1--x-s3/7.parquet\", \"s3://tpch17377--apne1-az1--x-s3/8.parquet\", \"s3://tpch17377--apne1-az1--x-s3/9.parquet\", \"s3://tpch17377--apne1-az1--x-s3/10.parquet\", \"s3://tpch17377--apne1-az1--x-s3/11.parquet\", \"s3://tpch17377--apne1-az1--x-s3/12.parquet\", \"s3://tpch17377--apne1-az1--x-s3/13.parquet\", \"s3://tpch17377--apne1-az1--x-s3/14.parquet\", \"s3://tpch17377--apne1-az1--x-s3/15.parquet\", \"s3://tpch17377--apne1-az1--x-s3/16.parquet\", \"s3://tpch17377--apne1-az1--x-s3/17.parquet\", \"s3://tpch17377--apne1-az1--x-s3/18.parquet\", \"s3://tpch17377--apne1-az1--x-s3/19.parquet\", \"s3://tpch17377--apne1-az1--x-s3/20.parquet\", \"s3://tpch17377--apne1-az1--x-s3/21.parquet\", \"s3://tpch17377--apne1-az1--x-s3/22.parquet\", \"s3://tpch17377--apne1-az1--x-s3/23.parquet\", \"s3://tpch17377--apne1-az1--x-s3/24.parquet\", \"s3://tpch17377--apne1-az1--x-s3/25.parquet\", \"s3://tpch17377--apne1-az1--x-s3/26.parquet\", \"s3://tpch17377--apne1-az1--x-s3/27.parquet\", \"s3://tpch17377--apne1-az1--x-s3/28.parquet\", \"s3://tpch17377--apne1-az1--x-s3/29.parquet\", \"s3://tpch17377--apne1-az1--x-s3/30.parquet\", \"s3://tpch17377--apne1-az1--x-s3/31.parquet\", \"s3://tpch17377--apne1-az1--x-s3/32.parquet\", \"s3://tpch17377--apne1-az1--x-s3/33.parquet\", \"s3://tpch17377--apne1-az1--x-s3/34.parquet\", \"s3://tpch17377--apne1-az1--x-s3/35.parquet\", \"s3://tpch17377--apne1-az1--x-s3/36.parquet\", \"s3://tpch17377--apne1-az1--x-s3/37.parquet\", \"s3://tpch17377--apne1-az1--x-s3/38.parquet\", \"s3://tpch17377--apne1-az1--x-s3/39.parquet\", \"s3://tpch17377--apne1-az1--x-s3/40.parquet\", \"s3://tpch17377--apne1-az1--x-s3/41.parquet\", \"s3://tpch17377--apne1-az1--x-s3/42.parquet\", \"s3://tpch17377--apne1-az1--x-s3/43.parquet\", \"s3://tpch17377--apne1-az1--x-s3/44.parquet\", \"s3://tpch17377--apne1-az1--x-s3/45.parquet\", \"s3://tpch17377--apne1-az1--x-s3/46.parquet\", \"s3://tpch17377--apne1-az1--x-s3/47.parquet\", \"s3://tpch17377--apne1-az1--x-s3/48.parquet\", \"s3://tpch17377--apne1-az1--x-s3/49.parquet\", \"s3://tpch17377--apne1-az1--x-s3/50.parquet\", \"s3://tpch17377--apne1-az1--x-s3/51.parquet\", \"s3://tpch17377--apne1-az1--x-s3/52.parquet\", \"s3://tpch17377--apne1-az1--x-s3/53.parquet\", \"s3://tpch17377--apne1-az1--x-s3/54.parquet\", \"s3://tpch17377--apne1-az1--x-s3/55.parquet\", \"s3://tpch17377--apne1-az1--x-s3/56.parquet\", \"s3://tpch17377--apne1-az1--x-s3/57.parquet\", \"s3://tpch17377--apne1-az1--x-s3/58.parquet\", \"s3://tpch17377--apne1-az1--x-s3/59.parquet\", \"s3://tpch17377--apne1-az1--x-s3/60.parquet\", \"s3://tpch17377--apne1-az1--x-s3/61.parquet\", \"s3://tpch17377--apne1-az1--x-s3/62.parquet\", \"s3://tpch17377--apne1-az1--x-s3/63.parquet\", \"s3://tpch17377--apne1-az1--x-s3/64.parquet\", \"s3://tpch17377--apne1-az1--x-s3/65.parquet\", \"s3://tpch17377--apne1-az1--x-s3/66.parquet\", \"s3://tpch17377--apne1-az1--x-s3/67.parquet\", \"s3://tpch17377--apne1-az1--x-s3/68.parquet\", \"s3://tpch17377--apne1-az1--x-s3/69.parquet\", \"s3://tpch17377--apne1-az1--x-s3/70.parquet\", \"s3://tpch17377--apne1-az1--x-s3/71.parquet\", \"s3://tpch17377--apne1-az1--x-s3/72.parquet\", \"s3://tpch17377--apne1-az1--x-s3/73.parquet\", \"s3://tpch17377--apne1-az1--x-s3/74.parquet\", \"s3://tpch17377--apne1-az1--x-s3/75.parquet\", \"s3://tpch17377--apne1-az1--x-s3/76.parquet\", \"s3://tpch17377--apne1-az1--x-s3/77.parquet\", \"s3://tpch17377--apne1-az1--x-s3/78.parquet\", \"s3://tpch17377--apne1-az1--x-s3/79.parquet\", \"s3://tpch17377--apne1-az1--x-s3/80.parquet\", \"s3://tpch17377--apne1-az1--x-s3/81.parquet\", \"s3://tpch17377--apne1-az1--x-s3/82.parquet\", \"s3://tpch17377--apne1-az1--x-s3/83.parquet\", \"s3://tpch17377--apne1-az1--x-s3/84.parquet\", \"s3://tpch17377--apne1-az1--x-s3/85.parquet\", \"s3://tpch17377--apne1-az1--x-s3/86.parquet\", \"s3://tpch17377--apne1-az1--x-s3/87.parquet\", \"s3://tpch17377--apne1-az1--x-s3/88.parquet\", \"s3://tpch17377--apne1-az1--x-s3/89.parquet\", \"s3://tpch17377--apne1-az1--x-s3/90.parquet\", \"s3://tpch17377--apne1-az1--x-s3/91.parquet\", \"s3://tpch17377--apne1-az1--x-s3/92.parquet\", \"s3://tpch17377--apne1-az1--x-s3/93.parquet\", \"s3://tpch17377--apne1-az1--x-s3/94.parquet\", \"s3://tpch17377--apne1-az1--x-s3/95.parquet\", \"s3://tpch17377--apne1-az1--x-s3/96.parquet\", \"s3://tpch17377--apne1-az1--x-s3/97.parquet\", \"s3://tpch17377--apne1-az1--x-s3/98.parquet\", \"s3://tpch17377--apne1-az1--x-s3/99.parquet\", \"s3://tpch17377--apne1-az1--x-s3/100.parquet\", \"s3://tpch17377--apne1-az1--x-s3/101.parquet\", \"s3://tpch17377--apne1-az1--x-s3/102.parquet\", \"s3://tpch17377--apne1-az1--x-s3/103.parquet\", \"s3://tpch17377--apne1-az1--x-s3/104.parquet\", \"s3://tpch17377--apne1-az1--x-s3/105.parquet\", \"s3://tpch17377--apne1-az1--x-s3/106.parquet\", \"s3://tpch17377--apne1-az1--x-s3/107.parquet\", \"s3://tpch17377--apne1-az1--x-s3/108.parquet\", \"s3://tpch17377--apne1-az1--x-s3/109.parquet\", \"s3://tpch17377--apne1-az1--x-s3/110.parquet\", \"s3://tpch17377--apne1-az1--x-s3/111.parquet\", \"s3://tpch17377--apne1-az1--x-s3/112.parquet\", \"s3://tpch17377--apne1-az1--x-s3/113.parquet\", \"s3://tpch17377--apne1-az1--x-s3/114.parquet\", \"s3://tpch17377--apne1-az1--x-s3/115.parquet\", \"s3://tpch17377--apne1-az1--x-s3/116.parquet\", \"s3://tpch17377--apne1-az1--x-s3/117.parquet\", \"s3://tpch17377--apne1-az1--x-s3/118.parquet\", \"s3://tpch17377--apne1-az1--x-s3/119.parquet\", \"s3://tpch17377--apne1-az1--x-s3/120.parquet\", \"s3://tpch17377--apne1-az1--x-s3/121.parquet\", \"s3://tpch17377--apne1-az1--x-s3/122.parquet\", \"s3://tpch17377--apne1-az1--x-s3/123.parquet\", \"s3://tpch17377--apne1-az1--x-s3/124.parquet\", \"s3://tpch17377--apne1-az1--x-s3/125.parquet\", \"s3://tpch17377--apne1-az1--x-s3/126.parquet\", \"s3://tpch17377--apne1-az1--x-s3/127.parquet\", \"s3://tpch17377--apne1-az1--x-s3/128.parquet\", \"s3://tpch17377--apne1-az1--x-s3/129.parquet\", \"s3://tpch17377--apne1-az1--x-s3/130.parquet\", \"s3://tpch17377--apne1-az1--x-s3/131.parquet\", \"s3://tpch17377--apne1-az1--x-s3/132.parquet\", \"s3://tpch17377--apne1-az1--x-s3/133.parquet\", \"s3://tpch17377--apne1-az1--x-s3/134.parquet\", \"s3://tpch17377--apne1-az1--x-s3/135.parquet\", \"s3://tpch17377--apne1-az1--x-s3/136.parquet\", \"s3://tpch17377--apne1-az1--x-s3/137.parquet\", \"s3://tpch17377--apne1-az1--x-s3/138.parquet\", \"s3://tpch17377--apne1-az1--x-s3/139.parquet\", \"s3://tpch17377--apne1-az1--x-s3/140.parquet\", \"s3://tpch17377--apne1-az1--x-s3/141.parquet\", \"s3://tpch17377--apne1-az1--x-s3/153.parquet\", \"s3://tpch17377--apne1-az1--x-s3/222.parquet\", \"s3://tpch17377--apne1-az1--x-s3/223.parquet\", \"s3://tpch17377--apne1-az1--x-s3/224.parquet\", \"s3://tpch17377--apne1-az1--x-s3/225.parquet\", \"s3://tpch17377--apne1-az1--x-s3/226.parquet\", \"s3://tpch17377--apne1-az1--x-s3/227.parquet\", \"s3://tpch17377--apne1-az1--x-s3/228.parquet\", \"s3://tpch17377--apne1-az1--x-s3/229.parquet\", \"s3://tpch17377--apne1-az1--x-s3/230.parquet\", \"s3://tpch17377--apne1-az1--x-s3/231.parquet\", \"s3://tpch17377--apne1-az1--x-s3/232.parquet\", \"s3://tpch17377--apne1-az1--x-s3/233.parquet\", \"s3://tpch17377--apne1-az1--x-s3/398.parquet\", \"s3://tpch17377--apne1-az1--x-s3/399.parquet\", \"s3://tpch17377--apne1-az1--x-s3/400.parquet\", \"s3://tpch17377--apne1-az1--x-s3/401.parquet\", \"s3://tpch17377--apne1-az1--x-s3/402.parquet\", \"s3://tpch17377--apne1-az1--x-s3/403.parquet\", \"s3://tpch17377--apne1-az1--x-s3/404.parquet\", \"s3://tpch17377--apne1-az1--x-s3/405.parquet\", \"s3://tpch17377--apne1-az1--x-s3/406.parquet\", \"s3://tpch17377--apne1-az1--x-s3/407.parquet\", \"s3://tpch17377--apne1-az1--x-s3/408.parquet\", \"s3://tpch17377--apne1-az1--x-s3/409.parquet\", \"s3://tpch17377--apne1-az1--x-s3/410.parquet\", \"s3://tpch17377--apne1-az1--x-s3/504.parquet\", \"s3://tpch17377--apne1-az1--x-s3/505.parquet\", \"s3://tpch17377--apne1-az1--x-s3/506.parquet\", \"s3://tpch17377--apne1-az1--x-s3/507.parquet\", \"s3://tpch17377--apne1-az1--x-s3/508.parquet\", \"s3://tpch17377--apne1-az1--x-s3/509.parquet\", \"s3://tpch17377--apne1-az1--x-s3/510.parquet\", \"s3://tpch17377--apne1-az1--x-s3/511.parquet\", \"s3://tpch17377--apne1-az1--x-s3/512.parquet\", \"s3://tpch17377--apne1-az1--x-s3/513.parquet\", \"s3://tpch17377--apne1-az1--x-s3/514.parquet\", \"s3://tpch17377--apne1-az1--x-s3/515.parquet\", \"s3://tpch17377--apne1-az1--x-s3/568.parquet\", \"s3://tpch17377--apne1-az1--x-s3/569.parquet\", \"s3://tpch17377--apne1-az1--x-s3/639.parquet\", \"s3://tpch17377--apne1-az1--x-s3/640.parquet\", \"s3://tpch17377--apne1-az1--x-s3/752.parquet\", \"s3://tpch17377--apne1-az1--x-s3/753.parquet\", \"s3://tpch17377--apne1-az1--x-s3/754.parquet\", \"s3://tpch17377--apne1-az1--x-s3/755.parquet\", \"s3://tpch17377--apne1-az1--x-s3/756.parquet\", \"s3://tpch17377--apne1-az1--x-s3/757.parquet\", \"s3://tpch17377--apne1-az1--x-s3/758.parquet\", \"s3://tpch17377--apne1-az1--x-s3/759.parquet\", \"s3://tpch17377--apne1-az1--x-s3/760.parquet\", \"s3://tpch17377--apne1-az1--x-s3/761.parquet\", \"s3://tpch17377--apne1-az1--x-s3/762.parquet\", \"s3://tpch17377--apne1-az1--x-s3/763.parquet\", \"s3://tpch17377--apne1-az1--x-s3/796.parquet\", \"s3://tpch17377--apne1-az1--x-s3/797.parquet\", \"s3://tpch17377--apne1-az1--x-s3/798.parquet\", \"s3://tpch17377--apne1-az1--x-s3/799.parquet\", \"s3://tpch17377--apne1-az1--x-s3/800.parquet\", \"s3://tpch17377--apne1-az1--x-s3/801.parquet\", \"s3://tpch17377--apne1-az1--x-s3/802.parquet\", \"s3://tpch17377--apne1-az1--x-s3/803.parquet\", \"s3://tpch17377--apne1-az1--x-s3/804.parquet\", \"s3://tpch17377--apne1-az1--x-s3/805.parquet\", \"s3://tpch17377--apne1-az1--x-s3/806.parquet\", \"s3://tpch17377--apne1-az1--x-s3/852.parquet\", \"s3://tpch17377--apne1-az1--x-s3/853.parquet\", \"s3://tpch17377--apne1-az1--x-s3/923.parquet\", \"s3://tpch17377--apne1-az1--x-s3/924.parquet\", \"s3://tpch17377--apne1-az1--x-s3/1039.parquet\", \"s3://tpch17377--apne1-az1--x-s3/1040.parquet\", \"s3://tpch17377--apne1-az1--x-s3/1041.parquet\", \"s3://tpch17377--apne1-az1--x-s3/1042.parquet\", \"s3://tpch17377--apne1-az1--x-s3/1043.parquet\", \"s3://tpch17377--apne1-az1--x-s3/1044.parquet\", \"s3://tpch17377--apne1-az1--x-s3/1045.parquet\", \"s3://tpch17377--apne1-az1--x-s3/1046.parquet\", \"s3://tpch17377--apne1-az1--x-s3/1047.parquet\", \"s3://tpch17377--apne1-az1--x-s3/1048.parquet\", \"s3://tpch17377--apne1-az1--x-s3/1049.parquet\", \"s3://tpch17377--apne1-az1--x-s3/1050.parquet\", \"s3://tpch17377--apne1-az1--x-s3/1190.parquet\", \"s3://tpch17377--apne1-az1--x-s3/1191.parquet\", \"s3://tpch17377--apne1-az1--x-s3/1192.parquet\", \"s3://tpch17377--apne1-az1--x-s3/1193.parquet\", \"s3://tpch17377--apne1-az1--x-s3/1194.parquet\", \"s3://tpch17377--apne1-az1--x-s3/1195.parquet\", \"s3://tpch17377--apne1-az1--x-s3/1196.parquet\", \"s3://tpch17377--apne1-az1--x-s3/1197.parquet\", \"s3://tpch17377--apne1-az1--x-s3/1198.parquet\", \"s3://tpch17377--apne1-az1--x-s3/1199.parquet\", \"s3://tpch17377--apne1-az1--x-s3/1200.parquet\", \"s3://tpch17377--apne1-az1--x-s3/1201.parquet\", \"s3://tpch17377--apne1-az1--x-s3/1202.parquet\", \"s3://tpch17377--apne1-az1--x-s3/1238.parquet\", \"s3://tpch17377--apne1-az1--x-s3/1239.parquet\", \"s3://tpch17377--apne1-az1--x-s3/1240.parquet\", \"s3://tpch17377--apne1-az1--x-s3/1241.parquet\", \"s3://tpch17377--apne1-az1--x-s3/1242.parquet\", \"s3://tpch17377--apne1-az1--x-s3/1243.parquet\", \"s3://tpch17377--apne1-az1--x-s3/1244.parquet\", \"s3://tpch17377--apne1-az1--x-s3/1245.parquet\", \"s3://tpch17377--apne1-az1--x-s3/1246.parquet\", \"s3://tpch17377--apne1-az1--x-s3/1247.parquet\", \"s3://tpch17377--apne1-az1--x-s3/1334.parquet\", \"s3://tpch17377--apne1-az1--x-s3/1335.parquet\", \"s3://tpch17377--apne1-az1--x-s3/1336.parquet\", \"s3://tpch17377--apne1-az1--x-s3/1337.parquet\", \"s3://tpch17377--apne1-az1--x-s3/1338.parquet\", \"s3://tpch17377--apne1-az1--x-s3/1339.parquet\", \"s3://tpch17377--apne1-az1--x-s3/1340.parquet\", \"s3://tpch17377--apne1-az1--x-s3/1341.parquet\", \"s3://tpch17377--apne1-az1--x-s3/1342.parquet\", \"s3://tpch17377--apne1-az1--x-s3/1343.parquet\", \"s3://tpch17377--apne1-az1--x-s3/1344.parquet\", \"s3://tpch17377--apne1-az1--x-s3/1391.parquet\", \"s3://tpch17377--apne1-az1--x-s3/1392.parquet\", \"s3://tpch17377--apne1-az1--x-s3/1393.parquet\", \"s3://tpch17377--apne1-az1--x-s3/1394.parquet\", \"s3://tpch17377--apne1-az1--x-s3/1395.parquet\", \"s3://tpch17377--apne1-az1--x-s3/1396.parquet\", \"s3://tpch17377--apne1-az1--x-s3/1397.parquet\", \"s3://tpch17377--apne1-az1--x-s3/1398.parquet\", \"s3://tpch17377--apne1-az1--x-s3/1399.parquet\", \"s3://tpch17377--apne1-az1--x-s3/1400.parquet\", \"s3://tpch17377--apne1-az1--x-s3/1526.parquet\", \"s3://tpch17377--apne1-az1--x-s3/1527.parquet\", \"s3://tpch17377--apne1-az1--x-s3/1528.parquet\", \"s3://tpch17377--apne1-az1--x-s3/1529.parquet\", \"s3://tpch17377--apne1-az1--x-s3/1530.parquet\", \"s3://tpch17377--apne1-az1--x-s3/1531.parquet\", \"s3://tpch17377--apne1-az1--x-s3/1532.parquet\", \"s3://tpch17377--apne1-az1--x-s3/1533.parquet\", \"s3://tpch17377--apne1-az1--x-s3/1534.parquet\", \"s3://tpch17377--apne1-az1--x-s3/1535.parquet\", \"s3://tpch17377--apne1-az1--x-s3/1536.parquet\", \"s3://tpch17377--apne1-az1--x-s3/1537.parquet\", \"s3://tpch17377--apne1-az1--x-s3/1585.parquet\", \"s3://tpch17377--apne1-az1--x-s3/1586.parquet\", \"s3://tpch17377--apne1-az1--x-s3/1587.parquet\", \"s3://tpch17377--apne1-az1--x-s3/1588.parquet\", \"s3://tpch17377--apne1-az1--x-s3/1589.parquet\", \"s3://tpch17377--apne1-az1--x-s3/1590.parquet\", \"s3://tpch17377--apne1-az1--x-s3/1591.parquet\", \"s3://tpch17377--apne1-az1--x-s3/1592.parquet\", \"s3://tpch17377--apne1-az1--x-s3/1593.parquet\", \"s3://tpch17377--apne1-az1--x-s3/1594.parquet\", \"s3://tpch17377--apne1-az1--x-s3/1595.parquet\", \"s3://tpch17377--apne1-az1--x-s3/1596.parquet\", \"s3://tpch17377--apne1-az1--x-s3/1668.parquet\", \"s3://tpch17377--apne1-az1--x-s3/1669.parquet\", \"s3://tpch17377--apne1-az1--x-s3/1670.parquet\", \"s3://tpch17377--apne1-az1--x-s3/1671.parquet\", \"s3://tpch17377--apne1-az1--x-s3/1672.parquet\", \"s3://tpch17377--apne1-az1--x-s3/1673.parquet\", \"s3://tpch17377--apne1-az1--x-s3/1674.parquet\", \"s3://tpch17377--apne1-az1--x-s3/1675.parquet\", \"s3://tpch17377--apne1-az1--x-s3/1676.parquet\", \"s3://tpch17377--apne1-az1--x-s3/1677.parquet\", \"s3://tpch17377--apne1-az1--x-s3/1678.parquet\", \"s3://tpch17377--apne1-az1--x-s3/1679.parquet\", \"s3://tpch17377--apne1-az1--x-s3/1680.parquet\", \"s3://tpch17377--apne1-az1--x-s3/1793.parquet\", \"s3://tpch17377--apne1-az1--x-s3/1794.parquet\", \"s3://tpch17377--apne1-az1--x-s3/1795.parquet\", \"s3://tpch17377--apne1-az1--x-s3/1796.parquet\", \"s3://tpch17377--apne1-az1--x-s3/1797.parquet\", \"s3://tpch17377--apne1-az1--x-s3/1798.parquet\", \"s3://tpch17377--apne1-az1--x-s3/1799.parquet\", \"s3://tpch17377--apne1-az1--x-s3/1800.parquet\", \"s3://tpch17377--apne1-az1--x-s3/1920.parquet\", \"s3://tpch17377--apne1-az1--x-s3/1921.parquet\"])\n    WHERE\n        l_shipdate >= DATE '1992-01-01' + INTERVAL 25 MONTH\n        AND l_shipdate < DATE '1992-01-01' + INTERVAL 25 MONTH + INTERVAL 3 MONTH\n    GROUP BY\n        supplier_no\n)\nSELECT\n    s_suppkey,\n    s_name,\n    s_address,\n    s_phone,\n    total_revenue\nFROM\n    'pool/supplier/*.parquet',\n    revenue\nWHERE\n    s_suppkey = supplier_no\n    AND total_revenue = (\n        SELECT\n            max(total_revenue)\n        FROM\n            revenue\n    )\nORDER BY\n    s_suppkey;",
    "children": [
        {
            "result_set_size": 72,
            "operator_timing": 0.000029002,
            "operator_rows_scanned": 0,
            "cumulative_rows_scanned": 8680704000,
            "operator_cardinality": 1,
            "operator_type": "ORDER_BY",
            "cumulative_cardinality": 302278099,
            "extra_info": {
                "Order By": "\"pool/supplier/*.parquet\".s_suppkey ASC"
            },
            "cpu_time": 100.78269624500003,
            "children": [
                {
                    "result_set_size": 72,
                    "operator_timing": 0.000001267,
                    "operator_rows_scanned": 0,
                    "cumulative_rows_scanned": 8680704000,
                    "operator_cardinality": 1,
                    "operator_type": "PROJECTION",
                    "cumulative_cardinality": 302278098,
                    "extra_info": {
                        "Projections": [
                            "s_suppkey",
                            "s_name",
                            "s_address",
                            "s_phone",
                            "total_revenue"
                        ],
                        "Estimated Cardinality": "26627200"
                    },
                    "cpu_time": 100.78266724300002,
                    "children": [
                        {
                            "result_set_size": 0,
                            "operator_timing": 0.011929968,
                            "operator_rows_scanned": 0,
                            "cumulative_rows_scanned": 8680704000,
                            "operator_cardinality": 0,
                            "operator_type": "CTE",
                            "cumulative_cardinality": 302278097,
                            "extra_info": {
                                "CTE Name": "revenue",
                                "Table Index": "0"
                            },
                            "cpu_time": 100.78266597600002,
                            "children": [
                                {
                                    "result_set_size": 120000000,
                                    "operator_timing": 20.513865109,
                                    "operator_rows_scanned": 0,
                                    "cumulative_rows_scanned": 8520704000,
                                    "operator_cardinality": 5000000,
                                    "operator_type": "HASH_GROUP_BY",
                                    "cumulative_cardinality": 287278090,
                                    "extra_info": {
                                        "Groups": "#0",
                                        "Aggregates": "sum(#1)",
                                        "Estimated Cardinality": "26627200"
                                    },
                                    "cpu_time": 100.67632485800002,
                                    "children": [
                                        {
                                            "result_set_size": 2258224720,
                                            "operator_timing": 1.0283960979999998,
                                            "operator_rows_scanned": 0,
                                            "cumulative_rows_scanned": 8520704000,
                                            "operator_cardinality": 141139045,
                                            "operator_type": "PROJECTION",
                                            "cumulative_cardinality": 282278090,
                                            "extra_info": {
                                                "Projections": [
                                                    "supplier_no",
                                                    "(l_extendedprice * (1.00 - l_discount))"
                                                ],
                                                "Estimated Cardinality": "53254400"
                                            },
                                            "cpu_time": 80.162459749,
                                            "children": [
                                                {
                                                    "result_set_size": 3387337080,
                                                    "operator_timing": 79.134063651,
                                                    "operator_rows_scanned": 8520704000,
                                                    "cumulative_rows_scanned": 8520704000,
                                                    "operator_cardinality": 141139045,
                                                    "operator_type": "TABLE_SCAN",
                                                    "cumulative_cardinality": 141139045,
                                                    "extra_info": {
                                                        "Function": "READ_PARQUET",
                                                        "Projections": [
                                                            "l_suppkey",
                                                            "l_extendedprice",
                                                            "l_discount"
                                                        ],
                                                        "Filters": "l_shipdate>='1994-02-01'::DATE AND l_shipdate<'1994-05-01'::DATE AND l_shipdate IS NOT NULL",
                                                        "Estimated Cardinality": "53254400"
                                                    },
                                                    "cpu_time": 79.134063651,
                                                    "children": []
                                                }
                                            ]
                                        }
                                    ]
                                },
                                {
                                    "result_set_size": 96,
                                    "operator_timing": 0.00019566500000000003,
                                    "operator_rows_scanned": 0,
                                    "cumulative_rows_scanned": 160000000,
                                    "operator_cardinality": 1,
                                    "operator_type": "HASH_JOIN",
                                    "cumulative_cardinality": 15000007,
                                    "extra_info": {
                                        "Join Type": "INNER",
                                        "Conditions": "s_suppkey = supplier_no",
                                        "Estimated Cardinality": "0"
                                    },
                                    "cpu_time": 0.09441115,
                                    "children": [
                                        {
                                            "result_set_size": 56,
                                            "operator_timing": 0.025192615,
                                            "operator_rows_scanned": 160000000,
                                            "cumulative_rows_scanned": 160000000,
                                            "operator_cardinality": 1,
                                            "operator_type": "TABLE_SCAN",
                                            "cumulative_cardinality": 1,
                                            "extra_info": {
                                                "Function": "PARQUET_SCAN",
                                                "Projections": "",
                                                "Estimated Cardinality": "5000000"
                                            },
                                            "cpu_time": 0.025192615,
                                            "children": []
                                        },
                                        {
                                            "result_set_size": 40,
                                            "operator_timing": 0.028222926,
                                            "operator_rows_scanned": 0,
                                            "cumulative_rows_scanned": 0,
                                            "operator_cardinality": 1,
                                            "operator_type": "HASH_JOIN",
                                            "cumulative_cardinality": 15000005,
                                            "extra_info": {
                                                "Join Type": "INNER",
                                                "Conditions": "total_revenue = SUBQUERY",
                                                "Estimated Cardinality": "0"
                                            },
                                            "cpu_time": 0.06902287,
                                            "children": [
                                                {
                                                    "result_set_size": 120000000,
                                                    "operator_timing": 0.008095041,
                                                    "operator_rows_scanned": 0,
                                                    "cumulative_rows_scanned": 0,
                                                    "operator_cardinality": 5000000,
                                                    "operator_type": "CTE_SCAN",
                                                    "cumulative_cardinality": 5000000,
                                                    "extra_info": {
                                                        "CTE Index": "0",
                                                        "Estimated Cardinality": "26627200"
                                                    },
                                                    "cpu_time": 0.008095041,
                                                    "children": []
                                                },
                                                {
                                                    "result_set_size": 16,
                                                    "operator_timing": 0.000002779,
                                                    "operator_rows_scanned": 0,
                                                    "cumulative_rows_scanned": 0,
                                                    "operator_cardinality": 1,
                                                    "operator_type": "PROJECTION",
                                                    "cumulative_cardinality": 10000004,
                                                    "extra_info": {
                                                        "Projections": [
                                                            "CASE  WHEN ((#1 > 1)) THEN (error('More than one row returned by a subquery used as an expression - scalar subqueries can only return a single row.",
                                                            "Use \"SET scalar_subquery_error_on_multiple_rows=false\" to revert to previous behavior of returning a random row.')) ELSE #0 END"
                                                        ],
                                                        "Estimated Cardinality": "1"
                                                    },
                                                    "cpu_time": 0.032704903,
                                                    "children": [
                                                        {
                                                            "result_set_size": 24,
                                                            "operator_timing": 0.000003003,
                                                            "operator_rows_scanned": 0,
                                                            "cumulative_rows_scanned": 0,
                                                            "operator_cardinality": 1,
                                                            "operator_type": "UNGROUPED_AGGREGATE",
                                                            "cumulative_cardinality": 10000003,
                                                            "extra_info": {
                                                                "Aggregates": [
                                                                    "\"first\"(#0)",
                                                                    "count_star()"
                                                                ]
                                                            },
                                                            "cpu_time": 0.032702124,
                                                            "children": [
                                                                {
                                                                    "result_set_size": 16,
                                                                    "operator_timing": 2.13e-7,
                                                                    "operator_rows_scanned": 0,
                                                                    "cumulative_rows_scanned": 0,
                                                                    "operator_cardinality": 1,
                                                                    "operator_type": "PROJECTION",
                                                                    "cumulative_cardinality": 10000002,
                                                                    "extra_info": {
                                                                        "Projections": "#0",
                                                                        "Estimated Cardinality": "1"
                                                                    },
                                                                    "cpu_time": 0.032699121,
                                                                    "children": [
                                                                        {
                                                                            "result_set_size": 16,
                                                                            "operator_timing": 0.007491425000000002,
                                                                            "operator_rows_scanned": 0,
                                                                            "cumulative_rows_scanned": 0,
                                                                            "operator_cardinality": 1,
                                                                            "operator_type": "UNGROUPED_AGGREGATE",
                                                                            "cumulative_cardinality": 10000001,
                                                                            "extra_info": {
                                                                                "Aggregates": "max(#0)"
                                                                            },
                                                                            "cpu_time": 0.032698908,
                                                                            "children": [
                                                                                {
                                                                                    "result_set_size": 80000000,
                                                                                    "operator_timing": 0.000307954,
                                                                                    "operator_rows_scanned": 0,
                                                                                    "cumulative_rows_scanned": 0,
                                                                                    "operator_cardinality": 5000000,
                                                                                    "operator_type": "PROJECTION",
                                                                                    "cumulative_cardinality": 10000000,
                                                                                    "extra_info": {
                                                                                        "Projections": "total_revenue",
                                                                                        "Estimated Cardinality": "26627200"
                                                                                    },
                                                                                    "cpu_time": 0.025207482999999996,
                                                                                    "children": [
                                                                                        {
                                                                                            "result_set_size": 120000000,
                                                                                            "operator_timing": 0.024899528999999997,
                                                                                            "operator_rows_scanned": 0,
                                                                                            "cumulative_rows_scanned": 0,
                                                                                            "operator_cardinality": 5000000,
                                                                                            "operator_type": "CTE_SCAN",
                                                                                            "cumulative_cardinality": 5000000,
                                                                                            "extra_info": {
                                                                                                "CTE Index": "0",
                                                                                                "Estimated Cardinality": "26627200"
                                                                                            },
                                                                                            "cpu_time": 0.024899528999999997,
                                                                                            "children": []
                                                                                        }
                                                                                    ]
                                                                                }
                                                                            ]
                                                                        }
                                                                    ]
                                                                }
                                                            ]
                                                        }
                                                    ]
                                                }
                                            ]
                                        }
                                    ]
                                }
                            ]
                        }
                    ]
                }
            ]
        }
    ]
}