{
    "rows_returned": 1,
    "latency": 5.931485885,
    "result_set_size": 72,
    "cumulative_rows_scanned": 16821376000,
    "cumulative_cardinality": 322535211,
    "extra_info": {},
    "cpu_time": 181.68261366900012,
    "blocked_thread_time": 0.0,
    "query_name": "WITH revenue AS (\n    SELECT\n        l_suppkey AS supplier_no,\n        sum(l_extendedprice * (1 - l_discount)) AS total_revenue\n    FROM\n        read_parquet([\"s3://tpch10289--apne1-az1--x-s3/0.parquet\", \"s3://tpch10289--apne1-az1--x-s3/2.parquet\", \"s3://tpch10289--apne1-az1--x-s3/7.parquet\", \"s3://tpch10289--apne1-az1--x-s3/10.parquet\", \"s3://tpch10289--apne1-az1--x-s3/13.parquet\", \"s3://tpch10289--apne1-az1--x-s3/16.parquet\", \"s3://tpch10289--apne1-az1--x-s3/17.parquet\", \"s3://tpch10289--apne1-az1--x-s3/18.parquet\", \"s3://tpch10289--apne1-az1--x-s3/19.parquet\", \"s3://tpch10289--apne1-az1--x-s3/20.parquet\", \"s3://tpch10289--apne1-az1--x-s3/21.parquet\", \"s3://tpch10289--apne1-az1--x-s3/26.parquet\", \"s3://tpch10289--apne1-az1--x-s3/27.parquet\", \"s3://tpch10289--apne1-az1--x-s3/28.parquet\", \"s3://tpch10289--apne1-az1--x-s3/29.parquet\", \"s3://tpch10289--apne1-az1--x-s3/30.parquet\", \"s3://tpch10289--apne1-az1--x-s3/31.parquet\", \"s3://tpch10289--apne1-az1--x-s3/33.parquet\", \"s3://tpch10289--apne1-az1--x-s3/38.parquet\", \"s3://tpch10289--apne1-az1--x-s3/40.parquet\", \"s3://tpch10289--apne1-az1--x-s3/45.parquet\", \"s3://tpch10289--apne1-az1--x-s3/48.parquet\", \"s3://tpch10289--apne1-az1--x-s3/49.parquet\", \"s3://tpch10289--apne1-az1--x-s3/53.parquet\", \"s3://tpch10289--apne1-az1--x-s3/56.parquet\", \"s3://tpch10289--apne1-az1--x-s3/57.parquet\", \"s3://tpch10289--apne1-az1--x-s3/60.parquet\", \"s3://tpch10289--apne1-az1--x-s3/61.parquet\", \"s3://tpch10289--apne1-az1--x-s3/62.parquet\", \"s3://tpch10289--apne1-az1--x-s3/63.parquet\", \"s3://tpch10289--apne1-az1--x-s3/66.parquet\", \"s3://tpch10289--apne1-az1--x-s3/69.parquet\", \"s3://tpch10289--apne1-az1--x-s3/70.parquet\", \"s3://tpch10289--apne1-az1--x-s3/72.parquet\", \"s3://tpch10289--apne1-az1--x-s3/75.parquet\", \"s3://tpch10289--apne1-az1--x-s3/76.parquet\", \"s3://tpch10289--apne1-az1--x-s3/80.parquet\", \"s3://tpch10289--apne1-az1--x-s3/81.parquet\", \"s3://tpch10289--apne1-az1--x-s3/82.parquet\", \"s3://tpch10289--apne1-az1--x-s3/84.parquet\", \"s3://tpch10289--apne1-az1--x-s3/85.parquet\", \"s3://tpch10289--apne1-az1--x-s3/87.parquet\", \"s3://tpch10289--apne1-az1--x-s3/90.parquet\", \"s3://tpch10289--apne1-az1--x-s3/92.parquet\", \"s3://tpch10289--apne1-az1--x-s3/93.parquet\", \"s3://tpch10289--apne1-az1--x-s3/94.parquet\", \"s3://tpch10289--apne1-az1--x-s3/95.parquet\", \"s3://tpch10289--apne1-az1--x-s3/96.parquet\", \"s3://tpch10289--apne1-az1--x-s3/97.parquet\", \"s3://tpch10289--apne1-az1--x-s3/98.parquet\", \"s3://tpch10289--apne1-az1--x-s3/99.parquet\", \"s3://tpch10289--apne1-az1--x-s3/100.parquet\", \"s3://tpch10289--apne1-az1--x-s3/101.parquet\", \"s3://tpch10289--apne1-az1--x-s3/104.parquet\", \"s3://tpch10289--apne1-az1--x-s3/106.parquet\", \"s3://tpch10289--apne1-az1--x-s3/107.parquet\", \"s3://tpch10289--apne1-az1--x-s3/109.parquet\", \"s3://tpch10289--apne1-az1--x-s3/111.parquet\", \"s3://tpch10289--apne1-az1--x-s3/118.parquet\", \"s3://tpch10289--apne1-az1--x-s3/119.parquet\", \"s3://tpch10289--apne1-az1--x-s3/120.parquet\", \"s3://tpch10289--apne1-az1--x-s3/122.parquet\", \"s3://tpch10289--apne1-az1--x-s3/126.parquet\", \"s3://tpch10289--apne1-az1--x-s3/128.parquet\", \"s3://tpch10289--apne1-az1--x-s3/131.parquet\", \"s3://tpch10289--apne1-az1--x-s3/135.parquet\", \"s3://tpch10289--apne1-az1--x-s3/136.parquet\", \"s3://tpch10289--apne1-az1--x-s3/137.parquet\", \"s3://tpch10289--apne1-az1--x-s3/138.parquet\", \"s3://tpch10289--apne1-az1--x-s3/140.parquet\", \"s3://tpch10289--apne1-az1--x-s3/141.parquet\", \"s3://tpch10289--apne1-az1--x-s3/153.parquet\", \"s3://tpch10289--apne1-az1--x-s3/155.parquet\", \"s3://tpch10289--apne1-az1--x-s3/156.parquet\", \"s3://tpch10289--apne1-az1--x-s3/157.parquet\", \"s3://tpch10289--apne1-az1--x-s3/158.parquet\", \"s3://tpch10289--apne1-az1--x-s3/160.parquet\", \"s3://tpch10289--apne1-az1--x-s3/163.parquet\", \"s3://tpch10289--apne1-az1--x-s3/164.parquet\", \"s3://tpch10289--apne1-az1--x-s3/166.parquet\", \"s3://tpch10289--apne1-az1--x-s3/169.parquet\", \"s3://tpch10289--apne1-az1--x-s3/170.parquet\", \"s3://tpch10289--apne1-az1--x-s3/172.parquet\", \"s3://tpch10289--apne1-az1--x-s3/173.parquet\", \"s3://tpch10289--apne1-az1--x-s3/175.parquet\", \"s3://tpch10289--apne1-az1--x-s3/176.parquet\", \"s3://tpch10289--apne1-az1--x-s3/179.parquet\", \"s3://tpch10289--apne1-az1--x-s3/181.parquet\", \"s3://tpch10289--apne1-az1--x-s3/182.parquet\", \"s3://tpch10289--apne1-az1--x-s3/183.parquet\", \"s3://tpch10289--apne1-az1--x-s3/184.parquet\", \"s3://tpch10289--apne1-az1--x-s3/185.parquet\", \"s3://tpch10289--apne1-az1--x-s3/186.parquet\", \"s3://tpch10289--apne1-az1--x-s3/187.parquet\", \"s3://tpch10289--apne1-az1--x-s3/188.parquet\", \"s3://tpch10289--apne1-az1--x-s3/189.parquet\", \"s3://tpch10289--apne1-az1--x-s3/190.parquet\", \"s3://tpch10289--apne1-az1--x-s3/191.parquet\", \"s3://tpch10289--apne1-az1--x-s3/192.parquet\", \"s3://tpch10289--apne1-az1--x-s3/193.parquet\", \"s3://tpch10289--apne1-az1--x-s3/195.parquet\", \"s3://tpch10289--apne1-az1--x-s3/198.parquet\", \"s3://tpch10289--apne1-az1--x-s3/199.parquet\", \"s3://tpch10289--apne1-az1--x-s3/200.parquet\", \"s3://tpch10289--apne1-az1--x-s3/201.parquet\", \"s3://tpch10289--apne1-az1--x-s3/202.parquet\", \"s3://tpch10289--apne1-az1--x-s3/204.parquet\", \"s3://tpch10289--apne1-az1--x-s3/205.parquet\", \"s3://tpch10289--apne1-az1--x-s3/206.parquet\", \"s3://tpch10289--apne1-az1--x-s3/207.parquet\", \"s3://tpch10289--apne1-az1--x-s3/208.parquet\", \"s3://tpch10289--apne1-az1--x-s3/211.parquet\", \"s3://tpch10289--apne1-az1--x-s3/212.parquet\", \"s3://tpch10289--apne1-az1--x-s3/252.parquet\", \"s3://tpch10289--apne1-az1--x-s3/253.parquet\", \"s3://tpch10289--apne1-az1--x-s3/254.parquet\", \"s3://tpch10289--apne1-az1--x-s3/255.parquet\", \"s3://tpch10289--apne1-az1--x-s3/256.parquet\", \"s3://tpch10289--apne1-az1--x-s3/257.parquet\", \"s3://tpch10289--apne1-az1--x-s3/258.parquet\", \"s3://tpch10289--apne1-az1--x-s3/259.parquet\", \"s3://tpch10289--apne1-az1--x-s3/260.parquet\", \"s3://tpch10289--apne1-az1--x-s3/261.parquet\", \"s3://tpch10289--apne1-az1--x-s3/262.parquet\", \"s3://tpch10289--apne1-az1--x-s3/263.parquet\", \"s3://tpch10289--apne1-az1--x-s3/264.parquet\", \"s3://tpch10289--apne1-az1--x-s3/265.parquet\", \"s3://tpch10289--apne1-az1--x-s3/266.parquet\", \"s3://tpch10289--apne1-az1--x-s3/267.parquet\", \"s3://tpch10289--apne1-az1--x-s3/268.parquet\", \"s3://tpch10289--apne1-az1--x-s3/269.parquet\", \"s3://tpch10289--apne1-az1--x-s3/270.parquet\", \"s3://tpch10289--apne1-az1--x-s3/283.parquet\", \"s3://tpch10289--apne1-az1--x-s3/284.parquet\", \"s3://tpch10289--apne1-az1--x-s3/285.parquet\", \"s3://tpch10289--apne1-az1--x-s3/287.parquet\", \"s3://tpch10289--apne1-az1--x-s3/288.parquet\", \"s3://tpch10289--apne1-az1--x-s3/354.parquet\", \"s3://tpch10289--apne1-az1--x-s3/542.parquet\", \"s3://tpch10289--apne1-az1--x-s3/543.parquet\", \"s3://tpch10289--apne1-az1--x-s3/544.parquet\", \"s3://tpch10289--apne1-az1--x-s3/545.parquet\", \"s3://tpch10289--apne1-az1--x-s3/546.parquet\", \"s3://tpch10289--apne1-az1--x-s3/547.parquet\", \"s3://tpch10289--apne1-az1--x-s3/548.parquet\", \"s3://tpch10289--apne1-az1--x-s3/549.parquet\", \"s3://tpch10289--apne1-az1--x-s3/550.parquet\", \"s3://tpch10289--apne1-az1--x-s3/551.parquet\", \"s3://tpch10289--apne1-az1--x-s3/552.parquet\", \"s3://tpch10289--apne1-az1--x-s3/553.parquet\", \"s3://tpch10289--apne1-az1--x-s3/554.parquet\", \"s3://tpch10289--apne1-az1--x-s3/555.parquet\", \"s3://tpch10289--apne1-az1--x-s3/556.parquet\", \"s3://tpch10289--apne1-az1--x-s3/557.parquet\", \"s3://tpch10289--apne1-az1--x-s3/558.parquet\", \"s3://tpch10289--apne1-az1--x-s3/559.parquet\", \"s3://tpch10289--apne1-az1--x-s3/560.parquet\", \"s3://tpch10289--apne1-az1--x-s3/561.parquet\", \"s3://tpch10289--apne1-az1--x-s3/669.parquet\", \"s3://tpch10289--apne1-az1--x-s3/670.parquet\", \"s3://tpch10289--apne1-az1--x-s3/671.parquet\", \"s3://tpch10289--apne1-az1--x-s3/672.parquet\", \"s3://tpch10289--apne1-az1--x-s3/673.parquet\", \"s3://tpch10289--apne1-az1--x-s3/674.parquet\", \"s3://tpch10289--apne1-az1--x-s3/675.parquet\", \"s3://tpch10289--apne1-az1--x-s3/676.parquet\", \"s3://tpch10289--apne1-az1--x-s3/677.parquet\", \"s3://tpch10289--apne1-az1--x-s3/678.parquet\", \"s3://tpch10289--apne1-az1--x-s3/679.parquet\", \"s3://tpch10289--apne1-az1--x-s3/680.parquet\", \"s3://tpch10289--apne1-az1--x-s3/681.parquet\", \"s3://tpch10289--apne1-az1--x-s3/682.parquet\", \"s3://tpch10289--apne1-az1--x-s3/683.parquet\", \"s3://tpch10289--apne1-az1--x-s3/684.parquet\", \"s3://tpch10289--apne1-az1--x-s3/685.parquet\", \"s3://tpch10289--apne1-az1--x-s3/686.parquet\", \"s3://tpch10289--apne1-az1--x-s3/687.parquet\", \"s3://tpch10289--apne1-az1--x-s3/788.parquet\", \"s3://tpch10289--apne1-az1--x-s3/790.parquet\", \"s3://tpch10289--apne1-az1--x-s3/792.parquet\", \"s3://tpch10289--apne1-az1--x-s3/794.parquet\", \"s3://tpch10289--apne1-az1--x-s3/799.parquet\", \"s3://tpch10289--apne1-az1--x-s3/803.parquet\", \"s3://tpch10289--apne1-az1--x-s3/805.parquet\", \"s3://tpch10289--apne1-az1--x-s3/809.parquet\", \"s3://tpch10289--apne1-az1--x-s3/811.parquet\", \"s3://tpch10289--apne1-az1--x-s3/813.parquet\", \"s3://tpch10289--apne1-az1--x-s3/814.parquet\", \"s3://tpch10289--apne1-az1--x-s3/817.parquet\", \"s3://tpch10289--apne1-az1--x-s3/818.parquet\", \"s3://tpch10289--apne1-az1--x-s3/822.parquet\", \"s3://tpch10289--apne1-az1--x-s3/823.parquet\", \"s3://tpch10289--apne1-az1--x-s3/826.parquet\", \"s3://tpch10289--apne1-az1--x-s3/827.parquet\", \"s3://tpch10289--apne1-az1--x-s3/828.parquet\", \"s3://tpch10289--apne1-az1--x-s3/829.parquet\", \"s3://tpch10289--apne1-az1--x-s3/831.parquet\", \"s3://tpch10289--apne1-az1--x-s3/1137.parquet\", \"s3://tpch10289--apne1-az1--x-s3/1138.parquet\", \"s3://tpch10289--apne1-az1--x-s3/1139.parquet\", \"s3://tpch10289--apne1-az1--x-s3/1140.parquet\", \"s3://tpch10289--apne1-az1--x-s3/1141.parquet\", \"s3://tpch10289--apne1-az1--x-s3/1142.parquet\", \"s3://tpch10289--apne1-az1--x-s3/1143.parquet\", \"s3://tpch10289--apne1-az1--x-s3/1144.parquet\", \"s3://tpch10289--apne1-az1--x-s3/1145.parquet\", \"s3://tpch10289--apne1-az1--x-s3/1146.parquet\", \"s3://tpch10289--apne1-az1--x-s3/1147.parquet\", \"s3://tpch10289--apne1-az1--x-s3/1148.parquet\", \"s3://tpch10289--apne1-az1--x-s3/1149.parquet\", \"s3://tpch10289--apne1-az1--x-s3/1150.parquet\", \"s3://tpch10289--apne1-az1--x-s3/1151.parquet\", \"s3://tpch10289--apne1-az1--x-s3/1152.parquet\", \"s3://tpch10289--apne1-az1--x-s3/1153.parquet\", \"s3://tpch10289--apne1-az1--x-s3/1154.parquet\", \"s3://tpch10289--apne1-az1--x-s3/1155.parquet\", \"s3://tpch10289--apne1-az1--x-s3/1379.parquet\", \"s3://tpch10289--apne1-az1--x-s3/1380.parquet\", \"s3://tpch10289--apne1-az1--x-s3/1381.parquet\", \"s3://tpch10289--apne1-az1--x-s3/1382.parquet\", \"s3://tpch10289--apne1-az1--x-s3/1383.parquet\", \"s3://tpch10289--apne1-az1--x-s3/1384.parquet\", \"s3://tpch10289--apne1-az1--x-s3/1385.parquet\", \"s3://tpch10289--apne1-az1--x-s3/1387.parquet\", \"s3://tpch10289--apne1-az1--x-s3/1388.parquet\", \"s3://tpch10289--apne1-az1--x-s3/1389.parquet\", \"s3://tpch10289--apne1-az1--x-s3/1390.parquet\", \"s3://tpch10289--apne1-az1--x-s3/1391.parquet\", \"s3://tpch10289--apne1-az1--x-s3/1392.parquet\", \"s3://tpch10289--apne1-az1--x-s3/1393.parquet\", \"s3://tpch10289--apne1-az1--x-s3/1394.parquet\", \"s3://tpch10289--apne1-az1--x-s3/1395.parquet\", \"s3://tpch10289--apne1-az1--x-s3/1396.parquet\", \"s3://tpch10289--apne1-az1--x-s3/1397.parquet\", \"s3://tpch10289--apne1-az1--x-s3/1398.parquet\", \"s3://tpch10289--apne1-az1--x-s3/1399.parquet\", \"s3://tpch10289--apne1-az1--x-s3/1419.parquet\", \"s3://tpch10289--apne1-az1--x-s3/1459.parquet\", \"s3://tpch10289--apne1-az1--x-s3/1460.parquet\", \"s3://tpch10289--apne1-az1--x-s3/1461.parquet\", \"s3://tpch10289--apne1-az1--x-s3/1462.parquet\", \"s3://tpch10289--apne1-az1--x-s3/1463.parquet\", \"s3://tpch10289--apne1-az1--x-s3/1464.parquet\", \"s3://tpch10289--apne1-az1--x-s3/1465.parquet\", \"s3://tpch10289--apne1-az1--x-s3/1466.parquet\", \"s3://tpch10289--apne1-az1--x-s3/1467.parquet\", \"s3://tpch10289--apne1-az1--x-s3/1468.parquet\", \"s3://tpch10289--apne1-az1--x-s3/1469.parquet\", \"s3://tpch10289--apne1-az1--x-s3/1470.parquet\", \"s3://tpch10289--apne1-az1--x-s3/1471.parquet\", \"s3://tpch10289--apne1-az1--x-s3/1472.parquet\", \"s3://tpch10289--apne1-az1--x-s3/1473.parquet\", \"s3://tpch10289--apne1-az1--x-s3/1474.parquet\", \"s3://tpch10289--apne1-az1--x-s3/1475.parquet\", \"s3://tpch10289--apne1-az1--x-s3/1476.parquet\", \"s3://tpch10289--apne1-az1--x-s3/1477.parquet\", \"s3://tpch10289--apne1-az1--x-s3/1478.parquet\", \"s3://tpch10289--apne1-az1--x-s3/1490.parquet\", \"s3://tpch10289--apne1-az1--x-s3/1561.parquet\", \"s3://tpch10289--apne1-az1--x-s3/1632.parquet\", \"s3://tpch10289--apne1-az1--x-s3/1703.parquet\", \"s3://tpch10289--apne1-az1--x-s3/1704.parquet\", \"s3://tpch10289--apne1-az1--x-s3/1705.parquet\", \"s3://tpch10289--apne1-az1--x-s3/1706.parquet\", \"s3://tpch10289--apne1-az1--x-s3/1707.parquet\", \"s3://tpch10289--apne1-az1--x-s3/1708.parquet\", \"s3://tpch10289--apne1-az1--x-s3/1709.parquet\", \"s3://tpch10289--apne1-az1--x-s3/1710.parquet\", \"s3://tpch10289--apne1-az1--x-s3/1711.parquet\", \"s3://tpch10289--apne1-az1--x-s3/1712.parquet\", \"s3://tpch10289--apne1-az1--x-s3/1713.parquet\", \"s3://tpch10289--apne1-az1--x-s3/1714.parquet\", \"s3://tpch10289--apne1-az1--x-s3/1715.parquet\", \"s3://tpch10289--apne1-az1--x-s3/1716.parquet\", \"s3://tpch10289--apne1-az1--x-s3/1717.parquet\", \"s3://tpch10289--apne1-az1--x-s3/1718.parquet\", \"s3://tpch10289--apne1-az1--x-s3/1719.parquet\", \"s3://tpch10289--apne1-az1--x-s3/1720.parquet\", \"s3://tpch10289--apne1-az1--x-s3/1721.parquet\", \"s3://tpch10289--apne1-az1--x-s3/1722.parquet\", \"s3://tpch10289--apne1-az1--x-s3/1723.parquet\", \"s3://tpch10289--apne1-az1--x-s3/1724.parquet\", \"s3://tpch10289--apne1-az1--x-s3/1725.parquet\", \"s3://tpch10289--apne1-az1--x-s3/1726.parquet\", \"s3://tpch10289--apne1-az1--x-s3/1727.parquet\", \"s3://tpch10289--apne1-az1--x-s3/1728.parquet\", \"s3://tpch10289--apne1-az1--x-s3/1729.parquet\", \"s3://tpch10289--apne1-az1--x-s3/1730.parquet\", \"s3://tpch10289--apne1-az1--x-s3/1731.parquet\", \"s3://tpch10289--apne1-az1--x-s3/1732.parquet\", \"s3://tpch10289--apne1-az1--x-s3/1733.parquet\", \"s3://tpch10289--apne1-az1--x-s3/1734.parquet\", \"s3://tpch10289--apne1-az1--x-s3/1735.parquet\", \"s3://tpch10289--apne1-az1--x-s3/1736.parquet\", \"s3://tpch10289--apne1-az1--x-s3/1737.parquet\", \"s3://tpch10289--apne1-az1--x-s3/1738.parquet\", \"s3://tpch10289--apne1-az1--x-s3/1739.parquet\", \"s3://tpch10289--apne1-az1--x-s3/1740.parquet\", \"s3://tpch10289--apne1-az1--x-s3/1741.parquet\", \"s3://tpch10289--apne1-az1--x-s3/1742.parquet\", \"s3://tpch10289--apne1-az1--x-s3/1743.parquet\", \"s3://tpch10289--apne1-az1--x-s3/1744.parquet\", \"s3://tpch10289--apne1-az1--x-s3/1745.parquet\", \"s3://tpch10289--apne1-az1--x-s3/1746.parquet\", \"s3://tpch10289--apne1-az1--x-s3/1747.parquet\", \"s3://tpch10289--apne1-az1--x-s3/1748.parquet\", \"s3://tpch10289--apne1-az1--x-s3/1749.parquet\", \"s3://tpch10289--apne1-az1--x-s3/1750.parquet\", \"s3://tpch10289--apne1-az1--x-s3/1751.parquet\", \"s3://tpch10289--apne1-az1--x-s3/1752.parquet\", \"s3://tpch10289--apne1-az1--x-s3/1753.parquet\", \"s3://tpch10289--apne1-az1--x-s3/1754.parquet\", \"s3://tpch10289--apne1-az1--x-s3/1755.parquet\", \"s3://tpch10289--apne1-az1--x-s3/1756.parquet\", \"s3://tpch10289--apne1-az1--x-s3/1757.parquet\", \"s3://tpch10289--apne1-az1--x-s3/1758.parquet\", \"s3://tpch10289--apne1-az1--x-s3/1759.parquet\", \"s3://tpch10289--apne1-az1--x-s3/1760.parquet\", \"s3://tpch10289--apne1-az1--x-s3/1761.parquet\", \"s3://tpch10289--apne1-az1--x-s3/1762.parquet\", \"s3://tpch10289--apne1-az1--x-s3/1763.parquet\", \"s3://tpch10289--apne1-az1--x-s3/1764.parquet\", \"s3://tpch10289--apne1-az1--x-s3/1765.parquet\", \"s3://tpch10289--apne1-az1--x-s3/1766.parquet\", \"s3://tpch10289--apne1-az1--x-s3/1767.parquet\", \"s3://tpch10289--apne1-az1--x-s3/1768.parquet\", \"s3://tpch10289--apne1-az1--x-s3/1769.parquet\", \"s3://tpch10289--apne1-az1--x-s3/1770.parquet\", \"s3://tpch10289--apne1-az1--x-s3/1771.parquet\", \"s3://tpch10289--apne1-az1--x-s3/1772.parquet\", \"s3://tpch10289--apne1-az1--x-s3/1773.parquet\", \"s3://tpch10289--apne1-az1--x-s3/1774.parquet\", \"s3://tpch10289--apne1-az1--x-s3/1775.parquet\", \"s3://tpch10289--apne1-az1--x-s3/1776.parquet\", \"s3://tpch10289--apne1-az1--x-s3/1777.parquet\", \"s3://tpch10289--apne1-az1--x-s3/1778.parquet\", \"s3://tpch10289--apne1-az1--x-s3/1779.parquet\", \"s3://tpch10289--apne1-az1--x-s3/1780.parquet\", \"s3://tpch10289--apne1-az1--x-s3/1781.parquet\", \"s3://tpch10289--apne1-az1--x-s3/1782.parquet\", \"s3://tpch10289--apne1-az1--x-s3/1783.parquet\", \"s3://tpch10289--apne1-az1--x-s3/1784.parquet\", \"s3://tpch10289--apne1-az1--x-s3/1785.parquet\", \"s3://tpch10289--apne1-az1--x-s3/1786.parquet\", \"s3://tpch10289--apne1-az1--x-s3/1787.parquet\", \"s3://tpch10289--apne1-az1--x-s3/1788.parquet\", \"s3://tpch10289--apne1-az1--x-s3/1789.parquet\", \"s3://tpch10289--apne1-az1--x-s3/1790.parquet\", \"s3://tpch10289--apne1-az1--x-s3/1791.parquet\", \"s3://tpch10289--apne1-az1--x-s3/1792.parquet\", \"s3://tpch10289--apne1-az1--x-s3/1793.parquet\", \"s3://tpch10289--apne1-az1--x-s3/1794.parquet\", \"s3://tpch10289--apne1-az1--x-s3/1795.parquet\", \"s3://tpch10289--apne1-az1--x-s3/1796.parquet\", \"s3://tpch10289--apne1-az1--x-s3/1797.parquet\", \"s3://tpch10289--apne1-az1--x-s3/1798.parquet\", \"s3://tpch10289--apne1-az1--x-s3/1799.parquet\", \"s3://tpch10289--apne1-az1--x-s3/1800.parquet\", \"s3://tpch10289--apne1-az1--x-s3/1801.parquet\", \"s3://tpch10289--apne1-az1--x-s3/1802.parquet\", \"s3://tpch10289--apne1-az1--x-s3/1803.parquet\", \"s3://tpch10289--apne1-az1--x-s3/1804.parquet\", \"s3://tpch10289--apne1-az1--x-s3/1805.parquet\", \"s3://tpch10289--apne1-az1--x-s3/1806.parquet\", \"s3://tpch10289--apne1-az1--x-s3/1807.parquet\", \"s3://tpch10289--apne1-az1--x-s3/1808.parquet\", \"s3://tpch10289--apne1-az1--x-s3/1809.parquet\", \"s3://tpch10289--apne1-az1--x-s3/1810.parquet\", \"s3://tpch10289--apne1-az1--x-s3/1811.parquet\", \"s3://tpch10289--apne1-az1--x-s3/1812.parquet\", \"s3://tpch10289--apne1-az1--x-s3/1813.parquet\", \"s3://tpch10289--apne1-az1--x-s3/1814.parquet\", \"s3://tpch10289--apne1-az1--x-s3/1815.parquet\", \"s3://tpch10289--apne1-az1--x-s3/1816.parquet\", \"s3://tpch10289--apne1-az1--x-s3/1817.parquet\", \"s3://tpch10289--apne1-az1--x-s3/1818.parquet\", \"s3://tpch10289--apne1-az1--x-s3/1819.parquet\", \"s3://tpch10289--apne1-az1--x-s3/1820.parquet\", \"s3://tpch10289--apne1-az1--x-s3/1821.parquet\", \"s3://tpch10289--apne1-az1--x-s3/1822.parquet\", \"s3://tpch10289--apne1-az1--x-s3/1823.parquet\", \"s3://tpch10289--apne1-az1--x-s3/1824.parquet\", \"s3://tpch10289--apne1-az1--x-s3/1825.parquet\", \"s3://tpch10289--apne1-az1--x-s3/1826.parquet\", \"s3://tpch10289--apne1-az1--x-s3/1827.parquet\", \"s3://tpch10289--apne1-az1--x-s3/1828.parquet\", \"s3://tpch10289--apne1-az1--x-s3/1829.parquet\", \"s3://tpch10289--apne1-az1--x-s3/1830.parquet\", \"s3://tpch10289--apne1-az1--x-s3/1831.parquet\", \"s3://tpch10289--apne1-az1--x-s3/1832.parquet\", \"s3://tpch10289--apne1-az1--x-s3/1833.parquet\", \"s3://tpch10289--apne1-az1--x-s3/1834.parquet\", \"s3://tpch10289--apne1-az1--x-s3/1835.parquet\", \"s3://tpch10289--apne1-az1--x-s3/1836.parquet\", \"s3://tpch10289--apne1-az1--x-s3/1837.parquet\", \"s3://tpch10289--apne1-az1--x-s3/1838.parquet\", \"s3://tpch10289--apne1-az1--x-s3/1839.parquet\", \"s3://tpch10289--apne1-az1--x-s3/1840.parquet\", \"s3://tpch10289--apne1-az1--x-s3/1841.parquet\", \"s3://tpch10289--apne1-az1--x-s3/1842.parquet\", \"s3://tpch10289--apne1-az1--x-s3/1843.parquet\", \"s3://tpch10289--apne1-az1--x-s3/1844.parquet\", \"s3://tpch10289--apne1-az1--x-s3/1845.parquet\", \"s3://tpch10289--apne1-az1--x-s3/1846.parquet\", \"s3://tpch10289--apne1-az1--x-s3/1847.parquet\", \"s3://tpch10289--apne1-az1--x-s3/1848.parquet\", \"s3://tpch10289--apne1-az1--x-s3/1849.parquet\", \"s3://tpch10289--apne1-az1--x-s3/1850.parquet\", \"s3://tpch10289--apne1-az1--x-s3/1851.parquet\", \"s3://tpch10289--apne1-az1--x-s3/1852.parquet\", \"s3://tpch10289--apne1-az1--x-s3/1853.parquet\", \"s3://tpch10289--apne1-az1--x-s3/1854.parquet\", \"s3://tpch10289--apne1-az1--x-s3/1855.parquet\", \"s3://tpch10289--apne1-az1--x-s3/1856.parquet\", \"s3://tpch10289--apne1-az1--x-s3/1857.parquet\", \"s3://tpch10289--apne1-az1--x-s3/1858.parquet\", \"s3://tpch10289--apne1-az1--x-s3/1859.parquet\", \"s3://tpch10289--apne1-az1--x-s3/1860.parquet\", \"s3://tpch10289--apne1-az1--x-s3/1861.parquet\", \"s3://tpch10289--apne1-az1--x-s3/1862.parquet\", \"s3://tpch10289--apne1-az1--x-s3/1863.parquet\", \"s3://tpch10289--apne1-az1--x-s3/1864.parquet\", \"s3://tpch10289--apne1-az1--x-s3/1865.parquet\", \"s3://tpch10289--apne1-az1--x-s3/1866.parquet\", \"s3://tpch10289--apne1-az1--x-s3/1867.parquet\", \"s3://tpch10289--apne1-az1--x-s3/1868.parquet\", \"s3://tpch10289--apne1-az1--x-s3/1869.parquet\", \"s3://tpch10289--apne1-az1--x-s3/1870.parquet\", \"s3://tpch10289--apne1-az1--x-s3/1871.parquet\", \"s3://tpch10289--apne1-az1--x-s3/1872.parquet\", \"s3://tpch10289--apne1-az1--x-s3/1873.parquet\", \"s3://tpch10289--apne1-az1--x-s3/1874.parquet\", \"s3://tpch10289--apne1-az1--x-s3/1875.parquet\", \"s3://tpch10289--apne1-az1--x-s3/1876.parquet\", \"s3://tpch10289--apne1-az1--x-s3/1877.parquet\", \"s3://tpch10289--apne1-az1--x-s3/1878.parquet\", \"s3://tpch10289--apne1-az1--x-s3/1879.parquet\", \"s3://tpch10289--apne1-az1--x-s3/1880.parquet\", \"s3://tpch10289--apne1-az1--x-s3/1881.parquet\", \"s3://tpch10289--apne1-az1--x-s3/1882.parquet\", \"s3://tpch10289--apne1-az1--x-s3/1883.parquet\", \"s3://tpch10289--apne1-az1--x-s3/1884.parquet\", \"s3://tpch10289--apne1-az1--x-s3/1885.parquet\", \"s3://tpch10289--apne1-az1--x-s3/1886.parquet\", \"s3://tpch10289--apne1-az1--x-s3/1887.parquet\", \"s3://tpch10289--apne1-az1--x-s3/1888.parquet\", \"s3://tpch10289--apne1-az1--x-s3/1889.parquet\", \"s3://tpch10289--apne1-az1--x-s3/1890.parquet\", \"s3://tpch10289--apne1-az1--x-s3/1891.parquet\", \"s3://tpch10289--apne1-az1--x-s3/1892.parquet\", \"s3://tpch10289--apne1-az1--x-s3/1893.parquet\", \"s3://tpch10289--apne1-az1--x-s3/1894.parquet\", \"s3://tpch10289--apne1-az1--x-s3/1895.parquet\", \"s3://tpch10289--apne1-az1--x-s3/1896.parquet\", \"s3://tpch10289--apne1-az1--x-s3/1897.parquet\", \"s3://tpch10289--apne1-az1--x-s3/1898.parquet\", \"s3://tpch10289--apne1-az1--x-s3/1899.parquet\", \"s3://tpch10289--apne1-az1--x-s3/1900.parquet\", \"s3://tpch10289--apne1-az1--x-s3/1901.parquet\", \"s3://tpch10289--apne1-az1--x-s3/1902.parquet\", \"s3://tpch10289--apne1-az1--x-s3/1903.parquet\", \"s3://tpch10289--apne1-az1--x-s3/1904.parquet\", \"s3://tpch10289--apne1-az1--x-s3/1905.parquet\", \"s3://tpch10289--apne1-az1--x-s3/1906.parquet\", \"s3://tpch10289--apne1-az1--x-s3/1907.parquet\", \"s3://tpch10289--apne1-az1--x-s3/1908.parquet\", \"s3://tpch10289--apne1-az1--x-s3/1909.parquet\", \"s3://tpch10289--apne1-az1--x-s3/1910.parquet\", \"s3://tpch10289--apne1-az1--x-s3/1911.parquet\", \"s3://tpch10289--apne1-az1--x-s3/1912.parquet\", \"s3://tpch10289--apne1-az1--x-s3/1913.parquet\", \"s3://tpch10289--apne1-az1--x-s3/1914.parquet\", \"s3://tpch10289--apne1-az1--x-s3/1915.parquet\", \"s3://tpch10289--apne1-az1--x-s3/1916.parquet\", \"s3://tpch10289--apne1-az1--x-s3/1917.parquet\", \"s3://tpch10289--apne1-az1--x-s3/1918.parquet\", \"s3://tpch10289--apne1-az1--x-s3/1919.parquet\", \"s3://tpch10289--apne1-az1--x-s3/1920.parquet\", \"s3://tpch10289--apne1-az1--x-s3/1921.parquet\", \"s3://tpch10289--apne1-az1--x-s3/1922.parquet\", \"s3://tpch10289--apne1-az1--x-s3/1923.parquet\", \"s3://tpch10289--apne1-az1--x-s3/1924.parquet\", \"s3://tpch10289--apne1-az1--x-s3/1925.parquet\", \"s3://tpch10289--apne1-az1--x-s3/1926.parquet\", \"s3://tpch10289--apne1-az1--x-s3/1927.parquet\", \"s3://tpch10289--apne1-az1--x-s3/1928.parquet\", \"s3://tpch10289--apne1-az1--x-s3/1929.parquet\", \"s3://tpch10289--apne1-az1--x-s3/1930.parquet\", \"s3://tpch10289--apne1-az1--x-s3/1931.parquet\", \"s3://tpch10289--apne1-az1--x-s3/1932.parquet\", \"s3://tpch10289--apne1-az1--x-s3/1933.parquet\", \"s3://tpch10289--apne1-az1--x-s3/1934.parquet\", \"s3://tpch10289--apne1-az1--x-s3/1935.parquet\", \"s3://tpch10289--apne1-az1--x-s3/1936.parquet\", \"s3://tpch10289--apne1-az1--x-s3/1937.parquet\", \"s3://tpch10289--apne1-az1--x-s3/1938.parquet\", \"s3://tpch10289--apne1-az1--x-s3/1939.parquet\", \"s3://tpch10289--apne1-az1--x-s3/1940.parquet\", \"s3://tpch10289--apne1-az1--x-s3/1941.parquet\", \"s3://tpch10289--apne1-az1--x-s3/1942.parquet\", \"s3://tpch10289--apne1-az1--x-s3/1943.parquet\", \"s3://tpch10289--apne1-az1--x-s3/1944.parquet\", \"s3://tpch10289--apne1-az1--x-s3/1945.parquet\", \"s3://tpch10289--apne1-az1--x-s3/1946.parquet\", \"s3://tpch10289--apne1-az1--x-s3/1947.parquet\", \"s3://tpch10289--apne1-az1--x-s3/1948.parquet\", \"s3://tpch10289--apne1-az1--x-s3/1949.parquet\", \"s3://tpch10289--apne1-az1--x-s3/1950.parquet\", \"s3://tpch10289--apne1-az1--x-s3/1951.parquet\", \"s3://tpch10289--apne1-az1--x-s3/1952.parquet\", \"s3://tpch10289--apne1-az1--x-s3/1953.parquet\", \"s3://tpch10289--apne1-az1--x-s3/1954.parquet\", \"s3://tpch10289--apne1-az1--x-s3/1955.parquet\", \"s3://tpch10289--apne1-az1--x-s3/1956.parquet\", \"s3://tpch10289--apne1-az1--x-s3/1957.parquet\", \"s3://tpch10289--apne1-az1--x-s3/1958.parquet\", \"s3://tpch10289--apne1-az1--x-s3/1959.parquet\", \"s3://tpch10289--apne1-az1--x-s3/1960.parquet\", \"s3://tpch10289--apne1-az1--x-s3/1961.parquet\", \"s3://tpch10289--apne1-az1--x-s3/1962.parquet\", \"s3://tpch10289--apne1-az1--x-s3/1963.parquet\", \"s3://tpch10289--apne1-az1--x-s3/1964.parquet\", \"s3://tpch10289--apne1-az1--x-s3/1965.parquet\", \"s3://tpch10289--apne1-az1--x-s3/1966.parquet\", \"s3://tpch10289--apne1-az1--x-s3/1967.parquet\", \"s3://tpch10289--apne1-az1--x-s3/1968.parquet\", \"s3://tpch10289--apne1-az1--x-s3/1969.parquet\", \"s3://tpch10289--apne1-az1--x-s3/1970.parquet\", \"s3://tpch10289--apne1-az1--x-s3/1971.parquet\", \"s3://tpch10289--apne1-az1--x-s3/1972.parquet\", \"s3://tpch10289--apne1-az1--x-s3/1973.parquet\", \"s3://tpch10289--apne1-az1--x-s3/1974.parquet\", \"s3://tpch10289--apne1-az1--x-s3/1975.parquet\", \"s3://tpch10289--apne1-az1--x-s3/1976.parquet\", \"s3://tpch10289--apne1-az1--x-s3/1977.parquet\", \"s3://tpch10289--apne1-az1--x-s3/1978.parquet\", \"s3://tpch10289--apne1-az1--x-s3/1979.parquet\", \"s3://tpch10289--apne1-az1--x-s3/1980.parquet\", \"s3://tpch10289--apne1-az1--x-s3/1981.parquet\", \"s3://tpch10289--apne1-az1--x-s3/1982.parquet\", \"s3://tpch10289--apne1-az1--x-s3/1983.parquet\", \"s3://tpch10289--apne1-az1--x-s3/1984.parquet\", \"s3://tpch10289--apne1-az1--x-s3/1985.parquet\", \"s3://tpch10289--apne1-az1--x-s3/1986.parquet\", \"s3://tpch10289--apne1-az1--x-s3/1987.parquet\", \"s3://tpch10289--apne1-az1--x-s3/1988.parquet\", \"s3://tpch10289--apne1-az1--x-s3/1989.parquet\", \"s3://tpch10289--apne1-az1--x-s3/1990.parquet\", \"s3://tpch10289--apne1-az1--x-s3/1991.parquet\", \"s3://tpch10289--apne1-az1--x-s3/1992.parquet\", \"s3://tpch10289--apne1-az1--x-s3/1993.parquet\", \"s3://tpch10289--apne1-az1--x-s3/1994.parquet\", \"s3://tpch10289--apne1-az1--x-s3/1995.parquet\", \"s3://tpch10289--apne1-az1--x-s3/1996.parquet\", \"s3://tpch10289--apne1-az1--x-s3/1997.parquet\", \"s3://tpch10289--apne1-az1--x-s3/1998.parquet\", \"s3://tpch10289--apne1-az1--x-s3/1999.parquet\", \"s3://tpch10289--apne1-az1--x-s3/2000.parquet\", \"s3://tpch10289--apne1-az1--x-s3/2001.parquet\", \"s3://tpch10289--apne1-az1--x-s3/2002.parquet\", \"s3://tpch10289--apne1-az1--x-s3/2003.parquet\", \"s3://tpch10289--apne1-az1--x-s3/2004.parquet\", \"s3://tpch10289--apne1-az1--x-s3/2005.parquet\", \"s3://tpch10289--apne1-az1--x-s3/2006.parquet\", \"s3://tpch10289--apne1-az1--x-s3/2007.parquet\", \"s3://tpch10289--apne1-az1--x-s3/2008.parquet\", \"s3://tpch10289--apne1-az1--x-s3/2009.parquet\", \"s3://tpch10289--apne1-az1--x-s3/2010.parquet\", \"s3://tpch10289--apne1-az1--x-s3/2011.parquet\", \"s3://tpch10289--apne1-az1--x-s3/2012.parquet\", \"s3://tpch10289--apne1-az1--x-s3/2013.parquet\", \"s3://tpch10289--apne1-az1--x-s3/2014.parquet\", \"s3://tpch10289--apne1-az1--x-s3/2015.parquet\", \"s3://tpch10289--apne1-az1--x-s3/2016.parquet\", \"s3://tpch10289--apne1-az1--x-s3/2017.parquet\", \"s3://tpch10289--apne1-az1--x-s3/2018.parquet\", \"s3://tpch10289--apne1-az1--x-s3/2019.parquet\", \"s3://tpch10289--apne1-az1--x-s3/2020.parquet\", \"s3://tpch10289--apne1-az1--x-s3/2021.parquet\", \"s3://tpch10289--apne1-az1--x-s3/2022.parquet\", \"s3://tpch10289--apne1-az1--x-s3/2023.parquet\", \"s3://tpch10289--apne1-az1--x-s3/2024.parquet\", \"s3://tpch10289--apne1-az1--x-s3/2025.parquet\", \"s3://tpch10289--apne1-az1--x-s3/2026.parquet\", \"s3://tpch10289--apne1-az1--x-s3/2027.parquet\", \"s3://tpch10289--apne1-az1--x-s3/2028.parquet\", \"s3://tpch10289--apne1-az1--x-s3/2029.parquet\", \"s3://tpch10289--apne1-az1--x-s3/2030.parquet\", \"s3://tpch10289--apne1-az1--x-s3/2031.parquet\", \"s3://tpch10289--apne1-az1--x-s3/2032.parquet\", \"s3://tpch10289--apne1-az1--x-s3/2033.parquet\", \"s3://tpch10289--apne1-az1--x-s3/2034.parquet\", \"s3://tpch10289--apne1-az1--x-s3/2035.parquet\", \"s3://tpch10289--apne1-az1--x-s3/2036.parquet\", \"s3://tpch10289--apne1-az1--x-s3/2037.parquet\", \"s3://tpch10289--apne1-az1--x-s3/2038.parquet\", \"s3://tpch10289--apne1-az1--x-s3/2039.parquet\", \"s3://tpch10289--apne1-az1--x-s3/2040.parquet\", \"s3://tpch10289--apne1-az1--x-s3/2041.parquet\", \"s3://tpch10289--apne1-az1--x-s3/2042.parquet\", \"s3://tpch10289--apne1-az1--x-s3/2043.parquet\", \"s3://tpch10289--apne1-az1--x-s3/2044.parquet\", \"s3://tpch10289--apne1-az1--x-s3/2045.parquet\", \"s3://tpch10289--apne1-az1--x-s3/2046.parquet\", \"s3://tpch10289--apne1-az1--x-s3/2047.parquet\", \"s3://tpch10289--apne1-az1--x-s3/2048.parquet\", \"s3://tpch10289--apne1-az1--x-s3/2049.parquet\", \"s3://tpch10289--apne1-az1--x-s3/2050.parquet\", \"s3://tpch10289--apne1-az1--x-s3/2051.parquet\", \"s3://tpch10289--apne1-az1--x-s3/2052.parquet\", \"s3://tpch10289--apne1-az1--x-s3/2053.parquet\", \"s3://tpch10289--apne1-az1--x-s3/2054.parquet\", \"s3://tpch10289--apne1-az1--x-s3/2055.parquet\", \"s3://tpch10289--apne1-az1--x-s3/2056.parquet\", \"s3://tpch10289--apne1-az1--x-s3/2057.parquet\", \"s3://tpch10289--apne1-az1--x-s3/2058.parquet\"])\n    WHERE\n        l_shipdate >= DATE '1992-01-01' + INTERVAL 26 MONTH\n        AND l_shipdate < DATE '1992-01-01' + INTERVAL 26 MONTH + INTERVAL 3 MONTH\n    GROUP BY\n        supplier_no\n)\nSELECT\n    s_suppkey,\n    s_name,\n    s_address,\n    s_phone,\n    total_revenue\nFROM\n    'pool/supplier/*.parquet',\n    revenue\nWHERE\n    s_suppkey = supplier_no\n    AND total_revenue = (\n        SELECT\n            max(total_revenue)\n        FROM\n            revenue\n    )\nORDER BY\n    s_suppkey;",
    "children": [
        {
            "result_set_size": 72,
            "operator_timing": 0.000043091,
            "operator_rows_scanned": 0,
            "cumulative_rows_scanned": 16821376000,
            "operator_cardinality": 1,
            "operator_type": "ORDER_BY",
            "cumulative_cardinality": 322535211,
            "extra_info": {
                "Order By": "\"pool/supplier/*.parquet\".s_suppkey ASC"
            },
            "cpu_time": 181.68261366900012,
            "children": [
                {
                    "result_set_size": 72,
                    "operator_timing": 0.000001062,
                    "operator_rows_scanned": 0,
                    "cumulative_rows_scanned": 16821376000,
                    "operator_cardinality": 1,
                    "operator_type": "PROJECTION",
                    "cumulative_cardinality": 322535210,
                    "extra_info": {
                        "Projections": [
                            "s_suppkey",
                            "s_name",
                            "s_address",
                            "s_phone",
                            "total_revenue"
                        ],
                        "Estimated Cardinality": "52236800"
                    },
                    "cpu_time": 181.6825705780001,
                    "children": [
                        {
                            "result_set_size": 0,
                            "operator_timing": 0.011744402000000001,
                            "operator_rows_scanned": 0,
                            "cumulative_rows_scanned": 16821376000,
                            "operator_cardinality": 0,
                            "operator_type": "CTE",
                            "cumulative_cardinality": 322535209,
                            "extra_info": {
                                "CTE Name": "revenue",
                                "Table Index": "0"
                            },
                            "cpu_time": 181.68256951600011,
                            "children": [
                                {
                                    "result_set_size": 120000000,
                                    "operator_timing": 21.701499255000005,
                                    "operator_rows_scanned": 0,
                                    "cumulative_rows_scanned": 16715776000,
                                    "operator_cardinality": 5000000,
                                    "operator_type": "HASH_GROUP_BY",
                                    "cumulative_cardinality": 307535202,
                                    "extra_info": {
                                        "Groups": "#0",
                                        "Aggregates": "sum(#1)",
                                        "Estimated Cardinality": "52236800"
                                    },
                                    "cpu_time": 181.5528576450001,
                                    "children": [
                                        {
                                            "result_set_size": 2420281616,
                                            "operator_timing": 1.1268714529999992,
                                            "operator_rows_scanned": 0,
                                            "cumulative_rows_scanned": 16715776000,
                                            "operator_cardinality": 151267601,
                                            "operator_type": "PROJECTION",
                                            "cumulative_cardinality": 302535202,
                                            "extra_info": {
                                                "Projections": [
                                                    "supplier_no",
                                                    "(l_extendedprice * (1.00 - l_discount))"
                                                ],
                                                "Estimated Cardinality": "104473600"
                                            },
                                            "cpu_time": 159.8513583900001,
                                            "children": [
                                                {
                                                    "result_set_size": 3630422424,
                                                    "operator_timing": 158.72448693700008,
                                                    "operator_rows_scanned": 16715776000,
                                                    "cumulative_rows_scanned": 16715776000,
                                                    "operator_cardinality": 151267601,
                                                    "operator_type": "TABLE_SCAN",
                                                    "cumulative_cardinality": 151267601,
                                                    "extra_info": {
                                                        "Function": "READ_PARQUET",
                                                        "Projections": [
                                                            "l_suppkey",
                                                            "l_extendedprice",
                                                            "l_discount"
                                                        ],
                                                        "Filters": "l_shipdate>='1994-03-01'::DATE AND l_shipdate<'1994-06-01'::DATE AND l_shipdate IS NOT NULL",
                                                        "Estimated Cardinality": "104473600"
                                                    },
                                                    "cpu_time": 158.72448693700008,
                                                    "children": []
                                                }
                                            ]
                                        }
                                    ]
                                },
                                {
                                    "result_set_size": 96,
                                    "operator_timing": 0.000212647,
                                    "operator_rows_scanned": 0,
                                    "cumulative_rows_scanned": 105600000,
                                    "operator_cardinality": 1,
                                    "operator_type": "HASH_JOIN",
                                    "cumulative_cardinality": 15000007,
                                    "extra_info": {
                                        "Join Type": "INNER",
                                        "Conditions": "s_suppkey = supplier_no",
                                        "Estimated Cardinality": "0"
                                    },
                                    "cpu_time": 0.11796746899999998,
                                    "children": [
                                        {
                                            "result_set_size": 56,
                                            "operator_timing": 0.020049024,
                                            "operator_rows_scanned": 105600000,
                                            "cumulative_rows_scanned": 105600000,
                                            "operator_cardinality": 1,
                                            "operator_type": "TABLE_SCAN",
                                            "cumulative_cardinality": 1,
                                            "extra_info": {
                                                "Function": "PARQUET_SCAN",
                                                "Projections": "",
                                                "Estimated Cardinality": "3300000"
                                            },
                                            "cpu_time": 0.020049024,
                                            "children": []
                                        },
                                        {
                                            "result_set_size": 40,
                                            "operator_timing": 0.028486604999999995,
                                            "operator_rows_scanned": 0,
                                            "cumulative_rows_scanned": 0,
                                            "operator_cardinality": 1,
                                            "operator_type": "HASH_JOIN",
                                            "cumulative_cardinality": 15000005,
                                            "extra_info": {
                                                "Join Type": "INNER",
                                                "Conditions": "total_revenue = SUBQUERY",
                                                "Estimated Cardinality": "0"
                                            },
                                            "cpu_time": 0.09770579799999998,
                                            "children": [
                                                {
                                                    "result_set_size": 120000000,
                                                    "operator_timing": 0.007348906999999998,
                                                    "operator_rows_scanned": 0,
                                                    "cumulative_rows_scanned": 0,
                                                    "operator_cardinality": 5000000,
                                                    "operator_type": "CTE_SCAN",
                                                    "cumulative_cardinality": 5000000,
                                                    "extra_info": {
                                                        "CTE Index": "0",
                                                        "Estimated Cardinality": "52236800"
                                                    },
                                                    "cpu_time": 0.007348906999999998,
                                                    "children": []
                                                },
                                                {
                                                    "result_set_size": 16,
                                                    "operator_timing": 0.000003226,
                                                    "operator_rows_scanned": 0,
                                                    "cumulative_rows_scanned": 0,
                                                    "operator_cardinality": 1,
                                                    "operator_type": "PROJECTION",
                                                    "cumulative_cardinality": 10000004,
                                                    "extra_info": {
                                                        "Projections": [
                                                            "CASE  WHEN ((#1 > 1)) THEN (error('More than one row returned by a subquery used as an expression - scalar subqueries can only return a single row.",
                                                            "Use \"SET scalar_subquery_error_on_multiple_rows=false\" to revert to previous behavior of returning a random row.')) ELSE #0 END"
                                                        ],
                                                        "Estimated Cardinality": "1"
                                                    },
                                                    "cpu_time": 0.06187028599999998,
                                                    "children": [
                                                        {
                                                            "result_set_size": 24,
                                                            "operator_timing": 0.000063192,
                                                            "operator_rows_scanned": 0,
                                                            "cumulative_rows_scanned": 0,
                                                            "operator_cardinality": 1,
                                                            "operator_type": "UNGROUPED_AGGREGATE",
                                                            "cumulative_cardinality": 10000003,
                                                            "extra_info": {
                                                                "Aggregates": [
                                                                    "\"first\"(#0)",
                                                                    "count_star()"
                                                                ]
                                                            },
                                                            "cpu_time": 0.06186705999999998,
                                                            "children": [
                                                                {
                                                                    "result_set_size": 16,
                                                                    "operator_timing": 2.55e-7,
                                                                    "operator_rows_scanned": 0,
                                                                    "cumulative_rows_scanned": 0,
                                                                    "operator_cardinality": 1,
                                                                    "operator_type": "PROJECTION",
                                                                    "cumulative_cardinality": 10000002,
                                                                    "extra_info": {
                                                                        "Projections": "#0",
                                                                        "Estimated Cardinality": "1"
                                                                    },
                                                                    "cpu_time": 0.061803867999999984,
                                                                    "children": [
                                                                        {
                                                                            "result_set_size": 16,
                                                                            "operator_timing": 0.03716244799999999,
                                                                            "operator_rows_scanned": 0,
                                                                            "cumulative_rows_scanned": 0,
                                                                            "operator_cardinality": 1,
                                                                            "operator_type": "UNGROUPED_AGGREGATE",
                                                                            "cumulative_cardinality": 10000001,
                                                                            "extra_info": {
                                                                                "Aggregates": "max(#0)"
                                                                            },
                                                                            "cpu_time": 0.061803612999999986,
                                                                            "children": [
                                                                                {
                                                                                    "result_set_size": 80000000,
                                                                                    "operator_timing": 0.00031482600000000004,
                                                                                    "operator_rows_scanned": 0,
                                                                                    "cumulative_rows_scanned": 0,
                                                                                    "operator_cardinality": 5000000,
                                                                                    "operator_type": "PROJECTION",
                                                                                    "cumulative_cardinality": 10000000,
                                                                                    "extra_info": {
                                                                                        "Projections": "total_revenue",
                                                                                        "Estimated Cardinality": "52236800"
                                                                                    },
                                                                                    "cpu_time": 0.024641165,
                                                                                    "children": [
                                                                                        {
                                                                                            "result_set_size": 120000000,
                                                                                            "operator_timing": 0.024326339,
                                                                                            "operator_rows_scanned": 0,
                                                                                            "cumulative_rows_scanned": 0,
                                                                                            "operator_cardinality": 5000000,
                                                                                            "operator_type": "CTE_SCAN",
                                                                                            "cumulative_cardinality": 5000000,
                                                                                            "extra_info": {
                                                                                                "CTE Index": "0",
                                                                                                "Estimated Cardinality": "52236800"
                                                                                            },
                                                                                            "cpu_time": 0.024326339,
                                                                                            "children": []
                                                                                        }
                                                                                    ]
                                                                                }
                                                                            ]
                                                                        }
                                                                    ]
                                                                }
                                                            ]
                                                        }
                                                    ]
                                                }
                                            ]
                                        }
                                    ]
                                }
                            ]
                        }
                    ]
                }
            ]
        }
    ]
}