{
    "rows_returned": 1,
    "latency": 5.878546948,
    "result_set_size": 8,
    "cumulative_rows_scanned": 542080000,
    "cumulative_cardinality": 33890001,
    "extra_info": {},
    "cpu_time": 34.07417576000001,
    "blocked_thread_time": 0.0,
    "query_name": "COPY (FROM read_parquet(['s3://tpch9026--apne1-az1--x-s3/639.parquet','s3://tpch9026--apne1-az1--x-s3/642.parquet','s3://tpch9026--apne1-az1--x-s3/643.parquet','s3://tpch9026--apne1-az1--x-s3/644.parquet','s3://tpch9026--apne1-az1--x-s3/646.parquet','s3://tpch9026--apne1-az1--x-s3/655.parquet','s3://tpch9026--apne1-az1--x-s3/657.parquet','s3://tpch9026--apne1-az1--x-s3/658.parquet','s3://tpch9026--apne1-az1--x-s3/659.parquet','s3://tpch9026--apne1-az1--x-s3/669.parquet','s3://tpch9026--apne1-az1--x-s3/678.parquet','s3://tpch9026--apne1-az1--x-s3/680.parquet','s3://tpch9026--apne1-az1--x-s3/684.parquet','s3://tpch9026--apne1-az1--x-s3/685.parquet','s3://tpch9026--apne1-az1--x-s3/687.parquet','s3://tpch9026--apne1-az1--x-s3/698.parquet','s3://tpch9026--apne1-az1--x-s3/702.parquet','s3://tpch9026--apne1-az1--x-s3/703.parquet','s3://tpch9026--apne1-az1--x-s3/705.parquet','s3://tpch9026--apne1-az1--x-s3/707.parquet']) ORDER BY l_shipdate) TO 's3://tpch9026--apne1-az1--x-s3/tmp' (FORMAT 'parquet');",
    "children": [
        {
            "result_set_size": 8,
            "operator_timing": 3.975423071000001,
            "operator_rows_scanned": 0,
            "cumulative_rows_scanned": 542080000,
            "operator_cardinality": 1,
            "operator_type": "BATCH_COPY_TO_FILE",
            "cumulative_cardinality": 33890001,
            "extra_info": {},
            "cpu_time": 34.07417576000001,
            "children": [
                {
                    "result_set_size": 2643420000,
                    "operator_timing": 19.69141134100001,
                    "operator_rows_scanned": 0,
                    "cumulative_rows_scanned": 542080000,
                    "operator_cardinality": 16945000,
                    "operator_type": "ORDER_BY",
                    "cumulative_cardinality": 33890000,
                    "extra_info": {
                        "Order By": "read_parquet.l_shipdate ASC"
                    },
                    "cpu_time": 30.09875268900001,
                    "children": [
                        {
                            "result_set_size": 2643420000,
                            "operator_timing": 10.407341348,
                            "operator_rows_scanned": 542080000,
                            "cumulative_rows_scanned": 542080000,
                            "operator_cardinality": 16945000,
                            "operator_type": "TABLE_SCAN",
                            "cumulative_cardinality": 16945000,
                            "extra_info": {
                                "Function": "READ_PARQUET",
                                "Projections": [
                                    "l_orderkey",
                                    "l_partkey",
                                    "l_suppkey",
                                    "l_linenumber",
                                    "l_quantity",
                                    "l_extendedprice",
                                    "l_discount",
                                    "l_tax",
                                    "l_returnflag",
                                    "l_linestatus",
                                    "l_shipdate",
                                    "l_commitdate",
                                    "l_receiptdate",
                                    "l_shipinstruct",
                                    "l_shipmode",
                                    "l_comment"
                                ],
                                "Estimated Cardinality": "16940000"
                            },
                            "cpu_time": 10.407341348,
                            "children": []
                        }
                    ]
                }
            ]
        }
    ]
}