{
    "rows_returned": 1,
    "latency": 1.133134146,
    "result_set_size": 8,
    "cumulative_rows_scanned": 3494400000,
    "cumulative_cardinality": 162055011,
    "extra_info": {},
    "cpu_time": 22.140475921000004,
    "blocked_thread_time": 0.0,
    "query_name": "SELECT\n    100.00 * sum(CASE\n            WHEN p_type LIKE 'PROMO%' \n            THEN l_extendedprice * (1 - l_discount)\n            ELSE 0\n    END) / sum(l_extendedprice * (1 - l_discount)) AS promo_revenue\nFROM\n    read_parquet([\"s3://tpch31355--apne1-az1--x-s3/165.parquet\", \"s3://tpch31355--apne1-az1--x-s3/166.parquet\", \"s3://tpch31355--apne1-az1--x-s3/168.parquet\", \"s3://tpch31355--apne1-az1--x-s3/169.parquet\", \"s3://tpch31355--apne1-az1--x-s3/287.parquet\", \"s3://tpch31355--apne1-az1--x-s3/288.parquet\", \"s3://tpch31355--apne1-az1--x-s3/289.parquet\", \"s3://tpch31355--apne1-az1--x-s3/290.parquet\", \"s3://tpch31355--apne1-az1--x-s3/291.parquet\", \"s3://tpch31355--apne1-az1--x-s3/292.parquet\", \"s3://tpch31355--apne1-az1--x-s3/447.parquet\", \"s3://tpch31355--apne1-az1--x-s3/448.parquet\", \"s3://tpch31355--apne1-az1--x-s3/449.parquet\", \"s3://tpch31355--apne1-az1--x-s3/450.parquet\", \"s3://tpch31355--apne1-az1--x-s3/451.parquet\", \"s3://tpch31355--apne1-az1--x-s3/452.parquet\", \"s3://tpch31355--apne1-az1--x-s3/631.parquet\", \"s3://tpch31355--apne1-az1--x-s3/632.parquet\", \"s3://tpch31355--apne1-az1--x-s3/633.parquet\", \"s3://tpch31355--apne1-az1--x-s3/634.parquet\", \"s3://tpch31355--apne1-az1--x-s3/635.parquet\", \"s3://tpch31355--apne1-az1--x-s3/636.parquet\", \"s3://tpch31355--apne1-az1--x-s3/1049.parquet\", \"s3://tpch31355--apne1-az1--x-s3/1050.parquet\", \"s3://tpch31355--apne1-az1--x-s3/1051.parquet\", \"s3://tpch31355--apne1-az1--x-s3/1052.parquet\", \"s3://tpch31355--apne1-az1--x-s3/1053.parquet\", \"s3://tpch31355--apne1-az1--x-s3/1106.parquet\", \"s3://tpch31355--apne1-az1--x-s3/1107.parquet\", \"s3://tpch31355--apne1-az1--x-s3/1108.parquet\", \"s3://tpch31355--apne1-az1--x-s3/1109.parquet\", \"s3://tpch31355--apne1-az1--x-s3/1110.parquet\", \"s3://tpch31355--apne1-az1--x-s3/1221.parquet\", \"s3://tpch31355--apne1-az1--x-s3/1222.parquet\", \"s3://tpch31355--apne1-az1--x-s3/1223.parquet\", \"s3://tpch31355--apne1-az1--x-s3/1224.parquet\", \"s3://tpch31355--apne1-az1--x-s3/1238.parquet\", \"s3://tpch31355--apne1-az1--x-s3/1351.parquet\", \"s3://tpch31355--apne1-az1--x-s3/1353.parquet\", \"s3://tpch31355--apne1-az1--x-s3/1360.parquet\", \"s3://tpch31355--apne1-az1--x-s3/1365.parquet\", \"s3://tpch31355--apne1-az1--x-s3/1375.parquet\", \"s3://tpch31355--apne1-az1--x-s3/1376.parquet\", \"s3://tpch31355--apne1-az1--x-s3/1377.parquet\", \"s3://tpch31355--apne1-az1--x-s3/1378.parquet\", \"s3://tpch31355--apne1-az1--x-s3/1379.parquet\", \"s3://tpch31355--apne1-az1--x-s3/1380.parquet\", \"s3://tpch31355--apne1-az1--x-s3/1381.parquet\", \"s3://tpch31355--apne1-az1--x-s3/1382.parquet\", \"s3://tpch31355--apne1-az1--x-s3/1390.parquet\"]),\n    'pool/part/*.parquet'\nWHERE\n    l_partkey = p_partkey\n    AND l_shipdate >= DATE '1992-01-01' + INTERVAL 21 MONTH\n    AND l_shipdate < DATE '1992-02-01' + INTERVAL 21 MONTH;",
    "children": [
        {
            "result_set_size": 8,
            "operator_timing": 0.000016682,
            "operator_rows_scanned": 0,
            "cumulative_rows_scanned": 3494400000,
            "operator_cardinality": 1,
            "operator_type": "PROJECTION",
            "cumulative_cardinality": 162055011,
            "extra_info": {
                "Projections": "promo_revenue",
                "Estimated Cardinality": "1"
            },
            "cpu_time": 22.140475921000004,
            "children": [
                {
                    "result_set_size": 32,
                    "operator_timing": 0.08558856,
                    "operator_rows_scanned": 0,
                    "cumulative_rows_scanned": 3494400000,
                    "operator_cardinality": 1,
                    "operator_type": "UNGROUPED_AGGREGATE",
                    "cumulative_cardinality": 162055010,
                    "extra_info": {
                        "Aggregates": [
                            "sum(#0)",
                            "sum(#1)"
                        ]
                    },
                    "cpu_time": 22.140459239000005,
                    "children": [
                        {
                            "result_set_size": 433601888,
                            "operator_timing": 0.6797810479999999,
                            "operator_rows_scanned": 0,
                            "cumulative_rows_scanned": 3494400000,
                            "operator_cardinality": 27100118,
                            "operator_type": "PROJECTION",
                            "cumulative_cardinality": 162055009,
                            "extra_info": {
                                "Projections": [
                                    "CASE  WHEN (prefix(p_type, 'PROMO')) THEN ((l_extendedprice * (1.00 - l_discount))) ELSE 0.0000 END",
                                    "(l_extendedprice * (1.00 - l_discount))"
                                ],
                                "Estimated Cardinality": "13600000"
                            },
                            "cpu_time": 22.054870679000004,
                            "children": [
                                {
                                    "result_set_size": 1300805664,
                                    "operator_timing": 7.462052112000006,
                                    "operator_rows_scanned": 0,
                                    "cumulative_rows_scanned": 3494400000,
                                    "operator_cardinality": 27100118,
                                    "operator_type": "HASH_JOIN",
                                    "cumulative_cardinality": 134954891,
                                    "extra_info": {
                                        "Join Type": "INNER",
                                        "Conditions": "p_partkey = l_partkey",
                                        "Estimated Cardinality": "13600000"
                                    },
                                    "cpu_time": 21.375089631000005,
                                    "children": [
                                        {
                                            "result_set_size": 1631999904,
                                            "operator_timing": 2.0654782329999994,
                                            "operator_rows_scanned": 2176000000,
                                            "cumulative_rows_scanned": 2176000000,
                                            "operator_cardinality": 67999996,
                                            "operator_type": "TABLE_SCAN",
                                            "cumulative_cardinality": 67999996,
                                            "extra_info": {
                                                "Function": "PARQUET_SCAN",
                                                "Projections": [
                                                    "p_partkey",
                                                    "p_type"
                                                ],
                                                "Estimated Cardinality": "68000000"
                                            },
                                            "cpu_time": 2.0654782329999994,
                                            "children": []
                                        },
                                        {
                                            "result_set_size": 956514648,
                                            "operator_timing": 11.847559286,
                                            "operator_rows_scanned": 1318400000,
                                            "cumulative_rows_scanned": 1318400000,
                                            "operator_cardinality": 39854777,
                                            "operator_type": "TABLE_SCAN",
                                            "cumulative_cardinality": 39854777,
                                            "extra_info": {
                                                "Function": "READ_PARQUET",
                                                "Projections": [
                                                    "l_partkey",
                                                    "l_extendedprice",
                                                    "l_discount"
                                                ],
                                                "Filters": "l_shipdate>='1993-10-01'::DATE AND l_shipdate<'1993-11-01'::DATE AND l_shipdate IS NOT NULL",
                                                "Estimated Cardinality": "8240000"
                                            },
                                            "cpu_time": 11.847559286,
                                            "children": []
                                        }
                                    ]
                                }
                            ]
                        }
                    ]
                }
            ]
        }
    ]
}