{
    "rows_returned": 1,
    "latency": 10.538797714,
    "result_set_size": 72,
    "cumulative_rows_scanned": 31230592000,
    "cumulative_cardinality": 322535211,
    "extra_info": {},
    "cpu_time": 327.4061815860002,
    "blocked_thread_time": 0.0,
    "query_name": "WITH revenue AS (\n    SELECT\n        l_suppkey AS supplier_no,\n        sum(l_extendedprice * (1 - l_discount)) AS total_revenue\n    FROM\n        read_parquet([\"s3://tpch31087--apne1-az1--x-s3/0.parquet\", \"s3://tpch31087--apne1-az1--x-s3/1.parquet\", \"s3://tpch31087--apne1-az1--x-s3/2.parquet\", \"s3://tpch31087--apne1-az1--x-s3/3.parquet\", \"s3://tpch31087--apne1-az1--x-s3/4.parquet\", \"s3://tpch31087--apne1-az1--x-s3/5.parquet\", \"s3://tpch31087--apne1-az1--x-s3/6.parquet\", \"s3://tpch31087--apne1-az1--x-s3/7.parquet\", \"s3://tpch31087--apne1-az1--x-s3/8.parquet\", \"s3://tpch31087--apne1-az1--x-s3/9.parquet\", \"s3://tpch31087--apne1-az1--x-s3/10.parquet\", \"s3://tpch31087--apne1-az1--x-s3/11.parquet\", \"s3://tpch31087--apne1-az1--x-s3/12.parquet\", \"s3://tpch31087--apne1-az1--x-s3/13.parquet\", \"s3://tpch31087--apne1-az1--x-s3/14.parquet\", \"s3://tpch31087--apne1-az1--x-s3/15.parquet\", \"s3://tpch31087--apne1-az1--x-s3/16.parquet\", \"s3://tpch31087--apne1-az1--x-s3/17.parquet\", \"s3://tpch31087--apne1-az1--x-s3/18.parquet\", \"s3://tpch31087--apne1-az1--x-s3/19.parquet\", \"s3://tpch31087--apne1-az1--x-s3/20.parquet\", \"s3://tpch31087--apne1-az1--x-s3/21.parquet\", \"s3://tpch31087--apne1-az1--x-s3/22.parquet\", \"s3://tpch31087--apne1-az1--x-s3/23.parquet\", \"s3://tpch31087--apne1-az1--x-s3/24.parquet\", \"s3://tpch31087--apne1-az1--x-s3/25.parquet\", \"s3://tpch31087--apne1-az1--x-s3/26.parquet\", \"s3://tpch31087--apne1-az1--x-s3/27.parquet\", \"s3://tpch31087--apne1-az1--x-s3/28.parquet\", \"s3://tpch31087--apne1-az1--x-s3/29.parquet\", \"s3://tpch31087--apne1-az1--x-s3/30.parquet\", \"s3://tpch31087--apne1-az1--x-s3/31.parquet\", \"s3://tpch31087--apne1-az1--x-s3/32.parquet\", \"s3://tpch31087--apne1-az1--x-s3/33.parquet\", \"s3://tpch31087--apne1-az1--x-s3/34.parquet\", \"s3://tpch31087--apne1-az1--x-s3/35.parquet\", \"s3://tpch31087--apne1-az1--x-s3/36.parquet\", \"s3://tpch31087--apne1-az1--x-s3/37.parquet\", \"s3://tpch31087--apne1-az1--x-s3/38.parquet\", \"s3://tpch31087--apne1-az1--x-s3/39.parquet\", \"s3://tpch31087--apne1-az1--x-s3/40.parquet\", \"s3://tpch31087--apne1-az1--x-s3/41.parquet\", \"s3://tpch31087--apne1-az1--x-s3/42.parquet\", \"s3://tpch31087--apne1-az1--x-s3/43.parquet\", \"s3://tpch31087--apne1-az1--x-s3/44.parquet\", \"s3://tpch31087--apne1-az1--x-s3/45.parquet\", \"s3://tpch31087--apne1-az1--x-s3/46.parquet\", \"s3://tpch31087--apne1-az1--x-s3/47.parquet\", \"s3://tpch31087--apne1-az1--x-s3/48.parquet\", \"s3://tpch31087--apne1-az1--x-s3/49.parquet\", \"s3://tpch31087--apne1-az1--x-s3/50.parquet\", \"s3://tpch31087--apne1-az1--x-s3/51.parquet\", \"s3://tpch31087--apne1-az1--x-s3/52.parquet\", \"s3://tpch31087--apne1-az1--x-s3/53.parquet\", \"s3://tpch31087--apne1-az1--x-s3/54.parquet\", \"s3://tpch31087--apne1-az1--x-s3/55.parquet\", \"s3://tpch31087--apne1-az1--x-s3/56.parquet\", \"s3://tpch31087--apne1-az1--x-s3/57.parquet\", \"s3://tpch31087--apne1-az1--x-s3/58.parquet\", \"s3://tpch31087--apne1-az1--x-s3/59.parquet\", \"s3://tpch31087--apne1-az1--x-s3/60.parquet\", \"s3://tpch31087--apne1-az1--x-s3/61.parquet\", \"s3://tpch31087--apne1-az1--x-s3/62.parquet\", \"s3://tpch31087--apne1-az1--x-s3/63.parquet\", \"s3://tpch31087--apne1-az1--x-s3/64.parquet\", \"s3://tpch31087--apne1-az1--x-s3/65.parquet\", \"s3://tpch31087--apne1-az1--x-s3/66.parquet\", \"s3://tpch31087--apne1-az1--x-s3/67.parquet\", \"s3://tpch31087--apne1-az1--x-s3/68.parquet\", \"s3://tpch31087--apne1-az1--x-s3/69.parquet\", \"s3://tpch31087--apne1-az1--x-s3/70.parquet\", \"s3://tpch31087--apne1-az1--x-s3/71.parquet\", \"s3://tpch31087--apne1-az1--x-s3/72.parquet\", \"s3://tpch31087--apne1-az1--x-s3/73.parquet\", \"s3://tpch31087--apne1-az1--x-s3/74.parquet\", \"s3://tpch31087--apne1-az1--x-s3/75.parquet\", \"s3://tpch31087--apne1-az1--x-s3/76.parquet\", \"s3://tpch31087--apne1-az1--x-s3/77.parquet\", \"s3://tpch31087--apne1-az1--x-s3/78.parquet\", \"s3://tpch31087--apne1-az1--x-s3/79.parquet\", \"s3://tpch31087--apne1-az1--x-s3/80.parquet\", \"s3://tpch31087--apne1-az1--x-s3/81.parquet\", \"s3://tpch31087--apne1-az1--x-s3/82.parquet\", \"s3://tpch31087--apne1-az1--x-s3/83.parquet\", \"s3://tpch31087--apne1-az1--x-s3/84.parquet\", \"s3://tpch31087--apne1-az1--x-s3/85.parquet\", \"s3://tpch31087--apne1-az1--x-s3/86.parquet\", \"s3://tpch31087--apne1-az1--x-s3/87.parquet\", \"s3://tpch31087--apne1-az1--x-s3/88.parquet\", \"s3://tpch31087--apne1-az1--x-s3/89.parquet\", \"s3://tpch31087--apne1-az1--x-s3/90.parquet\", \"s3://tpch31087--apne1-az1--x-s3/91.parquet\", \"s3://tpch31087--apne1-az1--x-s3/92.parquet\", \"s3://tpch31087--apne1-az1--x-s3/93.parquet\", \"s3://tpch31087--apne1-az1--x-s3/94.parquet\", \"s3://tpch31087--apne1-az1--x-s3/95.parquet\", \"s3://tpch31087--apne1-az1--x-s3/96.parquet\", \"s3://tpch31087--apne1-az1--x-s3/97.parquet\", \"s3://tpch31087--apne1-az1--x-s3/98.parquet\", \"s3://tpch31087--apne1-az1--x-s3/99.parquet\", \"s3://tpch31087--apne1-az1--x-s3/100.parquet\", \"s3://tpch31087--apne1-az1--x-s3/101.parquet\", \"s3://tpch31087--apne1-az1--x-s3/102.parquet\", \"s3://tpch31087--apne1-az1--x-s3/103.parquet\", \"s3://tpch31087--apne1-az1--x-s3/104.parquet\", \"s3://tpch31087--apne1-az1--x-s3/105.parquet\", \"s3://tpch31087--apne1-az1--x-s3/106.parquet\", \"s3://tpch31087--apne1-az1--x-s3/107.parquet\", \"s3://tpch31087--apne1-az1--x-s3/108.parquet\", \"s3://tpch31087--apne1-az1--x-s3/109.parquet\", \"s3://tpch31087--apne1-az1--x-s3/110.parquet\", \"s3://tpch31087--apne1-az1--x-s3/111.parquet\", \"s3://tpch31087--apne1-az1--x-s3/112.parquet\", \"s3://tpch31087--apne1-az1--x-s3/113.parquet\", \"s3://tpch31087--apne1-az1--x-s3/114.parquet\", \"s3://tpch31087--apne1-az1--x-s3/115.parquet\", \"s3://tpch31087--apne1-az1--x-s3/116.parquet\", \"s3://tpch31087--apne1-az1--x-s3/117.parquet\", \"s3://tpch31087--apne1-az1--x-s3/118.parquet\", \"s3://tpch31087--apne1-az1--x-s3/119.parquet\", \"s3://tpch31087--apne1-az1--x-s3/120.parquet\", \"s3://tpch31087--apne1-az1--x-s3/121.parquet\", \"s3://tpch31087--apne1-az1--x-s3/122.parquet\", \"s3://tpch31087--apne1-az1--x-s3/123.parquet\", \"s3://tpch31087--apne1-az1--x-s3/124.parquet\", \"s3://tpch31087--apne1-az1--x-s3/125.parquet\", \"s3://tpch31087--apne1-az1--x-s3/126.parquet\", \"s3://tpch31087--apne1-az1--x-s3/127.parquet\", \"s3://tpch31087--apne1-az1--x-s3/128.parquet\", \"s3://tpch31087--apne1-az1--x-s3/129.parquet\", \"s3://tpch31087--apne1-az1--x-s3/130.parquet\", \"s3://tpch31087--apne1-az1--x-s3/131.parquet\", \"s3://tpch31087--apne1-az1--x-s3/132.parquet\", \"s3://tpch31087--apne1-az1--x-s3/133.parquet\", \"s3://tpch31087--apne1-az1--x-s3/134.parquet\", \"s3://tpch31087--apne1-az1--x-s3/135.parquet\", \"s3://tpch31087--apne1-az1--x-s3/136.parquet\", \"s3://tpch31087--apne1-az1--x-s3/137.parquet\", \"s3://tpch31087--apne1-az1--x-s3/138.parquet\", \"s3://tpch31087--apne1-az1--x-s3/139.parquet\", \"s3://tpch31087--apne1-az1--x-s3/140.parquet\", \"s3://tpch31087--apne1-az1--x-s3/141.parquet\", \"s3://tpch31087--apne1-az1--x-s3/142.parquet\", \"s3://tpch31087--apne1-az1--x-s3/143.parquet\", \"s3://tpch31087--apne1-az1--x-s3/144.parquet\", \"s3://tpch31087--apne1-az1--x-s3/145.parquet\", \"s3://tpch31087--apne1-az1--x-s3/146.parquet\", \"s3://tpch31087--apne1-az1--x-s3/147.parquet\", \"s3://tpch31087--apne1-az1--x-s3/148.parquet\", \"s3://tpch31087--apne1-az1--x-s3/149.parquet\", \"s3://tpch31087--apne1-az1--x-s3/150.parquet\", \"s3://tpch31087--apne1-az1--x-s3/151.parquet\", \"s3://tpch31087--apne1-az1--x-s3/152.parquet\", \"s3://tpch31087--apne1-az1--x-s3/153.parquet\", \"s3://tpch31087--apne1-az1--x-s3/154.parquet\", \"s3://tpch31087--apne1-az1--x-s3/155.parquet\", \"s3://tpch31087--apne1-az1--x-s3/156.parquet\", \"s3://tpch31087--apne1-az1--x-s3/157.parquet\", \"s3://tpch31087--apne1-az1--x-s3/158.parquet\", \"s3://tpch31087--apne1-az1--x-s3/159.parquet\", \"s3://tpch31087--apne1-az1--x-s3/160.parquet\", \"s3://tpch31087--apne1-az1--x-s3/161.parquet\", \"s3://tpch31087--apne1-az1--x-s3/162.parquet\", \"s3://tpch31087--apne1-az1--x-s3/163.parquet\", \"s3://tpch31087--apne1-az1--x-s3/164.parquet\", \"s3://tpch31087--apne1-az1--x-s3/165.parquet\", \"s3://tpch31087--apne1-az1--x-s3/166.parquet\", \"s3://tpch31087--apne1-az1--x-s3/167.parquet\", \"s3://tpch31087--apne1-az1--x-s3/168.parquet\", \"s3://tpch31087--apne1-az1--x-s3/169.parquet\", \"s3://tpch31087--apne1-az1--x-s3/170.parquet\", \"s3://tpch31087--apne1-az1--x-s3/171.parquet\", \"s3://tpch31087--apne1-az1--x-s3/172.parquet\", \"s3://tpch31087--apne1-az1--x-s3/173.parquet\", \"s3://tpch31087--apne1-az1--x-s3/174.parquet\", \"s3://tpch31087--apne1-az1--x-s3/175.parquet\", \"s3://tpch31087--apne1-az1--x-s3/176.parquet\", \"s3://tpch31087--apne1-az1--x-s3/177.parquet\", \"s3://tpch31087--apne1-az1--x-s3/178.parquet\", \"s3://tpch31087--apne1-az1--x-s3/179.parquet\", \"s3://tpch31087--apne1-az1--x-s3/180.parquet\", \"s3://tpch31087--apne1-az1--x-s3/181.parquet\", \"s3://tpch31087--apne1-az1--x-s3/182.parquet\", \"s3://tpch31087--apne1-az1--x-s3/183.parquet\", \"s3://tpch31087--apne1-az1--x-s3/184.parquet\", \"s3://tpch31087--apne1-az1--x-s3/185.parquet\", \"s3://tpch31087--apne1-az1--x-s3/186.parquet\", \"s3://tpch31087--apne1-az1--x-s3/187.parquet\", \"s3://tpch31087--apne1-az1--x-s3/188.parquet\", \"s3://tpch31087--apne1-az1--x-s3/189.parquet\", \"s3://tpch31087--apne1-az1--x-s3/190.parquet\", \"s3://tpch31087--apne1-az1--x-s3/191.parquet\", \"s3://tpch31087--apne1-az1--x-s3/192.parquet\", \"s3://tpch31087--apne1-az1--x-s3/193.parquet\", \"s3://tpch31087--apne1-az1--x-s3/194.parquet\", \"s3://tpch31087--apne1-az1--x-s3/195.parquet\", \"s3://tpch31087--apne1-az1--x-s3/196.parquet\", \"s3://tpch31087--apne1-az1--x-s3/197.parquet\", \"s3://tpch31087--apne1-az1--x-s3/198.parquet\", \"s3://tpch31087--apne1-az1--x-s3/199.parquet\", \"s3://tpch31087--apne1-az1--x-s3/200.parquet\", \"s3://tpch31087--apne1-az1--x-s3/201.parquet\", \"s3://tpch31087--apne1-az1--x-s3/202.parquet\", \"s3://tpch31087--apne1-az1--x-s3/203.parquet\", \"s3://tpch31087--apne1-az1--x-s3/204.parquet\", \"s3://tpch31087--apne1-az1--x-s3/205.parquet\", \"s3://tpch31087--apne1-az1--x-s3/206.parquet\", \"s3://tpch31087--apne1-az1--x-s3/207.parquet\", \"s3://tpch31087--apne1-az1--x-s3/208.parquet\", \"s3://tpch31087--apne1-az1--x-s3/209.parquet\", \"s3://tpch31087--apne1-az1--x-s3/210.parquet\", \"s3://tpch31087--apne1-az1--x-s3/211.parquet\", \"s3://tpch31087--apne1-az1--x-s3/212.parquet\", \"s3://tpch31087--apne1-az1--x-s3/213.parquet\", \"s3://tpch31087--apne1-az1--x-s3/214.parquet\", \"s3://tpch31087--apne1-az1--x-s3/215.parquet\", \"s3://tpch31087--apne1-az1--x-s3/216.parquet\", \"s3://tpch31087--apne1-az1--x-s3/217.parquet\", \"s3://tpch31087--apne1-az1--x-s3/218.parquet\", \"s3://tpch31087--apne1-az1--x-s3/219.parquet\", \"s3://tpch31087--apne1-az1--x-s3/220.parquet\", \"s3://tpch31087--apne1-az1--x-s3/221.parquet\", \"s3://tpch31087--apne1-az1--x-s3/222.parquet\", \"s3://tpch31087--apne1-az1--x-s3/223.parquet\", \"s3://tpch31087--apne1-az1--x-s3/224.parquet\", \"s3://tpch31087--apne1-az1--x-s3/225.parquet\", \"s3://tpch31087--apne1-az1--x-s3/226.parquet\", \"s3://tpch31087--apne1-az1--x-s3/227.parquet\", \"s3://tpch31087--apne1-az1--x-s3/228.parquet\", \"s3://tpch31087--apne1-az1--x-s3/229.parquet\", \"s3://tpch31087--apne1-az1--x-s3/230.parquet\", \"s3://tpch31087--apne1-az1--x-s3/231.parquet\", \"s3://tpch31087--apne1-az1--x-s3/232.parquet\", \"s3://tpch31087--apne1-az1--x-s3/233.parquet\", \"s3://tpch31087--apne1-az1--x-s3/234.parquet\", \"s3://tpch31087--apne1-az1--x-s3/235.parquet\", \"s3://tpch31087--apne1-az1--x-s3/236.parquet\", \"s3://tpch31087--apne1-az1--x-s3/237.parquet\", \"s3://tpch31087--apne1-az1--x-s3/238.parquet\", \"s3://tpch31087--apne1-az1--x-s3/239.parquet\", \"s3://tpch31087--apne1-az1--x-s3/240.parquet\", \"s3://tpch31087--apne1-az1--x-s3/241.parquet\", \"s3://tpch31087--apne1-az1--x-s3/242.parquet\", \"s3://tpch31087--apne1-az1--x-s3/243.parquet\", \"s3://tpch31087--apne1-az1--x-s3/244.parquet\", \"s3://tpch31087--apne1-az1--x-s3/245.parquet\", \"s3://tpch31087--apne1-az1--x-s3/246.parquet\", \"s3://tpch31087--apne1-az1--x-s3/247.parquet\", \"s3://tpch31087--apne1-az1--x-s3/248.parquet\", \"s3://tpch31087--apne1-az1--x-s3/249.parquet\", \"s3://tpch31087--apne1-az1--x-s3/250.parquet\", \"s3://tpch31087--apne1-az1--x-s3/251.parquet\", \"s3://tpch31087--apne1-az1--x-s3/252.parquet\", \"s3://tpch31087--apne1-az1--x-s3/253.parquet\", \"s3://tpch31087--apne1-az1--x-s3/254.parquet\", \"s3://tpch31087--apne1-az1--x-s3/255.parquet\", \"s3://tpch31087--apne1-az1--x-s3/256.parquet\", \"s3://tpch31087--apne1-az1--x-s3/257.parquet\", \"s3://tpch31087--apne1-az1--x-s3/258.parquet\", \"s3://tpch31087--apne1-az1--x-s3/259.parquet\", \"s3://tpch31087--apne1-az1--x-s3/260.parquet\", \"s3://tpch31087--apne1-az1--x-s3/261.parquet\", \"s3://tpch31087--apne1-az1--x-s3/262.parquet\", \"s3://tpch31087--apne1-az1--x-s3/263.parquet\", \"s3://tpch31087--apne1-az1--x-s3/264.parquet\", \"s3://tpch31087--apne1-az1--x-s3/265.parquet\", \"s3://tpch31087--apne1-az1--x-s3/266.parquet\", \"s3://tpch31087--apne1-az1--x-s3/267.parquet\", \"s3://tpch31087--apne1-az1--x-s3/268.parquet\", \"s3://tpch31087--apne1-az1--x-s3/269.parquet\", \"s3://tpch31087--apne1-az1--x-s3/270.parquet\", \"s3://tpch31087--apne1-az1--x-s3/271.parquet\", \"s3://tpch31087--apne1-az1--x-s3/272.parquet\", \"s3://tpch31087--apne1-az1--x-s3/273.parquet\", \"s3://tpch31087--apne1-az1--x-s3/274.parquet\", \"s3://tpch31087--apne1-az1--x-s3/275.parquet\", \"s3://tpch31087--apne1-az1--x-s3/276.parquet\", \"s3://tpch31087--apne1-az1--x-s3/277.parquet\", \"s3://tpch31087--apne1-az1--x-s3/278.parquet\", \"s3://tpch31087--apne1-az1--x-s3/279.parquet\", \"s3://tpch31087--apne1-az1--x-s3/280.parquet\", \"s3://tpch31087--apne1-az1--x-s3/281.parquet\", \"s3://tpch31087--apne1-az1--x-s3/282.parquet\", \"s3://tpch31087--apne1-az1--x-s3/283.parquet\", \"s3://tpch31087--apne1-az1--x-s3/340.parquet\", \"s3://tpch31087--apne1-az1--x-s3/341.parquet\", \"s3://tpch31087--apne1-az1--x-s3/342.parquet\", \"s3://tpch31087--apne1-az1--x-s3/343.parquet\", \"s3://tpch31087--apne1-az1--x-s3/344.parquet\", \"s3://tpch31087--apne1-az1--x-s3/345.parquet\", \"s3://tpch31087--apne1-az1--x-s3/346.parquet\", \"s3://tpch31087--apne1-az1--x-s3/347.parquet\", \"s3://tpch31087--apne1-az1--x-s3/348.parquet\", \"s3://tpch31087--apne1-az1--x-s3/349.parquet\", \"s3://tpch31087--apne1-az1--x-s3/350.parquet\", \"s3://tpch31087--apne1-az1--x-s3/351.parquet\", \"s3://tpch31087--apne1-az1--x-s3/352.parquet\", \"s3://tpch31087--apne1-az1--x-s3/353.parquet\", \"s3://tpch31087--apne1-az1--x-s3/354.parquet\", \"s3://tpch31087--apne1-az1--x-s3/355.parquet\", \"s3://tpch31087--apne1-az1--x-s3/356.parquet\", \"s3://tpch31087--apne1-az1--x-s3/357.parquet\", \"s3://tpch31087--apne1-az1--x-s3/358.parquet\", \"s3://tpch31087--apne1-az1--x-s3/359.parquet\", \"s3://tpch31087--apne1-az1--x-s3/360.parquet\", \"s3://tpch31087--apne1-az1--x-s3/361.parquet\", \"s3://tpch31087--apne1-az1--x-s3/362.parquet\", \"s3://tpch31087--apne1-az1--x-s3/363.parquet\", \"s3://tpch31087--apne1-az1--x-s3/364.parquet\", \"s3://tpch31087--apne1-az1--x-s3/365.parquet\", \"s3://tpch31087--apne1-az1--x-s3/366.parquet\", \"s3://tpch31087--apne1-az1--x-s3/367.parquet\", \"s3://tpch31087--apne1-az1--x-s3/368.parquet\", \"s3://tpch31087--apne1-az1--x-s3/369.parquet\", \"s3://tpch31087--apne1-az1--x-s3/370.parquet\", \"s3://tpch31087--apne1-az1--x-s3/371.parquet\", \"s3://tpch31087--apne1-az1--x-s3/372.parquet\", \"s3://tpch31087--apne1-az1--x-s3/373.parquet\", \"s3://tpch31087--apne1-az1--x-s3/374.parquet\", \"s3://tpch31087--apne1-az1--x-s3/375.parquet\", \"s3://tpch31087--apne1-az1--x-s3/376.parquet\", \"s3://tpch31087--apne1-az1--x-s3/377.parquet\", \"s3://tpch31087--apne1-az1--x-s3/378.parquet\", \"s3://tpch31087--apne1-az1--x-s3/379.parquet\", \"s3://tpch31087--apne1-az1--x-s3/380.parquet\", \"s3://tpch31087--apne1-az1--x-s3/381.parquet\", \"s3://tpch31087--apne1-az1--x-s3/382.parquet\", \"s3://tpch31087--apne1-az1--x-s3/383.parquet\", \"s3://tpch31087--apne1-az1--x-s3/384.parquet\", \"s3://tpch31087--apne1-az1--x-s3/385.parquet\", \"s3://tpch31087--apne1-az1--x-s3/386.parquet\", \"s3://tpch31087--apne1-az1--x-s3/387.parquet\", \"s3://tpch31087--apne1-az1--x-s3/388.parquet\", \"s3://tpch31087--apne1-az1--x-s3/389.parquet\", \"s3://tpch31087--apne1-az1--x-s3/390.parquet\", \"s3://tpch31087--apne1-az1--x-s3/391.parquet\", \"s3://tpch31087--apne1-az1--x-s3/392.parquet\", \"s3://tpch31087--apne1-az1--x-s3/393.parquet\", \"s3://tpch31087--apne1-az1--x-s3/394.parquet\", \"s3://tpch31087--apne1-az1--x-s3/395.parquet\", \"s3://tpch31087--apne1-az1--x-s3/396.parquet\", \"s3://tpch31087--apne1-az1--x-s3/397.parquet\", \"s3://tpch31087--apne1-az1--x-s3/398.parquet\", \"s3://tpch31087--apne1-az1--x-s3/399.parquet\", \"s3://tpch31087--apne1-az1--x-s3/400.parquet\", \"s3://tpch31087--apne1-az1--x-s3/401.parquet\", \"s3://tpch31087--apne1-az1--x-s3/402.parquet\", \"s3://tpch31087--apne1-az1--x-s3/403.parquet\", \"s3://tpch31087--apne1-az1--x-s3/404.parquet\", \"s3://tpch31087--apne1-az1--x-s3/405.parquet\", \"s3://tpch31087--apne1-az1--x-s3/406.parquet\", \"s3://tpch31087--apne1-az1--x-s3/407.parquet\", \"s3://tpch31087--apne1-az1--x-s3/408.parquet\", \"s3://tpch31087--apne1-az1--x-s3/409.parquet\", \"s3://tpch31087--apne1-az1--x-s3/410.parquet\", \"s3://tpch31087--apne1-az1--x-s3/411.parquet\", \"s3://tpch31087--apne1-az1--x-s3/412.parquet\", \"s3://tpch31087--apne1-az1--x-s3/413.parquet\", \"s3://tpch31087--apne1-az1--x-s3/414.parquet\", \"s3://tpch31087--apne1-az1--x-s3/415.parquet\", \"s3://tpch31087--apne1-az1--x-s3/416.parquet\", \"s3://tpch31087--apne1-az1--x-s3/417.parquet\", \"s3://tpch31087--apne1-az1--x-s3/418.parquet\", \"s3://tpch31087--apne1-az1--x-s3/419.parquet\", \"s3://tpch31087--apne1-az1--x-s3/420.parquet\", \"s3://tpch31087--apne1-az1--x-s3/421.parquet\", \"s3://tpch31087--apne1-az1--x-s3/422.parquet\", \"s3://tpch31087--apne1-az1--x-s3/423.parquet\", \"s3://tpch31087--apne1-az1--x-s3/424.parquet\", \"s3://tpch31087--apne1-az1--x-s3/425.parquet\", \"s3://tpch31087--apne1-az1--x-s3/452.parquet\", \"s3://tpch31087--apne1-az1--x-s3/460.parquet\", \"s3://tpch31087--apne1-az1--x-s3/464.parquet\", \"s3://tpch31087--apne1-az1--x-s3/465.parquet\", \"s3://tpch31087--apne1-az1--x-s3/467.parquet\", \"s3://tpch31087--apne1-az1--x-s3/468.parquet\", \"s3://tpch31087--apne1-az1--x-s3/469.parquet\", \"s3://tpch31087--apne1-az1--x-s3/470.parquet\", \"s3://tpch31087--apne1-az1--x-s3/471.parquet\", \"s3://tpch31087--apne1-az1--x-s3/472.parquet\", \"s3://tpch31087--apne1-az1--x-s3/473.parquet\", \"s3://tpch31087--apne1-az1--x-s3/474.parquet\", \"s3://tpch31087--apne1-az1--x-s3/475.parquet\", \"s3://tpch31087--apne1-az1--x-s3/476.parquet\", \"s3://tpch31087--apne1-az1--x-s3/477.parquet\", \"s3://tpch31087--apne1-az1--x-s3/478.parquet\", \"s3://tpch31087--apne1-az1--x-s3/479.parquet\", \"s3://tpch31087--apne1-az1--x-s3/480.parquet\", \"s3://tpch31087--apne1-az1--x-s3/481.parquet\", \"s3://tpch31087--apne1-az1--x-s3/482.parquet\", \"s3://tpch31087--apne1-az1--x-s3/483.parquet\", \"s3://tpch31087--apne1-az1--x-s3/484.parquet\", \"s3://tpch31087--apne1-az1--x-s3/485.parquet\", \"s3://tpch31087--apne1-az1--x-s3/486.parquet\", \"s3://tpch31087--apne1-az1--x-s3/487.parquet\", \"s3://tpch31087--apne1-az1--x-s3/488.parquet\", \"s3://tpch31087--apne1-az1--x-s3/489.parquet\", \"s3://tpch31087--apne1-az1--x-s3/490.parquet\", \"s3://tpch31087--apne1-az1--x-s3/491.parquet\", \"s3://tpch31087--apne1-az1--x-s3/492.parquet\", \"s3://tpch31087--apne1-az1--x-s3/493.parquet\", \"s3://tpch31087--apne1-az1--x-s3/494.parquet\", \"s3://tpch31087--apne1-az1--x-s3/495.parquet\", \"s3://tpch31087--apne1-az1--x-s3/496.parquet\", \"s3://tpch31087--apne1-az1--x-s3/507.parquet\", \"s3://tpch31087--apne1-az1--x-s3/508.parquet\", \"s3://tpch31087--apne1-az1--x-s3/509.parquet\", \"s3://tpch31087--apne1-az1--x-s3/510.parquet\", \"s3://tpch31087--apne1-az1--x-s3/511.parquet\", \"s3://tpch31087--apne1-az1--x-s3/512.parquet\", \"s3://tpch31087--apne1-az1--x-s3/513.parquet\", \"s3://tpch31087--apne1-az1--x-s3/514.parquet\", \"s3://tpch31087--apne1-az1--x-s3/515.parquet\", \"s3://tpch31087--apne1-az1--x-s3/516.parquet\", \"s3://tpch31087--apne1-az1--x-s3/517.parquet\", \"s3://tpch31087--apne1-az1--x-s3/518.parquet\", \"s3://tpch31087--apne1-az1--x-s3/519.parquet\", \"s3://tpch31087--apne1-az1--x-s3/568.parquet\", \"s3://tpch31087--apne1-az1--x-s3/569.parquet\", \"s3://tpch31087--apne1-az1--x-s3/570.parquet\", \"s3://tpch31087--apne1-az1--x-s3/571.parquet\", \"s3://tpch31087--apne1-az1--x-s3/572.parquet\", \"s3://tpch31087--apne1-az1--x-s3/573.parquet\", \"s3://tpch31087--apne1-az1--x-s3/639.parquet\", \"s3://tpch31087--apne1-az1--x-s3/640.parquet\", \"s3://tpch31087--apne1-az1--x-s3/641.parquet\", \"s3://tpch31087--apne1-az1--x-s3/642.parquet\", \"s3://tpch31087--apne1-az1--x-s3/643.parquet\", \"s3://tpch31087--apne1-az1--x-s3/644.parquet\", \"s3://tpch31087--apne1-az1--x-s3/755.parquet\", \"s3://tpch31087--apne1-az1--x-s3/756.parquet\", \"s3://tpch31087--apne1-az1--x-s3/757.parquet\", \"s3://tpch31087--apne1-az1--x-s3/758.parquet\", \"s3://tpch31087--apne1-az1--x-s3/759.parquet\", \"s3://tpch31087--apne1-az1--x-s3/760.parquet\", \"s3://tpch31087--apne1-az1--x-s3/761.parquet\", \"s3://tpch31087--apne1-az1--x-s3/762.parquet\", \"s3://tpch31087--apne1-az1--x-s3/763.parquet\", \"s3://tpch31087--apne1-az1--x-s3/764.parquet\", \"s3://tpch31087--apne1-az1--x-s3/765.parquet\", \"s3://tpch31087--apne1-az1--x-s3/766.parquet\", \"s3://tpch31087--apne1-az1--x-s3/767.parquet\", \"s3://tpch31087--apne1-az1--x-s3/800.parquet\", \"s3://tpch31087--apne1-az1--x-s3/801.parquet\", \"s3://tpch31087--apne1-az1--x-s3/802.parquet\", \"s3://tpch31087--apne1-az1--x-s3/803.parquet\", \"s3://tpch31087--apne1-az1--x-s3/804.parquet\", \"s3://tpch31087--apne1-az1--x-s3/805.parquet\", \"s3://tpch31087--apne1-az1--x-s3/806.parquet\", \"s3://tpch31087--apne1-az1--x-s3/852.parquet\", \"s3://tpch31087--apne1-az1--x-s3/853.parquet\", \"s3://tpch31087--apne1-az1--x-s3/854.parquet\", \"s3://tpch31087--apne1-az1--x-s3/855.parquet\", \"s3://tpch31087--apne1-az1--x-s3/856.parquet\", \"s3://tpch31087--apne1-az1--x-s3/857.parquet\", \"s3://tpch31087--apne1-az1--x-s3/923.parquet\", \"s3://tpch31087--apne1-az1--x-s3/924.parquet\", \"s3://tpch31087--apne1-az1--x-s3/925.parquet\", \"s3://tpch31087--apne1-az1--x-s3/926.parquet\", \"s3://tpch31087--apne1-az1--x-s3/927.parquet\", \"s3://tpch31087--apne1-az1--x-s3/928.parquet\", \"s3://tpch31087--apne1-az1--x-s3/1042.parquet\", \"s3://tpch31087--apne1-az1--x-s3/1043.parquet\", \"s3://tpch31087--apne1-az1--x-s3/1044.parquet\", \"s3://tpch31087--apne1-az1--x-s3/1045.parquet\", \"s3://tpch31087--apne1-az1--x-s3/1046.parquet\", \"s3://tpch31087--apne1-az1--x-s3/1047.parquet\", \"s3://tpch31087--apne1-az1--x-s3/1048.parquet\", \"s3://tpch31087--apne1-az1--x-s3/1049.parquet\", \"s3://tpch31087--apne1-az1--x-s3/1051.parquet\", \"s3://tpch31087--apne1-az1--x-s3/1052.parquet\", \"s3://tpch31087--apne1-az1--x-s3/1053.parquet\", \"s3://tpch31087--apne1-az1--x-s3/1054.parquet\", \"s3://tpch31087--apne1-az1--x-s3/1056.parquet\", \"s3://tpch31087--apne1-az1--x-s3/1194.parquet\", \"s3://tpch31087--apne1-az1--x-s3/1195.parquet\", \"s3://tpch31087--apne1-az1--x-s3/1196.parquet\", \"s3://tpch31087--apne1-az1--x-s3/1197.parquet\", \"s3://tpch31087--apne1-az1--x-s3/1198.parquet\", \"s3://tpch31087--apne1-az1--x-s3/1199.parquet\", \"s3://tpch31087--apne1-az1--x-s3/1200.parquet\", \"s3://tpch31087--apne1-az1--x-s3/1201.parquet\", \"s3://tpch31087--apne1-az1--x-s3/1202.parquet\", \"s3://tpch31087--apne1-az1--x-s3/1203.parquet\", \"s3://tpch31087--apne1-az1--x-s3/1204.parquet\", \"s3://tpch31087--apne1-az1--x-s3/1205.parquet\", \"s3://tpch31087--apne1-az1--x-s3/1206.parquet\", \"s3://tpch31087--apne1-az1--x-s3/1241.parquet\", \"s3://tpch31087--apne1-az1--x-s3/1242.parquet\", \"s3://tpch31087--apne1-az1--x-s3/1243.parquet\", \"s3://tpch31087--apne1-az1--x-s3/1244.parquet\", \"s3://tpch31087--apne1-az1--x-s3/1245.parquet\", \"s3://tpch31087--apne1-az1--x-s3/1246.parquet\", \"s3://tpch31087--apne1-az1--x-s3/1248.parquet\", \"s3://tpch31087--apne1-az1--x-s3/1338.parquet\", \"s3://tpch31087--apne1-az1--x-s3/1339.parquet\", \"s3://tpch31087--apne1-az1--x-s3/1340.parquet\", \"s3://tpch31087--apne1-az1--x-s3/1341.parquet\", \"s3://tpch31087--apne1-az1--x-s3/1342.parquet\", \"s3://tpch31087--apne1-az1--x-s3/1344.parquet\", \"s3://tpch31087--apne1-az1--x-s3/1348.parquet\", \"s3://tpch31087--apne1-az1--x-s3/1394.parquet\", \"s3://tpch31087--apne1-az1--x-s3/1395.parquet\", \"s3://tpch31087--apne1-az1--x-s3/1396.parquet\", \"s3://tpch31087--apne1-az1--x-s3/1397.parquet\", \"s3://tpch31087--apne1-az1--x-s3/1398.parquet\", \"s3://tpch31087--apne1-az1--x-s3/1399.parquet\", \"s3://tpch31087--apne1-az1--x-s3/1402.parquet\", \"s3://tpch31087--apne1-az1--x-s3/1420.parquet\", \"s3://tpch31087--apne1-az1--x-s3/1421.parquet\", \"s3://tpch31087--apne1-az1--x-s3/1422.parquet\", \"s3://tpch31087--apne1-az1--x-s3/1423.parquet\", \"s3://tpch31087--apne1-az1--x-s3/1424.parquet\", \"s3://tpch31087--apne1-az1--x-s3/1425.parquet\", \"s3://tpch31087--apne1-az1--x-s3/1426.parquet\", \"s3://tpch31087--apne1-az1--x-s3/1427.parquet\", \"s3://tpch31087--apne1-az1--x-s3/1428.parquet\", \"s3://tpch31087--apne1-az1--x-s3/1429.parquet\", \"s3://tpch31087--apne1-az1--x-s3/1430.parquet\", \"s3://tpch31087--apne1-az1--x-s3/1431.parquet\", \"s3://tpch31087--apne1-az1--x-s3/1432.parquet\", \"s3://tpch31087--apne1-az1--x-s3/1433.parquet\", \"s3://tpch31087--apne1-az1--x-s3/1434.parquet\", \"s3://tpch31087--apne1-az1--x-s3/1435.parquet\", \"s3://tpch31087--apne1-az1--x-s3/1436.parquet\", \"s3://tpch31087--apne1-az1--x-s3/1437.parquet\", \"s3://tpch31087--apne1-az1--x-s3/1438.parquet\", \"s3://tpch31087--apne1-az1--x-s3/1439.parquet\", \"s3://tpch31087--apne1-az1--x-s3/1440.parquet\", \"s3://tpch31087--apne1-az1--x-s3/1441.parquet\", \"s3://tpch31087--apne1-az1--x-s3/1442.parquet\", \"s3://tpch31087--apne1-az1--x-s3/1443.parquet\", \"s3://tpch31087--apne1-az1--x-s3/1444.parquet\", \"s3://tpch31087--apne1-az1--x-s3/1445.parquet\", \"s3://tpch31087--apne1-az1--x-s3/1446.parquet\", \"s3://tpch31087--apne1-az1--x-s3/1447.parquet\", \"s3://tpch31087--apne1-az1--x-s3/1448.parquet\", \"s3://tpch31087--apne1-az1--x-s3/1449.parquet\", \"s3://tpch31087--apne1-az1--x-s3/1450.parquet\", \"s3://tpch31087--apne1-az1--x-s3/1451.parquet\", \"s3://tpch31087--apne1-az1--x-s3/1452.parquet\", \"s3://tpch31087--apne1-az1--x-s3/1453.parquet\", \"s3://tpch31087--apne1-az1--x-s3/1454.parquet\", \"s3://tpch31087--apne1-az1--x-s3/1455.parquet\", \"s3://tpch31087--apne1-az1--x-s3/1456.parquet\", \"s3://tpch31087--apne1-az1--x-s3/1457.parquet\", \"s3://tpch31087--apne1-az1--x-s3/1458.parquet\", \"s3://tpch31087--apne1-az1--x-s3/1459.parquet\", \"s3://tpch31087--apne1-az1--x-s3/1460.parquet\", \"s3://tpch31087--apne1-az1--x-s3/1461.parquet\", \"s3://tpch31087--apne1-az1--x-s3/1462.parquet\", \"s3://tpch31087--apne1-az1--x-s3/1463.parquet\", \"s3://tpch31087--apne1-az1--x-s3/1464.parquet\", \"s3://tpch31087--apne1-az1--x-s3/1465.parquet\", \"s3://tpch31087--apne1-az1--x-s3/1466.parquet\", \"s3://tpch31087--apne1-az1--x-s3/1467.parquet\", \"s3://tpch31087--apne1-az1--x-s3/1468.parquet\", \"s3://tpch31087--apne1-az1--x-s3/1469.parquet\", \"s3://tpch31087--apne1-az1--x-s3/1470.parquet\", \"s3://tpch31087--apne1-az1--x-s3/1471.parquet\", \"s3://tpch31087--apne1-az1--x-s3/1472.parquet\", \"s3://tpch31087--apne1-az1--x-s3/1473.parquet\", \"s3://tpch31087--apne1-az1--x-s3/1474.parquet\", \"s3://tpch31087--apne1-az1--x-s3/1475.parquet\", \"s3://tpch31087--apne1-az1--x-s3/1476.parquet\", \"s3://tpch31087--apne1-az1--x-s3/1477.parquet\", \"s3://tpch31087--apne1-az1--x-s3/1478.parquet\", \"s3://tpch31087--apne1-az1--x-s3/1479.parquet\", \"s3://tpch31087--apne1-az1--x-s3/1480.parquet\", \"s3://tpch31087--apne1-az1--x-s3/1481.parquet\", \"s3://tpch31087--apne1-az1--x-s3/1482.parquet\", \"s3://tpch31087--apne1-az1--x-s3/1483.parquet\", \"s3://tpch31087--apne1-az1--x-s3/1484.parquet\", \"s3://tpch31087--apne1-az1--x-s3/1485.parquet\", \"s3://tpch31087--apne1-az1--x-s3/1486.parquet\", \"s3://tpch31087--apne1-az1--x-s3/1487.parquet\", \"s3://tpch31087--apne1-az1--x-s3/1488.parquet\", \"s3://tpch31087--apne1-az1--x-s3/1489.parquet\", \"s3://tpch31087--apne1-az1--x-s3/1490.parquet\", \"s3://tpch31087--apne1-az1--x-s3/1491.parquet\", \"s3://tpch31087--apne1-az1--x-s3/1492.parquet\", \"s3://tpch31087--apne1-az1--x-s3/1493.parquet\", \"s3://tpch31087--apne1-az1--x-s3/1494.parquet\", \"s3://tpch31087--apne1-az1--x-s3/1495.parquet\", \"s3://tpch31087--apne1-az1--x-s3/1496.parquet\", \"s3://tpch31087--apne1-az1--x-s3/1497.parquet\", \"s3://tpch31087--apne1-az1--x-s3/1498.parquet\", \"s3://tpch31087--apne1-az1--x-s3/1499.parquet\", \"s3://tpch31087--apne1-az1--x-s3/1500.parquet\", \"s3://tpch31087--apne1-az1--x-s3/1501.parquet\", \"s3://tpch31087--apne1-az1--x-s3/1502.parquet\", \"s3://tpch31087--apne1-az1--x-s3/1503.parquet\", \"s3://tpch31087--apne1-az1--x-s3/1504.parquet\", \"s3://tpch31087--apne1-az1--x-s3/1505.parquet\", \"s3://tpch31087--apne1-az1--x-s3/1506.parquet\", \"s3://tpch31087--apne1-az1--x-s3/1507.parquet\", \"s3://tpch31087--apne1-az1--x-s3/1508.parquet\", \"s3://tpch31087--apne1-az1--x-s3/1509.parquet\", \"s3://tpch31087--apne1-az1--x-s3/1510.parquet\", \"s3://tpch31087--apne1-az1--x-s3/1511.parquet\", \"s3://tpch31087--apne1-az1--x-s3/1512.parquet\", \"s3://tpch31087--apne1-az1--x-s3/1513.parquet\", \"s3://tpch31087--apne1-az1--x-s3/1514.parquet\", \"s3://tpch31087--apne1-az1--x-s3/1515.parquet\", \"s3://tpch31087--apne1-az1--x-s3/1516.parquet\", \"s3://tpch31087--apne1-az1--x-s3/1517.parquet\", \"s3://tpch31087--apne1-az1--x-s3/1518.parquet\", \"s3://tpch31087--apne1-az1--x-s3/1519.parquet\", \"s3://tpch31087--apne1-az1--x-s3/1520.parquet\", \"s3://tpch31087--apne1-az1--x-s3/1521.parquet\", \"s3://tpch31087--apne1-az1--x-s3/1522.parquet\", \"s3://tpch31087--apne1-az1--x-s3/1523.parquet\", \"s3://tpch31087--apne1-az1--x-s3/1524.parquet\", \"s3://tpch31087--apne1-az1--x-s3/1525.parquet\", \"s3://tpch31087--apne1-az1--x-s3/1526.parquet\", \"s3://tpch31087--apne1-az1--x-s3/1527.parquet\", \"s3://tpch31087--apne1-az1--x-s3/1528.parquet\", \"s3://tpch31087--apne1-az1--x-s3/1529.parquet\", \"s3://tpch31087--apne1-az1--x-s3/1530.parquet\", \"s3://tpch31087--apne1-az1--x-s3/1531.parquet\", \"s3://tpch31087--apne1-az1--x-s3/1532.parquet\", \"s3://tpch31087--apne1-az1--x-s3/1533.parquet\", \"s3://tpch31087--apne1-az1--x-s3/1534.parquet\", \"s3://tpch31087--apne1-az1--x-s3/1535.parquet\", \"s3://tpch31087--apne1-az1--x-s3/1536.parquet\", \"s3://tpch31087--apne1-az1--x-s3/1537.parquet\", \"s3://tpch31087--apne1-az1--x-s3/1538.parquet\", \"s3://tpch31087--apne1-az1--x-s3/1539.parquet\", \"s3://tpch31087--apne1-az1--x-s3/1540.parquet\", \"s3://tpch31087--apne1-az1--x-s3/1541.parquet\", \"s3://tpch31087--apne1-az1--x-s3/1542.parquet\", \"s3://tpch31087--apne1-az1--x-s3/1543.parquet\", \"s3://tpch31087--apne1-az1--x-s3/1544.parquet\", \"s3://tpch31087--apne1-az1--x-s3/1545.parquet\", \"s3://tpch31087--apne1-az1--x-s3/1546.parquet\", \"s3://tpch31087--apne1-az1--x-s3/1547.parquet\", \"s3://tpch31087--apne1-az1--x-s3/1548.parquet\", \"s3://tpch31087--apne1-az1--x-s3/1549.parquet\", \"s3://tpch31087--apne1-az1--x-s3/1550.parquet\", \"s3://tpch31087--apne1-az1--x-s3/1551.parquet\", \"s3://tpch31087--apne1-az1--x-s3/1552.parquet\", \"s3://tpch31087--apne1-az1--x-s3/1553.parquet\", \"s3://tpch31087--apne1-az1--x-s3/1554.parquet\", \"s3://tpch31087--apne1-az1--x-s3/1555.parquet\", \"s3://tpch31087--apne1-az1--x-s3/1556.parquet\", \"s3://tpch31087--apne1-az1--x-s3/1557.parquet\", \"s3://tpch31087--apne1-az1--x-s3/1558.parquet\", \"s3://tpch31087--apne1-az1--x-s3/1559.parquet\", \"s3://tpch31087--apne1-az1--x-s3/1560.parquet\", \"s3://tpch31087--apne1-az1--x-s3/1561.parquet\", \"s3://tpch31087--apne1-az1--x-s3/1562.parquet\", \"s3://tpch31087--apne1-az1--x-s3/1563.parquet\", \"s3://tpch31087--apne1-az1--x-s3/1564.parquet\", \"s3://tpch31087--apne1-az1--x-s3/1565.parquet\", \"s3://tpch31087--apne1-az1--x-s3/1566.parquet\", \"s3://tpch31087--apne1-az1--x-s3/1567.parquet\", \"s3://tpch31087--apne1-az1--x-s3/1568.parquet\", \"s3://tpch31087--apne1-az1--x-s3/1569.parquet\", \"s3://tpch31087--apne1-az1--x-s3/1570.parquet\", \"s3://tpch31087--apne1-az1--x-s3/1571.parquet\", \"s3://tpch31087--apne1-az1--x-s3/1572.parquet\", \"s3://tpch31087--apne1-az1--x-s3/1573.parquet\", \"s3://tpch31087--apne1-az1--x-s3/1574.parquet\", \"s3://tpch31087--apne1-az1--x-s3/1575.parquet\", \"s3://tpch31087--apne1-az1--x-s3/1576.parquet\", \"s3://tpch31087--apne1-az1--x-s3/1577.parquet\", \"s3://tpch31087--apne1-az1--x-s3/1578.parquet\", \"s3://tpch31087--apne1-az1--x-s3/1579.parquet\", \"s3://tpch31087--apne1-az1--x-s3/1580.parquet\", \"s3://tpch31087--apne1-az1--x-s3/1581.parquet\", \"s3://tpch31087--apne1-az1--x-s3/1582.parquet\", \"s3://tpch31087--apne1-az1--x-s3/1583.parquet\", \"s3://tpch31087--apne1-az1--x-s3/1584.parquet\", \"s3://tpch31087--apne1-az1--x-s3/1585.parquet\", \"s3://tpch31087--apne1-az1--x-s3/1586.parquet\", \"s3://tpch31087--apne1-az1--x-s3/1587.parquet\", \"s3://tpch31087--apne1-az1--x-s3/1588.parquet\", \"s3://tpch31087--apne1-az1--x-s3/1589.parquet\", \"s3://tpch31087--apne1-az1--x-s3/1590.parquet\", \"s3://tpch31087--apne1-az1--x-s3/1591.parquet\", \"s3://tpch31087--apne1-az1--x-s3/1592.parquet\", \"s3://tpch31087--apne1-az1--x-s3/1593.parquet\", \"s3://tpch31087--apne1-az1--x-s3/1594.parquet\", \"s3://tpch31087--apne1-az1--x-s3/1595.parquet\", \"s3://tpch31087--apne1-az1--x-s3/1596.parquet\", \"s3://tpch31087--apne1-az1--x-s3/1597.parquet\", \"s3://tpch31087--apne1-az1--x-s3/1598.parquet\", \"s3://tpch31087--apne1-az1--x-s3/1599.parquet\", \"s3://tpch31087--apne1-az1--x-s3/1600.parquet\", \"s3://tpch31087--apne1-az1--x-s3/1601.parquet\", \"s3://tpch31087--apne1-az1--x-s3/1602.parquet\", \"s3://tpch31087--apne1-az1--x-s3/1603.parquet\", \"s3://tpch31087--apne1-az1--x-s3/1604.parquet\", \"s3://tpch31087--apne1-az1--x-s3/1605.parquet\", \"s3://tpch31087--apne1-az1--x-s3/1606.parquet\", \"s3://tpch31087--apne1-az1--x-s3/1607.parquet\", \"s3://tpch31087--apne1-az1--x-s3/1608.parquet\", \"s3://tpch31087--apne1-az1--x-s3/1609.parquet\", \"s3://tpch31087--apne1-az1--x-s3/1610.parquet\", \"s3://tpch31087--apne1-az1--x-s3/1611.parquet\", \"s3://tpch31087--apne1-az1--x-s3/1612.parquet\", \"s3://tpch31087--apne1-az1--x-s3/1613.parquet\", \"s3://tpch31087--apne1-az1--x-s3/1614.parquet\", \"s3://tpch31087--apne1-az1--x-s3/1615.parquet\", \"s3://tpch31087--apne1-az1--x-s3/1616.parquet\", \"s3://tpch31087--apne1-az1--x-s3/1617.parquet\", \"s3://tpch31087--apne1-az1--x-s3/1618.parquet\", \"s3://tpch31087--apne1-az1--x-s3/1619.parquet\", \"s3://tpch31087--apne1-az1--x-s3/1620.parquet\", \"s3://tpch31087--apne1-az1--x-s3/1621.parquet\", \"s3://tpch31087--apne1-az1--x-s3/1622.parquet\", \"s3://tpch31087--apne1-az1--x-s3/1623.parquet\", \"s3://tpch31087--apne1-az1--x-s3/1624.parquet\", \"s3://tpch31087--apne1-az1--x-s3/1625.parquet\", \"s3://tpch31087--apne1-az1--x-s3/1626.parquet\", \"s3://tpch31087--apne1-az1--x-s3/1627.parquet\", \"s3://tpch31087--apne1-az1--x-s3/1628.parquet\", \"s3://tpch31087--apne1-az1--x-s3/1629.parquet\", \"s3://tpch31087--apne1-az1--x-s3/1630.parquet\", \"s3://tpch31087--apne1-az1--x-s3/1631.parquet\", \"s3://tpch31087--apne1-az1--x-s3/1632.parquet\", \"s3://tpch31087--apne1-az1--x-s3/1633.parquet\", \"s3://tpch31087--apne1-az1--x-s3/1634.parquet\", \"s3://tpch31087--apne1-az1--x-s3/1635.parquet\", \"s3://tpch31087--apne1-az1--x-s3/1636.parquet\", \"s3://tpch31087--apne1-az1--x-s3/1637.parquet\", \"s3://tpch31087--apne1-az1--x-s3/1638.parquet\", \"s3://tpch31087--apne1-az1--x-s3/1639.parquet\", \"s3://tpch31087--apne1-az1--x-s3/1640.parquet\", \"s3://tpch31087--apne1-az1--x-s3/1641.parquet\", \"s3://tpch31087--apne1-az1--x-s3/1642.parquet\", \"s3://tpch31087--apne1-az1--x-s3/1643.parquet\", \"s3://tpch31087--apne1-az1--x-s3/1644.parquet\", \"s3://tpch31087--apne1-az1--x-s3/1645.parquet\", \"s3://tpch31087--apne1-az1--x-s3/1646.parquet\", \"s3://tpch31087--apne1-az1--x-s3/1647.parquet\", \"s3://tpch31087--apne1-az1--x-s3/1648.parquet\", \"s3://tpch31087--apne1-az1--x-s3/1649.parquet\", \"s3://tpch31087--apne1-az1--x-s3/1650.parquet\", \"s3://tpch31087--apne1-az1--x-s3/1651.parquet\", \"s3://tpch31087--apne1-az1--x-s3/1652.parquet\", \"s3://tpch31087--apne1-az1--x-s3/1653.parquet\", \"s3://tpch31087--apne1-az1--x-s3/1654.parquet\", \"s3://tpch31087--apne1-az1--x-s3/1655.parquet\", \"s3://tpch31087--apne1-az1--x-s3/1656.parquet\", \"s3://tpch31087--apne1-az1--x-s3/1657.parquet\", \"s3://tpch31087--apne1-az1--x-s3/1658.parquet\", \"s3://tpch31087--apne1-az1--x-s3/1659.parquet\", \"s3://tpch31087--apne1-az1--x-s3/1660.parquet\", \"s3://tpch31087--apne1-az1--x-s3/1661.parquet\", \"s3://tpch31087--apne1-az1--x-s3/1662.parquet\", \"s3://tpch31087--apne1-az1--x-s3/1663.parquet\", \"s3://tpch31087--apne1-az1--x-s3/1664.parquet\", \"s3://tpch31087--apne1-az1--x-s3/1665.parquet\", \"s3://tpch31087--apne1-az1--x-s3/1666.parquet\", \"s3://tpch31087--apne1-az1--x-s3/1667.parquet\", \"s3://tpch31087--apne1-az1--x-s3/1668.parquet\", \"s3://tpch31087--apne1-az1--x-s3/1669.parquet\", \"s3://tpch31087--apne1-az1--x-s3/1670.parquet\", \"s3://tpch31087--apne1-az1--x-s3/1671.parquet\", \"s3://tpch31087--apne1-az1--x-s3/1672.parquet\", \"s3://tpch31087--apne1-az1--x-s3/1673.parquet\", \"s3://tpch31087--apne1-az1--x-s3/1674.parquet\", \"s3://tpch31087--apne1-az1--x-s3/1675.parquet\", \"s3://tpch31087--apne1-az1--x-s3/1676.parquet\", \"s3://tpch31087--apne1-az1--x-s3/1677.parquet\", \"s3://tpch31087--apne1-az1--x-s3/1678.parquet\", \"s3://tpch31087--apne1-az1--x-s3/1679.parquet\", \"s3://tpch31087--apne1-az1--x-s3/1680.parquet\", \"s3://tpch31087--apne1-az1--x-s3/1681.parquet\", \"s3://tpch31087--apne1-az1--x-s3/1682.parquet\", \"s3://tpch31087--apne1-az1--x-s3/1683.parquet\", \"s3://tpch31087--apne1-az1--x-s3/1684.parquet\", \"s3://tpch31087--apne1-az1--x-s3/1685.parquet\", \"s3://tpch31087--apne1-az1--x-s3/1686.parquet\", \"s3://tpch31087--apne1-az1--x-s3/1687.parquet\", \"s3://tpch31087--apne1-az1--x-s3/1688.parquet\", \"s3://tpch31087--apne1-az1--x-s3/1689.parquet\", \"s3://tpch31087--apne1-az1--x-s3/1690.parquet\", \"s3://tpch31087--apne1-az1--x-s3/1691.parquet\", \"s3://tpch31087--apne1-az1--x-s3/1692.parquet\", \"s3://tpch31087--apne1-az1--x-s3/1693.parquet\", \"s3://tpch31087--apne1-az1--x-s3/1694.parquet\", \"s3://tpch31087--apne1-az1--x-s3/1695.parquet\", \"s3://tpch31087--apne1-az1--x-s3/1696.parquet\", \"s3://tpch31087--apne1-az1--x-s3/1697.parquet\", \"s3://tpch31087--apne1-az1--x-s3/1698.parquet\", \"s3://tpch31087--apne1-az1--x-s3/1699.parquet\", \"s3://tpch31087--apne1-az1--x-s3/1700.parquet\", \"s3://tpch31087--apne1-az1--x-s3/1701.parquet\", \"s3://tpch31087--apne1-az1--x-s3/1702.parquet\", \"s3://tpch31087--apne1-az1--x-s3/1703.parquet\", \"s3://tpch31087--apne1-az1--x-s3/1704.parquet\", \"s3://tpch31087--apne1-az1--x-s3/1705.parquet\", \"s3://tpch31087--apne1-az1--x-s3/1706.parquet\", \"s3://tpch31087--apne1-az1--x-s3/1707.parquet\", \"s3://tpch31087--apne1-az1--x-s3/1708.parquet\", \"s3://tpch31087--apne1-az1--x-s3/1709.parquet\", \"s3://tpch31087--apne1-az1--x-s3/1710.parquet\", \"s3://tpch31087--apne1-az1--x-s3/1711.parquet\", \"s3://tpch31087--apne1-az1--x-s3/1712.parquet\", \"s3://tpch31087--apne1-az1--x-s3/1713.parquet\", \"s3://tpch31087--apne1-az1--x-s3/1714.parquet\", \"s3://tpch31087--apne1-az1--x-s3/1715.parquet\", \"s3://tpch31087--apne1-az1--x-s3/1716.parquet\", \"s3://tpch31087--apne1-az1--x-s3/1717.parquet\", \"s3://tpch31087--apne1-az1--x-s3/1718.parquet\", \"s3://tpch31087--apne1-az1--x-s3/1719.parquet\", \"s3://tpch31087--apne1-az1--x-s3/1720.parquet\", \"s3://tpch31087--apne1-az1--x-s3/1721.parquet\", \"s3://tpch31087--apne1-az1--x-s3/1722.parquet\", \"s3://tpch31087--apne1-az1--x-s3/1723.parquet\", \"s3://tpch31087--apne1-az1--x-s3/1724.parquet\", \"s3://tpch31087--apne1-az1--x-s3/1725.parquet\", \"s3://tpch31087--apne1-az1--x-s3/1726.parquet\", \"s3://tpch31087--apne1-az1--x-s3/1727.parquet\", \"s3://tpch31087--apne1-az1--x-s3/1728.parquet\", \"s3://tpch31087--apne1-az1--x-s3/1729.parquet\", \"s3://tpch31087--apne1-az1--x-s3/1730.parquet\", \"s3://tpch31087--apne1-az1--x-s3/1731.parquet\", \"s3://tpch31087--apne1-az1--x-s3/1732.parquet\", \"s3://tpch31087--apne1-az1--x-s3/1733.parquet\", \"s3://tpch31087--apne1-az1--x-s3/1734.parquet\", \"s3://tpch31087--apne1-az1--x-s3/1735.parquet\", \"s3://tpch31087--apne1-az1--x-s3/1736.parquet\", \"s3://tpch31087--apne1-az1--x-s3/1737.parquet\", \"s3://tpch31087--apne1-az1--x-s3/1738.parquet\", \"s3://tpch31087--apne1-az1--x-s3/1739.parquet\", \"s3://tpch31087--apne1-az1--x-s3/1740.parquet\", \"s3://tpch31087--apne1-az1--x-s3/1741.parquet\", \"s3://tpch31087--apne1-az1--x-s3/1742.parquet\", \"s3://tpch31087--apne1-az1--x-s3/1743.parquet\", \"s3://tpch31087--apne1-az1--x-s3/1744.parquet\", \"s3://tpch31087--apne1-az1--x-s3/1745.parquet\", \"s3://tpch31087--apne1-az1--x-s3/1746.parquet\", \"s3://tpch31087--apne1-az1--x-s3/1747.parquet\", \"s3://tpch31087--apne1-az1--x-s3/1748.parquet\", \"s3://tpch31087--apne1-az1--x-s3/1749.parquet\", \"s3://tpch31087--apne1-az1--x-s3/1750.parquet\", \"s3://tpch31087--apne1-az1--x-s3/1751.parquet\", \"s3://tpch31087--apne1-az1--x-s3/1752.parquet\", \"s3://tpch31087--apne1-az1--x-s3/1753.parquet\", \"s3://tpch31087--apne1-az1--x-s3/1754.parquet\", \"s3://tpch31087--apne1-az1--x-s3/1755.parquet\", \"s3://tpch31087--apne1-az1--x-s3/1756.parquet\", \"s3://tpch31087--apne1-az1--x-s3/1757.parquet\", \"s3://tpch31087--apne1-az1--x-s3/1758.parquet\", \"s3://tpch31087--apne1-az1--x-s3/1759.parquet\", \"s3://tpch31087--apne1-az1--x-s3/1760.parquet\", \"s3://tpch31087--apne1-az1--x-s3/1761.parquet\", \"s3://tpch31087--apne1-az1--x-s3/1762.parquet\", \"s3://tpch31087--apne1-az1--x-s3/1763.parquet\", \"s3://tpch31087--apne1-az1--x-s3/1764.parquet\", \"s3://tpch31087--apne1-az1--x-s3/1765.parquet\", \"s3://tpch31087--apne1-az1--x-s3/1766.parquet\", \"s3://tpch31087--apne1-az1--x-s3/1767.parquet\", \"s3://tpch31087--apne1-az1--x-s3/1768.parquet\", \"s3://tpch31087--apne1-az1--x-s3/1769.parquet\", \"s3://tpch31087--apne1-az1--x-s3/1770.parquet\", \"s3://tpch31087--apne1-az1--x-s3/1771.parquet\", \"s3://tpch31087--apne1-az1--x-s3/1772.parquet\", \"s3://tpch31087--apne1-az1--x-s3/1773.parquet\", \"s3://tpch31087--apne1-az1--x-s3/1774.parquet\", \"s3://tpch31087--apne1-az1--x-s3/1775.parquet\", \"s3://tpch31087--apne1-az1--x-s3/1776.parquet\", \"s3://tpch31087--apne1-az1--x-s3/1777.parquet\", \"s3://tpch31087--apne1-az1--x-s3/1778.parquet\", \"s3://tpch31087--apne1-az1--x-s3/1779.parquet\", \"s3://tpch31087--apne1-az1--x-s3/1780.parquet\", \"s3://tpch31087--apne1-az1--x-s3/1781.parquet\", \"s3://tpch31087--apne1-az1--x-s3/1782.parquet\", \"s3://tpch31087--apne1-az1--x-s3/1783.parquet\", \"s3://tpch31087--apne1-az1--x-s3/1784.parquet\", \"s3://tpch31087--apne1-az1--x-s3/1785.parquet\", \"s3://tpch31087--apne1-az1--x-s3/1786.parquet\", \"s3://tpch31087--apne1-az1--x-s3/1787.parquet\", \"s3://tpch31087--apne1-az1--x-s3/1788.parquet\", \"s3://tpch31087--apne1-az1--x-s3/1789.parquet\", \"s3://tpch31087--apne1-az1--x-s3/1790.parquet\", \"s3://tpch31087--apne1-az1--x-s3/1791.parquet\", \"s3://tpch31087--apne1-az1--x-s3/1792.parquet\", \"s3://tpch31087--apne1-az1--x-s3/1793.parquet\", \"s3://tpch31087--apne1-az1--x-s3/1794.parquet\", \"s3://tpch31087--apne1-az1--x-s3/1795.parquet\", \"s3://tpch31087--apne1-az1--x-s3/1796.parquet\", \"s3://tpch31087--apne1-az1--x-s3/1797.parquet\", \"s3://tpch31087--apne1-az1--x-s3/1798.parquet\", \"s3://tpch31087--apne1-az1--x-s3/1799.parquet\", \"s3://tpch31087--apne1-az1--x-s3/1800.parquet\", \"s3://tpch31087--apne1-az1--x-s3/1801.parquet\", \"s3://tpch31087--apne1-az1--x-s3/1802.parquet\", \"s3://tpch31087--apne1-az1--x-s3/1803.parquet\", \"s3://tpch31087--apne1-az1--x-s3/1804.parquet\", \"s3://tpch31087--apne1-az1--x-s3/1805.parquet\", \"s3://tpch31087--apne1-az1--x-s3/1806.parquet\", \"s3://tpch31087--apne1-az1--x-s3/1807.parquet\", \"s3://tpch31087--apne1-az1--x-s3/1808.parquet\", \"s3://tpch31087--apne1-az1--x-s3/1809.parquet\", \"s3://tpch31087--apne1-az1--x-s3/1810.parquet\", \"s3://tpch31087--apne1-az1--x-s3/1811.parquet\", \"s3://tpch31087--apne1-az1--x-s3/1812.parquet\", \"s3://tpch31087--apne1-az1--x-s3/1813.parquet\", \"s3://tpch31087--apne1-az1--x-s3/1814.parquet\", \"s3://tpch31087--apne1-az1--x-s3/1815.parquet\", \"s3://tpch31087--apne1-az1--x-s3/1816.parquet\", \"s3://tpch31087--apne1-az1--x-s3/1817.parquet\", \"s3://tpch31087--apne1-az1--x-s3/1818.parquet\", \"s3://tpch31087--apne1-az1--x-s3/1819.parquet\", \"s3://tpch31087--apne1-az1--x-s3/1820.parquet\", \"s3://tpch31087--apne1-az1--x-s3/1821.parquet\", \"s3://tpch31087--apne1-az1--x-s3/1822.parquet\", \"s3://tpch31087--apne1-az1--x-s3/1823.parquet\", \"s3://tpch31087--apne1-az1--x-s3/1824.parquet\", \"s3://tpch31087--apne1-az1--x-s3/1825.parquet\", \"s3://tpch31087--apne1-az1--x-s3/1826.parquet\", \"s3://tpch31087--apne1-az1--x-s3/1827.parquet\", \"s3://tpch31087--apne1-az1--x-s3/1828.parquet\", \"s3://tpch31087--apne1-az1--x-s3/1829.parquet\", \"s3://tpch31087--apne1-az1--x-s3/1830.parquet\", \"s3://tpch31087--apne1-az1--x-s3/1831.parquet\", \"s3://tpch31087--apne1-az1--x-s3/1832.parquet\", \"s3://tpch31087--apne1-az1--x-s3/1833.parquet\", \"s3://tpch31087--apne1-az1--x-s3/1834.parquet\", \"s3://tpch31087--apne1-az1--x-s3/1835.parquet\", \"s3://tpch31087--apne1-az1--x-s3/1836.parquet\", \"s3://tpch31087--apne1-az1--x-s3/1837.parquet\", \"s3://tpch31087--apne1-az1--x-s3/1838.parquet\", \"s3://tpch31087--apne1-az1--x-s3/1839.parquet\", \"s3://tpch31087--apne1-az1--x-s3/1840.parquet\", \"s3://tpch31087--apne1-az1--x-s3/1841.parquet\", \"s3://tpch31087--apne1-az1--x-s3/1842.parquet\", \"s3://tpch31087--apne1-az1--x-s3/1843.parquet\", \"s3://tpch31087--apne1-az1--x-s3/1844.parquet\", \"s3://tpch31087--apne1-az1--x-s3/1845.parquet\", \"s3://tpch31087--apne1-az1--x-s3/1846.parquet\", \"s3://tpch31087--apne1-az1--x-s3/1847.parquet\", \"s3://tpch31087--apne1-az1--x-s3/1848.parquet\", \"s3://tpch31087--apne1-az1--x-s3/1849.parquet\", \"s3://tpch31087--apne1-az1--x-s3/1850.parquet\", \"s3://tpch31087--apne1-az1--x-s3/1851.parquet\", \"s3://tpch31087--apne1-az1--x-s3/1852.parquet\", \"s3://tpch31087--apne1-az1--x-s3/1853.parquet\", \"s3://tpch31087--apne1-az1--x-s3/1854.parquet\", \"s3://tpch31087--apne1-az1--x-s3/1855.parquet\", \"s3://tpch31087--apne1-az1--x-s3/1856.parquet\", \"s3://tpch31087--apne1-az1--x-s3/1857.parquet\", \"s3://tpch31087--apne1-az1--x-s3/1858.parquet\", \"s3://tpch31087--apne1-az1--x-s3/1859.parquet\", \"s3://tpch31087--apne1-az1--x-s3/1860.parquet\", \"s3://tpch31087--apne1-az1--x-s3/1861.parquet\", \"s3://tpch31087--apne1-az1--x-s3/1862.parquet\", \"s3://tpch31087--apne1-az1--x-s3/1863.parquet\", \"s3://tpch31087--apne1-az1--x-s3/1864.parquet\", \"s3://tpch31087--apne1-az1--x-s3/1865.parquet\", \"s3://tpch31087--apne1-az1--x-s3/1866.parquet\", \"s3://tpch31087--apne1-az1--x-s3/1867.parquet\", \"s3://tpch31087--apne1-az1--x-s3/1868.parquet\", \"s3://tpch31087--apne1-az1--x-s3/1869.parquet\", \"s3://tpch31087--apne1-az1--x-s3/1870.parquet\", \"s3://tpch31087--apne1-az1--x-s3/1871.parquet\", \"s3://tpch31087--apne1-az1--x-s3/1872.parquet\", \"s3://tpch31087--apne1-az1--x-s3/1873.parquet\", \"s3://tpch31087--apne1-az1--x-s3/1874.parquet\", \"s3://tpch31087--apne1-az1--x-s3/1875.parquet\", \"s3://tpch31087--apne1-az1--x-s3/1876.parquet\", \"s3://tpch31087--apne1-az1--x-s3/1877.parquet\", \"s3://tpch31087--apne1-az1--x-s3/1878.parquet\", \"s3://tpch31087--apne1-az1--x-s3/1879.parquet\", \"s3://tpch31087--apne1-az1--x-s3/1880.parquet\", \"s3://tpch31087--apne1-az1--x-s3/1881.parquet\", \"s3://tpch31087--apne1-az1--x-s3/1882.parquet\", \"s3://tpch31087--apne1-az1--x-s3/1883.parquet\", \"s3://tpch31087--apne1-az1--x-s3/1884.parquet\", \"s3://tpch31087--apne1-az1--x-s3/1885.parquet\", \"s3://tpch31087--apne1-az1--x-s3/1886.parquet\", \"s3://tpch31087--apne1-az1--x-s3/1887.parquet\", \"s3://tpch31087--apne1-az1--x-s3/1888.parquet\", \"s3://tpch31087--apne1-az1--x-s3/1889.parquet\", \"s3://tpch31087--apne1-az1--x-s3/1890.parquet\", \"s3://tpch31087--apne1-az1--x-s3/1891.parquet\", \"s3://tpch31087--apne1-az1--x-s3/1892.parquet\", \"s3://tpch31087--apne1-az1--x-s3/1893.parquet\", \"s3://tpch31087--apne1-az1--x-s3/1894.parquet\", \"s3://tpch31087--apne1-az1--x-s3/1895.parquet\", \"s3://tpch31087--apne1-az1--x-s3/1896.parquet\", \"s3://tpch31087--apne1-az1--x-s3/1897.parquet\", \"s3://tpch31087--apne1-az1--x-s3/1898.parquet\", \"s3://tpch31087--apne1-az1--x-s3/1899.parquet\", \"s3://tpch31087--apne1-az1--x-s3/1900.parquet\", \"s3://tpch31087--apne1-az1--x-s3/1901.parquet\", \"s3://tpch31087--apne1-az1--x-s3/1902.parquet\", \"s3://tpch31087--apne1-az1--x-s3/1903.parquet\", \"s3://tpch31087--apne1-az1--x-s3/1904.parquet\", \"s3://tpch31087--apne1-az1--x-s3/1905.parquet\", \"s3://tpch31087--apne1-az1--x-s3/1906.parquet\", \"s3://tpch31087--apne1-az1--x-s3/1907.parquet\", \"s3://tpch31087--apne1-az1--x-s3/1908.parquet\", \"s3://tpch31087--apne1-az1--x-s3/1909.parquet\", \"s3://tpch31087--apne1-az1--x-s3/1910.parquet\", \"s3://tpch31087--apne1-az1--x-s3/1911.parquet\", \"s3://tpch31087--apne1-az1--x-s3/1912.parquet\", \"s3://tpch31087--apne1-az1--x-s3/1913.parquet\", \"s3://tpch31087--apne1-az1--x-s3/1914.parquet\", \"s3://tpch31087--apne1-az1--x-s3/1915.parquet\", \"s3://tpch31087--apne1-az1--x-s3/1916.parquet\", \"s3://tpch31087--apne1-az1--x-s3/1917.parquet\", \"s3://tpch31087--apne1-az1--x-s3/1918.parquet\", \"s3://tpch31087--apne1-az1--x-s3/1919.parquet\", \"s3://tpch31087--apne1-az1--x-s3/1920.parquet\", \"s3://tpch31087--apne1-az1--x-s3/1921.parquet\", \"s3://tpch31087--apne1-az1--x-s3/1922.parquet\", \"s3://tpch31087--apne1-az1--x-s3/1923.parquet\", \"s3://tpch31087--apne1-az1--x-s3/1924.parquet\", \"s3://tpch31087--apne1-az1--x-s3/1925.parquet\", \"s3://tpch31087--apne1-az1--x-s3/1926.parquet\", \"s3://tpch31087--apne1-az1--x-s3/1927.parquet\", \"s3://tpch31087--apne1-az1--x-s3/1928.parquet\", \"s3://tpch31087--apne1-az1--x-s3/1929.parquet\", \"s3://tpch31087--apne1-az1--x-s3/1930.parquet\", \"s3://tpch31087--apne1-az1--x-s3/1931.parquet\", \"s3://tpch31087--apne1-az1--x-s3/1932.parquet\", \"s3://tpch31087--apne1-az1--x-s3/1933.parquet\", \"s3://tpch31087--apne1-az1--x-s3/1934.parquet\", \"s3://tpch31087--apne1-az1--x-s3/1935.parquet\", \"s3://tpch31087--apne1-az1--x-s3/1936.parquet\", \"s3://tpch31087--apne1-az1--x-s3/1937.parquet\", \"s3://tpch31087--apne1-az1--x-s3/1938.parquet\", \"s3://tpch31087--apne1-az1--x-s3/1939.parquet\", \"s3://tpch31087--apne1-az1--x-s3/1940.parquet\", \"s3://tpch31087--apne1-az1--x-s3/1941.parquet\", \"s3://tpch31087--apne1-az1--x-s3/1942.parquet\", \"s3://tpch31087--apne1-az1--x-s3/1943.parquet\", \"s3://tpch31087--apne1-az1--x-s3/1944.parquet\", \"s3://tpch31087--apne1-az1--x-s3/1945.parquet\", \"s3://tpch31087--apne1-az1--x-s3/1946.parquet\", \"s3://tpch31087--apne1-az1--x-s3/1947.parquet\", \"s3://tpch31087--apne1-az1--x-s3/1948.parquet\", \"s3://tpch31087--apne1-az1--x-s3/1949.parquet\", \"s3://tpch31087--apne1-az1--x-s3/1950.parquet\", \"s3://tpch31087--apne1-az1--x-s3/1951.parquet\", \"s3://tpch31087--apne1-az1--x-s3/1952.parquet\", \"s3://tpch31087--apne1-az1--x-s3/1953.parquet\", \"s3://tpch31087--apne1-az1--x-s3/1954.parquet\", \"s3://tpch31087--apne1-az1--x-s3/1955.parquet\", \"s3://tpch31087--apne1-az1--x-s3/1956.parquet\", \"s3://tpch31087--apne1-az1--x-s3/1957.parquet\", \"s3://tpch31087--apne1-az1--x-s3/1958.parquet\", \"s3://tpch31087--apne1-az1--x-s3/1959.parquet\", \"s3://tpch31087--apne1-az1--x-s3/1960.parquet\", \"s3://tpch31087--apne1-az1--x-s3/1961.parquet\", \"s3://tpch31087--apne1-az1--x-s3/1962.parquet\", \"s3://tpch31087--apne1-az1--x-s3/1963.parquet\", \"s3://tpch31087--apne1-az1--x-s3/1964.parquet\", \"s3://tpch31087--apne1-az1--x-s3/1965.parquet\", \"s3://tpch31087--apne1-az1--x-s3/1966.parquet\", \"s3://tpch31087--apne1-az1--x-s3/1967.parquet\", \"s3://tpch31087--apne1-az1--x-s3/1968.parquet\", \"s3://tpch31087--apne1-az1--x-s3/1969.parquet\", \"s3://tpch31087--apne1-az1--x-s3/1970.parquet\", \"s3://tpch31087--apne1-az1--x-s3/1971.parquet\", \"s3://tpch31087--apne1-az1--x-s3/1972.parquet\", \"s3://tpch31087--apne1-az1--x-s3/1973.parquet\", \"s3://tpch31087--apne1-az1--x-s3/1974.parquet\", \"s3://tpch31087--apne1-az1--x-s3/1975.parquet\", \"s3://tpch31087--apne1-az1--x-s3/1976.parquet\", \"s3://tpch31087--apne1-az1--x-s3/1977.parquet\", \"s3://tpch31087--apne1-az1--x-s3/1978.parquet\", \"s3://tpch31087--apne1-az1--x-s3/1979.parquet\", \"s3://tpch31087--apne1-az1--x-s3/1980.parquet\", \"s3://tpch31087--apne1-az1--x-s3/1981.parquet\", \"s3://tpch31087--apne1-az1--x-s3/1982.parquet\", \"s3://tpch31087--apne1-az1--x-s3/1983.parquet\", \"s3://tpch31087--apne1-az1--x-s3/1984.parquet\", \"s3://tpch31087--apne1-az1--x-s3/1985.parquet\", \"s3://tpch31087--apne1-az1--x-s3/1986.parquet\", \"s3://tpch31087--apne1-az1--x-s3/1987.parquet\", \"s3://tpch31087--apne1-az1--x-s3/1988.parquet\", \"s3://tpch31087--apne1-az1--x-s3/1989.parquet\", \"s3://tpch31087--apne1-az1--x-s3/1990.parquet\", \"s3://tpch31087--apne1-az1--x-s3/1991.parquet\", \"s3://tpch31087--apne1-az1--x-s3/1992.parquet\", \"s3://tpch31087--apne1-az1--x-s3/1993.parquet\", \"s3://tpch31087--apne1-az1--x-s3/1994.parquet\", \"s3://tpch31087--apne1-az1--x-s3/1995.parquet\", \"s3://tpch31087--apne1-az1--x-s3/1996.parquet\", \"s3://tpch31087--apne1-az1--x-s3/1997.parquet\", \"s3://tpch31087--apne1-az1--x-s3/1998.parquet\", \"s3://tpch31087--apne1-az1--x-s3/1999.parquet\", \"s3://tpch31087--apne1-az1--x-s3/2000.parquet\", \"s3://tpch31087--apne1-az1--x-s3/2001.parquet\", \"s3://tpch31087--apne1-az1--x-s3/2002.parquet\", \"s3://tpch31087--apne1-az1--x-s3/2003.parquet\", \"s3://tpch31087--apne1-az1--x-s3/2004.parquet\", \"s3://tpch31087--apne1-az1--x-s3/2005.parquet\", \"s3://tpch31087--apne1-az1--x-s3/2006.parquet\", \"s3://tpch31087--apne1-az1--x-s3/2007.parquet\", \"s3://tpch31087--apne1-az1--x-s3/2008.parquet\", \"s3://tpch31087--apne1-az1--x-s3/2009.parquet\", \"s3://tpch31087--apne1-az1--x-s3/2010.parquet\", \"s3://tpch31087--apne1-az1--x-s3/2011.parquet\", \"s3://tpch31087--apne1-az1--x-s3/2012.parquet\", \"s3://tpch31087--apne1-az1--x-s3/2013.parquet\", \"s3://tpch31087--apne1-az1--x-s3/2014.parquet\", \"s3://tpch31087--apne1-az1--x-s3/2015.parquet\", \"s3://tpch31087--apne1-az1--x-s3/2016.parquet\", \"s3://tpch31087--apne1-az1--x-s3/2017.parquet\", \"s3://tpch31087--apne1-az1--x-s3/2018.parquet\", \"s3://tpch31087--apne1-az1--x-s3/2019.parquet\", \"s3://tpch31087--apne1-az1--x-s3/2020.parquet\", \"s3://tpch31087--apne1-az1--x-s3/2021.parquet\", \"s3://tpch31087--apne1-az1--x-s3/2022.parquet\", \"s3://tpch31087--apne1-az1--x-s3/2023.parquet\", \"s3://tpch31087--apne1-az1--x-s3/2024.parquet\", \"s3://tpch31087--apne1-az1--x-s3/2025.parquet\", \"s3://tpch31087--apne1-az1--x-s3/2026.parquet\", \"s3://tpch31087--apne1-az1--x-s3/2027.parquet\", \"s3://tpch31087--apne1-az1--x-s3/2028.parquet\", \"s3://tpch31087--apne1-az1--x-s3/2029.parquet\", \"s3://tpch31087--apne1-az1--x-s3/2030.parquet\", \"s3://tpch31087--apne1-az1--x-s3/2031.parquet\", \"s3://tpch31087--apne1-az1--x-s3/2032.parquet\", \"s3://tpch31087--apne1-az1--x-s3/2033.parquet\", \"s3://tpch31087--apne1-az1--x-s3/2034.parquet\", \"s3://tpch31087--apne1-az1--x-s3/2035.parquet\", \"s3://tpch31087--apne1-az1--x-s3/2036.parquet\", \"s3://tpch31087--apne1-az1--x-s3/2037.parquet\", \"s3://tpch31087--apne1-az1--x-s3/2038.parquet\", \"s3://tpch31087--apne1-az1--x-s3/2039.parquet\", \"s3://tpch31087--apne1-az1--x-s3/2040.parquet\", \"s3://tpch31087--apne1-az1--x-s3/2041.parquet\", \"s3://tpch31087--apne1-az1--x-s3/2042.parquet\", \"s3://tpch31087--apne1-az1--x-s3/2043.parquet\", \"s3://tpch31087--apne1-az1--x-s3/2044.parquet\", \"s3://tpch31087--apne1-az1--x-s3/2045.parquet\", \"s3://tpch31087--apne1-az1--x-s3/2046.parquet\", \"s3://tpch31087--apne1-az1--x-s3/2047.parquet\", \"s3://tpch31087--apne1-az1--x-s3/2048.parquet\", \"s3://tpch31087--apne1-az1--x-s3/2049.parquet\", \"s3://tpch31087--apne1-az1--x-s3/2050.parquet\", \"s3://tpch31087--apne1-az1--x-s3/2051.parquet\", \"s3://tpch31087--apne1-az1--x-s3/2052.parquet\", \"s3://tpch31087--apne1-az1--x-s3/2053.parquet\", \"s3://tpch31087--apne1-az1--x-s3/2054.parquet\", \"s3://tpch31087--apne1-az1--x-s3/2055.parquet\", \"s3://tpch31087--apne1-az1--x-s3/2056.parquet\", \"s3://tpch31087--apne1-az1--x-s3/2057.parquet\", \"s3://tpch31087--apne1-az1--x-s3/2058.parquet\"])\n    WHERE\n        l_shipdate >= DATE '1992-01-01' + INTERVAL 26 MONTH\n        AND l_shipdate < DATE '1992-01-01' + INTERVAL 26 MONTH + INTERVAL 3 MONTH\n    GROUP BY\n        supplier_no\n)\nSELECT\n    s_suppkey,\n    s_name,\n    s_address,\n    s_phone,\n    total_revenue\nFROM\n    'pool/supplier/*.parquet',\n    revenue\nWHERE\n    s_suppkey = supplier_no\n    AND total_revenue = (\n        SELECT\n            max(total_revenue)\n        FROM\n            revenue\n    )\nORDER BY\n    s_suppkey;",
    "children": [
        {
            "result_set_size": 72,
            "operator_timing": 0.000034697,
            "operator_rows_scanned": 0,
            "cumulative_rows_scanned": 31230592000,
            "operator_cardinality": 1,
            "operator_type": "ORDER_BY",
            "cumulative_cardinality": 322535211,
            "extra_info": {
                "Order By": "\"pool/supplier/*.parquet\".s_suppkey ASC"
            },
            "cpu_time": 327.4061815860002,
            "children": [
                {
                    "result_set_size": 72,
                    "operator_timing": 0.000001108,
                    "operator_rows_scanned": 0,
                    "cumulative_rows_scanned": 31230592000,
                    "operator_cardinality": 1,
                    "operator_type": "PROJECTION",
                    "cumulative_cardinality": 322535210,
                    "extra_info": {
                        "Projections": [
                            "s_suppkey",
                            "s_name",
                            "s_address",
                            "s_phone",
                            "total_revenue"
                        ],
                        "Estimated Cardinality": "97265600"
                    },
                    "cpu_time": 327.4061468890002,
                    "children": [
                        {
                            "result_set_size": 0,
                            "operator_timing": 0.01757712,
                            "operator_rows_scanned": 0,
                            "cumulative_rows_scanned": 31230592000,
                            "operator_cardinality": 0,
                            "operator_type": "CTE",
                            "cumulative_cardinality": 322535209,
                            "extra_info": {
                                "CTE Name": "revenue",
                                "Table Index": "0"
                            },
                            "cpu_time": 327.4061457810002,
                            "children": [
                                {
                                    "result_set_size": 120000000,
                                    "operator_timing": 26.546272719999994,
                                    "operator_rows_scanned": 0,
                                    "cumulative_rows_scanned": 31124992000,
                                    "operator_cardinality": 5000000,
                                    "operator_type": "HASH_GROUP_BY",
                                    "cumulative_cardinality": 307535202,
                                    "extra_info": {
                                        "Groups": "#0",
                                        "Aggregates": "sum(#1)",
                                        "Estimated Cardinality": "97265600"
                                    },
                                    "cpu_time": 327.2938949980002,
                                    "children": [
                                        {
                                            "result_set_size": 2420281616,
                                            "operator_timing": 1.6885852249999984,
                                            "operator_rows_scanned": 0,
                                            "cumulative_rows_scanned": 31124992000,
                                            "operator_cardinality": 151267601,
                                            "operator_type": "PROJECTION",
                                            "cumulative_cardinality": 302535202,
                                            "extra_info": {
                                                "Projections": [
                                                    "supplier_no",
                                                    "(l_extendedprice * (1.00 - l_discount))"
                                                ],
                                                "Estimated Cardinality": "194531200"
                                            },
                                            "cpu_time": 300.7476222780002,
                                            "children": [
                                                {
                                                    "result_set_size": 3630422424,
                                                    "operator_timing": 299.0590370530002,
                                                    "operator_rows_scanned": 31124992000,
                                                    "cumulative_rows_scanned": 31124992000,
                                                    "operator_cardinality": 151267601,
                                                    "operator_type": "TABLE_SCAN",
                                                    "cumulative_cardinality": 151267601,
                                                    "extra_info": {
                                                        "Function": "READ_PARQUET",
                                                        "Projections": [
                                                            "l_suppkey",
                                                            "l_extendedprice",
                                                            "l_discount"
                                                        ],
                                                        "Filters": "l_shipdate>='1994-03-01'::DATE AND l_shipdate<'1994-06-01'::DATE AND l_shipdate IS NOT NULL",
                                                        "Estimated Cardinality": "194531200"
                                                    },
                                                    "cpu_time": 299.0590370530002,
                                                    "children": []
                                                }
                                            ]
                                        }
                                    ]
                                },
                                {
                                    "result_set_size": 96,
                                    "operator_timing": 0.00021593,
                                    "operator_rows_scanned": 0,
                                    "cumulative_rows_scanned": 105600000,
                                    "operator_cardinality": 1,
                                    "operator_type": "HASH_JOIN",
                                    "cumulative_cardinality": 15000007,
                                    "extra_info": {
                                        "Join Type": "INNER",
                                        "Conditions": "s_suppkey = supplier_no",
                                        "Estimated Cardinality": "0"
                                    },
                                    "cpu_time": 0.094673663,
                                    "children": [
                                        {
                                            "result_set_size": 56,
                                            "operator_timing": 0.020797415,
                                            "operator_rows_scanned": 105600000,
                                            "cumulative_rows_scanned": 105600000,
                                            "operator_cardinality": 1,
                                            "operator_type": "TABLE_SCAN",
                                            "cumulative_cardinality": 1,
                                            "extra_info": {
                                                "Function": "PARQUET_SCAN",
                                                "Projections": "",
                                                "Estimated Cardinality": "3300000"
                                            },
                                            "cpu_time": 0.020797415,
                                            "children": []
                                        },
                                        {
                                            "result_set_size": 40,
                                            "operator_timing": 0.028560019000000002,
                                            "operator_rows_scanned": 0,
                                            "cumulative_rows_scanned": 0,
                                            "operator_cardinality": 1,
                                            "operator_type": "HASH_JOIN",
                                            "cumulative_cardinality": 15000005,
                                            "extra_info": {
                                                "Join Type": "INNER",
                                                "Conditions": "total_revenue = SUBQUERY",
                                                "Estimated Cardinality": "0"
                                            },
                                            "cpu_time": 0.073660318,
                                            "children": [
                                                {
                                                    "result_set_size": 120000000,
                                                    "operator_timing": 0.009037543000000002,
                                                    "operator_rows_scanned": 0,
                                                    "cumulative_rows_scanned": 0,
                                                    "operator_cardinality": 5000000,
                                                    "operator_type": "CTE_SCAN",
                                                    "cumulative_cardinality": 5000000,
                                                    "extra_info": {
                                                        "CTE Index": "0",
                                                        "Estimated Cardinality": "97265600"
                                                    },
                                                    "cpu_time": 0.009037543000000002,
                                                    "children": []
                                                },
                                                {
                                                    "result_set_size": 16,
                                                    "operator_timing": 0.000003138,
                                                    "operator_rows_scanned": 0,
                                                    "cumulative_rows_scanned": 0,
                                                    "operator_cardinality": 1,
                                                    "operator_type": "PROJECTION",
                                                    "cumulative_cardinality": 10000004,
                                                    "extra_info": {
                                                        "Projections": [
                                                            "CASE  WHEN ((#1 > 1)) THEN (error('More than one row returned by a subquery used as an expression - scalar subqueries can only return a single row.",
                                                            "Use \"SET scalar_subquery_error_on_multiple_rows=false\" to revert to previous behavior of returning a random row.')) ELSE #0 END"
                                                        ],
                                                        "Estimated Cardinality": "1"
                                                    },
                                                    "cpu_time": 0.03606275600000001,
                                                    "children": [
                                                        {
                                                            "result_set_size": 24,
                                                            "operator_timing": 0.0000027029999999999998,
                                                            "operator_rows_scanned": 0,
                                                            "cumulative_rows_scanned": 0,
                                                            "operator_cardinality": 1,
                                                            "operator_type": "UNGROUPED_AGGREGATE",
                                                            "cumulative_cardinality": 10000003,
                                                            "extra_info": {
                                                                "Aggregates": [
                                                                    "\"first\"(#0)",
                                                                    "count_star()"
                                                                ]
                                                            },
                                                            "cpu_time": 0.03605961800000001,
                                                            "children": [
                                                                {
                                                                    "result_set_size": 16,
                                                                    "operator_timing": 2.35e-7,
                                                                    "operator_rows_scanned": 0,
                                                                    "cumulative_rows_scanned": 0,
                                                                    "operator_cardinality": 1,
                                                                    "operator_type": "PROJECTION",
                                                                    "cumulative_cardinality": 10000002,
                                                                    "extra_info": {
                                                                        "Projections": "#0",
                                                                        "Estimated Cardinality": "1"
                                                                    },
                                                                    "cpu_time": 0.03605691500000001,
                                                                    "children": [
                                                                        {
                                                                            "result_set_size": 16,
                                                                            "operator_timing": 0.008564984,
                                                                            "operator_rows_scanned": 0,
                                                                            "cumulative_rows_scanned": 0,
                                                                            "operator_cardinality": 1,
                                                                            "operator_type": "UNGROUPED_AGGREGATE",
                                                                            "cumulative_cardinality": 10000001,
                                                                            "extra_info": {
                                                                                "Aggregates": "max(#0)"
                                                                            },
                                                                            "cpu_time": 0.03605668000000001,
                                                                            "children": [
                                                                                {
                                                                                    "result_set_size": 80000000,
                                                                                    "operator_timing": 0.0003197620000000001,
                                                                                    "operator_rows_scanned": 0,
                                                                                    "cumulative_rows_scanned": 0,
                                                                                    "operator_cardinality": 5000000,
                                                                                    "operator_type": "PROJECTION",
                                                                                    "cumulative_cardinality": 10000000,
                                                                                    "extra_info": {
                                                                                        "Projections": "total_revenue",
                                                                                        "Estimated Cardinality": "97265600"
                                                                                    },
                                                                                    "cpu_time": 0.027491696000000006,
                                                                                    "children": [
                                                                                        {
                                                                                            "result_set_size": 120000000,
                                                                                            "operator_timing": 0.027171934000000005,
                                                                                            "operator_rows_scanned": 0,
                                                                                            "cumulative_rows_scanned": 0,
                                                                                            "operator_cardinality": 5000000,
                                                                                            "operator_type": "CTE_SCAN",
                                                                                            "cumulative_cardinality": 5000000,
                                                                                            "extra_info": {
                                                                                                "CTE Index": "0",
                                                                                                "Estimated Cardinality": "97265600"
                                                                                            },
                                                                                            "cpu_time": 0.027171934000000005,
                                                                                            "children": []
                                                                                        }
                                                                                    ]
                                                                                }
                                                                            ]
                                                                        }
                                                                    ]
                                                                }
                                                            ]
                                                        }
                                                    ]
                                                }
                                            ]
                                        }
                                    ]
                                }
                            ]
                        }
                    ]
                }
            ]
        }
    ]
}