{
    "rows_returned": 1,
    "latency": 1.149749543,
    "result_set_size": 8,
    "cumulative_rows_scanned": 2820160000,
    "cumulative_cardinality": 200762330,
    "extra_info": {},
    "cpu_time": 25.319419927000006,
    "blocked_thread_time": 0.0,
    "query_name": "SELECT\n    100.00 * sum(CASE\n            WHEN p_type LIKE 'PROMO%' \n            THEN l_extendedprice * (1 - l_discount)\n            ELSE 0\n    END) / sum(l_extendedprice * (1 - l_discount)) AS promo_revenue\nFROM\n    read_parquet([\"s3://tpch10289--apne1-az1--x-s3/-64.parquet\", \"s3://tpch10289--apne1-az1--x-s3/-63.parquet\", \"s3://tpch10289--apne1-az1--x-s3/-61.parquet\", \"s3://tpch10289--apne1-az1--x-s3/-60.parquet\", \"s3://tpch10289--apne1-az1--x-s3/142.parquet\", \"s3://tpch10289--apne1-az1--x-s3/143.parquet\", \"s3://tpch10289--apne1-az1--x-s3/144.parquet\", \"s3://tpch10289--apne1-az1--x-s3/145.parquet\", \"s3://tpch10289--apne1-az1--x-s3/146.parquet\", \"s3://tpch10289--apne1-az1--x-s3/156.parquet\", \"s3://tpch10289--apne1-az1--x-s3/170.parquet\", \"s3://tpch10289--apne1-az1--x-s3/227.parquet\", \"s3://tpch10289--apne1-az1--x-s3/233.parquet\", \"s3://tpch10289--apne1-az1--x-s3/234.parquet\", \"s3://tpch10289--apne1-az1--x-s3/235.parquet\", \"s3://tpch10289--apne1-az1--x-s3/236.parquet\", \"s3://tpch10289--apne1-az1--x-s3/378.parquet\", \"s3://tpch10289--apne1-az1--x-s3/402.parquet\", \"s3://tpch10289--apne1-az1--x-s3/409.parquet\", \"s3://tpch10289--apne1-az1--x-s3/421.parquet\", \"s3://tpch10289--apne1-az1--x-s3/466.parquet\", \"s3://tpch10289--apne1-az1--x-s3/485.parquet\", \"s3://tpch10289--apne1-az1--x-s3/517.parquet\", \"s3://tpch10289--apne1-az1--x-s3/523.parquet\", \"s3://tpch10289--apne1-az1--x-s3/524.parquet\", \"s3://tpch10289--apne1-az1--x-s3/525.parquet\", \"s3://tpch10289--apne1-az1--x-s3/526.parquet\", \"s3://tpch10289--apne1-az1--x-s3/527.parquet\", \"s3://tpch10289--apne1-az1--x-s3/650.parquet\", \"s3://tpch10289--apne1-az1--x-s3/651.parquet\", \"s3://tpch10289--apne1-az1--x-s3/652.parquet\", \"s3://tpch10289--apne1-az1--x-s3/653.parquet\", \"s3://tpch10289--apne1-az1--x-s3/654.parquet\", \"s3://tpch10289--apne1-az1--x-s3/1118.parquet\", \"s3://tpch10289--apne1-az1--x-s3/1119.parquet\", \"s3://tpch10289--apne1-az1--x-s3/1120.parquet\", \"s3://tpch10289--apne1-az1--x-s3/1262.parquet\", \"s3://tpch10289--apne1-az1--x-s3/1263.parquet\", \"s3://tpch10289--apne1-az1--x-s3/1264.parquet\", \"s3://tpch10289--apne1-az1--x-s3/1359.parquet\", \"s3://tpch10289--apne1-az1--x-s3/1360.parquet\", \"s3://tpch10289--apne1-az1--x-s3/1443.parquet\", \"s3://tpch10289--apne1-az1--x-s3/1444.parquet\", \"s3://tpch10289--apne1-az1--x-s3/1712.parquet\", \"s3://tpch10289--apne1-az1--x-s3/1724.parquet\", \"s3://tpch10289--apne1-az1--x-s3/1725.parquet\", \"s3://tpch10289--apne1-az1--x-s3/1727.parquet\", \"s3://tpch10289--apne1-az1--x-s3/1728.parquet\", \"s3://tpch10289--apne1-az1--x-s3/1729.parquet\", \"s3://tpch10289--apne1-az1--x-s3/1774.parquet\", \"s3://tpch10289--apne1-az1--x-s3/1988.parquet\", \"s3://tpch10289--apne1-az1--x-s3/1989.parquet\", \"s3://tpch10289--apne1-az1--x-s3/1990.parquet\", \"s3://tpch10289--apne1-az1--x-s3/1991.parquet\", \"s3://tpch10289--apne1-az1--x-s3/1992.parquet\", \"s3://tpch10289--apne1-az1--x-s3/1993.parquet\", \"s3://tpch10289--apne1-az1--x-s3/1994.parquet\", \"s3://tpch10289--apne1-az1--x-s3/1995.parquet\", \"s3://tpch10289--apne1-az1--x-s3/1996.parquet\"]),\n    'pool/part/*.parquet'\nWHERE\n    l_partkey = p_partkey\n    AND l_shipdate >= DATE '1992-01-01' + INTERVAL 23 MONTH\n    AND l_shipdate < DATE '1992-02-01' + INTERVAL 23 MONTH;",
    "children": [
        {
            "result_set_size": 8,
            "operator_timing": 0.000016908,
            "operator_rows_scanned": 0,
            "cumulative_rows_scanned": 2820160000,
            "operator_cardinality": 1,
            "operator_type": "PROJECTION",
            "cumulative_cardinality": 200762330,
            "extra_info": {
                "Projections": "promo_revenue",
                "Estimated Cardinality": "1"
            },
            "cpu_time": 25.319419927000006,
            "children": [
                {
                    "result_set_size": 32,
                    "operator_timing": 0.11632829399999997,
                    "operator_rows_scanned": 0,
                    "cumulative_rows_scanned": 2820160000,
                    "operator_cardinality": 1,
                    "operator_type": "UNGROUPED_AGGREGATE",
                    "cumulative_cardinality": 200762329,
                    "extra_info": {
                        "Aggregates": [
                            "sum(#0)",
                            "sum(#1)"
                        ]
                    },
                    "cpu_time": 25.319403019000006,
                    "children": [
                        {
                            "result_set_size": 585580448,
                            "operator_timing": 0.907929253,
                            "operator_rows_scanned": 0,
                            "cumulative_rows_scanned": 2820160000,
                            "operator_cardinality": 36598778,
                            "operator_type": "PROJECTION",
                            "cumulative_cardinality": 200762328,
                            "extra_info": {
                                "Projections": [
                                    "CASE  WHEN (prefix(p_type, 'PROMO')) THEN ((l_extendedprice * (1.00 - l_discount))) ELSE 0.0000 END",
                                    "(l_extendedprice * (1.00 - l_discount))"
                                ],
                                "Estimated Cardinality": "16800000"
                            },
                            "cpu_time": 25.203074725000008,
                            "children": [
                                {
                                    "result_set_size": 1756741344,
                                    "operator_timing": 8.241908547000007,
                                    "operator_rows_scanned": 0,
                                    "cumulative_rows_scanned": 2820160000,
                                    "operator_cardinality": 36598778,
                                    "operator_type": "HASH_JOIN",
                                    "cumulative_cardinality": 164163550,
                                    "extra_info": {
                                        "Join Type": "INNER",
                                        "Conditions": "p_partkey = l_partkey",
                                        "Estimated Cardinality": "16800000"
                                    },
                                    "cpu_time": 24.29514547200001,
                                    "children": [
                                        {
                                            "result_set_size": 2015999928,
                                            "operator_timing": 2.333572137000001,
                                            "operator_rows_scanned": 2688000000,
                                            "cumulative_rows_scanned": 2688000000,
                                            "operator_cardinality": 83999997,
                                            "operator_type": "TABLE_SCAN",
                                            "cumulative_cardinality": 83999997,
                                            "extra_info": {
                                                "Function": "PARQUET_SCAN",
                                                "Projections": [
                                                    "p_partkey",
                                                    "p_type"
                                                ],
                                                "Estimated Cardinality": "84000000"
                                            },
                                            "cpu_time": 2.333572137000001,
                                            "children": []
                                        },
                                        {
                                            "result_set_size": 1045554600,
                                            "operator_timing": 13.719664788000001,
                                            "operator_rows_scanned": 132160000,
                                            "cumulative_rows_scanned": 132160000,
                                            "operator_cardinality": 43564775,
                                            "operator_type": "TABLE_SCAN",
                                            "cumulative_cardinality": 43564775,
                                            "extra_info": {
                                                "Function": "READ_PARQUET",
                                                "Projections": [
                                                    "l_partkey",
                                                    "l_extendedprice",
                                                    "l_discount"
                                                ],
                                                "Filters": "l_shipdate>='1993-12-01'::DATE AND l_shipdate<'1994-01-01'::DATE AND l_shipdate IS NOT NULL",
                                                "Estimated Cardinality": "826000"
                                            },
                                            "cpu_time": 13.719664788000001,
                                            "children": []
                                        }
                                    ]
                                }
                            ]
                        }
                    ]
                }
            ]
        }
    ]
}