{
    "rows_returned": 1,
    "latency": 4.475684814,
    "result_set_size": 72,
    "cumulative_rows_scanned": 11156224000,
    "cumulative_cardinality": 355541329,
    "extra_info": {},
    "cpu_time": 133.95073289100006,
    "blocked_thread_time": 0.0,
    "query_name": "WITH revenue AS (\n    SELECT\n        l_suppkey AS supplier_no,\n        sum(l_extendedprice * (1 - l_discount)) AS total_revenue\n    FROM\n        read_parquet([\"s3://tpch10289--apne1-az1--x-s3/15.parquet\", \"s3://tpch10289--apne1-az1--x-s3/148.parquet\", \"s3://tpch10289--apne1-az1--x-s3/176.parquet\", \"s3://tpch10289--apne1-az1--x-s3/270.parquet\", \"s3://tpch10289--apne1-az1--x-s3/271.parquet\", \"s3://tpch10289--apne1-az1--x-s3/272.parquet\", \"s3://tpch10289--apne1-az1--x-s3/273.parquet\", \"s3://tpch10289--apne1-az1--x-s3/274.parquet\", \"s3://tpch10289--apne1-az1--x-s3/275.parquet\", \"s3://tpch10289--apne1-az1--x-s3/276.parquet\", \"s3://tpch10289--apne1-az1--x-s3/277.parquet\", \"s3://tpch10289--apne1-az1--x-s3/278.parquet\", \"s3://tpch10289--apne1-az1--x-s3/279.parquet\", \"s3://tpch10289--apne1-az1--x-s3/280.parquet\", \"s3://tpch10289--apne1-az1--x-s3/281.parquet\", \"s3://tpch10289--apne1-az1--x-s3/282.parquet\", \"s3://tpch10289--apne1-az1--x-s3/286.parquet\", \"s3://tpch10289--apne1-az1--x-s3/288.parquet\", \"s3://tpch10289--apne1-az1--x-s3/289.parquet\", \"s3://tpch10289--apne1-az1--x-s3/290.parquet\", \"s3://tpch10289--apne1-az1--x-s3/291.parquet\", \"s3://tpch10289--apne1-az1--x-s3/292.parquet\", \"s3://tpch10289--apne1-az1--x-s3/293.parquet\", \"s3://tpch10289--apne1-az1--x-s3/294.parquet\", \"s3://tpch10289--apne1-az1--x-s3/295.parquet\", \"s3://tpch10289--apne1-az1--x-s3/296.parquet\", \"s3://tpch10289--apne1-az1--x-s3/297.parquet\", \"s3://tpch10289--apne1-az1--x-s3/298.parquet\", \"s3://tpch10289--apne1-az1--x-s3/299.parquet\", \"s3://tpch10289--apne1-az1--x-s3/300.parquet\", \"s3://tpch10289--apne1-az1--x-s3/301.parquet\", \"s3://tpch10289--apne1-az1--x-s3/302.parquet\", \"s3://tpch10289--apne1-az1--x-s3/303.parquet\", \"s3://tpch10289--apne1-az1--x-s3/304.parquet\", \"s3://tpch10289--apne1-az1--x-s3/305.parquet\", \"s3://tpch10289--apne1-az1--x-s3/306.parquet\", \"s3://tpch10289--apne1-az1--x-s3/307.parquet\", \"s3://tpch10289--apne1-az1--x-s3/308.parquet\", \"s3://tpch10289--apne1-az1--x-s3/309.parquet\", \"s3://tpch10289--apne1-az1--x-s3/310.parquet\", \"s3://tpch10289--apne1-az1--x-s3/311.parquet\", \"s3://tpch10289--apne1-az1--x-s3/313.parquet\", \"s3://tpch10289--apne1-az1--x-s3/314.parquet\", \"s3://tpch10289--apne1-az1--x-s3/561.parquet\", \"s3://tpch10289--apne1-az1--x-s3/562.parquet\", \"s3://tpch10289--apne1-az1--x-s3/563.parquet\", \"s3://tpch10289--apne1-az1--x-s3/564.parquet\", \"s3://tpch10289--apne1-az1--x-s3/565.parquet\", \"s3://tpch10289--apne1-az1--x-s3/566.parquet\", \"s3://tpch10289--apne1-az1--x-s3/568.parquet\", \"s3://tpch10289--apne1-az1--x-s3/570.parquet\", \"s3://tpch10289--apne1-az1--x-s3/571.parquet\", \"s3://tpch10289--apne1-az1--x-s3/572.parquet\", \"s3://tpch10289--apne1-az1--x-s3/573.parquet\", \"s3://tpch10289--apne1-az1--x-s3/574.parquet\", \"s3://tpch10289--apne1-az1--x-s3/575.parquet\", \"s3://tpch10289--apne1-az1--x-s3/576.parquet\", \"s3://tpch10289--apne1-az1--x-s3/577.parquet\", \"s3://tpch10289--apne1-az1--x-s3/578.parquet\", \"s3://tpch10289--apne1-az1--x-s3/579.parquet\", \"s3://tpch10289--apne1-az1--x-s3/580.parquet\", \"s3://tpch10289--apne1-az1--x-s3/581.parquet\", \"s3://tpch10289--apne1-az1--x-s3/687.parquet\", \"s3://tpch10289--apne1-az1--x-s3/688.parquet\", \"s3://tpch10289--apne1-az1--x-s3/689.parquet\", \"s3://tpch10289--apne1-az1--x-s3/690.parquet\", \"s3://tpch10289--apne1-az1--x-s3/691.parquet\", \"s3://tpch10289--apne1-az1--x-s3/692.parquet\", \"s3://tpch10289--apne1-az1--x-s3/693.parquet\", \"s3://tpch10289--apne1-az1--x-s3/694.parquet\", \"s3://tpch10289--apne1-az1--x-s3/695.parquet\", \"s3://tpch10289--apne1-az1--x-s3/696.parquet\", \"s3://tpch10289--apne1-az1--x-s3/697.parquet\", \"s3://tpch10289--apne1-az1--x-s3/698.parquet\", \"s3://tpch10289--apne1-az1--x-s3/699.parquet\", \"s3://tpch10289--apne1-az1--x-s3/700.parquet\", \"s3://tpch10289--apne1-az1--x-s3/701.parquet\", \"s3://tpch10289--apne1-az1--x-s3/702.parquet\", \"s3://tpch10289--apne1-az1--x-s3/703.parquet\", \"s3://tpch10289--apne1-az1--x-s3/704.parquet\", \"s3://tpch10289--apne1-az1--x-s3/705.parquet\", \"s3://tpch10289--apne1-az1--x-s3/706.parquet\", \"s3://tpch10289--apne1-az1--x-s3/831.parquet\", \"s3://tpch10289--apne1-az1--x-s3/832.parquet\", \"s3://tpch10289--apne1-az1--x-s3/833.parquet\", \"s3://tpch10289--apne1-az1--x-s3/835.parquet\", \"s3://tpch10289--apne1-az1--x-s3/836.parquet\", \"s3://tpch10289--apne1-az1--x-s3/837.parquet\", \"s3://tpch10289--apne1-az1--x-s3/845.parquet\", \"s3://tpch10289--apne1-az1--x-s3/846.parquet\", \"s3://tpch10289--apne1-az1--x-s3/849.parquet\", \"s3://tpch10289--apne1-az1--x-s3/852.parquet\", \"s3://tpch10289--apne1-az1--x-s3/853.parquet\", \"s3://tpch10289--apne1-az1--x-s3/854.parquet\", \"s3://tpch10289--apne1-az1--x-s3/856.parquet\", \"s3://tpch10289--apne1-az1--x-s3/857.parquet\", \"s3://tpch10289--apne1-az1--x-s3/858.parquet\", \"s3://tpch10289--apne1-az1--x-s3/859.parquet\", \"s3://tpch10289--apne1-az1--x-s3/861.parquet\", \"s3://tpch10289--apne1-az1--x-s3/862.parquet\", \"s3://tpch10289--apne1-az1--x-s3/863.parquet\", \"s3://tpch10289--apne1-az1--x-s3/864.parquet\", \"s3://tpch10289--apne1-az1--x-s3/1155.parquet\", \"s3://tpch10289--apne1-az1--x-s3/1156.parquet\", \"s3://tpch10289--apne1-az1--x-s3/1157.parquet\", \"s3://tpch10289--apne1-az1--x-s3/1158.parquet\", \"s3://tpch10289--apne1-az1--x-s3/1159.parquet\", \"s3://tpch10289--apne1-az1--x-s3/1160.parquet\", \"s3://tpch10289--apne1-az1--x-s3/1161.parquet\", \"s3://tpch10289--apne1-az1--x-s3/1162.parquet\", \"s3://tpch10289--apne1-az1--x-s3/1163.parquet\", \"s3://tpch10289--apne1-az1--x-s3/1164.parquet\", \"s3://tpch10289--apne1-az1--x-s3/1165.parquet\", \"s3://tpch10289--apne1-az1--x-s3/1166.parquet\", \"s3://tpch10289--apne1-az1--x-s3/1167.parquet\", \"s3://tpch10289--apne1-az1--x-s3/1168.parquet\", \"s3://tpch10289--apne1-az1--x-s3/1169.parquet\", \"s3://tpch10289--apne1-az1--x-s3/1170.parquet\", \"s3://tpch10289--apne1-az1--x-s3/1171.parquet\", \"s3://tpch10289--apne1-az1--x-s3/1172.parquet\", \"s3://tpch10289--apne1-az1--x-s3/1173.parquet\", \"s3://tpch10289--apne1-az1--x-s3/1174.parquet\", \"s3://tpch10289--apne1-az1--x-s3/1399.parquet\", \"s3://tpch10289--apne1-az1--x-s3/1400.parquet\", \"s3://tpch10289--apne1-az1--x-s3/1401.parquet\", \"s3://tpch10289--apne1-az1--x-s3/1402.parquet\", \"s3://tpch10289--apne1-az1--x-s3/1403.parquet\", \"s3://tpch10289--apne1-az1--x-s3/1404.parquet\", \"s3://tpch10289--apne1-az1--x-s3/1405.parquet\", \"s3://tpch10289--apne1-az1--x-s3/1406.parquet\", \"s3://tpch10289--apne1-az1--x-s3/1407.parquet\", \"s3://tpch10289--apne1-az1--x-s3/1409.parquet\", \"s3://tpch10289--apne1-az1--x-s3/1410.parquet\", \"s3://tpch10289--apne1-az1--x-s3/1411.parquet\", \"s3://tpch10289--apne1-az1--x-s3/1412.parquet\", \"s3://tpch10289--apne1-az1--x-s3/1413.parquet\", \"s3://tpch10289--apne1-az1--x-s3/1414.parquet\", \"s3://tpch10289--apne1-az1--x-s3/1415.parquet\", \"s3://tpch10289--apne1-az1--x-s3/1416.parquet\", \"s3://tpch10289--apne1-az1--x-s3/1417.parquet\", \"s3://tpch10289--apne1-az1--x-s3/1478.parquet\", \"s3://tpch10289--apne1-az1--x-s3/1479.parquet\", \"s3://tpch10289--apne1-az1--x-s3/1480.parquet\", \"s3://tpch10289--apne1-az1--x-s3/1481.parquet\", \"s3://tpch10289--apne1-az1--x-s3/1482.parquet\", \"s3://tpch10289--apne1-az1--x-s3/1483.parquet\", \"s3://tpch10289--apne1-az1--x-s3/1484.parquet\", \"s3://tpch10289--apne1-az1--x-s3/1485.parquet\", \"s3://tpch10289--apne1-az1--x-s3/1486.parquet\", \"s3://tpch10289--apne1-az1--x-s3/1487.parquet\", \"s3://tpch10289--apne1-az1--x-s3/1488.parquet\", \"s3://tpch10289--apne1-az1--x-s3/1489.parquet\", \"s3://tpch10289--apne1-az1--x-s3/1491.parquet\", \"s3://tpch10289--apne1-az1--x-s3/1492.parquet\", \"s3://tpch10289--apne1-az1--x-s3/1508.parquet\", \"s3://tpch10289--apne1-az1--x-s3/1529.parquet\", \"s3://tpch10289--apne1-az1--x-s3/1530.parquet\", \"s3://tpch10289--apne1-az1--x-s3/1532.parquet\", \"s3://tpch10289--apne1-az1--x-s3/1539.parquet\", \"s3://tpch10289--apne1-az1--x-s3/1540.parquet\", \"s3://tpch10289--apne1-az1--x-s3/1757.parquet\", \"s3://tpch10289--apne1-az1--x-s3/1758.parquet\", \"s3://tpch10289--apne1-az1--x-s3/1759.parquet\", \"s3://tpch10289--apne1-az1--x-s3/1760.parquet\", \"s3://tpch10289--apne1-az1--x-s3/1761.parquet\", \"s3://tpch10289--apne1-az1--x-s3/1762.parquet\", \"s3://tpch10289--apne1-az1--x-s3/1763.parquet\", \"s3://tpch10289--apne1-az1--x-s3/1764.parquet\", \"s3://tpch10289--apne1-az1--x-s3/1765.parquet\", \"s3://tpch10289--apne1-az1--x-s3/1766.parquet\", \"s3://tpch10289--apne1-az1--x-s3/1767.parquet\", \"s3://tpch10289--apne1-az1--x-s3/1768.parquet\", \"s3://tpch10289--apne1-az1--x-s3/1769.parquet\", \"s3://tpch10289--apne1-az1--x-s3/1770.parquet\", \"s3://tpch10289--apne1-az1--x-s3/1771.parquet\", \"s3://tpch10289--apne1-az1--x-s3/1772.parquet\", \"s3://tpch10289--apne1-az1--x-s3/1773.parquet\", \"s3://tpch10289--apne1-az1--x-s3/1775.parquet\", \"s3://tpch10289--apne1-az1--x-s3/1793.parquet\", \"s3://tpch10289--apne1-az1--x-s3/1794.parquet\", \"s3://tpch10289--apne1-az1--x-s3/1795.parquet\", \"s3://tpch10289--apne1-az1--x-s3/1796.parquet\", \"s3://tpch10289--apne1-az1--x-s3/1797.parquet\", \"s3://tpch10289--apne1-az1--x-s3/1800.parquet\", \"s3://tpch10289--apne1-az1--x-s3/1806.parquet\", \"s3://tpch10289--apne1-az1--x-s3/1811.parquet\", \"s3://tpch10289--apne1-az1--x-s3/1812.parquet\", \"s3://tpch10289--apne1-az1--x-s3/1814.parquet\", \"s3://tpch10289--apne1-az1--x-s3/1815.parquet\", \"s3://tpch10289--apne1-az1--x-s3/1816.parquet\", \"s3://tpch10289--apne1-az1--x-s3/1817.parquet\", \"s3://tpch10289--apne1-az1--x-s3/1818.parquet\", \"s3://tpch10289--apne1-az1--x-s3/1819.parquet\", \"s3://tpch10289--apne1-az1--x-s3/1821.parquet\", \"s3://tpch10289--apne1-az1--x-s3/1822.parquet\", \"s3://tpch10289--apne1-az1--x-s3/1823.parquet\", \"s3://tpch10289--apne1-az1--x-s3/1824.parquet\", \"s3://tpch10289--apne1-az1--x-s3/1826.parquet\", \"s3://tpch10289--apne1-az1--x-s3/1998.parquet\", \"s3://tpch10289--apne1-az1--x-s3/1999.parquet\", \"s3://tpch10289--apne1-az1--x-s3/2000.parquet\", \"s3://tpch10289--apne1-az1--x-s3/2001.parquet\", \"s3://tpch10289--apne1-az1--x-s3/2002.parquet\", \"s3://tpch10289--apne1-az1--x-s3/2003.parquet\", \"s3://tpch10289--apne1-az1--x-s3/2004.parquet\", \"s3://tpch10289--apne1-az1--x-s3/2059.parquet\", \"s3://tpch10289--apne1-az1--x-s3/2060.parquet\", \"s3://tpch10289--apne1-az1--x-s3/2061.parquet\", \"s3://tpch10289--apne1-az1--x-s3/2062.parquet\", \"s3://tpch10289--apne1-az1--x-s3/2063.parquet\", \"s3://tpch10289--apne1-az1--x-s3/2064.parquet\", \"s3://tpch10289--apne1-az1--x-s3/2065.parquet\", \"s3://tpch10289--apne1-az1--x-s3/2066.parquet\", \"s3://tpch10289--apne1-az1--x-s3/2067.parquet\", \"s3://tpch10289--apne1-az1--x-s3/2068.parquet\", \"s3://tpch10289--apne1-az1--x-s3/2069.parquet\", \"s3://tpch10289--apne1-az1--x-s3/2070.parquet\", \"s3://tpch10289--apne1-az1--x-s3/2071.parquet\", \"s3://tpch10289--apne1-az1--x-s3/2072.parquet\", \"s3://tpch10289--apne1-az1--x-s3/2073.parquet\", \"s3://tpch10289--apne1-az1--x-s3/2074.parquet\", \"s3://tpch10289--apne1-az1--x-s3/2075.parquet\", \"s3://tpch10289--apne1-az1--x-s3/2076.parquet\", \"s3://tpch10289--apne1-az1--x-s3/2077.parquet\", \"s3://tpch10289--apne1-az1--x-s3/2078.parquet\", \"s3://tpch10289--apne1-az1--x-s3/2079.parquet\", \"s3://tpch10289--apne1-az1--x-s3/2080.parquet\", \"s3://tpch10289--apne1-az1--x-s3/2081.parquet\", \"s3://tpch10289--apne1-az1--x-s3/2082.parquet\", \"s3://tpch10289--apne1-az1--x-s3/2083.parquet\", \"s3://tpch10289--apne1-az1--x-s3/2084.parquet\", \"s3://tpch10289--apne1-az1--x-s3/2085.parquet\", \"s3://tpch10289--apne1-az1--x-s3/2086.parquet\", \"s3://tpch10289--apne1-az1--x-s3/2087.parquet\", \"s3://tpch10289--apne1-az1--x-s3/2088.parquet\", \"s3://tpch10289--apne1-az1--x-s3/2089.parquet\", \"s3://tpch10289--apne1-az1--x-s3/2090.parquet\", \"s3://tpch10289--apne1-az1--x-s3/2091.parquet\", \"s3://tpch10289--apne1-az1--x-s3/2092.parquet\", \"s3://tpch10289--apne1-az1--x-s3/2093.parquet\", \"s3://tpch10289--apne1-az1--x-s3/2094.parquet\", \"s3://tpch10289--apne1-az1--x-s3/2095.parquet\", \"s3://tpch10289--apne1-az1--x-s3/2096.parquet\", \"s3://tpch10289--apne1-az1--x-s3/2097.parquet\", \"s3://tpch10289--apne1-az1--x-s3/2098.parquet\", \"s3://tpch10289--apne1-az1--x-s3/2099.parquet\", \"s3://tpch10289--apne1-az1--x-s3/2100.parquet\", \"s3://tpch10289--apne1-az1--x-s3/2101.parquet\", \"s3://tpch10289--apne1-az1--x-s3/2102.parquet\", \"s3://tpch10289--apne1-az1--x-s3/2103.parquet\", \"s3://tpch10289--apne1-az1--x-s3/2104.parquet\", \"s3://tpch10289--apne1-az1--x-s3/2105.parquet\", \"s3://tpch10289--apne1-az1--x-s3/2106.parquet\", \"s3://tpch10289--apne1-az1--x-s3/2107.parquet\", \"s3://tpch10289--apne1-az1--x-s3/2108.parquet\", \"s3://tpch10289--apne1-az1--x-s3/2109.parquet\", \"s3://tpch10289--apne1-az1--x-s3/2110.parquet\", \"s3://tpch10289--apne1-az1--x-s3/2111.parquet\", \"s3://tpch10289--apne1-az1--x-s3/2112.parquet\", \"s3://tpch10289--apne1-az1--x-s3/2113.parquet\", \"s3://tpch10289--apne1-az1--x-s3/2114.parquet\", \"s3://tpch10289--apne1-az1--x-s3/2115.parquet\", \"s3://tpch10289--apne1-az1--x-s3/2116.parquet\", \"s3://tpch10289--apne1-az1--x-s3/2117.parquet\", \"s3://tpch10289--apne1-az1--x-s3/2118.parquet\", \"s3://tpch10289--apne1-az1--x-s3/2119.parquet\", \"s3://tpch10289--apne1-az1--x-s3/2120.parquet\", \"s3://tpch10289--apne1-az1--x-s3/2121.parquet\", \"s3://tpch10289--apne1-az1--x-s3/2122.parquet\", \"s3://tpch10289--apne1-az1--x-s3/2123.parquet\", \"s3://tpch10289--apne1-az1--x-s3/2124.parquet\", \"s3://tpch10289--apne1-az1--x-s3/2125.parquet\", \"s3://tpch10289--apne1-az1--x-s3/2126.parquet\", \"s3://tpch10289--apne1-az1--x-s3/2127.parquet\", \"s3://tpch10289--apne1-az1--x-s3/2128.parquet\", \"s3://tpch10289--apne1-az1--x-s3/2129.parquet\", \"s3://tpch10289--apne1-az1--x-s3/2130.parquet\", \"s3://tpch10289--apne1-az1--x-s3/2131.parquet\", \"s3://tpch10289--apne1-az1--x-s3/2132.parquet\", \"s3://tpch10289--apne1-az1--x-s3/2133.parquet\", \"s3://tpch10289--apne1-az1--x-s3/2134.parquet\", \"s3://tpch10289--apne1-az1--x-s3/2135.parquet\", \"s3://tpch10289--apne1-az1--x-s3/2136.parquet\", \"s3://tpch10289--apne1-az1--x-s3/2137.parquet\", \"s3://tpch10289--apne1-az1--x-s3/2138.parquet\", \"s3://tpch10289--apne1-az1--x-s3/2139.parquet\", \"s3://tpch10289--apne1-az1--x-s3/2140.parquet\", \"s3://tpch10289--apne1-az1--x-s3/2141.parquet\", \"s3://tpch10289--apne1-az1--x-s3/2142.parquet\", \"s3://tpch10289--apne1-az1--x-s3/2143.parquet\", \"s3://tpch10289--apne1-az1--x-s3/2144.parquet\", \"s3://tpch10289--apne1-az1--x-s3/2145.parquet\", \"s3://tpch10289--apne1-az1--x-s3/2146.parquet\", \"s3://tpch10289--apne1-az1--x-s3/2147.parquet\", \"s3://tpch10289--apne1-az1--x-s3/2148.parquet\", \"s3://tpch10289--apne1-az1--x-s3/2149.parquet\", \"s3://tpch10289--apne1-az1--x-s3/2150.parquet\", \"s3://tpch10289--apne1-az1--x-s3/2151.parquet\", \"s3://tpch10289--apne1-az1--x-s3/2152.parquet\", \"s3://tpch10289--apne1-az1--x-s3/2153.parquet\", \"s3://tpch10289--apne1-az1--x-s3/2154.parquet\", \"s3://tpch10289--apne1-az1--x-s3/2155.parquet\", \"s3://tpch10289--apne1-az1--x-s3/2156.parquet\", \"s3://tpch10289--apne1-az1--x-s3/2157.parquet\", \"s3://tpch10289--apne1-az1--x-s3/2158.parquet\", \"s3://tpch10289--apne1-az1--x-s3/2159.parquet\", \"s3://tpch10289--apne1-az1--x-s3/2160.parquet\", \"s3://tpch10289--apne1-az1--x-s3/2161.parquet\", \"s3://tpch10289--apne1-az1--x-s3/2162.parquet\", \"s3://tpch10289--apne1-az1--x-s3/2163.parquet\", \"s3://tpch10289--apne1-az1--x-s3/2164.parquet\", \"s3://tpch10289--apne1-az1--x-s3/2165.parquet\", \"s3://tpch10289--apne1-az1--x-s3/2166.parquet\", \"s3://tpch10289--apne1-az1--x-s3/2167.parquet\", \"s3://tpch10289--apne1-az1--x-s3/2168.parquet\", \"s3://tpch10289--apne1-az1--x-s3/2169.parquet\", \"s3://tpch10289--apne1-az1--x-s3/2170.parquet\", \"s3://tpch10289--apne1-az1--x-s3/2171.parquet\", \"s3://tpch10289--apne1-az1--x-s3/2172.parquet\", \"s3://tpch10289--apne1-az1--x-s3/2173.parquet\", \"s3://tpch10289--apne1-az1--x-s3/2174.parquet\", \"s3://tpch10289--apne1-az1--x-s3/2175.parquet\", \"s3://tpch10289--apne1-az1--x-s3/2176.parquet\", \"s3://tpch10289--apne1-az1--x-s3/2177.parquet\", \"s3://tpch10289--apne1-az1--x-s3/2178.parquet\", \"s3://tpch10289--apne1-az1--x-s3/2179.parquet\", \"s3://tpch10289--apne1-az1--x-s3/2180.parquet\", \"s3://tpch10289--apne1-az1--x-s3/2181.parquet\", \"s3://tpch10289--apne1-az1--x-s3/2182.parquet\", \"s3://tpch10289--apne1-az1--x-s3/2183.parquet\", \"s3://tpch10289--apne1-az1--x-s3/2184.parquet\", \"s3://tpch10289--apne1-az1--x-s3/2185.parquet\", \"s3://tpch10289--apne1-az1--x-s3/2186.parquet\", \"s3://tpch10289--apne1-az1--x-s3/2187.parquet\", \"s3://tpch10289--apne1-az1--x-s3/2188.parquet\", \"s3://tpch10289--apne1-az1--x-s3/2189.parquet\", \"s3://tpch10289--apne1-az1--x-s3/2190.parquet\", \"s3://tpch10289--apne1-az1--x-s3/2191.parquet\", \"s3://tpch10289--apne1-az1--x-s3/2192.parquet\", \"s3://tpch10289--apne1-az1--x-s3/2193.parquet\", \"s3://tpch10289--apne1-az1--x-s3/2194.parquet\", \"s3://tpch10289--apne1-az1--x-s3/2195.parquet\", \"s3://tpch10289--apne1-az1--x-s3/2196.parquet\", \"s3://tpch10289--apne1-az1--x-s3/2197.parquet\", \"s3://tpch10289--apne1-az1--x-s3/2198.parquet\", \"s3://tpch10289--apne1-az1--x-s3/2199.parquet\", \"s3://tpch10289--apne1-az1--x-s3/2200.parquet\", \"s3://tpch10289--apne1-az1--x-s3/2201.parquet\", \"s3://tpch10289--apne1-az1--x-s3/2202.parquet\", \"s3://tpch10289--apne1-az1--x-s3/2203.parquet\", \"s3://tpch10289--apne1-az1--x-s3/2204.parquet\", \"s3://tpch10289--apne1-az1--x-s3/2205.parquet\", \"s3://tpch10289--apne1-az1--x-s3/2206.parquet\", \"s3://tpch10289--apne1-az1--x-s3/2207.parquet\", \"s3://tpch10289--apne1-az1--x-s3/2208.parquet\", \"s3://tpch10289--apne1-az1--x-s3/2209.parquet\", \"s3://tpch10289--apne1-az1--x-s3/2210.parquet\", \"s3://tpch10289--apne1-az1--x-s3/2211.parquet\", \"s3://tpch10289--apne1-az1--x-s3/2212.parquet\", \"s3://tpch10289--apne1-az1--x-s3/2213.parquet\", \"s3://tpch10289--apne1-az1--x-s3/2214.parquet\", \"s3://tpch10289--apne1-az1--x-s3/2215.parquet\", \"s3://tpch10289--apne1-az1--x-s3/2216.parquet\", \"s3://tpch10289--apne1-az1--x-s3/2217.parquet\", \"s3://tpch10289--apne1-az1--x-s3/2218.parquet\", \"s3://tpch10289--apne1-az1--x-s3/2219.parquet\", \"s3://tpch10289--apne1-az1--x-s3/2220.parquet\", \"s3://tpch10289--apne1-az1--x-s3/2221.parquet\", \"s3://tpch10289--apne1-az1--x-s3/2222.parquet\", \"s3://tpch10289--apne1-az1--x-s3/2223.parquet\", \"s3://tpch10289--apne1-az1--x-s3/2224.parquet\", \"s3://tpch10289--apne1-az1--x-s3/2225.parquet\", \"s3://tpch10289--apne1-az1--x-s3/2226.parquet\", \"s3://tpch10289--apne1-az1--x-s3/2227.parquet\", \"s3://tpch10289--apne1-az1--x-s3/2228.parquet\", \"s3://tpch10289--apne1-az1--x-s3/2229.parquet\", \"s3://tpch10289--apne1-az1--x-s3/2230.parquet\", \"s3://tpch10289--apne1-az1--x-s3/2231.parquet\", \"s3://tpch10289--apne1-az1--x-s3/2232.parquet\", \"s3://tpch10289--apne1-az1--x-s3/2233.parquet\", \"s3://tpch10289--apne1-az1--x-s3/2234.parquet\", \"s3://tpch10289--apne1-az1--x-s3/2235.parquet\", \"s3://tpch10289--apne1-az1--x-s3/2236.parquet\", \"s3://tpch10289--apne1-az1--x-s3/2237.parquet\", \"s3://tpch10289--apne1-az1--x-s3/2238.parquet\", \"s3://tpch10289--apne1-az1--x-s3/2239.parquet\", \"s3://tpch10289--apne1-az1--x-s3/2240.parquet\", \"s3://tpch10289--apne1-az1--x-s3/2241.parquet\", \"s3://tpch10289--apne1-az1--x-s3/2242.parquet\", \"s3://tpch10289--apne1-az1--x-s3/2243.parquet\", \"s3://tpch10289--apne1-az1--x-s3/2244.parquet\", \"s3://tpch10289--apne1-az1--x-s3/2245.parquet\", \"s3://tpch10289--apne1-az1--x-s3/2246.parquet\", \"s3://tpch10289--apne1-az1--x-s3/2247.parquet\", \"s3://tpch10289--apne1-az1--x-s3/2248.parquet\", \"s3://tpch10289--apne1-az1--x-s3/2249.parquet\", \"s3://tpch10289--apne1-az1--x-s3/2250.parquet\", \"s3://tpch10289--apne1-az1--x-s3/2251.parquet\", \"s3://tpch10289--apne1-az1--x-s3/2252.parquet\", \"s3://tpch10289--apne1-az1--x-s3/2253.parquet\", \"s3://tpch10289--apne1-az1--x-s3/2254.parquet\", \"s3://tpch10289--apne1-az1--x-s3/2255.parquet\", \"s3://tpch10289--apne1-az1--x-s3/2256.parquet\", \"s3://tpch10289--apne1-az1--x-s3/2257.parquet\", \"s3://tpch10289--apne1-az1--x-s3/2258.parquet\", \"s3://tpch10289--apne1-az1--x-s3/2259.parquet\", \"s3://tpch10289--apne1-az1--x-s3/2260.parquet\", \"s3://tpch10289--apne1-az1--x-s3/2261.parquet\", \"s3://tpch10289--apne1-az1--x-s3/2262.parquet\", \"s3://tpch10289--apne1-az1--x-s3/2263.parquet\", \"s3://tpch10289--apne1-az1--x-s3/2264.parquet\", \"s3://tpch10289--apne1-az1--x-s3/2265.parquet\", \"s3://tpch10289--apne1-az1--x-s3/2266.parquet\", \"s3://tpch10289--apne1-az1--x-s3/2267.parquet\", \"s3://tpch10289--apne1-az1--x-s3/2268.parquet\", \"s3://tpch10289--apne1-az1--x-s3/2269.parquet\", \"s3://tpch10289--apne1-az1--x-s3/2270.parquet\", \"s3://tpch10289--apne1-az1--x-s3/2271.parquet\"])\n    WHERE\n        l_shipdate >= DATE '1992-01-01' + INTERVAL 29 MONTH\n        AND l_shipdate < DATE '1992-01-01' + INTERVAL 29 MONTH + INTERVAL 3 MONTH\n    GROUP BY\n        supplier_no\n)\nSELECT\n    s_suppkey,\n    s_name,\n    s_address,\n    s_phone,\n    total_revenue\nFROM\n    'pool/supplier/*.parquet',\n    revenue\nWHERE\n    s_suppkey = supplier_no\n    AND total_revenue = (\n        SELECT\n            max(total_revenue)\n        FROM\n            revenue\n    )\nORDER BY\n    s_suppkey;",
    "children": [
        {
            "result_set_size": 72,
            "operator_timing": 0.000025938,
            "operator_rows_scanned": 0,
            "cumulative_rows_scanned": 11156224000,
            "operator_cardinality": 1,
            "operator_type": "ORDER_BY",
            "cumulative_cardinality": 355541329,
            "extra_info": {
                "Order By": "\"pool/supplier/*.parquet\".s_suppkey ASC"
            },
            "cpu_time": 133.95073289100006,
            "children": [
                {
                    "result_set_size": 72,
                    "operator_timing": 0.000001008,
                    "operator_rows_scanned": 0,
                    "cumulative_rows_scanned": 11156224000,
                    "operator_cardinality": 1,
                    "operator_type": "PROJECTION",
                    "cumulative_cardinality": 355541328,
                    "extra_info": {
                        "Projections": [
                            "s_suppkey",
                            "s_name",
                            "s_address",
                            "s_phone",
                            "total_revenue"
                        ],
                        "Estimated Cardinality": "34443200"
                    },
                    "cpu_time": 133.95070695300006,
                    "children": [
                        {
                            "result_set_size": 0,
                            "operator_timing": 0.013749697999999998,
                            "operator_rows_scanned": 0,
                            "cumulative_rows_scanned": 11156224000,
                            "operator_cardinality": 0,
                            "operator_type": "CTE",
                            "cumulative_cardinality": 355541327,
                            "extra_info": {
                                "CTE Name": "revenue",
                                "Table Index": "0"
                            },
                            "cpu_time": 133.95070594500007,
                            "children": [
                                {
                                    "result_set_size": 120000000,
                                    "operator_timing": 26.327207428000012,
                                    "operator_rows_scanned": 0,
                                    "cumulative_rows_scanned": 11021824000,
                                    "operator_cardinality": 5000000,
                                    "operator_type": "HASH_GROUP_BY",
                                    "cumulative_cardinality": 340541320,
                                    "extra_info": {
                                        "Groups": "#0",
                                        "Aggregates": "sum(#1)",
                                        "Estimated Cardinality": "34443200"
                                    },
                                    "cpu_time": 133.84343503400007,
                                    "children": [
                                        {
                                            "result_set_size": 2684330560,
                                            "operator_timing": 1.1729690220000004,
                                            "operator_rows_scanned": 0,
                                            "cumulative_rows_scanned": 11021824000,
                                            "operator_cardinality": 167770660,
                                            "operator_type": "PROJECTION",
                                            "cumulative_cardinality": 335541320,
                                            "extra_info": {
                                                "Projections": [
                                                    "supplier_no",
                                                    "(l_extendedprice * (1.00 - l_discount))"
                                                ],
                                                "Estimated Cardinality": "68886400"
                                            },
                                            "cpu_time": 107.51622760600006,
                                            "children": [
                                                {
                                                    "result_set_size": 4026495840,
                                                    "operator_timing": 106.34325858400005,
                                                    "operator_rows_scanned": 11021824000,
                                                    "cumulative_rows_scanned": 11021824000,
                                                    "operator_cardinality": 167770660,
                                                    "operator_type": "TABLE_SCAN",
                                                    "cumulative_cardinality": 167770660,
                                                    "extra_info": {
                                                        "Function": "READ_PARQUET",
                                                        "Projections": [
                                                            "l_suppkey",
                                                            "l_extendedprice",
                                                            "l_discount"
                                                        ],
                                                        "Filters": "l_shipdate>='1994-06-01'::DATE AND l_shipdate<'1994-09-01'::DATE AND l_shipdate IS NOT NULL",
                                                        "Estimated Cardinality": "68886400"
                                                    },
                                                    "cpu_time": 106.34325858400005,
                                                    "children": []
                                                }
                                            ]
                                        }
                                    ]
                                },
                                {
                                    "result_set_size": 96,
                                    "operator_timing": 0.00024381900000000002,
                                    "operator_rows_scanned": 0,
                                    "cumulative_rows_scanned": 134400000,
                                    "operator_cardinality": 1,
                                    "operator_type": "HASH_JOIN",
                                    "cumulative_cardinality": 15000007,
                                    "extra_info": {
                                        "Join Type": "INNER",
                                        "Conditions": "s_suppkey = supplier_no",
                                        "Estimated Cardinality": "0"
                                    },
                                    "cpu_time": 0.09352121299999999,
                                    "children": [
                                        {
                                            "result_set_size": 56,
                                            "operator_timing": 0.024491582999999997,
                                            "operator_rows_scanned": 134400000,
                                            "cumulative_rows_scanned": 134400000,
                                            "operator_cardinality": 1,
                                            "operator_type": "TABLE_SCAN",
                                            "cumulative_cardinality": 1,
                                            "extra_info": {
                                                "Function": "PARQUET_SCAN",
                                                "Projections": "",
                                                "Estimated Cardinality": "4200000"
                                            },
                                            "cpu_time": 0.024491582999999997,
                                            "children": []
                                        },
                                        {
                                            "result_set_size": 40,
                                            "operator_timing": 0.028138978999999998,
                                            "operator_rows_scanned": 0,
                                            "cumulative_rows_scanned": 0,
                                            "operator_cardinality": 1,
                                            "operator_type": "HASH_JOIN",
                                            "cumulative_cardinality": 15000005,
                                            "extra_info": {
                                                "Join Type": "INNER",
                                                "Conditions": "total_revenue = SUBQUERY",
                                                "Estimated Cardinality": "0"
                                            },
                                            "cpu_time": 0.068785811,
                                            "children": [
                                                {
                                                    "result_set_size": 120000000,
                                                    "operator_timing": 0.008215633000000002,
                                                    "operator_rows_scanned": 0,
                                                    "cumulative_rows_scanned": 0,
                                                    "operator_cardinality": 5000000,
                                                    "operator_type": "CTE_SCAN",
                                                    "cumulative_cardinality": 5000000,
                                                    "extra_info": {
                                                        "CTE Index": "0",
                                                        "Estimated Cardinality": "34443200"
                                                    },
                                                    "cpu_time": 0.008215633000000002,
                                                    "children": []
                                                },
                                                {
                                                    "result_set_size": 16,
                                                    "operator_timing": 0.000003029,
                                                    "operator_rows_scanned": 0,
                                                    "cumulative_rows_scanned": 0,
                                                    "operator_cardinality": 1,
                                                    "operator_type": "PROJECTION",
                                                    "cumulative_cardinality": 10000004,
                                                    "extra_info": {
                                                        "Projections": [
                                                            "CASE  WHEN ((#1 > 1)) THEN (error('More than one row returned by a subquery used as an expression - scalar subqueries can only return a single row.",
                                                            "Use \"SET scalar_subquery_error_on_multiple_rows=false\" to revert to previous behavior of returning a random row.')) ELSE #0 END"
                                                        ],
                                                        "Estimated Cardinality": "1"
                                                    },
                                                    "cpu_time": 0.032431199,
                                                    "children": [
                                                        {
                                                            "result_set_size": 24,
                                                            "operator_timing": 0.000002194,
                                                            "operator_rows_scanned": 0,
                                                            "cumulative_rows_scanned": 0,
                                                            "operator_cardinality": 1,
                                                            "operator_type": "UNGROUPED_AGGREGATE",
                                                            "cumulative_cardinality": 10000003,
                                                            "extra_info": {
                                                                "Aggregates": [
                                                                    "\"first\"(#0)",
                                                                    "count_star()"
                                                                ]
                                                            },
                                                            "cpu_time": 0.03242817,
                                                            "children": [
                                                                {
                                                                    "result_set_size": 16,
                                                                    "operator_timing": 2.01e-7,
                                                                    "operator_rows_scanned": 0,
                                                                    "cumulative_rows_scanned": 0,
                                                                    "operator_cardinality": 1,
                                                                    "operator_type": "PROJECTION",
                                                                    "cumulative_cardinality": 10000002,
                                                                    "extra_info": {
                                                                        "Projections": "#0",
                                                                        "Estimated Cardinality": "1"
                                                                    },
                                                                    "cpu_time": 0.032425976,
                                                                    "children": [
                                                                        {
                                                                            "result_set_size": 16,
                                                                            "operator_timing": 0.007413473,
                                                                            "operator_rows_scanned": 0,
                                                                            "cumulative_rows_scanned": 0,
                                                                            "operator_cardinality": 1,
                                                                            "operator_type": "UNGROUPED_AGGREGATE",
                                                                            "cumulative_cardinality": 10000001,
                                                                            "extra_info": {
                                                                                "Aggregates": "max(#0)"
                                                                            },
                                                                            "cpu_time": 0.032425775000000004,
                                                                            "children": [
                                                                                {
                                                                                    "result_set_size": 80000000,
                                                                                    "operator_timing": 0.00030394,
                                                                                    "operator_rows_scanned": 0,
                                                                                    "cumulative_rows_scanned": 0,
                                                                                    "operator_cardinality": 5000000,
                                                                                    "operator_type": "PROJECTION",
                                                                                    "cumulative_cardinality": 10000000,
                                                                                    "extra_info": {
                                                                                        "Projections": "total_revenue",
                                                                                        "Estimated Cardinality": "34443200"
                                                                                    },
                                                                                    "cpu_time": 0.025012302000000007,
                                                                                    "children": [
                                                                                        {
                                                                                            "result_set_size": 120000000,
                                                                                            "operator_timing": 0.024708362000000008,
                                                                                            "operator_rows_scanned": 0,
                                                                                            "cumulative_rows_scanned": 0,
                                                                                            "operator_cardinality": 5000000,
                                                                                            "operator_type": "CTE_SCAN",
                                                                                            "cumulative_cardinality": 5000000,
                                                                                            "extra_info": {
                                                                                                "CTE Index": "0",
                                                                                                "Estimated Cardinality": "34443200"
                                                                                            },
                                                                                            "cpu_time": 0.024708362000000008,
                                                                                            "children": []
                                                                                        }
                                                                                    ]
                                                                                }
                                                                            ]
                                                                        }
                                                                    ]
                                                                }
                                                            ]
                                                        }
                                                    ]
                                                }
                                            ]
                                        }
                                    ]
                                }
                            ]
                        }
                    ]
                }
            ]
        }
    ]
}