{
    "rows_returned": 1,
    "latency": 2.230612342,
    "result_set_size": 8,
    "cumulative_rows_scanned": 8082432000,
    "cumulative_cardinality": 184446867,
    "extra_info": {},
    "cpu_time": 60.19155736500001,
    "blocked_thread_time": 0.0,
    "query_name": "SELECT\n    100.00 * sum(CASE\n            WHEN p_type LIKE 'PROMO%' \n            THEN l_extendedprice * (1 - l_discount)\n            ELSE 0\n    END) / sum(l_extendedprice * (1 - l_discount)) AS promo_revenue\nFROM\n    read_parquet([\"s3://tpch31087--apne1-az1--x-s3/0.parquet\", \"s3://tpch31087--apne1-az1--x-s3/1.parquet\", \"s3://tpch31087--apne1-az1--x-s3/2.parquet\", \"s3://tpch31087--apne1-az1--x-s3/3.parquet\", \"s3://tpch31087--apne1-az1--x-s3/4.parquet\", \"s3://tpch31087--apne1-az1--x-s3/5.parquet\", \"s3://tpch31087--apne1-az1--x-s3/6.parquet\", \"s3://tpch31087--apne1-az1--x-s3/7.parquet\", \"s3://tpch31087--apne1-az1--x-s3/8.parquet\", \"s3://tpch31087--apne1-az1--x-s3/9.parquet\", \"s3://tpch31087--apne1-az1--x-s3/10.parquet\", \"s3://tpch31087--apne1-az1--x-s3/11.parquet\", \"s3://tpch31087--apne1-az1--x-s3/12.parquet\", \"s3://tpch31087--apne1-az1--x-s3/13.parquet\", \"s3://tpch31087--apne1-az1--x-s3/14.parquet\", \"s3://tpch31087--apne1-az1--x-s3/15.parquet\", \"s3://tpch31087--apne1-az1--x-s3/16.parquet\", \"s3://tpch31087--apne1-az1--x-s3/17.parquet\", \"s3://tpch31087--apne1-az1--x-s3/18.parquet\", \"s3://tpch31087--apne1-az1--x-s3/19.parquet\", \"s3://tpch31087--apne1-az1--x-s3/20.parquet\", \"s3://tpch31087--apne1-az1--x-s3/21.parquet\", \"s3://tpch31087--apne1-az1--x-s3/22.parquet\", \"s3://tpch31087--apne1-az1--x-s3/23.parquet\", \"s3://tpch31087--apne1-az1--x-s3/24.parquet\", \"s3://tpch31087--apne1-az1--x-s3/25.parquet\", \"s3://tpch31087--apne1-az1--x-s3/26.parquet\", \"s3://tpch31087--apne1-az1--x-s3/27.parquet\", \"s3://tpch31087--apne1-az1--x-s3/28.parquet\", \"s3://tpch31087--apne1-az1--x-s3/29.parquet\", \"s3://tpch31087--apne1-az1--x-s3/30.parquet\", \"s3://tpch31087--apne1-az1--x-s3/31.parquet\", \"s3://tpch31087--apne1-az1--x-s3/32.parquet\", \"s3://tpch31087--apne1-az1--x-s3/33.parquet\", \"s3://tpch31087--apne1-az1--x-s3/34.parquet\", \"s3://tpch31087--apne1-az1--x-s3/35.parquet\", \"s3://tpch31087--apne1-az1--x-s3/36.parquet\", \"s3://tpch31087--apne1-az1--x-s3/37.parquet\", \"s3://tpch31087--apne1-az1--x-s3/38.parquet\", \"s3://tpch31087--apne1-az1--x-s3/39.parquet\", \"s3://tpch31087--apne1-az1--x-s3/40.parquet\", \"s3://tpch31087--apne1-az1--x-s3/41.parquet\", \"s3://tpch31087--apne1-az1--x-s3/42.parquet\", \"s3://tpch31087--apne1-az1--x-s3/43.parquet\", \"s3://tpch31087--apne1-az1--x-s3/44.parquet\", \"s3://tpch31087--apne1-az1--x-s3/45.parquet\", \"s3://tpch31087--apne1-az1--x-s3/46.parquet\", \"s3://tpch31087--apne1-az1--x-s3/47.parquet\", \"s3://tpch31087--apne1-az1--x-s3/48.parquet\", \"s3://tpch31087--apne1-az1--x-s3/49.parquet\", \"s3://tpch31087--apne1-az1--x-s3/50.parquet\", \"s3://tpch31087--apne1-az1--x-s3/51.parquet\", \"s3://tpch31087--apne1-az1--x-s3/52.parquet\", \"s3://tpch31087--apne1-az1--x-s3/53.parquet\", \"s3://tpch31087--apne1-az1--x-s3/54.parquet\", \"s3://tpch31087--apne1-az1--x-s3/55.parquet\", \"s3://tpch31087--apne1-az1--x-s3/56.parquet\", \"s3://tpch31087--apne1-az1--x-s3/57.parquet\", \"s3://tpch31087--apne1-az1--x-s3/58.parquet\", \"s3://tpch31087--apne1-az1--x-s3/59.parquet\", \"s3://tpch31087--apne1-az1--x-s3/60.parquet\", \"s3://tpch31087--apne1-az1--x-s3/61.parquet\", \"s3://tpch31087--apne1-az1--x-s3/62.parquet\", \"s3://tpch31087--apne1-az1--x-s3/63.parquet\", \"s3://tpch31087--apne1-az1--x-s3/64.parquet\", \"s3://tpch31087--apne1-az1--x-s3/65.parquet\", \"s3://tpch31087--apne1-az1--x-s3/66.parquet\", \"s3://tpch31087--apne1-az1--x-s3/67.parquet\", \"s3://tpch31087--apne1-az1--x-s3/68.parquet\", \"s3://tpch31087--apne1-az1--x-s3/69.parquet\", \"s3://tpch31087--apne1-az1--x-s3/70.parquet\", \"s3://tpch31087--apne1-az1--x-s3/71.parquet\", \"s3://tpch31087--apne1-az1--x-s3/72.parquet\", \"s3://tpch31087--apne1-az1--x-s3/73.parquet\", \"s3://tpch31087--apne1-az1--x-s3/74.parquet\", \"s3://tpch31087--apne1-az1--x-s3/75.parquet\", \"s3://tpch31087--apne1-az1--x-s3/76.parquet\", \"s3://tpch31087--apne1-az1--x-s3/77.parquet\", \"s3://tpch31087--apne1-az1--x-s3/78.parquet\", \"s3://tpch31087--apne1-az1--x-s3/79.parquet\", \"s3://tpch31087--apne1-az1--x-s3/80.parquet\", \"s3://tpch31087--apne1-az1--x-s3/81.parquet\", \"s3://tpch31087--apne1-az1--x-s3/82.parquet\", \"s3://tpch31087--apne1-az1--x-s3/83.parquet\", \"s3://tpch31087--apne1-az1--x-s3/84.parquet\", \"s3://tpch31087--apne1-az1--x-s3/85.parquet\", \"s3://tpch31087--apne1-az1--x-s3/86.parquet\", \"s3://tpch31087--apne1-az1--x-s3/87.parquet\", \"s3://tpch31087--apne1-az1--x-s3/88.parquet\", \"s3://tpch31087--apne1-az1--x-s3/89.parquet\", \"s3://tpch31087--apne1-az1--x-s3/90.parquet\", \"s3://tpch31087--apne1-az1--x-s3/91.parquet\", \"s3://tpch31087--apne1-az1--x-s3/92.parquet\", \"s3://tpch31087--apne1-az1--x-s3/93.parquet\", \"s3://tpch31087--apne1-az1--x-s3/94.parquet\", \"s3://tpch31087--apne1-az1--x-s3/95.parquet\", \"s3://tpch31087--apne1-az1--x-s3/96.parquet\", \"s3://tpch31087--apne1-az1--x-s3/97.parquet\", \"s3://tpch31087--apne1-az1--x-s3/98.parquet\", \"s3://tpch31087--apne1-az1--x-s3/99.parquet\", \"s3://tpch31087--apne1-az1--x-s3/100.parquet\", \"s3://tpch31087--apne1-az1--x-s3/101.parquet\", \"s3://tpch31087--apne1-az1--x-s3/102.parquet\", \"s3://tpch31087--apne1-az1--x-s3/103.parquet\", \"s3://tpch31087--apne1-az1--x-s3/104.parquet\", \"s3://tpch31087--apne1-az1--x-s3/105.parquet\", \"s3://tpch31087--apne1-az1--x-s3/106.parquet\", \"s3://tpch31087--apne1-az1--x-s3/107.parquet\", \"s3://tpch31087--apne1-az1--x-s3/108.parquet\", \"s3://tpch31087--apne1-az1--x-s3/109.parquet\", \"s3://tpch31087--apne1-az1--x-s3/110.parquet\", \"s3://tpch31087--apne1-az1--x-s3/111.parquet\", \"s3://tpch31087--apne1-az1--x-s3/112.parquet\", \"s3://tpch31087--apne1-az1--x-s3/113.parquet\", \"s3://tpch31087--apne1-az1--x-s3/114.parquet\", \"s3://tpch31087--apne1-az1--x-s3/115.parquet\", \"s3://tpch31087--apne1-az1--x-s3/116.parquet\", \"s3://tpch31087--apne1-az1--x-s3/117.parquet\", \"s3://tpch31087--apne1-az1--x-s3/118.parquet\", \"s3://tpch31087--apne1-az1--x-s3/119.parquet\", \"s3://tpch31087--apne1-az1--x-s3/120.parquet\", \"s3://tpch31087--apne1-az1--x-s3/121.parquet\", \"s3://tpch31087--apne1-az1--x-s3/122.parquet\", \"s3://tpch31087--apne1-az1--x-s3/123.parquet\", \"s3://tpch31087--apne1-az1--x-s3/124.parquet\", \"s3://tpch31087--apne1-az1--x-s3/125.parquet\", \"s3://tpch31087--apne1-az1--x-s3/126.parquet\", \"s3://tpch31087--apne1-az1--x-s3/127.parquet\", \"s3://tpch31087--apne1-az1--x-s3/128.parquet\", \"s3://tpch31087--apne1-az1--x-s3/129.parquet\", \"s3://tpch31087--apne1-az1--x-s3/130.parquet\", \"s3://tpch31087--apne1-az1--x-s3/131.parquet\", \"s3://tpch31087--apne1-az1--x-s3/132.parquet\", \"s3://tpch31087--apne1-az1--x-s3/133.parquet\", \"s3://tpch31087--apne1-az1--x-s3/134.parquet\", \"s3://tpch31087--apne1-az1--x-s3/135.parquet\", \"s3://tpch31087--apne1-az1--x-s3/136.parquet\", \"s3://tpch31087--apne1-az1--x-s3/137.parquet\", \"s3://tpch31087--apne1-az1--x-s3/138.parquet\", \"s3://tpch31087--apne1-az1--x-s3/139.parquet\", \"s3://tpch31087--apne1-az1--x-s3/140.parquet\", \"s3://tpch31087--apne1-az1--x-s3/141.parquet\", \"s3://tpch31087--apne1-az1--x-s3/369.parquet\", \"s3://tpch31087--apne1-az1--x-s3/370.parquet\", \"s3://tpch31087--apne1-az1--x-s3/371.parquet\", \"s3://tpch31087--apne1-az1--x-s3/372.parquet\", \"s3://tpch31087--apne1-az1--x-s3/440.parquet\", \"s3://tpch31087--apne1-az1--x-s3/441.parquet\", \"s3://tpch31087--apne1-az1--x-s3/442.parquet\", \"s3://tpch31087--apne1-az1--x-s3/443.parquet\", \"s3://tpch31087--apne1-az1--x-s3/720.parquet\", \"s3://tpch31087--apne1-az1--x-s3/721.parquet\", \"s3://tpch31087--apne1-az1--x-s3/722.parquet\", \"s3://tpch31087--apne1-az1--x-s3/723.parquet\", \"s3://tpch31087--apne1-az1--x-s3/724.parquet\", \"s3://tpch31087--apne1-az1--x-s3/1007.parquet\", \"s3://tpch31087--apne1-az1--x-s3/1008.parquet\", \"s3://tpch31087--apne1-az1--x-s3/1009.parquet\", \"s3://tpch31087--apne1-az1--x-s3/1010.parquet\", \"s3://tpch31087--apne1-az1--x-s3/1011.parquet\", \"s3://tpch31087--apne1-az1--x-s3/1063.parquet\", \"s3://tpch31087--apne1-az1--x-s3/1158.parquet\", \"s3://tpch31087--apne1-az1--x-s3/1159.parquet\", \"s3://tpch31087--apne1-az1--x-s3/1160.parquet\", \"s3://tpch31087--apne1-az1--x-s3/1161.parquet\", \"s3://tpch31087--apne1-az1--x-s3/1162.parquet\", \"s3://tpch31087--apne1-az1--x-s3/1207.parquet\", \"s3://tpch31087--apne1-az1--x-s3/1208.parquet\", \"s3://tpch31087--apne1-az1--x-s3/1209.parquet\", \"s3://tpch31087--apne1-az1--x-s3/1210.parquet\", \"s3://tpch31087--apne1-az1--x-s3/1262.parquet\", \"s3://tpch31087--apne1-az1--x-s3/1263.parquet\", \"s3://tpch31087--apne1-az1--x-s3/1264.parquet\", \"s3://tpch31087--apne1-az1--x-s3/1265.parquet\", \"s3://tpch31087--apne1-az1--x-s3/1305.parquet\", \"s3://tpch31087--apne1-az1--x-s3/1306.parquet\", \"s3://tpch31087--apne1-az1--x-s3/1307.parquet\", \"s3://tpch31087--apne1-az1--x-s3/1363.parquet\", \"s3://tpch31087--apne1-az1--x-s3/1364.parquet\", \"s3://tpch31087--apne1-az1--x-s3/1365.parquet\", \"s3://tpch31087--apne1-az1--x-s3/1474.parquet\", \"s3://tpch31087--apne1-az1--x-s3/1475.parquet\", \"s3://tpch31087--apne1-az1--x-s3/1476.parquet\", \"s3://tpch31087--apne1-az1--x-s3/1507.parquet\", \"s3://tpch31087--apne1-az1--x-s3/1508.parquet\", \"s3://tpch31087--apne1-az1--x-s3/1572.parquet\", \"s3://tpch31087--apne1-az1--x-s3/1573.parquet\"]),\n    'pool/part/*.parquet'\nWHERE\n    l_partkey = p_partkey\n    AND l_shipdate >= DATE '1992-01-01' + INTERVAL 17 MONTH\n    AND l_shipdate < DATE '1992-02-01' + INTERVAL 17 MONTH;",
    "children": [
        {
            "result_set_size": 8,
            "operator_timing": 0.000019769,
            "operator_rows_scanned": 0,
            "cumulative_rows_scanned": 8082432000,
            "operator_cardinality": 1,
            "operator_type": "PROJECTION",
            "cumulative_cardinality": 184446867,
            "extra_info": {
                "Projections": "promo_revenue",
                "Estimated Cardinality": "1"
            },
            "cpu_time": 60.19155736500001,
            "children": [
                {
                    "result_set_size": 32,
                    "operator_timing": 0.10168410199999998,
                    "operator_rows_scanned": 0,
                    "cumulative_rows_scanned": 8082432000,
                    "operator_cardinality": 1,
                    "operator_type": "UNGROUPED_AGGREGATE",
                    "cumulative_cardinality": 184446866,
                    "extra_info": {
                        "Aggregates": [
                            "sum(#0)",
                            "sum(#1)"
                        ]
                    },
                    "cpu_time": 60.19153759600001,
                    "children": [
                        {
                            "result_set_size": 472334704,
                            "operator_timing": 0.8009165389999997,
                            "operator_rows_scanned": 0,
                            "cumulative_rows_scanned": 8082432000,
                            "operator_cardinality": 29520919,
                            "operator_type": "PROJECTION",
                            "cumulative_cardinality": 184446865,
                            "extra_info": {
                                "Projections": [
                                    "CASE  WHEN (prefix(p_type, 'PROMO')) THEN ((l_extendedprice * (1.00 - l_discount))) ELSE 0.0000 END",
                                    "(l_extendedprice * (1.00 - l_discount))"
                                ],
                                "Estimated Cardinality": "31715200"
                            },
                            "cpu_time": 60.08985349400001,
                            "children": [
                                {
                                    "result_set_size": 1417004112,
                                    "operator_timing": 7.807672620000027,
                                    "operator_rows_scanned": 0,
                                    "cumulative_rows_scanned": 8082432000,
                                    "operator_cardinality": 29520919,
                                    "operator_type": "HASH_JOIN",
                                    "cumulative_cardinality": 154925946,
                                    "extra_info": {
                                        "Join Type": "INNER",
                                        "Conditions": "p_partkey = l_partkey",
                                        "Estimated Cardinality": "31715200"
                                    },
                                    "cpu_time": 59.28893695500001,
                                    "children": [
                                        {
                                            "result_set_size": 2255999928,
                                            "operator_timing": 2.6938442940000003,
                                            "operator_rows_scanned": 3008000000,
                                            "cumulative_rows_scanned": 3008000000,
                                            "operator_cardinality": 93999997,
                                            "operator_type": "TABLE_SCAN",
                                            "cumulative_cardinality": 93999997,
                                            "extra_info": {
                                                "Function": "PARQUET_SCAN",
                                                "Projections": [
                                                    "p_partkey",
                                                    "p_type"
                                                ],
                                                "Estimated Cardinality": "94000000"
                                            },
                                            "cpu_time": 2.6938442940000003,
                                            "children": []
                                        },
                                        {
                                            "result_set_size": 753720720,
                                            "operator_timing": 48.78742004099998,
                                            "operator_rows_scanned": 5074432000,
                                            "cumulative_rows_scanned": 5074432000,
                                            "operator_cardinality": 31405030,
                                            "operator_type": "TABLE_SCAN",
                                            "cumulative_cardinality": 31405030,
                                            "extra_info": {
                                                "Function": "READ_PARQUET",
                                                "Projections": [
                                                    "l_partkey",
                                                    "l_extendedprice",
                                                    "l_discount"
                                                ],
                                                "Filters": "l_shipdate>='1993-06-01'::DATE AND l_shipdate<'1993-07-01'::DATE AND l_shipdate IS NOT NULL",
                                                "Estimated Cardinality": "31715200"
                                            },
                                            "cpu_time": 48.78742004099998,
                                            "children": []
                                        }
                                    ]
                                }
                            ]
                        }
                    ]
                }
            ]
        }
    ]
}