{
    "rows_returned": 1,
    "latency": 0.948799704,
    "result_set_size": 8,
    "cumulative_rows_scanned": 3445248000,
    "cumulative_cardinality": 149188788,
    "extra_info": {},
    "cpu_time": 18.453998046000013,
    "blocked_thread_time": 0.0,
    "query_name": "SELECT\n    100.00 * sum(CASE\n            WHEN p_type LIKE 'PROMO%' \n            THEN l_extendedprice * (1 - l_discount)\n            ELSE 0\n    END) / sum(l_extendedprice * (1 - l_discount)) AS promo_revenue\nFROM\n    read_parquet([\"s3://tpch28764--apne1-az1--x-s3/251.parquet\", \"s3://tpch28764--apne1-az1--x-s3/252.parquet\", \"s3://tpch28764--apne1-az1--x-s3/253.parquet\", \"s3://tpch28764--apne1-az1--x-s3/254.parquet\", \"s3://tpch28764--apne1-az1--x-s3/255.parquet\", \"s3://tpch28764--apne1-az1--x-s3/408.parquet\", \"s3://tpch28764--apne1-az1--x-s3/409.parquet\", \"s3://tpch28764--apne1-az1--x-s3/410.parquet\", \"s3://tpch28764--apne1-az1--x-s3/411.parquet\", \"s3://tpch28764--apne1-az1--x-s3/412.parquet\", \"s3://tpch28764--apne1-az1--x-s3/413.parquet\", \"s3://tpch28764--apne1-az1--x-s3/593.parquet\", \"s3://tpch28764--apne1-az1--x-s3/594.parquet\", \"s3://tpch28764--apne1-az1--x-s3/595.parquet\", \"s3://tpch28764--apne1-az1--x-s3/596.parquet\", \"s3://tpch28764--apne1-az1--x-s3/597.parquet\", \"s3://tpch28764--apne1-az1--x-s3/598.parquet\", \"s3://tpch28764--apne1-az1--x-s3/1011.parquet\", \"s3://tpch28764--apne1-az1--x-s3/1012.parquet\", \"s3://tpch28764--apne1-az1--x-s3/1013.parquet\", \"s3://tpch28764--apne1-az1--x-s3/1014.parquet\", \"s3://tpch28764--apne1-az1--x-s3/1015.parquet\", \"s3://tpch28764--apne1-az1--x-s3/1016.parquet\", \"s3://tpch28764--apne1-az1--x-s3/1036.parquet\", \"s3://tpch28764--apne1-az1--x-s3/1072.parquet\", \"s3://tpch28764--apne1-az1--x-s3/1073.parquet\", \"s3://tpch28764--apne1-az1--x-s3/1074.parquet\", \"s3://tpch28764--apne1-az1--x-s3/1207.parquet\", \"s3://tpch28764--apne1-az1--x-s3/1234.parquet\", \"s3://tpch28764--apne1-az1--x-s3/1350.parquet\", \"s3://tpch28764--apne1-az1--x-s3/1352.parquet\", \"s3://tpch28764--apne1-az1--x-s3/1357.parquet\", \"s3://tpch28764--apne1-az1--x-s3/1591.parquet\", \"s3://tpch28764--apne1-az1--x-s3/1593.parquet\", \"s3://tpch28764--apne1-az1--x-s3/1594.parquet\", \"s3://tpch28764--apne1-az1--x-s3/1597.parquet\"]),\n    'pool/part/*.parquet'\nWHERE\n    l_partkey = p_partkey\n    AND l_shipdate >= DATE '1992-01-01' + INTERVAL 15 MONTH\n    AND l_shipdate < DATE '1992-02-01' + INTERVAL 15 MONTH;",
    "children": [
        {
            "result_set_size": 8,
            "operator_timing": 0.00001636,
            "operator_rows_scanned": 0,
            "cumulative_rows_scanned": 3445248000,
            "operator_cardinality": 1,
            "operator_type": "PROJECTION",
            "cumulative_cardinality": 149188788,
            "extra_info": {
                "Projections": "promo_revenue",
                "Estimated Cardinality": "1"
            },
            "cpu_time": 18.453998046000013,
            "children": [
                {
                    "result_set_size": 32,
                    "operator_timing": 0.07292621299999999,
                    "operator_rows_scanned": 0,
                    "cumulative_rows_scanned": 3445248000,
                    "operator_cardinality": 1,
                    "operator_type": "UNGROUPED_AGGREGATE",
                    "cumulative_cardinality": 149188787,
                    "extra_info": {
                        "Aggregates": [
                            "sum(#0)",
                            "sum(#1)"
                        ]
                    },
                    "cpu_time": 18.453981686000013,
                    "children": [
                        {
                            "result_set_size": 347037824,
                            "operator_timing": 0.5712868859999998,
                            "operator_rows_scanned": 0,
                            "cumulative_rows_scanned": 3445248000,
                            "operator_cardinality": 21689864,
                            "operator_type": "PROJECTION",
                            "cumulative_cardinality": 149188786,
                            "extra_info": {
                                "Projections": [
                                    "CASE  WHEN (prefix(p_type, 'PROMO')) THEN ((l_extendedprice * (1.00 - l_discount))) ELSE 0.0000 END",
                                    "(l_extendedprice * (1.00 - l_discount))"
                                ],
                                "Estimated Cardinality": "15600000"
                            },
                            "cpu_time": 18.381055473000014,
                            "children": [
                                {
                                    "result_set_size": 1041113472,
                                    "operator_timing": 6.425960778000013,
                                    "operator_rows_scanned": 0,
                                    "cumulative_rows_scanned": 3445248000,
                                    "operator_cardinality": 21689864,
                                    "operator_type": "HASH_JOIN",
                                    "cumulative_cardinality": 127498922,
                                    "extra_info": {
                                        "Join Type": "INNER",
                                        "Conditions": "p_partkey = l_partkey",
                                        "Estimated Cardinality": "15600000"
                                    },
                                    "cpu_time": 17.809768587000015,
                                    "children": [
                                        {
                                            "result_set_size": 1871999904,
                                            "operator_timing": 2.122006112,
                                            "operator_rows_scanned": 2496000000,
                                            "cumulative_rows_scanned": 2496000000,
                                            "operator_cardinality": 77999996,
                                            "operator_type": "TABLE_SCAN",
                                            "cumulative_cardinality": 77999996,
                                            "extra_info": {
                                                "Function": "PARQUET_SCAN",
                                                "Projections": [
                                                    "p_partkey",
                                                    "p_type"
                                                ],
                                                "Estimated Cardinality": "78000000"
                                            },
                                            "cpu_time": 2.122006112,
                                            "children": []
                                        },
                                        {
                                            "result_set_size": 667417488,
                                            "operator_timing": 9.261801697000003,
                                            "operator_rows_scanned": 949248000,
                                            "cumulative_rows_scanned": 949248000,
                                            "operator_cardinality": 27809062,
                                            "operator_type": "TABLE_SCAN",
                                            "cumulative_cardinality": 27809062,
                                            "extra_info": {
                                                "Function": "READ_PARQUET",
                                                "Projections": [
                                                    "l_partkey",
                                                    "l_extendedprice",
                                                    "l_discount"
                                                ],
                                                "Filters": "l_shipdate>='1993-04-01'::DATE AND l_shipdate<'1993-05-01'::DATE AND l_shipdate IS NOT NULL",
                                                "Estimated Cardinality": "5932800"
                                            },
                                            "cpu_time": 9.261801697000003,
                                            "children": []
                                        }
                                    ]
                                }
                            ]
                        }
                    ]
                }
            ]
        }
    ]
}