{
    "rows_returned": 1,
    "latency": 3.165840967,
    "result_set_size": 72,
    "cumulative_rows_scanned": 8415616000,
    "cumulative_cardinality": 174676627,
    "extra_info": {},
    "cpu_time": 92.38544275300002,
    "blocked_thread_time": 0.0,
    "query_name": "WITH revenue AS (\n    SELECT\n        l_suppkey AS supplier_no,\n        sum(l_extendedprice * (1 - l_discount)) AS total_revenue\n    FROM\n        read_parquet([\"s3://tpch17377--apne1-az1--x-s3/0.parquet\", \"s3://tpch17377--apne1-az1--x-s3/1.parquet\", \"s3://tpch17377--apne1-az1--x-s3/2.parquet\", \"s3://tpch17377--apne1-az1--x-s3/3.parquet\", \"s3://tpch17377--apne1-az1--x-s3/4.parquet\", \"s3://tpch17377--apne1-az1--x-s3/5.parquet\", \"s3://tpch17377--apne1-az1--x-s3/6.parquet\", \"s3://tpch17377--apne1-az1--x-s3/7.parquet\", \"s3://tpch17377--apne1-az1--x-s3/8.parquet\", \"s3://tpch17377--apne1-az1--x-s3/9.parquet\", \"s3://tpch17377--apne1-az1--x-s3/10.parquet\", \"s3://tpch17377--apne1-az1--x-s3/11.parquet\", \"s3://tpch17377--apne1-az1--x-s3/12.parquet\", \"s3://tpch17377--apne1-az1--x-s3/13.parquet\", \"s3://tpch17377--apne1-az1--x-s3/14.parquet\", \"s3://tpch17377--apne1-az1--x-s3/15.parquet\", \"s3://tpch17377--apne1-az1--x-s3/16.parquet\", \"s3://tpch17377--apne1-az1--x-s3/17.parquet\", \"s3://tpch17377--apne1-az1--x-s3/18.parquet\", \"s3://tpch17377--apne1-az1--x-s3/19.parquet\", \"s3://tpch17377--apne1-az1--x-s3/20.parquet\", \"s3://tpch17377--apne1-az1--x-s3/21.parquet\", \"s3://tpch17377--apne1-az1--x-s3/22.parquet\", \"s3://tpch17377--apne1-az1--x-s3/23.parquet\", \"s3://tpch17377--apne1-az1--x-s3/24.parquet\", \"s3://tpch17377--apne1-az1--x-s3/25.parquet\", \"s3://tpch17377--apne1-az1--x-s3/26.parquet\", \"s3://tpch17377--apne1-az1--x-s3/27.parquet\", \"s3://tpch17377--apne1-az1--x-s3/28.parquet\", \"s3://tpch17377--apne1-az1--x-s3/29.parquet\", \"s3://tpch17377--apne1-az1--x-s3/30.parquet\", \"s3://tpch17377--apne1-az1--x-s3/31.parquet\", \"s3://tpch17377--apne1-az1--x-s3/32.parquet\", \"s3://tpch17377--apne1-az1--x-s3/33.parquet\", \"s3://tpch17377--apne1-az1--x-s3/34.parquet\", \"s3://tpch17377--apne1-az1--x-s3/35.parquet\", \"s3://tpch17377--apne1-az1--x-s3/36.parquet\", \"s3://tpch17377--apne1-az1--x-s3/37.parquet\", \"s3://tpch17377--apne1-az1--x-s3/38.parquet\", \"s3://tpch17377--apne1-az1--x-s3/39.parquet\", \"s3://tpch17377--apne1-az1--x-s3/40.parquet\", \"s3://tpch17377--apne1-az1--x-s3/41.parquet\", \"s3://tpch17377--apne1-az1--x-s3/42.parquet\", \"s3://tpch17377--apne1-az1--x-s3/43.parquet\", \"s3://tpch17377--apne1-az1--x-s3/44.parquet\", \"s3://tpch17377--apne1-az1--x-s3/45.parquet\", \"s3://tpch17377--apne1-az1--x-s3/46.parquet\", \"s3://tpch17377--apne1-az1--x-s3/47.parquet\", \"s3://tpch17377--apne1-az1--x-s3/48.parquet\", \"s3://tpch17377--apne1-az1--x-s3/49.parquet\", \"s3://tpch17377--apne1-az1--x-s3/50.parquet\", \"s3://tpch17377--apne1-az1--x-s3/51.parquet\", \"s3://tpch17377--apne1-az1--x-s3/52.parquet\", \"s3://tpch17377--apne1-az1--x-s3/53.parquet\", \"s3://tpch17377--apne1-az1--x-s3/54.parquet\", \"s3://tpch17377--apne1-az1--x-s3/55.parquet\", \"s3://tpch17377--apne1-az1--x-s3/56.parquet\", \"s3://tpch17377--apne1-az1--x-s3/57.parquet\", \"s3://tpch17377--apne1-az1--x-s3/58.parquet\", \"s3://tpch17377--apne1-az1--x-s3/59.parquet\", \"s3://tpch17377--apne1-az1--x-s3/60.parquet\", \"s3://tpch17377--apne1-az1--x-s3/61.parquet\", \"s3://tpch17377--apne1-az1--x-s3/62.parquet\", \"s3://tpch17377--apne1-az1--x-s3/63.parquet\", \"s3://tpch17377--apne1-az1--x-s3/64.parquet\", \"s3://tpch17377--apne1-az1--x-s3/65.parquet\", \"s3://tpch17377--apne1-az1--x-s3/66.parquet\", \"s3://tpch17377--apne1-az1--x-s3/67.parquet\", \"s3://tpch17377--apne1-az1--x-s3/68.parquet\", \"s3://tpch17377--apne1-az1--x-s3/69.parquet\", \"s3://tpch17377--apne1-az1--x-s3/70.parquet\", \"s3://tpch17377--apne1-az1--x-s3/71.parquet\", \"s3://tpch17377--apne1-az1--x-s3/72.parquet\", \"s3://tpch17377--apne1-az1--x-s3/73.parquet\", \"s3://tpch17377--apne1-az1--x-s3/74.parquet\", \"s3://tpch17377--apne1-az1--x-s3/75.parquet\", \"s3://tpch17377--apne1-az1--x-s3/76.parquet\", \"s3://tpch17377--apne1-az1--x-s3/77.parquet\", \"s3://tpch17377--apne1-az1--x-s3/78.parquet\", \"s3://tpch17377--apne1-az1--x-s3/79.parquet\", \"s3://tpch17377--apne1-az1--x-s3/80.parquet\", \"s3://tpch17377--apne1-az1--x-s3/81.parquet\", \"s3://tpch17377--apne1-az1--x-s3/82.parquet\", \"s3://tpch17377--apne1-az1--x-s3/83.parquet\", \"s3://tpch17377--apne1-az1--x-s3/84.parquet\", \"s3://tpch17377--apne1-az1--x-s3/85.parquet\", \"s3://tpch17377--apne1-az1--x-s3/86.parquet\", \"s3://tpch17377--apne1-az1--x-s3/87.parquet\", \"s3://tpch17377--apne1-az1--x-s3/88.parquet\", \"s3://tpch17377--apne1-az1--x-s3/89.parquet\", \"s3://tpch17377--apne1-az1--x-s3/90.parquet\", \"s3://tpch17377--apne1-az1--x-s3/91.parquet\", \"s3://tpch17377--apne1-az1--x-s3/92.parquet\", \"s3://tpch17377--apne1-az1--x-s3/93.parquet\", \"s3://tpch17377--apne1-az1--x-s3/94.parquet\", \"s3://tpch17377--apne1-az1--x-s3/95.parquet\", \"s3://tpch17377--apne1-az1--x-s3/96.parquet\", \"s3://tpch17377--apne1-az1--x-s3/97.parquet\", \"s3://tpch17377--apne1-az1--x-s3/98.parquet\", \"s3://tpch17377--apne1-az1--x-s3/99.parquet\", \"s3://tpch17377--apne1-az1--x-s3/100.parquet\", \"s3://tpch17377--apne1-az1--x-s3/101.parquet\", \"s3://tpch17377--apne1-az1--x-s3/102.parquet\", \"s3://tpch17377--apne1-az1--x-s3/103.parquet\", \"s3://tpch17377--apne1-az1--x-s3/104.parquet\", \"s3://tpch17377--apne1-az1--x-s3/105.parquet\", \"s3://tpch17377--apne1-az1--x-s3/106.parquet\", \"s3://tpch17377--apne1-az1--x-s3/107.parquet\", \"s3://tpch17377--apne1-az1--x-s3/108.parquet\", \"s3://tpch17377--apne1-az1--x-s3/109.parquet\", \"s3://tpch17377--apne1-az1--x-s3/110.parquet\", \"s3://tpch17377--apne1-az1--x-s3/111.parquet\", \"s3://tpch17377--apne1-az1--x-s3/112.parquet\", \"s3://tpch17377--apne1-az1--x-s3/113.parquet\", \"s3://tpch17377--apne1-az1--x-s3/114.parquet\", \"s3://tpch17377--apne1-az1--x-s3/115.parquet\", \"s3://tpch17377--apne1-az1--x-s3/116.parquet\", \"s3://tpch17377--apne1-az1--x-s3/117.parquet\", \"s3://tpch17377--apne1-az1--x-s3/118.parquet\", \"s3://tpch17377--apne1-az1--x-s3/119.parquet\", \"s3://tpch17377--apne1-az1--x-s3/120.parquet\", \"s3://tpch17377--apne1-az1--x-s3/121.parquet\", \"s3://tpch17377--apne1-az1--x-s3/122.parquet\", \"s3://tpch17377--apne1-az1--x-s3/123.parquet\", \"s3://tpch17377--apne1-az1--x-s3/124.parquet\", \"s3://tpch17377--apne1-az1--x-s3/125.parquet\", \"s3://tpch17377--apne1-az1--x-s3/126.parquet\", \"s3://tpch17377--apne1-az1--x-s3/127.parquet\", \"s3://tpch17377--apne1-az1--x-s3/128.parquet\", \"s3://tpch17377--apne1-az1--x-s3/129.parquet\", \"s3://tpch17377--apne1-az1--x-s3/130.parquet\", \"s3://tpch17377--apne1-az1--x-s3/131.parquet\", \"s3://tpch17377--apne1-az1--x-s3/132.parquet\", \"s3://tpch17377--apne1-az1--x-s3/133.parquet\", \"s3://tpch17377--apne1-az1--x-s3/134.parquet\", \"s3://tpch17377--apne1-az1--x-s3/135.parquet\", \"s3://tpch17377--apne1-az1--x-s3/136.parquet\", \"s3://tpch17377--apne1-az1--x-s3/137.parquet\", \"s3://tpch17377--apne1-az1--x-s3/138.parquet\", \"s3://tpch17377--apne1-az1--x-s3/139.parquet\", \"s3://tpch17377--apne1-az1--x-s3/140.parquet\", \"s3://tpch17377--apne1-az1--x-s3/141.parquet\", \"s3://tpch17377--apne1-az1--x-s3/142.parquet\", \"s3://tpch17377--apne1-az1--x-s3/143.parquet\", \"s3://tpch17377--apne1-az1--x-s3/144.parquet\", \"s3://tpch17377--apne1-az1--x-s3/145.parquet\", \"s3://tpch17377--apne1-az1--x-s3/146.parquet\", \"s3://tpch17377--apne1-az1--x-s3/147.parquet\", \"s3://tpch17377--apne1-az1--x-s3/148.parquet\", \"s3://tpch17377--apne1-az1--x-s3/149.parquet\", \"s3://tpch17377--apne1-az1--x-s3/150.parquet\", \"s3://tpch17377--apne1-az1--x-s3/151.parquet\", \"s3://tpch17377--apne1-az1--x-s3/152.parquet\", \"s3://tpch17377--apne1-az1--x-s3/153.parquet\", \"s3://tpch17377--apne1-az1--x-s3/154.parquet\", \"s3://tpch17377--apne1-az1--x-s3/155.parquet\", \"s3://tpch17377--apne1-az1--x-s3/156.parquet\", \"s3://tpch17377--apne1-az1--x-s3/157.parquet\", \"s3://tpch17377--apne1-az1--x-s3/158.parquet\", \"s3://tpch17377--apne1-az1--x-s3/159.parquet\", \"s3://tpch17377--apne1-az1--x-s3/160.parquet\", \"s3://tpch17377--apne1-az1--x-s3/161.parquet\", \"s3://tpch17377--apne1-az1--x-s3/162.parquet\", \"s3://tpch17377--apne1-az1--x-s3/163.parquet\", \"s3://tpch17377--apne1-az1--x-s3/164.parquet\", \"s3://tpch17377--apne1-az1--x-s3/165.parquet\", \"s3://tpch17377--apne1-az1--x-s3/166.parquet\", \"s3://tpch17377--apne1-az1--x-s3/167.parquet\", \"s3://tpch17377--apne1-az1--x-s3/168.parquet\", \"s3://tpch17377--apne1-az1--x-s3/169.parquet\", \"s3://tpch17377--apne1-az1--x-s3/170.parquet\", \"s3://tpch17377--apne1-az1--x-s3/171.parquet\", \"s3://tpch17377--apne1-az1--x-s3/172.parquet\", \"s3://tpch17377--apne1-az1--x-s3/173.parquet\", \"s3://tpch17377--apne1-az1--x-s3/174.parquet\", \"s3://tpch17377--apne1-az1--x-s3/175.parquet\", \"s3://tpch17377--apne1-az1--x-s3/176.parquet\", \"s3://tpch17377--apne1-az1--x-s3/177.parquet\", \"s3://tpch17377--apne1-az1--x-s3/178.parquet\", \"s3://tpch17377--apne1-az1--x-s3/179.parquet\", \"s3://tpch17377--apne1-az1--x-s3/180.parquet\", \"s3://tpch17377--apne1-az1--x-s3/181.parquet\", \"s3://tpch17377--apne1-az1--x-s3/182.parquet\", \"s3://tpch17377--apne1-az1--x-s3/183.parquet\", \"s3://tpch17377--apne1-az1--x-s3/184.parquet\", \"s3://tpch17377--apne1-az1--x-s3/185.parquet\", \"s3://tpch17377--apne1-az1--x-s3/186.parquet\", \"s3://tpch17377--apne1-az1--x-s3/187.parquet\", \"s3://tpch17377--apne1-az1--x-s3/188.parquet\", \"s3://tpch17377--apne1-az1--x-s3/189.parquet\", \"s3://tpch17377--apne1-az1--x-s3/190.parquet\", \"s3://tpch17377--apne1-az1--x-s3/191.parquet\", \"s3://tpch17377--apne1-az1--x-s3/192.parquet\", \"s3://tpch17377--apne1-az1--x-s3/193.parquet\", \"s3://tpch17377--apne1-az1--x-s3/194.parquet\", \"s3://tpch17377--apne1-az1--x-s3/195.parquet\", \"s3://tpch17377--apne1-az1--x-s3/196.parquet\", \"s3://tpch17377--apne1-az1--x-s3/197.parquet\", \"s3://tpch17377--apne1-az1--x-s3/198.parquet\", \"s3://tpch17377--apne1-az1--x-s3/199.parquet\", \"s3://tpch17377--apne1-az1--x-s3/200.parquet\", \"s3://tpch17377--apne1-az1--x-s3/201.parquet\", \"s3://tpch17377--apne1-az1--x-s3/202.parquet\", \"s3://tpch17377--apne1-az1--x-s3/203.parquet\", \"s3://tpch17377--apne1-az1--x-s3/204.parquet\", \"s3://tpch17377--apne1-az1--x-s3/205.parquet\", \"s3://tpch17377--apne1-az1--x-s3/206.parquet\", \"s3://tpch17377--apne1-az1--x-s3/207.parquet\", \"s3://tpch17377--apne1-az1--x-s3/208.parquet\", \"s3://tpch17377--apne1-az1--x-s3/209.parquet\", \"s3://tpch17377--apne1-az1--x-s3/210.parquet\", \"s3://tpch17377--apne1-az1--x-s3/211.parquet\", \"s3://tpch17377--apne1-az1--x-s3/212.parquet\", \"s3://tpch17377--apne1-az1--x-s3/267.parquet\", \"s3://tpch17377--apne1-az1--x-s3/276.parquet\", \"s3://tpch17377--apne1-az1--x-s3/277.parquet\", \"s3://tpch17377--apne1-az1--x-s3/278.parquet\", \"s3://tpch17377--apne1-az1--x-s3/279.parquet\", \"s3://tpch17377--apne1-az1--x-s3/280.parquet\", \"s3://tpch17377--apne1-az1--x-s3/281.parquet\", \"s3://tpch17377--apne1-az1--x-s3/282.parquet\", \"s3://tpch17377--apne1-az1--x-s3/356.parquet\", \"s3://tpch17377--apne1-az1--x-s3/357.parquet\", \"s3://tpch17377--apne1-az1--x-s3/358.parquet\", \"s3://tpch17377--apne1-az1--x-s3/359.parquet\", \"s3://tpch17377--apne1-az1--x-s3/360.parquet\", \"s3://tpch17377--apne1-az1--x-s3/361.parquet\", \"s3://tpch17377--apne1-az1--x-s3/362.parquet\", \"s3://tpch17377--apne1-az1--x-s3/363.parquet\", \"s3://tpch17377--apne1-az1--x-s3/364.parquet\", \"s3://tpch17377--apne1-az1--x-s3/365.parquet\", \"s3://tpch17377--apne1-az1--x-s3/366.parquet\", \"s3://tpch17377--apne1-az1--x-s3/426.parquet\", \"s3://tpch17377--apne1-az1--x-s3/427.parquet\", \"s3://tpch17377--apne1-az1--x-s3/428.parquet\", \"s3://tpch17377--apne1-az1--x-s3/429.parquet\", \"s3://tpch17377--apne1-az1--x-s3/430.parquet\", \"s3://tpch17377--apne1-az1--x-s3/431.parquet\", \"s3://tpch17377--apne1-az1--x-s3/432.parquet\", \"s3://tpch17377--apne1-az1--x-s3/433.parquet\", \"s3://tpch17377--apne1-az1--x-s3/434.parquet\", \"s3://tpch17377--apne1-az1--x-s3/435.parquet\", \"s3://tpch17377--apne1-az1--x-s3/436.parquet\", \"s3://tpch17377--apne1-az1--x-s3/710.parquet\", \"s3://tpch17377--apne1-az1--x-s3/711.parquet\", \"s3://tpch17377--apne1-az1--x-s3/712.parquet\", \"s3://tpch17377--apne1-az1--x-s3/713.parquet\", \"s3://tpch17377--apne1-az1--x-s3/714.parquet\", \"s3://tpch17377--apne1-az1--x-s3/715.parquet\", \"s3://tpch17377--apne1-az1--x-s3/716.parquet\", \"s3://tpch17377--apne1-az1--x-s3/717.parquet\", \"s3://tpch17377--apne1-az1--x-s3/1000.parquet\", \"s3://tpch17377--apne1-az1--x-s3/1001.parquet\", \"s3://tpch17377--apne1-az1--x-s3/1002.parquet\", \"s3://tpch17377--apne1-az1--x-s3/1003.parquet\", \"s3://tpch17377--apne1-az1--x-s3/1052.parquet\", \"s3://tpch17377--apne1-az1--x-s3/1055.parquet\", \"s3://tpch17377--apne1-az1--x-s3/1057.parquet\", \"s3://tpch17377--apne1-az1--x-s3/1058.parquet\", \"s3://tpch17377--apne1-az1--x-s3/1059.parquet\", \"s3://tpch17377--apne1-az1--x-s3/1060.parquet\", \"s3://tpch17377--apne1-az1--x-s3/1061.parquet\", \"s3://tpch17377--apne1-az1--x-s3/1150.parquet\", \"s3://tpch17377--apne1-az1--x-s3/1151.parquet\", \"s3://tpch17377--apne1-az1--x-s3/1152.parquet\", \"s3://tpch17377--apne1-az1--x-s3/1153.parquet\", \"s3://tpch17377--apne1-az1--x-s3/1154.parquet\", \"s3://tpch17377--apne1-az1--x-s3/1155.parquet\", \"s3://tpch17377--apne1-az1--x-s3/1156.parquet\", \"s3://tpch17377--apne1-az1--x-s3/1250.parquet\", \"s3://tpch17377--apne1-az1--x-s3/1251.parquet\", \"s3://tpch17377--apne1-az1--x-s3/1252.parquet\", \"s3://tpch17377--apne1-az1--x-s3/1253.parquet\", \"s3://tpch17377--apne1-az1--x-s3/1254.parquet\", \"s3://tpch17377--apne1-az1--x-s3/1255.parquet\", \"s3://tpch17377--apne1-az1--x-s3/1256.parquet\", \"s3://tpch17377--apne1-az1--x-s3/1257.parquet\", \"s3://tpch17377--apne1-az1--x-s3/1258.parquet\", \"s3://tpch17377--apne1-az1--x-s3/1259.parquet\", \"s3://tpch17377--apne1-az1--x-s3/1285.parquet\", \"s3://tpch17377--apne1-az1--x-s3/1286.parquet\", \"s3://tpch17377--apne1-az1--x-s3/1288.parquet\", \"s3://tpch17377--apne1-az1--x-s3/1289.parquet\", \"s3://tpch17377--apne1-az1--x-s3/1296.parquet\", \"s3://tpch17377--apne1-az1--x-s3/1297.parquet\", \"s3://tpch17377--apne1-az1--x-s3/1298.parquet\", \"s3://tpch17377--apne1-az1--x-s3/1299.parquet\", \"s3://tpch17377--apne1-az1--x-s3/1300.parquet\", \"s3://tpch17377--apne1-az1--x-s3/1301.parquet\", \"s3://tpch17377--apne1-az1--x-s3/1302.parquet\", \"s3://tpch17377--apne1-az1--x-s3/1303.parquet\", \"s3://tpch17377--apne1-az1--x-s3/1355.parquet\", \"s3://tpch17377--apne1-az1--x-s3/1356.parquet\", \"s3://tpch17377--apne1-az1--x-s3/1357.parquet\", \"s3://tpch17377--apne1-az1--x-s3/1358.parquet\", \"s3://tpch17377--apne1-az1--x-s3/1359.parquet\", \"s3://tpch17377--apne1-az1--x-s3/1360.parquet\", \"s3://tpch17377--apne1-az1--x-s3/1361.parquet\", \"s3://tpch17377--apne1-az1--x-s3/1464.parquet\", \"s3://tpch17377--apne1-az1--x-s3/1465.parquet\", \"s3://tpch17377--apne1-az1--x-s3/1466.parquet\", \"s3://tpch17377--apne1-az1--x-s3/1467.parquet\", \"s3://tpch17377--apne1-az1--x-s3/1468.parquet\", \"s3://tpch17377--apne1-az1--x-s3/1469.parquet\", \"s3://tpch17377--apne1-az1--x-s3/1470.parquet\", \"s3://tpch17377--apne1-az1--x-s3/1471.parquet\"])\n    WHERE\n        l_shipdate >= DATE '1992-01-01' + INTERVAL 13 MONTH\n        AND l_shipdate < DATE '1992-01-01' + INTERVAL 13 MONTH + INTERVAL 3 MONTH\n    GROUP BY\n        supplier_no\n)\nSELECT\n    s_suppkey,\n    s_name,\n    s_address,\n    s_phone,\n    total_revenue\nFROM\n    'pool/supplier/*.parquet',\n    revenue\nWHERE\n    s_suppkey = supplier_no\n    AND total_revenue = (\n        SELECT\n            max(total_revenue)\n        FROM\n            revenue\n    )\nORDER BY\n    s_suppkey;",
    "children": [
        {
            "result_set_size": 72,
            "operator_timing": 0.000033666,
            "operator_rows_scanned": 0,
            "cumulative_rows_scanned": 8415616000,
            "operator_cardinality": 1,
            "operator_type": "ORDER_BY",
            "cumulative_cardinality": 174676627,
            "extra_info": {
                "Order By": "\"pool/supplier/*.parquet\".s_suppkey ASC"
            },
            "cpu_time": 92.38544275300002,
            "children": [
                {
                    "result_set_size": 72,
                    "operator_timing": 0.000001181,
                    "operator_rows_scanned": 0,
                    "cumulative_rows_scanned": 8415616000,
                    "operator_cardinality": 1,
                    "operator_type": "PROJECTION",
                    "cumulative_cardinality": 174676626,
                    "extra_info": {
                        "Projections": [
                            "s_suppkey",
                            "s_name",
                            "s_address",
                            "s_phone",
                            "total_revenue"
                        ],
                        "Estimated Cardinality": "25948800"
                    },
                    "cpu_time": 92.38540908700003,
                    "children": [
                        {
                            "result_set_size": 0,
                            "operator_timing": 0.058142743,
                            "operator_rows_scanned": 0,
                            "cumulative_rows_scanned": 8415616000,
                            "operator_cardinality": 0,
                            "operator_type": "CTE",
                            "cumulative_cardinality": 174676625,
                            "extra_info": {
                                "CTE Name": "revenue",
                                "Table Index": "0"
                            },
                            "cpu_time": 92.38540790600003,
                            "children": [
                                {
                                    "result_set_size": 119999976,
                                    "operator_timing": 11.767180605000005,
                                    "operator_rows_scanned": 0,
                                    "cumulative_rows_scanned": 8303616000,
                                    "operator_cardinality": 4999999,
                                    "operator_type": "HASH_GROUP_BY",
                                    "cumulative_cardinality": 159676621,
                                    "extra_info": {
                                        "Groups": "#0",
                                        "Aggregates": "sum(#1)",
                                        "Estimated Cardinality": "25948800"
                                    },
                                    "cpu_time": 92.22750767500003,
                                    "children": [
                                        {
                                            "result_set_size": 1237412976,
                                            "operator_timing": 0.579962363,
                                            "operator_rows_scanned": 0,
                                            "cumulative_rows_scanned": 8303616000,
                                            "operator_cardinality": 77338311,
                                            "operator_type": "PROJECTION",
                                            "cumulative_cardinality": 154676622,
                                            "extra_info": {
                                                "Projections": [
                                                    "supplier_no",
                                                    "(l_extendedprice * (1.00 - l_discount))"
                                                ],
                                                "Estimated Cardinality": "51897600"
                                            },
                                            "cpu_time": 80.46032707000002,
                                            "children": [
                                                {
                                                    "result_set_size": 1856119464,
                                                    "operator_timing": 79.88036470700001,
                                                    "operator_rows_scanned": 8303616000,
                                                    "cumulative_rows_scanned": 8303616000,
                                                    "operator_cardinality": 77338311,
                                                    "operator_type": "TABLE_SCAN",
                                                    "cumulative_cardinality": 77338311,
                                                    "extra_info": {
                                                        "Function": "READ_PARQUET",
                                                        "Projections": [
                                                            "l_suppkey",
                                                            "l_extendedprice",
                                                            "l_discount"
                                                        ],
                                                        "Filters": "l_shipdate>='1993-02-01'::DATE AND l_shipdate<'1993-05-01'::DATE AND l_shipdate IS NOT NULL",
                                                        "Estimated Cardinality": "51897600"
                                                    },
                                                    "cpu_time": 79.88036470700001,
                                                    "children": []
                                                }
                                            ]
                                        }
                                    ]
                                },
                                {
                                    "result_set_size": 96,
                                    "operator_timing": 0.00020632100000000003,
                                    "operator_rows_scanned": 0,
                                    "cumulative_rows_scanned": 112000000,
                                    "operator_cardinality": 1,
                                    "operator_type": "HASH_JOIN",
                                    "cumulative_cardinality": 15000004,
                                    "extra_info": {
                                        "Join Type": "INNER",
                                        "Conditions": "s_suppkey = supplier_no",
                                        "Estimated Cardinality": "0"
                                    },
                                    "cpu_time": 0.099757488,
                                    "children": [
                                        {
                                            "result_set_size": 56,
                                            "operator_timing": 0.021372435000000002,
                                            "operator_rows_scanned": 112000000,
                                            "cumulative_rows_scanned": 112000000,
                                            "operator_cardinality": 1,
                                            "operator_type": "TABLE_SCAN",
                                            "cumulative_cardinality": 1,
                                            "extra_info": {
                                                "Function": "PARQUET_SCAN",
                                                "Projections": "",
                                                "Estimated Cardinality": "3500000"
                                            },
                                            "cpu_time": 0.021372435000000002,
                                            "children": []
                                        },
                                        {
                                            "result_set_size": 40,
                                            "operator_timing": 0.030887203000000002,
                                            "operator_rows_scanned": 0,
                                            "cumulative_rows_scanned": 0,
                                            "operator_cardinality": 1,
                                            "operator_type": "HASH_JOIN",
                                            "cumulative_cardinality": 15000002,
                                            "extra_info": {
                                                "Join Type": "INNER",
                                                "Conditions": "total_revenue = SUBQUERY",
                                                "Estimated Cardinality": "0"
                                            },
                                            "cpu_time": 0.078178732,
                                            "children": [
                                                {
                                                    "result_set_size": 119999976,
                                                    "operator_timing": 0.009717641000000003,
                                                    "operator_rows_scanned": 0,
                                                    "cumulative_rows_scanned": 0,
                                                    "operator_cardinality": 4999999,
                                                    "operator_type": "CTE_SCAN",
                                                    "cumulative_cardinality": 4999999,
                                                    "extra_info": {
                                                        "CTE Index": "0",
                                                        "Estimated Cardinality": "25948800"
                                                    },
                                                    "cpu_time": 0.009717641000000003,
                                                    "children": []
                                                },
                                                {
                                                    "result_set_size": 16,
                                                    "operator_timing": 0.000003069,
                                                    "operator_rows_scanned": 0,
                                                    "cumulative_rows_scanned": 0,
                                                    "operator_cardinality": 1,
                                                    "operator_type": "PROJECTION",
                                                    "cumulative_cardinality": 10000002,
                                                    "extra_info": {
                                                        "Projections": [
                                                            "CASE  WHEN ((#1 > 1)) THEN (error('More than one row returned by a subquery used as an expression - scalar subqueries can only return a single row.",
                                                            "Use \"SET scalar_subquery_error_on_multiple_rows=false\" to revert to previous behavior of returning a random row.')) ELSE #0 END"
                                                        ],
                                                        "Estimated Cardinality": "1"
                                                    },
                                                    "cpu_time": 0.03757388799999999,
                                                    "children": [
                                                        {
                                                            "result_set_size": 24,
                                                            "operator_timing": 0.0000029609999999999997,
                                                            "operator_rows_scanned": 0,
                                                            "cumulative_rows_scanned": 0,
                                                            "operator_cardinality": 1,
                                                            "operator_type": "UNGROUPED_AGGREGATE",
                                                            "cumulative_cardinality": 10000001,
                                                            "extra_info": {
                                                                "Aggregates": [
                                                                    "\"first\"(#0)",
                                                                    "count_star()"
                                                                ]
                                                            },
                                                            "cpu_time": 0.03757081899999999,
                                                            "children": [
                                                                {
                                                                    "result_set_size": 16,
                                                                    "operator_timing": 3.88e-7,
                                                                    "operator_rows_scanned": 0,
                                                                    "cumulative_rows_scanned": 0,
                                                                    "operator_cardinality": 1,
                                                                    "operator_type": "PROJECTION",
                                                                    "cumulative_cardinality": 10000000,
                                                                    "extra_info": {
                                                                        "Projections": "#0",
                                                                        "Estimated Cardinality": "1"
                                                                    },
                                                                    "cpu_time": 0.03756785799999999,
                                                                    "children": [
                                                                        {
                                                                            "result_set_size": 16,
                                                                            "operator_timing": 0.010958123,
                                                                            "operator_rows_scanned": 0,
                                                                            "cumulative_rows_scanned": 0,
                                                                            "operator_cardinality": 1,
                                                                            "operator_type": "UNGROUPED_AGGREGATE",
                                                                            "cumulative_cardinality": 9999999,
                                                                            "extra_info": {
                                                                                "Aggregates": "max(#0)"
                                                                            },
                                                                            "cpu_time": 0.03756746999999999,
                                                                            "children": [
                                                                                {
                                                                                    "result_set_size": 79999984,
                                                                                    "operator_timing": 0.000307687,
                                                                                    "operator_rows_scanned": 0,
                                                                                    "cumulative_rows_scanned": 0,
                                                                                    "operator_cardinality": 4999999,
                                                                                    "operator_type": "PROJECTION",
                                                                                    "cumulative_cardinality": 9999998,
                                                                                    "extra_info": {
                                                                                        "Projections": "total_revenue",
                                                                                        "Estimated Cardinality": "25948800"
                                                                                    },
                                                                                    "cpu_time": 0.026609346999999995,
                                                                                    "children": [
                                                                                        {
                                                                                            "result_set_size": 119999976,
                                                                                            "operator_timing": 0.026301659999999994,
                                                                                            "operator_rows_scanned": 0,
                                                                                            "cumulative_rows_scanned": 0,
                                                                                            "operator_cardinality": 4999999,
                                                                                            "operator_type": "CTE_SCAN",
                                                                                            "cumulative_cardinality": 4999999,
                                                                                            "extra_info": {
                                                                                                "CTE Index": "0",
                                                                                                "Estimated Cardinality": "25948800"
                                                                                            },
                                                                                            "cpu_time": 0.026301659999999994,
                                                                                            "children": []
                                                                                        }
                                                                                    ]
                                                                                }
                                                                            ]
                                                                        }
                                                                    ]
                                                                }
                                                            ]
                                                        }
                                                    ]
                                                }
                                            ]
                                        }
                                    ]
                                }
                            ]
                        }
                    ]
                }
            ]
        }
    ]
}