{
    "rows_returned": 1,
    "latency": 17.308384466,
    "result_set_size": 8,
    "cumulative_rows_scanned": 1924384000,
    "cumulative_cardinality": 119987657,
    "extra_info": {},
    "cpu_time": 148.58095241800004,
    "blocked_thread_time": 0.0,
    "query_name": "COPY (FROM read_parquet(['s3://tpch7650--apne1-az1--x-s3/1917.parquet','s3://tpch7650--apne1-az1--x-s3/1918.parquet','s3://tpch7650--apne1-az1--x-s3/1919.parquet','s3://tpch7650--apne1-az1--x-s3/1920.parquet','s3://tpch7650--apne1-az1--x-s3/1921.parquet','s3://tpch7650--apne1-az1--x-s3/1922.parquet','s3://tpch7650--apne1-az1--x-s3/1923.parquet','s3://tpch7650--apne1-az1--x-s3/1924.parquet','s3://tpch7650--apne1-az1--x-s3/1925.parquet','s3://tpch7650--apne1-az1--x-s3/1926.parquet','s3://tpch7650--apne1-az1--x-s3/1927.parquet','s3://tpch7650--apne1-az1--x-s3/1928.parquet','s3://tpch7650--apne1-az1--x-s3/1929.parquet','s3://tpch7650--apne1-az1--x-s3/1930.parquet','s3://tpch7650--apne1-az1--x-s3/1931.parquet','s3://tpch7650--apne1-az1--x-s3/1932.parquet','s3://tpch7650--apne1-az1--x-s3/1933.parquet','s3://tpch7650--apne1-az1--x-s3/1934.parquet','s3://tpch7650--apne1-az1--x-s3/1935.parquet','s3://tpch7650--apne1-az1--x-s3/1936.parquet','s3://tpch7650--apne1-az1--x-s3/1937.parquet','s3://tpch7650--apne1-az1--x-s3/1938.parquet','s3://tpch7650--apne1-az1--x-s3/1939.parquet','s3://tpch7650--apne1-az1--x-s3/1940.parquet','s3://tpch7650--apne1-az1--x-s3/1941.parquet','s3://tpch7650--apne1-az1--x-s3/1942.parquet','s3://tpch7650--apne1-az1--x-s3/1943.parquet','s3://tpch7650--apne1-az1--x-s3/1944.parquet','s3://tpch7650--apne1-az1--x-s3/1945.parquet','s3://tpch7650--apne1-az1--x-s3/1946.parquet','s3://tpch7650--apne1-az1--x-s3/1947.parquet','s3://tpch7650--apne1-az1--x-s3/1948.parquet','s3://tpch7650--apne1-az1--x-s3/1949.parquet','s3://tpch7650--apne1-az1--x-s3/1950.parquet','s3://tpch7650--apne1-az1--x-s3/1951.parquet','s3://tpch7650--apne1-az1--x-s3/1952.parquet','s3://tpch7650--apne1-az1--x-s3/1953.parquet','s3://tpch7650--apne1-az1--x-s3/1954.parquet','s3://tpch7650--apne1-az1--x-s3/1955.parquet','s3://tpch7650--apne1-az1--x-s3/1956.parquet','s3://tpch7650--apne1-az1--x-s3/1957.parquet','s3://tpch7650--apne1-az1--x-s3/1958.parquet','s3://tpch7650--apne1-az1--x-s3/1959.parquet','s3://tpch7650--apne1-az1--x-s3/1960.parquet','s3://tpch7650--apne1-az1--x-s3/1961.parquet','s3://tpch7650--apne1-az1--x-s3/1962.parquet','s3://tpch7650--apne1-az1--x-s3/1963.parquet','s3://tpch7650--apne1-az1--x-s3/1964.parquet','s3://tpch7650--apne1-az1--x-s3/1965.parquet','s3://tpch7650--apne1-az1--x-s3/1966.parquet','s3://tpch7650--apne1-az1--x-s3/1967.parquet','s3://tpch7650--apne1-az1--x-s3/1968.parquet','s3://tpch7650--apne1-az1--x-s3/1969.parquet','s3://tpch7650--apne1-az1--x-s3/1970.parquet','s3://tpch7650--apne1-az1--x-s3/1971.parquet','s3://tpch7650--apne1-az1--x-s3/1972.parquet','s3://tpch7650--apne1-az1--x-s3/1973.parquet','s3://tpch7650--apne1-az1--x-s3/1974.parquet','s3://tpch7650--apne1-az1--x-s3/1975.parquet','s3://tpch7650--apne1-az1--x-s3/1976.parquet','s3://tpch7650--apne1-az1--x-s3/1977.parquet','s3://tpch7650--apne1-az1--x-s3/1978.parquet','s3://tpch7650--apne1-az1--x-s3/1979.parquet','s3://tpch7650--apne1-az1--x-s3/1980.parquet','s3://tpch7650--apne1-az1--x-s3/1981.parquet','s3://tpch7650--apne1-az1--x-s3/1982.parquet','s3://tpch7650--apne1-az1--x-s3/1983.parquet','s3://tpch7650--apne1-az1--x-s3/1984.parquet','s3://tpch7650--apne1-az1--x-s3/1985.parquet','s3://tpch7650--apne1-az1--x-s3/1986.parquet','s3://tpch7650--apne1-az1--x-s3/1987.parquet']) ORDER BY l_shipdate) TO 's3://tpch7650--apne1-az1--x-s3/tmp' (FORMAT 'parquet');",
    "children": [
        {
            "result_set_size": 8,
            "operator_timing": 19.134507448999997,
            "operator_rows_scanned": 0,
            "cumulative_rows_scanned": 1924384000,
            "operator_cardinality": 1,
            "operator_type": "BATCH_COPY_TO_FILE",
            "cumulative_cardinality": 119987657,
            "extra_info": {},
            "cpu_time": 148.58095241800004,
            "children": [
                {
                    "result_set_size": 9359037168,
                    "operator_timing": 80.99029164100004,
                    "operator_rows_scanned": 0,
                    "cumulative_rows_scanned": 1924384000,
                    "operator_cardinality": 59993828,
                    "operator_type": "ORDER_BY",
                    "cumulative_cardinality": 119987656,
                    "extra_info": {
                        "Order By": "read_parquet.l_shipdate ASC"
                    },
                    "cpu_time": 129.44644496900003,
                    "children": [
                        {
                            "result_set_size": 9359037168,
                            "operator_timing": 48.456153328,
                            "operator_rows_scanned": 1924384000,
                            "cumulative_rows_scanned": 1924384000,
                            "operator_cardinality": 59993828,
                            "operator_type": "TABLE_SCAN",
                            "cumulative_cardinality": 59993828,
                            "extra_info": {
                                "Function": "READ_PARQUET",
                                "Projections": [
                                    "l_orderkey",
                                    "l_partkey",
                                    "l_suppkey",
                                    "l_linenumber",
                                    "l_quantity",
                                    "l_extendedprice",
                                    "l_discount",
                                    "l_tax",
                                    "l_returnflag",
                                    "l_linestatus",
                                    "l_shipdate",
                                    "l_commitdate",
                                    "l_receiptdate",
                                    "l_shipinstruct",
                                    "l_shipmode",
                                    "l_comment"
                                ],
                                "Estimated Cardinality": "60137000"
                            },
                            "cpu_time": 48.456153328,
                            "children": []
                        }
                    ]
                }
            ]
        }
    ]
}