{
    "rows_returned": 1,
    "latency": 1.496706633,
    "result_set_size": 8,
    "cumulative_rows_scanned": 5072128000,
    "cumulative_cardinality": 258481624,
    "extra_info": {},
    "cpu_time": 33.57363429699997,
    "blocked_thread_time": 0.0,
    "query_name": "SELECT\n    100.00 * sum(CASE\n            WHEN p_type LIKE 'PROMO%' \n            THEN l_extendedprice * (1 - l_discount)\n            ELSE 0\n    END) / sum(l_extendedprice * (1 - l_discount)) AS promo_revenue\nFROM\n    read_parquet([\"s3://tpch31355--apne1-az1--x-s3/3.parquet\", \"s3://tpch31355--apne1-az1--x-s3/24.parquet\", \"s3://tpch31355--apne1-az1--x-s3/25.parquet\", \"s3://tpch31355--apne1-az1--x-s3/26.parquet\", \"s3://tpch31355--apne1-az1--x-s3/28.parquet\", \"s3://tpch31355--apne1-az1--x-s3/29.parquet\", \"s3://tpch31355--apne1-az1--x-s3/283.parquet\", \"s3://tpch31355--apne1-az1--x-s3/298.parquet\", \"s3://tpch31355--apne1-az1--x-s3/330.parquet\", \"s3://tpch31355--apne1-az1--x-s3/331.parquet\", \"s3://tpch31355--apne1-az1--x-s3/332.parquet\", \"s3://tpch31355--apne1-az1--x-s3/333.parquet\", \"s3://tpch31355--apne1-az1--x-s3/334.parquet\", \"s3://tpch31355--apne1-az1--x-s3/335.parquet\", \"s3://tpch31355--apne1-az1--x-s3/336.parquet\", \"s3://tpch31355--apne1-az1--x-s3/395.parquet\", \"s3://tpch31355--apne1-az1--x-s3/491.parquet\", \"s3://tpch31355--apne1-az1--x-s3/492.parquet\", \"s3://tpch31355--apne1-az1--x-s3/493.parquet\", \"s3://tpch31355--apne1-az1--x-s3/494.parquet\", \"s3://tpch31355--apne1-az1--x-s3/495.parquet\", \"s3://tpch31355--apne1-az1--x-s3/616.parquet\", \"s3://tpch31355--apne1-az1--x-s3/617.parquet\", \"s3://tpch31355--apne1-az1--x-s3/675.parquet\", \"s3://tpch31355--apne1-az1--x-s3/676.parquet\", \"s3://tpch31355--apne1-az1--x-s3/677.parquet\", \"s3://tpch31355--apne1-az1--x-s3/678.parquet\", \"s3://tpch31355--apne1-az1--x-s3/679.parquet\", \"s3://tpch31355--apne1-az1--x-s3/680.parquet\", \"s3://tpch31355--apne1-az1--x-s3/845.parquet\", \"s3://tpch31355--apne1-az1--x-s3/846.parquet\", \"s3://tpch31355--apne1-az1--x-s3/849.parquet\", \"s3://tpch31355--apne1-az1--x-s3/852.parquet\", \"s3://tpch31355--apne1-az1--x-s3/853.parquet\", \"s3://tpch31355--apne1-az1--x-s3/854.parquet\", \"s3://tpch31355--apne1-az1--x-s3/856.parquet\", \"s3://tpch31355--apne1-az1--x-s3/1149.parquet\", \"s3://tpch31355--apne1-az1--x-s3/1150.parquet\", \"s3://tpch31355--apne1-az1--x-s3/1151.parquet\", \"s3://tpch31355--apne1-az1--x-s3/1152.parquet\", \"s3://tpch31355--apne1-az1--x-s3/1153.parquet\", \"s3://tpch31355--apne1-az1--x-s3/1154.parquet\", \"s3://tpch31355--apne1-az1--x-s3/1155.parquet\", \"s3://tpch31355--apne1-az1--x-s3/1262.parquet\", \"s3://tpch31355--apne1-az1--x-s3/1263.parquet\", \"s3://tpch31355--apne1-az1--x-s3/1264.parquet\", \"s3://tpch31355--apne1-az1--x-s3/1265.parquet\", \"s3://tpch31355--apne1-az1--x-s3/1266.parquet\", \"s3://tpch31355--apne1-az1--x-s3/1267.parquet\", \"s3://tpch31355--apne1-az1--x-s3/1268.parquet\", \"s3://tpch31355--apne1-az1--x-s3/1420.parquet\", \"s3://tpch31355--apne1-az1--x-s3/1421.parquet\", \"s3://tpch31355--apne1-az1--x-s3/1422.parquet\", \"s3://tpch31355--apne1-az1--x-s3/1423.parquet\", \"s3://tpch31355--apne1-az1--x-s3/1424.parquet\", \"s3://tpch31355--apne1-az1--x-s3/1425.parquet\", \"s3://tpch31355--apne1-az1--x-s3/1426.parquet\", \"s3://tpch31355--apne1-az1--x-s3/1666.parquet\", \"s3://tpch31355--apne1-az1--x-s3/1667.parquet\", \"s3://tpch31355--apne1-az1--x-s3/1668.parquet\", \"s3://tpch31355--apne1-az1--x-s3/1669.parquet\", \"s3://tpch31355--apne1-az1--x-s3/1736.parquet\", \"s3://tpch31355--apne1-az1--x-s3/1737.parquet\", \"s3://tpch31355--apne1-az1--x-s3/1785.parquet\", \"s3://tpch31355--apne1-az1--x-s3/1786.parquet\", \"s3://tpch31355--apne1-az1--x-s3/1787.parquet\", \"s3://tpch31355--apne1-az1--x-s3/1788.parquet\", \"s3://tpch31355--apne1-az1--x-s3/1789.parquet\", \"s3://tpch31355--apne1-az1--x-s3/1790.parquet\", \"s3://tpch31355--apne1-az1--x-s3/3408.parquet\", \"s3://tpch31355--apne1-az1--x-s3/3409.parquet\"]),\n    'pool/part/*.parquet'\nWHERE\n    l_partkey = p_partkey\n    AND l_shipdate >= DATE '1992-01-01' + INTERVAL 28 MONTH\n    AND l_shipdate < DATE '1992-02-01' + INTERVAL 28 MONTH;",
    "children": [
        {
            "result_set_size": 8,
            "operator_timing": 0.00001647,
            "operator_rows_scanned": 0,
            "cumulative_rows_scanned": 5072128000,
            "operator_cardinality": 1,
            "operator_type": "PROJECTION",
            "cumulative_cardinality": 258481624,
            "extra_info": {
                "Projections": "promo_revenue",
                "Estimated Cardinality": "1"
            },
            "cpu_time": 33.57363429699997,
            "children": [
                {
                    "result_set_size": 32,
                    "operator_timing": 0.1597663850000001,
                    "operator_rows_scanned": 0,
                    "cumulative_rows_scanned": 5072128000,
                    "operator_cardinality": 1,
                    "operator_type": "UNGROUPED_AGGREGATE",
                    "cumulative_cardinality": 258481623,
                    "extra_info": {
                        "Aggregates": [
                            "sum(#0)",
                            "sum(#1)"
                        ]
                    },
                    "cpu_time": 33.57361782699997,
                    "children": [
                        {
                            "result_set_size": 845235344,
                            "operator_timing": 1.2611266740000002,
                            "operator_rows_scanned": 0,
                            "cumulative_rows_scanned": 5072128000,
                            "operator_cardinality": 52827209,
                            "operator_type": "PROJECTION",
                            "cumulative_cardinality": 258481622,
                            "extra_info": {
                                "Projections": [
                                    "CASE  WHEN (prefix(p_type, 'PROMO')) THEN ((l_extendedprice * (1.00 - l_discount))) ELSE 0.0000 END",
                                    "(l_extendedprice * (1.00 - l_discount))"
                                ],
                                "Estimated Cardinality": "20000000"
                            },
                            "cpu_time": 33.413851441999974,
                            "children": [
                                {
                                    "result_set_size": 2535706032,
                                    "operator_timing": 11.042043543999965,
                                    "operator_rows_scanned": 0,
                                    "cumulative_rows_scanned": 5072128000,
                                    "operator_cardinality": 52827209,
                                    "operator_type": "HASH_JOIN",
                                    "cumulative_cardinality": 205654413,
                                    "extra_info": {
                                        "Join Type": "INNER",
                                        "Conditions": "p_partkey = l_partkey",
                                        "Estimated Cardinality": "20000000"
                                    },
                                    "cpu_time": 32.15272476799997,
                                    "children": [
                                        {
                                            "result_set_size": 2399999880,
                                            "operator_timing": 2.8056651539999997,
                                            "operator_rows_scanned": 3200000000,
                                            "cumulative_rows_scanned": 3200000000,
                                            "operator_cardinality": 99999995,
                                            "operator_type": "TABLE_SCAN",
                                            "cumulative_cardinality": 99999995,
                                            "extra_info": {
                                                "Function": "PARQUET_SCAN",
                                                "Projections": [
                                                    "p_partkey",
                                                    "p_type"
                                                ],
                                                "Estimated Cardinality": "100000000"
                                            },
                                            "cpu_time": 2.8056651539999997,
                                            "children": []
                                        },
                                        {
                                            "result_set_size": 1267853016,
                                            "operator_timing": 18.305016070000004,
                                            "operator_rows_scanned": 1872128000,
                                            "cumulative_rows_scanned": 1872128000,
                                            "operator_cardinality": 52827209,
                                            "operator_type": "TABLE_SCAN",
                                            "cumulative_cardinality": 52827209,
                                            "extra_info": {
                                                "Function": "READ_PARQUET",
                                                "Projections": [
                                                    "l_partkey",
                                                    "l_extendedprice",
                                                    "l_discount"
                                                ],
                                                "Filters": "l_shipdate>='1994-05-01'::DATE AND l_shipdate<'1994-06-01'::DATE AND l_shipdate IS NOT NULL",
                                                "Estimated Cardinality": "11700800"
                                            },
                                            "cpu_time": 18.305016070000004,
                                            "children": []
                                        }
                                    ]
                                }
                            ]
                        }
                    ]
                }
            ]
        }
    ]
}