{
    "rows_returned": 1,
    "latency": 1.619129999,
    "result_set_size": 8,
    "cumulative_rows_scanned": 5158912000,
    "cumulative_cardinality": 252527030,
    "extra_info": {},
    "cpu_time": 36.59788561799996,
    "blocked_thread_time": 0.0,
    "query_name": "SELECT\n    100.00 * sum(CASE\n            WHEN p_type LIKE 'PROMO%' \n            THEN l_extendedprice * (1 - l_discount)\n            ELSE 0\n    END) / sum(l_extendedprice * (1 - l_discount)) AS promo_revenue\nFROM\n    read_parquet([\"s3://tpch10289--apne1-az1--x-s3/15.parquet\", \"s3://tpch10289--apne1-az1--x-s3/277.parquet\", \"s3://tpch10289--apne1-az1--x-s3/278.parquet\", \"s3://tpch10289--apne1-az1--x-s3/279.parquet\", \"s3://tpch10289--apne1-az1--x-s3/280.parquet\", \"s3://tpch10289--apne1-az1--x-s3/281.parquet\", \"s3://tpch10289--apne1-az1--x-s3/282.parquet\", \"s3://tpch10289--apne1-az1--x-s3/286.parquet\", \"s3://tpch10289--apne1-az1--x-s3/295.parquet\", \"s3://tpch10289--apne1-az1--x-s3/297.parquet\", \"s3://tpch10289--apne1-az1--x-s3/298.parquet\", \"s3://tpch10289--apne1-az1--x-s3/299.parquet\", \"s3://tpch10289--apne1-az1--x-s3/300.parquet\", \"s3://tpch10289--apne1-az1--x-s3/302.parquet\", \"s3://tpch10289--apne1-az1--x-s3/303.parquet\", \"s3://tpch10289--apne1-az1--x-s3/568.parquet\", \"s3://tpch10289--apne1-az1--x-s3/570.parquet\", \"s3://tpch10289--apne1-az1--x-s3/571.parquet\", \"s3://tpch10289--apne1-az1--x-s3/572.parquet\", \"s3://tpch10289--apne1-az1--x-s3/573.parquet\", \"s3://tpch10289--apne1-az1--x-s3/574.parquet\", \"s3://tpch10289--apne1-az1--x-s3/575.parquet\", \"s3://tpch10289--apne1-az1--x-s3/693.parquet\", \"s3://tpch10289--apne1-az1--x-s3/694.parquet\", \"s3://tpch10289--apne1-az1--x-s3/695.parquet\", \"s3://tpch10289--apne1-az1--x-s3/696.parquet\", \"s3://tpch10289--apne1-az1--x-s3/697.parquet\", \"s3://tpch10289--apne1-az1--x-s3/698.parquet\", \"s3://tpch10289--apne1-az1--x-s3/699.parquet\", \"s3://tpch10289--apne1-az1--x-s3/700.parquet\", \"s3://tpch10289--apne1-az1--x-s3/845.parquet\", \"s3://tpch10289--apne1-az1--x-s3/846.parquet\", \"s3://tpch10289--apne1-az1--x-s3/849.parquet\", \"s3://tpch10289--apne1-az1--x-s3/852.parquet\", \"s3://tpch10289--apne1-az1--x-s3/853.parquet\", \"s3://tpch10289--apne1-az1--x-s3/854.parquet\", \"s3://tpch10289--apne1-az1--x-s3/856.parquet\", \"s3://tpch10289--apne1-az1--x-s3/857.parquet\", \"s3://tpch10289--apne1-az1--x-s3/1161.parquet\", \"s3://tpch10289--apne1-az1--x-s3/1162.parquet\", \"s3://tpch10289--apne1-az1--x-s3/1163.parquet\", \"s3://tpch10289--apne1-az1--x-s3/1164.parquet\", \"s3://tpch10289--apne1-az1--x-s3/1165.parquet\", \"s3://tpch10289--apne1-az1--x-s3/1166.parquet\", \"s3://tpch10289--apne1-az1--x-s3/1167.parquet\", \"s3://tpch10289--apne1-az1--x-s3/1168.parquet\", \"s3://tpch10289--apne1-az1--x-s3/1405.parquet\", \"s3://tpch10289--apne1-az1--x-s3/1406.parquet\", \"s3://tpch10289--apne1-az1--x-s3/1407.parquet\", \"s3://tpch10289--apne1-az1--x-s3/1409.parquet\", \"s3://tpch10289--apne1-az1--x-s3/1410.parquet\", \"s3://tpch10289--apne1-az1--x-s3/1411.parquet\", \"s3://tpch10289--apne1-az1--x-s3/1412.parquet\", \"s3://tpch10289--apne1-az1--x-s3/1413.parquet\", \"s3://tpch10289--apne1-az1--x-s3/1483.parquet\", \"s3://tpch10289--apne1-az1--x-s3/1484.parquet\", \"s3://tpch10289--apne1-az1--x-s3/1485.parquet\", \"s3://tpch10289--apne1-az1--x-s3/1486.parquet\", \"s3://tpch10289--apne1-az1--x-s3/1487.parquet\", \"s3://tpch10289--apne1-az1--x-s3/1488.parquet\", \"s3://tpch10289--apne1-az1--x-s3/1489.parquet\", \"s3://tpch10289--apne1-az1--x-s3/1653.parquet\", \"s3://tpch10289--apne1-az1--x-s3/1762.parquet\", \"s3://tpch10289--apne1-az1--x-s3/1763.parquet\", \"s3://tpch10289--apne1-az1--x-s3/1764.parquet\", \"s3://tpch10289--apne1-az1--x-s3/1765.parquet\", \"s3://tpch10289--apne1-az1--x-s3/1766.parquet\", \"s3://tpch10289--apne1-az1--x-s3/1767.parquet\", \"s3://tpch10289--apne1-az1--x-s3/1768.parquet\", \"s3://tpch10289--apne1-az1--x-s3/1806.parquet\", \"s3://tpch10289--apne1-az1--x-s3/1811.parquet\", \"s3://tpch10289--apne1-az1--x-s3/1812.parquet\", \"s3://tpch10289--apne1-az1--x-s3/1814.parquet\", \"s3://tpch10289--apne1-az1--x-s3/1815.parquet\", \"s3://tpch10289--apne1-az1--x-s3/1816.parquet\", \"s3://tpch10289--apne1-az1--x-s3/1817.parquet\", \"s3://tpch10289--apne1-az1--x-s3/2000.parquet\", \"s3://tpch10289--apne1-az1--x-s3/2001.parquet\", \"s3://tpch10289--apne1-az1--x-s3/2002.parquet\", \"s3://tpch10289--apne1-az1--x-s3/2059.parquet\", \"s3://tpch10289--apne1-az1--x-s3/2061.parquet\", \"s3://tpch10289--apne1-az1--x-s3/2062.parquet\", \"s3://tpch10289--apne1-az1--x-s3/2063.parquet\", \"s3://tpch10289--apne1-az1--x-s3/2064.parquet\"]),\n    'pool/part/*.parquet'\nWHERE\n    l_partkey = p_partkey\n    AND l_shipdate >= DATE '1992-01-01' + INTERVAL 30 MONTH\n    AND l_shipdate < DATE '1992-02-01' + INTERVAL 30 MONTH;",
    "children": [
        {
            "result_set_size": 8,
            "operator_timing": 0.000020818,
            "operator_rows_scanned": 0,
            "cumulative_rows_scanned": 5158912000,
            "operator_cardinality": 1,
            "operator_type": "PROJECTION",
            "cumulative_cardinality": 252527030,
            "extra_info": {
                "Projections": "promo_revenue",
                "Estimated Cardinality": "1"
            },
            "cpu_time": 36.59788561799996,
            "children": [
                {
                    "result_set_size": 32,
                    "operator_timing": 0.15636400300000003,
                    "operator_rows_scanned": 0,
                    "cumulative_rows_scanned": 5158912000,
                    "operator_cardinality": 1,
                    "operator_type": "UNGROUPED_AGGREGATE",
                    "cumulative_cardinality": 252527029,
                    "extra_info": {
                        "Aggregates": [
                            "sum(#0)",
                            "sum(#1)"
                        ]
                    },
                    "cpu_time": 36.597864799999954,
                    "children": [
                        {
                            "result_set_size": 832038128,
                            "operator_timing": 1.2281158540000001,
                            "operator_rows_scanned": 0,
                            "cumulative_rows_scanned": 5158912000,
                            "operator_cardinality": 52002383,
                            "operator_type": "PROJECTION",
                            "cumulative_cardinality": 252527028,
                            "extra_info": {
                                "Projections": [
                                    "CASE  WHEN (prefix(p_type, 'PROMO')) THEN ((l_extendedprice * (1.00 - l_discount))) ELSE 0.0000 END",
                                    "(l_extendedprice * (1.00 - l_discount))"
                                ],
                                "Estimated Cardinality": "18400000"
                            },
                            "cpu_time": 36.441500796999954,
                            "children": [
                                {
                                    "result_set_size": 2496114384,
                                    "operator_timing": 10.994529068999956,
                                    "operator_rows_scanned": 0,
                                    "cumulative_rows_scanned": 5158912000,
                                    "operator_cardinality": 52002383,
                                    "operator_type": "HASH_JOIN",
                                    "cumulative_cardinality": 200524645,
                                    "extra_info": {
                                        "Join Type": "INNER",
                                        "Conditions": "p_partkey = l_partkey",
                                        "Estimated Cardinality": "18400000"
                                    },
                                    "cpu_time": 35.21338494299995,
                                    "children": [
                                        {
                                            "result_set_size": 2207999976,
                                            "operator_timing": 2.586029386000001,
                                            "operator_rows_scanned": 2944000000,
                                            "cumulative_rows_scanned": 2944000000,
                                            "operator_cardinality": 91999999,
                                            "operator_type": "TABLE_SCAN",
                                            "cumulative_cardinality": 91999999,
                                            "extra_info": {
                                                "Function": "PARQUET_SCAN",
                                                "Projections": [
                                                    "p_partkey",
                                                    "p_type"
                                                ],
                                                "Estimated Cardinality": "92000000"
                                            },
                                            "cpu_time": 2.586029386000001,
                                            "children": []
                                        },
                                        {
                                            "result_set_size": 1356534312,
                                            "operator_timing": 21.632826487999996,
                                            "operator_rows_scanned": 2214912000,
                                            "cumulative_rows_scanned": 2214912000,
                                            "operator_cardinality": 56522263,
                                            "operator_type": "TABLE_SCAN",
                                            "cumulative_cardinality": 56522263,
                                            "extra_info": {
                                                "Function": "READ_PARQUET",
                                                "Projections": [
                                                    "l_partkey",
                                                    "l_extendedprice",
                                                    "l_discount"
                                                ],
                                                "Filters": "l_shipdate>='1994-07-01'::DATE AND l_shipdate<'1994-08-01'::DATE AND l_shipdate IS NOT NULL",
                                                "Estimated Cardinality": "13843200"
                                            },
                                            "cpu_time": 21.632826487999996,
                                            "children": []
                                        }
                                    ]
                                }
                            ]
                        }
                    ]
                }
            ]
        }
    ]
}