{
    "rows_returned": 1,
    "latency": 12.050526638,
    "result_set_size": 8,
    "cumulative_rows_scanned": 1584000000,
    "cumulative_cardinality": 98836001,
    "extra_info": {},
    "cpu_time": 92.17371755299996,
    "blocked_thread_time": 0.0,
    "query_name": "COPY (FROM read_parquet(['s3://tpch10289--apne1-az1--x-s3/1155.parquet','s3://tpch10289--apne1-az1--x-s3/1161.parquet','s3://tpch10289--apne1-az1--x-s3/1168.parquet','s3://tpch10289--apne1-az1--x-s3/1197.parquet','s3://tpch10289--apne1-az1--x-s3/1198.parquet','s3://tpch10289--apne1-az1--x-s3/1399.parquet','s3://tpch10289--apne1-az1--x-s3/1405.parquet','s3://tpch10289--apne1-az1--x-s3/1413.parquet','s3://tpch10289--apne1-az1--x-s3/1478.parquet','s3://tpch10289--apne1-az1--x-s3/1483.parquet','s3://tpch10289--apne1-az1--x-s3/1492.parquet','s3://tpch10289--apne1-az1--x-s3/15.parquet','s3://tpch10289--apne1-az1--x-s3/1516.parquet','s3://tpch10289--apne1-az1--x-s3/1517.parquet','s3://tpch10289--apne1-az1--x-s3/1652.parquet','s3://tpch10289--apne1-az1--x-s3/1653.parquet','s3://tpch10289--apne1-az1--x-s3/1757.parquet','s3://tpch10289--apne1-az1--x-s3/1793.parquet','s3://tpch10289--apne1-az1--x-s3/1806.parquet','s3://tpch10289--apne1-az1--x-s3/1826.parquet','s3://tpch10289--apne1-az1--x-s3/1850.parquet','s3://tpch10289--apne1-az1--x-s3/1851.parquet','s3://tpch10289--apne1-az1--x-s3/2002.parquet','s3://tpch10289--apne1-az1--x-s3/2004.parquet','s3://tpch10289--apne1-az1--x-s3/2059.parquet','s3://tpch10289--apne1-az1--x-s3/2064.parquet','s3://tpch10289--apne1-az1--x-s3/2070.parquet','s3://tpch10289--apne1-az1--x-s3/2096.parquet','s3://tpch10289--apne1-az1--x-s3/2097.parquet','s3://tpch10289--apne1-az1--x-s3/2125.parquet','s3://tpch10289--apne1-az1--x-s3/2129.parquet','s3://tpch10289--apne1-az1--x-s3/2200.parquet','s3://tpch10289--apne1-az1--x-s3/2271.parquet','s3://tpch10289--apne1-az1--x-s3/2272.parquet','s3://tpch10289--apne1-az1--x-s3/2273.parquet','s3://tpch10289--apne1-az1--x-s3/2274.parquet','s3://tpch10289--apne1-az1--x-s3/2275.parquet','s3://tpch10289--apne1-az1--x-s3/2307.parquet','s3://tpch10289--apne1-az1--x-s3/2310.parquet','s3://tpch10289--apne1-az1--x-s3/2311.parquet','s3://tpch10289--apne1-az1--x-s3/270.parquet','s3://tpch10289--apne1-az1--x-s3/286.parquet','s3://tpch10289--apne1-az1--x-s3/314.parquet','s3://tpch10289--apne1-az1--x-s3/342.parquet','s3://tpch10289--apne1-az1--x-s3/345.parquet','s3://tpch10289--apne1-az1--x-s3/608.parquet','s3://tpch10289--apne1-az1--x-s3/609.parquet','s3://tpch10289--apne1-az1--x-s3/687.parquet','s3://tpch10289--apne1-az1--x-s3/693.parquet','s3://tpch10289--apne1-az1--x-s3/700.parquet','s3://tpch10289--apne1-az1--x-s3/739.parquet','s3://tpch10289--apne1-az1--x-s3/740.parquet','s3://tpch10289--apne1-az1--x-s3/831.parquet','s3://tpch10289--apne1-az1--x-s3/845.parquet','s3://tpch10289--apne1-az1--x-s3/857.parquet','s3://tpch10289--apne1-az1--x-s3/864.parquet','s3://tpch10289--apne1-az1--x-s3/887.parquet','s3://tpch10289--apne1-az1--x-s3/888.parquet','s3://tpch10289--apne1-az1--x-s3/935.parquet','s3://tpch10289--apne1-az1--x-s3/936.parquet']) ORDER BY l_shipdate) TO 's3://tpch10289--apne1-az1--x-s3/tmp' (FORMAT 'parquet');",
    "children": [
        {
            "result_set_size": 8,
            "operator_timing": 4.507359670000001,
            "operator_rows_scanned": 0,
            "cumulative_rows_scanned": 1584000000,
            "operator_cardinality": 1,
            "operator_type": "BATCH_COPY_TO_FILE",
            "cumulative_cardinality": 98836001,
            "extra_info": {},
            "cpu_time": 92.17371755299996,
            "children": [
                {
                    "result_set_size": 7709208000,
                    "operator_timing": 49.72931842399997,
                    "operator_rows_scanned": 0,
                    "cumulative_rows_scanned": 1584000000,
                    "operator_cardinality": 49418000,
                    "operator_type": "ORDER_BY",
                    "cumulative_cardinality": 98836000,
                    "extra_info": {
                        "Order By": "read_parquet.l_shipdate ASC"
                    },
                    "cpu_time": 87.66635788299996,
                    "children": [
                        {
                            "result_set_size": 7709208000,
                            "operator_timing": 37.937039459,
                            "operator_rows_scanned": 1584000000,
                            "cumulative_rows_scanned": 1584000000,
                            "operator_cardinality": 49418000,
                            "operator_type": "TABLE_SCAN",
                            "cumulative_cardinality": 49418000,
                            "extra_info": {
                                "Function": "READ_PARQUET",
                                "Projections": [
                                    "l_orderkey",
                                    "l_partkey",
                                    "l_suppkey",
                                    "l_linenumber",
                                    "l_quantity",
                                    "l_extendedprice",
                                    "l_discount",
                                    "l_tax",
                                    "l_returnflag",
                                    "l_linestatus",
                                    "l_shipdate",
                                    "l_commitdate",
                                    "l_receiptdate",
                                    "l_shipinstruct",
                                    "l_shipmode",
                                    "l_comment"
                                ],
                                "Estimated Cardinality": "49500000"
                            },
                            "cpu_time": 37.937039459,
                            "children": []
                        }
                    ]
                }
            ]
        }
    ]
}