{
    "rows_returned": 1,
    "latency": 0.886166365,
    "result_set_size": 8,
    "cumulative_rows_scanned": 3476160000,
    "cumulative_cardinality": 152302856,
    "extra_info": {},
    "cpu_time": 17.222719028000014,
    "blocked_thread_time": 0.0,
    "query_name": "SELECT\n    100.00 * sum(CASE\n            WHEN p_type LIKE 'PROMO%' \n            THEN l_extendedprice * (1 - l_discount)\n            ELSE 0\n    END) / sum(l_extendedprice * (1 - l_discount)) AS promo_revenue\nFROM\n    read_parquet([\"s3://tpch3934--apne1-az1--x-s3/245.parquet\", \"s3://tpch3934--apne1-az1--x-s3/246.parquet\", \"s3://tpch3934--apne1-az1--x-s3/247.parquet\", \"s3://tpch3934--apne1-az1--x-s3/248.parquet\", \"s3://tpch3934--apne1-az1--x-s3/249.parquet\", \"s3://tpch3934--apne1-az1--x-s3/250.parquet\", \"s3://tpch3934--apne1-az1--x-s3/251.parquet\", \"s3://tpch3934--apne1-az1--x-s3/252.parquet\", \"s3://tpch3934--apne1-az1--x-s3/253.parquet\", \"s3://tpch3934--apne1-az1--x-s3/254.parquet\", \"s3://tpch3934--apne1-az1--x-s3/255.parquet\", \"s3://tpch3934--apne1-az1--x-s3/256.parquet\", \"s3://tpch3934--apne1-az1--x-s3/257.parquet\", \"s3://tpch3934--apne1-az1--x-s3/258.parquet\", \"s3://tpch3934--apne1-az1--x-s3/259.parquet\", \"s3://tpch3934--apne1-az1--x-s3/260.parquet\", \"s3://tpch3934--apne1-az1--x-s3/261.parquet\", \"s3://tpch3934--apne1-az1--x-s3/262.parquet\", \"s3://tpch3934--apne1-az1--x-s3/263.parquet\", \"s3://tpch3934--apne1-az1--x-s3/264.parquet\", \"s3://tpch3934--apne1-az1--x-s3/265.parquet\", \"s3://tpch3934--apne1-az1--x-s3/266.parquet\", \"s3://tpch3934--apne1-az1--x-s3/267.parquet\", \"s3://tpch3934--apne1-az1--x-s3/268.parquet\", \"s3://tpch3934--apne1-az1--x-s3/269.parquet\", \"s3://tpch3934--apne1-az1--x-s3/270.parquet\", \"s3://tpch3934--apne1-az1--x-s3/271.parquet\", \"s3://tpch3934--apne1-az1--x-s3/272.parquet\", \"s3://tpch3934--apne1-az1--x-s3/273.parquet\", \"s3://tpch3934--apne1-az1--x-s3/274.parquet\", \"s3://tpch3934--apne1-az1--x-s3/275.parquet\", \"s3://tpch3934--apne1-az1--x-s3/276.parquet\", \"s3://tpch3934--apne1-az1--x-s3/277.parquet\", \"s3://tpch3934--apne1-az1--x-s3/278.parquet\", \"s3://tpch3934--apne1-az1--x-s3/279.parquet\"]),\n    'pool/part/*.parquet'\nWHERE\n    l_partkey = p_partkey\n    AND l_shipdate >= DATE '1992-01-01' + INTERVAL 15 MONTH\n    AND l_shipdate < DATE '1992-02-01' + INTERVAL 15 MONTH;",
    "children": [
        {
            "result_set_size": 8,
            "operator_timing": 0.00001924,
            "operator_rows_scanned": 0,
            "cumulative_rows_scanned": 3476160000,
            "operator_cardinality": 1,
            "operator_type": "PROJECTION",
            "cumulative_cardinality": 152302856,
            "extra_info": {
                "Projections": "promo_revenue",
                "Estimated Cardinality": "1"
            },
            "cpu_time": 17.222719028000014,
            "children": [
                {
                    "result_set_size": 32,
                    "operator_timing": 0.07567291099999998,
                    "operator_rows_scanned": 0,
                    "cumulative_rows_scanned": 3476160000,
                    "operator_cardinality": 1,
                    "operator_type": "UNGROUPED_AGGREGATE",
                    "cumulative_cardinality": 152302855,
                    "extra_info": {
                        "Aggregates": [
                            "sum(#0)",
                            "sum(#1)"
                        ]
                    },
                    "cpu_time": 17.222699788000014,
                    "children": [
                        {
                            "result_set_size": 355950368,
                            "operator_timing": 0.5896025829999997,
                            "operator_rows_scanned": 0,
                            "cumulative_rows_scanned": 3476160000,
                            "operator_cardinality": 22246898,
                            "operator_type": "PROJECTION",
                            "cumulative_cardinality": 152302854,
                            "extra_info": {
                                "Projections": [
                                    "CASE  WHEN (prefix(p_type, 'PROMO')) THEN ((l_extendedprice * (1.00 - l_discount))) ELSE 0.0000 END",
                                    "(l_extendedprice * (1.00 - l_discount))"
                                ],
                                "Estimated Cardinality": "16000000"
                            },
                            "cpu_time": 17.147026877000012,
                            "children": [
                                {
                                    "result_set_size": 1067851104,
                                    "operator_timing": 6.317802754000014,
                                    "operator_rows_scanned": 0,
                                    "cumulative_rows_scanned": 3476160000,
                                    "operator_cardinality": 22246898,
                                    "operator_type": "HASH_JOIN",
                                    "cumulative_cardinality": 130055956,
                                    "extra_info": {
                                        "Join Type": "INNER",
                                        "Conditions": "p_partkey = l_partkey",
                                        "Estimated Cardinality": "16000000"
                                    },
                                    "cpu_time": 16.55742429400001,
                                    "children": [
                                        {
                                            "result_set_size": 1919999904,
                                            "operator_timing": 2.2428670579999994,
                                            "operator_rows_scanned": 2560000000,
                                            "cumulative_rows_scanned": 2560000000,
                                            "operator_cardinality": 79999996,
                                            "operator_type": "TABLE_SCAN",
                                            "cumulative_cardinality": 79999996,
                                            "extra_info": {
                                                "Function": "PARQUET_SCAN",
                                                "Projections": [
                                                    "p_partkey",
                                                    "p_type"
                                                ],
                                                "Estimated Cardinality": "80000000"
                                            },
                                            "cpu_time": 2.2428670579999994,
                                            "children": []
                                        },
                                        {
                                            "result_set_size": 667417488,
                                            "operator_timing": 7.996754481999998,
                                            "operator_rows_scanned": 916160000,
                                            "cumulative_rows_scanned": 916160000,
                                            "operator_cardinality": 27809062,
                                            "operator_type": "TABLE_SCAN",
                                            "cumulative_cardinality": 27809062,
                                            "extra_info": {
                                                "Function": "READ_PARQUET",
                                                "Projections": [
                                                    "l_partkey",
                                                    "l_extendedprice",
                                                    "l_discount"
                                                ],
                                                "Filters": "l_shipdate>='1993-04-01'::DATE AND l_shipdate<'1993-05-01'::DATE AND l_shipdate IS NOT NULL",
                                                "Estimated Cardinality": "5726000"
                                            },
                                            "cpu_time": 7.996754481999998,
                                            "children": []
                                        }
                                    ]
                                }
                            ]
                        }
                    ]
                }
            ]
        }
    ]
}