{
    "rows_returned": 1,
    "latency": 1.809700519,
    "result_set_size": 72,
    "cumulative_rows_scanned": 3239136000,
    "cumulative_cardinality": 212584573,
    "extra_info": {},
    "cpu_time": 47.38081424200001,
    "blocked_thread_time": 0.0,
    "query_name": "WITH revenue AS (\n    SELECT\n        l_suppkey AS supplier_no,\n        sum(l_extendedprice * (1 - l_discount)) AS total_revenue\n    FROM\n        read_parquet([\"s3://tpch3934--apne1-az1--x-s3/279.parquet\", \"s3://tpch3934--apne1-az1--x-s3/280.parquet\", \"s3://tpch3934--apne1-az1--x-s3/281.parquet\", \"s3://tpch3934--apne1-az1--x-s3/282.parquet\", \"s3://tpch3934--apne1-az1--x-s3/283.parquet\", \"s3://tpch3934--apne1-az1--x-s3/284.parquet\", \"s3://tpch3934--apne1-az1--x-s3/285.parquet\", \"s3://tpch3934--apne1-az1--x-s3/286.parquet\", \"s3://tpch3934--apne1-az1--x-s3/287.parquet\", \"s3://tpch3934--apne1-az1--x-s3/288.parquet\", \"s3://tpch3934--apne1-az1--x-s3/289.parquet\", \"s3://tpch3934--apne1-az1--x-s3/290.parquet\", \"s3://tpch3934--apne1-az1--x-s3/291.parquet\", \"s3://tpch3934--apne1-az1--x-s3/292.parquet\", \"s3://tpch3934--apne1-az1--x-s3/293.parquet\", \"s3://tpch3934--apne1-az1--x-s3/294.parquet\", \"s3://tpch3934--apne1-az1--x-s3/295.parquet\", \"s3://tpch3934--apne1-az1--x-s3/296.parquet\", \"s3://tpch3934--apne1-az1--x-s3/297.parquet\", \"s3://tpch3934--apne1-az1--x-s3/298.parquet\", \"s3://tpch3934--apne1-az1--x-s3/299.parquet\", \"s3://tpch3934--apne1-az1--x-s3/300.parquet\", \"s3://tpch3934--apne1-az1--x-s3/301.parquet\", \"s3://tpch3934--apne1-az1--x-s3/302.parquet\", \"s3://tpch3934--apne1-az1--x-s3/303.parquet\", \"s3://tpch3934--apne1-az1--x-s3/304.parquet\", \"s3://tpch3934--apne1-az1--x-s3/305.parquet\", \"s3://tpch3934--apne1-az1--x-s3/306.parquet\", \"s3://tpch3934--apne1-az1--x-s3/307.parquet\", \"s3://tpch3934--apne1-az1--x-s3/308.parquet\", \"s3://tpch3934--apne1-az1--x-s3/309.parquet\", \"s3://tpch3934--apne1-az1--x-s3/310.parquet\", \"s3://tpch3934--apne1-az1--x-s3/311.parquet\", \"s3://tpch3934--apne1-az1--x-s3/312.parquet\", \"s3://tpch3934--apne1-az1--x-s3/313.parquet\", \"s3://tpch3934--apne1-az1--x-s3/314.parquet\", \"s3://tpch3934--apne1-az1--x-s3/315.parquet\", \"s3://tpch3934--apne1-az1--x-s3/316.parquet\", \"s3://tpch3934--apne1-az1--x-s3/317.parquet\", \"s3://tpch3934--apne1-az1--x-s3/318.parquet\", \"s3://tpch3934--apne1-az1--x-s3/319.parquet\", \"s3://tpch3934--apne1-az1--x-s3/320.parquet\", \"s3://tpch3934--apne1-az1--x-s3/321.parquet\", \"s3://tpch3934--apne1-az1--x-s3/322.parquet\", \"s3://tpch3934--apne1-az1--x-s3/323.parquet\", \"s3://tpch3934--apne1-az1--x-s3/324.parquet\", \"s3://tpch3934--apne1-az1--x-s3/325.parquet\", \"s3://tpch3934--apne1-az1--x-s3/326.parquet\", \"s3://tpch3934--apne1-az1--x-s3/327.parquet\", \"s3://tpch3934--apne1-az1--x-s3/328.parquet\", \"s3://tpch3934--apne1-az1--x-s3/329.parquet\", \"s3://tpch3934--apne1-az1--x-s3/330.parquet\", \"s3://tpch3934--apne1-az1--x-s3/331.parquet\", \"s3://tpch3934--apne1-az1--x-s3/332.parquet\", \"s3://tpch3934--apne1-az1--x-s3/333.parquet\", \"s3://tpch3934--apne1-az1--x-s3/334.parquet\", \"s3://tpch3934--apne1-az1--x-s3/335.parquet\", \"s3://tpch3934--apne1-az1--x-s3/336.parquet\", \"s3://tpch3934--apne1-az1--x-s3/337.parquet\", \"s3://tpch3934--apne1-az1--x-s3/338.parquet\", \"s3://tpch3934--apne1-az1--x-s3/339.parquet\", \"s3://tpch3934--apne1-az1--x-s3/340.parquet\", \"s3://tpch3934--apne1-az1--x-s3/341.parquet\", \"s3://tpch3934--apne1-az1--x-s3/342.parquet\", \"s3://tpch3934--apne1-az1--x-s3/343.parquet\", \"s3://tpch3934--apne1-az1--x-s3/344.parquet\", \"s3://tpch3934--apne1-az1--x-s3/345.parquet\", \"s3://tpch3934--apne1-az1--x-s3/346.parquet\", \"s3://tpch3934--apne1-az1--x-s3/347.parquet\", \"s3://tpch3934--apne1-az1--x-s3/348.parquet\", \"s3://tpch3934--apne1-az1--x-s3/349.parquet\", \"s3://tpch3934--apne1-az1--x-s3/350.parquet\", \"s3://tpch3934--apne1-az1--x-s3/351.parquet\", \"s3://tpch3934--apne1-az1--x-s3/352.parquet\", \"s3://tpch3934--apne1-az1--x-s3/353.parquet\", \"s3://tpch3934--apne1-az1--x-s3/354.parquet\", \"s3://tpch3934--apne1-az1--x-s3/355.parquet\", \"s3://tpch3934--apne1-az1--x-s3/356.parquet\", \"s3://tpch3934--apne1-az1--x-s3/357.parquet\", \"s3://tpch3934--apne1-az1--x-s3/358.parquet\", \"s3://tpch3934--apne1-az1--x-s3/359.parquet\", \"s3://tpch3934--apne1-az1--x-s3/360.parquet\", \"s3://tpch3934--apne1-az1--x-s3/361.parquet\", \"s3://tpch3934--apne1-az1--x-s3/362.parquet\", \"s3://tpch3934--apne1-az1--x-s3/363.parquet\", \"s3://tpch3934--apne1-az1--x-s3/364.parquet\", \"s3://tpch3934--apne1-az1--x-s3/365.parquet\", \"s3://tpch3934--apne1-az1--x-s3/366.parquet\", \"s3://tpch3934--apne1-az1--x-s3/367.parquet\", \"s3://tpch3934--apne1-az1--x-s3/368.parquet\", \"s3://tpch3934--apne1-az1--x-s3/369.parquet\", \"s3://tpch3934--apne1-az1--x-s3/370.parquet\", \"s3://tpch3934--apne1-az1--x-s3/371.parquet\", \"s3://tpch3934--apne1-az1--x-s3/372.parquet\", \"s3://tpch3934--apne1-az1--x-s3/373.parquet\", \"s3://tpch3934--apne1-az1--x-s3/374.parquet\", \"s3://tpch3934--apne1-az1--x-s3/375.parquet\", \"s3://tpch3934--apne1-az1--x-s3/376.parquet\", \"s3://tpch3934--apne1-az1--x-s3/377.parquet\", \"s3://tpch3934--apne1-az1--x-s3/378.parquet\", \"s3://tpch3934--apne1-az1--x-s3/379.parquet\", \"s3://tpch3934--apne1-az1--x-s3/380.parquet\", \"s3://tpch3934--apne1-az1--x-s3/381.parquet\", \"s3://tpch3934--apne1-az1--x-s3/382.parquet\", \"s3://tpch3934--apne1-az1--x-s3/383.parquet\", \"s3://tpch3934--apne1-az1--x-s3/384.parquet\", \"s3://tpch3934--apne1-az1--x-s3/385.parquet\", \"s3://tpch3934--apne1-az1--x-s3/386.parquet\", \"s3://tpch3934--apne1-az1--x-s3/387.parquet\", \"s3://tpch3934--apne1-az1--x-s3/388.parquet\", \"s3://tpch3934--apne1-az1--x-s3/389.parquet\", \"s3://tpch3934--apne1-az1--x-s3/390.parquet\", \"s3://tpch3934--apne1-az1--x-s3/391.parquet\", \"s3://tpch3934--apne1-az1--x-s3/392.parquet\", \"s3://tpch3934--apne1-az1--x-s3/393.parquet\", \"s3://tpch3934--apne1-az1--x-s3/394.parquet\", \"s3://tpch3934--apne1-az1--x-s3/395.parquet\", \"s3://tpch3934--apne1-az1--x-s3/396.parquet\", \"s3://tpch3934--apne1-az1--x-s3/397.parquet\"])\n    WHERE\n        l_shipdate >= DATE '1992-01-01' + INTERVAL 16 MONTH\n        AND l_shipdate < DATE '1992-01-01' + INTERVAL 16 MONTH + INTERVAL 3 MONTH\n    GROUP BY\n        supplier_no\n)\nSELECT\n    s_suppkey,\n    s_name,\n    s_address,\n    s_phone,\n    total_revenue\nFROM\n    'pool/supplier/*.parquet',\n    revenue\nWHERE\n    s_suppkey = supplier_no\n    AND total_revenue = (\n        SELECT\n            max(total_revenue)\n        FROM\n            revenue\n    )\nORDER BY\n    s_suppkey;",
    "children": [
        {
            "result_set_size": 72,
            "operator_timing": 0.000025188000000000003,
            "operator_rows_scanned": 0,
            "cumulative_rows_scanned": 3239136000,
            "operator_cardinality": 1,
            "operator_type": "ORDER_BY",
            "cumulative_cardinality": 212584573,
            "extra_info": {
                "Order By": "\"pool/supplier/*.parquet\".s_suppkey ASC"
            },
            "cpu_time": 47.38081424200001,
            "children": [
                {
                    "result_set_size": 72,
                    "operator_timing": 0.000001267,
                    "operator_rows_scanned": 0,
                    "cumulative_rows_scanned": 3239136000,
                    "operator_cardinality": 1,
                    "operator_type": "PROJECTION",
                    "cumulative_cardinality": 212584572,
                    "extra_info": {
                        "Projections": [
                            "s_suppkey",
                            "s_name",
                            "s_address",
                            "s_phone",
                            "total_revenue"
                        ],
                        "Estimated Cardinality": "9722300"
                    },
                    "cpu_time": 47.380789054000005,
                    "children": [
                        {
                            "result_set_size": 0,
                            "operator_timing": 0.031563459,
                            "operator_rows_scanned": 0,
                            "cumulative_rows_scanned": 3239136000,
                            "operator_cardinality": 0,
                            "operator_type": "CTE",
                            "cumulative_cardinality": 212584571,
                            "extra_info": {
                                "CTE Name": "revenue",
                                "Table Index": "0"
                            },
                            "cpu_time": 47.380787787,
                            "children": [
                                {
                                    "result_set_size": 120000000,
                                    "operator_timing": 16.954195365000004,
                                    "operator_rows_scanned": 0,
                                    "cumulative_rows_scanned": 3111136000,
                                    "operator_cardinality": 5000000,
                                    "operator_type": "HASH_GROUP_BY",
                                    "cumulative_cardinality": 197584564,
                                    "extra_info": {
                                        "Groups": "#0",
                                        "Aggregates": "sum(#1)",
                                        "Estimated Cardinality": "9722300"
                                    },
                                    "cpu_time": 47.188279275000006,
                                    "children": [
                                        {
                                            "result_set_size": 1540676512,
                                            "operator_timing": 0.6548291090000004,
                                            "operator_rows_scanned": 0,
                                            "cumulative_rows_scanned": 3111136000,
                                            "operator_cardinality": 96292282,
                                            "operator_type": "PROJECTION",
                                            "cumulative_cardinality": 192584564,
                                            "extra_info": {
                                                "Projections": [
                                                    "supplier_no",
                                                    "(l_extendedprice * (1.00 - l_discount))"
                                                ],
                                                "Estimated Cardinality": "19444600"
                                            },
                                            "cpu_time": 30.234083910000003,
                                            "children": [
                                                {
                                                    "result_set_size": 2311014768,
                                                    "operator_timing": 29.579254801,
                                                    "operator_rows_scanned": 3111136000,
                                                    "cumulative_rows_scanned": 3111136000,
                                                    "operator_cardinality": 96292282,
                                                    "operator_type": "TABLE_SCAN",
                                                    "cumulative_cardinality": 96292282,
                                                    "extra_info": {
                                                        "Function": "READ_PARQUET",
                                                        "Projections": [
                                                            "l_suppkey",
                                                            "l_extendedprice",
                                                            "l_discount"
                                                        ],
                                                        "Filters": "l_shipdate>='1993-05-01'::DATE AND l_shipdate<'1993-08-01'::DATE AND l_shipdate IS NOT NULL",
                                                        "Estimated Cardinality": "19444600"
                                                    },
                                                    "cpu_time": 29.579254801,
                                                    "children": []
                                                }
                                            ]
                                        }
                                    ]
                                },
                                {
                                    "result_set_size": 96,
                                    "operator_timing": 0.00020842999999999995,
                                    "operator_rows_scanned": 0,
                                    "cumulative_rows_scanned": 128000000,
                                    "operator_cardinality": 1,
                                    "operator_type": "HASH_JOIN",
                                    "cumulative_cardinality": 15000007,
                                    "extra_info": {
                                        "Join Type": "INNER",
                                        "Conditions": "s_suppkey = supplier_no",
                                        "Estimated Cardinality": "0"
                                    },
                                    "cpu_time": 0.160945053,
                                    "children": [
                                        {
                                            "result_set_size": 56,
                                            "operator_timing": 0.08958158399999999,
                                            "operator_rows_scanned": 128000000,
                                            "cumulative_rows_scanned": 128000000,
                                            "operator_cardinality": 1,
                                            "operator_type": "TABLE_SCAN",
                                            "cumulative_cardinality": 1,
                                            "extra_info": {
                                                "Function": "PARQUET_SCAN",
                                                "Projections": "",
                                                "Estimated Cardinality": "4000000"
                                            },
                                            "cpu_time": 0.08958158399999999,
                                            "children": []
                                        },
                                        {
                                            "result_set_size": 40,
                                            "operator_timing": 0.028642523000000007,
                                            "operator_rows_scanned": 0,
                                            "cumulative_rows_scanned": 0,
                                            "operator_cardinality": 1,
                                            "operator_type": "HASH_JOIN",
                                            "cumulative_cardinality": 15000005,
                                            "extra_info": {
                                                "Join Type": "INNER",
                                                "Conditions": "total_revenue = SUBQUERY",
                                                "Estimated Cardinality": "0"
                                            },
                                            "cpu_time": 0.071155039,
                                            "children": [
                                                {
                                                    "result_set_size": 120000000,
                                                    "operator_timing": 0.010328449,
                                                    "operator_rows_scanned": 0,
                                                    "cumulative_rows_scanned": 0,
                                                    "operator_cardinality": 5000000,
                                                    "operator_type": "CTE_SCAN",
                                                    "cumulative_cardinality": 5000000,
                                                    "extra_info": {
                                                        "CTE Index": "0",
                                                        "Estimated Cardinality": "9722300"
                                                    },
                                                    "cpu_time": 0.010328449,
                                                    "children": []
                                                },
                                                {
                                                    "result_set_size": 16,
                                                    "operator_timing": 0.000003319,
                                                    "operator_rows_scanned": 0,
                                                    "cumulative_rows_scanned": 0,
                                                    "operator_cardinality": 1,
                                                    "operator_type": "PROJECTION",
                                                    "cumulative_cardinality": 10000004,
                                                    "extra_info": {
                                                        "Projections": [
                                                            "CASE  WHEN ((#1 > 1)) THEN (error('More than one row returned by a subquery used as an expression - scalar subqueries can only return a single row.",
                                                            "Use \"SET scalar_subquery_error_on_multiple_rows=false\" to revert to previous behavior of returning a random row.')) ELSE #0 END"
                                                        ],
                                                        "Estimated Cardinality": "1"
                                                    },
                                                    "cpu_time": 0.032184067000000004,
                                                    "children": [
                                                        {
                                                            "result_set_size": 24,
                                                            "operator_timing": 0.000001988,
                                                            "operator_rows_scanned": 0,
                                                            "cumulative_rows_scanned": 0,
                                                            "operator_cardinality": 1,
                                                            "operator_type": "UNGROUPED_AGGREGATE",
                                                            "cumulative_cardinality": 10000003,
                                                            "extra_info": {
                                                                "Aggregates": [
                                                                    "\"first\"(#0)",
                                                                    "count_star()"
                                                                ]
                                                            },
                                                            "cpu_time": 0.032180748,
                                                            "children": [
                                                                {
                                                                    "result_set_size": 16,
                                                                    "operator_timing": 2.86e-7,
                                                                    "operator_rows_scanned": 0,
                                                                    "cumulative_rows_scanned": 0,
                                                                    "operator_cardinality": 1,
                                                                    "operator_type": "PROJECTION",
                                                                    "cumulative_cardinality": 10000002,
                                                                    "extra_info": {
                                                                        "Projections": "#0",
                                                                        "Estimated Cardinality": "1"
                                                                    },
                                                                    "cpu_time": 0.03217876,
                                                                    "children": [
                                                                        {
                                                                            "result_set_size": 16,
                                                                            "operator_timing": 0.007466390000000001,
                                                                            "operator_rows_scanned": 0,
                                                                            "cumulative_rows_scanned": 0,
                                                                            "operator_cardinality": 1,
                                                                            "operator_type": "UNGROUPED_AGGREGATE",
                                                                            "cumulative_cardinality": 10000001,
                                                                            "extra_info": {
                                                                                "Aggregates": "max(#0)"
                                                                            },
                                                                            "cpu_time": 0.032178474,
                                                                            "children": [
                                                                                {
                                                                                    "result_set_size": 80000000,
                                                                                    "operator_timing": 0.0003168750000000001,
                                                                                    "operator_rows_scanned": 0,
                                                                                    "cumulative_rows_scanned": 0,
                                                                                    "operator_cardinality": 5000000,
                                                                                    "operator_type": "PROJECTION",
                                                                                    "cumulative_cardinality": 10000000,
                                                                                    "extra_info": {
                                                                                        "Projections": "total_revenue",
                                                                                        "Estimated Cardinality": "9722300"
                                                                                    },
                                                                                    "cpu_time": 0.024712083999999995,
                                                                                    "children": [
                                                                                        {
                                                                                            "result_set_size": 120000000,
                                                                                            "operator_timing": 0.024395208999999994,
                                                                                            "operator_rows_scanned": 0,
                                                                                            "cumulative_rows_scanned": 0,
                                                                                            "operator_cardinality": 5000000,
                                                                                            "operator_type": "CTE_SCAN",
                                                                                            "cumulative_cardinality": 5000000,
                                                                                            "extra_info": {
                                                                                                "CTE Index": "0",
                                                                                                "Estimated Cardinality": "9722300"
                                                                                            },
                                                                                            "cpu_time": 0.024395208999999994,
                                                                                            "children": []
                                                                                        }
                                                                                    ]
                                                                                }
                                                                            ]
                                                                        }
                                                                    ]
                                                                }
                                                            ]
                                                        }
                                                    ]
                                                }
                                            ]
                                        }
                                    ]
                                }
                            ]
                        }
                    ]
                }
            ]
        }
    ]
}