{
    "rows_returned": 1,
    "latency": 1.359784317,
    "result_set_size": 8,
    "cumulative_rows_scanned": 5124864000,
    "cumulative_cardinality": 258481624,
    "extra_info": {},
    "cpu_time": 31.00330576599995,
    "blocked_thread_time": 0.0,
    "query_name": "SELECT\n    100.00 * sum(CASE\n            WHEN p_type LIKE 'PROMO%' \n            THEN l_extendedprice * (1 - l_discount)\n            ELSE 0\n    END) / sum(l_extendedprice * (1 - l_discount)) AS promo_revenue\nFROM\n    read_parquet([\"s3://tpch28764--apne1-az1--x-s3/3.parquet\", \"s3://tpch28764--apne1-az1--x-s3/24.parquet\", \"s3://tpch28764--apne1-az1--x-s3/25.parquet\", \"s3://tpch28764--apne1-az1--x-s3/26.parquet\", \"s3://tpch28764--apne1-az1--x-s3/28.parquet\", \"s3://tpch28764--apne1-az1--x-s3/29.parquet\", \"s3://tpch28764--apne1-az1--x-s3/283.parquet\", \"s3://tpch28764--apne1-az1--x-s3/330.parquet\", \"s3://tpch28764--apne1-az1--x-s3/331.parquet\", \"s3://tpch28764--apne1-az1--x-s3/332.parquet\", \"s3://tpch28764--apne1-az1--x-s3/333.parquet\", \"s3://tpch28764--apne1-az1--x-s3/334.parquet\", \"s3://tpch28764--apne1-az1--x-s3/335.parquet\", \"s3://tpch28764--apne1-az1--x-s3/336.parquet\", \"s3://tpch28764--apne1-az1--x-s3/490.parquet\", \"s3://tpch28764--apne1-az1--x-s3/491.parquet\", \"s3://tpch28764--apne1-az1--x-s3/492.parquet\", \"s3://tpch28764--apne1-az1--x-s3/493.parquet\", \"s3://tpch28764--apne1-az1--x-s3/494.parquet\", \"s3://tpch28764--apne1-az1--x-s3/495.parquet\", \"s3://tpch28764--apne1-az1--x-s3/497.parquet\", \"s3://tpch28764--apne1-az1--x-s3/675.parquet\", \"s3://tpch28764--apne1-az1--x-s3/676.parquet\", \"s3://tpch28764--apne1-az1--x-s3/677.parquet\", \"s3://tpch28764--apne1-az1--x-s3/678.parquet\", \"s3://tpch28764--apne1-az1--x-s3/679.parquet\", \"s3://tpch28764--apne1-az1--x-s3/680.parquet\", \"s3://tpch28764--apne1-az1--x-s3/681.parquet\", \"s3://tpch28764--apne1-az1--x-s3/845.parquet\", \"s3://tpch28764--apne1-az1--x-s3/846.parquet\", \"s3://tpch28764--apne1-az1--x-s3/849.parquet\", \"s3://tpch28764--apne1-az1--x-s3/852.parquet\", \"s3://tpch28764--apne1-az1--x-s3/853.parquet\", \"s3://tpch28764--apne1-az1--x-s3/854.parquet\", \"s3://tpch28764--apne1-az1--x-s3/856.parquet\", \"s3://tpch28764--apne1-az1--x-s3/1149.parquet\", \"s3://tpch28764--apne1-az1--x-s3/1150.parquet\", \"s3://tpch28764--apne1-az1--x-s3/1151.parquet\", \"s3://tpch28764--apne1-az1--x-s3/1152.parquet\", \"s3://tpch28764--apne1-az1--x-s3/1153.parquet\", \"s3://tpch28764--apne1-az1--x-s3/1154.parquet\", \"s3://tpch28764--apne1-az1--x-s3/1155.parquet\", \"s3://tpch28764--apne1-az1--x-s3/1261.parquet\", \"s3://tpch28764--apne1-az1--x-s3/1262.parquet\", \"s3://tpch28764--apne1-az1--x-s3/1263.parquet\", \"s3://tpch28764--apne1-az1--x-s3/1264.parquet\", \"s3://tpch28764--apne1-az1--x-s3/1265.parquet\", \"s3://tpch28764--apne1-az1--x-s3/1266.parquet\", \"s3://tpch28764--apne1-az1--x-s3/1267.parquet\", \"s3://tpch28764--apne1-az1--x-s3/1420.parquet\", \"s3://tpch28764--apne1-az1--x-s3/1421.parquet\", \"s3://tpch28764--apne1-az1--x-s3/1422.parquet\", \"s3://tpch28764--apne1-az1--x-s3/1423.parquet\", \"s3://tpch28764--apne1-az1--x-s3/1424.parquet\", \"s3://tpch28764--apne1-az1--x-s3/1425.parquet\", \"s3://tpch28764--apne1-az1--x-s3/1426.parquet\", \"s3://tpch28764--apne1-az1--x-s3/1645.parquet\", \"s3://tpch28764--apne1-az1--x-s3/1646.parquet\", \"s3://tpch28764--apne1-az1--x-s3/1647.parquet\", \"s3://tpch28764--apne1-az1--x-s3/1648.parquet\", \"s3://tpch28764--apne1-az1--x-s3/1719.parquet\", \"s3://tpch28764--apne1-az1--x-s3/1720.parquet\", \"s3://tpch28764--apne1-az1--x-s3/1721.parquet\", \"s3://tpch28764--apne1-az1--x-s3/1722.parquet\", \"s3://tpch28764--apne1-az1--x-s3/1723.parquet\", \"s3://tpch28764--apne1-az1--x-s3/1724.parquet\", \"s3://tpch28764--apne1-az1--x-s3/1725.parquet\", \"s3://tpch28764--apne1-az1--x-s3/1910.parquet\", \"s3://tpch28764--apne1-az1--x-s3/1916.parquet\", \"s3://tpch28764--apne1-az1--x-s3/1917.parquet\", \"s3://tpch28764--apne1-az1--x-s3/1918.parquet\", \"s3://tpch28764--apne1-az1--x-s3/1989.parquet\", \"s3://tpch28764--apne1-az1--x-s3/1990.parquet\"]),\n    'pool/part/*.parquet'\nWHERE\n    l_partkey = p_partkey\n    AND l_shipdate >= DATE '1992-01-01' + INTERVAL 28 MONTH\n    AND l_shipdate < DATE '1992-02-01' + INTERVAL 28 MONTH;",
    "children": [
        {
            "result_set_size": 8,
            "operator_timing": 0.000016778,
            "operator_rows_scanned": 0,
            "cumulative_rows_scanned": 5124864000,
            "operator_cardinality": 1,
            "operator_type": "PROJECTION",
            "cumulative_cardinality": 258481624,
            "extra_info": {
                "Projections": "promo_revenue",
                "Estimated Cardinality": "1"
            },
            "cpu_time": 31.00330576599995,
            "children": [
                {
                    "result_set_size": 32,
                    "operator_timing": 0.15814851900000007,
                    "operator_rows_scanned": 0,
                    "cumulative_rows_scanned": 5124864000,
                    "operator_cardinality": 1,
                    "operator_type": "UNGROUPED_AGGREGATE",
                    "cumulative_cardinality": 258481623,
                    "extra_info": {
                        "Aggregates": [
                            "sum(#0)",
                            "sum(#1)"
                        ]
                    },
                    "cpu_time": 31.00328898799995,
                    "children": [
                        {
                            "result_set_size": 845235344,
                            "operator_timing": 1.2616760380000003,
                            "operator_rows_scanned": 0,
                            "cumulative_rows_scanned": 5124864000,
                            "operator_cardinality": 52827209,
                            "operator_type": "PROJECTION",
                            "cumulative_cardinality": 258481622,
                            "extra_info": {
                                "Projections": [
                                    "CASE  WHEN (prefix(p_type, 'PROMO')) THEN ((l_extendedprice * (1.00 - l_discount))) ELSE 0.0000 END",
                                    "(l_extendedprice * (1.00 - l_discount))"
                                ],
                                "Estimated Cardinality": "20000000"
                            },
                            "cpu_time": 30.84514046899995,
                            "children": [
                                {
                                    "result_set_size": 2535706032,
                                    "operator_timing": 10.471855576999955,
                                    "operator_rows_scanned": 0,
                                    "cumulative_rows_scanned": 5124864000,
                                    "operator_cardinality": 52827209,
                                    "operator_type": "HASH_JOIN",
                                    "cumulative_cardinality": 205654413,
                                    "extra_info": {
                                        "Join Type": "INNER",
                                        "Conditions": "p_partkey = l_partkey",
                                        "Estimated Cardinality": "20000000"
                                    },
                                    "cpu_time": 29.58346443099995,
                                    "children": [
                                        {
                                            "result_set_size": 2399999880,
                                            "operator_timing": 2.793422917,
                                            "operator_rows_scanned": 3200000000,
                                            "cumulative_rows_scanned": 3200000000,
                                            "operator_cardinality": 99999995,
                                            "operator_type": "TABLE_SCAN",
                                            "cumulative_cardinality": 99999995,
                                            "extra_info": {
                                                "Function": "PARQUET_SCAN",
                                                "Projections": [
                                                    "p_partkey",
                                                    "p_type"
                                                ],
                                                "Estimated Cardinality": "100000000"
                                            },
                                            "cpu_time": 2.793422917,
                                            "children": []
                                        },
                                        {
                                            "result_set_size": 1267853016,
                                            "operator_timing": 16.318185936999996,
                                            "operator_rows_scanned": 1924864000,
                                            "cumulative_rows_scanned": 1924864000,
                                            "operator_cardinality": 52827209,
                                            "operator_type": "TABLE_SCAN",
                                            "cumulative_cardinality": 52827209,
                                            "extra_info": {
                                                "Function": "READ_PARQUET",
                                                "Projections": [
                                                    "l_partkey",
                                                    "l_extendedprice",
                                                    "l_discount"
                                                ],
                                                "Filters": "l_shipdate>='1994-05-01'::DATE AND l_shipdate<'1994-06-01'::DATE AND l_shipdate IS NOT NULL",
                                                "Estimated Cardinality": "12030400"
                                            },
                                            "cpu_time": 16.318185936999996,
                                            "children": []
                                        }
                                    ]
                                }
                            ]
                        }
                    ]
                }
            ]
        }
    ]
}