{
    "rows_returned": 1,
    "latency": 6.912984885,
    "result_set_size": 72,
    "cumulative_rows_scanned": 20652416000,
    "cumulative_cardinality": 165425085,
    "extra_info": {},
    "cpu_time": 211.3713350010001,
    "blocked_thread_time": 0.0,
    "query_name": "WITH revenue AS (\n    SELECT\n        l_suppkey AS supplier_no,\n        sum(l_extendedprice * (1 - l_discount)) AS total_revenue\n    FROM\n        read_parquet([\"s3://tpch9026--apne1-az1--x-s3/0.parquet\", \"s3://tpch9026--apne1-az1--x-s3/1.parquet\", \"s3://tpch9026--apne1-az1--x-s3/2.parquet\", \"s3://tpch9026--apne1-az1--x-s3/3.parquet\", \"s3://tpch9026--apne1-az1--x-s3/4.parquet\", \"s3://tpch9026--apne1-az1--x-s3/5.parquet\", \"s3://tpch9026--apne1-az1--x-s3/6.parquet\", \"s3://tpch9026--apne1-az1--x-s3/7.parquet\", \"s3://tpch9026--apne1-az1--x-s3/8.parquet\", \"s3://tpch9026--apne1-az1--x-s3/9.parquet\", \"s3://tpch9026--apne1-az1--x-s3/10.parquet\", \"s3://tpch9026--apne1-az1--x-s3/11.parquet\", \"s3://tpch9026--apne1-az1--x-s3/12.parquet\", \"s3://tpch9026--apne1-az1--x-s3/13.parquet\", \"s3://tpch9026--apne1-az1--x-s3/14.parquet\", \"s3://tpch9026--apne1-az1--x-s3/15.parquet\", \"s3://tpch9026--apne1-az1--x-s3/16.parquet\", \"s3://tpch9026--apne1-az1--x-s3/17.parquet\", \"s3://tpch9026--apne1-az1--x-s3/18.parquet\", \"s3://tpch9026--apne1-az1--x-s3/19.parquet\", \"s3://tpch9026--apne1-az1--x-s3/20.parquet\", \"s3://tpch9026--apne1-az1--x-s3/21.parquet\", \"s3://tpch9026--apne1-az1--x-s3/22.parquet\", \"s3://tpch9026--apne1-az1--x-s3/23.parquet\", \"s3://tpch9026--apne1-az1--x-s3/24.parquet\", \"s3://tpch9026--apne1-az1--x-s3/25.parquet\", \"s3://tpch9026--apne1-az1--x-s3/26.parquet\", \"s3://tpch9026--apne1-az1--x-s3/27.parquet\", \"s3://tpch9026--apne1-az1--x-s3/28.parquet\", \"s3://tpch9026--apne1-az1--x-s3/29.parquet\", \"s3://tpch9026--apne1-az1--x-s3/30.parquet\", \"s3://tpch9026--apne1-az1--x-s3/31.parquet\", \"s3://tpch9026--apne1-az1--x-s3/32.parquet\", \"s3://tpch9026--apne1-az1--x-s3/33.parquet\", \"s3://tpch9026--apne1-az1--x-s3/34.parquet\", \"s3://tpch9026--apne1-az1--x-s3/35.parquet\", \"s3://tpch9026--apne1-az1--x-s3/36.parquet\", \"s3://tpch9026--apne1-az1--x-s3/37.parquet\", \"s3://tpch9026--apne1-az1--x-s3/38.parquet\", \"s3://tpch9026--apne1-az1--x-s3/39.parquet\", \"s3://tpch9026--apne1-az1--x-s3/40.parquet\", \"s3://tpch9026--apne1-az1--x-s3/41.parquet\", \"s3://tpch9026--apne1-az1--x-s3/42.parquet\", \"s3://tpch9026--apne1-az1--x-s3/43.parquet\", \"s3://tpch9026--apne1-az1--x-s3/44.parquet\", \"s3://tpch9026--apne1-az1--x-s3/45.parquet\", \"s3://tpch9026--apne1-az1--x-s3/46.parquet\", \"s3://tpch9026--apne1-az1--x-s3/47.parquet\", \"s3://tpch9026--apne1-az1--x-s3/48.parquet\", \"s3://tpch9026--apne1-az1--x-s3/49.parquet\", \"s3://tpch9026--apne1-az1--x-s3/50.parquet\", \"s3://tpch9026--apne1-az1--x-s3/51.parquet\", \"s3://tpch9026--apne1-az1--x-s3/52.parquet\", \"s3://tpch9026--apne1-az1--x-s3/53.parquet\", \"s3://tpch9026--apne1-az1--x-s3/54.parquet\", \"s3://tpch9026--apne1-az1--x-s3/55.parquet\", \"s3://tpch9026--apne1-az1--x-s3/56.parquet\", \"s3://tpch9026--apne1-az1--x-s3/57.parquet\", \"s3://tpch9026--apne1-az1--x-s3/58.parquet\", \"s3://tpch9026--apne1-az1--x-s3/59.parquet\", \"s3://tpch9026--apne1-az1--x-s3/60.parquet\", \"s3://tpch9026--apne1-az1--x-s3/61.parquet\", \"s3://tpch9026--apne1-az1--x-s3/62.parquet\", \"s3://tpch9026--apne1-az1--x-s3/63.parquet\", \"s3://tpch9026--apne1-az1--x-s3/64.parquet\", \"s3://tpch9026--apne1-az1--x-s3/65.parquet\", \"s3://tpch9026--apne1-az1--x-s3/66.parquet\", \"s3://tpch9026--apne1-az1--x-s3/67.parquet\", \"s3://tpch9026--apne1-az1--x-s3/68.parquet\", \"s3://tpch9026--apne1-az1--x-s3/69.parquet\", \"s3://tpch9026--apne1-az1--x-s3/70.parquet\", \"s3://tpch9026--apne1-az1--x-s3/71.parquet\", \"s3://tpch9026--apne1-az1--x-s3/72.parquet\", \"s3://tpch9026--apne1-az1--x-s3/73.parquet\", \"s3://tpch9026--apne1-az1--x-s3/74.parquet\", \"s3://tpch9026--apne1-az1--x-s3/75.parquet\", \"s3://tpch9026--apne1-az1--x-s3/76.parquet\", \"s3://tpch9026--apne1-az1--x-s3/77.parquet\", \"s3://tpch9026--apne1-az1--x-s3/78.parquet\", \"s3://tpch9026--apne1-az1--x-s3/79.parquet\", \"s3://tpch9026--apne1-az1--x-s3/80.parquet\", \"s3://tpch9026--apne1-az1--x-s3/81.parquet\", \"s3://tpch9026--apne1-az1--x-s3/82.parquet\", \"s3://tpch9026--apne1-az1--x-s3/83.parquet\", \"s3://tpch9026--apne1-az1--x-s3/84.parquet\", \"s3://tpch9026--apne1-az1--x-s3/85.parquet\", \"s3://tpch9026--apne1-az1--x-s3/86.parquet\", \"s3://tpch9026--apne1-az1--x-s3/87.parquet\", \"s3://tpch9026--apne1-az1--x-s3/88.parquet\", \"s3://tpch9026--apne1-az1--x-s3/89.parquet\", \"s3://tpch9026--apne1-az1--x-s3/90.parquet\", \"s3://tpch9026--apne1-az1--x-s3/91.parquet\", \"s3://tpch9026--apne1-az1--x-s3/92.parquet\", \"s3://tpch9026--apne1-az1--x-s3/93.parquet\", \"s3://tpch9026--apne1-az1--x-s3/94.parquet\", \"s3://tpch9026--apne1-az1--x-s3/95.parquet\", \"s3://tpch9026--apne1-az1--x-s3/96.parquet\", \"s3://tpch9026--apne1-az1--x-s3/97.parquet\", \"s3://tpch9026--apne1-az1--x-s3/98.parquet\", \"s3://tpch9026--apne1-az1--x-s3/99.parquet\", \"s3://tpch9026--apne1-az1--x-s3/100.parquet\", \"s3://tpch9026--apne1-az1--x-s3/101.parquet\", \"s3://tpch9026--apne1-az1--x-s3/102.parquet\", \"s3://tpch9026--apne1-az1--x-s3/103.parquet\", \"s3://tpch9026--apne1-az1--x-s3/104.parquet\", \"s3://tpch9026--apne1-az1--x-s3/105.parquet\", \"s3://tpch9026--apne1-az1--x-s3/106.parquet\", \"s3://tpch9026--apne1-az1--x-s3/107.parquet\", \"s3://tpch9026--apne1-az1--x-s3/108.parquet\", \"s3://tpch9026--apne1-az1--x-s3/109.parquet\", \"s3://tpch9026--apne1-az1--x-s3/110.parquet\", \"s3://tpch9026--apne1-az1--x-s3/111.parquet\", \"s3://tpch9026--apne1-az1--x-s3/112.parquet\", \"s3://tpch9026--apne1-az1--x-s3/113.parquet\", \"s3://tpch9026--apne1-az1--x-s3/114.parquet\", \"s3://tpch9026--apne1-az1--x-s3/115.parquet\", \"s3://tpch9026--apne1-az1--x-s3/116.parquet\", \"s3://tpch9026--apne1-az1--x-s3/117.parquet\", \"s3://tpch9026--apne1-az1--x-s3/118.parquet\", \"s3://tpch9026--apne1-az1--x-s3/119.parquet\", \"s3://tpch9026--apne1-az1--x-s3/120.parquet\", \"s3://tpch9026--apne1-az1--x-s3/121.parquet\", \"s3://tpch9026--apne1-az1--x-s3/122.parquet\", \"s3://tpch9026--apne1-az1--x-s3/123.parquet\", \"s3://tpch9026--apne1-az1--x-s3/124.parquet\", \"s3://tpch9026--apne1-az1--x-s3/125.parquet\", \"s3://tpch9026--apne1-az1--x-s3/126.parquet\", \"s3://tpch9026--apne1-az1--x-s3/127.parquet\", \"s3://tpch9026--apne1-az1--x-s3/128.parquet\", \"s3://tpch9026--apne1-az1--x-s3/129.parquet\", \"s3://tpch9026--apne1-az1--x-s3/130.parquet\", \"s3://tpch9026--apne1-az1--x-s3/131.parquet\", \"s3://tpch9026--apne1-az1--x-s3/132.parquet\", \"s3://tpch9026--apne1-az1--x-s3/133.parquet\", \"s3://tpch9026--apne1-az1--x-s3/134.parquet\", \"s3://tpch9026--apne1-az1--x-s3/135.parquet\", \"s3://tpch9026--apne1-az1--x-s3/136.parquet\", \"s3://tpch9026--apne1-az1--x-s3/137.parquet\", \"s3://tpch9026--apne1-az1--x-s3/138.parquet\", \"s3://tpch9026--apne1-az1--x-s3/139.parquet\", \"s3://tpch9026--apne1-az1--x-s3/140.parquet\", \"s3://tpch9026--apne1-az1--x-s3/141.parquet\", \"s3://tpch9026--apne1-az1--x-s3/142.parquet\", \"s3://tpch9026--apne1-az1--x-s3/143.parquet\", \"s3://tpch9026--apne1-az1--x-s3/144.parquet\", \"s3://tpch9026--apne1-az1--x-s3/145.parquet\", \"s3://tpch9026--apne1-az1--x-s3/146.parquet\", \"s3://tpch9026--apne1-az1--x-s3/147.parquet\", \"s3://tpch9026--apne1-az1--x-s3/148.parquet\", \"s3://tpch9026--apne1-az1--x-s3/149.parquet\", \"s3://tpch9026--apne1-az1--x-s3/150.parquet\", \"s3://tpch9026--apne1-az1--x-s3/151.parquet\", \"s3://tpch9026--apne1-az1--x-s3/152.parquet\", \"s3://tpch9026--apne1-az1--x-s3/153.parquet\", \"s3://tpch9026--apne1-az1--x-s3/154.parquet\", \"s3://tpch9026--apne1-az1--x-s3/155.parquet\", \"s3://tpch9026--apne1-az1--x-s3/156.parquet\", \"s3://tpch9026--apne1-az1--x-s3/157.parquet\", \"s3://tpch9026--apne1-az1--x-s3/158.parquet\", \"s3://tpch9026--apne1-az1--x-s3/159.parquet\", \"s3://tpch9026--apne1-az1--x-s3/160.parquet\", \"s3://tpch9026--apne1-az1--x-s3/161.parquet\", \"s3://tpch9026--apne1-az1--x-s3/162.parquet\", \"s3://tpch9026--apne1-az1--x-s3/163.parquet\", \"s3://tpch9026--apne1-az1--x-s3/164.parquet\", \"s3://tpch9026--apne1-az1--x-s3/165.parquet\", \"s3://tpch9026--apne1-az1--x-s3/166.parquet\", \"s3://tpch9026--apne1-az1--x-s3/167.parquet\", \"s3://tpch9026--apne1-az1--x-s3/168.parquet\", \"s3://tpch9026--apne1-az1--x-s3/169.parquet\", \"s3://tpch9026--apne1-az1--x-s3/170.parquet\", \"s3://tpch9026--apne1-az1--x-s3/171.parquet\", \"s3://tpch9026--apne1-az1--x-s3/172.parquet\", \"s3://tpch9026--apne1-az1--x-s3/173.parquet\", \"s3://tpch9026--apne1-az1--x-s3/174.parquet\", \"s3://tpch9026--apne1-az1--x-s3/175.parquet\", \"s3://tpch9026--apne1-az1--x-s3/176.parquet\", \"s3://tpch9026--apne1-az1--x-s3/177.parquet\", \"s3://tpch9026--apne1-az1--x-s3/178.parquet\", \"s3://tpch9026--apne1-az1--x-s3/179.parquet\", \"s3://tpch9026--apne1-az1--x-s3/180.parquet\", \"s3://tpch9026--apne1-az1--x-s3/181.parquet\", \"s3://tpch9026--apne1-az1--x-s3/182.parquet\", \"s3://tpch9026--apne1-az1--x-s3/183.parquet\", \"s3://tpch9026--apne1-az1--x-s3/184.parquet\", \"s3://tpch9026--apne1-az1--x-s3/185.parquet\", \"s3://tpch9026--apne1-az1--x-s3/186.parquet\", \"s3://tpch9026--apne1-az1--x-s3/187.parquet\", \"s3://tpch9026--apne1-az1--x-s3/188.parquet\", \"s3://tpch9026--apne1-az1--x-s3/189.parquet\", \"s3://tpch9026--apne1-az1--x-s3/190.parquet\", \"s3://tpch9026--apne1-az1--x-s3/191.parquet\", \"s3://tpch9026--apne1-az1--x-s3/192.parquet\", \"s3://tpch9026--apne1-az1--x-s3/193.parquet\", \"s3://tpch9026--apne1-az1--x-s3/194.parquet\", \"s3://tpch9026--apne1-az1--x-s3/195.parquet\", \"s3://tpch9026--apne1-az1--x-s3/196.parquet\", \"s3://tpch9026--apne1-az1--x-s3/197.parquet\", \"s3://tpch9026--apne1-az1--x-s3/198.parquet\", \"s3://tpch9026--apne1-az1--x-s3/199.parquet\", \"s3://tpch9026--apne1-az1--x-s3/200.parquet\", \"s3://tpch9026--apne1-az1--x-s3/201.parquet\", \"s3://tpch9026--apne1-az1--x-s3/202.parquet\", \"s3://tpch9026--apne1-az1--x-s3/203.parquet\", \"s3://tpch9026--apne1-az1--x-s3/204.parquet\", \"s3://tpch9026--apne1-az1--x-s3/205.parquet\", \"s3://tpch9026--apne1-az1--x-s3/206.parquet\", \"s3://tpch9026--apne1-az1--x-s3/207.parquet\", \"s3://tpch9026--apne1-az1--x-s3/208.parquet\", \"s3://tpch9026--apne1-az1--x-s3/209.parquet\", \"s3://tpch9026--apne1-az1--x-s3/210.parquet\", \"s3://tpch9026--apne1-az1--x-s3/211.parquet\", \"s3://tpch9026--apne1-az1--x-s3/212.parquet\", \"s3://tpch9026--apne1-az1--x-s3/213.parquet\", \"s3://tpch9026--apne1-az1--x-s3/214.parquet\", \"s3://tpch9026--apne1-az1--x-s3/215.parquet\", \"s3://tpch9026--apne1-az1--x-s3/216.parquet\", \"s3://tpch9026--apne1-az1--x-s3/217.parquet\", \"s3://tpch9026--apne1-az1--x-s3/218.parquet\", \"s3://tpch9026--apne1-az1--x-s3/219.parquet\", \"s3://tpch9026--apne1-az1--x-s3/220.parquet\", \"s3://tpch9026--apne1-az1--x-s3/221.parquet\", \"s3://tpch9026--apne1-az1--x-s3/222.parquet\", \"s3://tpch9026--apne1-az1--x-s3/223.parquet\", \"s3://tpch9026--apne1-az1--x-s3/224.parquet\", \"s3://tpch9026--apne1-az1--x-s3/225.parquet\", \"s3://tpch9026--apne1-az1--x-s3/226.parquet\", \"s3://tpch9026--apne1-az1--x-s3/227.parquet\", \"s3://tpch9026--apne1-az1--x-s3/228.parquet\", \"s3://tpch9026--apne1-az1--x-s3/229.parquet\", \"s3://tpch9026--apne1-az1--x-s3/230.parquet\", \"s3://tpch9026--apne1-az1--x-s3/231.parquet\", \"s3://tpch9026--apne1-az1--x-s3/232.parquet\", \"s3://tpch9026--apne1-az1--x-s3/233.parquet\", \"s3://tpch9026--apne1-az1--x-s3/234.parquet\", \"s3://tpch9026--apne1-az1--x-s3/235.parquet\", \"s3://tpch9026--apne1-az1--x-s3/236.parquet\", \"s3://tpch9026--apne1-az1--x-s3/237.parquet\", \"s3://tpch9026--apne1-az1--x-s3/238.parquet\", \"s3://tpch9026--apne1-az1--x-s3/239.parquet\", \"s3://tpch9026--apne1-az1--x-s3/240.parquet\", \"s3://tpch9026--apne1-az1--x-s3/241.parquet\", \"s3://tpch9026--apne1-az1--x-s3/242.parquet\", \"s3://tpch9026--apne1-az1--x-s3/243.parquet\", \"s3://tpch9026--apne1-az1--x-s3/244.parquet\", \"s3://tpch9026--apne1-az1--x-s3/245.parquet\", \"s3://tpch9026--apne1-az1--x-s3/246.parquet\", \"s3://tpch9026--apne1-az1--x-s3/247.parquet\", \"s3://tpch9026--apne1-az1--x-s3/248.parquet\", \"s3://tpch9026--apne1-az1--x-s3/249.parquet\", \"s3://tpch9026--apne1-az1--x-s3/250.parquet\", \"s3://tpch9026--apne1-az1--x-s3/251.parquet\", \"s3://tpch9026--apne1-az1--x-s3/252.parquet\", \"s3://tpch9026--apne1-az1--x-s3/253.parquet\", \"s3://tpch9026--apne1-az1--x-s3/254.parquet\", \"s3://tpch9026--apne1-az1--x-s3/255.parquet\", \"s3://tpch9026--apne1-az1--x-s3/256.parquet\", \"s3://tpch9026--apne1-az1--x-s3/257.parquet\", \"s3://tpch9026--apne1-az1--x-s3/258.parquet\", \"s3://tpch9026--apne1-az1--x-s3/259.parquet\", \"s3://tpch9026--apne1-az1--x-s3/260.parquet\", \"s3://tpch9026--apne1-az1--x-s3/261.parquet\", \"s3://tpch9026--apne1-az1--x-s3/262.parquet\", \"s3://tpch9026--apne1-az1--x-s3/263.parquet\", \"s3://tpch9026--apne1-az1--x-s3/264.parquet\", \"s3://tpch9026--apne1-az1--x-s3/265.parquet\", \"s3://tpch9026--apne1-az1--x-s3/266.parquet\", \"s3://tpch9026--apne1-az1--x-s3/267.parquet\", \"s3://tpch9026--apne1-az1--x-s3/268.parquet\", \"s3://tpch9026--apne1-az1--x-s3/269.parquet\", \"s3://tpch9026--apne1-az1--x-s3/270.parquet\", \"s3://tpch9026--apne1-az1--x-s3/271.parquet\", \"s3://tpch9026--apne1-az1--x-s3/272.parquet\", \"s3://tpch9026--apne1-az1--x-s3/273.parquet\", \"s3://tpch9026--apne1-az1--x-s3/274.parquet\", \"s3://tpch9026--apne1-az1--x-s3/275.parquet\", \"s3://tpch9026--apne1-az1--x-s3/276.parquet\", \"s3://tpch9026--apne1-az1--x-s3/277.parquet\", \"s3://tpch9026--apne1-az1--x-s3/278.parquet\", \"s3://tpch9026--apne1-az1--x-s3/279.parquet\", \"s3://tpch9026--apne1-az1--x-s3/280.parquet\", \"s3://tpch9026--apne1-az1--x-s3/281.parquet\", \"s3://tpch9026--apne1-az1--x-s3/282.parquet\", \"s3://tpch9026--apne1-az1--x-s3/283.parquet\", \"s3://tpch9026--apne1-az1--x-s3/284.parquet\", \"s3://tpch9026--apne1-az1--x-s3/285.parquet\", \"s3://tpch9026--apne1-az1--x-s3/286.parquet\", \"s3://tpch9026--apne1-az1--x-s3/287.parquet\", \"s3://tpch9026--apne1-az1--x-s3/288.parquet\", \"s3://tpch9026--apne1-az1--x-s3/289.parquet\", \"s3://tpch9026--apne1-az1--x-s3/290.parquet\", \"s3://tpch9026--apne1-az1--x-s3/291.parquet\", \"s3://tpch9026--apne1-az1--x-s3/292.parquet\", \"s3://tpch9026--apne1-az1--x-s3/293.parquet\", \"s3://tpch9026--apne1-az1--x-s3/294.parquet\", \"s3://tpch9026--apne1-az1--x-s3/295.parquet\", \"s3://tpch9026--apne1-az1--x-s3/296.parquet\", \"s3://tpch9026--apne1-az1--x-s3/297.parquet\", \"s3://tpch9026--apne1-az1--x-s3/298.parquet\", \"s3://tpch9026--apne1-az1--x-s3/299.parquet\", \"s3://tpch9026--apne1-az1--x-s3/300.parquet\", \"s3://tpch9026--apne1-az1--x-s3/301.parquet\", \"s3://tpch9026--apne1-az1--x-s3/302.parquet\", \"s3://tpch9026--apne1-az1--x-s3/303.parquet\", \"s3://tpch9026--apne1-az1--x-s3/304.parquet\", \"s3://tpch9026--apne1-az1--x-s3/305.parquet\", \"s3://tpch9026--apne1-az1--x-s3/306.parquet\", \"s3://tpch9026--apne1-az1--x-s3/307.parquet\", \"s3://tpch9026--apne1-az1--x-s3/308.parquet\", \"s3://tpch9026--apne1-az1--x-s3/309.parquet\", \"s3://tpch9026--apne1-az1--x-s3/310.parquet\", \"s3://tpch9026--apne1-az1--x-s3/311.parquet\", \"s3://tpch9026--apne1-az1--x-s3/312.parquet\", \"s3://tpch9026--apne1-az1--x-s3/313.parquet\", \"s3://tpch9026--apne1-az1--x-s3/314.parquet\", \"s3://tpch9026--apne1-az1--x-s3/315.parquet\", \"s3://tpch9026--apne1-az1--x-s3/316.parquet\", \"s3://tpch9026--apne1-az1--x-s3/317.parquet\", \"s3://tpch9026--apne1-az1--x-s3/318.parquet\", \"s3://tpch9026--apne1-az1--x-s3/319.parquet\", \"s3://tpch9026--apne1-az1--x-s3/320.parquet\", \"s3://tpch9026--apne1-az1--x-s3/321.parquet\", \"s3://tpch9026--apne1-az1--x-s3/322.parquet\", \"s3://tpch9026--apne1-az1--x-s3/323.parquet\", \"s3://tpch9026--apne1-az1--x-s3/324.parquet\", \"s3://tpch9026--apne1-az1--x-s3/325.parquet\", \"s3://tpch9026--apne1-az1--x-s3/326.parquet\", \"s3://tpch9026--apne1-az1--x-s3/327.parquet\", \"s3://tpch9026--apne1-az1--x-s3/328.parquet\", \"s3://tpch9026--apne1-az1--x-s3/329.parquet\", \"s3://tpch9026--apne1-az1--x-s3/330.parquet\", \"s3://tpch9026--apne1-az1--x-s3/331.parquet\", \"s3://tpch9026--apne1-az1--x-s3/332.parquet\", \"s3://tpch9026--apne1-az1--x-s3/333.parquet\", \"s3://tpch9026--apne1-az1--x-s3/334.parquet\", \"s3://tpch9026--apne1-az1--x-s3/335.parquet\", \"s3://tpch9026--apne1-az1--x-s3/336.parquet\", \"s3://tpch9026--apne1-az1--x-s3/337.parquet\", \"s3://tpch9026--apne1-az1--x-s3/338.parquet\", \"s3://tpch9026--apne1-az1--x-s3/339.parquet\", \"s3://tpch9026--apne1-az1--x-s3/340.parquet\", \"s3://tpch9026--apne1-az1--x-s3/341.parquet\", \"s3://tpch9026--apne1-az1--x-s3/342.parquet\", \"s3://tpch9026--apne1-az1--x-s3/343.parquet\", \"s3://tpch9026--apne1-az1--x-s3/344.parquet\", \"s3://tpch9026--apne1-az1--x-s3/345.parquet\", \"s3://tpch9026--apne1-az1--x-s3/346.parquet\", \"s3://tpch9026--apne1-az1--x-s3/347.parquet\", \"s3://tpch9026--apne1-az1--x-s3/348.parquet\", \"s3://tpch9026--apne1-az1--x-s3/349.parquet\", \"s3://tpch9026--apne1-az1--x-s3/350.parquet\", \"s3://tpch9026--apne1-az1--x-s3/351.parquet\", \"s3://tpch9026--apne1-az1--x-s3/352.parquet\", \"s3://tpch9026--apne1-az1--x-s3/353.parquet\", \"s3://tpch9026--apne1-az1--x-s3/354.parquet\", \"s3://tpch9026--apne1-az1--x-s3/362.parquet\", \"s3://tpch9026--apne1-az1--x-s3/366.parquet\", \"s3://tpch9026--apne1-az1--x-s3/370.parquet\", \"s3://tpch9026--apne1-az1--x-s3/371.parquet\", \"s3://tpch9026--apne1-az1--x-s3/372.parquet\", \"s3://tpch9026--apne1-az1--x-s3/373.parquet\", \"s3://tpch9026--apne1-az1--x-s3/391.parquet\", \"s3://tpch9026--apne1-az1--x-s3/397.parquet\", \"s3://tpch9026--apne1-az1--x-s3/400.parquet\", \"s3://tpch9026--apne1-az1--x-s3/425.parquet\", \"s3://tpch9026--apne1-az1--x-s3/436.parquet\", \"s3://tpch9026--apne1-az1--x-s3/437.parquet\", \"s3://tpch9026--apne1-az1--x-s3/438.parquet\", \"s3://tpch9026--apne1-az1--x-s3/439.parquet\", \"s3://tpch9026--apne1-az1--x-s3/440.parquet\", \"s3://tpch9026--apne1-az1--x-s3/443.parquet\", \"s3://tpch9026--apne1-az1--x-s3/444.parquet\", \"s3://tpch9026--apne1-az1--x-s3/445.parquet\", \"s3://tpch9026--apne1-az1--x-s3/447.parquet\", \"s3://tpch9026--apne1-az1--x-s3/496.parquet\", \"s3://tpch9026--apne1-az1--x-s3/503.parquet\", \"s3://tpch9026--apne1-az1--x-s3/504.parquet\", \"s3://tpch9026--apne1-az1--x-s3/505.parquet\", \"s3://tpch9026--apne1-az1--x-s3/506.parquet\", \"s3://tpch9026--apne1-az1--x-s3/507.parquet\", \"s3://tpch9026--apne1-az1--x-s3/508.parquet\", \"s3://tpch9026--apne1-az1--x-s3/511.parquet\", \"s3://tpch9026--apne1-az1--x-s3/512.parquet\", \"s3://tpch9026--apne1-az1--x-s3/517.parquet\", \"s3://tpch9026--apne1-az1--x-s3/519.parquet\", \"s3://tpch9026--apne1-az1--x-s3/523.parquet\", \"s3://tpch9026--apne1-az1--x-s3/531.parquet\", \"s3://tpch9026--apne1-az1--x-s3/567.parquet\", \"s3://tpch9026--apne1-az1--x-s3/571.parquet\", \"s3://tpch9026--apne1-az1--x-s3/574.parquet\", \"s3://tpch9026--apne1-az1--x-s3/576.parquet\", \"s3://tpch9026--apne1-az1--x-s3/578.parquet\", \"s3://tpch9026--apne1-az1--x-s3/580.parquet\", \"s3://tpch9026--apne1-az1--x-s3/582.parquet\", \"s3://tpch9026--apne1-az1--x-s3/586.parquet\", \"s3://tpch9026--apne1-az1--x-s3/589.parquet\", \"s3://tpch9026--apne1-az1--x-s3/592.parquet\", \"s3://tpch9026--apne1-az1--x-s3/638.parquet\", \"s3://tpch9026--apne1-az1--x-s3/642.parquet\", \"s3://tpch9026--apne1-az1--x-s3/643.parquet\", \"s3://tpch9026--apne1-az1--x-s3/644.parquet\", \"s3://tpch9026--apne1-az1--x-s3/645.parquet\", \"s3://tpch9026--apne1-az1--x-s3/647.parquet\", \"s3://tpch9026--apne1-az1--x-s3/648.parquet\", \"s3://tpch9026--apne1-az1--x-s3/649.parquet\", \"s3://tpch9026--apne1-az1--x-s3/651.parquet\", \"s3://tpch9026--apne1-az1--x-s3/652.parquet\", \"s3://tpch9026--apne1-az1--x-s3/653.parquet\", \"s3://tpch9026--apne1-az1--x-s3/660.parquet\", \"s3://tpch9026--apne1-az1--x-s3/662.parquet\", \"s3://tpch9026--apne1-az1--x-s3/709.parquet\", \"s3://tpch9026--apne1-az1--x-s3/710.parquet\", \"s3://tpch9026--apne1-az1--x-s3/711.parquet\", \"s3://tpch9026--apne1-az1--x-s3/712.parquet\", \"s3://tpch9026--apne1-az1--x-s3/713.parquet\", \"s3://tpch9026--apne1-az1--x-s3/714.parquet\", \"s3://tpch9026--apne1-az1--x-s3/715.parquet\", \"s3://tpch9026--apne1-az1--x-s3/716.parquet\", \"s3://tpch9026--apne1-az1--x-s3/717.parquet\", \"s3://tpch9026--apne1-az1--x-s3/718.parquet\", \"s3://tpch9026--apne1-az1--x-s3/719.parquet\", \"s3://tpch9026--apne1-az1--x-s3/720.parquet\", \"s3://tpch9026--apne1-az1--x-s3/721.parquet\", \"s3://tpch9026--apne1-az1--x-s3/724.parquet\", \"s3://tpch9026--apne1-az1--x-s3/726.parquet\", \"s3://tpch9026--apne1-az1--x-s3/727.parquet\", \"s3://tpch9026--apne1-az1--x-s3/728.parquet\", \"s3://tpch9026--apne1-az1--x-s3/729.parquet\", \"s3://tpch9026--apne1-az1--x-s3/730.parquet\", \"s3://tpch9026--apne1-az1--x-s3/732.parquet\", \"s3://tpch9026--apne1-az1--x-s3/733.parquet\", \"s3://tpch9026--apne1-az1--x-s3/734.parquet\", \"s3://tpch9026--apne1-az1--x-s3/735.parquet\", \"s3://tpch9026--apne1-az1--x-s3/737.parquet\", \"s3://tpch9026--apne1-az1--x-s3/738.parquet\", \"s3://tpch9026--apne1-az1--x-s3/739.parquet\", \"s3://tpch9026--apne1-az1--x-s3/740.parquet\", \"s3://tpch9026--apne1-az1--x-s3/741.parquet\", \"s3://tpch9026--apne1-az1--x-s3/743.parquet\", \"s3://tpch9026--apne1-az1--x-s3/744.parquet\", \"s3://tpch9026--apne1-az1--x-s3/745.parquet\", \"s3://tpch9026--apne1-az1--x-s3/746.parquet\", \"s3://tpch9026--apne1-az1--x-s3/747.parquet\", \"s3://tpch9026--apne1-az1--x-s3/748.parquet\", \"s3://tpch9026--apne1-az1--x-s3/749.parquet\", \"s3://tpch9026--apne1-az1--x-s3/750.parquet\", \"s3://tpch9026--apne1-az1--x-s3/751.parquet\", \"s3://tpch9026--apne1-az1--x-s3/752.parquet\", \"s3://tpch9026--apne1-az1--x-s3/753.parquet\", \"s3://tpch9026--apne1-az1--x-s3/754.parquet\", \"s3://tpch9026--apne1-az1--x-s3/755.parquet\", \"s3://tpch9026--apne1-az1--x-s3/756.parquet\", \"s3://tpch9026--apne1-az1--x-s3/757.parquet\", \"s3://tpch9026--apne1-az1--x-s3/758.parquet\", \"s3://tpch9026--apne1-az1--x-s3/759.parquet\", \"s3://tpch9026--apne1-az1--x-s3/761.parquet\", \"s3://tpch9026--apne1-az1--x-s3/762.parquet\", \"s3://tpch9026--apne1-az1--x-s3/763.parquet\", \"s3://tpch9026--apne1-az1--x-s3/764.parquet\", \"s3://tpch9026--apne1-az1--x-s3/765.parquet\", \"s3://tpch9026--apne1-az1--x-s3/766.parquet\", \"s3://tpch9026--apne1-az1--x-s3/767.parquet\", \"s3://tpch9026--apne1-az1--x-s3/768.parquet\", \"s3://tpch9026--apne1-az1--x-s3/769.parquet\", \"s3://tpch9026--apne1-az1--x-s3/770.parquet\", \"s3://tpch9026--apne1-az1--x-s3/773.parquet\", \"s3://tpch9026--apne1-az1--x-s3/774.parquet\", \"s3://tpch9026--apne1-az1--x-s3/775.parquet\", \"s3://tpch9026--apne1-az1--x-s3/777.parquet\", \"s3://tpch9026--apne1-az1--x-s3/778.parquet\", \"s3://tpch9026--apne1-az1--x-s3/779.parquet\", \"s3://tpch9026--apne1-az1--x-s3/780.parquet\", \"s3://tpch9026--apne1-az1--x-s3/781.parquet\", \"s3://tpch9026--apne1-az1--x-s3/782.parquet\", \"s3://tpch9026--apne1-az1--x-s3/783.parquet\", \"s3://tpch9026--apne1-az1--x-s3/784.parquet\", \"s3://tpch9026--apne1-az1--x-s3/785.parquet\", \"s3://tpch9026--apne1-az1--x-s3/786.parquet\", \"s3://tpch9026--apne1-az1--x-s3/787.parquet\", \"s3://tpch9026--apne1-az1--x-s3/788.parquet\", \"s3://tpch9026--apne1-az1--x-s3/789.parquet\", \"s3://tpch9026--apne1-az1--x-s3/790.parquet\", \"s3://tpch9026--apne1-az1--x-s3/791.parquet\", \"s3://tpch9026--apne1-az1--x-s3/792.parquet\", \"s3://tpch9026--apne1-az1--x-s3/793.parquet\", \"s3://tpch9026--apne1-az1--x-s3/794.parquet\", \"s3://tpch9026--apne1-az1--x-s3/795.parquet\", \"s3://tpch9026--apne1-az1--x-s3/796.parquet\", \"s3://tpch9026--apne1-az1--x-s3/797.parquet\", \"s3://tpch9026--apne1-az1--x-s3/798.parquet\", \"s3://tpch9026--apne1-az1--x-s3/799.parquet\", \"s3://tpch9026--apne1-az1--x-s3/800.parquet\", \"s3://tpch9026--apne1-az1--x-s3/801.parquet\", \"s3://tpch9026--apne1-az1--x-s3/802.parquet\", \"s3://tpch9026--apne1-az1--x-s3/803.parquet\", \"s3://tpch9026--apne1-az1--x-s3/804.parquet\", \"s3://tpch9026--apne1-az1--x-s3/805.parquet\", \"s3://tpch9026--apne1-az1--x-s3/806.parquet\", \"s3://tpch9026--apne1-az1--x-s3/807.parquet\", \"s3://tpch9026--apne1-az1--x-s3/808.parquet\", \"s3://tpch9026--apne1-az1--x-s3/809.parquet\", \"s3://tpch9026--apne1-az1--x-s3/810.parquet\", \"s3://tpch9026--apne1-az1--x-s3/811.parquet\", \"s3://tpch9026--apne1-az1--x-s3/812.parquet\", \"s3://tpch9026--apne1-az1--x-s3/813.parquet\", \"s3://tpch9026--apne1-az1--x-s3/814.parquet\", \"s3://tpch9026--apne1-az1--x-s3/815.parquet\", \"s3://tpch9026--apne1-az1--x-s3/816.parquet\", \"s3://tpch9026--apne1-az1--x-s3/817.parquet\", \"s3://tpch9026--apne1-az1--x-s3/818.parquet\", \"s3://tpch9026--apne1-az1--x-s3/819.parquet\", \"s3://tpch9026--apne1-az1--x-s3/820.parquet\", \"s3://tpch9026--apne1-az1--x-s3/821.parquet\", \"s3://tpch9026--apne1-az1--x-s3/822.parquet\", \"s3://tpch9026--apne1-az1--x-s3/823.parquet\", \"s3://tpch9026--apne1-az1--x-s3/824.parquet\", \"s3://tpch9026--apne1-az1--x-s3/825.parquet\", \"s3://tpch9026--apne1-az1--x-s3/826.parquet\", \"s3://tpch9026--apne1-az1--x-s3/827.parquet\", \"s3://tpch9026--apne1-az1--x-s3/828.parquet\", \"s3://tpch9026--apne1-az1--x-s3/829.parquet\", \"s3://tpch9026--apne1-az1--x-s3/830.parquet\", \"s3://tpch9026--apne1-az1--x-s3/831.parquet\", \"s3://tpch9026--apne1-az1--x-s3/832.parquet\", \"s3://tpch9026--apne1-az1--x-s3/833.parquet\", \"s3://tpch9026--apne1-az1--x-s3/834.parquet\", \"s3://tpch9026--apne1-az1--x-s3/835.parquet\", \"s3://tpch9026--apne1-az1--x-s3/836.parquet\", \"s3://tpch9026--apne1-az1--x-s3/837.parquet\", \"s3://tpch9026--apne1-az1--x-s3/838.parquet\", \"s3://tpch9026--apne1-az1--x-s3/839.parquet\", \"s3://tpch9026--apne1-az1--x-s3/840.parquet\", \"s3://tpch9026--apne1-az1--x-s3/841.parquet\", \"s3://tpch9026--apne1-az1--x-s3/842.parquet\", \"s3://tpch9026--apne1-az1--x-s3/843.parquet\", \"s3://tpch9026--apne1-az1--x-s3/844.parquet\", \"s3://tpch9026--apne1-az1--x-s3/845.parquet\", \"s3://tpch9026--apne1-az1--x-s3/846.parquet\", \"s3://tpch9026--apne1-az1--x-s3/847.parquet\", \"s3://tpch9026--apne1-az1--x-s3/848.parquet\", \"s3://tpch9026--apne1-az1--x-s3/849.parquet\", \"s3://tpch9026--apne1-az1--x-s3/850.parquet\", \"s3://tpch9026--apne1-az1--x-s3/851.parquet\", \"s3://tpch9026--apne1-az1--x-s3/852.parquet\", \"s3://tpch9026--apne1-az1--x-s3/853.parquet\", \"s3://tpch9026--apne1-az1--x-s3/854.parquet\", \"s3://tpch9026--apne1-az1--x-s3/855.parquet\", \"s3://tpch9026--apne1-az1--x-s3/856.parquet\", \"s3://tpch9026--apne1-az1--x-s3/857.parquet\", \"s3://tpch9026--apne1-az1--x-s3/858.parquet\", \"s3://tpch9026--apne1-az1--x-s3/859.parquet\", \"s3://tpch9026--apne1-az1--x-s3/860.parquet\", \"s3://tpch9026--apne1-az1--x-s3/861.parquet\", \"s3://tpch9026--apne1-az1--x-s3/862.parquet\", \"s3://tpch9026--apne1-az1--x-s3/863.parquet\", \"s3://tpch9026--apne1-az1--x-s3/864.parquet\", \"s3://tpch9026--apne1-az1--x-s3/865.parquet\", \"s3://tpch9026--apne1-az1--x-s3/866.parquet\", \"s3://tpch9026--apne1-az1--x-s3/867.parquet\", \"s3://tpch9026--apne1-az1--x-s3/868.parquet\", \"s3://tpch9026--apne1-az1--x-s3/869.parquet\", \"s3://tpch9026--apne1-az1--x-s3/870.parquet\", \"s3://tpch9026--apne1-az1--x-s3/871.parquet\", \"s3://tpch9026--apne1-az1--x-s3/872.parquet\", \"s3://tpch9026--apne1-az1--x-s3/873.parquet\", \"s3://tpch9026--apne1-az1--x-s3/874.parquet\", \"s3://tpch9026--apne1-az1--x-s3/875.parquet\", \"s3://tpch9026--apne1-az1--x-s3/876.parquet\", \"s3://tpch9026--apne1-az1--x-s3/877.parquet\", \"s3://tpch9026--apne1-az1--x-s3/878.parquet\", \"s3://tpch9026--apne1-az1--x-s3/879.parquet\", \"s3://tpch9026--apne1-az1--x-s3/880.parquet\", \"s3://tpch9026--apne1-az1--x-s3/881.parquet\", \"s3://tpch9026--apne1-az1--x-s3/882.parquet\", \"s3://tpch9026--apne1-az1--x-s3/883.parquet\", \"s3://tpch9026--apne1-az1--x-s3/884.parquet\", \"s3://tpch9026--apne1-az1--x-s3/885.parquet\", \"s3://tpch9026--apne1-az1--x-s3/886.parquet\", \"s3://tpch9026--apne1-az1--x-s3/887.parquet\", \"s3://tpch9026--apne1-az1--x-s3/888.parquet\", \"s3://tpch9026--apne1-az1--x-s3/889.parquet\", \"s3://tpch9026--apne1-az1--x-s3/890.parquet\", \"s3://tpch9026--apne1-az1--x-s3/891.parquet\", \"s3://tpch9026--apne1-az1--x-s3/892.parquet\", \"s3://tpch9026--apne1-az1--x-s3/893.parquet\", \"s3://tpch9026--apne1-az1--x-s3/894.parquet\", \"s3://tpch9026--apne1-az1--x-s3/895.parquet\", \"s3://tpch9026--apne1-az1--x-s3/896.parquet\", \"s3://tpch9026--apne1-az1--x-s3/897.parquet\", \"s3://tpch9026--apne1-az1--x-s3/898.parquet\", \"s3://tpch9026--apne1-az1--x-s3/899.parquet\", \"s3://tpch9026--apne1-az1--x-s3/900.parquet\", \"s3://tpch9026--apne1-az1--x-s3/901.parquet\", \"s3://tpch9026--apne1-az1--x-s3/902.parquet\", \"s3://tpch9026--apne1-az1--x-s3/903.parquet\", \"s3://tpch9026--apne1-az1--x-s3/904.parquet\", \"s3://tpch9026--apne1-az1--x-s3/905.parquet\", \"s3://tpch9026--apne1-az1--x-s3/906.parquet\", \"s3://tpch9026--apne1-az1--x-s3/907.parquet\", \"s3://tpch9026--apne1-az1--x-s3/908.parquet\", \"s3://tpch9026--apne1-az1--x-s3/909.parquet\", \"s3://tpch9026--apne1-az1--x-s3/910.parquet\", \"s3://tpch9026--apne1-az1--x-s3/911.parquet\", \"s3://tpch9026--apne1-az1--x-s3/912.parquet\", \"s3://tpch9026--apne1-az1--x-s3/913.parquet\", \"s3://tpch9026--apne1-az1--x-s3/914.parquet\", \"s3://tpch9026--apne1-az1--x-s3/915.parquet\", \"s3://tpch9026--apne1-az1--x-s3/916.parquet\", \"s3://tpch9026--apne1-az1--x-s3/917.parquet\", \"s3://tpch9026--apne1-az1--x-s3/918.parquet\", \"s3://tpch9026--apne1-az1--x-s3/919.parquet\", \"s3://tpch9026--apne1-az1--x-s3/920.parquet\", \"s3://tpch9026--apne1-az1--x-s3/921.parquet\", \"s3://tpch9026--apne1-az1--x-s3/922.parquet\", \"s3://tpch9026--apne1-az1--x-s3/923.parquet\", \"s3://tpch9026--apne1-az1--x-s3/924.parquet\", \"s3://tpch9026--apne1-az1--x-s3/925.parquet\", \"s3://tpch9026--apne1-az1--x-s3/926.parquet\", \"s3://tpch9026--apne1-az1--x-s3/927.parquet\", \"s3://tpch9026--apne1-az1--x-s3/928.parquet\", \"s3://tpch9026--apne1-az1--x-s3/929.parquet\", \"s3://tpch9026--apne1-az1--x-s3/930.parquet\", \"s3://tpch9026--apne1-az1--x-s3/931.parquet\", \"s3://tpch9026--apne1-az1--x-s3/932.parquet\", \"s3://tpch9026--apne1-az1--x-s3/933.parquet\", \"s3://tpch9026--apne1-az1--x-s3/934.parquet\", \"s3://tpch9026--apne1-az1--x-s3/935.parquet\", \"s3://tpch9026--apne1-az1--x-s3/936.parquet\", \"s3://tpch9026--apne1-az1--x-s3/937.parquet\", \"s3://tpch9026--apne1-az1--x-s3/938.parquet\", \"s3://tpch9026--apne1-az1--x-s3/939.parquet\", \"s3://tpch9026--apne1-az1--x-s3/940.parquet\", \"s3://tpch9026--apne1-az1--x-s3/941.parquet\", \"s3://tpch9026--apne1-az1--x-s3/942.parquet\", \"s3://tpch9026--apne1-az1--x-s3/943.parquet\", \"s3://tpch9026--apne1-az1--x-s3/944.parquet\", \"s3://tpch9026--apne1-az1--x-s3/945.parquet\", \"s3://tpch9026--apne1-az1--x-s3/946.parquet\", \"s3://tpch9026--apne1-az1--x-s3/947.parquet\", \"s3://tpch9026--apne1-az1--x-s3/948.parquet\", \"s3://tpch9026--apne1-az1--x-s3/949.parquet\", \"s3://tpch9026--apne1-az1--x-s3/950.parquet\", \"s3://tpch9026--apne1-az1--x-s3/951.parquet\", \"s3://tpch9026--apne1-az1--x-s3/952.parquet\", \"s3://tpch9026--apne1-az1--x-s3/953.parquet\", \"s3://tpch9026--apne1-az1--x-s3/954.parquet\", \"s3://tpch9026--apne1-az1--x-s3/955.parquet\", \"s3://tpch9026--apne1-az1--x-s3/956.parquet\", \"s3://tpch9026--apne1-az1--x-s3/957.parquet\", \"s3://tpch9026--apne1-az1--x-s3/958.parquet\", \"s3://tpch9026--apne1-az1--x-s3/959.parquet\", \"s3://tpch9026--apne1-az1--x-s3/960.parquet\", \"s3://tpch9026--apne1-az1--x-s3/961.parquet\", \"s3://tpch9026--apne1-az1--x-s3/962.parquet\", \"s3://tpch9026--apne1-az1--x-s3/963.parquet\", \"s3://tpch9026--apne1-az1--x-s3/964.parquet\", \"s3://tpch9026--apne1-az1--x-s3/965.parquet\", \"s3://tpch9026--apne1-az1--x-s3/966.parquet\", \"s3://tpch9026--apne1-az1--x-s3/967.parquet\", \"s3://tpch9026--apne1-az1--x-s3/968.parquet\", \"s3://tpch9026--apne1-az1--x-s3/969.parquet\", \"s3://tpch9026--apne1-az1--x-s3/970.parquet\", \"s3://tpch9026--apne1-az1--x-s3/971.parquet\", \"s3://tpch9026--apne1-az1--x-s3/972.parquet\", \"s3://tpch9026--apne1-az1--x-s3/973.parquet\", \"s3://tpch9026--apne1-az1--x-s3/974.parquet\", \"s3://tpch9026--apne1-az1--x-s3/975.parquet\", \"s3://tpch9026--apne1-az1--x-s3/976.parquet\", \"s3://tpch9026--apne1-az1--x-s3/977.parquet\", \"s3://tpch9026--apne1-az1--x-s3/978.parquet\", \"s3://tpch9026--apne1-az1--x-s3/979.parquet\", \"s3://tpch9026--apne1-az1--x-s3/980.parquet\", \"s3://tpch9026--apne1-az1--x-s3/981.parquet\", \"s3://tpch9026--apne1-az1--x-s3/982.parquet\", \"s3://tpch9026--apne1-az1--x-s3/983.parquet\", \"s3://tpch9026--apne1-az1--x-s3/984.parquet\", \"s3://tpch9026--apne1-az1--x-s3/985.parquet\", \"s3://tpch9026--apne1-az1--x-s3/986.parquet\", \"s3://tpch9026--apne1-az1--x-s3/987.parquet\", \"s3://tpch9026--apne1-az1--x-s3/988.parquet\", \"s3://tpch9026--apne1-az1--x-s3/989.parquet\", \"s3://tpch9026--apne1-az1--x-s3/990.parquet\", \"s3://tpch9026--apne1-az1--x-s3/991.parquet\", \"s3://tpch9026--apne1-az1--x-s3/992.parquet\", \"s3://tpch9026--apne1-az1--x-s3/993.parquet\", \"s3://tpch9026--apne1-az1--x-s3/994.parquet\", \"s3://tpch9026--apne1-az1--x-s3/995.parquet\", \"s3://tpch9026--apne1-az1--x-s3/996.parquet\", \"s3://tpch9026--apne1-az1--x-s3/997.parquet\", \"s3://tpch9026--apne1-az1--x-s3/998.parquet\", \"s3://tpch9026--apne1-az1--x-s3/999.parquet\", \"s3://tpch9026--apne1-az1--x-s3/1000.parquet\", \"s3://tpch9026--apne1-az1--x-s3/1001.parquet\", \"s3://tpch9026--apne1-az1--x-s3/1002.parquet\", \"s3://tpch9026--apne1-az1--x-s3/1003.parquet\", \"s3://tpch9026--apne1-az1--x-s3/1004.parquet\", \"s3://tpch9026--apne1-az1--x-s3/1005.parquet\", \"s3://tpch9026--apne1-az1--x-s3/1006.parquet\", \"s3://tpch9026--apne1-az1--x-s3/1007.parquet\", \"s3://tpch9026--apne1-az1--x-s3/1008.parquet\", \"s3://tpch9026--apne1-az1--x-s3/1009.parquet\", \"s3://tpch9026--apne1-az1--x-s3/1010.parquet\", \"s3://tpch9026--apne1-az1--x-s3/1011.parquet\", \"s3://tpch9026--apne1-az1--x-s3/1012.parquet\", \"s3://tpch9026--apne1-az1--x-s3/1013.parquet\", \"s3://tpch9026--apne1-az1--x-s3/1014.parquet\", \"s3://tpch9026--apne1-az1--x-s3/1015.parquet\", \"s3://tpch9026--apne1-az1--x-s3/1016.parquet\", \"s3://tpch9026--apne1-az1--x-s3/1017.parquet\", \"s3://tpch9026--apne1-az1--x-s3/1018.parquet\", \"s3://tpch9026--apne1-az1--x-s3/1019.parquet\", \"s3://tpch9026--apne1-az1--x-s3/1020.parquet\", \"s3://tpch9026--apne1-az1--x-s3/1021.parquet\", \"s3://tpch9026--apne1-az1--x-s3/1022.parquet\", \"s3://tpch9026--apne1-az1--x-s3/1023.parquet\", \"s3://tpch9026--apne1-az1--x-s3/1024.parquet\", \"s3://tpch9026--apne1-az1--x-s3/1025.parquet\", \"s3://tpch9026--apne1-az1--x-s3/1026.parquet\", \"s3://tpch9026--apne1-az1--x-s3/1027.parquet\", \"s3://tpch9026--apne1-az1--x-s3/1028.parquet\", \"s3://tpch9026--apne1-az1--x-s3/1029.parquet\", \"s3://tpch9026--apne1-az1--x-s3/1030.parquet\", \"s3://tpch9026--apne1-az1--x-s3/1031.parquet\", \"s3://tpch9026--apne1-az1--x-s3/1032.parquet\", \"s3://tpch9026--apne1-az1--x-s3/1033.parquet\", \"s3://tpch9026--apne1-az1--x-s3/1034.parquet\", \"s3://tpch9026--apne1-az1--x-s3/1035.parquet\", \"s3://tpch9026--apne1-az1--x-s3/1036.parquet\", \"s3://tpch9026--apne1-az1--x-s3/1037.parquet\", \"s3://tpch9026--apne1-az1--x-s3/1038.parquet\", \"s3://tpch9026--apne1-az1--x-s3/1039.parquet\", \"s3://tpch9026--apne1-az1--x-s3/1040.parquet\", \"s3://tpch9026--apne1-az1--x-s3/1041.parquet\", \"s3://tpch9026--apne1-az1--x-s3/1042.parquet\", \"s3://tpch9026--apne1-az1--x-s3/1043.parquet\", \"s3://tpch9026--apne1-az1--x-s3/1044.parquet\", \"s3://tpch9026--apne1-az1--x-s3/1045.parquet\", \"s3://tpch9026--apne1-az1--x-s3/1046.parquet\", \"s3://tpch9026--apne1-az1--x-s3/1047.parquet\", \"s3://tpch9026--apne1-az1--x-s3/1048.parquet\", \"s3://tpch9026--apne1-az1--x-s3/1049.parquet\", \"s3://tpch9026--apne1-az1--x-s3/1050.parquet\", \"s3://tpch9026--apne1-az1--x-s3/1051.parquet\", \"s3://tpch9026--apne1-az1--x-s3/1052.parquet\", \"s3://tpch9026--apne1-az1--x-s3/1053.parquet\", \"s3://tpch9026--apne1-az1--x-s3/1054.parquet\", \"s3://tpch9026--apne1-az1--x-s3/1055.parquet\", \"s3://tpch9026--apne1-az1--x-s3/1056.parquet\", \"s3://tpch9026--apne1-az1--x-s3/1057.parquet\", \"s3://tpch9026--apne1-az1--x-s3/1058.parquet\", \"s3://tpch9026--apne1-az1--x-s3/1059.parquet\", \"s3://tpch9026--apne1-az1--x-s3/1060.parquet\", \"s3://tpch9026--apne1-az1--x-s3/1061.parquet\", \"s3://tpch9026--apne1-az1--x-s3/1062.parquet\", \"s3://tpch9026--apne1-az1--x-s3/1063.parquet\", \"s3://tpch9026--apne1-az1--x-s3/1064.parquet\"])\n    WHERE\n        l_shipdate >= DATE '1992-01-01' + INTERVAL 12 MONTH\n        AND l_shipdate < DATE '1992-01-01' + INTERVAL 12 MONTH + INTERVAL 3 MONTH\n    GROUP BY\n        supplier_no\n)\nSELECT\n    s_suppkey,\n    s_name,\n    s_address,\n    s_phone,\n    total_revenue\nFROM\n    'pool/supplier/*.parquet',\n    revenue\nWHERE\n    s_suppkey = supplier_no\n    AND total_revenue = (\n        SELECT\n            max(total_revenue)\n        FROM\n            revenue\n    )\nORDER BY\n    s_suppkey;",
    "children": [
        {
            "result_set_size": 72,
            "operator_timing": 0.000030846,
            "operator_rows_scanned": 0,
            "cumulative_rows_scanned": 20652416000,
            "operator_cardinality": 1,
            "operator_type": "ORDER_BY",
            "cumulative_cardinality": 165425085,
            "extra_info": {
                "Order By": "\"pool/supplier/*.parquet\".s_suppkey ASC"
            },
            "cpu_time": 211.3713350010001,
            "children": [
                {
                    "result_set_size": 72,
                    "operator_timing": 0.000001092,
                    "operator_rows_scanned": 0,
                    "cumulative_rows_scanned": 20652416000,
                    "operator_cardinality": 1,
                    "operator_type": "PROJECTION",
                    "cumulative_cardinality": 165425084,
                    "extra_info": {
                        "Projections": [
                            "s_suppkey",
                            "s_name",
                            "s_address",
                            "s_phone",
                            "total_revenue"
                        ],
                        "Estimated Cardinality": "64108800"
                    },
                    "cpu_time": 211.3713041550001,
                    "children": [
                        {
                            "result_set_size": 0,
                            "operator_timing": 0.022156127,
                            "operator_rows_scanned": 0,
                            "cumulative_rows_scanned": 20652416000,
                            "operator_cardinality": 0,
                            "operator_type": "CTE",
                            "cumulative_cardinality": 165425083,
                            "extra_info": {
                                "CTE Name": "revenue",
                                "Table Index": "0"
                            },
                            "cpu_time": 211.3713030630001,
                            "children": [
                                {
                                    "result_set_size": 119999952,
                                    "operator_timing": 11.858466481999994,
                                    "operator_rows_scanned": 0,
                                    "cumulative_rows_scanned": 20514816000,
                                    "operator_cardinality": 4999998,
                                    "operator_type": "HASH_GROUP_BY",
                                    "cumulative_cardinality": 150425082,
                                    "extra_info": {
                                        "Groups": "#0",
                                        "Aggregates": "sum(#1)",
                                        "Estimated Cardinality": "64108800"
                                    },
                                    "cpu_time": 211.20068616200012,
                                    "children": [
                                        {
                                            "result_set_size": 1163400672,
                                            "operator_timing": 0.815859648,
                                            "operator_rows_scanned": 0,
                                            "cumulative_rows_scanned": 20514816000,
                                            "operator_cardinality": 72712542,
                                            "operator_type": "PROJECTION",
                                            "cumulative_cardinality": 145425084,
                                            "extra_info": {
                                                "Projections": [
                                                    "supplier_no",
                                                    "(l_extendedprice * (1.00 - l_discount))"
                                                ],
                                                "Estimated Cardinality": "128217600"
                                            },
                                            "cpu_time": 199.34221968000014,
                                            "children": [
                                                {
                                                    "result_set_size": 1745101008,
                                                    "operator_timing": 198.52636003200013,
                                                    "operator_rows_scanned": 20514816000,
                                                    "cumulative_rows_scanned": 20514816000,
                                                    "operator_cardinality": 72712542,
                                                    "operator_type": "TABLE_SCAN",
                                                    "cumulative_cardinality": 72712542,
                                                    "extra_info": {
                                                        "Function": "READ_PARQUET",
                                                        "Projections": [
                                                            "l_suppkey",
                                                            "l_extendedprice",
                                                            "l_discount"
                                                        ],
                                                        "Filters": "l_shipdate>='1993-01-01'::DATE AND l_shipdate<'1993-04-01'::DATE AND l_shipdate IS NOT NULL",
                                                        "Estimated Cardinality": "128217600"
                                                    },
                                                    "cpu_time": 198.52636003200013,
                                                    "children": []
                                                }
                                            ]
                                        }
                                    ]
                                },
                                {
                                    "result_set_size": 96,
                                    "operator_timing": 0.00023336400000000012,
                                    "operator_rows_scanned": 0,
                                    "cumulative_rows_scanned": 137600000,
                                    "operator_cardinality": 1,
                                    "operator_type": "HASH_JOIN",
                                    "cumulative_cardinality": 15000001,
                                    "extra_info": {
                                        "Join Type": "INNER",
                                        "Conditions": "s_suppkey = supplier_no",
                                        "Estimated Cardinality": "0"
                                    },
                                    "cpu_time": 0.148460774,
                                    "children": [
                                        {
                                            "result_set_size": 56,
                                            "operator_timing": 0.077094796,
                                            "operator_rows_scanned": 137600000,
                                            "cumulative_rows_scanned": 137600000,
                                            "operator_cardinality": 1,
                                            "operator_type": "TABLE_SCAN",
                                            "cumulative_cardinality": 1,
                                            "extra_info": {
                                                "Function": "PARQUET_SCAN",
                                                "Projections": "",
                                                "Estimated Cardinality": "4300000"
                                            },
                                            "cpu_time": 0.077094796,
                                            "children": []
                                        },
                                        {
                                            "result_set_size": 40,
                                            "operator_timing": 0.03072940499999999,
                                            "operator_rows_scanned": 0,
                                            "cumulative_rows_scanned": 0,
                                            "operator_cardinality": 1,
                                            "operator_type": "HASH_JOIN",
                                            "cumulative_cardinality": 14999999,
                                            "extra_info": {
                                                "Join Type": "INNER",
                                                "Conditions": "total_revenue = SUBQUERY",
                                                "Estimated Cardinality": "0"
                                            },
                                            "cpu_time": 0.071132614,
                                            "children": [
                                                {
                                                    "result_set_size": 119999952,
                                                    "operator_timing": 0.007369386999999998,
                                                    "operator_rows_scanned": 0,
                                                    "cumulative_rows_scanned": 0,
                                                    "operator_cardinality": 4999998,
                                                    "operator_type": "CTE_SCAN",
                                                    "cumulative_cardinality": 4999998,
                                                    "extra_info": {
                                                        "CTE Index": "0",
                                                        "Estimated Cardinality": "64108800"
                                                    },
                                                    "cpu_time": 0.007369386999999998,
                                                    "children": []
                                                },
                                                {
                                                    "result_set_size": 16,
                                                    "operator_timing": 0.000003075,
                                                    "operator_rows_scanned": 0,
                                                    "cumulative_rows_scanned": 0,
                                                    "operator_cardinality": 1,
                                                    "operator_type": "PROJECTION",
                                                    "cumulative_cardinality": 10000000,
                                                    "extra_info": {
                                                        "Projections": [
                                                            "CASE  WHEN ((#1 > 1)) THEN (error('More than one row returned by a subquery used as an expression - scalar subqueries can only return a single row.",
                                                            "Use \"SET scalar_subquery_error_on_multiple_rows=false\" to revert to previous behavior of returning a random row.')) ELSE #0 END"
                                                        ],
                                                        "Estimated Cardinality": "1"
                                                    },
                                                    "cpu_time": 0.033033822000000004,
                                                    "children": [
                                                        {
                                                            "result_set_size": 24,
                                                            "operator_timing": 0.000001961,
                                                            "operator_rows_scanned": 0,
                                                            "cumulative_rows_scanned": 0,
                                                            "operator_cardinality": 1,
                                                            "operator_type": "UNGROUPED_AGGREGATE",
                                                            "cumulative_cardinality": 9999999,
                                                            "extra_info": {
                                                                "Aggregates": [
                                                                    "\"first\"(#0)",
                                                                    "count_star()"
                                                                ]
                                                            },
                                                            "cpu_time": 0.033030747000000006,
                                                            "children": [
                                                                {
                                                                    "result_set_size": 16,
                                                                    "operator_timing": 2.47e-7,
                                                                    "operator_rows_scanned": 0,
                                                                    "cumulative_rows_scanned": 0,
                                                                    "operator_cardinality": 1,
                                                                    "operator_type": "PROJECTION",
                                                                    "cumulative_cardinality": 9999998,
                                                                    "extra_info": {
                                                                        "Projections": "#0",
                                                                        "Estimated Cardinality": "1"
                                                                    },
                                                                    "cpu_time": 0.033028786000000004,
                                                                    "children": [
                                                                        {
                                                                            "result_set_size": 16,
                                                                            "operator_timing": 0.0072266959999999995,
                                                                            "operator_rows_scanned": 0,
                                                                            "cumulative_rows_scanned": 0,
                                                                            "operator_cardinality": 1,
                                                                            "operator_type": "UNGROUPED_AGGREGATE",
                                                                            "cumulative_cardinality": 9999997,
                                                                            "extra_info": {
                                                                                "Aggregates": "max(#0)"
                                                                            },
                                                                            "cpu_time": 0.033028539,
                                                                            "children": [
                                                                                {
                                                                                    "result_set_size": 79999968,
                                                                                    "operator_timing": 0.00030760700000000005,
                                                                                    "operator_rows_scanned": 0,
                                                                                    "cumulative_rows_scanned": 0,
                                                                                    "operator_cardinality": 4999998,
                                                                                    "operator_type": "PROJECTION",
                                                                                    "cumulative_cardinality": 9999996,
                                                                                    "extra_info": {
                                                                                        "Projections": "total_revenue",
                                                                                        "Estimated Cardinality": "64108800"
                                                                                    },
                                                                                    "cpu_time": 0.025801843,
                                                                                    "children": [
                                                                                        {
                                                                                            "result_set_size": 119999952,
                                                                                            "operator_timing": 0.025494236,
                                                                                            "operator_rows_scanned": 0,
                                                                                            "cumulative_rows_scanned": 0,
                                                                                            "operator_cardinality": 4999998,
                                                                                            "operator_type": "CTE_SCAN",
                                                                                            "cumulative_cardinality": 4999998,
                                                                                            "extra_info": {
                                                                                                "CTE Index": "0",
                                                                                                "Estimated Cardinality": "64108800"
                                                                                            },
                                                                                            "cpu_time": 0.025494236,
                                                                                            "children": []
                                                                                        }
                                                                                    ]
                                                                                }
                                                                            ]
                                                                        }
                                                                    ]
                                                                }
                                                            ]
                                                        }
                                                    ]
                                                }
                                            ]
                                        }
                                    ]
                                }
                            ]
                        }
                    ]
                }
            ]
        }
    ]
}