{
    "rows_returned": 1,
    "latency": 6.091500202,
    "result_set_size": 8,
    "cumulative_rows_scanned": 542080000,
    "cumulative_cardinality": 33880001,
    "extra_info": {},
    "cpu_time": 35.195695377,
    "blocked_thread_time": 0.0,
    "query_name": "COPY (FROM read_parquet(['s3://tpch9026--apne1-az1--x-s3/710.parquet','s3://tpch9026--apne1-az1--x-s3/713.parquet','s3://tpch9026--apne1-az1--x-s3/714.parquet','s3://tpch9026--apne1-az1--x-s3/717.parquet','s3://tpch9026--apne1-az1--x-s3/718.parquet','s3://tpch9026--apne1-az1--x-s3/728.parquet','s3://tpch9026--apne1-az1--x-s3/734.parquet','s3://tpch9026--apne1-az1--x-s3/737.parquet','s3://tpch9026--apne1-az1--x-s3/739.parquet','s3://tpch9026--apne1-az1--x-s3/745.parquet','s3://tpch9026--apne1-az1--x-s3/747.parquet','s3://tpch9026--apne1-az1--x-s3/748.parquet','s3://tpch9026--apne1-az1--x-s3/749.parquet','s3://tpch9026--apne1-az1--x-s3/750.parquet','s3://tpch9026--apne1-az1--x-s3/752.parquet','s3://tpch9026--apne1-az1--x-s3/753.parquet','s3://tpch9026--apne1-az1--x-s3/757.parquet','s3://tpch9026--apne1-az1--x-s3/763.parquet','s3://tpch9026--apne1-az1--x-s3/767.parquet','s3://tpch9026--apne1-az1--x-s3/777.parquet']) ORDER BY l_shipdate) TO 's3://tpch9026--apne1-az1--x-s3/tmp' (FORMAT 'parquet');",
    "children": [
        {
            "result_set_size": 8,
            "operator_timing": 4.288587465,
            "operator_rows_scanned": 0,
            "cumulative_rows_scanned": 542080000,
            "operator_cardinality": 1,
            "operator_type": "BATCH_COPY_TO_FILE",
            "cumulative_cardinality": 33880001,
            "extra_info": {},
            "cpu_time": 35.195695377,
            "children": [
                {
                    "result_set_size": 2642640000,
                    "operator_timing": 20.652382432999996,
                    "operator_rows_scanned": 0,
                    "cumulative_rows_scanned": 542080000,
                    "operator_cardinality": 16940000,
                    "operator_type": "ORDER_BY",
                    "cumulative_cardinality": 33880000,
                    "extra_info": {
                        "Order By": "read_parquet.l_shipdate ASC"
                    },
                    "cpu_time": 30.907107911999997,
                    "children": [
                        {
                            "result_set_size": 2642640000,
                            "operator_timing": 10.254725479000001,
                            "operator_rows_scanned": 542080000,
                            "cumulative_rows_scanned": 542080000,
                            "operator_cardinality": 16940000,
                            "operator_type": "TABLE_SCAN",
                            "cumulative_cardinality": 16940000,
                            "extra_info": {
                                "Function": "READ_PARQUET",
                                "Projections": [
                                    "l_orderkey",
                                    "l_partkey",
                                    "l_suppkey",
                                    "l_linenumber",
                                    "l_quantity",
                                    "l_extendedprice",
                                    "l_discount",
                                    "l_tax",
                                    "l_returnflag",
                                    "l_linestatus",
                                    "l_shipdate",
                                    "l_commitdate",
                                    "l_receiptdate",
                                    "l_shipinstruct",
                                    "l_shipmode",
                                    "l_comment"
                                ],
                                "Estimated Cardinality": "16940000"
                            },
                            "cpu_time": 10.254725479000001,
                            "children": []
                        }
                    ]
                }
            ]
        }
    ]
}