{
    "rows_returned": 1,
    "latency": 1.720945047,
    "result_set_size": 72,
    "cumulative_rows_scanned": 3239136000,
    "cumulative_cardinality": 212584573,
    "extra_info": {},
    "cpu_time": 43.76605470299999,
    "blocked_thread_time": 0.0,
    "query_name": "WITH revenue AS (\n    SELECT\n        l_suppkey AS supplier_no,\n        sum(l_extendedprice * (1 - l_discount)) AS total_revenue\n    FROM\n        read_parquet([\"s3://tpch31355--apne1-az1--x-s3/16.parquet\", \"s3://tpch31355--apne1-az1--x-s3/158.parquet\", \"s3://tpch31355--apne1-az1--x-s3/160.parquet\", \"s3://tpch31355--apne1-az1--x-s3/169.parquet\", \"s3://tpch31355--apne1-az1--x-s3/257.parquet\", \"s3://tpch31355--apne1-az1--x-s3/260.parquet\", \"s3://tpch31355--apne1-az1--x-s3/262.parquet\", \"s3://tpch31355--apne1-az1--x-s3/263.parquet\", \"s3://tpch31355--apne1-az1--x-s3/264.parquet\", \"s3://tpch31355--apne1-az1--x-s3/265.parquet\", \"s3://tpch31355--apne1-az1--x-s3/266.parquet\", \"s3://tpch31355--apne1-az1--x-s3/267.parquet\", \"s3://tpch31355--apne1-az1--x-s3/269.parquet\", \"s3://tpch31355--apne1-az1--x-s3/270.parquet\", \"s3://tpch31355--apne1-az1--x-s3/615.parquet\", \"s3://tpch31355--apne1-az1--x-s3/1019.parquet\", \"s3://tpch31355--apne1-az1--x-s3/1024.parquet\", \"s3://tpch31355--apne1-az1--x-s3/1030.parquet\", \"s3://tpch31355--apne1-az1--x-s3/1031.parquet\", \"s3://tpch31355--apne1-az1--x-s3/1084.parquet\", \"s3://tpch31355--apne1-az1--x-s3/1089.parquet\", \"s3://tpch31355--apne1-az1--x-s3/1101.parquet\", \"s3://tpch31355--apne1-az1--x-s3/1103.parquet\", \"s3://tpch31355--apne1-az1--x-s3/1106.parquet\", \"s3://tpch31355--apne1-az1--x-s3/1114.parquet\", \"s3://tpch31355--apne1-az1--x-s3/1117.parquet\", \"s3://tpch31355--apne1-az1--x-s3/1121.parquet\", \"s3://tpch31355--apne1-az1--x-s3/1122.parquet\", \"s3://tpch31355--apne1-az1--x-s3/1123.parquet\", \"s3://tpch31355--apne1-az1--x-s3/1207.parquet\", \"s3://tpch31355--apne1-az1--x-s3/1208.parquet\", \"s3://tpch31355--apne1-az1--x-s3/1209.parquet\", \"s3://tpch31355--apne1-az1--x-s3/1212.parquet\", \"s3://tpch31355--apne1-az1--x-s3/1214.parquet\", \"s3://tpch31355--apne1-az1--x-s3/1216.parquet\", \"s3://tpch31355--apne1-az1--x-s3/1217.parquet\", \"s3://tpch31355--apne1-az1--x-s3/1219.parquet\", \"s3://tpch31355--apne1-az1--x-s3/1220.parquet\", \"s3://tpch31355--apne1-az1--x-s3/1221.parquet\", \"s3://tpch31355--apne1-az1--x-s3/1222.parquet\", \"s3://tpch31355--apne1-az1--x-s3/1223.parquet\", \"s3://tpch31355--apne1-az1--x-s3/1224.parquet\", \"s3://tpch31355--apne1-az1--x-s3/1225.parquet\", \"s3://tpch31355--apne1-az1--x-s3/1226.parquet\", \"s3://tpch31355--apne1-az1--x-s3/1227.parquet\", \"s3://tpch31355--apne1-az1--x-s3/1228.parquet\", \"s3://tpch31355--apne1-az1--x-s3/1229.parquet\", \"s3://tpch31355--apne1-az1--x-s3/1230.parquet\", \"s3://tpch31355--apne1-az1--x-s3/1231.parquet\", \"s3://tpch31355--apne1-az1--x-s3/1232.parquet\", \"s3://tpch31355--apne1-az1--x-s3/1233.parquet\", \"s3://tpch31355--apne1-az1--x-s3/1234.parquet\", \"s3://tpch31355--apne1-az1--x-s3/1238.parquet\", \"s3://tpch31355--apne1-az1--x-s3/1327.parquet\", \"s3://tpch31355--apne1-az1--x-s3/1356.parquet\", \"s3://tpch31355--apne1-az1--x-s3/1361.parquet\", \"s3://tpch31355--apne1-az1--x-s3/1362.parquet\", \"s3://tpch31355--apne1-az1--x-s3/1363.parquet\", \"s3://tpch31355--apne1-az1--x-s3/1364.parquet\", \"s3://tpch31355--apne1-az1--x-s3/1366.parquet\", \"s3://tpch31355--apne1-az1--x-s3/1367.parquet\", \"s3://tpch31355--apne1-az1--x-s3/1373.parquet\", \"s3://tpch31355--apne1-az1--x-s3/1375.parquet\", \"s3://tpch31355--apne1-az1--x-s3/1382.parquet\", \"s3://tpch31355--apne1-az1--x-s3/1390.parquet\", \"s3://tpch31355--apne1-az1--x-s3/1392.parquet\", \"s3://tpch31355--apne1-az1--x-s3/1394.parquet\", \"s3://tpch31355--apne1-az1--x-s3/1473.parquet\", \"s3://tpch31355--apne1-az1--x-s3/1562.parquet\", \"s3://tpch31355--apne1-az1--x-s3/1566.parquet\", \"s3://tpch31355--apne1-az1--x-s3/1567.parquet\", \"s3://tpch31355--apne1-az1--x-s3/1569.parquet\", \"s3://tpch31355--apne1-az1--x-s3/1570.parquet\", \"s3://tpch31355--apne1-az1--x-s3/1571.parquet\", \"s3://tpch31355--apne1-az1--x-s3/1572.parquet\", \"s3://tpch31355--apne1-az1--x-s3/1573.parquet\", \"s3://tpch31355--apne1-az1--x-s3/1574.parquet\", \"s3://tpch31355--apne1-az1--x-s3/1575.parquet\", \"s3://tpch31355--apne1-az1--x-s3/1576.parquet\", \"s3://tpch31355--apne1-az1--x-s3/1577.parquet\", \"s3://tpch31355--apne1-az1--x-s3/1578.parquet\", \"s3://tpch31355--apne1-az1--x-s3/1579.parquet\", \"s3://tpch31355--apne1-az1--x-s3/1580.parquet\", \"s3://tpch31355--apne1-az1--x-s3/1581.parquet\", \"s3://tpch31355--apne1-az1--x-s3/1582.parquet\", \"s3://tpch31355--apne1-az1--x-s3/1583.parquet\", \"s3://tpch31355--apne1-az1--x-s3/1584.parquet\", \"s3://tpch31355--apne1-az1--x-s3/1585.parquet\", \"s3://tpch31355--apne1-az1--x-s3/1586.parquet\", \"s3://tpch31355--apne1-az1--x-s3/1587.parquet\", \"s3://tpch31355--apne1-az1--x-s3/1589.parquet\", \"s3://tpch31355--apne1-az1--x-s3/1590.parquet\", \"s3://tpch31355--apne1-az1--x-s3/1591.parquet\", \"s3://tpch31355--apne1-az1--x-s3/1592.parquet\", \"s3://tpch31355--apne1-az1--x-s3/1593.parquet\", \"s3://tpch31355--apne1-az1--x-s3/1594.parquet\", \"s3://tpch31355--apne1-az1--x-s3/1595.parquet\", \"s3://tpch31355--apne1-az1--x-s3/1596.parquet\", \"s3://tpch31355--apne1-az1--x-s3/1597.parquet\", \"s3://tpch31355--apne1-az1--x-s3/1598.parquet\", \"s3://tpch31355--apne1-az1--x-s3/1599.parquet\", \"s3://tpch31355--apne1-az1--x-s3/1600.parquet\", \"s3://tpch31355--apne1-az1--x-s3/1602.parquet\", \"s3://tpch31355--apne1-az1--x-s3/1604.parquet\", \"s3://tpch31355--apne1-az1--x-s3/1611.parquet\", \"s3://tpch31355--apne1-az1--x-s3/1612.parquet\", \"s3://tpch31355--apne1-az1--x-s3/1613.parquet\", \"s3://tpch31355--apne1-az1--x-s3/1616.parquet\", \"s3://tpch31355--apne1-az1--x-s3/1618.parquet\", \"s3://tpch31355--apne1-az1--x-s3/1628.parquet\", \"s3://tpch31355--apne1-az1--x-s3/1629.parquet\", \"s3://tpch31355--apne1-az1--x-s3/1631.parquet\", \"s3://tpch31355--apne1-az1--x-s3/1632.parquet\", \"s3://tpch31355--apne1-az1--x-s3/1638.parquet\", \"s3://tpch31355--apne1-az1--x-s3/1641.parquet\", \"s3://tpch31355--apne1-az1--x-s3/1642.parquet\", \"s3://tpch31355--apne1-az1--x-s3/1647.parquet\", \"s3://tpch31355--apne1-az1--x-s3/1648.parquet\", \"s3://tpch31355--apne1-az1--x-s3/1650.parquet\"])\n    WHERE\n        l_shipdate >= DATE '1992-01-01' + INTERVAL 16 MONTH\n        AND l_shipdate < DATE '1992-01-01' + INTERVAL 16 MONTH + INTERVAL 3 MONTH\n    GROUP BY\n        supplier_no\n)\nSELECT\n    s_suppkey,\n    s_name,\n    s_address,\n    s_phone,\n    total_revenue\nFROM\n    'pool/supplier/*.parquet',\n    revenue\nWHERE\n    s_suppkey = supplier_no\n    AND total_revenue = (\n        SELECT\n            max(total_revenue)\n        FROM\n            revenue\n    )\nORDER BY\n    s_suppkey;",
    "children": [
        {
            "result_set_size": 72,
            "operator_timing": 0.000032341999999999996,
            "operator_rows_scanned": 0,
            "cumulative_rows_scanned": 3239136000,
            "operator_cardinality": 1,
            "operator_type": "ORDER_BY",
            "cumulative_cardinality": 212584573,
            "extra_info": {
                "Order By": "\"pool/supplier/*.parquet\".s_suppkey ASC"
            },
            "cpu_time": 43.76605470299999,
            "children": [
                {
                    "result_set_size": 72,
                    "operator_timing": 0.000001213,
                    "operator_rows_scanned": 0,
                    "cumulative_rows_scanned": 3239136000,
                    "operator_cardinality": 1,
                    "operator_type": "PROJECTION",
                    "cumulative_cardinality": 212584572,
                    "extra_info": {
                        "Projections": [
                            "s_suppkey",
                            "s_name",
                            "s_address",
                            "s_phone",
                            "total_revenue"
                        ],
                        "Estimated Cardinality": "9722300"
                    },
                    "cpu_time": 43.76602236099999,
                    "children": [
                        {
                            "result_set_size": 0,
                            "operator_timing": 0.014068728000000003,
                            "operator_rows_scanned": 0,
                            "cumulative_rows_scanned": 3239136000,
                            "operator_cardinality": 0,
                            "operator_type": "CTE",
                            "cumulative_cardinality": 212584571,
                            "extra_info": {
                                "CTE Name": "revenue",
                                "Table Index": "0"
                            },
                            "cpu_time": 43.76602114799999,
                            "children": [
                                {
                                    "result_set_size": 120000000,
                                    "operator_timing": 15.302343895999993,
                                    "operator_rows_scanned": 0,
                                    "cumulative_rows_scanned": 3111136000,
                                    "operator_cardinality": 5000000,
                                    "operator_type": "HASH_GROUP_BY",
                                    "cumulative_cardinality": 197584564,
                                    "extra_info": {
                                        "Groups": "#0",
                                        "Aggregates": "sum(#1)",
                                        "Estimated Cardinality": "9722300"
                                    },
                                    "cpu_time": 43.65517379399999,
                                    "children": [
                                        {
                                            "result_set_size": 1540676512,
                                            "operator_timing": 0.626946811,
                                            "operator_rows_scanned": 0,
                                            "cumulative_rows_scanned": 3111136000,
                                            "operator_cardinality": 96292282,
                                            "operator_type": "PROJECTION",
                                            "cumulative_cardinality": 192584564,
                                            "extra_info": {
                                                "Projections": [
                                                    "supplier_no",
                                                    "(l_extendedprice * (1.00 - l_discount))"
                                                ],
                                                "Estimated Cardinality": "19444600"
                                            },
                                            "cpu_time": 28.352829898000003,
                                            "children": [
                                                {
                                                    "result_set_size": 2311014768,
                                                    "operator_timing": 27.725883087000003,
                                                    "operator_rows_scanned": 3111136000,
                                                    "cumulative_rows_scanned": 3111136000,
                                                    "operator_cardinality": 96292282,
                                                    "operator_type": "TABLE_SCAN",
                                                    "cumulative_cardinality": 96292282,
                                                    "extra_info": {
                                                        "Function": "READ_PARQUET",
                                                        "Projections": [
                                                            "l_suppkey",
                                                            "l_extendedprice",
                                                            "l_discount"
                                                        ],
                                                        "Filters": "l_shipdate>='1993-05-01'::DATE AND l_shipdate<'1993-08-01'::DATE AND l_shipdate IS NOT NULL",
                                                        "Estimated Cardinality": "19444600"
                                                    },
                                                    "cpu_time": 27.725883087000003,
                                                    "children": []
                                                }
                                            ]
                                        }
                                    ]
                                },
                                {
                                    "result_set_size": 96,
                                    "operator_timing": 0.000191514,
                                    "operator_rows_scanned": 0,
                                    "cumulative_rows_scanned": 128000000,
                                    "operator_cardinality": 1,
                                    "operator_type": "HASH_JOIN",
                                    "cumulative_cardinality": 15000007,
                                    "extra_info": {
                                        "Join Type": "INNER",
                                        "Conditions": "s_suppkey = supplier_no",
                                        "Estimated Cardinality": "0"
                                    },
                                    "cpu_time": 0.09677862600000002,
                                    "children": [
                                        {
                                            "result_set_size": 56,
                                            "operator_timing": 0.026410961,
                                            "operator_rows_scanned": 128000000,
                                            "cumulative_rows_scanned": 128000000,
                                            "operator_cardinality": 1,
                                            "operator_type": "TABLE_SCAN",
                                            "cumulative_cardinality": 1,
                                            "extra_info": {
                                                "Function": "PARQUET_SCAN",
                                                "Projections": "",
                                                "Estimated Cardinality": "4000000"
                                            },
                                            "cpu_time": 0.026410961,
                                            "children": []
                                        },
                                        {
                                            "result_set_size": 40,
                                            "operator_timing": 0.027941670000000005,
                                            "operator_rows_scanned": 0,
                                            "cumulative_rows_scanned": 0,
                                            "operator_cardinality": 1,
                                            "operator_type": "HASH_JOIN",
                                            "cumulative_cardinality": 15000005,
                                            "extra_info": {
                                                "Join Type": "INNER",
                                                "Conditions": "total_revenue = SUBQUERY",
                                                "Estimated Cardinality": "0"
                                            },
                                            "cpu_time": 0.07017615100000002,
                                            "children": [
                                                {
                                                    "result_set_size": 120000000,
                                                    "operator_timing": 0.008651283999999999,
                                                    "operator_rows_scanned": 0,
                                                    "cumulative_rows_scanned": 0,
                                                    "operator_cardinality": 5000000,
                                                    "operator_type": "CTE_SCAN",
                                                    "cumulative_cardinality": 5000000,
                                                    "extra_info": {
                                                        "CTE Index": "0",
                                                        "Estimated Cardinality": "9722300"
                                                    },
                                                    "cpu_time": 0.008651283999999999,
                                                    "children": []
                                                },
                                                {
                                                    "result_set_size": 16,
                                                    "operator_timing": 0.000003039,
                                                    "operator_rows_scanned": 0,
                                                    "cumulative_rows_scanned": 0,
                                                    "operator_cardinality": 1,
                                                    "operator_type": "PROJECTION",
                                                    "cumulative_cardinality": 10000004,
                                                    "extra_info": {
                                                        "Projections": [
                                                            "CASE  WHEN ((#1 > 1)) THEN (error('More than one row returned by a subquery used as an expression - scalar subqueries can only return a single row.",
                                                            "Use \"SET scalar_subquery_error_on_multiple_rows=false\" to revert to previous behavior of returning a random row.')) ELSE #0 END"
                                                        ],
                                                        "Estimated Cardinality": "1"
                                                    },
                                                    "cpu_time": 0.03358319700000001,
                                                    "children": [
                                                        {
                                                            "result_set_size": 24,
                                                            "operator_timing": 0.000002632,
                                                            "operator_rows_scanned": 0,
                                                            "cumulative_rows_scanned": 0,
                                                            "operator_cardinality": 1,
                                                            "operator_type": "UNGROUPED_AGGREGATE",
                                                            "cumulative_cardinality": 10000003,
                                                            "extra_info": {
                                                                "Aggregates": [
                                                                    "\"first\"(#0)",
                                                                    "count_star()"
                                                                ]
                                                            },
                                                            "cpu_time": 0.033580158000000006,
                                                            "children": [
                                                                {
                                                                    "result_set_size": 16,
                                                                    "operator_timing": 1.94e-7,
                                                                    "operator_rows_scanned": 0,
                                                                    "cumulative_rows_scanned": 0,
                                                                    "operator_cardinality": 1,
                                                                    "operator_type": "PROJECTION",
                                                                    "cumulative_cardinality": 10000002,
                                                                    "extra_info": {
                                                                        "Projections": "#0",
                                                                        "Estimated Cardinality": "1"
                                                                    },
                                                                    "cpu_time": 0.033577526,
                                                                    "children": [
                                                                        {
                                                                            "result_set_size": 16,
                                                                            "operator_timing": 0.007563412,
                                                                            "operator_rows_scanned": 0,
                                                                            "cumulative_rows_scanned": 0,
                                                                            "operator_cardinality": 1,
                                                                            "operator_type": "UNGROUPED_AGGREGATE",
                                                                            "cumulative_cardinality": 10000001,
                                                                            "extra_info": {
                                                                                "Aggregates": "max(#0)"
                                                                            },
                                                                            "cpu_time": 0.033577332,
                                                                            "children": [
                                                                                {
                                                                                    "result_set_size": 80000000,
                                                                                    "operator_timing": 0.0003139599999999999,
                                                                                    "operator_rows_scanned": 0,
                                                                                    "cumulative_rows_scanned": 0,
                                                                                    "operator_cardinality": 5000000,
                                                                                    "operator_type": "PROJECTION",
                                                                                    "cumulative_cardinality": 10000000,
                                                                                    "extra_info": {
                                                                                        "Projections": "total_revenue",
                                                                                        "Estimated Cardinality": "9722300"
                                                                                    },
                                                                                    "cpu_time": 0.02601392,
                                                                                    "children": [
                                                                                        {
                                                                                            "result_set_size": 120000000,
                                                                                            "operator_timing": 0.02569996,
                                                                                            "operator_rows_scanned": 0,
                                                                                            "cumulative_rows_scanned": 0,
                                                                                            "operator_cardinality": 5000000,
                                                                                            "operator_type": "CTE_SCAN",
                                                                                            "cumulative_cardinality": 5000000,
                                                                                            "extra_info": {
                                                                                                "CTE Index": "0",
                                                                                                "Estimated Cardinality": "9722300"
                                                                                            },
                                                                                            "cpu_time": 0.02569996,
                                                                                            "children": []
                                                                                        }
                                                                                    ]
                                                                                }
                                                                            ]
                                                                        }
                                                                    ]
                                                                }
                                                            ]
                                                        }
                                                    ]
                                                }
                                            ]
                                        }
                                    ]
                                }
                            ]
                        }
                    ]
                }
            ]
        }
    ]
}