{
    "rows_returned": 1,
    "latency": 4.790615118,
    "result_set_size": 8,
    "cumulative_rows_scanned": 13001216000,
    "cumulative_cardinality": 136132630,
    "extra_info": {},
    "cpu_time": 141.11313103599994,
    "blocked_thread_time": 0.0,
    "query_name": "SELECT\n    100.00 * sum(CASE\n            WHEN p_type LIKE 'PROMO%' \n            THEN l_extendedprice * (1 - l_discount)\n            ELSE 0\n    END) / sum(l_extendedprice * (1 - l_discount)) AS promo_revenue\nFROM\n    read_parquet([\"s3://tpch31355--apne1-az1--x-s3/0.parquet\", \"s3://tpch31355--apne1-az1--x-s3/1.parquet\", \"s3://tpch31355--apne1-az1--x-s3/2.parquet\", \"s3://tpch31355--apne1-az1--x-s3/3.parquet\", \"s3://tpch31355--apne1-az1--x-s3/4.parquet\", \"s3://tpch31355--apne1-az1--x-s3/5.parquet\", \"s3://tpch31355--apne1-az1--x-s3/6.parquet\", \"s3://tpch31355--apne1-az1--x-s3/7.parquet\", \"s3://tpch31355--apne1-az1--x-s3/8.parquet\", \"s3://tpch31355--apne1-az1--x-s3/9.parquet\", \"s3://tpch31355--apne1-az1--x-s3/10.parquet\", \"s3://tpch31355--apne1-az1--x-s3/11.parquet\", \"s3://tpch31355--apne1-az1--x-s3/12.parquet\", \"s3://tpch31355--apne1-az1--x-s3/13.parquet\", \"s3://tpch31355--apne1-az1--x-s3/14.parquet\", \"s3://tpch31355--apne1-az1--x-s3/15.parquet\", \"s3://tpch31355--apne1-az1--x-s3/16.parquet\", \"s3://tpch31355--apne1-az1--x-s3/17.parquet\", \"s3://tpch31355--apne1-az1--x-s3/18.parquet\", \"s3://tpch31355--apne1-az1--x-s3/19.parquet\", \"s3://tpch31355--apne1-az1--x-s3/20.parquet\", \"s3://tpch31355--apne1-az1--x-s3/21.parquet\", \"s3://tpch31355--apne1-az1--x-s3/22.parquet\", \"s3://tpch31355--apne1-az1--x-s3/23.parquet\", \"s3://tpch31355--apne1-az1--x-s3/24.parquet\", \"s3://tpch31355--apne1-az1--x-s3/25.parquet\", \"s3://tpch31355--apne1-az1--x-s3/26.parquet\", \"s3://tpch31355--apne1-az1--x-s3/27.parquet\", \"s3://tpch31355--apne1-az1--x-s3/28.parquet\", \"s3://tpch31355--apne1-az1--x-s3/29.parquet\", \"s3://tpch31355--apne1-az1--x-s3/30.parquet\", \"s3://tpch31355--apne1-az1--x-s3/31.parquet\", \"s3://tpch31355--apne1-az1--x-s3/32.parquet\", \"s3://tpch31355--apne1-az1--x-s3/33.parquet\", \"s3://tpch31355--apne1-az1--x-s3/34.parquet\", \"s3://tpch31355--apne1-az1--x-s3/35.parquet\", \"s3://tpch31355--apne1-az1--x-s3/36.parquet\", \"s3://tpch31355--apne1-az1--x-s3/37.parquet\", \"s3://tpch31355--apne1-az1--x-s3/38.parquet\", \"s3://tpch31355--apne1-az1--x-s3/39.parquet\", \"s3://tpch31355--apne1-az1--x-s3/40.parquet\", \"s3://tpch31355--apne1-az1--x-s3/41.parquet\", \"s3://tpch31355--apne1-az1--x-s3/42.parquet\", \"s3://tpch31355--apne1-az1--x-s3/43.parquet\", \"s3://tpch31355--apne1-az1--x-s3/44.parquet\", \"s3://tpch31355--apne1-az1--x-s3/45.parquet\", \"s3://tpch31355--apne1-az1--x-s3/46.parquet\", \"s3://tpch31355--apne1-az1--x-s3/47.parquet\", \"s3://tpch31355--apne1-az1--x-s3/48.parquet\", \"s3://tpch31355--apne1-az1--x-s3/49.parquet\", \"s3://tpch31355--apne1-az1--x-s3/50.parquet\", \"s3://tpch31355--apne1-az1--x-s3/51.parquet\", \"s3://tpch31355--apne1-az1--x-s3/52.parquet\", \"s3://tpch31355--apne1-az1--x-s3/53.parquet\", \"s3://tpch31355--apne1-az1--x-s3/54.parquet\", \"s3://tpch31355--apne1-az1--x-s3/55.parquet\", \"s3://tpch31355--apne1-az1--x-s3/56.parquet\", \"s3://tpch31355--apne1-az1--x-s3/57.parquet\", \"s3://tpch31355--apne1-az1--x-s3/58.parquet\", \"s3://tpch31355--apne1-az1--x-s3/59.parquet\", \"s3://tpch31355--apne1-az1--x-s3/60.parquet\", \"s3://tpch31355--apne1-az1--x-s3/61.parquet\", \"s3://tpch31355--apne1-az1--x-s3/62.parquet\", \"s3://tpch31355--apne1-az1--x-s3/63.parquet\", \"s3://tpch31355--apne1-az1--x-s3/64.parquet\", \"s3://tpch31355--apne1-az1--x-s3/65.parquet\", \"s3://tpch31355--apne1-az1--x-s3/66.parquet\", \"s3://tpch31355--apne1-az1--x-s3/67.parquet\", \"s3://tpch31355--apne1-az1--x-s3/68.parquet\", \"s3://tpch31355--apne1-az1--x-s3/69.parquet\", \"s3://tpch31355--apne1-az1--x-s3/70.parquet\", \"s3://tpch31355--apne1-az1--x-s3/71.parquet\", \"s3://tpch31355--apne1-az1--x-s3/72.parquet\", \"s3://tpch31355--apne1-az1--x-s3/73.parquet\", \"s3://tpch31355--apne1-az1--x-s3/74.parquet\", \"s3://tpch31355--apne1-az1--x-s3/75.parquet\", \"s3://tpch31355--apne1-az1--x-s3/76.parquet\", \"s3://tpch31355--apne1-az1--x-s3/77.parquet\", \"s3://tpch31355--apne1-az1--x-s3/78.parquet\", \"s3://tpch31355--apne1-az1--x-s3/79.parquet\", \"s3://tpch31355--apne1-az1--x-s3/80.parquet\", \"s3://tpch31355--apne1-az1--x-s3/81.parquet\", \"s3://tpch31355--apne1-az1--x-s3/82.parquet\", \"s3://tpch31355--apne1-az1--x-s3/83.parquet\", \"s3://tpch31355--apne1-az1--x-s3/84.parquet\", \"s3://tpch31355--apne1-az1--x-s3/85.parquet\", \"s3://tpch31355--apne1-az1--x-s3/86.parquet\", \"s3://tpch31355--apne1-az1--x-s3/87.parquet\", \"s3://tpch31355--apne1-az1--x-s3/88.parquet\", \"s3://tpch31355--apne1-az1--x-s3/89.parquet\", \"s3://tpch31355--apne1-az1--x-s3/90.parquet\", \"s3://tpch31355--apne1-az1--x-s3/91.parquet\", \"s3://tpch31355--apne1-az1--x-s3/92.parquet\", \"s3://tpch31355--apne1-az1--x-s3/93.parquet\", \"s3://tpch31355--apne1-az1--x-s3/94.parquet\", \"s3://tpch31355--apne1-az1--x-s3/95.parquet\", \"s3://tpch31355--apne1-az1--x-s3/96.parquet\", \"s3://tpch31355--apne1-az1--x-s3/97.parquet\", \"s3://tpch31355--apne1-az1--x-s3/98.parquet\", \"s3://tpch31355--apne1-az1--x-s3/99.parquet\", \"s3://tpch31355--apne1-az1--x-s3/100.parquet\", \"s3://tpch31355--apne1-az1--x-s3/101.parquet\", \"s3://tpch31355--apne1-az1--x-s3/102.parquet\", \"s3://tpch31355--apne1-az1--x-s3/103.parquet\", \"s3://tpch31355--apne1-az1--x-s3/104.parquet\", \"s3://tpch31355--apne1-az1--x-s3/105.parquet\", \"s3://tpch31355--apne1-az1--x-s3/106.parquet\", \"s3://tpch31355--apne1-az1--x-s3/107.parquet\", \"s3://tpch31355--apne1-az1--x-s3/108.parquet\", \"s3://tpch31355--apne1-az1--x-s3/109.parquet\", \"s3://tpch31355--apne1-az1--x-s3/110.parquet\", \"s3://tpch31355--apne1-az1--x-s3/111.parquet\", \"s3://tpch31355--apne1-az1--x-s3/112.parquet\", \"s3://tpch31355--apne1-az1--x-s3/113.parquet\", \"s3://tpch31355--apne1-az1--x-s3/114.parquet\", \"s3://tpch31355--apne1-az1--x-s3/115.parquet\", \"s3://tpch31355--apne1-az1--x-s3/116.parquet\", \"s3://tpch31355--apne1-az1--x-s3/117.parquet\", \"s3://tpch31355--apne1-az1--x-s3/118.parquet\", \"s3://tpch31355--apne1-az1--x-s3/119.parquet\", \"s3://tpch31355--apne1-az1--x-s3/120.parquet\", \"s3://tpch31355--apne1-az1--x-s3/121.parquet\", \"s3://tpch31355--apne1-az1--x-s3/122.parquet\", \"s3://tpch31355--apne1-az1--x-s3/123.parquet\", \"s3://tpch31355--apne1-az1--x-s3/124.parquet\", \"s3://tpch31355--apne1-az1--x-s3/125.parquet\", \"s3://tpch31355--apne1-az1--x-s3/126.parquet\", \"s3://tpch31355--apne1-az1--x-s3/127.parquet\", \"s3://tpch31355--apne1-az1--x-s3/128.parquet\", \"s3://tpch31355--apne1-az1--x-s3/129.parquet\", \"s3://tpch31355--apne1-az1--x-s3/130.parquet\", \"s3://tpch31355--apne1-az1--x-s3/131.parquet\", \"s3://tpch31355--apne1-az1--x-s3/132.parquet\", \"s3://tpch31355--apne1-az1--x-s3/133.parquet\", \"s3://tpch31355--apne1-az1--x-s3/134.parquet\", \"s3://tpch31355--apne1-az1--x-s3/135.parquet\", \"s3://tpch31355--apne1-az1--x-s3/136.parquet\", \"s3://tpch31355--apne1-az1--x-s3/137.parquet\", \"s3://tpch31355--apne1-az1--x-s3/138.parquet\", \"s3://tpch31355--apne1-az1--x-s3/139.parquet\", \"s3://tpch31355--apne1-az1--x-s3/140.parquet\", \"s3://tpch31355--apne1-az1--x-s3/141.parquet\", \"s3://tpch31355--apne1-az1--x-s3/142.parquet\", \"s3://tpch31355--apne1-az1--x-s3/143.parquet\", \"s3://tpch31355--apne1-az1--x-s3/144.parquet\", \"s3://tpch31355--apne1-az1--x-s3/145.parquet\", \"s3://tpch31355--apne1-az1--x-s3/146.parquet\", \"s3://tpch31355--apne1-az1--x-s3/147.parquet\", \"s3://tpch31355--apne1-az1--x-s3/148.parquet\", \"s3://tpch31355--apne1-az1--x-s3/149.parquet\", \"s3://tpch31355--apne1-az1--x-s3/150.parquet\", \"s3://tpch31355--apne1-az1--x-s3/151.parquet\", \"s3://tpch31355--apne1-az1--x-s3/152.parquet\", \"s3://tpch31355--apne1-az1--x-s3/153.parquet\", \"s3://tpch31355--apne1-az1--x-s3/154.parquet\", \"s3://tpch31355--apne1-az1--x-s3/155.parquet\", \"s3://tpch31355--apne1-az1--x-s3/156.parquet\", \"s3://tpch31355--apne1-az1--x-s3/157.parquet\", \"s3://tpch31355--apne1-az1--x-s3/158.parquet\", \"s3://tpch31355--apne1-az1--x-s3/159.parquet\", \"s3://tpch31355--apne1-az1--x-s3/160.parquet\", \"s3://tpch31355--apne1-az1--x-s3/161.parquet\", \"s3://tpch31355--apne1-az1--x-s3/162.parquet\", \"s3://tpch31355--apne1-az1--x-s3/163.parquet\", \"s3://tpch31355--apne1-az1--x-s3/164.parquet\", \"s3://tpch31355--apne1-az1--x-s3/165.parquet\", \"s3://tpch31355--apne1-az1--x-s3/166.parquet\", \"s3://tpch31355--apne1-az1--x-s3/167.parquet\", \"s3://tpch31355--apne1-az1--x-s3/168.parquet\", \"s3://tpch31355--apne1-az1--x-s3/169.parquet\", \"s3://tpch31355--apne1-az1--x-s3/170.parquet\", \"s3://tpch31355--apne1-az1--x-s3/171.parquet\", \"s3://tpch31355--apne1-az1--x-s3/172.parquet\", \"s3://tpch31355--apne1-az1--x-s3/173.parquet\", \"s3://tpch31355--apne1-az1--x-s3/174.parquet\", \"s3://tpch31355--apne1-az1--x-s3/175.parquet\", \"s3://tpch31355--apne1-az1--x-s3/176.parquet\", \"s3://tpch31355--apne1-az1--x-s3/177.parquet\", \"s3://tpch31355--apne1-az1--x-s3/178.parquet\", \"s3://tpch31355--apne1-az1--x-s3/179.parquet\", \"s3://tpch31355--apne1-az1--x-s3/180.parquet\", \"s3://tpch31355--apne1-az1--x-s3/181.parquet\", \"s3://tpch31355--apne1-az1--x-s3/182.parquet\", \"s3://tpch31355--apne1-az1--x-s3/183.parquet\", \"s3://tpch31355--apne1-az1--x-s3/184.parquet\", \"s3://tpch31355--apne1-az1--x-s3/185.parquet\", \"s3://tpch31355--apne1-az1--x-s3/186.parquet\", \"s3://tpch31355--apne1-az1--x-s3/187.parquet\", \"s3://tpch31355--apne1-az1--x-s3/188.parquet\", \"s3://tpch31355--apne1-az1--x-s3/189.parquet\", \"s3://tpch31355--apne1-az1--x-s3/190.parquet\", \"s3://tpch31355--apne1-az1--x-s3/191.parquet\", \"s3://tpch31355--apne1-az1--x-s3/192.parquet\", \"s3://tpch31355--apne1-az1--x-s3/193.parquet\", \"s3://tpch31355--apne1-az1--x-s3/194.parquet\", \"s3://tpch31355--apne1-az1--x-s3/195.parquet\", \"s3://tpch31355--apne1-az1--x-s3/196.parquet\", \"s3://tpch31355--apne1-az1--x-s3/197.parquet\", \"s3://tpch31355--apne1-az1--x-s3/198.parquet\", \"s3://tpch31355--apne1-az1--x-s3/199.parquet\", \"s3://tpch31355--apne1-az1--x-s3/200.parquet\", \"s3://tpch31355--apne1-az1--x-s3/201.parquet\", \"s3://tpch31355--apne1-az1--x-s3/202.parquet\", \"s3://tpch31355--apne1-az1--x-s3/203.parquet\", \"s3://tpch31355--apne1-az1--x-s3/204.parquet\", \"s3://tpch31355--apne1-az1--x-s3/205.parquet\", \"s3://tpch31355--apne1-az1--x-s3/206.parquet\", \"s3://tpch31355--apne1-az1--x-s3/207.parquet\", \"s3://tpch31355--apne1-az1--x-s3/208.parquet\", \"s3://tpch31355--apne1-az1--x-s3/209.parquet\", \"s3://tpch31355--apne1-az1--x-s3/210.parquet\", \"s3://tpch31355--apne1-az1--x-s3/211.parquet\", \"s3://tpch31355--apne1-az1--x-s3/212.parquet\", \"s3://tpch31355--apne1-az1--x-s3/283.parquet\", \"s3://tpch31355--apne1-az1--x-s3/286.parquet\", \"s3://tpch31355--apne1-az1--x-s3/287.parquet\", \"s3://tpch31355--apne1-az1--x-s3/288.parquet\", \"s3://tpch31355--apne1-az1--x-s3/289.parquet\", \"s3://tpch31355--apne1-az1--x-s3/290.parquet\", \"s3://tpch31355--apne1-az1--x-s3/291.parquet\", \"s3://tpch31355--apne1-az1--x-s3/292.parquet\", \"s3://tpch31355--apne1-az1--x-s3/293.parquet\", \"s3://tpch31355--apne1-az1--x-s3/354.parquet\", \"s3://tpch31355--apne1-az1--x-s3/425.parquet\", \"s3://tpch31355--apne1-az1--x-s3/446.parquet\", \"s3://tpch31355--apne1-az1--x-s3/447.parquet\", \"s3://tpch31355--apne1-az1--x-s3/448.parquet\", \"s3://tpch31355--apne1-az1--x-s3/449.parquet\", \"s3://tpch31355--apne1-az1--x-s3/450.parquet\", \"s3://tpch31355--apne1-az1--x-s3/451.parquet\", \"s3://tpch31355--apne1-az1--x-s3/452.parquet\", \"s3://tpch31355--apne1-az1--x-s3/453.parquet\", \"s3://tpch31355--apne1-az1--x-s3/496.parquet\", \"s3://tpch31355--apne1-az1--x-s3/630.parquet\", \"s3://tpch31355--apne1-az1--x-s3/631.parquet\", \"s3://tpch31355--apne1-az1--x-s3/632.parquet\", \"s3://tpch31355--apne1-az1--x-s3/633.parquet\", \"s3://tpch31355--apne1-az1--x-s3/634.parquet\", \"s3://tpch31355--apne1-az1--x-s3/635.parquet\", \"s3://tpch31355--apne1-az1--x-s3/636.parquet\", \"s3://tpch31355--apne1-az1--x-s3/637.parquet\", \"s3://tpch31355--apne1-az1--x-s3/1048.parquet\", \"s3://tpch31355--apne1-az1--x-s3/1049.parquet\", \"s3://tpch31355--apne1-az1--x-s3/1050.parquet\", \"s3://tpch31355--apne1-az1--x-s3/1051.parquet\", \"s3://tpch31355--apne1-az1--x-s3/1052.parquet\", \"s3://tpch31355--apne1-az1--x-s3/1053.parquet\", \"s3://tpch31355--apne1-az1--x-s3/1054.parquet\", \"s3://tpch31355--apne1-az1--x-s3/1105.parquet\", \"s3://tpch31355--apne1-az1--x-s3/1106.parquet\", \"s3://tpch31355--apne1-az1--x-s3/1107.parquet\", \"s3://tpch31355--apne1-az1--x-s3/1108.parquet\", \"s3://tpch31355--apne1-az1--x-s3/1109.parquet\", \"s3://tpch31355--apne1-az1--x-s3/1110.parquet\", \"s3://tpch31355--apne1-az1--x-s3/1111.parquet\", \"s3://tpch31355--apne1-az1--x-s3/1135.parquet\", \"s3://tpch31355--apne1-az1--x-s3/1220.parquet\", \"s3://tpch31355--apne1-az1--x-s3/1221.parquet\", \"s3://tpch31355--apne1-az1--x-s3/1222.parquet\", \"s3://tpch31355--apne1-az1--x-s3/1223.parquet\", \"s3://tpch31355--apne1-az1--x-s3/1224.parquet\", \"s3://tpch31355--apne1-az1--x-s3/1225.parquet\", \"s3://tpch31355--apne1-az1--x-s3/1294.parquet\", \"s3://tpch31355--apne1-az1--x-s3/1310.parquet\", \"s3://tpch31355--apne1-az1--x-s3/1334.parquet\", \"s3://tpch31355--apne1-az1--x-s3/1348.parquet\", \"s3://tpch31355--apne1-az1--x-s3/1349.parquet\", \"s3://tpch31355--apne1-az1--x-s3/1350.parquet\", \"s3://tpch31355--apne1-az1--x-s3/1351.parquet\", \"s3://tpch31355--apne1-az1--x-s3/1352.parquet\", \"s3://tpch31355--apne1-az1--x-s3/1353.parquet\", \"s3://tpch31355--apne1-az1--x-s3/1355.parquet\", \"s3://tpch31355--apne1-az1--x-s3/1356.parquet\", \"s3://tpch31355--apne1-az1--x-s3/1357.parquet\", \"s3://tpch31355--apne1-az1--x-s3/1358.parquet\", \"s3://tpch31355--apne1-az1--x-s3/1359.parquet\", \"s3://tpch31355--apne1-az1--x-s3/1360.parquet\", \"s3://tpch31355--apne1-az1--x-s3/1361.parquet\", \"s3://tpch31355--apne1-az1--x-s3/1362.parquet\", \"s3://tpch31355--apne1-az1--x-s3/1363.parquet\", \"s3://tpch31355--apne1-az1--x-s3/1364.parquet\", \"s3://tpch31355--apne1-az1--x-s3/1365.parquet\", \"s3://tpch31355--apne1-az1--x-s3/1366.parquet\", \"s3://tpch31355--apne1-az1--x-s3/1367.parquet\", \"s3://tpch31355--apne1-az1--x-s3/1368.parquet\", \"s3://tpch31355--apne1-az1--x-s3/1369.parquet\", \"s3://tpch31355--apne1-az1--x-s3/1370.parquet\", \"s3://tpch31355--apne1-az1--x-s3/1371.parquet\", \"s3://tpch31355--apne1-az1--x-s3/1372.parquet\", \"s3://tpch31355--apne1-az1--x-s3/1373.parquet\", \"s3://tpch31355--apne1-az1--x-s3/1374.parquet\", \"s3://tpch31355--apne1-az1--x-s3/1375.parquet\", \"s3://tpch31355--apne1-az1--x-s3/1376.parquet\", \"s3://tpch31355--apne1-az1--x-s3/1377.parquet\", \"s3://tpch31355--apne1-az1--x-s3/1378.parquet\", \"s3://tpch31355--apne1-az1--x-s3/1379.parquet\", \"s3://tpch31355--apne1-az1--x-s3/1380.parquet\", \"s3://tpch31355--apne1-az1--x-s3/1381.parquet\", \"s3://tpch31355--apne1-az1--x-s3/1382.parquet\", \"s3://tpch31355--apne1-az1--x-s3/1383.parquet\", \"s3://tpch31355--apne1-az1--x-s3/1385.parquet\", \"s3://tpch31355--apne1-az1--x-s3/1386.parquet\", \"s3://tpch31355--apne1-az1--x-s3/1387.parquet\", \"s3://tpch31355--apne1-az1--x-s3/1388.parquet\", \"s3://tpch31355--apne1-az1--x-s3/1389.parquet\", \"s3://tpch31355--apne1-az1--x-s3/1390.parquet\", \"s3://tpch31355--apne1-az1--x-s3/1391.parquet\", \"s3://tpch31355--apne1-az1--x-s3/1392.parquet\", \"s3://tpch31355--apne1-az1--x-s3/1393.parquet\", \"s3://tpch31355--apne1-az1--x-s3/1394.parquet\", \"s3://tpch31355--apne1-az1--x-s3/1395.parquet\", \"s3://tpch31355--apne1-az1--x-s3/1396.parquet\", \"s3://tpch31355--apne1-az1--x-s3/1397.parquet\", \"s3://tpch31355--apne1-az1--x-s3/1398.parquet\", \"s3://tpch31355--apne1-az1--x-s3/1399.parquet\", \"s3://tpch31355--apne1-az1--x-s3/1400.parquet\", \"s3://tpch31355--apne1-az1--x-s3/1401.parquet\", \"s3://tpch31355--apne1-az1--x-s3/1402.parquet\", \"s3://tpch31355--apne1-az1--x-s3/1403.parquet\", \"s3://tpch31355--apne1-az1--x-s3/1404.parquet\", \"s3://tpch31355--apne1-az1--x-s3/1406.parquet\", \"s3://tpch31355--apne1-az1--x-s3/1407.parquet\", \"s3://tpch31355--apne1-az1--x-s3/1408.parquet\", \"s3://tpch31355--apne1-az1--x-s3/1409.parquet\", \"s3://tpch31355--apne1-az1--x-s3/1410.parquet\", \"s3://tpch31355--apne1-az1--x-s3/1411.parquet\", \"s3://tpch31355--apne1-az1--x-s3/1412.parquet\", \"s3://tpch31355--apne1-az1--x-s3/1413.parquet\", \"s3://tpch31355--apne1-az1--x-s3/1414.parquet\", \"s3://tpch31355--apne1-az1--x-s3/1415.parquet\", \"s3://tpch31355--apne1-az1--x-s3/1416.parquet\", \"s3://tpch31355--apne1-az1--x-s3/1417.parquet\", \"s3://tpch31355--apne1-az1--x-s3/1418.parquet\", \"s3://tpch31355--apne1-az1--x-s3/1419.parquet\", \"s3://tpch31355--apne1-az1--x-s3/1420.parquet\", \"s3://tpch31355--apne1-az1--x-s3/1421.parquet\", \"s3://tpch31355--apne1-az1--x-s3/1422.parquet\", \"s3://tpch31355--apne1-az1--x-s3/1423.parquet\", \"s3://tpch31355--apne1-az1--x-s3/1424.parquet\", \"s3://tpch31355--apne1-az1--x-s3/1425.parquet\", \"s3://tpch31355--apne1-az1--x-s3/1426.parquet\", \"s3://tpch31355--apne1-az1--x-s3/1427.parquet\", \"s3://tpch31355--apne1-az1--x-s3/1428.parquet\", \"s3://tpch31355--apne1-az1--x-s3/1429.parquet\", \"s3://tpch31355--apne1-az1--x-s3/1430.parquet\", \"s3://tpch31355--apne1-az1--x-s3/1431.parquet\", \"s3://tpch31355--apne1-az1--x-s3/1432.parquet\", \"s3://tpch31355--apne1-az1--x-s3/1433.parquet\", \"s3://tpch31355--apne1-az1--x-s3/1434.parquet\", \"s3://tpch31355--apne1-az1--x-s3/1435.parquet\", \"s3://tpch31355--apne1-az1--x-s3/1436.parquet\", \"s3://tpch31355--apne1-az1--x-s3/1437.parquet\", \"s3://tpch31355--apne1-az1--x-s3/1438.parquet\", \"s3://tpch31355--apne1-az1--x-s3/1439.parquet\", \"s3://tpch31355--apne1-az1--x-s3/1440.parquet\", \"s3://tpch31355--apne1-az1--x-s3/1441.parquet\", \"s3://tpch31355--apne1-az1--x-s3/1442.parquet\", \"s3://tpch31355--apne1-az1--x-s3/1443.parquet\", \"s3://tpch31355--apne1-az1--x-s3/1444.parquet\", \"s3://tpch31355--apne1-az1--x-s3/1445.parquet\", \"s3://tpch31355--apne1-az1--x-s3/1446.parquet\", \"s3://tpch31355--apne1-az1--x-s3/1447.parquet\", \"s3://tpch31355--apne1-az1--x-s3/1448.parquet\", \"s3://tpch31355--apne1-az1--x-s3/1449.parquet\", \"s3://tpch31355--apne1-az1--x-s3/1450.parquet\", \"s3://tpch31355--apne1-az1--x-s3/1451.parquet\", \"s3://tpch31355--apne1-az1--x-s3/1452.parquet\", \"s3://tpch31355--apne1-az1--x-s3/1453.parquet\", \"s3://tpch31355--apne1-az1--x-s3/1454.parquet\", \"s3://tpch31355--apne1-az1--x-s3/1455.parquet\", \"s3://tpch31355--apne1-az1--x-s3/1456.parquet\", \"s3://tpch31355--apne1-az1--x-s3/1457.parquet\", \"s3://tpch31355--apne1-az1--x-s3/1458.parquet\", \"s3://tpch31355--apne1-az1--x-s3/1459.parquet\", \"s3://tpch31355--apne1-az1--x-s3/1460.parquet\", \"s3://tpch31355--apne1-az1--x-s3/1461.parquet\", \"s3://tpch31355--apne1-az1--x-s3/1462.parquet\", \"s3://tpch31355--apne1-az1--x-s3/1463.parquet\", \"s3://tpch31355--apne1-az1--x-s3/1464.parquet\", \"s3://tpch31355--apne1-az1--x-s3/1465.parquet\", \"s3://tpch31355--apne1-az1--x-s3/1466.parquet\", \"s3://tpch31355--apne1-az1--x-s3/1467.parquet\", \"s3://tpch31355--apne1-az1--x-s3/1468.parquet\", \"s3://tpch31355--apne1-az1--x-s3/1469.parquet\", \"s3://tpch31355--apne1-az1--x-s3/1470.parquet\", \"s3://tpch31355--apne1-az1--x-s3/1471.parquet\", \"s3://tpch31355--apne1-az1--x-s3/1472.parquet\", \"s3://tpch31355--apne1-az1--x-s3/1473.parquet\", \"s3://tpch31355--apne1-az1--x-s3/1474.parquet\", \"s3://tpch31355--apne1-az1--x-s3/1475.parquet\", \"s3://tpch31355--apne1-az1--x-s3/1476.parquet\", \"s3://tpch31355--apne1-az1--x-s3/1477.parquet\", \"s3://tpch31355--apne1-az1--x-s3/1478.parquet\", \"s3://tpch31355--apne1-az1--x-s3/1479.parquet\", \"s3://tpch31355--apne1-az1--x-s3/1480.parquet\", \"s3://tpch31355--apne1-az1--x-s3/1481.parquet\", \"s3://tpch31355--apne1-az1--x-s3/1482.parquet\", \"s3://tpch31355--apne1-az1--x-s3/1483.parquet\", \"s3://tpch31355--apne1-az1--x-s3/1484.parquet\", \"s3://tpch31355--apne1-az1--x-s3/1485.parquet\", \"s3://tpch31355--apne1-az1--x-s3/1486.parquet\", \"s3://tpch31355--apne1-az1--x-s3/1487.parquet\", \"s3://tpch31355--apne1-az1--x-s3/1488.parquet\", \"s3://tpch31355--apne1-az1--x-s3/1489.parquet\", \"s3://tpch31355--apne1-az1--x-s3/1490.parquet\", \"s3://tpch31355--apne1-az1--x-s3/1561.parquet\"]),\n    'pool/part/*.parquet'\nWHERE\n    l_partkey = p_partkey\n    AND l_shipdate >= DATE '1992-01-01' + INTERVAL 21 MONTH\n    AND l_shipdate < DATE '1992-02-01' + INTERVAL 21 MONTH;",
    "children": [
        {
            "result_set_size": 8,
            "operator_timing": 0.000019704,
            "operator_rows_scanned": 0,
            "cumulative_rows_scanned": 13001216000,
            "operator_cardinality": 1,
            "operator_type": "PROJECTION",
            "cumulative_cardinality": 136132630,
            "extra_info": {
                "Projections": "promo_revenue",
                "Estimated Cardinality": "1"
            },
            "cpu_time": 141.11313103599994,
            "children": [
                {
                    "result_set_size": 32,
                    "operator_timing": 0.08393489999999998,
                    "operator_rows_scanned": 0,
                    "cumulative_rows_scanned": 13001216000,
                    "operator_cardinality": 1,
                    "operator_type": "UNGROUPED_AGGREGATE",
                    "cumulative_cardinality": 136132629,
                    "extra_info": {
                        "Aggregates": [
                            "sum(#0)",
                            "sum(#1)"
                        ]
                    },
                    "cpu_time": 141.11311133199993,
                    "children": [
                        {
                            "result_set_size": 395374016,
                            "operator_timing": 1.3047304509999997,
                            "operator_rows_scanned": 0,
                            "cumulative_rows_scanned": 13001216000,
                            "operator_cardinality": 24710876,
                            "operator_type": "PROJECTION",
                            "cumulative_cardinality": 136132628,
                            "extra_info": {
                                "Projections": [
                                    "CASE  WHEN (prefix(p_type, 'PROMO')) THEN ((l_extendedprice * (1.00 - l_discount))) ELSE 0.0000 END",
                                    "(l_extendedprice * (1.00 - l_discount))"
                                ],
                                "Estimated Cardinality": "68857600"
                            },
                            "cpu_time": 141.02917643199993,
                            "children": [
                                {
                                    "result_set_size": 1186122048,
                                    "operator_timing": 25.947170467999964,
                                    "operator_rows_scanned": 0,
                                    "cumulative_rows_scanned": 13001216000,
                                    "operator_cardinality": 24710876,
                                    "operator_type": "HASH_JOIN",
                                    "cumulative_cardinality": 111421752,
                                    "extra_info": {
                                        "Join Type": "INNER",
                                        "Conditions": "l_partkey = p_partkey",
                                        "Estimated Cardinality": "68857600"
                                    },
                                    "cpu_time": 139.72444598099992,
                                    "children": [
                                        {
                                            "result_set_size": 593061024,
                                            "operator_timing": 111.36574003599996,
                                            "operator_rows_scanned": 11017216000,
                                            "cumulative_rows_scanned": 11017216000,
                                            "operator_cardinality": 24710876,
                                            "operator_type": "TABLE_SCAN",
                                            "cumulative_cardinality": 24710876,
                                            "extra_info": {
                                                "Function": "READ_PARQUET",
                                                "Projections": [
                                                    "l_partkey",
                                                    "l_extendedprice",
                                                    "l_discount"
                                                ],
                                                "Filters": "l_shipdate>='1993-10-01'::DATE AND l_shipdate<'1993-11-01'::DATE AND l_shipdate IS NOT NULL",
                                                "Estimated Cardinality": "68857600"
                                            },
                                            "cpu_time": 111.36574003599996,
                                            "children": []
                                        },
                                        {
                                            "result_set_size": 1488000000,
                                            "operator_timing": 2.4115354769999997,
                                            "operator_rows_scanned": 1984000000,
                                            "cumulative_rows_scanned": 1984000000,
                                            "operator_cardinality": 62000000,
                                            "operator_type": "TABLE_SCAN",
                                            "cumulative_cardinality": 62000000,
                                            "extra_info": {
                                                "Function": "PARQUET_SCAN",
                                                "Projections": [
                                                    "p_partkey",
                                                    "p_type"
                                                ],
                                                "Estimated Cardinality": "62000000"
                                            },
                                            "cpu_time": 2.4115354769999997,
                                            "children": []
                                        }
                                    ]
                                }
                            ]
                        }
                    ]
                }
            ]
        }
    ]
}