{
    "rows_returned": 2,
    "latency": 3.977098959,
    "result_set_size": 96,
    "cumulative_rows_scanned": 20144896000,
    "cumulative_cardinality": 613964076,
    "extra_info": {},
    "cpu_time": 119.963988504,
    "blocked_thread_time": 0.0,
    "query_name": "SELECT\n    l_shipmode,\n    sum(CASE \n            WHEN o_orderpriority = '1-URGENT'\n                OR o_orderpriority = '2-HIGH' \n            THEN 1\n            ELSE 0\n    END) AS high_line_count,\n    sum(CASE\n            WHEN o_orderpriority <> '1-URGENT'\n                AND o_orderpriority <> '2-HIGH'\n            THEN 1\n            ELSE 0\n    END) AS low_line_count\nFROM\n    'pool/orders/*.parquet',\n    read_parquet([\"s3://tpch10289--apne1-az1--x-s3/-60.parquet\", \"s3://tpch10289--apne1-az1--x-s3/14.parquet\", \"s3://tpch10289--apne1-az1--x-s3/16.parquet\", \"s3://tpch10289--apne1-az1--x-s3/17.parquet\", \"s3://tpch10289--apne1-az1--x-s3/130.parquet\", \"s3://tpch10289--apne1-az1--x-s3/132.parquet\", \"s3://tpch10289--apne1-az1--x-s3/133.parquet\", \"s3://tpch10289--apne1-az1--x-s3/142.parquet\", \"s3://tpch10289--apne1-az1--x-s3/143.parquet\", \"s3://tpch10289--apne1-az1--x-s3/144.parquet\", \"s3://tpch10289--apne1-az1--x-s3/145.parquet\", \"s3://tpch10289--apne1-az1--x-s3/146.parquet\", \"s3://tpch10289--apne1-az1--x-s3/147.parquet\", \"s3://tpch10289--apne1-az1--x-s3/149.parquet\", \"s3://tpch10289--apne1-az1--x-s3/153.parquet\", \"s3://tpch10289--apne1-az1--x-s3/155.parquet\", \"s3://tpch10289--apne1-az1--x-s3/156.parquet\", \"s3://tpch10289--apne1-az1--x-s3/157.parquet\", \"s3://tpch10289--apne1-az1--x-s3/158.parquet\", \"s3://tpch10289--apne1-az1--x-s3/160.parquet\", \"s3://tpch10289--apne1-az1--x-s3/163.parquet\", \"s3://tpch10289--apne1-az1--x-s3/164.parquet\", \"s3://tpch10289--apne1-az1--x-s3/166.parquet\", \"s3://tpch10289--apne1-az1--x-s3/169.parquet\", \"s3://tpch10289--apne1-az1--x-s3/170.parquet\", \"s3://tpch10289--apne1-az1--x-s3/172.parquet\", \"s3://tpch10289--apne1-az1--x-s3/213.parquet\", \"s3://tpch10289--apne1-az1--x-s3/214.parquet\", \"s3://tpch10289--apne1-az1--x-s3/215.parquet\", \"s3://tpch10289--apne1-az1--x-s3/216.parquet\", \"s3://tpch10289--apne1-az1--x-s3/217.parquet\", \"s3://tpch10289--apne1-az1--x-s3/218.parquet\", \"s3://tpch10289--apne1-az1--x-s3/219.parquet\", \"s3://tpch10289--apne1-az1--x-s3/220.parquet\", \"s3://tpch10289--apne1-az1--x-s3/221.parquet\", \"s3://tpch10289--apne1-az1--x-s3/222.parquet\", \"s3://tpch10289--apne1-az1--x-s3/223.parquet\", \"s3://tpch10289--apne1-az1--x-s3/224.parquet\", \"s3://tpch10289--apne1-az1--x-s3/225.parquet\", \"s3://tpch10289--apne1-az1--x-s3/226.parquet\", \"s3://tpch10289--apne1-az1--x-s3/227.parquet\", \"s3://tpch10289--apne1-az1--x-s3/228.parquet\", \"s3://tpch10289--apne1-az1--x-s3/229.parquet\", \"s3://tpch10289--apne1-az1--x-s3/230.parquet\", \"s3://tpch10289--apne1-az1--x-s3/231.parquet\", \"s3://tpch10289--apne1-az1--x-s3/232.parquet\", \"s3://tpch10289--apne1-az1--x-s3/233.parquet\", \"s3://tpch10289--apne1-az1--x-s3/234.parquet\", \"s3://tpch10289--apne1-az1--x-s3/235.parquet\", \"s3://tpch10289--apne1-az1--x-s3/236.parquet\", \"s3://tpch10289--apne1-az1--x-s3/372.parquet\", \"s3://tpch10289--apne1-az1--x-s3/373.parquet\", \"s3://tpch10289--apne1-az1--x-s3/374.parquet\", \"s3://tpch10289--apne1-az1--x-s3/375.parquet\", \"s3://tpch10289--apne1-az1--x-s3/376.parquet\", \"s3://tpch10289--apne1-az1--x-s3/377.parquet\", \"s3://tpch10289--apne1-az1--x-s3/378.parquet\", \"s3://tpch10289--apne1-az1--x-s3/379.parquet\", \"s3://tpch10289--apne1-az1--x-s3/380.parquet\", \"s3://tpch10289--apne1-az1--x-s3/381.parquet\", \"s3://tpch10289--apne1-az1--x-s3/382.parquet\", \"s3://tpch10289--apne1-az1--x-s3/383.parquet\", \"s3://tpch10289--apne1-az1--x-s3/385.parquet\", \"s3://tpch10289--apne1-az1--x-s3/386.parquet\", \"s3://tpch10289--apne1-az1--x-s3/387.parquet\", \"s3://tpch10289--apne1-az1--x-s3/388.parquet\", \"s3://tpch10289--apne1-az1--x-s3/389.parquet\", \"s3://tpch10289--apne1-az1--x-s3/391.parquet\", \"s3://tpch10289--apne1-az1--x-s3/392.parquet\", \"s3://tpch10289--apne1-az1--x-s3/393.parquet\", \"s3://tpch10289--apne1-az1--x-s3/394.parquet\", \"s3://tpch10289--apne1-az1--x-s3/395.parquet\", \"s3://tpch10289--apne1-az1--x-s3/396.parquet\", \"s3://tpch10289--apne1-az1--x-s3/397.parquet\", \"s3://tpch10289--apne1-az1--x-s3/398.parquet\", \"s3://tpch10289--apne1-az1--x-s3/399.parquet\", \"s3://tpch10289--apne1-az1--x-s3/400.parquet\", \"s3://tpch10289--apne1-az1--x-s3/401.parquet\", \"s3://tpch10289--apne1-az1--x-s3/402.parquet\", \"s3://tpch10289--apne1-az1--x-s3/403.parquet\", \"s3://tpch10289--apne1-az1--x-s3/404.parquet\", \"s3://tpch10289--apne1-az1--x-s3/405.parquet\", \"s3://tpch10289--apne1-az1--x-s3/406.parquet\", \"s3://tpch10289--apne1-az1--x-s3/407.parquet\", \"s3://tpch10289--apne1-az1--x-s3/408.parquet\", \"s3://tpch10289--apne1-az1--x-s3/409.parquet\", \"s3://tpch10289--apne1-az1--x-s3/410.parquet\", \"s3://tpch10289--apne1-az1--x-s3/411.parquet\", \"s3://tpch10289--apne1-az1--x-s3/412.parquet\", \"s3://tpch10289--apne1-az1--x-s3/413.parquet\", \"s3://tpch10289--apne1-az1--x-s3/414.parquet\", \"s3://tpch10289--apne1-az1--x-s3/415.parquet\", \"s3://tpch10289--apne1-az1--x-s3/416.parquet\", \"s3://tpch10289--apne1-az1--x-s3/417.parquet\", \"s3://tpch10289--apne1-az1--x-s3/418.parquet\", \"s3://tpch10289--apne1-az1--x-s3/419.parquet\", \"s3://tpch10289--apne1-az1--x-s3/420.parquet\", \"s3://tpch10289--apne1-az1--x-s3/421.parquet\", \"s3://tpch10289--apne1-az1--x-s3/422.parquet\", \"s3://tpch10289--apne1-az1--x-s3/423.parquet\", \"s3://tpch10289--apne1-az1--x-s3/424.parquet\", \"s3://tpch10289--apne1-az1--x-s3/448.parquet\", \"s3://tpch10289--apne1-az1--x-s3/449.parquet\", \"s3://tpch10289--apne1-az1--x-s3/450.parquet\", \"s3://tpch10289--apne1-az1--x-s3/451.parquet\", \"s3://tpch10289--apne1-az1--x-s3/452.parquet\", \"s3://tpch10289--apne1-az1--x-s3/453.parquet\", \"s3://tpch10289--apne1-az1--x-s3/455.parquet\", \"s3://tpch10289--apne1-az1--x-s3/456.parquet\", \"s3://tpch10289--apne1-az1--x-s3/457.parquet\", \"s3://tpch10289--apne1-az1--x-s3/458.parquet\", \"s3://tpch10289--apne1-az1--x-s3/459.parquet\", \"s3://tpch10289--apne1-az1--x-s3/461.parquet\", \"s3://tpch10289--apne1-az1--x-s3/462.parquet\", \"s3://tpch10289--apne1-az1--x-s3/463.parquet\", \"s3://tpch10289--apne1-az1--x-s3/464.parquet\", \"s3://tpch10289--apne1-az1--x-s3/465.parquet\", \"s3://tpch10289--apne1-az1--x-s3/466.parquet\", \"s3://tpch10289--apne1-az1--x-s3/467.parquet\", \"s3://tpch10289--apne1-az1--x-s3/468.parquet\", \"s3://tpch10289--apne1-az1--x-s3/469.parquet\", \"s3://tpch10289--apne1-az1--x-s3/470.parquet\", \"s3://tpch10289--apne1-az1--x-s3/471.parquet\", \"s3://tpch10289--apne1-az1--x-s3/472.parquet\", \"s3://tpch10289--apne1-az1--x-s3/473.parquet\", \"s3://tpch10289--apne1-az1--x-s3/474.parquet\", \"s3://tpch10289--apne1-az1--x-s3/475.parquet\", \"s3://tpch10289--apne1-az1--x-s3/476.parquet\", \"s3://tpch10289--apne1-az1--x-s3/477.parquet\", \"s3://tpch10289--apne1-az1--x-s3/478.parquet\", \"s3://tpch10289--apne1-az1--x-s3/479.parquet\", \"s3://tpch10289--apne1-az1--x-s3/480.parquet\", \"s3://tpch10289--apne1-az1--x-s3/481.parquet\", \"s3://tpch10289--apne1-az1--x-s3/482.parquet\", \"s3://tpch10289--apne1-az1--x-s3/483.parquet\", \"s3://tpch10289--apne1-az1--x-s3/484.parquet\", \"s3://tpch10289--apne1-az1--x-s3/485.parquet\", \"s3://tpch10289--apne1-az1--x-s3/486.parquet\", \"s3://tpch10289--apne1-az1--x-s3/487.parquet\", \"s3://tpch10289--apne1-az1--x-s3/488.parquet\", \"s3://tpch10289--apne1-az1--x-s3/489.parquet\", \"s3://tpch10289--apne1-az1--x-s3/490.parquet\", \"s3://tpch10289--apne1-az1--x-s3/491.parquet\", \"s3://tpch10289--apne1-az1--x-s3/492.parquet\", \"s3://tpch10289--apne1-az1--x-s3/493.parquet\", \"s3://tpch10289--apne1-az1--x-s3/494.parquet\", \"s3://tpch10289--apne1-az1--x-s3/495.parquet\", \"s3://tpch10289--apne1-az1--x-s3/497.parquet\", \"s3://tpch10289--apne1-az1--x-s3/498.parquet\", \"s3://tpch10289--apne1-az1--x-s3/499.parquet\", \"s3://tpch10289--apne1-az1--x-s3/500.parquet\", \"s3://tpch10289--apne1-az1--x-s3/501.parquet\", \"s3://tpch10289--apne1-az1--x-s3/502.parquet\", \"s3://tpch10289--apne1-az1--x-s3/503.parquet\", \"s3://tpch10289--apne1-az1--x-s3/504.parquet\", \"s3://tpch10289--apne1-az1--x-s3/505.parquet\", \"s3://tpch10289--apne1-az1--x-s3/506.parquet\", \"s3://tpch10289--apne1-az1--x-s3/507.parquet\", \"s3://tpch10289--apne1-az1--x-s3/508.parquet\", \"s3://tpch10289--apne1-az1--x-s3/509.parquet\", \"s3://tpch10289--apne1-az1--x-s3/510.parquet\", \"s3://tpch10289--apne1-az1--x-s3/511.parquet\", \"s3://tpch10289--apne1-az1--x-s3/512.parquet\", \"s3://tpch10289--apne1-az1--x-s3/513.parquet\", \"s3://tpch10289--apne1-az1--x-s3/514.parquet\", \"s3://tpch10289--apne1-az1--x-s3/515.parquet\", \"s3://tpch10289--apne1-az1--x-s3/516.parquet\", \"s3://tpch10289--apne1-az1--x-s3/517.parquet\", \"s3://tpch10289--apne1-az1--x-s3/518.parquet\", \"s3://tpch10289--apne1-az1--x-s3/519.parquet\", \"s3://tpch10289--apne1-az1--x-s3/520.parquet\", \"s3://tpch10289--apne1-az1--x-s3/521.parquet\", \"s3://tpch10289--apne1-az1--x-s3/522.parquet\", \"s3://tpch10289--apne1-az1--x-s3/523.parquet\", \"s3://tpch10289--apne1-az1--x-s3/524.parquet\", \"s3://tpch10289--apne1-az1--x-s3/525.parquet\", \"s3://tpch10289--apne1-az1--x-s3/526.parquet\", \"s3://tpch10289--apne1-az1--x-s3/527.parquet\", \"s3://tpch10289--apne1-az1--x-s3/569.parquet\", \"s3://tpch10289--apne1-az1--x-s3/582.parquet\", \"s3://tpch10289--apne1-az1--x-s3/591.parquet\", \"s3://tpch10289--apne1-az1--x-s3/596.parquet\", \"s3://tpch10289--apne1-az1--x-s3/602.parquet\", \"s3://tpch10289--apne1-az1--x-s3/610.parquet\", \"s3://tpch10289--apne1-az1--x-s3/613.parquet\", \"s3://tpch10289--apne1-az1--x-s3/616.parquet\", \"s3://tpch10289--apne1-az1--x-s3/627.parquet\", \"s3://tpch10289--apne1-az1--x-s3/633.parquet\", \"s3://tpch10289--apne1-az1--x-s3/639.parquet\", \"s3://tpch10289--apne1-az1--x-s3/640.parquet\", \"s3://tpch10289--apne1-az1--x-s3/641.parquet\", \"s3://tpch10289--apne1-az1--x-s3/642.parquet\", \"s3://tpch10289--apne1-az1--x-s3/643.parquet\", \"s3://tpch10289--apne1-az1--x-s3/644.parquet\", \"s3://tpch10289--apne1-az1--x-s3/645.parquet\", \"s3://tpch10289--apne1-az1--x-s3/646.parquet\", \"s3://tpch10289--apne1-az1--x-s3/647.parquet\", \"s3://tpch10289--apne1-az1--x-s3/648.parquet\", \"s3://tpch10289--apne1-az1--x-s3/649.parquet\", \"s3://tpch10289--apne1-az1--x-s3/650.parquet\", \"s3://tpch10289--apne1-az1--x-s3/651.parquet\", \"s3://tpch10289--apne1-az1--x-s3/652.parquet\", \"s3://tpch10289--apne1-az1--x-s3/653.parquet\", \"s3://tpch10289--apne1-az1--x-s3/1020.parquet\", \"s3://tpch10289--apne1-az1--x-s3/1021.parquet\", \"s3://tpch10289--apne1-az1--x-s3/1022.parquet\", \"s3://tpch10289--apne1-az1--x-s3/1023.parquet\", \"s3://tpch10289--apne1-az1--x-s3/1024.parquet\", \"s3://tpch10289--apne1-az1--x-s3/1025.parquet\", \"s3://tpch10289--apne1-az1--x-s3/1026.parquet\", \"s3://tpch10289--apne1-az1--x-s3/1027.parquet\", \"s3://tpch10289--apne1-az1--x-s3/1028.parquet\", \"s3://tpch10289--apne1-az1--x-s3/1029.parquet\", \"s3://tpch10289--apne1-az1--x-s3/1030.parquet\", \"s3://tpch10289--apne1-az1--x-s3/1031.parquet\", \"s3://tpch10289--apne1-az1--x-s3/1032.parquet\", \"s3://tpch10289--apne1-az1--x-s3/1033.parquet\", \"s3://tpch10289--apne1-az1--x-s3/1034.parquet\", \"s3://tpch10289--apne1-az1--x-s3/1035.parquet\", \"s3://tpch10289--apne1-az1--x-s3/1036.parquet\", \"s3://tpch10289--apne1-az1--x-s3/1037.parquet\", \"s3://tpch10289--apne1-az1--x-s3/1038.parquet\", \"s3://tpch10289--apne1-az1--x-s3/1039.parquet\", \"s3://tpch10289--apne1-az1--x-s3/1040.parquet\", \"s3://tpch10289--apne1-az1--x-s3/1041.parquet\", \"s3://tpch10289--apne1-az1--x-s3/1042.parquet\", \"s3://tpch10289--apne1-az1--x-s3/1043.parquet\", \"s3://tpch10289--apne1-az1--x-s3/1044.parquet\", \"s3://tpch10289--apne1-az1--x-s3/1045.parquet\", \"s3://tpch10289--apne1-az1--x-s3/1046.parquet\", \"s3://tpch10289--apne1-az1--x-s3/1047.parquet\", \"s3://tpch10289--apne1-az1--x-s3/1048.parquet\", \"s3://tpch10289--apne1-az1--x-s3/1049.parquet\", \"s3://tpch10289--apne1-az1--x-s3/1050.parquet\", \"s3://tpch10289--apne1-az1--x-s3/1051.parquet\", \"s3://tpch10289--apne1-az1--x-s3/1052.parquet\", \"s3://tpch10289--apne1-az1--x-s3/1053.parquet\", \"s3://tpch10289--apne1-az1--x-s3/1054.parquet\", \"s3://tpch10289--apne1-az1--x-s3/1055.parquet\", \"s3://tpch10289--apne1-az1--x-s3/1056.parquet\", \"s3://tpch10289--apne1-az1--x-s3/1057.parquet\", \"s3://tpch10289--apne1-az1--x-s3/1058.parquet\", \"s3://tpch10289--apne1-az1--x-s3/1059.parquet\", \"s3://tpch10289--apne1-az1--x-s3/1060.parquet\", \"s3://tpch10289--apne1-az1--x-s3/1061.parquet\", \"s3://tpch10289--apne1-az1--x-s3/1062.parquet\", \"s3://tpch10289--apne1-az1--x-s3/1063.parquet\", \"s3://tpch10289--apne1-az1--x-s3/1065.parquet\", \"s3://tpch10289--apne1-az1--x-s3/1066.parquet\", \"s3://tpch10289--apne1-az1--x-s3/1067.parquet\", \"s3://tpch10289--apne1-az1--x-s3/1068.parquet\", \"s3://tpch10289--apne1-az1--x-s3/1069.parquet\", \"s3://tpch10289--apne1-az1--x-s3/1070.parquet\", \"s3://tpch10289--apne1-az1--x-s3/1071.parquet\", \"s3://tpch10289--apne1-az1--x-s3/1072.parquet\", \"s3://tpch10289--apne1-az1--x-s3/1073.parquet\", \"s3://tpch10289--apne1-az1--x-s3/1074.parquet\", \"s3://tpch10289--apne1-az1--x-s3/1075.parquet\", \"s3://tpch10289--apne1-az1--x-s3/1076.parquet\", \"s3://tpch10289--apne1-az1--x-s3/1077.parquet\", \"s3://tpch10289--apne1-az1--x-s3/1078.parquet\", \"s3://tpch10289--apne1-az1--x-s3/1079.parquet\", \"s3://tpch10289--apne1-az1--x-s3/1080.parquet\", \"s3://tpch10289--apne1-az1--x-s3/1081.parquet\", \"s3://tpch10289--apne1-az1--x-s3/1082.parquet\", \"s3://tpch10289--apne1-az1--x-s3/1083.parquet\", \"s3://tpch10289--apne1-az1--x-s3/1084.parquet\", \"s3://tpch10289--apne1-az1--x-s3/1085.parquet\", \"s3://tpch10289--apne1-az1--x-s3/1086.parquet\", \"s3://tpch10289--apne1-az1--x-s3/1087.parquet\", \"s3://tpch10289--apne1-az1--x-s3/1088.parquet\", \"s3://tpch10289--apne1-az1--x-s3/1089.parquet\", \"s3://tpch10289--apne1-az1--x-s3/1090.parquet\", \"s3://tpch10289--apne1-az1--x-s3/1091.parquet\", \"s3://tpch10289--apne1-az1--x-s3/1092.parquet\", \"s3://tpch10289--apne1-az1--x-s3/1093.parquet\", \"s3://tpch10289--apne1-az1--x-s3/1094.parquet\", \"s3://tpch10289--apne1-az1--x-s3/1095.parquet\", \"s3://tpch10289--apne1-az1--x-s3/1096.parquet\", \"s3://tpch10289--apne1-az1--x-s3/1097.parquet\", \"s3://tpch10289--apne1-az1--x-s3/1098.parquet\", \"s3://tpch10289--apne1-az1--x-s3/1099.parquet\", \"s3://tpch10289--apne1-az1--x-s3/1100.parquet\", \"s3://tpch10289--apne1-az1--x-s3/1101.parquet\", \"s3://tpch10289--apne1-az1--x-s3/1102.parquet\", \"s3://tpch10289--apne1-az1--x-s3/1103.parquet\", \"s3://tpch10289--apne1-az1--x-s3/1104.parquet\", \"s3://tpch10289--apne1-az1--x-s3/1105.parquet\", \"s3://tpch10289--apne1-az1--x-s3/1106.parquet\", \"s3://tpch10289--apne1-az1--x-s3/1107.parquet\", \"s3://tpch10289--apne1-az1--x-s3/1108.parquet\", \"s3://tpch10289--apne1-az1--x-s3/1109.parquet\", \"s3://tpch10289--apne1-az1--x-s3/1110.parquet\", \"s3://tpch10289--apne1-az1--x-s3/1111.parquet\", \"s3://tpch10289--apne1-az1--x-s3/1112.parquet\", \"s3://tpch10289--apne1-az1--x-s3/1113.parquet\", \"s3://tpch10289--apne1-az1--x-s3/1114.parquet\", \"s3://tpch10289--apne1-az1--x-s3/1115.parquet\", \"s3://tpch10289--apne1-az1--x-s3/1116.parquet\", \"s3://tpch10289--apne1-az1--x-s3/1117.parquet\", \"s3://tpch10289--apne1-az1--x-s3/1118.parquet\", \"s3://tpch10289--apne1-az1--x-s3/1119.parquet\", \"s3://tpch10289--apne1-az1--x-s3/1120.parquet\", \"s3://tpch10289--apne1-az1--x-s3/1121.parquet\", \"s3://tpch10289--apne1-az1--x-s3/1122.parquet\", \"s3://tpch10289--apne1-az1--x-s3/1123.parquet\", \"s3://tpch10289--apne1-az1--x-s3/1206.parquet\", \"s3://tpch10289--apne1-az1--x-s3/1207.parquet\", \"s3://tpch10289--apne1-az1--x-s3/1208.parquet\", \"s3://tpch10289--apne1-az1--x-s3/1209.parquet\", \"s3://tpch10289--apne1-az1--x-s3/1210.parquet\", \"s3://tpch10289--apne1-az1--x-s3/1211.parquet\", \"s3://tpch10289--apne1-az1--x-s3/1212.parquet\", \"s3://tpch10289--apne1-az1--x-s3/1213.parquet\", \"s3://tpch10289--apne1-az1--x-s3/1214.parquet\", \"s3://tpch10289--apne1-az1--x-s3/1215.parquet\", \"s3://tpch10289--apne1-az1--x-s3/1216.parquet\", \"s3://tpch10289--apne1-az1--x-s3/1217.parquet\", \"s3://tpch10289--apne1-az1--x-s3/1218.parquet\", \"s3://tpch10289--apne1-az1--x-s3/1219.parquet\", \"s3://tpch10289--apne1-az1--x-s3/1220.parquet\", \"s3://tpch10289--apne1-az1--x-s3/1221.parquet\", \"s3://tpch10289--apne1-az1--x-s3/1222.parquet\", \"s3://tpch10289--apne1-az1--x-s3/1223.parquet\", \"s3://tpch10289--apne1-az1--x-s3/1224.parquet\", \"s3://tpch10289--apne1-az1--x-s3/1225.parquet\", \"s3://tpch10289--apne1-az1--x-s3/1226.parquet\", \"s3://tpch10289--apne1-az1--x-s3/1227.parquet\", \"s3://tpch10289--apne1-az1--x-s3/1228.parquet\", \"s3://tpch10289--apne1-az1--x-s3/1229.parquet\", \"s3://tpch10289--apne1-az1--x-s3/1230.parquet\", \"s3://tpch10289--apne1-az1--x-s3/1231.parquet\", \"s3://tpch10289--apne1-az1--x-s3/1232.parquet\", \"s3://tpch10289--apne1-az1--x-s3/1233.parquet\", \"s3://tpch10289--apne1-az1--x-s3/1234.parquet\", \"s3://tpch10289--apne1-az1--x-s3/1235.parquet\", \"s3://tpch10289--apne1-az1--x-s3/1236.parquet\", \"s3://tpch10289--apne1-az1--x-s3/1237.parquet\", \"s3://tpch10289--apne1-az1--x-s3/1238.parquet\", \"s3://tpch10289--apne1-az1--x-s3/1239.parquet\", \"s3://tpch10289--apne1-az1--x-s3/1240.parquet\", \"s3://tpch10289--apne1-az1--x-s3/1241.parquet\", \"s3://tpch10289--apne1-az1--x-s3/1242.parquet\", \"s3://tpch10289--apne1-az1--x-s3/1243.parquet\", \"s3://tpch10289--apne1-az1--x-s3/1244.parquet\", \"s3://tpch10289--apne1-az1--x-s3/1245.parquet\", \"s3://tpch10289--apne1-az1--x-s3/1246.parquet\", \"s3://tpch10289--apne1-az1--x-s3/1247.parquet\", \"s3://tpch10289--apne1-az1--x-s3/1248.parquet\", \"s3://tpch10289--apne1-az1--x-s3/1249.parquet\", \"s3://tpch10289--apne1-az1--x-s3/1250.parquet\", \"s3://tpch10289--apne1-az1--x-s3/1251.parquet\", \"s3://tpch10289--apne1-az1--x-s3/1252.parquet\", \"s3://tpch10289--apne1-az1--x-s3/1253.parquet\", \"s3://tpch10289--apne1-az1--x-s3/1254.parquet\", \"s3://tpch10289--apne1-az1--x-s3/1255.parquet\", \"s3://tpch10289--apne1-az1--x-s3/1256.parquet\", \"s3://tpch10289--apne1-az1--x-s3/1257.parquet\", \"s3://tpch10289--apne1-az1--x-s3/1258.parquet\", \"s3://tpch10289--apne1-az1--x-s3/1259.parquet\", \"s3://tpch10289--apne1-az1--x-s3/1260.parquet\", \"s3://tpch10289--apne1-az1--x-s3/1261.parquet\", \"s3://tpch10289--apne1-az1--x-s3/1262.parquet\", \"s3://tpch10289--apne1-az1--x-s3/1263.parquet\", \"s3://tpch10289--apne1-az1--x-s3/1264.parquet\", \"s3://tpch10289--apne1-az1--x-s3/1265.parquet\", \"s3://tpch10289--apne1-az1--x-s3/1266.parquet\", \"s3://tpch10289--apne1-az1--x-s3/1277.parquet\", \"s3://tpch10289--apne1-az1--x-s3/1293.parquet\", \"s3://tpch10289--apne1-az1--x-s3/1294.parquet\", \"s3://tpch10289--apne1-az1--x-s3/1295.parquet\", \"s3://tpch10289--apne1-az1--x-s3/1296.parquet\", \"s3://tpch10289--apne1-az1--x-s3/1297.parquet\", \"s3://tpch10289--apne1-az1--x-s3/1298.parquet\", \"s3://tpch10289--apne1-az1--x-s3/1299.parquet\", \"s3://tpch10289--apne1-az1--x-s3/1300.parquet\", \"s3://tpch10289--apne1-az1--x-s3/1301.parquet\", \"s3://tpch10289--apne1-az1--x-s3/1302.parquet\", \"s3://tpch10289--apne1-az1--x-s3/1303.parquet\", \"s3://tpch10289--apne1-az1--x-s3/1304.parquet\", \"s3://tpch10289--apne1-az1--x-s3/1305.parquet\", \"s3://tpch10289--apne1-az1--x-s3/1306.parquet\", \"s3://tpch10289--apne1-az1--x-s3/1307.parquet\", \"s3://tpch10289--apne1-az1--x-s3/1308.parquet\", \"s3://tpch10289--apne1-az1--x-s3/1309.parquet\", \"s3://tpch10289--apne1-az1--x-s3/1310.parquet\", \"s3://tpch10289--apne1-az1--x-s3/1311.parquet\", \"s3://tpch10289--apne1-az1--x-s3/1312.parquet\", \"s3://tpch10289--apne1-az1--x-s3/1313.parquet\", \"s3://tpch10289--apne1-az1--x-s3/1314.parquet\", \"s3://tpch10289--apne1-az1--x-s3/1315.parquet\", \"s3://tpch10289--apne1-az1--x-s3/1316.parquet\", \"s3://tpch10289--apne1-az1--x-s3/1317.parquet\", \"s3://tpch10289--apne1-az1--x-s3/1318.parquet\", \"s3://tpch10289--apne1-az1--x-s3/1319.parquet\", \"s3://tpch10289--apne1-az1--x-s3/1320.parquet\", \"s3://tpch10289--apne1-az1--x-s3/1321.parquet\", \"s3://tpch10289--apne1-az1--x-s3/1322.parquet\", \"s3://tpch10289--apne1-az1--x-s3/1323.parquet\", \"s3://tpch10289--apne1-az1--x-s3/1324.parquet\", \"s3://tpch10289--apne1-az1--x-s3/1325.parquet\", \"s3://tpch10289--apne1-az1--x-s3/1326.parquet\", \"s3://tpch10289--apne1-az1--x-s3/1327.parquet\", \"s3://tpch10289--apne1-az1--x-s3/1328.parquet\", \"s3://tpch10289--apne1-az1--x-s3/1329.parquet\", \"s3://tpch10289--apne1-az1--x-s3/1330.parquet\", \"s3://tpch10289--apne1-az1--x-s3/1331.parquet\", \"s3://tpch10289--apne1-az1--x-s3/1332.parquet\", \"s3://tpch10289--apne1-az1--x-s3/1333.parquet\", \"s3://tpch10289--apne1-az1--x-s3/1334.parquet\", \"s3://tpch10289--apne1-az1--x-s3/1335.parquet\", \"s3://tpch10289--apne1-az1--x-s3/1336.parquet\", \"s3://tpch10289--apne1-az1--x-s3/1337.parquet\", \"s3://tpch10289--apne1-az1--x-s3/1338.parquet\", \"s3://tpch10289--apne1-az1--x-s3/1339.parquet\", \"s3://tpch10289--apne1-az1--x-s3/1340.parquet\", \"s3://tpch10289--apne1-az1--x-s3/1341.parquet\", \"s3://tpch10289--apne1-az1--x-s3/1342.parquet\", \"s3://tpch10289--apne1-az1--x-s3/1343.parquet\", \"s3://tpch10289--apne1-az1--x-s3/1344.parquet\", \"s3://tpch10289--apne1-az1--x-s3/1345.parquet\", \"s3://tpch10289--apne1-az1--x-s3/1346.parquet\", \"s3://tpch10289--apne1-az1--x-s3/1347.parquet\", \"s3://tpch10289--apne1-az1--x-s3/1348.parquet\", \"s3://tpch10289--apne1-az1--x-s3/1349.parquet\", \"s3://tpch10289--apne1-az1--x-s3/1350.parquet\", \"s3://tpch10289--apne1-az1--x-s3/1352.parquet\", \"s3://tpch10289--apne1-az1--x-s3/1353.parquet\", \"s3://tpch10289--apne1-az1--x-s3/1354.parquet\", \"s3://tpch10289--apne1-az1--x-s3/1355.parquet\", \"s3://tpch10289--apne1-az1--x-s3/1356.parquet\", \"s3://tpch10289--apne1-az1--x-s3/1357.parquet\", \"s3://tpch10289--apne1-az1--x-s3/1358.parquet\", \"s3://tpch10289--apne1-az1--x-s3/1359.parquet\", \"s3://tpch10289--apne1-az1--x-s3/1360.parquet\", \"s3://tpch10289--apne1-az1--x-s3/1361.parquet\", \"s3://tpch10289--apne1-az1--x-s3/1362.parquet\", \"s3://tpch10289--apne1-az1--x-s3/1363.parquet\", \"s3://tpch10289--apne1-az1--x-s3/1408.parquet\", \"s3://tpch10289--apne1-az1--x-s3/1420.parquet\", \"s3://tpch10289--apne1-az1--x-s3/1421.parquet\", \"s3://tpch10289--apne1-az1--x-s3/1422.parquet\", \"s3://tpch10289--apne1-az1--x-s3/1423.parquet\", \"s3://tpch10289--apne1-az1--x-s3/1424.parquet\", \"s3://tpch10289--apne1-az1--x-s3/1425.parquet\", \"s3://tpch10289--apne1-az1--x-s3/1426.parquet\", \"s3://tpch10289--apne1-az1--x-s3/1427.parquet\", \"s3://tpch10289--apne1-az1--x-s3/1428.parquet\", \"s3://tpch10289--apne1-az1--x-s3/1429.parquet\", \"s3://tpch10289--apne1-az1--x-s3/1430.parquet\", \"s3://tpch10289--apne1-az1--x-s3/1431.parquet\", \"s3://tpch10289--apne1-az1--x-s3/1432.parquet\", \"s3://tpch10289--apne1-az1--x-s3/1433.parquet\", \"s3://tpch10289--apne1-az1--x-s3/1434.parquet\", \"s3://tpch10289--apne1-az1--x-s3/1435.parquet\", \"s3://tpch10289--apne1-az1--x-s3/1436.parquet\", \"s3://tpch10289--apne1-az1--x-s3/1437.parquet\", \"s3://tpch10289--apne1-az1--x-s3/1438.parquet\", \"s3://tpch10289--apne1-az1--x-s3/1439.parquet\", \"s3://tpch10289--apne1-az1--x-s3/1440.parquet\", \"s3://tpch10289--apne1-az1--x-s3/1441.parquet\", \"s3://tpch10289--apne1-az1--x-s3/1442.parquet\", \"s3://tpch10289--apne1-az1--x-s3/1443.parquet\", \"s3://tpch10289--apne1-az1--x-s3/1444.parquet\", \"s3://tpch10289--apne1-az1--x-s3/1445.parquet\", \"s3://tpch10289--apne1-az1--x-s3/1446.parquet\", \"s3://tpch10289--apne1-az1--x-s3/1490.parquet\", \"s3://tpch10289--apne1-az1--x-s3/1561.parquet\", \"s3://tpch10289--apne1-az1--x-s3/1632.parquet\", \"s3://tpch10289--apne1-az1--x-s3/1703.parquet\", \"s3://tpch10289--apne1-az1--x-s3/1704.parquet\", \"s3://tpch10289--apne1-az1--x-s3/1705.parquet\", \"s3://tpch10289--apne1-az1--x-s3/1706.parquet\", \"s3://tpch10289--apne1-az1--x-s3/1707.parquet\", \"s3://tpch10289--apne1-az1--x-s3/1708.parquet\", \"s3://tpch10289--apne1-az1--x-s3/1709.parquet\", \"s3://tpch10289--apne1-az1--x-s3/1710.parquet\", \"s3://tpch10289--apne1-az1--x-s3/1711.parquet\", \"s3://tpch10289--apne1-az1--x-s3/1712.parquet\", \"s3://tpch10289--apne1-az1--x-s3/1713.parquet\", \"s3://tpch10289--apne1-az1--x-s3/1714.parquet\", \"s3://tpch10289--apne1-az1--x-s3/1715.parquet\", \"s3://tpch10289--apne1-az1--x-s3/1716.parquet\", \"s3://tpch10289--apne1-az1--x-s3/1717.parquet\", \"s3://tpch10289--apne1-az1--x-s3/1718.parquet\", \"s3://tpch10289--apne1-az1--x-s3/1719.parquet\", \"s3://tpch10289--apne1-az1--x-s3/1720.parquet\", \"s3://tpch10289--apne1-az1--x-s3/1721.parquet\", \"s3://tpch10289--apne1-az1--x-s3/1722.parquet\", \"s3://tpch10289--apne1-az1--x-s3/1723.parquet\", \"s3://tpch10289--apne1-az1--x-s3/1724.parquet\", \"s3://tpch10289--apne1-az1--x-s3/1725.parquet\", \"s3://tpch10289--apne1-az1--x-s3/1726.parquet\", \"s3://tpch10289--apne1-az1--x-s3/1727.parquet\", \"s3://tpch10289--apne1-az1--x-s3/1728.parquet\", \"s3://tpch10289--apne1-az1--x-s3/1729.parquet\", \"s3://tpch10289--apne1-az1--x-s3/1774.parquet\", \"s3://tpch10289--apne1-az1--x-s3/1988.parquet\", \"s3://tpch10289--apne1-az1--x-s3/1989.parquet\", \"s3://tpch10289--apne1-az1--x-s3/1990.parquet\", \"s3://tpch10289--apne1-az1--x-s3/1991.parquet\", \"s3://tpch10289--apne1-az1--x-s3/1992.parquet\", \"s3://tpch10289--apne1-az1--x-s3/1993.parquet\", \"s3://tpch10289--apne1-az1--x-s3/1994.parquet\", \"s3://tpch10289--apne1-az1--x-s3/1995.parquet\", \"s3://tpch10289--apne1-az1--x-s3/1996.parquet\"])\nWHERE\n    o_orderkey = l_orderkey\n    AND l_shipmode IN ('REG AIR', 'AIR')\n    AND l_commitdate < l_receiptdate\n    AND l_shipdate < l_commitdate\n    AND l_receiptdate >= DATE '1992-01-01' + INTERVAL 12 MONTH\n    AND l_receiptdate < DATE '1993-01-01' + INTERVAL 12 MONTH\nGROUP BY\n    l_shipmode\nORDER BY\n    l_shipmode;",
    "children": [
        {
            "result_set_size": 96,
            "operator_timing": 0.0007950169999999999,
            "operator_rows_scanned": 0,
            "cumulative_rows_scanned": 20144896000,
            "operator_cardinality": 2,
            "operator_type": "ORDER_BY",
            "cumulative_cardinality": 613964076,
            "extra_info": {
                "Order By": "read_parquet.l_shipmode ASC"
            },
            "cpu_time": 119.963988504,
            "children": [
                {
                    "result_set_size": 96,
                    "operator_timing": 0.07832169600000001,
                    "operator_rows_scanned": 0,
                    "cumulative_rows_scanned": 20144896000,
                    "operator_cardinality": 2,
                    "operator_type": "HASH_GROUP_BY",
                    "cumulative_cardinality": 613964074,
                    "extra_info": {
                        "Groups": "#0",
                        "Aggregates": [
                            "sum(#1)",
                            "sum(#2)"
                        ],
                        "Estimated Cardinality": "11700000"
                    },
                    "cpu_time": 119.963193487,
                    "children": [
                        {
                            "result_set_size": 71304840,
                            "operator_timing": 0.06083268899999999,
                            "operator_rows_scanned": 0,
                            "cumulative_rows_scanned": 20144896000,
                            "operator_cardinality": 2971035,
                            "operator_type": "PROJECTION",
                            "cumulative_cardinality": 613964072,
                            "extra_info": {
                                "Projections": [
                                    "l_shipmode",
                                    "CASE  WHEN (((o_orderpriority = '1-URGENT') OR (o_orderpriority = '2-HIGH'))) THEN (1) ELSE 0 END",
                                    "CASE  WHEN (((o_orderpriority != '1-URGENT') AND (o_orderpriority != '2-HIGH'))) THEN (1) ELSE 0 END"
                                ],
                                "Estimated Cardinality": "23400000"
                            },
                            "cpu_time": 119.884871791,
                            "children": [
                                {
                                    "result_set_size": 142609680,
                                    "operator_timing": 4.610822967999983,
                                    "operator_rows_scanned": 0,
                                    "cumulative_rows_scanned": 20144896000,
                                    "operator_cardinality": 2971035,
                                    "operator_type": "HASH_JOIN",
                                    "cumulative_cardinality": 610993037,
                                    "extra_info": {
                                        "Join Type": "INNER",
                                        "Conditions": "o_orderkey = l_orderkey",
                                        "Estimated Cardinality": "23400000"
                                    },
                                    "cpu_time": 119.824039102,
                                    "children": [
                                        {
                                            "result_set_size": 5399878344,
                                            "operator_timing": 8.084712695,
                                            "operator_rows_scanned": 18720000000,
                                            "cumulative_rows_scanned": 18720000000,
                                            "operator_cardinality": 224994931,
                                            "operator_type": "TABLE_SCAN",
                                            "cumulative_cardinality": 224994931,
                                            "extra_info": {
                                                "Function": "PARQUET_SCAN",
                                                "Projections": [
                                                    "o_orderkey",
                                                    "o_orderpriority"
                                                ],
                                                "Estimated Cardinality": "585000000"
                                            },
                                            "cpu_time": 8.084712695,
                                            "children": []
                                        },
                                        {
                                            "result_set_size": 106957260,
                                            "operator_timing": 1.1959197519999998,
                                            "operator_rows_scanned": 0,
                                            "cumulative_rows_scanned": 1424896000,
                                            "operator_cardinality": 2971035,
                                            "operator_type": "FILTER",
                                            "cumulative_cardinality": 383027071,
                                            "extra_info": {
                                                "Expression": "((l_commitdate < l_receiptdate) AND (l_shipdate < l_commitdate) AND ((l_shipmode = 'REG AIR') OR (l_shipmode = 'AIR')))",
                                                "Estimated Cardinality": "1781120"
                                            },
                                            "cpu_time": 107.12850343900001,
                                            "children": [
                                                {
                                                    "result_set_size": 13682017296,
                                                    "operator_timing": 105.93258368700002,
                                                    "operator_rows_scanned": 1424896000,
                                                    "cumulative_rows_scanned": 1424896000,
                                                    "operator_cardinality": 380056036,
                                                    "operator_type": "TABLE_SCAN",
                                                    "cumulative_cardinality": 380056036,
                                                    "extra_info": {
                                                        "Function": "READ_PARQUET",
                                                        "Projections": [
                                                            "l_orderkey",
                                                            "l_shipmode",
                                                            "l_commitdate",
                                                            "l_receiptdate",
                                                            "l_shipdate"
                                                        ],
                                                        "Filters": [
                                                            "l_receiptdate>='1993-01-01'::DATE AND l_receiptdate<'1994-01-01'::DATE AND l_receiptdate IS NOT NULL",
                                                            "l_commitdate<'1994-01-01'::DATE AND l_commitdate IS NOT NULL",
                                                            "l_shipdate<'1994-01-01'::DATE AND l_shipdate IS NOT NULL"
                                                        ],
                                                        "Estimated Cardinality": "8905600"
                                                    },
                                                    "cpu_time": 105.93258368700002,
                                                    "children": []
                                                }
                                            ]
                                        }
                                    ]
                                }
                            ]
                        }
                    ]
                }
            ]
        }
    ]
}