{
    "rows_returned": 1,
    "latency": 2.273089092,
    "result_set_size": 72,
    "cumulative_rows_scanned": 357344000,
    "cumulative_cardinality": 283365973,
    "extra_info": {},
    "cpu_time": 64.22739296799999,
    "blocked_thread_time": 0.0,
    "query_name": "WITH revenue AS (\n    SELECT\n        l_suppkey AS supplier_no,\n        sum(l_extendedprice * (1 - l_discount)) AS total_revenue\n    FROM\n        read_parquet([\"s3://tpch10289--apne1-az1--x-s3/-61.parquet\", \"s3://tpch10289--apne1-az1--x-s3/-60.parquet\", \"s3://tpch10289--apne1-az1--x-s3/-57.parquet\", \"s3://tpch10289--apne1-az1--x-s3/142.parquet\", \"s3://tpch10289--apne1-az1--x-s3/143.parquet\", \"s3://tpch10289--apne1-az1--x-s3/144.parquet\", \"s3://tpch10289--apne1-az1--x-s3/145.parquet\", \"s3://tpch10289--apne1-az1--x-s3/146.parquet\", \"s3://tpch10289--apne1-az1--x-s3/147.parquet\", \"s3://tpch10289--apne1-az1--x-s3/149.parquet\", \"s3://tpch10289--apne1-az1--x-s3/150.parquet\", \"s3://tpch10289--apne1-az1--x-s3/151.parquet\", \"s3://tpch10289--apne1-az1--x-s3/152.parquet\", \"s3://tpch10289--apne1-az1--x-s3/154.parquet\", \"s3://tpch10289--apne1-az1--x-s3/156.parquet\", \"s3://tpch10289--apne1-az1--x-s3/159.parquet\", \"s3://tpch10289--apne1-az1--x-s3/161.parquet\", \"s3://tpch10289--apne1-az1--x-s3/162.parquet\", \"s3://tpch10289--apne1-az1--x-s3/167.parquet\", \"s3://tpch10289--apne1-az1--x-s3/168.parquet\", \"s3://tpch10289--apne1-az1--x-s3/170.parquet\", \"s3://tpch10289--apne1-az1--x-s3/171.parquet\", \"s3://tpch10289--apne1-az1--x-s3/173.parquet\", \"s3://tpch10289--apne1-az1--x-s3/174.parquet\", \"s3://tpch10289--apne1-az1--x-s3/179.parquet\", \"s3://tpch10289--apne1-az1--x-s3/233.parquet\", \"s3://tpch10289--apne1-az1--x-s3/234.parquet\", \"s3://tpch10289--apne1-az1--x-s3/235.parquet\", \"s3://tpch10289--apne1-az1--x-s3/236.parquet\", \"s3://tpch10289--apne1-az1--x-s3/241.parquet\", \"s3://tpch10289--apne1-az1--x-s3/242.parquet\", \"s3://tpch10289--apne1-az1--x-s3/243.parquet\", \"s3://tpch10289--apne1-az1--x-s3/244.parquet\", \"s3://tpch10289--apne1-az1--x-s3/245.parquet\", \"s3://tpch10289--apne1-az1--x-s3/246.parquet\", \"s3://tpch10289--apne1-az1--x-s3/247.parquet\", \"s3://tpch10289--apne1-az1--x-s3/248.parquet\", \"s3://tpch10289--apne1-az1--x-s3/249.parquet\", \"s3://tpch10289--apne1-az1--x-s3/250.parquet\", \"s3://tpch10289--apne1-az1--x-s3/251.parquet\", \"s3://tpch10289--apne1-az1--x-s3/252.parquet\", \"s3://tpch10289--apne1-az1--x-s3/402.parquet\", \"s3://tpch10289--apne1-az1--x-s3/421.parquet\", \"s3://tpch10289--apne1-az1--x-s3/523.parquet\", \"s3://tpch10289--apne1-az1--x-s3/524.parquet\", \"s3://tpch10289--apne1-az1--x-s3/525.parquet\", \"s3://tpch10289--apne1-az1--x-s3/526.parquet\", \"s3://tpch10289--apne1-az1--x-s3/527.parquet\", \"s3://tpch10289--apne1-az1--x-s3/531.parquet\", \"s3://tpch10289--apne1-az1--x-s3/532.parquet\", \"s3://tpch10289--apne1-az1--x-s3/533.parquet\", \"s3://tpch10289--apne1-az1--x-s3/534.parquet\", \"s3://tpch10289--apne1-az1--x-s3/535.parquet\", \"s3://tpch10289--apne1-az1--x-s3/536.parquet\", \"s3://tpch10289--apne1-az1--x-s3/537.parquet\", \"s3://tpch10289--apne1-az1--x-s3/538.parquet\", \"s3://tpch10289--apne1-az1--x-s3/539.parquet\", \"s3://tpch10289--apne1-az1--x-s3/540.parquet\", \"s3://tpch10289--apne1-az1--x-s3/541.parquet\", \"s3://tpch10289--apne1-az1--x-s3/542.parquet\", \"s3://tpch10289--apne1-az1--x-s3/650.parquet\", \"s3://tpch10289--apne1-az1--x-s3/651.parquet\", \"s3://tpch10289--apne1-az1--x-s3/652.parquet\", \"s3://tpch10289--apne1-az1--x-s3/653.parquet\", \"s3://tpch10289--apne1-az1--x-s3/654.parquet\", \"s3://tpch10289--apne1-az1--x-s3/655.parquet\", \"s3://tpch10289--apne1-az1--x-s3/656.parquet\", \"s3://tpch10289--apne1-az1--x-s3/657.parquet\", \"s3://tpch10289--apne1-az1--x-s3/658.parquet\", \"s3://tpch10289--apne1-az1--x-s3/659.parquet\", \"s3://tpch10289--apne1-az1--x-s3/660.parquet\", \"s3://tpch10289--apne1-az1--x-s3/661.parquet\", \"s3://tpch10289--apne1-az1--x-s3/662.parquet\", \"s3://tpch10289--apne1-az1--x-s3/663.parquet\", \"s3://tpch10289--apne1-az1--x-s3/664.parquet\", \"s3://tpch10289--apne1-az1--x-s3/665.parquet\", \"s3://tpch10289--apne1-az1--x-s3/666.parquet\", \"s3://tpch10289--apne1-az1--x-s3/667.parquet\", \"s3://tpch10289--apne1-az1--x-s3/668.parquet\", \"s3://tpch10289--apne1-az1--x-s3/669.parquet\", \"s3://tpch10289--apne1-az1--x-s3/781.parquet\", \"s3://tpch10289--apne1-az1--x-s3/785.parquet\", \"s3://tpch10289--apne1-az1--x-s3/788.parquet\", \"s3://tpch10289--apne1-az1--x-s3/1118.parquet\", \"s3://tpch10289--apne1-az1--x-s3/1119.parquet\", \"s3://tpch10289--apne1-az1--x-s3/1120.parquet\", \"s3://tpch10289--apne1-az1--x-s3/1125.parquet\", \"s3://tpch10289--apne1-az1--x-s3/1126.parquet\", \"s3://tpch10289--apne1-az1--x-s3/1127.parquet\", \"s3://tpch10289--apne1-az1--x-s3/1128.parquet\", \"s3://tpch10289--apne1-az1--x-s3/1129.parquet\", \"s3://tpch10289--apne1-az1--x-s3/1130.parquet\", \"s3://tpch10289--apne1-az1--x-s3/1131.parquet\", \"s3://tpch10289--apne1-az1--x-s3/1132.parquet\", \"s3://tpch10289--apne1-az1--x-s3/1133.parquet\", \"s3://tpch10289--apne1-az1--x-s3/1134.parquet\", \"s3://tpch10289--apne1-az1--x-s3/1136.parquet\", \"s3://tpch10289--apne1-az1--x-s3/1137.parquet\", \"s3://tpch10289--apne1-az1--x-s3/1261.parquet\", \"s3://tpch10289--apne1-az1--x-s3/1262.parquet\", \"s3://tpch10289--apne1-az1--x-s3/1263.parquet\", \"s3://tpch10289--apne1-az1--x-s3/1264.parquet\", \"s3://tpch10289--apne1-az1--x-s3/1268.parquet\", \"s3://tpch10289--apne1-az1--x-s3/1269.parquet\", \"s3://tpch10289--apne1-az1--x-s3/1270.parquet\", \"s3://tpch10289--apne1-az1--x-s3/1271.parquet\", \"s3://tpch10289--apne1-az1--x-s3/1272.parquet\", \"s3://tpch10289--apne1-az1--x-s3/1273.parquet\", \"s3://tpch10289--apne1-az1--x-s3/1274.parquet\", \"s3://tpch10289--apne1-az1--x-s3/1275.parquet\", \"s3://tpch10289--apne1-az1--x-s3/1276.parquet\", \"s3://tpch10289--apne1-az1--x-s3/1359.parquet\", \"s3://tpch10289--apne1-az1--x-s3/1360.parquet\", \"s3://tpch10289--apne1-az1--x-s3/1365.parquet\", \"s3://tpch10289--apne1-az1--x-s3/1367.parquet\", \"s3://tpch10289--apne1-az1--x-s3/1368.parquet\", \"s3://tpch10289--apne1-az1--x-s3/1369.parquet\", \"s3://tpch10289--apne1-az1--x-s3/1371.parquet\", \"s3://tpch10289--apne1-az1--x-s3/1372.parquet\", \"s3://tpch10289--apne1-az1--x-s3/1373.parquet\", \"s3://tpch10289--apne1-az1--x-s3/1374.parquet\", \"s3://tpch10289--apne1-az1--x-s3/1376.parquet\", \"s3://tpch10289--apne1-az1--x-s3/1377.parquet\", \"s3://tpch10289--apne1-az1--x-s3/1378.parquet\", \"s3://tpch10289--apne1-az1--x-s3/1379.parquet\", \"s3://tpch10289--apne1-az1--x-s3/1443.parquet\", \"s3://tpch10289--apne1-az1--x-s3/1444.parquet\", \"s3://tpch10289--apne1-az1--x-s3/1448.parquet\", \"s3://tpch10289--apne1-az1--x-s3/1449.parquet\", \"s3://tpch10289--apne1-az1--x-s3/1450.parquet\", \"s3://tpch10289--apne1-az1--x-s3/1451.parquet\", \"s3://tpch10289--apne1-az1--x-s3/1452.parquet\", \"s3://tpch10289--apne1-az1--x-s3/1453.parquet\", \"s3://tpch10289--apne1-az1--x-s3/1454.parquet\", \"s3://tpch10289--apne1-az1--x-s3/1455.parquet\", \"s3://tpch10289--apne1-az1--x-s3/1456.parquet\", \"s3://tpch10289--apne1-az1--x-s3/1457.parquet\", \"s3://tpch10289--apne1-az1--x-s3/1458.parquet\", \"s3://tpch10289--apne1-az1--x-s3/1459.parquet\", \"s3://tpch10289--apne1-az1--x-s3/1712.parquet\", \"s3://tpch10289--apne1-az1--x-s3/1723.parquet\", \"s3://tpch10289--apne1-az1--x-s3/1724.parquet\", \"s3://tpch10289--apne1-az1--x-s3/1725.parquet\", \"s3://tpch10289--apne1-az1--x-s3/1726.parquet\", \"s3://tpch10289--apne1-az1--x-s3/1727.parquet\", \"s3://tpch10289--apne1-az1--x-s3/1728.parquet\", \"s3://tpch10289--apne1-az1--x-s3/1729.parquet\", \"s3://tpch10289--apne1-az1--x-s3/1730.parquet\", \"s3://tpch10289--apne1-az1--x-s3/1731.parquet\", \"s3://tpch10289--apne1-az1--x-s3/1732.parquet\", \"s3://tpch10289--apne1-az1--x-s3/1733.parquet\", \"s3://tpch10289--apne1-az1--x-s3/1734.parquet\", \"s3://tpch10289--apne1-az1--x-s3/1735.parquet\", \"s3://tpch10289--apne1-az1--x-s3/1736.parquet\", \"s3://tpch10289--apne1-az1--x-s3/1737.parquet\", \"s3://tpch10289--apne1-az1--x-s3/1738.parquet\", \"s3://tpch10289--apne1-az1--x-s3/1739.parquet\", \"s3://tpch10289--apne1-az1--x-s3/1740.parquet\", \"s3://tpch10289--apne1-az1--x-s3/1774.parquet\", \"s3://tpch10289--apne1-az1--x-s3/1777.parquet\", \"s3://tpch10289--apne1-az1--x-s3/1988.parquet\", \"s3://tpch10289--apne1-az1--x-s3/1989.parquet\", \"s3://tpch10289--apne1-az1--x-s3/1990.parquet\", \"s3://tpch10289--apne1-az1--x-s3/1991.parquet\", \"s3://tpch10289--apne1-az1--x-s3/1992.parquet\", \"s3://tpch10289--apne1-az1--x-s3/1993.parquet\", \"s3://tpch10289--apne1-az1--x-s3/1994.parquet\", \"s3://tpch10289--apne1-az1--x-s3/1995.parquet\", \"s3://tpch10289--apne1-az1--x-s3/1996.parquet\"])\n    WHERE\n        l_shipdate >= DATE '1992-01-01' + INTERVAL 23 MONTH\n        AND l_shipdate < DATE '1992-01-01' + INTERVAL 23 MONTH + INTERVAL 3 MONTH\n    GROUP BY\n        supplier_no\n)\nSELECT\n    s_suppkey,\n    s_name,\n    s_address,\n    s_phone,\n    total_revenue\nFROM\n    'pool/supplier/*.parquet',\n    revenue\nWHERE\n    s_suppkey = supplier_no\n    AND total_revenue = (\n        SELECT\n            max(total_revenue)\n        FROM\n            revenue\n    )\nORDER BY\n    s_suppkey;",
    "children": [
        {
            "result_set_size": 72,
            "operator_timing": 0.000029560999999999997,
            "operator_rows_scanned": 0,
            "cumulative_rows_scanned": 357344000,
            "operator_cardinality": 1,
            "operator_type": "ORDER_BY",
            "cumulative_cardinality": 283365973,
            "extra_info": {
                "Order By": "\"pool/supplier/*.parquet\".s_suppkey ASC"
            },
            "cpu_time": 64.22739296799999,
            "children": [
                {
                    "result_set_size": 72,
                    "operator_timing": 0.000001027,
                    "operator_rows_scanned": 0,
                    "cumulative_rows_scanned": 357344000,
                    "operator_cardinality": 1,
                    "operator_type": "PROJECTION",
                    "cumulative_cardinality": 283365972,
                    "extra_info": {
                        "Projections": [
                            "s_suppkey",
                            "s_name",
                            "s_address",
                            "s_phone",
                            "total_revenue"
                        ],
                        "Estimated Cardinality": "726700"
                    },
                    "cpu_time": 64.22736340699998,
                    "children": [
                        {
                            "result_set_size": 0,
                            "operator_timing": 0.06351782800000001,
                            "operator_rows_scanned": 0,
                            "cumulative_rows_scanned": 357344000,
                            "operator_cardinality": 0,
                            "operator_type": "CTE",
                            "cumulative_cardinality": 283365971,
                            "extra_info": {
                                "CTE Name": "revenue",
                                "Table Index": "0"
                            },
                            "cpu_time": 64.22736237999999,
                            "children": [
                                {
                                    "result_set_size": 120000000,
                                    "operator_timing": 20.991479726,
                                    "operator_rows_scanned": 0,
                                    "cumulative_rows_scanned": 232544000,
                                    "operator_cardinality": 5000000,
                                    "operator_type": "HASH_GROUP_BY",
                                    "cumulative_cardinality": 268365964,
                                    "extra_info": {
                                        "Groups": "#0",
                                        "Aggregates": "sum(#1)",
                                        "Estimated Cardinality": "726700"
                                    },
                                    "cpu_time": 64.07137718999999,
                                    "children": [
                                        {
                                            "result_set_size": 2106927712,
                                            "operator_timing": 0.8069232610000001,
                                            "operator_rows_scanned": 0,
                                            "cumulative_rows_scanned": 232544000,
                                            "operator_cardinality": 131682982,
                                            "operator_type": "PROJECTION",
                                            "cumulative_cardinality": 263365964,
                                            "extra_info": {
                                                "Projections": [
                                                    "supplier_no",
                                                    "(l_extendedprice * (1.00 - l_discount))"
                                                ],
                                                "Estimated Cardinality": "1453400"
                                            },
                                            "cpu_time": 43.079897463999984,
                                            "children": [
                                                {
                                                    "result_set_size": 3160391568,
                                                    "operator_timing": 42.27297420299998,
                                                    "operator_rows_scanned": 232544000,
                                                    "cumulative_rows_scanned": 232544000,
                                                    "operator_cardinality": 131682982,
                                                    "operator_type": "TABLE_SCAN",
                                                    "cumulative_cardinality": 131682982,
                                                    "extra_info": {
                                                        "Function": "READ_PARQUET",
                                                        "Projections": [
                                                            "l_suppkey",
                                                            "l_extendedprice",
                                                            "l_discount"
                                                        ],
                                                        "Filters": "l_shipdate>='1993-12-01'::DATE AND l_shipdate<'1994-03-01'::DATE AND l_shipdate IS NOT NULL",
                                                        "Estimated Cardinality": "1453400"
                                                    },
                                                    "cpu_time": 42.27297420299998,
                                                    "children": []
                                                }
                                            ]
                                        }
                                    ]
                                },
                                {
                                    "result_set_size": 96,
                                    "operator_timing": 0.00022691100000000002,
                                    "operator_rows_scanned": 0,
                                    "cumulative_rows_scanned": 124800000,
                                    "operator_cardinality": 1,
                                    "operator_type": "HASH_JOIN",
                                    "cumulative_cardinality": 15000007,
                                    "extra_info": {
                                        "Join Type": "INNER",
                                        "Conditions": "s_suppkey = supplier_no",
                                        "Estimated Cardinality": "0"
                                    },
                                    "cpu_time": 0.092467362,
                                    "children": [
                                        {
                                            "result_set_size": 56,
                                            "operator_timing": 0.024409057,
                                            "operator_rows_scanned": 124800000,
                                            "cumulative_rows_scanned": 124800000,
                                            "operator_cardinality": 1,
                                            "operator_type": "TABLE_SCAN",
                                            "cumulative_cardinality": 1,
                                            "extra_info": {
                                                "Function": "PARQUET_SCAN",
                                                "Projections": "",
                                                "Estimated Cardinality": "3900000"
                                            },
                                            "cpu_time": 0.024409057,
                                            "children": []
                                        },
                                        {
                                            "result_set_size": 40,
                                            "operator_timing": 0.027958490000000003,
                                            "operator_rows_scanned": 0,
                                            "cumulative_rows_scanned": 0,
                                            "operator_cardinality": 1,
                                            "operator_type": "HASH_JOIN",
                                            "cumulative_cardinality": 15000005,
                                            "extra_info": {
                                                "Join Type": "INNER",
                                                "Conditions": "total_revenue = SUBQUERY",
                                                "Estimated Cardinality": "0"
                                            },
                                            "cpu_time": 0.06783139399999999,
                                            "children": [
                                                {
                                                    "result_set_size": 120000000,
                                                    "operator_timing": 0.006970672000000001,
                                                    "operator_rows_scanned": 0,
                                                    "cumulative_rows_scanned": 0,
                                                    "operator_cardinality": 5000000,
                                                    "operator_type": "CTE_SCAN",
                                                    "cumulative_cardinality": 5000000,
                                                    "extra_info": {
                                                        "CTE Index": "0",
                                                        "Estimated Cardinality": "726700"
                                                    },
                                                    "cpu_time": 0.006970672000000001,
                                                    "children": []
                                                },
                                                {
                                                    "result_set_size": 16,
                                                    "operator_timing": 0.000002813,
                                                    "operator_rows_scanned": 0,
                                                    "cumulative_rows_scanned": 0,
                                                    "operator_cardinality": 1,
                                                    "operator_type": "PROJECTION",
                                                    "cumulative_cardinality": 10000004,
                                                    "extra_info": {
                                                        "Projections": [
                                                            "CASE  WHEN ((#1 > 1)) THEN (error('More than one row returned by a subquery used as an expression - scalar subqueries can only return a single row.",
                                                            "Use \"SET scalar_subquery_error_on_multiple_rows=false\" to revert to previous behavior of returning a random row.')) ELSE #0 END"
                                                        ],
                                                        "Estimated Cardinality": "1"
                                                    },
                                                    "cpu_time": 0.032902232,
                                                    "children": [
                                                        {
                                                            "result_set_size": 24,
                                                            "operator_timing": 0.000001967,
                                                            "operator_rows_scanned": 0,
                                                            "cumulative_rows_scanned": 0,
                                                            "operator_cardinality": 1,
                                                            "operator_type": "UNGROUPED_AGGREGATE",
                                                            "cumulative_cardinality": 10000003,
                                                            "extra_info": {
                                                                "Aggregates": [
                                                                    "\"first\"(#0)",
                                                                    "count_star()"
                                                                ]
                                                            },
                                                            "cpu_time": 0.032899419,
                                                            "children": [
                                                                {
                                                                    "result_set_size": 16,
                                                                    "operator_timing": 3.23e-7,
                                                                    "operator_rows_scanned": 0,
                                                                    "cumulative_rows_scanned": 0,
                                                                    "operator_cardinality": 1,
                                                                    "operator_type": "PROJECTION",
                                                                    "cumulative_cardinality": 10000002,
                                                                    "extra_info": {
                                                                        "Projections": "#0",
                                                                        "Estimated Cardinality": "1"
                                                                    },
                                                                    "cpu_time": 0.032897452,
                                                                    "children": [
                                                                        {
                                                                            "result_set_size": 16,
                                                                            "operator_timing": 0.007504708,
                                                                            "operator_rows_scanned": 0,
                                                                            "cumulative_rows_scanned": 0,
                                                                            "operator_cardinality": 1,
                                                                            "operator_type": "UNGROUPED_AGGREGATE",
                                                                            "cumulative_cardinality": 10000001,
                                                                            "extra_info": {
                                                                                "Aggregates": "max(#0)"
                                                                            },
                                                                            "cpu_time": 0.032897129,
                                                                            "children": [
                                                                                {
                                                                                    "result_set_size": 80000000,
                                                                                    "operator_timing": 0.000313294,
                                                                                    "operator_rows_scanned": 0,
                                                                                    "cumulative_rows_scanned": 0,
                                                                                    "operator_cardinality": 5000000,
                                                                                    "operator_type": "PROJECTION",
                                                                                    "cumulative_cardinality": 10000000,
                                                                                    "extra_info": {
                                                                                        "Projections": "total_revenue",
                                                                                        "Estimated Cardinality": "726700"
                                                                                    },
                                                                                    "cpu_time": 0.025392420999999995,
                                                                                    "children": [
                                                                                        {
                                                                                            "result_set_size": 120000000,
                                                                                            "operator_timing": 0.025079126999999996,
                                                                                            "operator_rows_scanned": 0,
                                                                                            "cumulative_rows_scanned": 0,
                                                                                            "operator_cardinality": 5000000,
                                                                                            "operator_type": "CTE_SCAN",
                                                                                            "cumulative_cardinality": 5000000,
                                                                                            "extra_info": {
                                                                                                "CTE Index": "0",
                                                                                                "Estimated Cardinality": "726700"
                                                                                            },
                                                                                            "cpu_time": 0.025079126999999996,
                                                                                            "children": []
                                                                                        }
                                                                                    ]
                                                                                }
                                                                            ]
                                                                        }
                                                                    ]
                                                                }
                                                            ]
                                                        }
                                                    ]
                                                }
                                            ]
                                        }
                                    ]
                                }
                            ]
                        }
                    ]
                }
            ]
        }
    ]
}