{
    "rows_returned": 45060,
    "latency": 6.739731324,
    "result_set_size": 1441920,
    "cumulative_rows_scanned": 13266656025,
    "cumulative_cardinality": 733871120,
    "extra_info": {},
    "cpu_time": 188.24102318699997,
    "blocked_thread_time": 0.02,
    "query_name": "SELECT\n    s_name,\n    s_address\nFROM\n    'pool/supplier/*.parquet',\n    'pool/nation.parquet'\nWHERE\n    s_suppkey IN (\n        SELECT\n            ps_suppkey\n        FROM\n            'pool/partsupp/*.parquet'\n        WHERE\n            ps_partkey IN (\n                SELECT\n                    p_partkey\n                FROM\n                    'pool/part/*.parquet'\n                WHERE\n                    p_name LIKE 'sky%')\n                AND ps_availqty > (\n                    SELECT\n                        0.5 * sum(l_quantity)\n                    FROM\n                        read_parquet([\"s3://tpch10289--apne1-az1--x-s3/-61.parquet\", \"s3://tpch10289--apne1-az1--x-s3/-60.parquet\", \"s3://tpch10289--apne1-az1--x-s3/14.parquet\", \"s3://tpch10289--apne1-az1--x-s3/16.parquet\", \"s3://tpch10289--apne1-az1--x-s3/17.parquet\", \"s3://tpch10289--apne1-az1--x-s3/130.parquet\", \"s3://tpch10289--apne1-az1--x-s3/132.parquet\", \"s3://tpch10289--apne1-az1--x-s3/133.parquet\", \"s3://tpch10289--apne1-az1--x-s3/142.parquet\", \"s3://tpch10289--apne1-az1--x-s3/143.parquet\", \"s3://tpch10289--apne1-az1--x-s3/144.parquet\", \"s3://tpch10289--apne1-az1--x-s3/145.parquet\", \"s3://tpch10289--apne1-az1--x-s3/146.parquet\", \"s3://tpch10289--apne1-az1--x-s3/147.parquet\", \"s3://tpch10289--apne1-az1--x-s3/149.parquet\", \"s3://tpch10289--apne1-az1--x-s3/156.parquet\", \"s3://tpch10289--apne1-az1--x-s3/157.parquet\", \"s3://tpch10289--apne1-az1--x-s3/158.parquet\", \"s3://tpch10289--apne1-az1--x-s3/160.parquet\", \"s3://tpch10289--apne1-az1--x-s3/163.parquet\", \"s3://tpch10289--apne1-az1--x-s3/164.parquet\", \"s3://tpch10289--apne1-az1--x-s3/166.parquet\", \"s3://tpch10289--apne1-az1--x-s3/169.parquet\", \"s3://tpch10289--apne1-az1--x-s3/170.parquet\", \"s3://tpch10289--apne1-az1--x-s3/172.parquet\", \"s3://tpch10289--apne1-az1--x-s3/213.parquet\", \"s3://tpch10289--apne1-az1--x-s3/214.parquet\", \"s3://tpch10289--apne1-az1--x-s3/215.parquet\", \"s3://tpch10289--apne1-az1--x-s3/216.parquet\", \"s3://tpch10289--apne1-az1--x-s3/217.parquet\", \"s3://tpch10289--apne1-az1--x-s3/218.parquet\", \"s3://tpch10289--apne1-az1--x-s3/219.parquet\", \"s3://tpch10289--apne1-az1--x-s3/220.parquet\", \"s3://tpch10289--apne1-az1--x-s3/221.parquet\", \"s3://tpch10289--apne1-az1--x-s3/222.parquet\", \"s3://tpch10289--apne1-az1--x-s3/223.parquet\", \"s3://tpch10289--apne1-az1--x-s3/224.parquet\", \"s3://tpch10289--apne1-az1--x-s3/225.parquet\", \"s3://tpch10289--apne1-az1--x-s3/226.parquet\", \"s3://tpch10289--apne1-az1--x-s3/227.parquet\", \"s3://tpch10289--apne1-az1--x-s3/228.parquet\", \"s3://tpch10289--apne1-az1--x-s3/229.parquet\", \"s3://tpch10289--apne1-az1--x-s3/230.parquet\", \"s3://tpch10289--apne1-az1--x-s3/231.parquet\", \"s3://tpch10289--apne1-az1--x-s3/232.parquet\", \"s3://tpch10289--apne1-az1--x-s3/233.parquet\", \"s3://tpch10289--apne1-az1--x-s3/234.parquet\", \"s3://tpch10289--apne1-az1--x-s3/235.parquet\", \"s3://tpch10289--apne1-az1--x-s3/236.parquet\", \"s3://tpch10289--apne1-az1--x-s3/378.parquet\", \"s3://tpch10289--apne1-az1--x-s3/379.parquet\", \"s3://tpch10289--apne1-az1--x-s3/380.parquet\", \"s3://tpch10289--apne1-az1--x-s3/381.parquet\", \"s3://tpch10289--apne1-az1--x-s3/382.parquet\", \"s3://tpch10289--apne1-az1--x-s3/383.parquet\", \"s3://tpch10289--apne1-az1--x-s3/385.parquet\", \"s3://tpch10289--apne1-az1--x-s3/386.parquet\", \"s3://tpch10289--apne1-az1--x-s3/387.parquet\", \"s3://tpch10289--apne1-az1--x-s3/388.parquet\", \"s3://tpch10289--apne1-az1--x-s3/389.parquet\", \"s3://tpch10289--apne1-az1--x-s3/391.parquet\", \"s3://tpch10289--apne1-az1--x-s3/392.parquet\", \"s3://tpch10289--apne1-az1--x-s3/393.parquet\", \"s3://tpch10289--apne1-az1--x-s3/394.parquet\", \"s3://tpch10289--apne1-az1--x-s3/395.parquet\", \"s3://tpch10289--apne1-az1--x-s3/396.parquet\", \"s3://tpch10289--apne1-az1--x-s3/397.parquet\", \"s3://tpch10289--apne1-az1--x-s3/398.parquet\", \"s3://tpch10289--apne1-az1--x-s3/399.parquet\", \"s3://tpch10289--apne1-az1--x-s3/400.parquet\", \"s3://tpch10289--apne1-az1--x-s3/401.parquet\", \"s3://tpch10289--apne1-az1--x-s3/402.parquet\", \"s3://tpch10289--apne1-az1--x-s3/403.parquet\", \"s3://tpch10289--apne1-az1--x-s3/404.parquet\", \"s3://tpch10289--apne1-az1--x-s3/405.parquet\", \"s3://tpch10289--apne1-az1--x-s3/406.parquet\", \"s3://tpch10289--apne1-az1--x-s3/407.parquet\", \"s3://tpch10289--apne1-az1--x-s3/408.parquet\", \"s3://tpch10289--apne1-az1--x-s3/409.parquet\", \"s3://tpch10289--apne1-az1--x-s3/410.parquet\", \"s3://tpch10289--apne1-az1--x-s3/411.parquet\", \"s3://tpch10289--apne1-az1--x-s3/412.parquet\", \"s3://tpch10289--apne1-az1--x-s3/413.parquet\", \"s3://tpch10289--apne1-az1--x-s3/414.parquet\", \"s3://tpch10289--apne1-az1--x-s3/415.parquet\", \"s3://tpch10289--apne1-az1--x-s3/416.parquet\", \"s3://tpch10289--apne1-az1--x-s3/417.parquet\", \"s3://tpch10289--apne1-az1--x-s3/418.parquet\", \"s3://tpch10289--apne1-az1--x-s3/419.parquet\", \"s3://tpch10289--apne1-az1--x-s3/420.parquet\", \"s3://tpch10289--apne1-az1--x-s3/421.parquet\", \"s3://tpch10289--apne1-az1--x-s3/422.parquet\", \"s3://tpch10289--apne1-az1--x-s3/423.parquet\", \"s3://tpch10289--apne1-az1--x-s3/424.parquet\", \"s3://tpch10289--apne1-az1--x-s3/455.parquet\", \"s3://tpch10289--apne1-az1--x-s3/456.parquet\", \"s3://tpch10289--apne1-az1--x-s3/457.parquet\", \"s3://tpch10289--apne1-az1--x-s3/458.parquet\", \"s3://tpch10289--apne1-az1--x-s3/459.parquet\", \"s3://tpch10289--apne1-az1--x-s3/461.parquet\", \"s3://tpch10289--apne1-az1--x-s3/462.parquet\", \"s3://tpch10289--apne1-az1--x-s3/463.parquet\", \"s3://tpch10289--apne1-az1--x-s3/464.parquet\", \"s3://tpch10289--apne1-az1--x-s3/465.parquet\", \"s3://tpch10289--apne1-az1--x-s3/466.parquet\", \"s3://tpch10289--apne1-az1--x-s3/467.parquet\", \"s3://tpch10289--apne1-az1--x-s3/468.parquet\", \"s3://tpch10289--apne1-az1--x-s3/469.parquet\", \"s3://tpch10289--apne1-az1--x-s3/470.parquet\", \"s3://tpch10289--apne1-az1--x-s3/471.parquet\", \"s3://tpch10289--apne1-az1--x-s3/472.parquet\", \"s3://tpch10289--apne1-az1--x-s3/473.parquet\", \"s3://tpch10289--apne1-az1--x-s3/474.parquet\", \"s3://tpch10289--apne1-az1--x-s3/475.parquet\", \"s3://tpch10289--apne1-az1--x-s3/476.parquet\", \"s3://tpch10289--apne1-az1--x-s3/477.parquet\", \"s3://tpch10289--apne1-az1--x-s3/478.parquet\", \"s3://tpch10289--apne1-az1--x-s3/479.parquet\", \"s3://tpch10289--apne1-az1--x-s3/480.parquet\", \"s3://tpch10289--apne1-az1--x-s3/481.parquet\", \"s3://tpch10289--apne1-az1--x-s3/482.parquet\", \"s3://tpch10289--apne1-az1--x-s3/483.parquet\", \"s3://tpch10289--apne1-az1--x-s3/484.parquet\", \"s3://tpch10289--apne1-az1--x-s3/485.parquet\", \"s3://tpch10289--apne1-az1--x-s3/486.parquet\", \"s3://tpch10289--apne1-az1--x-s3/487.parquet\", \"s3://tpch10289--apne1-az1--x-s3/488.parquet\", \"s3://tpch10289--apne1-az1--x-s3/489.parquet\", \"s3://tpch10289--apne1-az1--x-s3/490.parquet\", \"s3://tpch10289--apne1-az1--x-s3/491.parquet\", \"s3://tpch10289--apne1-az1--x-s3/492.parquet\", \"s3://tpch10289--apne1-az1--x-s3/493.parquet\", \"s3://tpch10289--apne1-az1--x-s3/494.parquet\", \"s3://tpch10289--apne1-az1--x-s3/495.parquet\", \"s3://tpch10289--apne1-az1--x-s3/497.parquet\", \"s3://tpch10289--apne1-az1--x-s3/498.parquet\", \"s3://tpch10289--apne1-az1--x-s3/499.parquet\", \"s3://tpch10289--apne1-az1--x-s3/500.parquet\", \"s3://tpch10289--apne1-az1--x-s3/501.parquet\", \"s3://tpch10289--apne1-az1--x-s3/502.parquet\", \"s3://tpch10289--apne1-az1--x-s3/503.parquet\", \"s3://tpch10289--apne1-az1--x-s3/504.parquet\", \"s3://tpch10289--apne1-az1--x-s3/505.parquet\", \"s3://tpch10289--apne1-az1--x-s3/506.parquet\", \"s3://tpch10289--apne1-az1--x-s3/507.parquet\", \"s3://tpch10289--apne1-az1--x-s3/508.parquet\", \"s3://tpch10289--apne1-az1--x-s3/509.parquet\", \"s3://tpch10289--apne1-az1--x-s3/510.parquet\", \"s3://tpch10289--apne1-az1--x-s3/511.parquet\", \"s3://tpch10289--apne1-az1--x-s3/512.parquet\", \"s3://tpch10289--apne1-az1--x-s3/513.parquet\", \"s3://tpch10289--apne1-az1--x-s3/514.parquet\", \"s3://tpch10289--apne1-az1--x-s3/515.parquet\", \"s3://tpch10289--apne1-az1--x-s3/516.parquet\", \"s3://tpch10289--apne1-az1--x-s3/517.parquet\", \"s3://tpch10289--apne1-az1--x-s3/518.parquet\", \"s3://tpch10289--apne1-az1--x-s3/519.parquet\", \"s3://tpch10289--apne1-az1--x-s3/520.parquet\", \"s3://tpch10289--apne1-az1--x-s3/521.parquet\", \"s3://tpch10289--apne1-az1--x-s3/522.parquet\", \"s3://tpch10289--apne1-az1--x-s3/523.parquet\", \"s3://tpch10289--apne1-az1--x-s3/524.parquet\", \"s3://tpch10289--apne1-az1--x-s3/525.parquet\", \"s3://tpch10289--apne1-az1--x-s3/526.parquet\", \"s3://tpch10289--apne1-az1--x-s3/527.parquet\", \"s3://tpch10289--apne1-az1--x-s3/569.parquet\", \"s3://tpch10289--apne1-az1--x-s3/582.parquet\", \"s3://tpch10289--apne1-az1--x-s3/591.parquet\", \"s3://tpch10289--apne1-az1--x-s3/596.parquet\", \"s3://tpch10289--apne1-az1--x-s3/602.parquet\", \"s3://tpch10289--apne1-az1--x-s3/610.parquet\", \"s3://tpch10289--apne1-az1--x-s3/613.parquet\", \"s3://tpch10289--apne1-az1--x-s3/616.parquet\", \"s3://tpch10289--apne1-az1--x-s3/627.parquet\", \"s3://tpch10289--apne1-az1--x-s3/633.parquet\", \"s3://tpch10289--apne1-az1--x-s3/639.parquet\", \"s3://tpch10289--apne1-az1--x-s3/640.parquet\", \"s3://tpch10289--apne1-az1--x-s3/641.parquet\", \"s3://tpch10289--apne1-az1--x-s3/642.parquet\", \"s3://tpch10289--apne1-az1--x-s3/643.parquet\", \"s3://tpch10289--apne1-az1--x-s3/644.parquet\", \"s3://tpch10289--apne1-az1--x-s3/645.parquet\", \"s3://tpch10289--apne1-az1--x-s3/646.parquet\", \"s3://tpch10289--apne1-az1--x-s3/647.parquet\", \"s3://tpch10289--apne1-az1--x-s3/648.parquet\", \"s3://tpch10289--apne1-az1--x-s3/649.parquet\", \"s3://tpch10289--apne1-az1--x-s3/650.parquet\", \"s3://tpch10289--apne1-az1--x-s3/651.parquet\", \"s3://tpch10289--apne1-az1--x-s3/652.parquet\", \"s3://tpch10289--apne1-az1--x-s3/653.parquet\", \"s3://tpch10289--apne1-az1--x-s3/654.parquet\", \"s3://tpch10289--apne1-az1--x-s3/1023.parquet\", \"s3://tpch10289--apne1-az1--x-s3/1024.parquet\", \"s3://tpch10289--apne1-az1--x-s3/1025.parquet\", \"s3://tpch10289--apne1-az1--x-s3/1026.parquet\", \"s3://tpch10289--apne1-az1--x-s3/1027.parquet\", \"s3://tpch10289--apne1-az1--x-s3/1028.parquet\", \"s3://tpch10289--apne1-az1--x-s3/1029.parquet\", \"s3://tpch10289--apne1-az1--x-s3/1030.parquet\", \"s3://tpch10289--apne1-az1--x-s3/1031.parquet\", \"s3://tpch10289--apne1-az1--x-s3/1032.parquet\", \"s3://tpch10289--apne1-az1--x-s3/1033.parquet\", \"s3://tpch10289--apne1-az1--x-s3/1034.parquet\", \"s3://tpch10289--apne1-az1--x-s3/1035.parquet\", \"s3://tpch10289--apne1-az1--x-s3/1036.parquet\", \"s3://tpch10289--apne1-az1--x-s3/1037.parquet\", \"s3://tpch10289--apne1-az1--x-s3/1038.parquet\", \"s3://tpch10289--apne1-az1--x-s3/1039.parquet\", \"s3://tpch10289--apne1-az1--x-s3/1040.parquet\", \"s3://tpch10289--apne1-az1--x-s3/1041.parquet\", \"s3://tpch10289--apne1-az1--x-s3/1042.parquet\", \"s3://tpch10289--apne1-az1--x-s3/1043.parquet\", \"s3://tpch10289--apne1-az1--x-s3/1044.parquet\", \"s3://tpch10289--apne1-az1--x-s3/1045.parquet\", \"s3://tpch10289--apne1-az1--x-s3/1046.parquet\", \"s3://tpch10289--apne1-az1--x-s3/1047.parquet\", \"s3://tpch10289--apne1-az1--x-s3/1048.parquet\", \"s3://tpch10289--apne1-az1--x-s3/1049.parquet\", \"s3://tpch10289--apne1-az1--x-s3/1050.parquet\", \"s3://tpch10289--apne1-az1--x-s3/1051.parquet\", \"s3://tpch10289--apne1-az1--x-s3/1052.parquet\", \"s3://tpch10289--apne1-az1--x-s3/1053.parquet\", \"s3://tpch10289--apne1-az1--x-s3/1054.parquet\", \"s3://tpch10289--apne1-az1--x-s3/1055.parquet\", \"s3://tpch10289--apne1-az1--x-s3/1056.parquet\", \"s3://tpch10289--apne1-az1--x-s3/1057.parquet\", \"s3://tpch10289--apne1-az1--x-s3/1058.parquet\", \"s3://tpch10289--apne1-az1--x-s3/1059.parquet\", \"s3://tpch10289--apne1-az1--x-s3/1060.parquet\", \"s3://tpch10289--apne1-az1--x-s3/1061.parquet\", \"s3://tpch10289--apne1-az1--x-s3/1062.parquet\", \"s3://tpch10289--apne1-az1--x-s3/1063.parquet\", \"s3://tpch10289--apne1-az1--x-s3/1067.parquet\", \"s3://tpch10289--apne1-az1--x-s3/1068.parquet\", \"s3://tpch10289--apne1-az1--x-s3/1069.parquet\", \"s3://tpch10289--apne1-az1--x-s3/1071.parquet\", \"s3://tpch10289--apne1-az1--x-s3/1072.parquet\", \"s3://tpch10289--apne1-az1--x-s3/1073.parquet\", \"s3://tpch10289--apne1-az1--x-s3/1074.parquet\", \"s3://tpch10289--apne1-az1--x-s3/1075.parquet\", \"s3://tpch10289--apne1-az1--x-s3/1076.parquet\", \"s3://tpch10289--apne1-az1--x-s3/1077.parquet\", \"s3://tpch10289--apne1-az1--x-s3/1078.parquet\", \"s3://tpch10289--apne1-az1--x-s3/1079.parquet\", \"s3://tpch10289--apne1-az1--x-s3/1080.parquet\", \"s3://tpch10289--apne1-az1--x-s3/1081.parquet\", \"s3://tpch10289--apne1-az1--x-s3/1082.parquet\", \"s3://tpch10289--apne1-az1--x-s3/1083.parquet\", \"s3://tpch10289--apne1-az1--x-s3/1084.parquet\", \"s3://tpch10289--apne1-az1--x-s3/1085.parquet\", \"s3://tpch10289--apne1-az1--x-s3/1086.parquet\", \"s3://tpch10289--apne1-az1--x-s3/1087.parquet\", \"s3://tpch10289--apne1-az1--x-s3/1088.parquet\", \"s3://tpch10289--apne1-az1--x-s3/1089.parquet\", \"s3://tpch10289--apne1-az1--x-s3/1090.parquet\", \"s3://tpch10289--apne1-az1--x-s3/1091.parquet\", \"s3://tpch10289--apne1-az1--x-s3/1092.parquet\", \"s3://tpch10289--apne1-az1--x-s3/1093.parquet\", \"s3://tpch10289--apne1-az1--x-s3/1094.parquet\", \"s3://tpch10289--apne1-az1--x-s3/1095.parquet\", \"s3://tpch10289--apne1-az1--x-s3/1096.parquet\", \"s3://tpch10289--apne1-az1--x-s3/1097.parquet\", \"s3://tpch10289--apne1-az1--x-s3/1098.parquet\", \"s3://tpch10289--apne1-az1--x-s3/1099.parquet\", \"s3://tpch10289--apne1-az1--x-s3/1100.parquet\", \"s3://tpch10289--apne1-az1--x-s3/1101.parquet\", \"s3://tpch10289--apne1-az1--x-s3/1102.parquet\", \"s3://tpch10289--apne1-az1--x-s3/1103.parquet\", \"s3://tpch10289--apne1-az1--x-s3/1104.parquet\", \"s3://tpch10289--apne1-az1--x-s3/1105.parquet\", \"s3://tpch10289--apne1-az1--x-s3/1106.parquet\", \"s3://tpch10289--apne1-az1--x-s3/1107.parquet\", \"s3://tpch10289--apne1-az1--x-s3/1108.parquet\", \"s3://tpch10289--apne1-az1--x-s3/1109.parquet\", \"s3://tpch10289--apne1-az1--x-s3/1110.parquet\", \"s3://tpch10289--apne1-az1--x-s3/1111.parquet\", \"s3://tpch10289--apne1-az1--x-s3/1112.parquet\", \"s3://tpch10289--apne1-az1--x-s3/1113.parquet\", \"s3://tpch10289--apne1-az1--x-s3/1114.parquet\", \"s3://tpch10289--apne1-az1--x-s3/1115.parquet\", \"s3://tpch10289--apne1-az1--x-s3/1116.parquet\", \"s3://tpch10289--apne1-az1--x-s3/1117.parquet\", \"s3://tpch10289--apne1-az1--x-s3/1118.parquet\", \"s3://tpch10289--apne1-az1--x-s3/1119.parquet\", \"s3://tpch10289--apne1-az1--x-s3/1120.parquet\", \"s3://tpch10289--apne1-az1--x-s3/1121.parquet\", \"s3://tpch10289--apne1-az1--x-s3/1122.parquet\", \"s3://tpch10289--apne1-az1--x-s3/1123.parquet\", \"s3://tpch10289--apne1-az1--x-s3/1206.parquet\", \"s3://tpch10289--apne1-az1--x-s3/1207.parquet\", \"s3://tpch10289--apne1-az1--x-s3/1208.parquet\", \"s3://tpch10289--apne1-az1--x-s3/1209.parquet\", \"s3://tpch10289--apne1-az1--x-s3/1210.parquet\", \"s3://tpch10289--apne1-az1--x-s3/1211.parquet\", \"s3://tpch10289--apne1-az1--x-s3/1212.parquet\", \"s3://tpch10289--apne1-az1--x-s3/1213.parquet\", \"s3://tpch10289--apne1-az1--x-s3/1214.parquet\", \"s3://tpch10289--apne1-az1--x-s3/1215.parquet\", \"s3://tpch10289--apne1-az1--x-s3/1216.parquet\", \"s3://tpch10289--apne1-az1--x-s3/1217.parquet\", \"s3://tpch10289--apne1-az1--x-s3/1218.parquet\", \"s3://tpch10289--apne1-az1--x-s3/1219.parquet\", \"s3://tpch10289--apne1-az1--x-s3/1220.parquet\", \"s3://tpch10289--apne1-az1--x-s3/1221.parquet\", \"s3://tpch10289--apne1-az1--x-s3/1222.parquet\", \"s3://tpch10289--apne1-az1--x-s3/1223.parquet\", \"s3://tpch10289--apne1-az1--x-s3/1224.parquet\", \"s3://tpch10289--apne1-az1--x-s3/1225.parquet\", \"s3://tpch10289--apne1-az1--x-s3/1226.parquet\", \"s3://tpch10289--apne1-az1--x-s3/1227.parquet\", \"s3://tpch10289--apne1-az1--x-s3/1228.parquet\", \"s3://tpch10289--apne1-az1--x-s3/1229.parquet\", \"s3://tpch10289--apne1-az1--x-s3/1230.parquet\", \"s3://tpch10289--apne1-az1--x-s3/1231.parquet\", \"s3://tpch10289--apne1-az1--x-s3/1232.parquet\", \"s3://tpch10289--apne1-az1--x-s3/1233.parquet\", \"s3://tpch10289--apne1-az1--x-s3/1234.parquet\", \"s3://tpch10289--apne1-az1--x-s3/1235.parquet\", \"s3://tpch10289--apne1-az1--x-s3/1236.parquet\", \"s3://tpch10289--apne1-az1--x-s3/1237.parquet\", \"s3://tpch10289--apne1-az1--x-s3/1238.parquet\", \"s3://tpch10289--apne1-az1--x-s3/1239.parquet\", \"s3://tpch10289--apne1-az1--x-s3/1240.parquet\", \"s3://tpch10289--apne1-az1--x-s3/1241.parquet\", \"s3://tpch10289--apne1-az1--x-s3/1242.parquet\", \"s3://tpch10289--apne1-az1--x-s3/1243.parquet\", \"s3://tpch10289--apne1-az1--x-s3/1244.parquet\", \"s3://tpch10289--apne1-az1--x-s3/1245.parquet\", \"s3://tpch10289--apne1-az1--x-s3/1246.parquet\", \"s3://tpch10289--apne1-az1--x-s3/1247.parquet\", \"s3://tpch10289--apne1-az1--x-s3/1248.parquet\", \"s3://tpch10289--apne1-az1--x-s3/1249.parquet\", \"s3://tpch10289--apne1-az1--x-s3/1250.parquet\", \"s3://tpch10289--apne1-az1--x-s3/1251.parquet\", \"s3://tpch10289--apne1-az1--x-s3/1252.parquet\", \"s3://tpch10289--apne1-az1--x-s3/1253.parquet\", \"s3://tpch10289--apne1-az1--x-s3/1254.parquet\", \"s3://tpch10289--apne1-az1--x-s3/1255.parquet\", \"s3://tpch10289--apne1-az1--x-s3/1256.parquet\", \"s3://tpch10289--apne1-az1--x-s3/1257.parquet\", \"s3://tpch10289--apne1-az1--x-s3/1258.parquet\", \"s3://tpch10289--apne1-az1--x-s3/1259.parquet\", \"s3://tpch10289--apne1-az1--x-s3/1260.parquet\", \"s3://tpch10289--apne1-az1--x-s3/1261.parquet\", \"s3://tpch10289--apne1-az1--x-s3/1262.parquet\", \"s3://tpch10289--apne1-az1--x-s3/1263.parquet\", \"s3://tpch10289--apne1-az1--x-s3/1264.parquet\", \"s3://tpch10289--apne1-az1--x-s3/1265.parquet\", \"s3://tpch10289--apne1-az1--x-s3/1266.parquet\", \"s3://tpch10289--apne1-az1--x-s3/1277.parquet\", \"s3://tpch10289--apne1-az1--x-s3/1298.parquet\", \"s3://tpch10289--apne1-az1--x-s3/1299.parquet\", \"s3://tpch10289--apne1-az1--x-s3/1300.parquet\", \"s3://tpch10289--apne1-az1--x-s3/1301.parquet\", \"s3://tpch10289--apne1-az1--x-s3/1302.parquet\", \"s3://tpch10289--apne1-az1--x-s3/1303.parquet\", \"s3://tpch10289--apne1-az1--x-s3/1304.parquet\", \"s3://tpch10289--apne1-az1--x-s3/1305.parquet\", \"s3://tpch10289--apne1-az1--x-s3/1306.parquet\", \"s3://tpch10289--apne1-az1--x-s3/1307.parquet\", \"s3://tpch10289--apne1-az1--x-s3/1308.parquet\", \"s3://tpch10289--apne1-az1--x-s3/1309.parquet\", \"s3://tpch10289--apne1-az1--x-s3/1310.parquet\", \"s3://tpch10289--apne1-az1--x-s3/1311.parquet\", \"s3://tpch10289--apne1-az1--x-s3/1312.parquet\", \"s3://tpch10289--apne1-az1--x-s3/1313.parquet\", \"s3://tpch10289--apne1-az1--x-s3/1314.parquet\", \"s3://tpch10289--apne1-az1--x-s3/1315.parquet\", \"s3://tpch10289--apne1-az1--x-s3/1316.parquet\", \"s3://tpch10289--apne1-az1--x-s3/1317.parquet\", \"s3://tpch10289--apne1-az1--x-s3/1318.parquet\", \"s3://tpch10289--apne1-az1--x-s3/1319.parquet\", \"s3://tpch10289--apne1-az1--x-s3/1320.parquet\", \"s3://tpch10289--apne1-az1--x-s3/1321.parquet\", \"s3://tpch10289--apne1-az1--x-s3/1322.parquet\", \"s3://tpch10289--apne1-az1--x-s3/1323.parquet\", \"s3://tpch10289--apne1-az1--x-s3/1324.parquet\", \"s3://tpch10289--apne1-az1--x-s3/1325.parquet\", \"s3://tpch10289--apne1-az1--x-s3/1326.parquet\", \"s3://tpch10289--apne1-az1--x-s3/1327.parquet\", \"s3://tpch10289--apne1-az1--x-s3/1328.parquet\", \"s3://tpch10289--apne1-az1--x-s3/1329.parquet\", \"s3://tpch10289--apne1-az1--x-s3/1330.parquet\", \"s3://tpch10289--apne1-az1--x-s3/1331.parquet\", \"s3://tpch10289--apne1-az1--x-s3/1332.parquet\", \"s3://tpch10289--apne1-az1--x-s3/1333.parquet\", \"s3://tpch10289--apne1-az1--x-s3/1334.parquet\", \"s3://tpch10289--apne1-az1--x-s3/1335.parquet\", \"s3://tpch10289--apne1-az1--x-s3/1336.parquet\", \"s3://tpch10289--apne1-az1--x-s3/1337.parquet\", \"s3://tpch10289--apne1-az1--x-s3/1338.parquet\", \"s3://tpch10289--apne1-az1--x-s3/1339.parquet\", \"s3://tpch10289--apne1-az1--x-s3/1340.parquet\", \"s3://tpch10289--apne1-az1--x-s3/1341.parquet\", \"s3://tpch10289--apne1-az1--x-s3/1342.parquet\", \"s3://tpch10289--apne1-az1--x-s3/1343.parquet\", \"s3://tpch10289--apne1-az1--x-s3/1344.parquet\", \"s3://tpch10289--apne1-az1--x-s3/1345.parquet\", \"s3://tpch10289--apne1-az1--x-s3/1346.parquet\", \"s3://tpch10289--apne1-az1--x-s3/1347.parquet\", \"s3://tpch10289--apne1-az1--x-s3/1348.parquet\", \"s3://tpch10289--apne1-az1--x-s3/1349.parquet\", \"s3://tpch10289--apne1-az1--x-s3/1350.parquet\", \"s3://tpch10289--apne1-az1--x-s3/1352.parquet\", \"s3://tpch10289--apne1-az1--x-s3/1353.parquet\", \"s3://tpch10289--apne1-az1--x-s3/1354.parquet\", \"s3://tpch10289--apne1-az1--x-s3/1355.parquet\", \"s3://tpch10289--apne1-az1--x-s3/1356.parquet\", \"s3://tpch10289--apne1-az1--x-s3/1357.parquet\", \"s3://tpch10289--apne1-az1--x-s3/1358.parquet\", \"s3://tpch10289--apne1-az1--x-s3/1359.parquet\", \"s3://tpch10289--apne1-az1--x-s3/1360.parquet\", \"s3://tpch10289--apne1-az1--x-s3/1361.parquet\", \"s3://tpch10289--apne1-az1--x-s3/1362.parquet\", \"s3://tpch10289--apne1-az1--x-s3/1363.parquet\", \"s3://tpch10289--apne1-az1--x-s3/1420.parquet\", \"s3://tpch10289--apne1-az1--x-s3/1421.parquet\", \"s3://tpch10289--apne1-az1--x-s3/1422.parquet\", \"s3://tpch10289--apne1-az1--x-s3/1423.parquet\", \"s3://tpch10289--apne1-az1--x-s3/1424.parquet\", \"s3://tpch10289--apne1-az1--x-s3/1425.parquet\", \"s3://tpch10289--apne1-az1--x-s3/1426.parquet\", \"s3://tpch10289--apne1-az1--x-s3/1427.parquet\", \"s3://tpch10289--apne1-az1--x-s3/1428.parquet\", \"s3://tpch10289--apne1-az1--x-s3/1429.parquet\", \"s3://tpch10289--apne1-az1--x-s3/1430.parquet\", \"s3://tpch10289--apne1-az1--x-s3/1431.parquet\", \"s3://tpch10289--apne1-az1--x-s3/1432.parquet\", \"s3://tpch10289--apne1-az1--x-s3/1433.parquet\", \"s3://tpch10289--apne1-az1--x-s3/1434.parquet\", \"s3://tpch10289--apne1-az1--x-s3/1435.parquet\", \"s3://tpch10289--apne1-az1--x-s3/1436.parquet\", \"s3://tpch10289--apne1-az1--x-s3/1437.parquet\", \"s3://tpch10289--apne1-az1--x-s3/1438.parquet\", \"s3://tpch10289--apne1-az1--x-s3/1439.parquet\", \"s3://tpch10289--apne1-az1--x-s3/1440.parquet\", \"s3://tpch10289--apne1-az1--x-s3/1441.parquet\", \"s3://tpch10289--apne1-az1--x-s3/1442.parquet\", \"s3://tpch10289--apne1-az1--x-s3/1443.parquet\", \"s3://tpch10289--apne1-az1--x-s3/1444.parquet\", \"s3://tpch10289--apne1-az1--x-s3/1445.parquet\", \"s3://tpch10289--apne1-az1--x-s3/1446.parquet\", \"s3://tpch10289--apne1-az1--x-s3/1561.parquet\", \"s3://tpch10289--apne1-az1--x-s3/1632.parquet\", \"s3://tpch10289--apne1-az1--x-s3/1703.parquet\", \"s3://tpch10289--apne1-az1--x-s3/1704.parquet\", \"s3://tpch10289--apne1-az1--x-s3/1705.parquet\", \"s3://tpch10289--apne1-az1--x-s3/1706.parquet\", \"s3://tpch10289--apne1-az1--x-s3/1707.parquet\", \"s3://tpch10289--apne1-az1--x-s3/1708.parquet\", \"s3://tpch10289--apne1-az1--x-s3/1709.parquet\", \"s3://tpch10289--apne1-az1--x-s3/1710.parquet\", \"s3://tpch10289--apne1-az1--x-s3/1711.parquet\", \"s3://tpch10289--apne1-az1--x-s3/1712.parquet\", \"s3://tpch10289--apne1-az1--x-s3/1713.parquet\", \"s3://tpch10289--apne1-az1--x-s3/1714.parquet\", \"s3://tpch10289--apne1-az1--x-s3/1715.parquet\", \"s3://tpch10289--apne1-az1--x-s3/1716.parquet\", \"s3://tpch10289--apne1-az1--x-s3/1717.parquet\", \"s3://tpch10289--apne1-az1--x-s3/1718.parquet\", \"s3://tpch10289--apne1-az1--x-s3/1719.parquet\", \"s3://tpch10289--apne1-az1--x-s3/1720.parquet\", \"s3://tpch10289--apne1-az1--x-s3/1721.parquet\", \"s3://tpch10289--apne1-az1--x-s3/1722.parquet\", \"s3://tpch10289--apne1-az1--x-s3/1723.parquet\", \"s3://tpch10289--apne1-az1--x-s3/1724.parquet\", \"s3://tpch10289--apne1-az1--x-s3/1725.parquet\", \"s3://tpch10289--apne1-az1--x-s3/1726.parquet\", \"s3://tpch10289--apne1-az1--x-s3/1727.parquet\", \"s3://tpch10289--apne1-az1--x-s3/1728.parquet\", \"s3://tpch10289--apne1-az1--x-s3/1729.parquet\", \"s3://tpch10289--apne1-az1--x-s3/1774.parquet\", \"s3://tpch10289--apne1-az1--x-s3/1988.parquet\", \"s3://tpch10289--apne1-az1--x-s3/1989.parquet\", \"s3://tpch10289--apne1-az1--x-s3/1990.parquet\", \"s3://tpch10289--apne1-az1--x-s3/1991.parquet\", \"s3://tpch10289--apne1-az1--x-s3/1992.parquet\", \"s3://tpch10289--apne1-az1--x-s3/1993.parquet\", \"s3://tpch10289--apne1-az1--x-s3/1994.parquet\", \"s3://tpch10289--apne1-az1--x-s3/1995.parquet\", \"s3://tpch10289--apne1-az1--x-s3/1996.parquet\"])\n                    WHERE\n                        l_partkey = ps_partkey\n                        AND l_suppkey = ps_suppkey\n                        AND l_shipdate >= DATE '1992-01-01' + INTERVAL 12 MONTH\n                        AND l_shipdate < DATE '1993-01-01' + INTERVAL 12 MONTH\n                )\n            )\n            AND s_nationkey = n_nationkey\n            AND n_name = 'ROMANIA'\n        ORDER BY\n            s_name;",
    "children": [
        {
            "result_set_size": 1441920,
            "operator_timing": 0.003770797,
            "operator_rows_scanned": 0,
            "cumulative_rows_scanned": 13266656025,
            "operator_cardinality": 45060,
            "operator_type": "ORDER_BY",
            "cumulative_cardinality": 733871120,
            "extra_info": {
                "Order By": "\"pool/supplier/*.parquet\".s_name ASC"
            },
            "cpu_time": 188.24102318699997,
            "children": [
                {
                    "result_set_size": 1441920,
                    "operator_timing": 0.000012602,
                    "operator_rows_scanned": 0,
                    "cumulative_rows_scanned": 13266656025,
                    "operator_cardinality": 45060,
                    "operator_type": "PROJECTION",
                    "cumulative_cardinality": 733826060,
                    "extra_info": {
                        "Projections": [
                            "s_name",
                            "s_address"
                        ],
                        "Estimated Cardinality": "156000"
                    },
                    "cpu_time": 188.23725238999998,
                    "children": [
                        {
                            "result_set_size": 1802400,
                            "operator_timing": 0.07549472999999998,
                            "operator_rows_scanned": 0,
                            "cumulative_rows_scanned": 13266656025,
                            "operator_cardinality": 45060,
                            "operator_type": "HASH_JOIN",
                            "cumulative_cardinality": 733781000,
                            "extra_info": {
                                "Join Type": "RIGHT_SEMI",
                                "Conditions": "#0 = s_suppkey",
                                "Estimated Cardinality": "156000"
                            },
                            "cpu_time": 188.23723978799998,
                            "children": [
                                {
                                    "result_set_size": 13551744,
                                    "operator_timing": 0.0002898709999999999,
                                    "operator_rows_scanned": 0,
                                    "cumulative_rows_scanned": 13141856000,
                                    "operator_cardinality": 1693968,
                                    "operator_type": "PROJECTION",
                                    "cumulative_cardinality": 733423653,
                                    "extra_info": {
                                        "Projections": "ps_suppkey",
                                        "Estimated Cardinality": "62400000"
                                    },
                                    "cpu_time": 187.87985731999999,
                                    "children": [
                                        {
                                            "result_set_size": 54206976,
                                            "operator_timing": 0.0006599239999999999,
                                            "operator_rows_scanned": 0,
                                            "cumulative_rows_scanned": 13141856000,
                                            "operator_cardinality": 1693968,
                                            "operator_type": "PROJECTION",
                                            "cumulative_cardinality": 731729685,
                                            "extra_info": {
                                                "Projections": [
                                                    "#0",
                                                    "#4",
                                                    "#5"
                                                ],
                                                "Estimated Cardinality": "62400000"
                                            },
                                            "cpu_time": 187.87956744899998,
                                            "children": [
                                                {
                                                    "result_set_size": 94862208,
                                                    "operator_timing": 0.075860994,
                                                    "operator_rows_scanned": 0,
                                                    "cumulative_rows_scanned": 13141856000,
                                                    "operator_cardinality": 1693968,
                                                    "operator_type": "FILTER",
                                                    "cumulative_cardinality": 730035717,
                                                    "extra_info": {
                                                        "Expression": "(CAST(ps_availqty AS DECIMAL(38,3)) > SUBQUERY)",
                                                        "Estimated Cardinality": "62400000"
                                                    },
                                                    "cpu_time": 187.878907525,
                                                    "children": [
                                                        {
                                                            "result_set_size": 0,
                                                            "operator_timing": 0.32961794799999994,
                                                            "operator_rows_scanned": 0,
                                                            "cumulative_rows_scanned": 13141856000,
                                                            "operator_cardinality": 0,
                                                            "operator_type": "RIGHT_DELIM_JOIN",
                                                            "cumulative_cardinality": 728341749,
                                                            "extra_info": {
                                                                "Join Type": "RIGHT",
                                                                "Conditions": [
                                                                    "ps_partkey IS NOT DISTINCT FROM ps_partkey",
                                                                    "ps_suppkey IS NOT DISTINCT FROM ps_suppkey"
                                                                ],
                                                                "Estimated Cardinality": "62400000",
                                                                "Delim Index": "1"
                                                            },
                                                            "cpu_time": 187.80304653099998,
                                                            "children": [
                                                                {
                                                                    "result_set_size": 81532992,
                                                                    "operator_timing": 3.9807091269999804,
                                                                    "operator_rows_scanned": 0,
                                                                    "cumulative_rows_scanned": 12480000000,
                                                                    "operator_cardinality": 3397208,
                                                                    "operator_type": "HASH_JOIN",
                                                                    "cumulative_cardinality": 317944754,
                                                                    "extra_info": {
                                                                        "Join Type": "SEMI",
                                                                        "Conditions": "ps_partkey = #0",
                                                                        "Estimated Cardinality": "62400000"
                                                                    },
                                                                    "cpu_time": 22.77475865699997,
                                                                    "children": [
                                                                        {
                                                                            "result_set_size": 7487991360,
                                                                            "operator_timing": 10.827109293000001,
                                                                            "operator_rows_scanned": 9984000000,
                                                                            "cumulative_rows_scanned": 9984000000,
                                                                            "operator_cardinality": 311999640,
                                                                            "operator_type": "TABLE_SCAN",
                                                                            "cumulative_cardinality": 311999640,
                                                                            "extra_info": {
                                                                                "Function": "PARQUET_SCAN",
                                                                                "Projections": [
                                                                                    "ps_partkey",
                                                                                    "ps_availqty",
                                                                                    "ps_suppkey"
                                                                                ],
                                                                                "Estimated Cardinality": "312000000"
                                                                            },
                                                                            "cpu_time": 10.827109293000001,
                                                                            "children": []
                                                                        },
                                                                        {
                                                                            "result_set_size": 6794416,
                                                                            "operator_timing": 0.0004610679999999999,
                                                                            "operator_rows_scanned": 0,
                                                                            "cumulative_rows_scanned": 2496000000,
                                                                            "operator_cardinality": 849302,
                                                                            "operator_type": "PROJECTION",
                                                                            "cumulative_cardinality": 2547906,
                                                                            "extra_info": {
                                                                                "Projections": "p_partkey",
                                                                                "Estimated Cardinality": "3120000"
                                                                            },
                                                                            "cpu_time": 7.9669402369999895,
                                                                            "children": [
                                                                                {
                                                                                    "result_set_size": 20383248,
                                                                                    "operator_timing": 0.09830508499999971,
                                                                                    "operator_rows_scanned": 0,
                                                                                    "cumulative_rows_scanned": 2496000000,
                                                                                    "operator_cardinality": 849302,
                                                                                    "operator_type": "FILTER",
                                                                                    "cumulative_cardinality": 1698604,
                                                                                    "extra_info": {
                                                                                        "Expression": "prefix(p_name, 'sky')",
                                                                                        "Estimated Cardinality": "3120000"
                                                                                    },
                                                                                    "cpu_time": 7.96647916899999,
                                                                                    "children": [
                                                                                        {
                                                                                            "result_set_size": 20383248,
                                                                                            "operator_timing": 7.86817408399999,
                                                                                            "operator_rows_scanned": 2496000000,
                                                                                            "cumulative_rows_scanned": 2496000000,
                                                                                            "operator_cardinality": 849302,
                                                                                            "operator_type": "TABLE_SCAN",
                                                                                            "cumulative_cardinality": 849302,
                                                                                            "extra_info": {
                                                                                                "Function": "PARQUET_SCAN",
                                                                                                "Projections": [
                                                                                                    "p_name",
                                                                                                    "p_partkey"
                                                                                                ],
                                                                                                "Filters": "p_name>='sky' AND p_name<'skz' AND p_name IS NOT NULL",
                                                                                                "Estimated Cardinality": "15600000"
                                                                                            },
                                                                                            "cpu_time": 7.86817408399999,
                                                                                            "children": []
                                                                                        }
                                                                                    ]
                                                                                }
                                                                            ]
                                                                        }
                                                                    ]
                                                                },
                                                                {
                                                                    "result_set_size": 190243648,
                                                                    "operator_timing": 0.34715377599999997,
                                                                    "operator_rows_scanned": 0,
                                                                    "cumulative_rows_scanned": 661856000,
                                                                    "operator_cardinality": 3397208,
                                                                    "operator_type": "HASH_JOIN",
                                                                    "cumulative_cardinality": 406999787,
                                                                    "extra_info": {
                                                                        "Join Type": "RIGHT",
                                                                        "Conditions": [
                                                                            "ps_partkey IS NOT DISTINCT FROM ps_partkey",
                                                                            "ps_suppkey IS NOT DISTINCT FROM ps_suppkey"
                                                                        ],
                                                                        "Estimated Cardinality": "62400000"
                                                                    },
                                                                    "cpu_time": 164.52889811,
                                                                    "children": [
                                                                        {
                                                                            "result_set_size": 54340800,
                                                                            "operator_timing": 0.024119545000000006,
                                                                            "operator_rows_scanned": 0,
                                                                            "cumulative_rows_scanned": 661856000,
                                                                            "operator_cardinality": 1698150,
                                                                            "operator_type": "PROJECTION",
                                                                            "cumulative_cardinality": 403602579,
                                                                            "extra_info": {
                                                                                "Projections": [
                                                                                    "(0.5 * sum(l_quantity))",
                                                                                    "ps_partkey",
                                                                                    "ps_suppkey"
                                                                                ],
                                                                                "Estimated Cardinality": "3120000"
                                                                            },
                                                                            "cpu_time": 164.181744334,
                                                                            "children": [
                                                                                {
                                                                                    "result_set_size": 54340800,
                                                                                    "operator_timing": 0.26761771700000014,
                                                                                    "operator_rows_scanned": 0,
                                                                                    "cumulative_rows_scanned": 661856000,
                                                                                    "operator_cardinality": 1698150,
                                                                                    "operator_type": "HASH_GROUP_BY",
                                                                                    "cumulative_cardinality": 401904429,
                                                                                    "extra_info": {
                                                                                        "Groups": [
                                                                                            "#0",
                                                                                            "#1"
                                                                                        ],
                                                                                        "Aggregates": "sum(#2)",
                                                                                        "Estimated Cardinality": "3120000"
                                                                                    },
                                                                                    "cpu_time": 164.157624789,
                                                                                    "children": [
                                                                                        {
                                                                                            "result_set_size": 80095920,
                                                                                            "operator_timing": 0.002717481,
                                                                                            "operator_rows_scanned": 0,
                                                                                            "cumulative_rows_scanned": 661856000,
                                                                                            "operator_cardinality": 3337330,
                                                                                            "operator_type": "PROJECTION",
                                                                                            "cumulative_cardinality": 400206279,
                                                                                            "extra_info": {
                                                                                                "Projections": [
                                                                                                    "ps_partkey",
                                                                                                    "ps_suppkey",
                                                                                                    "l_quantity"
                                                                                                ],
                                                                                                "Estimated Cardinality": "6240000"
                                                                                            },
                                                                                            "cpu_time": 163.890007072,
                                                                                            "children": [
                                                                                                {
                                                                                                    "result_set_size": 133493200,
                                                                                                    "operator_timing": 44.203133136000005,
                                                                                                    "operator_rows_scanned": 0,
                                                                                                    "cumulative_rows_scanned": 661856000,
                                                                                                    "operator_cardinality": 3337330,
                                                                                                    "operator_type": "HASH_JOIN",
                                                                                                    "cumulative_cardinality": 396868949,
                                                                                                    "extra_info": {
                                                                                                        "Join Type": "INNER",
                                                                                                        "Conditions": [
                                                                                                            "ps_partkey = l_partkey",
                                                                                                            "ps_suppkey = l_suppkey"
                                                                                                        ],
                                                                                                        "Estimated Cardinality": "6240000"
                                                                                                    },
                                                                                                    "cpu_time": 163.887289591,
                                                                                                    "children": [
                                                                                                        {
                                                                                                            "result_set_size": 0,
                                                                                                            "operator_timing": 0.0,
                                                                                                            "operator_rows_scanned": 0,
                                                                                                            "cumulative_rows_scanned": 0,
                                                                                                            "operator_cardinality": 0,
                                                                                                            "operator_type": "DELIM_SCAN",
                                                                                                            "cumulative_cardinality": 0,
                                                                                                            "extra_info": {
                                                                                                                "Delim Index": "1",
                                                                                                                "Estimated Cardinality": "31200000"
                                                                                                            },
                                                                                                            "cpu_time": 0.0,
                                                                                                            "children": []
                                                                                                        },
                                                                                                        {
                                                                                                            "result_set_size": 9444758856,
                                                                                                            "operator_timing": 119.68415645500002,
                                                                                                            "operator_rows_scanned": 661856000,
                                                                                                            "cumulative_rows_scanned": 661856000,
                                                                                                            "operator_cardinality": 393531619,
                                                                                                            "operator_type": "TABLE_SCAN",
                                                                                                            "cumulative_cardinality": 393531619,
                                                                                                            "extra_info": {
                                                                                                                "Function": "READ_PARQUET",
                                                                                                                "Projections": [
                                                                                                                    "l_partkey",
                                                                                                                    "l_suppkey",
                                                                                                                    "l_quantity"
                                                                                                                ],
                                                                                                                "Filters": "l_shipdate>='1993-01-01'::DATE AND l_shipdate<'1994-01-01'::DATE AND l_shipdate IS NOT NULL",
                                                                                                                "Estimated Cardinality": "4136600"
                                                                                                            },
                                                                                                            "cpu_time": 119.68415645500002,
                                                                                                            "children": []
                                                                                                        }
                                                                                                    ]
                                                                                                }
                                                                                            ]
                                                                                        }
                                                                                    ]
                                                                                }
                                                                            ]
                                                                        },
                                                                        {
                                                                            "result_set_size": 0,
                                                                            "operator_timing": 0.0,
                                                                            "operator_rows_scanned": 0,
                                                                            "cumulative_rows_scanned": 0,
                                                                            "operator_cardinality": 0,
                                                                            "operator_type": "DUMMY_SCAN",
                                                                            "cumulative_cardinality": 0,
                                                                            "extra_info": {},
                                                                            "cpu_time": 0.0,
                                                                            "children": []
                                                                        }
                                                                    ]
                                                                },
                                                                {
                                                                    "result_set_size": 54355328,
                                                                    "operator_timing": 0.16977181600000002,
                                                                    "operator_rows_scanned": 0,
                                                                    "cumulative_rows_scanned": 0,
                                                                    "operator_cardinality": 3397208,
                                                                    "operator_type": "HASH_GROUP_BY",
                                                                    "cumulative_cardinality": 3397208,
                                                                    "extra_info": {
                                                                        "Groups": [
                                                                            "#0",
                                                                            "#2"
                                                                        ],
                                                                        "Aggregates": "",
                                                                        "Estimated Cardinality": "62400000"
                                                                    },
                                                                    "cpu_time": 0.16977181600000002,
                                                                    "children": []
                                                                }
                                                            ]
                                                        }
                                                    ]
                                                }
                                            ]
                                        }
                                    ]
                                },
                                {
                                    "result_set_size": 7494864,
                                    "operator_timing": 0.009563618000000003,
                                    "operator_rows_scanned": 0,
                                    "cumulative_rows_scanned": 124800025,
                                    "operator_cardinality": 156143,
                                    "operator_type": "HASH_JOIN",
                                    "cumulative_cardinality": 312287,
                                    "extra_info": {
                                        "Join Type": "INNER",
                                        "Conditions": "s_nationkey = n_nationkey",
                                        "Estimated Cardinality": "780000"
                                    },
                                    "cpu_time": 0.28188773800000005,
                                    "children": [
                                        {
                                            "result_set_size": 6870292,
                                            "operator_timing": 0.27200654700000004,
                                            "operator_rows_scanned": 124800000,
                                            "cumulative_rows_scanned": 124800000,
                                            "operator_cardinality": 156143,
                                            "operator_type": "TABLE_SCAN",
                                            "cumulative_cardinality": 156143,
                                            "extra_info": {
                                                "Function": "PARQUET_SCAN",
                                                "Projections": [
                                                    "s_suppkey",
                                                    "s_nationkey",
                                                    "s_name",
                                                    "s_address"
                                                ],
                                                "Estimated Cardinality": "3900000"
                                            },
                                            "cpu_time": 0.27200654700000004,
                                            "children": []
                                        },
                                        {
                                            "result_set_size": 4,
                                            "operator_timing": 0.000317573,
                                            "operator_rows_scanned": 25,
                                            "cumulative_rows_scanned": 25,
                                            "operator_cardinality": 1,
                                            "operator_type": "TABLE_SCAN",
                                            "cumulative_cardinality": 1,
                                            "extra_info": {
                                                "Function": "PARQUET_SCAN",
                                                "Projections": "n_nationkey",
                                                "Filters": "n_name='ROMANIA' AND n_name IS NOT NULL",
                                                "Estimated Cardinality": "5"
                                            },
                                            "cpu_time": 0.000317573,
                                            "children": []
                                        }
                                    ]
                                }
                            ]
                        }
                    ]
                }
            ]
        }
    ]
}