{
    "rows_returned": 1,
    "latency": 6.139039147,
    "result_set_size": 8,
    "cumulative_rows_scanned": 711936000,
    "cumulative_cardinality": 44256001,
    "extra_info": {},
    "cpu_time": 42.691504267999996,
    "blocked_thread_time": 0.0,
    "query_name": "COPY (FROM read_parquet(['s3://tpch10289--apne1-az1--x-s3/1023.parquet','s3://tpch10289--apne1-az1--x-s3/1026.parquet','s3://tpch10289--apne1-az1--x-s3/1121.parquet','s3://tpch10289--apne1-az1--x-s3/1265.parquet','s3://tpch10289--apne1-az1--x-s3/1421.parquet','s3://tpch10289--apne1-az1--x-s3/16.parquet','s3://tpch10289--apne1-az1--x-s3/1725.parquet','s3://tpch10289--apne1-az1--x-s3/1726.parquet','s3://tpch10289--apne1-az1--x-s3/1727.parquet','s3://tpch10289--apne1-az1--x-s3/1728.parquet','s3://tpch10289--apne1-az1--x-s3/1729.parquet','s3://tpch10289--apne1-az1--x-s3/1774.parquet','s3://tpch10289--apne1-az1--x-s3/1988.parquet','s3://tpch10289--apne1-az1--x-s3/1989.parquet','s3://tpch10289--apne1-az1--x-s3/1990.parquet','s3://tpch10289--apne1-az1--x-s3/1991.parquet','s3://tpch10289--apne1-az1--x-s3/1992.parquet','s3://tpch10289--apne1-az1--x-s3/1993.parquet','s3://tpch10289--apne1-az1--x-s3/1994.parquet','s3://tpch10289--apne1-az1--x-s3/1995.parquet','s3://tpch10289--apne1-az1--x-s3/1996.parquet','s3://tpch10289--apne1-az1--x-s3/233.parquet','s3://tpch10289--apne1-az1--x-s3/378.parquet','s3://tpch10289--apne1-az1--x-s3/402.parquet','s3://tpch10289--apne1-az1--x-s3/421.parquet','s3://tpch10289--apne1-az1--x-s3/523.parquet','s3://tpch10289--apne1-az1--x-s3/650.parquet']) ORDER BY l_shipdate) TO 's3://tpch10289--apne1-az1--x-s3/tmp' (FORMAT 'parquet');",
    "children": [
        {
            "result_set_size": 8,
            "operator_timing": 5.695447565,
            "operator_rows_scanned": 0,
            "cumulative_rows_scanned": 711936000,
            "operator_cardinality": 1,
            "operator_type": "BATCH_COPY_TO_FILE",
            "cumulative_cardinality": 44256001,
            "extra_info": {},
            "cpu_time": 42.691504267999996,
            "children": [
                {
                    "result_set_size": 3451968000,
                    "operator_timing": 19.866043152999993,
                    "operator_rows_scanned": 0,
                    "cumulative_rows_scanned": 711936000,
                    "operator_cardinality": 22128000,
                    "operator_type": "ORDER_BY",
                    "cumulative_cardinality": 44256000,
                    "extra_info": {
                        "Order By": "read_parquet.l_shipdate ASC"
                    },
                    "cpu_time": 36.996056702999994,
                    "children": [
                        {
                            "result_set_size": 3451968000,
                            "operator_timing": 17.13001355,
                            "operator_rows_scanned": 711936000,
                            "cumulative_rows_scanned": 711936000,
                            "operator_cardinality": 22128000,
                            "operator_type": "TABLE_SCAN",
                            "cumulative_cardinality": 22128000,
                            "extra_info": {
                                "Function": "READ_PARQUET",
                                "Projections": [
                                    "l_orderkey",
                                    "l_partkey",
                                    "l_suppkey",
                                    "l_linenumber",
                                    "l_quantity",
                                    "l_extendedprice",
                                    "l_discount",
                                    "l_tax",
                                    "l_returnflag",
                                    "l_linestatus",
                                    "l_shipdate",
                                    "l_commitdate",
                                    "l_receiptdate",
                                    "l_shipinstruct",
                                    "l_shipmode",
                                    "l_comment"
                                ],
                                "Estimated Cardinality": "22248000"
                            },
                            "cpu_time": 17.13001355,
                            "children": []
                        }
                    ]
                }
            ]
        }
    ]
}